# JRE version: OpenJDK Runtime Environment Temurin-17.0.4.1+1 (17.0.4.1+1) (build 17.0.4.1+1)
# Java VM: OpenJDK 64-Bit Server VM Temurin-17.0.4.1+1 (17.0.4.1+1, mixed mode, tiered, compressed oops, compressed class ptrs, g1 gc, windows-amd64)
GC Precious Log:
 CPUs: 4 total, 4 available
 Memory: 16383M
 Large Page Support: Disabled
 NUMA Support: Disabled
 Compressed Oops: Enabled (Zero based)
 Heap Region Size: 2M
 Heap Min Capacity: 8M
 Heap Initial Capacity: 256M
 Heap Max Capacity: 4G
 Pre-touch: Disabled
 Parallel Workers: 4
 Concurrent Workers: 1
 Concurrent Refinement Workers: 4
 Periodic GC: Disabled
Heap:
 garbage-first heap   total 34816K, used 11782K [0x0000000700000000, 0x0000000800000000)
  region size 2048K, 4 young (8192K), 1 survivors (2048K)
 Metaspace       used 24512K, committed 24768K, reserved 1073152K
  class space    used 2638K, committed 2752K, reserved 1048576K
GC Heap History (20 events):
Event: 1.613 GC heap before
{Heap before GC invocations=2 (full 0):
 garbage-first heap   total 262144K, used 20056K [0x0000000700000000, 0x0000000800000000)
  region size 2048K, 11 young (22528K), 1 survivors (2048K)
 Metaspace       used 21314K, committed 21504K, reserved 1073152K
  class space    used 2299K, committed 2368K, reserved 1048576K
}
Event: 1.617 GC heap after
{Heap after GC invocations=3 (full 0):
 garbage-first heap   total 262144K, used 6379K [0x0000000700000000, 0x0000000800000000)
  region size 2048K, 2 young (4096K), 2 survivors (4096K)
 Metaspace       used 21314K, committed 21504K, reserved 1073152K
  class space    used 2299K, committed 2368K, reserved 1048576K
}
Event: 10.028 GC heap before
{Heap before GC invocations=4 (full 0):
 garbage-first heap   total 34816K, used 22763K [0x0000000700000000, 0x0000000800000000)
  region size 2048K, 10 young (20480K), 2 survivors (4096K)
 Metaspace       used 23867K, committed 24064K, reserved 1073152K
  class space    used 2606K, committed 2688K, reserved 1048576K
}
Event: 10.032 GC heap after
{Heap after GC invocations=5 (full 0):
 garbage-first heap   total 34816K, used 7500K [0x0000000700000000, 0x0000000800000000)
  region size 2048K, 1 young (2048K), 1 survivors (2048K)
 Metaspace       used 23867K, committed 24064K, reserved 1073152K
  class space    used 2606K, committed 2688K, reserved 1048576K
}
Event: 11.576 GC heap before
{Heap before GC invocations=5 (full 0):
 garbage-first heap   total 34816K, used 9548K [0x0000000700000000, 0x0000000800000000)
  region size 2048K, 2 young (4096K), 1 survivors (2048K)
 Metaspace       used 23880K, committed 24064K, reserved 1073152K
  class space    used 2606K, committed 2688K, reserved 1048576K
}
Event: 11.582 GC heap after
{Heap after GC invocations=6 (full 0):
 garbage-first heap   total 34816K, used 7673K [0x0000000700000000, 0x0000000800000000)
  region size 2048K, 1 young (2048K), 1 survivors (2048K)
 Metaspace       used 23880K, committed 24064K, reserved 1073152K
  class space    used 2606K, committed 2688K, reserved 1048576K
}
Event: 19.755 GC heap before
{Heap before GC invocations=6 (full 0):
 garbage-first heap   total 34816K, used 19961K [0x0000000700000000, 0x0000000800000000)
  region size 2048K, 7 young (14336K), 1 survivors (2048K)
 Metaspace       used 23932K, committed 24128K, reserved 1073152K
  class space    used 2607K, committed 2688K, reserved 1048576K
}
Event: 19.755 GC heap after
{Heap after GC invocations=7 (full 0):
 garbage-first heap   total 34816K, used 7652K [0x0000000700000000, 0x0000000800000000)
  region size 2048K, 1 young (2048K), 1 survivors (2048K)
 Metaspace       used 23932K, committed 24128K, reserved 1073152K
  class space    used 2607K, committed 2688K, reserved 1048576K
}
Event: 43.029 GC heap before
{Heap before GC invocations=7 (full 0):
 garbage-first heap   total 34816K, used 19940K [0x0000000700000000, 0x0000000800000000)
  region size 2048K, 8 young (16384K), 1 survivors (2048K)
 Metaspace       used 24055K, committed 24256K, reserved 1073152K
  class space    used 2612K, committed 2688K, reserved 1048576K
}
Event: 43.030 GC heap after
{Heap after GC invocations=8 (full 0):
 garbage-first heap   total 34816K, used 7519K [0x0000000700000000, 0x0000000800000000)
  region size 2048K, 1 young (2048K), 1 survivors (2048K)
 Metaspace       used 24055K, committed 24256K, reserved 1073152K
  class space    used 2612K, committed 2688K, reserved 1048576K
}
Event: 61.926 GC heap before
{Heap before GC invocations=8 (full 0):
 garbage-first heap   total 34816K, used 21855K [0x0000000700000000, 0x0000000800000000)
  region size 2048K, 8 young (16384K), 1 survivors (2048K)
 Metaspace       used 24201K, committed 24384K, reserved 1073152K
  class space    used 2624K, committed 2688K, reserved 1048576K
}
Event: 61.927 GC heap after
{Heap after GC invocations=9 (full 0):
 garbage-first heap   total 34816K, used 7629K [0x0000000700000000, 0x0000000800000000)
  region size 2048K, 1 young (2048K), 1 survivors (2048K)
 Metaspace       used 24201K, committed 24384K, reserved 1073152K
  class space    used 2624K, committed 2688K, reserved 1048576K
}
Event: 64.560 GC heap before
{Heap before GC invocations=9 (full 0):
 garbage-first heap   total 34816K, used 21965K [0x0000000700000000, 0x0000000800000000)
  region size 2048K, 9 young (18432K), 1 survivors (2048K)
 Metaspace       used 24212K, committed 24384K, reserved 1073152K
  class space    used 2624K, committed 2688K, reserved 1048576K
}
Event: 64.560 GC heap after
{Heap after GC invocations=10 (full 0):
 garbage-first heap   total 34816K, used 7600K [0x0000000700000000, 0x0000000800000000)
  region size 2048K, 1 young (2048K), 1 survivors (2048K)
 Metaspace       used 24212K, committed 24384K, reserved 1073152K
  class space    used 2624K, committed 2688K, reserved 1048576K
}
Event: 129.549 GC heap before
{Heap before GC invocations=10 (full 0):
 garbage-first heap   total 34816K, used 21936K [0x0000000700000000, 0x0000000800000000)
  region size 2048K, 9 young (18432K), 1 survivors (2048K)
 Metaspace       used 24467K, committed 24704K, reserved 1073152K
  class space    used 2638K, committed 2752K, reserved 1048576K
}
Event: 129.550 GC heap after
{Heap after GC invocations=11 (full 0):
 garbage-first heap   total 34816K, used 7630K [0x0000000700000000, 0x0000000800000000)
  region size 2048K, 1 young (2048K), 1 survivors (2048K)
 Metaspace       used 24467K, committed 24704K, reserved 1073152K
  class space    used 2638K, committed 2752K, reserved 1048576K
}
Event: 132.311 GC heap before
{Heap before GC invocations=11 (full 0):
 garbage-first heap   total 34816K, used 24014K [0x0000000700000000, 0x0000000800000000)
  region size 2048K, 9 young (18432K), 1 survivors (2048K)
 Metaspace       used 24479K, committed 24768K, reserved 1073152K
  class space    used 2638K, committed 2752K, reserved 1048576K
}
Event: 132.312 GC heap after
{Heap after GC invocations=12 (full 0):
 garbage-first heap   total 34816K, used 7702K [0x0000000700000000, 0x0000000800000000)
  region size 2048K, 1 young (2048K), 1 survivors (2048K)
 Metaspace       used 24479K, committed 24768K, reserved 1073152K
  class space    used 2638K, committed 2752K, reserved 1048576K
}
Event: 138.528 GC heap before
{Heap before GC invocations=12 (full 0):
 garbage-first heap   total 34816K, used 24086K [0x0000000700000000, 0x0000000800000000)
  region size 2048K, 9 young (18432K), 1 survivors (2048K)
 Metaspace       used 24481K, committed 24768K, reserved 1073152K
  class space    used 2638K, committed 2752K, reserved 1048576K
}
Event: 138.529 GC heap after
{Heap after GC invocations=13 (full 0):
 garbage-first heap   total 34816K, used 7686K [0x0000000700000000, 0x0000000800000000)
  region size 2048K, 1 young (2048K), 1 survivors (2048K)
 Metaspace       used 24481K, committed 24768K, reserved 1073152K
  class space    used 2638K, committed 2752K, reserved 1048576K
}

