# JRE version: OpenJDK Runtime Environment Temurin-17.0.4.1+1 (17.0.4.1+1) (build 17.0.4.1+1)
# Java VM: OpenJDK 64-Bit Server VM Temurin-17.0.4.1+1 (17.0.4.1+1, mixed mode, tiered, compressed oops, compressed class ptrs, g1 gc, windows-amd64)
GC Precious Log:
 CPUs: 4 total, 4 available
 Memory: 16383M
 Large Page Support: Disabled
 NUMA Support: Disabled
 Compressed Oops: Enabled (Zero based)
 Heap Region Size: 2M
 Heap Min Capacity: 8M
 Heap Initial Capacity: 256M
 Heap Max Capacity: 4G
 Pre-touch: Disabled
 Parallel Workers: 4
 Concurrent Workers: 1
 Concurrent Refinement Workers: 4
 Periodic GC: Disabled
Heap:
 garbage-first heap   total 34816K, used 11970K [0x0000000700000000, 0x0000000800000000)
  region size 2048K, 3 young (6144K), 1 survivors (2048K)
 Metaspace       used 25831K, committed 26048K, reserved 1073152K
  class space    used 2692K, committed 2816K, reserved 1048576K
GC Heap History (20 events):
Event: 1839.311 GC heap before
{Heap before GC invocations=229 (full 0):
 garbage-first heap   total 34816K, used 24163K [0x0000000700000000, 0x0000000800000000)
  region size 2048K, 9 young (18432K), 1 survivors (2048K)
 Metaspace       used 25793K, committed 26048K, reserved 1073152K
  class space    used 2688K, committed 2816K, reserved 1048576K
}
Event: 1839.312 GC heap after
{Heap after GC invocations=230 (full 0):
 garbage-first heap   total 34816K, used 9849K [0x0000000700000000, 0x0000000800000000)
  region size 2048K, 1 young (2048K), 1 survivors (2048K)
 Metaspace       used 25793K, committed 26048K, reserved 1073152K
  class space    used 2688K, committed 2816K, reserved 1048576K
}
Event: 1841.934 GC heap before
{Heap before GC invocations=230 (full 0):
 garbage-first heap   total 34816K, used 24185K [0x0000000700000000, 0x0000000800000000)
  region size 2048K, 9 young (18432K), 1 survivors (2048K)
 Metaspace       used 25793K, committed 26048K, reserved 1073152K
  class space    used 2688K, committed 2816K, reserved 1048576K
}
Event: 1841.935 GC heap after
{Heap after GC invocations=231 (full 0):
 garbage-first heap   total 34816K, used 9857K [0x0000000700000000, 0x0000000800000000)
  region size 2048K, 1 young (2048K), 1 survivors (2048K)
 Metaspace       used 25793K, committed 26048K, reserved 1073152K
  class space    used 2688K, committed 2816K, reserved 1048576K
}
Event: 1844.689 GC heap before
{Heap before GC invocations=231 (full 0):
 garbage-first heap   total 34816K, used 24193K [0x0000000700000000, 0x0000000800000000)
  region size 2048K, 9 young (18432K), 1 survivors (2048K)
 Metaspace       used 25793K, committed 26048K, reserved 1073152K
  class space    used 2688K, committed 2816K, reserved 1048576K
}
Event: 1844.690 GC heap after
{Heap after GC invocations=232 (full 0):
 garbage-first heap   total 34816K, used 9859K [0x0000000700000000, 0x0000000800000000)
  region size 2048K, 1 young (2048K), 1 survivors (2048K)
 Metaspace       used 25793K, committed 26048K, reserved 1073152K
  class space    used 2688K, committed 2816K, reserved 1048576K
}
Event: 1847.350 GC heap before
{Heap before GC invocations=232 (full 0):
 garbage-first heap   total 34816K, used 26243K [0x0000000700000000, 0x0000000800000000)
  region size 2048K, 9 young (18432K), 1 survivors (2048K)
 Metaspace       used 25793K, committed 26048K, reserved 1073152K
  class space    used 2688K, committed 2816K, reserved 1048576K
}
Event: 1847.350 GC heap after
{Heap after GC invocations=233 (full 0):
 garbage-first heap   total 34816K, used 9825K [0x0000000700000000, 0x0000000800000000)
  region size 2048K, 1 young (2048K), 1 survivors (2048K)
 Metaspace       used 25793K, committed 26048K, reserved 1073152K
  class space    used 2688K, committed 2816K, reserved 1048576K
}
Event: 1849.979 GC heap before
{Heap before GC invocations=233 (full 0):
 garbage-first heap   total 34816K, used 26209K [0x0000000700000000, 0x0000000800000000)
  region size 2048K, 9 young (18432K), 1 survivors (2048K)
 Metaspace       used 25793K, committed 26048K, reserved 1073152K
  class space    used 2688K, committed 2816K, reserved 1048576K
}
Event: 1849.980 GC heap after
{Heap after GC invocations=234 (full 0):
 garbage-first heap   total 34816K, used 9776K [0x0000000700000000, 0x0000000800000000)
  region size 2048K, 1 young (2048K), 1 survivors (2048K)
 Metaspace       used 25793K, committed 26048K, reserved 1073152K
  class space    used 2688K, committed 2816K, reserved 1048576K
}
Event: 1852.081 GC heap before
{Heap before GC invocations=234 (full 0):
 garbage-first heap   total 34816K, used 26160K [0x0000000700000000, 0x0000000800000000)
  region size 2048K, 9 young (18432K), 1 survivors (2048K)
 Metaspace       used 25793K, committed 26048K, reserved 1073152K
  class space    used 2688K, committed 2816K, reserved 1048576K
}
Event: 1852.082 GC heap after
{Heap after GC invocations=235 (full 0):
 garbage-first heap   total 34816K, used 9899K [0x0000000700000000, 0x0000000800000000)
  region size 2048K, 1 young (2048K), 1 survivors (2048K)
 Metaspace       used 25793K, committed 26048K, reserved 1073152K
  class space    used 2688K, committed 2816K, reserved 1048576K
}
Event: 1862.986 GC heap before
{Heap before GC invocations=235 (full 0):
 garbage-first heap   total 34816K, used 24235K [0x0000000700000000, 0x0000000800000000)
  region size 2048K, 9 young (18432K), 1 survivors (2048K)
 Metaspace       used 25793K, committed 26048K, reserved 1073152K
  class space    used 2688K, committed 2816K, reserved 1048576K
}
Event: 1862.986 GC heap after
{Heap after GC invocations=236 (full 0):
 garbage-first heap   total 34816K, used 9863K [0x0000000700000000, 0x0000000800000000)
  region size 2048K, 1 young (2048K), 1 survivors (2048K)
 Metaspace       used 25793K, committed 26048K, reserved 1073152K
  class space    used 2688K, committed 2816K, reserved 1048576K
}
Event: 1865.610 GC heap before
{Heap before GC invocations=236 (full 0):
 garbage-first heap   total 34816K, used 24199K [0x0000000700000000, 0x0000000800000000)
  region size 2048K, 9 young (18432K), 1 survivors (2048K)
 Metaspace       used 25793K, committed 26048K, reserved 1073152K
  class space    used 2688K, committed 2816K, reserved 1048576K
}
Event: 1865.611 GC heap after
{Heap after GC invocations=237 (full 0):
 garbage-first heap   total 34816K, used 9832K [0x0000000700000000, 0x0000000800000000)
  region size 2048K, 1 young (2048K), 1 survivors (2048K)
 Metaspace       used 25793K, committed 26048K, reserved 1073152K
  class space    used 2688K, committed 2816K, reserved 1048576K
}
Event: 1868.225 GC heap before
{Heap before GC invocations=237 (full 0):
 garbage-first heap   total 34816K, used 26216K [0x0000000700000000, 0x0000000800000000)
  region size 2048K, 9 young (18432K), 1 survivors (2048K)
 Metaspace       used 25793K, committed 26048K, reserved 1073152K
  class space    used 2688K, committed 2816K, reserved 1048576K
}
Event: 1868.225 GC heap after
{Heap after GC invocations=238 (full 0):
 garbage-first heap   total 34816K, used 9785K [0x0000000700000000, 0x0000000800000000)
  region size 2048K, 1 young (2048K), 1 survivors (2048K)
 Metaspace       used 25793K, committed 26048K, reserved 1073152K
  class space    used 2688K, committed 2816K, reserved 1048576K
}
Event: 2198.421 GC heap before
{Heap before GC invocations=238 (full 0):
 garbage-first heap   total 34816K, used 26169K [0x0000000700000000, 0x0000000800000000)
  region size 2048K, 9 young (18432K), 1 survivors (2048K)
 Metaspace       used 25800K, committed 26048K, reserved 1073152K
  class space    used 2689K, committed 2816K, reserved 1048576K
}
Event: 2198.421 GC heap after
{Heap after GC invocations=239 (full 0):
 garbage-first heap   total 34816K, used 9922K [0x0000000700000000, 0x0000000800000000)
  region size 2048K, 1 young (2048K), 1 survivors (2048K)
 Metaspace       used 25800K, committed 26048K, reserved 1073152K
  class space    used 2689K, committed 2816K, reserved 1048576K
}

