# JRE version: OpenJDK Runtime Environment Temurin-17.0.4.1+1 (17.0.4.1+1) (build 17.0.4.1+1)
# Java VM: OpenJDK 64-Bit Server VM Temurin-17.0.4.1+1 (17.0.4.1+1, mixed mode, tiered, compressed oops, compressed class ptrs, g1 gc, windows-amd64)
GC Precious Log:
 CPUs: 4 total, 4 available
 Memory: 16383M
 Large Page Support: Disabled
 NUMA Support: Disabled
 Compressed Oops: Enabled (Zero based)
 Heap Region Size: 2M
 Heap Min Capacity: 8M
 Heap Initial Capacity: 256M
 Heap Max Capacity: 4G
 Pre-touch: Disabled
 Parallel Workers: 4
 Concurrent Workers: 1
 Concurrent Refinement Workers: 4
 Periodic GC: Disabled
Heap:
 garbage-first heap   total 149504K, used 63548K [0x0000000700000000, 0x0000000800000000)
  region size 2048K, 26 young (53248K), 1 survivors (2048K)
 Metaspace       used 26691K, committed 26944K, reserved 1073152K
  class space    used 2767K, committed 2880K, reserved 1048576K
GC Heap History (20 events):
Event: 2239.721 GC heap before
{Heap before GC invocations=43 (full 0):
 garbage-first heap   total 149504K, used 99325K [0x0000000700000000, 0x0000000800000000)
  region size 2048K, 43 young (88064K), 1 survivors (2048K)
 Metaspace       used 26582K, committed 26816K, reserved 1073152K
  class space    used 2760K, committed 2880K, reserved 1048576K
}
Event: 2239.723 GC heap after
{Heap after GC invocations=44 (full 0):
 garbage-first heap   total 149504K, used 13244K [0x0000000700000000, 0x0000000800000000)
  region size 2048K, 1 young (2048K), 1 survivors (2048K)
 Metaspace       used 26582K, committed 26816K, reserved 1073152K
  class space    used 2760K, committed 2880K, reserved 1048576K
}
Event: 2287.053 GC heap before
{Heap before GC invocations=44 (full 0):
 garbage-first heap   total 149504K, used 99260K [0x0000000700000000, 0x0000000800000000)
  region size 2048K, 43 young (88064K), 1 survivors (2048K)
 Metaspace       used 26607K, committed 26816K, reserved 1073152K
  class space    used 2760K, committed 2880K, reserved 1048576K
}
Event: 2287.056 GC heap after
{Heap after GC invocations=45 (full 0):
 garbage-first heap   total 149504K, used 13394K [0x0000000700000000, 0x0000000800000000)
  region size 2048K, 1 young (2048K), 1 survivors (2048K)
 Metaspace       used 26607K, committed 26816K, reserved 1073152K
  class space    used 2760K, committed 2880K, reserved 1048576K
}
Event: 2401.191 GC heap before
{Heap before GC invocations=45 (full 0):
 garbage-first heap   total 149504K, used 99410K [0x0000000700000000, 0x0000000800000000)
  region size 2048K, 43 young (88064K), 1 survivors (2048K)
 Metaspace       used 26615K, committed 26880K, reserved 1073152K
  class space    used 2762K, committed 2880K, reserved 1048576K
}
Event: 2401.193 GC heap after
{Heap after GC invocations=46 (full 0):
 garbage-first heap   total 149504K, used 13619K [0x0000000700000000, 0x0000000800000000)
  region size 2048K, 1 young (2048K), 1 survivors (2048K)
 Metaspace       used 26615K, committed 26880K, reserved 1073152K
  class space    used 2762K, committed 2880K, reserved 1048576K
}
Event: 2465.492 GC heap before
{Heap before GC invocations=46 (full 0):
 garbage-first heap   total 149504K, used 99635K [0x0000000700000000, 0x0000000800000000)
  region size 2048K, 43 young (88064K), 1 survivors (2048K)
 Metaspace       used 26630K, committed 26880K, reserved 1073152K
  class space    used 2763K, committed 2880K, reserved 1048576K
}
Event: 2465.494 GC heap after
{Heap after GC invocations=47 (full 0):
 garbage-first heap   total 149504K, used 13650K [0x0000000700000000, 0x0000000800000000)
  region size 2048K, 1 young (2048K), 1 survivors (2048K)
 Metaspace       used 26630K, committed 26880K, reserved 1073152K
  class space    used 2763K, committed 2880K, reserved 1048576K
}
Event: 2501.865 GC heap before
{Heap before GC invocations=47 (full 0):
 garbage-first heap   total 149504K, used 99666K [0x0000000700000000, 0x0000000800000000)
  region size 2048K, 43 young (88064K), 1 survivors (2048K)
 Metaspace       used 26644K, committed 26880K, reserved 1073152K
  class space    used 2764K, committed 2880K, reserved 1048576K
}
Event: 2501.867 GC heap after
{Heap after GC invocations=48 (full 0):
 garbage-first heap   total 149504K, used 13807K [0x0000000700000000, 0x0000000800000000)
  region size 2048K, 1 young (2048K), 1 survivors (2048K)
 Metaspace       used 26644K, committed 26880K, reserved 1073152K
  class space    used 2764K, committed 2880K, reserved 1048576K
}
Event: 2535.745 GC heap before
{Heap before GC invocations=48 (full 0):
 garbage-first heap   total 149504K, used 99823K [0x0000000700000000, 0x0000000800000000)
  region size 2048K, 43 young (88064K), 1 survivors (2048K)
 Metaspace       used 26644K, committed 26880K, reserved 1073152K
  class space    used 2764K, committed 2880K, reserved 1048576K
}
Event: 2535.747 GC heap after
{Heap after GC invocations=49 (full 0):
 garbage-first heap   total 149504K, used 13925K [0x0000000700000000, 0x0000000800000000)
  region size 2048K, 1 young (2048K), 1 survivors (2048K)
 Metaspace       used 26644K, committed 26880K, reserved 1073152K
  class space    used 2764K, committed 2880K, reserved 1048576K
}
Event: 2574.285 GC heap before
{Heap before GC invocations=49 (full 0):
 garbage-first heap   total 149504K, used 99941K [0x0000000700000000, 0x0000000800000000)
  region size 2048K, 43 young (88064K), 1 survivors (2048K)
 Metaspace       used 26657K, committed 26880K, reserved 1073152K
  class space    used 2765K, committed 2880K, reserved 1048576K
}
Event: 2574.287 GC heap after
{Heap after GC invocations=50 (full 0):
 garbage-first heap   total 149504K, used 14009K [0x0000000700000000, 0x0000000800000000)
  region size 2048K, 1 young (2048K), 1 survivors (2048K)
 Metaspace       used 26657K, committed 26880K, reserved 1073152K
  class space    used 2765K, committed 2880K, reserved 1048576K
}
Event: 2622.914 GC heap before
{Heap before GC invocations=50 (full 0):
 garbage-first heap   total 149504K, used 100025K [0x0000000700000000, 0x0000000800000000)
  region size 2048K, 43 young (88064K), 1 survivors (2048K)
 Metaspace       used 26668K, committed 26880K, reserved 1073152K
  class space    used 2766K, committed 2880K, reserved 1048576K
}
Event: 2622.915 GC heap after
{Heap after GC invocations=51 (full 0):
 garbage-first heap   total 149504K, used 14251K [0x0000000700000000, 0x0000000800000000)
  region size 2048K, 1 young (2048K), 1 survivors (2048K)
 Metaspace       used 26668K, committed 26880K, reserved 1073152K
  class space    used 2766K, committed 2880K, reserved 1048576K
}
Event: 2647.852 GC heap before
{Heap before GC invocations=51 (full 0):
 garbage-first heap   total 149504K, used 100267K [0x0000000700000000, 0x0000000800000000)
  region size 2048K, 43 young (88064K), 1 survivors (2048K)
 Metaspace       used 26668K, committed 26880K, reserved 1073152K
  class space    used 2766K, committed 2880K, reserved 1048576K
}
Event: 2647.854 GC heap after
{Heap after GC invocations=52 (full 0):
 garbage-first heap   total 149504K, used 14233K [0x0000000700000000, 0x0000000800000000)
  region size 2048K, 1 young (2048K), 1 survivors (2048K)
 Metaspace       used 26668K, committed 26880K, reserved 1073152K
  class space    used 2766K, committed 2880K, reserved 1048576K
}
Event: 2698.065 GC heap before
{Heap before GC invocations=52 (full 0):
 garbage-first heap   total 149504K, used 100249K [0x0000000700000000, 0x0000000800000000)
  region size 2048K, 43 young (88064K), 1 survivors (2048K)
 Metaspace       used 26691K, committed 26944K, reserved 1073152K
  class space    used 2767K, committed 2880K, reserved 1048576K
}
Event: 2698.067 GC heap after
{Heap after GC invocations=53 (full 0):
 garbage-first heap   total 149504K, used 14396K [0x0000000700000000, 0x0000000800000000)
  region size 2048K, 1 young (2048K), 1 survivors (2048K)
 Metaspace       used 26691K, committed 26944K, reserved 1073152K
  class space    used 2767K, committed 2880K, reserved 1048576K
}

