<?xml version="1.0" encoding="UTF-8"?>
<!-- Generated by org.testng.reporters.JUnitXMLReporter -->
<testsuite hostname="LitoSoler" name="Default test" tests="4" failures="0" timestamp="22 Jan 2021 23:42:06 GMT" time="129.138" errors="0">
  <testcase name="login" time="6.685" classname="com.timp.test.MDR.TabelasApoioESocial.Tabela23.FactoresDeRiscoExcluirMassa"/>
  <testcase name="acessarMDR" time="15.084" classname="com.timp.test.MDR.TabelasApoioESocial.Tabela23.FactoresDeRiscoExcluirMassa"/>
  <testcase name="criar" time="69.082" classname="com.timp.test.MDR.TabelasApoioESocial.Tabela23.FactoresDeRiscoExcluirMassa"/>
  <testcase name="excluirMassa" time="27.07" classname="com.timp.test.MDR.TabelasApoioESocial.Tabela23.FactoresDeRiscoExcluirMassa"/>
</testsuite> <!-- Default test -->
