<?xml version="1.0" encoding="UTF-8"?>
<!-- Generated by org.testng.reporters.JUnitXMLReporter -->
<testsuite hostname="DESKTOP-BNBDMGT" failures="0" tests="3" name="Default test" time="239.349" errors="0" timestamp="11 Feb 2021 18:08:26 GMT">
  <testcase classname="com.timp.test.TDK.Kpis.KpisCriarCopia" name="login" time="7.877"/>
  <testcase classname="com.timp.test.TDK.Kpis.KpisCriarCopia" name="acessarTDK" time="23.831"/>
  <testcase classname="com.timp.test.TDK.Kpis.KpisCriarCopia" name="criarCopia" time="186.088"/>
</testsuite> <!-- Default test -->
