<?xml version="1.0" encoding="UTF-8"?>
<!-- Generated by org.testng.reporters.JUnitXMLReporter -->
<testsuite hostname="DESKTOP-BNBDMGT" failures="0" tests="3" name="Default test" time="373.123" errors="0" timestamp="30 Nov 2020 09:58:23 GMT">
  <testcase classname="com.timp.test.BSC.CorreçãodeNF.CorreçãodeNFEditar" name="login" time="6.962"/>
  <testcase classname="com.timp.test.BSC.CorreçãodeNF.CorreçãodeNFEditar" name="brbEntrar" time="21.436"/>
  <testcase classname="com.timp.test.BSC.CorreçãodeNF.CorreçãodeNFEditar" name="executar" time="329.332"/>
</testsuite> <!-- Default test -->
