<?xml version="1.0" encoding="UTF-8"?>
<!-- Generated by org.testng.reporters.JUnitXMLReporter -->
<testsuite ignored="0" hostname="MIGUEL" failures="0" tests="3" name="Default test" time="79.77" errors="0" timestamp="22 mar. 2021 01:36:27 GMT">
  <testcase classname="com.timp.test.TDK.Kpis.Lixeira.LixeiraFiltroPorID" name="login" time="8.918"/>
  <testcase classname="com.timp.test.TDK.Kpis.Lixeira.LixeiraFiltroPorID" name="acessarTDK" time="30.393"/>
  <testcase classname="com.timp.test.TDK.Kpis.Lixeira.LixeiraFiltroPorID" name="filtro" time="24.852"/>
</testsuite> <!-- Default test -->
