<?xml version="1.0" encoding="UTF-8"?>
<!-- Generated by org.testng.reporters.JUnitXMLReporter -->
<testsuite ignored="0" hostname="DESKTOP-BNBDMGT" failures="0" tests="9" name="Default test" time="638.26" errors="0" timestamp="12 abr. 2021 14:48:20 GMT">
  <testcase classname="com.timp.test.DFG.Leiautes.LeiautesExecucaoCamposEspeciais1y2" name="ingresar" time="15.268"/>
  <testcase classname="com.timp.test.DFG.Leiautes.LeiautesExecucaoCamposEspeciais1y2" name="mdrEntrar" time="59.559"/>
  <testcase classname="com.timp.test.DFG.Leiautes.LeiautesExecucaoCamposEspeciais1y2" name="criar" time="41.423"/>
  <testcase classname="com.timp.test.DFG.Leiautes.LeiautesExecucaoCamposEspeciais1y2" name="separadores" time="166.166"/>
  <testcase classname="com.timp.test.DFG.Leiautes.LeiautesExecucaoCamposEspeciais1y2" name="comparar" time="14.617"/>
  <testcase classname="com.timp.test.DFG.Leiautes.LeiautesExecucaoCamposEspeciais1y2" name="criarConfiguracao" time="57.137"/>
  <testcase classname="com.timp.test.DFG.Leiautes.LeiautesExecucaoCamposEspeciais1y2" name="executar" time="82.972"/>
  <testcase classname="com.timp.test.DFG.Leiautes.LeiautesExecucaoCamposEspeciais1y2" name="excluirConfiguracao" time="30.101"/>
  <testcase classname="com.timp.test.DFG.Leiautes.LeiautesExecucaoCamposEspeciais1y2" name="excluirLeiaute" time="48.69"/>
</testsuite> <!-- Default test -->
