<?xml version="1.0" encoding="UTF-8"?>
<!-- Generated by org.testng.reporters.JUnitXMLReporter -->
<testsuite hostname="DESKTOP-BNBDMGT" failures="0" tests="3" name="Default test" time="139.382" errors="0" timestamp="14 Dec 2020 15:04:57 GMT">
  <testcase classname="com.timp.test.MDR.IncentivosFiscais.IncentivosFiscaisCriar" name="login" time="12.078"/>
  <testcase classname="com.timp.test.MDR.IncentivosFiscais.IncentivosFiscaisCriar" name="acessarMDR" time="12.928"/>
  <testcase classname="com.timp.test.MDR.IncentivosFiscais.IncentivosFiscaisCriar" name="CriarIncentivosFiscais" time="97.387"/>
</testsuite> <!-- Default test -->
