<?xml version="1.0" encoding="UTF-8"?>
<!-- Generated by org.testng.reporters.JUnitXMLReporter -->
<testsuite hostname="DESKTOP-HB7TMPD" failures="0" tests="3" name="Default test" time="89.51" errors="0" timestamp="20 Dec 2020 23:42:13 GMT">
  <testcase classname="com.timp.test.DFG.Leiautes.LeiautesExecucaoCamposEspeciais1y2" name="ingresar" time="11.325"/>
  <testcase classname="com.timp.test.DFG.Leiautes.LeiautesExecucaoCamposEspeciais1y2" name="mdrEntrar" time="17.818"/>
  <testcase classname="com.timp.test.DFG.Leiautes.LeiautesExecucaoCamposEspeciais1y2" name="criar" time="40.78"/>
</testsuite> <!-- Default test -->
