<?xml version="1.0" encoding="UTF-8"?>
<!-- Generated by org.testng.reporters.JUnitXMLReporter -->
<testsuite hostname="DESKTOP-BNBDMGT" failures="0" tests="3" name="Default test" time="90.914" errors="0" timestamp="9 Jan 2021 06:10:44 GMT">
  <testcase classname="com.timp.test.MDR.TabelasApoioSped.AjusteEInformaçoesDeValores.AjusteEInformaçoesDeValoresVisualizar" name="login" time="6.014"/>
  <testcase classname="com.timp.test.MDR.TabelasApoioSped.AjusteEInformaçoesDeValores.AjusteEInformaçoesDeValoresVisualizar" name="acessarMDR" time="26.035"/>
  <testcase classname="com.timp.test.MDR.TabelasApoioSped.AjusteEInformaçoesDeValores.AjusteEInformaçoesDeValoresVisualizar" name="Visualizar" time="35.649"/>
</testsuite> <!-- Default test -->
