<?xml version="1.0" encoding="UTF-8"?>
<!-- Generated by org.testng.reporters.JUnitXMLReporter -->
<testsuite hostname="LitoSoler" name="Default test" tests="3" failures="0" timestamp="1 Dec 2020 01:30:41 GMT" time="201.919" errors="0">
  <testcase name="login" time="7.25" classname="com.timp.test.BRE.RegrasDeMensagens.Edicao.RegrasDeMensagensValoresCalculados"/>
  <testcase name="acessarBRE" time="12.52" classname="com.timp.test.BRE.RegrasDeMensagens.Edicao.RegrasDeMensagensValoresCalculados"/>
  <testcase name="editar" time="163.958" classname="com.timp.test.BRE.RegrasDeMensagens.Edicao.RegrasDeMensagensValoresCalculados"/>
</testsuite> <!-- Default test -->
