<?xml version="1.0" encoding="UTF-8"?>
<!-- Generated by org.testng.reporters.JUnitXMLReporter -->
<testsuite hostname="DESKTOP-5P4F1JE" failures="0" tests="3" name="Default test" time="120.719" errors="0" timestamp="22 Oct 2020 20:52:06 GMT">
  <testcase classname="com.timp.test.MDR.Siscoserv.RegistroRP.RegistroRPEditar" name="login" time="8.517"/>
  <testcase classname="com.timp.test.MDR.Siscoserv.RegistroRP.RegistroRPEditar" name="acessarMDR" time="10.401"/>
  <testcase classname="com.timp.test.MDR.Siscoserv.RegistroRP.RegistroRPEditar" name="editar" time="87.577"/>
</testsuite> <!-- Default test -->
