<?xml version="1.0" encoding="UTF-8"?>
<!-- Generated by org.testng.reporters.JUnitXMLReporter -->
<testsuite hostname="LitoSoler" name="Default test" tests="3" failures="0" timestamp="16 Nov 2020 19:11:03 GMT" time="65.917" errors="0">
  <testcase name="login" time="7.468" classname="com.timp.test.MDR.TabelasApoioESocial.UnidadeDeMedida.UnidadeDeMedidaFiltroCodigo"/>
  <testcase name="acessarMDR" time="10.245" classname="com.timp.test.MDR.TabelasApoioESocial.UnidadeDeMedida.UnidadeDeMedidaFiltroCodigo"/>
  <testcase name="filtroCodigo" time="30.36" classname="com.timp.test.MDR.TabelasApoioESocial.UnidadeDeMedida.UnidadeDeMedidaFiltroCodigo"/>
</testsuite> <!-- Default test -->
