<?xml version="1.0" encoding="UTF-8"?>
<!-- Generated by org.testng.reporters.JUnitXMLReporter -->
<testsuite hostname="MIGUEL" failures="0" tests="4" name="Default test" time="128.611" errors="0" timestamp="29 Oct 2020 03:48:19 GMT">
  <testcase classname="com.timp.test.MDR.TabelasApoioESocial.Tabela25.TiposDeBenefíciosCriarExcluirMassa" name="login" time="7.183"/>
  <testcase classname="com.timp.test.MDR.TabelasApoioESocial.Tabela25.TiposDeBenefíciosCriarExcluirMassa" name="acessarMDR" time="13.316"/>
  <testcase classname="com.timp.test.MDR.TabelasApoioESocial.Tabela25.TiposDeBenefíciosCriarExcluirMassa" name="criar" time="68.325"/>
  <testcase classname="com.timp.test.MDR.TabelasApoioESocial.Tabela25.TiposDeBenefíciosCriarExcluirMassa" name="excluirMassa" time="27.176"/>
</testsuite> <!-- Default test -->
