<?xml version="1.0" encoding="UTF-8"?>
<!-- Generated by org.testng.reporters.JUnitXMLReporter -->
<testsuite hostname="DESKTOP-BNBDMGT" failures="0" tests="3" name="Default test" time="99.909" errors="0" timestamp="20 Nov 2020 07:54:04 GMT">
  <testcase classname="com.timp.test.MDR.ValorAdicionado.Municipio.MunicipioEditar" name="ingresar" time="6.38"/>
  <testcase classname="com.timp.test.MDR.ValorAdicionado.Municipio.MunicipioEditar" name="ingresarMDR" time="15.598"/>
  <testcase classname="com.timp.test.MDR.ValorAdicionado.Municipio.MunicipioEditar" name="editar" time="62.863"/>
</testsuite> <!-- Default test -->
