<?xml version="1.0" encoding="UTF-8"?>
<!-- Generated by org.testng.reporters.JUnitXMLReporter -->
<testsuite hostname="LitoSoler" name="Default test" tests="3" failures="0" timestamp="29 Jul 2020 17:15:49 GMT" time="107.968" errors="0">
  <testcase name="login" time="11.59" classname="com.timp.test.MDR.CEP.Municipio.MunicipioCriar"/>
  <testcase name="acessarMDR" time="21.41" classname="com.timp.test.MDR.CEP.Municipio.MunicipioCriar"/>
  <testcase name="filtro" time="59.894" classname="com.timp.test.MDR.CEP.Municipio.MunicipioCriar"/>
</testsuite> <!-- Default test -->
