<?xml version="1.0" encoding="UTF-8"?>
<!-- Generated by org.testng.reporters.JUnitXMLReporter -->
<testsuite hostname="DESKTOP-35UG9UP" name="Default test" tests="3" failures="0" timestamp="29 Sep 2020 13:18:15 GMT" time="131.143" errors="0">
  <testcase name="login" time="10.604" classname="com.timp.test.MDR.PrecoDeTransferencia.ModeloDeApuracaoTP.ModeloDeApuracaoTPEditar"/>
  <testcase name="acessarMDR" time="12.01" classname="com.timp.test.MDR.PrecoDeTransferencia.ModeloDeApuracaoTP.ModeloDeApuracaoTPEditar"/>
  <testcase name="editar" time="92.612" classname="com.timp.test.MDR.PrecoDeTransferencia.ModeloDeApuracaoTP.ModeloDeApuracaoTPEditar"/>
</testsuite> <!-- Default test -->
