<?xml version="1.0" encoding="UTF-8"?>
<!-- Generated by org.testng.reporters.JUnitXMLReporter -->
<testsuite hostname="CRISTHIAN-VASQUEZ" failures="0" tests="3" name="Default test" time="147.536" errors="0" timestamp="28 Jan 2021 18:23:38 GMT">
  <testcase classname="com.timp.test.TDK.Kpis.KpisCriar" name="login" time="18.853"/>
  <testcase classname="com.timp.test.TDK.Kpis.KpisCriar" name="acessarTDK" time="26.921"/>
  <testcase classname="com.timp.test.TDK.Kpis.KpisCriar" name="criar" time="83.264"/>
</testsuite> <!-- Default test -->
