<?xml version="1.0" encoding="UTF-8"?>
<!-- Generated by org.testng.reporters.JUnitXMLReporter -->
<testsuite hostname="DESKTOP-5P4F1JE" failures="0" tests="3" name="Default test" time="230.043" errors="0" timestamp="26 Nov 2020 19:19:27 GMT">
  <testcase classname="com.timp.test.BRE.RegrasDeNegocio.RegrasDeNegocioCriar" name="login" time="15.104"/>
  <testcase classname="com.timp.test.BRE.RegrasDeNegocio.RegrasDeNegocioCriar" name="acessarBRE" time="15.643"/>
  <testcase classname="com.timp.test.BRE.RegrasDeNegocio.RegrasDeNegocioCriar" name="criar" time="178.156"/>
</testsuite> <!-- Default test -->
