<?xml version="1.0" encoding="UTF-8"?>
<!-- Generated by org.testng.reporters.JUnitXMLReporter -->
<testsuite hostname="CRISTHIAN-VASQUEZ" failures="0" tests="3" name="Default test" time="233.652" errors="0" timestamp="25 Jan 2021 00:27:12 GMT">
  <testcase classname="com.timp.test.TCC.BancoDeOcorrencias.Executados.BancodeOcorrênciasExecutadosEditar" name="login" time="7.107"/>
  <testcase classname="com.timp.test.TCC.BancoDeOcorrencias.Executados.BancodeOcorrênciasExecutadosEditar" name="acessarTCC" time="20.184"/>
  <testcase classname="com.timp.test.TCC.BancoDeOcorrencias.Executados.BancodeOcorrênciasExecutadosEditar" name="executarEditar" time="192.299"/>
</testsuite> <!-- Default test -->
