<?xml version="1.0" encoding="UTF-8"?>
<!-- Generated by org.testng.reporters.JUnitXMLReporter -->
<testsuite hostname="LitoSoler" name="Default test" tests="3" failures="0" timestamp="18 Nov 2020 17:06:47 GMT" time="63.154" errors="0">
  <testcase name="login" time="7.207" classname="com.timp.test.MDR.ICMSSTTransporte.ICMSSTTransporteFiltroID"/>
  <testcase name="acessarMDR" time="26.117" classname="com.timp.test.MDR.ICMSSTTransporte.ICMSSTTransporteFiltroID"/>
  <testcase name="filtro" time="11.948" classname="com.timp.test.MDR.ICMSSTTransporte.ICMSSTTransporteFiltroID"/>
</testsuite> <!-- Default test -->
