<?xml version="1.0" encoding="UTF-8"?>
<!-- Generated by org.testng.reporters.JUnitXMLReporter -->
<testsuite hostname="DESKTOP-35UG9UP" name="Default test" tests="3" failures="0" timestamp="10 Aug 2020 21:19:17 GMT" time="79.768" errors="0">
  <testcase name="login" time="10.184" classname="com.timp.test.MDR.RegistroDeExportaçao.RegistroDeExportaçaoExcluir"/>
  <testcase name="acessarMDR" time="11.428" classname="com.timp.test.MDR.RegistroDeExportaçao.RegistroDeExportaçaoExcluir"/>
  <testcase name="Excluir" time="39.899" classname="com.timp.test.MDR.RegistroDeExportaçao.RegistroDeExportaçaoExcluir"/>
</testsuite> <!-- Default test -->
