<?xml version="1.0" encoding="UTF-8"?>
<!-- Generated by org.testng.reporters.JUnitXMLReporter -->
<testsuite hostname="DESKTOP-5P4F1JE" failures="0" tests="3" name="Default test" time="124.764" errors="0" timestamp="19 Nov 2020 20:51:52 GMT">
  <testcase classname="com.timp.test.MDR.TabelasApoioSped.CodigosDasObrigaçoesDeICMSaRecolher.CodigosDasObrigacoesDeICMSaRecolherExcluirEmMassa" name="login" time="7.798"/>
  <testcase classname="com.timp.test.MDR.TabelasApoioSped.CodigosDasObrigaçoesDeICMSaRecolher.CodigosDasObrigacoesDeICMSaRecolherExcluirEmMassa" name="acessarMDR" time="16.201"/>
  <testcase classname="com.timp.test.MDR.TabelasApoioSped.CodigosDasObrigaçoesDeICMSaRecolher.CodigosDasObrigacoesDeICMSaRecolherExcluirEmMassa" name="criar" time="83.308"/>
</testsuite> <!-- Default test -->
