<?xml version="1.0" encoding="UTF-8"?>
<!-- Generated by org.testng.reporters.JUnitXMLReporter -->
<testsuite hostname="DESKTOP-SUF121B" failures="0" tests="3" name="Default test" time="90.533" errors="0" timestamp="27 Jul 2020 21:29:15 GMT">
  <testcase classname="com.timp.test.MDR.Tributos.TributosDetalhes" name="login" time="8.606"/>
  <testcase classname="com.timp.test.MDR.Tributos.TributosDetalhes" name="acessarMDR" time="39.396"/>
  <testcase classname="com.timp.test.MDR.Tributos.TributosDetalhes" name="tributoDetalhes" time="29.431"/>
</testsuite> <!-- Default test -->
