<?xml version="1.0" encoding="UTF-8"?>
<!-- Generated by org.testng.reporters.JUnitXMLReporter -->
<testsuite hostname="LitoSoler" name="Default test" tests="3" failures="0" timestamp="13 Nov 2020 21:38:47 GMT" time="250.191" errors="0">
  <testcase name="login" time="6.873" classname="com.timp.test.BRB.CrescenteEDecrescente"/>
  <testcase name="brbEntrar" time="28.547" classname="com.timp.test.BRB.CrescenteEDecrescente"/>
  <testcase name="crescenteEDecrescente" time="198.863" classname="com.timp.test.BRB.CrescenteEDecrescente"/>
</testsuite> <!-- Default test -->
