<?xml version="1.0" encoding="UTF-8"?>
<!-- Generated by org.testng.reporters.JUnitXMLReporter -->
<testsuite hostname="LitoSoler" name="Default test" tests="3" failures="0" timestamp="23 Jul 2020 20:01:41 GMT" time="51.916" errors="0">
  <testcase name="login" time="5.524" classname="com.timp.test.BRB.EditarPrueba"/>
  <testcase name="brbEntrar" time="13.669" classname="com.timp.test.BRB.EditarPrueba"/>
  <testcase name="editar" time="21.16" classname="com.timp.test.BRB.EditarPrueba"/>
</testsuite> <!-- Default test -->
