<?xml version="1.0" encoding="UTF-8"?>
<!-- Generated by org.testng.reporters.JUnitXMLReporter -->
<testsuite hostname="DESKTOP-35UG9UP" name="Default test" tests="3" failures="0" timestamp="27 Jul 2020 15:40:54 GMT" time="104.078" errors="0">
  <testcase name="login" time="12.023" classname="com.timp.test.MDR.SequenciaAcesso.SequenciaCriar"/>
  <testcase name="acessarMDR" time="14.343" classname="com.timp.test.MDR.SequenciaAcesso.SequenciaCriar"/>
  <testcase name="criar" time="58.685" classname="com.timp.test.MDR.SequenciaAcesso.SequenciaCriar"/>
</testsuite> <!-- Default test -->
