<?xml version="1.0" encoding="UTF-8"?>
<!-- Generated by org.testng.reporters.JUnitXMLReporter -->
<testsuite hostname="DESKTOP-35UG9UP" name="Default test" tests="3" failures="0" timestamp="7 Aug 2020 19:59:12 GMT" time="107.34" errors="0">
  <testcase name="login" time="11.011" classname="com.timp.test.MDR.TabelasApoioSped.CodigoTipoCredito.ClassificaçaoDeContribuintesDoIPIVisualizar"/>
  <testcase name="acessarMDR" time="14.123" classname="com.timp.test.MDR.TabelasApoioSped.CodigoTipoCredito.ClassificaçaoDeContribuintesDoIPIVisualizar"/>
  <testcase name="Visualizar" time="63.601" classname="com.timp.test.MDR.TabelasApoioSped.CodigoTipoCredito.ClassificaçaoDeContribuintesDoIPIVisualizar"/>
</testsuite> <!-- Default test -->
