<?xml version="1.0" encoding="UTF-8"?>
<!-- Generated by org.testng.reporters.JUnitXMLReporter -->
<testsuite hostname="LitoSoler" name="Default test" tests="3" failures="0" timestamp="21 Aug 2020 16:29:51 GMT" time="111.755" errors="0">
  <testcase name="login" time="7.875" classname="com.timp.test.MDR.TabelasApoioSped.ObservaçoesdoDocumentoFiscal.ObserbaçoesdoDocumentoFiscalExcluir"/>
  <testcase name="acessarMDR" time="28.434" classname="com.timp.test.MDR.TabelasApoioSped.ObservaçoesdoDocumentoFiscal.ObserbaçoesdoDocumentoFiscalExcluir"/>
  <testcase name="excluir" time="59.143" classname="com.timp.test.MDR.TabelasApoioSped.ObservaçoesdoDocumentoFiscal.ObserbaçoesdoDocumentoFiscalExcluir"/>
</testsuite> <!-- Default test -->
