<?xml version="1.0" encoding="UTF-8"?>
<!-- Generated by org.testng.reporters.JUnitXMLReporter -->
<testsuite hostname="MIGUEL" failures="0" tests="3" name="Default test" time="84.43" errors="0" timestamp="11 Jan 2021 00:11:27 GMT">
  <testcase classname="com.timp.test.BRE.Lixeira.ParametrosGerais.LixeiraExcluir" name="login" time="8.059"/>
  <testcase classname="com.timp.test.BRE.Lixeira.ParametrosGerais.LixeiraExcluir" name="acessarBRE" time="12.214"/>
  <testcase classname="com.timp.test.BRE.Lixeira.ParametrosGerais.LixeiraExcluir" name="criar" time="52.351"/>
</testsuite> <!-- Default test -->
