<?xml version="1.0" encoding="UTF-8"?>
<!-- Generated by org.testng.reporters.JUnitXMLReporter -->
<testsuite hostname="DESKTOP-BNBDMGT" failures="0" tests="3" name="Default test" time="177.904" errors="0" timestamp="8 Dec 2020 23:06:37 GMT">
  <testcase classname="com.timp.test.TFP.Configurações.Subperíodo.SubperíodoCriar" name="login" time="8.16"/>
  <testcase classname="com.timp.test.TFP.Configurações.Subperíodo.SubperíodoCriar" name="TFPEntrar" time="24.526"/>
  <testcase classname="com.timp.test.TFP.Configurações.Subperíodo.SubperíodoCriar" name="criar" time="113.96"/>
</testsuite> <!-- Default test -->
