<?xml version="1.0" encoding="UTF-8"?>
<!-- Generated by org.testng.reporters.JUnitXMLReporter -->
<testsuite hostname="DESKTOP-BNBDMGT" failures="1" tests="15" name="Default test" time="600.056" errors="0" timestamp="28 Dec 2020 16:11:02 GMT">
  <testcase classname="com.timp.test.DFG.SPED.ECF.ECFFuncionalidades" name="ingresar" time="6.328"/>
  <testcase classname="com.timp.test.DFG.SPED.ECF.ECFFuncionalidades" name="mdrEntrar" time="14.958"/>
  <testcase classname="com.timp.test.DFG.SPED.ECF.ECFFuncionalidades" name="ID" time="66.085"/>
  <testcase classname="com.timp.test.DFG.SPED.ECF.ECFFuncionalidades" name="criar" time="117.766"/>
  <testcase classname="com.timp.test.DFG.SPED.ECF.ECFFuncionalidades" name="editar" time="41.128">
    <failure type="java.lang.AssertionError" message="O valor do campo não foi editado expected [true] but found [false]">
      <![CDATA[java.lang.AssertionError: O valor do campo não foi editado expected [true] but found [false]
	at org.testng.Assert.fail(Assert.java:94)
	at org.testng.Assert.failNotEquals(Assert.java:494)
	at org.testng.Assert.assertTrue(Assert.java:42)
	at com.timp.test.DFG.SPED.ECF.ECFFuncionalidades.editar(ECFFuncionalidades.java:62)
	at java.base/jdk.internal.reflect.NativeMethodAccessorImpl.invoke0(Native Method)
	at java.base/jdk.internal.reflect.NativeMethodAccessorImpl.invoke(NativeMethodAccessorImpl.java:62)
	at java.base/jdk.internal.reflect.DelegatingMethodAccessorImpl.invoke(DelegatingMethodAccessorImpl.java:43)
	at java.base/java.lang.reflect.Method.invoke(Method.java:564)
	at org.testng.internal.MethodInvocationHelper.invokeMethod(MethodInvocationHelper.java:80)
	at org.testng.internal.Invoker.invokeMethod(Invoker.java:714)
	at org.testng.internal.Invoker.invokeTestMethod(Invoker.java:901)
	at org.testng.internal.Invoker.invokeTestMethods(Invoker.java:1231)
	at org.testng.internal.TestMethodWorker.invokeTestMethods(TestMethodWorker.java:127)
	at org.testng.internal.TestMethodWorker.run(TestMethodWorker.java:111)
	at org.testng.TestRunner.privateRun(TestRunner.java:767)
	at org.testng.TestRunner.run(TestRunner.java:617)
	at org.testng.SuiteRunner.runTest(SuiteRunner.java:334)
	at org.testng.SuiteRunner.runSequentially(SuiteRunner.java:329)
	at org.testng.SuiteRunner.privateRun(SuiteRunner.java:291)
	at org.testng.SuiteRunner.run(SuiteRunner.java:240)
	at org.testng.SuiteRunnerWorker.runSuite(SuiteRunnerWorker.java:52)
	at org.testng.SuiteRunnerWorker.run(SuiteRunnerWorker.java:86)
	at org.testng.TestNG.runSuitesSequentially(TestNG.java:1198)
	at org.testng.TestNG.runSuitesLocally(TestNG.java:1123)
	at org.testng.TestNG.run(TestNG.java:1031)
	at org.testng.remote.AbstractRemoteTestNG.run(AbstractRemoteTestNG.java:115)
	at org.testng.remote.RemoteTestNG.initAndRun(RemoteTestNG.java:251)
	at org.testng.remote.RemoteTestNG.main(RemoteTestNG.java:77)
]]>
    </failure>
  </testcase> <!-- editar -->
  <testcase classname="com.timp.test.DFG.SPED.ECF.ECFFuncionalidades" name="informacao" time="29.914"/>
  <testcase classname="com.timp.test.DFG.SPED.ECF.ECFFuncionalidades" name="visualizar" time="22.889"/>
  <testcase classname="com.timp.test.DFG.SPED.ECF.ECFFuncionalidades" name="criarBlocos" time="22.522"/>
  <testcase classname="com.timp.test.DFG.SPED.ECF.ECFFuncionalidades" name="editarBlocos" time="20.5"/>
  <testcase classname="com.timp.test.DFG.SPED.ECF.ECFFuncionalidades" name="InformacaoBlocos" time="18.412"/>
  <testcase classname="com.timp.test.DFG.SPED.ECF.ECFFuncionalidades" name="visualizarBlocos" time="18.658"/>
  <testcase classname="com.timp.test.DFG.SPED.ECF.ECFFuncionalidades" name="executarBlocos" time="124.569"/>
  <testcase classname="com.timp.test.DFG.SPED.ECF.ECFFuncionalidades" name="visualizarAN3" time="38.097"/>
  <testcase classname="com.timp.test.DFG.SPED.ECF.ECFFuncionalidades" name="visualizarActualizacao" time="11.441"/>
  <testcase classname="com.timp.test.DFG.SPED.ECF.ECFFuncionalidades" name="Gravar" time="33.03"/>
</testsuite> <!-- Default test -->
