<?xml version="1.0" encoding="UTF-8"?>
<!-- Generated by org.testng.reporters.JUnitXMLReporter -->
<testsuite hostname="LitoSoler" name="Default test" tests="3" failures="0" timestamp="24 Aug 2020 21:16:22 GMT" time="132.258" errors="0">
  <testcase name="login" time="6.638" classname="com.timp.test.MDR.Ajustes.CodigosAjustes.CodigosAjustesCriar"/>
  <testcase name="acessarMDR" time="24.161" classname="com.timp.test.MDR.Ajustes.CodigosAjustes.CodigosAjustesCriar"/>
  <testcase name="criar" time="90.5" classname="com.timp.test.MDR.Ajustes.CodigosAjustes.CodigosAjustesCriar"/>
</testsuite> <!-- Default test -->
