<?xml version="1.0" encoding="UTF-8"?>
<!-- Generated by org.testng.reporters.JUnitXMLReporter -->
<testsuite ignored="0" hostname="EC2AMAZ-8HCHO4G" failures="0" tests="3" name="Default test" time="33.586" errors="0" timestamp="2023-07-17T19:52:34 UTC">
  <testcase classname="com.timp.test.LOG.LogDeAções.LogDeAçõesDetalhes" name="login" time="5.443"/>
  <testcase classname="com.timp.test.LOG.LogDeAções.LogDeAçõesDetalhes" name="AcessarLOG" time="11.767"/>
  <testcase classname="com.timp.test.LOG.LogDeAções.LogDeAçõesDetalhes" name="Detalle" time="13.512"/>
</testsuite> <!-- Default test -->
