<?xml version="1.0" encoding="UTF-8"?>
<!-- Generated by org.testng.reporters.JUnitXMLReporter -->
<testsuite hostname="LitoSoler" name="Default test" tests="3" failures="0" timestamp="18 Nov 2020 17:40:00 GMT" time="83.649" errors="0">
  <testcase name="login" time="6.408" classname="com.timp.test.MDR.AtividadesFiscais.AtividadeFiscal.AtividadeEliminar"/>
  <testcase name="acessarMDR" time="23.527" classname="com.timp.test.MDR.AtividadesFiscais.AtividadeFiscal.AtividadeEliminar"/>
  <testcase name="eliminar" time="42.49" classname="com.timp.test.MDR.AtividadesFiscais.AtividadeFiscal.AtividadeEliminar"/>
</testsuite> <!-- Default test -->
