<?xml version="1.0" encoding="UTF-8"?>
<!-- Generated by org.testng.reporters.JUnitXMLReporter -->
<testsuite ignored="0" hostname="CRISTHIAN-VASQUEZ" failures="0" tests="3" name="Default test" time="313.743" errors="0" timestamp="27 feb. 2021 23:19:54 GMT">
  <testcase classname="com.timp.test.BRE.CalculoDeTributos.Edicao.CálculodeTributosEdiçãoEstruturas" name="login" time="7.473"/>
  <testcase classname="com.timp.test.BRE.CalculoDeTributos.Edicao.CálculodeTributosEdiçãoEstruturas" name="acessarBRE" time="28.714"/>
  <testcase classname="com.timp.test.BRE.CalculoDeTributos.Edicao.CálculodeTributosEdiçãoEstruturas" name="editar" time="262.39"/>
</testsuite> <!-- Default test -->
