<?xml version="1.0" encoding="UTF-8"?>
<!-- Generated by org.testng.reporters.JUnitXMLReporter -->
<testsuite hostname="DESKTOP-HB7TMPD" failures="0" tests="3" name="Default test" time="60.127" errors="0" timestamp="22 Oct 2020 04:52:10 GMT">
  <testcase classname="com.timp.test.MDR.Centralizacao.Saldos.SaldosFiltrarId" name="login" time="8.771"/>
  <testcase classname="com.timp.test.MDR.Centralizacao.Saldos.SaldosFiltrarId" name="acessarMDR" time="10.322"/>
  <testcase classname="com.timp.test.MDR.Centralizacao.Saldos.SaldosFiltrarId" name="FiltrarSaldosId" time="26.465"/>
</testsuite> <!-- Default test -->
