<?xml version="1.0" encoding="UTF-8"?>
<!-- Generated by org.testng.reporters.JUnitXMLReporter -->
<testsuite hostname="DESKTOP-BNBDMGT" failures="0" tests="3" name="Default test" time="75.87" errors="0" timestamp="12 Feb 2021 04:51:13 GMT">
  <testcase classname="com.timp.test.TDK.Execucoes.Lixeira.LixeiraFiltroId" name="login" time="10.0"/>
  <testcase classname="com.timp.test.TDK.Execucoes.Lixeira.LixeiraFiltroId" name="acessarTDK" time="19.236"/>
  <testcase classname="com.timp.test.TDK.Execucoes.Lixeira.LixeiraFiltroId" name="filtro" time="23.468"/>
</testsuite> <!-- Default test -->
