<?xml version="1.0" encoding="UTF-8"?>
<!-- Generated by org.testng.reporters.JUnitXMLReporter -->
<testsuite hostname="LitoSoler" name="Default test" tests="3" failures="0" timestamp="30 Sep 2020 17:14:09 GMT" time="81.838" errors="0">
  <testcase name="login" time="7.278" classname="com.timp.test.BRB.RenomearColuna"/>
  <testcase name="brbEntrar" time="18.852" classname="com.timp.test.BRB.RenomearColuna"/>
  <testcase name="renomearColuna" time="44.225" classname="com.timp.test.BRB.RenomearColuna"/>
</testsuite> <!-- Default test -->
