<?xml version="1.0" encoding="UTF-8"?>
<!-- Generated by org.testng.reporters.JUnitXMLReporter -->
<testsuite hostname="LitoSoler" name="Default test" tests="3" failures="0" timestamp="30 Nov 2020 16:49:40 GMT" time="152.95" errors="0">
  <testcase name="login" time="10.31" classname="com.timp.test.BRE.RegrasDeMensagens.ParametrosGerais.RegrasDeMensagensEditar"/>
  <testcase name="acessarBRE" time="15.554" classname="com.timp.test.BRE.RegrasDeMensagens.ParametrosGerais.RegrasDeMensagensEditar"/>
  <testcase name="editar" time="108.245" classname="com.timp.test.BRE.RegrasDeMensagens.ParametrosGerais.RegrasDeMensagensEditar"/>
</testsuite> <!-- Default test -->
