<?xml version="1.0" encoding="UTF-8"?>
<!-- Generated by org.testng.reporters.JUnitXMLReporter -->
<testsuite hostname="DESKTOP-SUF121B" failures="0" tests="3" name="Default test" time="98.692" errors="0" timestamp="27 Jul 2020 15:18:26 GMT">
  <testcase classname="com.timp.test.MDR.Tributos.TributosVisualizar" name="login" time="8.664"/>
  <testcase classname="com.timp.test.MDR.Tributos.TributosVisualizar" name="acessarMDR" time="32.035"/>
  <testcase classname="com.timp.test.MDR.Tributos.TributosVisualizar" name="visualizar" time="44.634"/>
</testsuite> <!-- Default test -->
