<?xml version="1.0" encoding="UTF-8"?>
<!-- Generated by org.testng.reporters.JUnitXMLReporter -->
<testsuite ignored="0" hostname="MIGUEL" failures="0" tests="3" name="Default test" time="95.894" errors="0" timestamp="15 mar. 2021 22:33:11 GMT">
  <testcase classname="com.timp.test.TDK.Dashboard.MeusDashboards.MeusFavoritos.DashboardMeusFavoritosFiltroPorID" name="login" time="9.53"/>
  <testcase classname="com.timp.test.TDK.Dashboard.MeusDashboards.MeusFavoritos.DashboardMeusFavoritosFiltroPorID" name="acessarTDK" time="21.792"/>
  <testcase classname="com.timp.test.TDK.Dashboard.MeusDashboards.MeusFavoritos.DashboardMeusFavoritosFiltroPorID" name="filtro" time="49.218"/>
</testsuite> <!-- Default test -->
