<?xml version="1.0" encoding="UTF-8"?>
<!-- Generated by org.testng.reporters.JUnitXMLReporter -->
<testsuite ignored="0" hostname="EC2AMAZ-8HCHO4G" failures="0" tests="3" name="Default test" time="210.72" errors="0" timestamp="2024-05-30T19:26:54 UTC">
  <testcase classname="com.timp.test.TKM.Importacao.ImportacaoBCB" name="VerificarInf" time="32.151"/>
  <testcase classname="com.timp.test.TKM.Importacao.ImportacaoBCB" name="ExportacionBCB" time="96.635"/>
  <testcase classname="com.timp.test.TKM.Importacao.ImportacaoBCB" name="ExportacionMdrAsociacionCodigoAjuste" time="80.442"/>
</testsuite> <!-- Default test -->
