<?xml version="1.0" encoding="UTF-8"?>
<!-- Generated by org.testng.reporters.JUnitXMLReporter -->
<testsuite hostname="CRISTHIAN-VASQUEZ" failures="0" tests="3" name="Default test" time="166.051" errors="0" timestamp="26 Jan 2021 02:14:18 GMT">
  <testcase classname="com.timp.test.BRB.Duplicidade" name="login" time="8.948"/>
  <testcase classname="com.timp.test.BRB.Duplicidade" name="brbEntrar" time="27.458"/>
  <testcase classname="com.timp.test.BRB.Duplicidade" name="editar" time="113.192"/>
</testsuite> <!-- Default test -->
