<?xml version="1.0" encoding="UTF-8"?>
<!-- Generated by org.testng.reporters.JUnitXMLReporter -->
<testsuite hostname="LitoSoler" name="Default test" tests="3" failures="0" timestamp="25 Nov 2020 21:08:51 GMT" time="238.465" errors="0">
  <testcase name="ingresar" time="7.598" classname="com.timp.test.DFG.Configuracoes.ConfiguracoesCriar"/>
  <testcase name="mdrEntrar" time="15.528" classname="com.timp.test.DFG.Configuracoes.ConfiguracoesCriar"/>
  <testcase name="criar" time="192.688" classname="com.timp.test.DFG.Configuracoes.ConfiguracoesCriar"/>
</testsuite> <!-- Default test -->
