<?xml version="1.0" encoding="UTF-8"?>
<!-- Generated by org.testng.reporters.JUnitXMLReporter -->
<testsuite hostname="LitoSoler" name="Default test" tests="3" failures="0" timestamp="7 Aug 2020 21:06:51 GMT" time="92.686" errors="0">
  <testcase name="login" time="5.615" classname="com.timp.test.MDR.DetalheTipoTributo.DetalheExcluir"/>
  <testcase name="acessarMDR" time="7.762" classname="com.timp.test.MDR.DetalheTipoTributo.DetalheExcluir"/>
  <testcase name="visualizar" time="67.458" classname="com.timp.test.MDR.DetalheTipoTributo.DetalheExcluir"/>
</testsuite> <!-- Default test -->
