<?xml version="1.0" encoding="UTF-8"?>
<!-- Generated by org.testng.reporters.JUnitXMLReporter -->
<testsuite ignored="0" hostname="LAPTOP-IN7IV9K5" failures="0" tests="2" name="Default test" time="395.539" errors="0" timestamp="24 mar. 2021 15:25:59 GMT">
  <testcase classname="com.timp.test.MDR.Reinf.R1070DadosAdicionais.R1070DadosAdicionaisExcluirEmMassa" name="criar" time="311.46"/>
  <testcase classname="com.timp.test.MDR.Reinf.R1070DadosAdicionais.R1070DadosAdicionaisExcluirEmMassa" name="excluirEmMassa" time="67.567"/>
</testsuite> <!-- Default test -->
