<?xml version="1.0" encoding="UTF-8"?>
<!-- Generated by org.testng.reporters.JUnitXMLReporter -->
<testsuite hostname="DESKTOP-35UG9UP" name="Default test" tests="3" failures="0" timestamp="25 Aug 2020 13:05:49 GMT" time="109.962" errors="0">
  <testcase name="login" time="10.423" classname="com.timp.test.MDR.MapeamentoDeRelevanciaParaPisCofins.MapeamentoDeRelevanciaParaPisCofinsVisualizar"/>
  <testcase name="acessarMDR" time="11.871" classname="com.timp.test.MDR.MapeamentoDeRelevanciaParaPisCofins.MapeamentoDeRelevanciaParaPisCofinsVisualizar"/>
  <testcase name="Visualizar" time="67.63" classname="com.timp.test.MDR.MapeamentoDeRelevanciaParaPisCofins.MapeamentoDeRelevanciaParaPisCofinsVisualizar"/>
</testsuite> <!-- Default test -->
