<?xml version="1.0" encoding="UTF-8"?>
<!-- Generated by org.testng.reporters.JUnitXMLReporter -->
<testsuite hostname="CRISTHIAN-VASQUEZ" failures="0" tests="3" name="Default test" time="112.297" errors="0" timestamp="7 Jan 2021 12:12:57 GMT">
  <testcase classname="com.timp.test.MDR.EventosESocial.S1250AquisicaoDeProducaoRural.S1250DetAquisição.S1250DetAquisiçãoExcluir" name="login" time="8.24"/>
  <testcase classname="com.timp.test.MDR.EventosESocial.S1250AquisicaoDeProducaoRural.S1250DetAquisição.S1250DetAquisiçãoExcluir" name="acessarMDR" time="13.074"/>
  <testcase classname="com.timp.test.MDR.EventosESocial.S1250AquisicaoDeProducaoRural.S1250DetAquisição.S1250DetAquisiçãoExcluir" name="excluir" time="74.201"/>
</testsuite> <!-- Default test -->
