<?xml version="1.0" encoding="UTF-8"?>
<!-- Generated by org.testng.reporters.JUnitXMLReporter -->
<testsuite hostname="LitoSoler" name="Default test" tests="3" failures="0" timestamp="22 Sep 2020 18:11:42 GMT" time="44.756" errors="0">
  <testcase name="login" time="5.621" classname="com.timp.test.BRB.FiltrosAvançados"/>
  <testcase name="brbEntrar" time="15.86" classname="com.timp.test.BRB.FiltrosAvançados"/>
  <testcase name="filtrosAvanzados" time="6.743" classname="com.timp.test.BRB.FiltrosAvançados"/>
</testsuite> <!-- Default test -->
