<?xml version="1.0" encoding="UTF-8"?>
<!-- Generated by org.testng.reporters.JUnitXMLReporter -->
<testsuite hostname="DESKTOP-NV7E9IV" name="Default test" tests="3" failures="0" timestamp="24 Sep 2020 13:48:48 GMT" time="25.548" errors="0">
  <testcase name="@BeforeClass beforeClass" time="0.0" classname="com.timp.test.MDR.Ajustes.CodigosAjustes.CodigosAjustesCriar">
    <failure type="java.lang.NoClassDefFoundError" message="com/sap/timp/pageObjectModel/MDR/AcessarMDRPO">
      <![CDATA[java.lang.NoClassDefFoundError: com/sap/timp/pageObjectModel/MDR/AcessarMDRPO
	at com.timp.test.MDR.Ajustes.CodigosAjustes.CodigosAjustesCriar.beforeClass(CodigosAjustesCriar.java:29)
	at sun.reflect.NativeMethodAccessorImpl.invoke0(Native Method)
	at sun.reflect.NativeMethodAccessorImpl.invoke(Unknown Source)
	at sun.reflect.DelegatingMethodAccessorImpl.invoke(Unknown Source)
	at java.lang.reflect.Method.invoke(Unknown Source)
	at org.testng.internal.MethodInvocationHelper.invokeMethod(MethodInvocationHelper.java:80)
	at org.testng.internal.Invoker.invokeConfigurationMethod(Invoker.java:564)
	at org.testng.internal.Invoker.invokeConfigurations(Invoker.java:213)
	at org.testng.internal.Invoker.invokeConfigurations(Invoker.java:138)
	at org.testng.internal.TestMethodWorker.invokeBeforeClassMethods(TestMethodWorker.java:175)
	at org.testng.internal.TestMethodWorker.run(TestMethodWorker.java:107)
	at org.testng.TestRunner.privateRun(TestRunner.java:767)
	at org.testng.TestRunner.run(TestRunner.java:617)
	at org.testng.SuiteRunner.runTest(SuiteRunner.java:334)
	at org.testng.SuiteRunner.runSequentially(SuiteRunner.java:329)
	at org.testng.SuiteRunner.privateRun(SuiteRunner.java:291)
	at org.testng.SuiteRunner.run(SuiteRunner.java:240)
	at org.testng.SuiteRunnerWorker.runSuite(SuiteRunnerWorker.java:52)
	at org.testng.SuiteRunnerWorker.run(SuiteRunnerWorker.java:86)
	at org.testng.TestNG.runSuitesSequentially(TestNG.java:1198)
	at org.testng.TestNG.runSuitesLocally(TestNG.java:1123)
	at org.testng.TestNG.run(TestNG.java:1031)
	at org.testng.remote.AbstractRemoteTestNG.run(AbstractRemoteTestNG.java:115)
	at org.testng.remote.RemoteTestNG.initAndRun(RemoteTestNG.java:251)
	at org.testng.remote.RemoteTestNG.main(RemoteTestNG.java:77)
Caused by: java.lang.ClassNotFoundException: com.sap.timp.pageObjectModel.MDR.AcessarMDRPO
	at java.net.URLClassLoader.findClass(Unknown Source)
	at java.lang.ClassLoader.loadClass(Unknown Source)
	at sun.misc.Launcher$AppClassLoader.loadClass(Unknown Source)
	at java.lang.ClassLoader.loadClass(Unknown Source)
	... 25 more
]]>
    </failure>
  </testcase> <!-- @BeforeClass beforeClass -->
  <testcase name="login" time="0.003" classname="com.timp.test.MDR.Ajustes.CodigosAjustes.CodigosAjustesCriar">
    <skipped/>
  </testcase> <!-- login -->
  <testcase name="acessarMDR" time="0.005" classname="com.timp.test.MDR.Ajustes.CodigosAjustes.CodigosAjustesCriar">
    <skipped/>
  </testcase> <!-- acessarMDR -->
  <testcase name="criar" time="0.001" classname="com.timp.test.MDR.Ajustes.CodigosAjustes.CodigosAjustesCriar">
    <skipped/>
  </testcase> <!-- criar -->
</testsuite> <!-- Default test -->
