<?xml version="1.0" encoding="UTF-8"?>
<!-- Generated by org.testng.reporters.JUnitXMLReporter -->
<testsuite hostname="DESKTOP-5P4F1JE" failures="0" tests="3" name="Default test" time="76.266" errors="0" timestamp="14 Jan 2021 22:01:21 GMT">
  <testcase classname="com.timp.test.TCC.BancoDeCreditoExtemporaneo.PainelBCE.Executados.PainelBCEExecutadosExcluir" name="login" time="8.927"/>
  <testcase classname="com.timp.test.TCC.BancoDeCreditoExtemporaneo.PainelBCE.Executados.PainelBCEExecutadosExcluir" name="acessarTCC" time="22.439"/>
  <testcase classname="com.timp.test.TCC.BancoDeCreditoExtemporaneo.PainelBCE.Executados.PainelBCEExecutadosExcluir" name="excluir" time="29.876"/>
</testsuite> <!-- Default test -->
