<?xml version="1.0" encoding="UTF-8"?>
<!-- Generated by org.testng.reporters.JUnitXMLReporter -->
<testsuite hostname="MIGUEL" failures="0" tests="3" name="Default test" time="128.455" errors="0" timestamp="22 Jan 2021 23:59:19 GMT">
  <testcase classname="com.timp.test.BCB.ParametrosGeraisConfiguraçãoConfiguraçãoLixeiraExcluirDefinitivamente" name="login" time="7.844"/>
  <testcase classname="com.timp.test.BCB.ParametrosGeraisConfiguraçãoConfiguraçãoLixeiraExcluirDefinitivamente" name="brbEntrar" time="14.378"/>
  <testcase classname="com.timp.test.BCB.ParametrosGeraisConfiguraçãoConfiguraçãoLixeiraExcluirDefinitivamente" name="criarConfiguracao" time="94.656"/>
</testsuite> <!-- Default test -->
