<?xml version="1.0" encoding="UTF-8"?>
<!-- Generated by org.testng.reporters.JUnitXMLReporter -->
<testsuite hostname="DESKTOP-35UG9UP" name="Default test" tests="3" failures="0" timestamp="27 Jul 2020 23:12:51 GMT" time="80.456" errors="0">
  <testcase name="login" time="8.856" classname="com.timp.test.MDR.SequenciaAcesso.SequenciaEditar"/>
  <testcase name="acessarMDR" time="11.465" classname="com.timp.test.MDR.SequenciaAcesso.SequenciaEditar"/>
  <testcase name="Editar" time="44.492" classname="com.timp.test.MDR.SequenciaAcesso.SequenciaEditar"/>
</testsuite> <!-- Default test -->
