<?xml version="1.0" encoding="UTF-8"?>
<!-- Generated by org.testng.reporters.JUnitXMLReporter -->
<testsuite hostname="LitoSoler" name="Default test" tests="3" failures="0" timestamp="25 Nov 2020 23:15:53 GMT" time="156.784" errors="0">
  <testcase name="login" time="5.965" classname="com.timp.test.BSC.FiltroPorIDRegistroCriar"/>
  <testcase name="acessarMDR" time="20.34" classname="com.timp.test.BSC.FiltroPorIDRegistroCriar"/>
  <testcase name="criar" time="114.826" classname="com.timp.test.BSC.FiltroPorIDRegistroCriar"/>
</testsuite> <!-- Default test -->
