<?xml version="1.0" encoding="UTF-8"?>
<!-- Generated by org.testng.reporters.JUnitXMLReporter -->
<testsuite hostname="LitoSoler" name="Default test" tests="3" failures="0" timestamp="20 Aug 2020 02:52:21 GMT" time="109.398" errors="0">
  <testcase name="login" time="6.894" classname="com.timp.test.MDR.ValorAdicionado.InclusaoDeCamposMar.InclusaoDeCamposMarExcluir"/>
  <testcase name="acessarMDR" time="9.139" classname="com.timp.test.MDR.ValorAdicionado.InclusaoDeCamposMar.InclusaoDeCamposMarExcluir"/>
  <testcase name="Excluir" time="64.656" classname="com.timp.test.MDR.ValorAdicionado.InclusaoDeCamposMar.InclusaoDeCamposMarExcluir"/>
</testsuite> <!-- Default test -->
