<?xml version="1.0" encoding="UTF-8"?>
<!-- Generated by org.testng.reporters.JUnitXMLReporter -->
<testsuite hostname="LitoSoler" name="Default test" tests="4" failures="0" timestamp="23 Aug 2020 01:37:01 GMT" time="231.629" errors="0">
  <testcase name="login" time="19.254" classname="com.timp.test.BRB.Eliminar"/>
  <testcase name="brbEntrar" time="35.212" classname="com.timp.test.BRB.Eliminar"/>
  <testcase name="eliminar" time="73.666" classname="com.timp.test.BRB.Eliminar"/>
  <testcase name="eliminarLixeira" time="68.445" classname="com.timp.test.BRB.Eliminar"/>
</testsuite> <!-- Default test -->
