<?xml version="1.0" encoding="UTF-8"?>
<!-- Generated by org.testng.reporters.JUnitXMLReporter -->
<testsuite ignored="0" hostname="DESKTOP-BNBDMGT" failures="0" tests="3" name="Default test" time="144.154" errors="0" timestamp="18 mar. 2021 07:13:32 GMT">
  <testcase classname="com.timp.test.DFG.Leiautes.Execucao.LeiautesExecucacoFuncionalidades4Pt4" name="ingresar" time="8.757"/>
  <testcase classname="com.timp.test.DFG.Leiautes.Execucao.LeiautesExecucacoFuncionalidades4Pt4" name="mdrEntrar" time="15.999"/>
  <testcase classname="com.timp.test.DFG.Leiautes.Execucao.LeiautesExecucacoFuncionalidades4Pt4" name="sequenciaDeItemPorDocumento" time="107.753"/>
</testsuite> <!-- Default test -->
