<?xml version="1.0" encoding="UTF-8"?>
<!-- Generated by org.testng.reporters.JUnitXMLReporter -->
<testsuite hostname="DESKTOP-SUF121B" failures="0" tests="3" name="Default test" time="202.315" errors="0" timestamp="27 Jul 2020 14:52:28 GMT">
  <testcase classname="com.timp.test.MDR.Tributos.TributosEditar" name="login" time="9.016"/>
  <testcase classname="com.timp.test.MDR.Tributos.TributosEditar" name="acessarMDR" time="31.591"/>
  <testcase classname="com.timp.test.MDR.Tributos.TributosEditar" name="tributoEditar" time="147.137"/>
</testsuite> <!-- Default test -->
