<?xml version="1.0" encoding="UTF-8"?>
<!-- Generated by org.testng.reporters.JUnitXMLReporter -->
<testsuite hostname="DESKTOP-SUF121B" failures="0" tests="3" name="Default test" time="234.421" errors="0" timestamp="28 Jul 2020 01:56:16 GMT">
  <testcase classname="com.timp.test.MDR.Tributos.TributosExcluir" name="login" time="10.986"/>
  <testcase classname="com.timp.test.MDR.Tributos.TributosExcluir" name="acessarMDR" time="40.912"/>
  <testcase classname="com.timp.test.MDR.Tributos.TributosExcluir" name="tributosExcluir" time="87.852"/>
</testsuite> <!-- Default test -->
