<?xml version="1.0" encoding="UTF-8"?>
<!-- Generated by org.testng.reporters.JUnitXMLReporter -->
<testsuite hostname="DESKTOP-35UG9UP" name="Default test" tests="3" failures="0" timestamp="3 Aug 2020 20:17:02 GMT" time="69.819" errors="0">
  <testcase name="login" time="9.809" classname="com.timp.test.MDR.ContratoIOF.ContratoIOFVisualizar"/>
  <testcase name="acessarMDR" time="11.516" classname="com.timp.test.MDR.ContratoIOF.ContratoIOFVisualizar"/>
  <testcase name="Visualizar" time="27.193" classname="com.timp.test.MDR.ContratoIOF.ContratoIOFVisualizar"/>
</testsuite> <!-- Default test -->
