<?xml version="1.0" encoding="UTF-8"?>
<!-- Generated by org.testng.reporters.JUnitXMLReporter -->
<testsuite hostname="DESKTOP-5P4F1JE" failures="0" tests="3" name="Default test" time="349.87" errors="0" timestamp="11 Jan 2021 22:31:42 GMT">
  <testcase classname="com.timp.test.BRE.RegrasDeAuditoriaN4.ParametrosGerais.RegrasDeAuditoriaN4LixeiraEmMassaMaisExcluirEmMassa" name="login" time="7.653"/>
  <testcase classname="com.timp.test.BRE.RegrasDeAuditoriaN4.ParametrosGerais.RegrasDeAuditoriaN4LixeiraEmMassaMaisExcluirEmMassa" name="acessarBRE" time="18.18"/>
  <testcase classname="com.timp.test.BRE.RegrasDeAuditoriaN4.ParametrosGerais.RegrasDeAuditoriaN4LixeiraEmMassaMaisExcluirEmMassa" name="criar" time="311.143"/>
</testsuite> <!-- Default test -->
