<?xml version="1.0" encoding="UTF-8"?>
<!-- Generated by org.testng.reporters.JUnitXMLReporter -->
<testsuite hostname="LitoSoler" name="Default test" tests="3" failures="0" timestamp="6 Jan 2021 11:02:32 GMT" time="126.56" errors="0">
  <testcase name="login" time="10.534" classname="com.timp.test.BRE.RegrasdeAuditoriaN1.ParametrosGerais.RegrasDeAuditoriaN1LixeiraMaisExcluirDefinitivamente"/>
  <testcase name="acessarBRE" time="22.034" classname="com.timp.test.BRE.RegrasdeAuditoriaN1.ParametrosGerais.RegrasDeAuditoriaN1LixeiraMaisExcluirDefinitivamente"/>
  <testcase name="excluir" time="80.887" classname="com.timp.test.BRE.RegrasdeAuditoriaN1.ParametrosGerais.RegrasDeAuditoriaN1LixeiraMaisExcluirDefinitivamente"/>
</testsuite> <!-- Default test -->
