<?xml version="1.0" encoding="UTF-8"?>
<!-- Generated by org.testng.reporters.JUnitXMLReporter -->
<testsuite ignored="0" hostname="DESKTOP-JP1A9E6" failures="0" tests="3" name="Default test" time="59.336" errors="0" timestamp="27 ago. 2021 14:35:20 GMT">
  <testcase classname="com.timp.test.BPMA.AtivadorDeProcessos.AtivadorDeProcessosPesquisaPorNomeDoProcesso" name="login" time="7.826"/>
  <testcase classname="com.timp.test.BPMA.AtivadorDeProcessos.AtivadorDeProcessosPesquisaPorNomeDoProcesso" name="acessarBPMA" time="19.009"/>
  <testcase classname="com.timp.test.BPMA.AtivadorDeProcessos.AtivadorDeProcessosPesquisaPorNomeDoProcesso" name="criar" time="11.416"/>
</testsuite> <!-- Default test -->
