<?xml version="1.0" encoding="UTF-8"?>
<!-- Generated by org.testng.reporters.JUnitXMLReporter -->
<testsuite hostname="MIGUEL" failures="0" tests="3" name="Default test" time="147.157" errors="0" timestamp="23 Nov 2020 19:53:40 GMT">
  <testcase classname="com.timp.test.BRE.RegrasDeAuditoriaN3.RegrasDeAuditoriaN3CriarMasCaminho" name="login" time="7.564"/>
  <testcase classname="com.timp.test.BRE.RegrasDeAuditoriaN3.RegrasDeAuditoriaN3CriarMasCaminho" name="acessarBRE" time="14.717"/>
  <testcase classname="com.timp.test.BRE.RegrasDeAuditoriaN3.RegrasDeAuditoriaN3CriarMasCaminho" name="criar" time="112.333"/>
</testsuite> <!-- Default test -->
