<?xml version="1.0" encoding="UTF-8"?>
<!-- Generated by org.testng.reporters.JUnitXMLReporter -->
<testsuite hostname="LitoSoler" name="Default test" tests="3" failures="0" timestamp="4 Sep 2020 21:22:02 GMT" time="126.976" errors="0">
  <testcase name="login" time="6.35" classname="com.timp.test.MDR.TabelasComplementaresParaObrigaçoesAcessorias.TabelaCodigoReceitas.TabelaCodigoReceitaExcluir"/>
  <testcase name="acessarMDR" time="40.155" classname="com.timp.test.MDR.TabelasComplementaresParaObrigaçoesAcessorias.TabelaCodigoReceitas.TabelaCodigoReceitaExcluir"/>
  <testcase name="excluir" time="67.076" classname="com.timp.test.MDR.TabelasComplementaresParaObrigaçoesAcessorias.TabelaCodigoReceitas.TabelaCodigoReceitaExcluir"/>
</testsuite> <!-- Default test -->
