<?xml version="1.0" encoding="UTF-8"?>
<!-- Generated by org.testng.reporters.JUnitXMLReporter -->
<testsuite hostname="DESKTOP-5P4F1JE" failures="0" tests="3" name="Default test" time="117.343" errors="0" timestamp="9 Jan 2021 20:03:39 GMT">
  <testcase classname="com.timp.test.BRE.RegrasDeAuditoriaN3.ParametrosGerais.RegrasDeAuditoriaN3Excluir" name="login" time="9.807"/>
  <testcase classname="com.timp.test.BRE.RegrasDeAuditoriaN3.ParametrosGerais.RegrasDeAuditoriaN3Excluir" name="acessarBRE" time="19.313"/>
  <testcase classname="com.timp.test.BRE.RegrasDeAuditoriaN3.ParametrosGerais.RegrasDeAuditoriaN3Excluir" name="criar" time="72.139"/>
</testsuite> <!-- Default test -->
