<?xml version="1.0" encoding="UTF-8"?>
<!-- Generated by org.testng.reporters.JUnitXMLReporter -->
<testsuite hostname="MIGUEL" failures="0" tests="3" name="Default test" time="221.515" errors="0" timestamp="25 Nov 2020 21:13:27 GMT">
  <testcase classname="com.timp.test.DFG.Configuracoes.ConfiguracoesCriar" name="ingresar" time="9.871"/>
  <testcase classname="com.timp.test.DFG.Configuracoes.ConfiguracoesCriar" name="mdrEntrar" time="14.536"/>
  <testcase classname="com.timp.test.DFG.Configuracoes.ConfiguracoesCriar" name="criar" time="181.367"/>
</testsuite> <!-- Default test -->
