<?xml version="1.0" encoding="UTF-8"?>
<!-- Generated by org.testng.reporters.JUnitXMLReporter -->
<testsuite hostname="MIGUEL" failures="0" tests="3" name="Default test" time="130.05" errors="0" timestamp="6 Jan 2021 02:48:31 GMT">
  <testcase classname="com.timp.test.TAA.Agendamento.AgendamentoCriar" name="ingresar" time="9.509"/>
  <testcase classname="com.timp.test.TAA.Agendamento.AgendamentoCriar" name="ingresarTAA" time="23.198"/>
  <testcase classname="com.timp.test.TAA.Agendamento.AgendamentoCriar" name="criar" time="78.572"/>
</testsuite> <!-- Default test -->
