<?xml version="1.0" encoding="UTF-8"?>
<!-- Generated by org.testng.reporters.JUnitXMLReporter -->
<testsuite hostname="DESKTOP-35UG9UP" name="Default test" tests="3" failures="0" timestamp="24 Jul 2020 15:58:56 GMT" time="68.159" errors="0">
  <testcase name="login" time="11.515" classname="com.timp.test.MDR.Centralizacao.EstornoCreditoFiltros"/>
  <testcase name="acessarMDR" time="13.104" classname="com.timp.test.MDR.Centralizacao.EstornoCreditoFiltros"/>
  <testcase name="filtro" time="23.999" classname="com.timp.test.MDR.Centralizacao.EstornoCreditoFiltros"/>
</testsuite> <!-- Default test -->
