<?xml version="1.0" encoding="UTF-8"?>
<!-- Generated by org.testng.reporters.JUnitXMLReporter -->
<testsuite hostname="CRISTHIAN-VASQUEZ" failures="0" tests="3" name="Default test" time="167.703" errors="0" timestamp="14 Dec 2020 14:33:31 GMT">
  <testcase classname="com.timp.test.BRE.RegrasDeAuditoriaN3.RegrasdeAuditoriaN3ValoresCalculados" name="login" time="6.948"/>
  <testcase classname="com.timp.test.BRE.RegrasDeAuditoriaN3.RegrasdeAuditoriaN3ValoresCalculados" name="acessarBRE" time="17.01"/>
  <testcase classname="com.timp.test.BRE.RegrasDeAuditoriaN3.RegrasdeAuditoriaN3ValoresCalculados" name="editar" time="131.705"/>
</testsuite> <!-- Default test -->
