<?xml version="1.0" encoding="UTF-8"?>
<!-- Generated by org.testng.reporters.JUnitXMLReporter -->
<testsuite hostname="LitoSoler" name="Default test" tests="3" failures="0" timestamp="2 Feb 2021 22:51:20 GMT" time="129.734" errors="0">
  <testcase name="login" time="7.1" classname="com.timp.test.MDR.TabelasApoioESocial.Tabela26.MotivosCesBeneficiosExcluir"/>
  <testcase name="acessarMDR" time="72.034" classname="com.timp.test.MDR.TabelasApoioESocial.Tabela26.MotivosCesBeneficiosExcluir"/>
  <testcase name="excluir" time="39.09" classname="com.timp.test.MDR.TabelasApoioESocial.Tabela26.MotivosCesBeneficiosExcluir"/>
</testsuite> <!-- Default test -->
