<?xml version="1.0" encoding="UTF-8"?>
<!-- Generated by org.testng.reporters.JUnitXMLReporter -->
<testsuite hostname="MIGUEL" failures="0" tests="13" name="Default test" time="376.797" errors="0" timestamp="24 Dec 2020 04:33:26 GMT">
  <testcase classname="com.timp.test.DFG.SPED.ESocial.Eventos.S1210.S1210ExcluirDadosDoEvento" name="ingresar" time="8.061"/>
  <testcase classname="com.timp.test.DFG.SPED.ESocial.Eventos.S1210.S1210ExcluirDadosDoEvento" name="dfgEntrar" time="20.207"/>
  <testcase classname="com.timp.test.DFG.SPED.ESocial.Eventos.S1210.S1210ExcluirDadosDoEvento" name="criarNovoEvento" time="56.239"/>
  <testcase classname="com.timp.test.DFG.SPED.ESocial.Eventos.S1210.S1210ExcluirDadosDoEvento" name="informacao" time="19.043"/>
  <testcase classname="com.timp.test.DFG.SPED.ESocial.Eventos.S1210.S1210ExcluirDadosDoEvento" name="editar" time="40.113"/>
  <testcase classname="com.timp.test.DFG.SPED.ESocial.Eventos.S1210.S1210ExcluirDadosDoEvento" name="visualizar" time="24.602"/>
  <testcase classname="com.timp.test.DFG.SPED.ESocial.Eventos.S1210.S1210ExcluirDadosDoEvento" name="execucao" time="68.301"/>
  <testcase classname="com.timp.test.DFG.SPED.ESocial.Eventos.S1210.S1210ExcluirDadosDoEvento" name="gravar" time="10.401"/>
  <testcase classname="com.timp.test.DFG.SPED.ESocial.Eventos.S1210.S1210ExcluirDadosDoEvento" name="visualizarCriarAN3" time="24.579"/>
  <testcase classname="com.timp.test.DFG.SPED.ESocial.Eventos.S1210.S1210ExcluirDadosDoEvento" name="gravarAN3" time="40.907"/>
  <testcase classname="com.timp.test.DFG.SPED.ESocial.Eventos.S1210.S1210ExcluirDadosDoEvento" name="informacao2" time="31.758"/>
  <testcase classname="com.timp.test.DFG.SPED.ESocial.Eventos.S1210.S1210ExcluirDadosDoEvento" name="enviarSeleccionado" time="10.057"/>
  <testcase classname="com.timp.test.DFG.SPED.ESocial.Eventos.S1210.S1210ExcluirDadosDoEvento" name="enviarPendencias" time="8.724"/>
</testsuite> <!-- Default test -->
