<?xml version="1.0" encoding="UTF-8"?>
<!-- Generated by org.testng.reporters.JUnitXMLReporter -->
<testsuite hostname="LitoSoler" name="Default test" tests="3" failures="0" timestamp="28 Jul 2020 17:21:33 GMT" time="116.862" errors="0">
  <testcase name="login" time="6.348" classname="com.timp.test.MDR.SequenciaAcesso.SequenciaEditar"/>
  <testcase name="acessarMDR" time="22.574" classname="com.timp.test.MDR.SequenciaAcesso.SequenciaEditar"/>
  <testcase name="Editar" time="77.048" classname="com.timp.test.MDR.SequenciaAcesso.SequenciaEditar"/>
</testsuite> <!-- Default test -->
