<?xml version="1.0" encoding="UTF-8"?>
<!-- Generated by org.testng.reporters.JUnitXMLReporter -->
<testsuite hostname="DESKTOP-BNBDMGT" failures="0" tests="3" name="Default test" time="207.897" errors="0" timestamp="18 Dec 2020 15:35:01 GMT">
  <testcase classname="com.timp.test.MDR.LimiteCompetencia.LimiteCompetenciaFiltrosAvansados" name="ingresar" time="8.65"/>
  <testcase classname="com.timp.test.MDR.LimiteCompetencia.LimiteCompetenciaFiltrosAvansados" name="ingresarMDR" time="31.812"/>
  <testcase classname="com.timp.test.MDR.LimiteCompetencia.LimiteCompetenciaFiltrosAvansados" name="Filtro" time="148.509"/>
</testsuite> <!-- Default test -->
