<?xml version="1.0" encoding="UTF-8"?>
<!-- Generated by org.testng.reporters.JUnitXMLReporter -->
<testsuite ignored="0" hostname="CRISTHIAN-VASQUEZ" failures="0" tests="3" name="Default test" time="337.112" errors="0" timestamp="28 feb. 2021 01:11:26 GMT">
  <testcase classname="com.timp.test.BRE.RegrasdeAuditoriaN1.ParametrosGerais.RegrasdeAuditoriaN1EdiçãoEstruturas" name="login" time="14.513"/>
  <testcase classname="com.timp.test.BRE.RegrasdeAuditoriaN1.ParametrosGerais.RegrasdeAuditoriaN1EdiçãoEstruturas" name="acessarBRE" time="20.491"/>
  <testcase classname="com.timp.test.BRE.RegrasdeAuditoriaN1.ParametrosGerais.RegrasdeAuditoriaN1EdiçãoEstruturas" name="editar" time="289.117"/>
</testsuite> <!-- Default test -->
