<?xml version="1.0" encoding="UTF-8"?>
<!-- Generated by org.testng.reporters.JUnitXMLReporter -->
<testsuite hostname="LitoSoler" name="Default test" tests="3" failures="0" timestamp="21 Oct 2020 20:59:41 GMT" time="86.941" errors="0">
  <testcase name="login" time="8.847" classname="com.timp.test.MDR.TabelasApoioESocial.Tabela12.CompatibilidadeEntreLotacaoExcluir"/>
  <testcase name="acessarMDR" time="27.232" classname="com.timp.test.MDR.TabelasApoioESocial.Tabela12.CompatibilidadeEntreLotacaoExcluir"/>
  <testcase name="excluir" time="38.908" classname="com.timp.test.MDR.TabelasApoioESocial.Tabela12.CompatibilidadeEntreLotacaoExcluir"/>
</testsuite> <!-- Default test -->
