<?xml version="1.0" encoding="UTF-8"?>
<!-- Generated by org.testng.reporters.JUnitXMLReporter -->
<testsuite hostname="DESKTOP-35UG9UP" name="Default test" tests="3" failures="0" timestamp="14 Aug 2020 18:31:53 GMT" time="134.336" errors="0">
  <testcase name="login" time="10.412" classname="com.timp.test.MDR.TabelasApoioSped.TabelaCodigoDaSituaçaoTributaria.TabelaCodigoDaSituaçaoTributariaVisualizar"/>
  <testcase name="acessarMDR" time="37.933" classname="com.timp.test.MDR.TabelasApoioSped.TabelaCodigoDaSituaçaoTributaria.TabelaCodigoDaSituaçaoTributariaVisualizar"/>
  <testcase name="Visualizar" time="68.955" classname="com.timp.test.MDR.TabelasApoioSped.TabelaCodigoDaSituaçaoTributaria.TabelaCodigoDaSituaçaoTributariaVisualizar"/>
</testsuite> <!-- Default test -->
