<?xml version="1.0" encoding="UTF-8"?>
<!-- Generated by org.testng.reporters.JUnitXMLReporter -->
<testsuite hostname="DESKTOP-5P4F1JE" failures="0" tests="3" name="Default test" time="212.795" errors="0" timestamp="2 Feb 2021 17:32:13 GMT">
  <testcase classname="com.timp.test.TDK.Dashboard.Edicao.DashboardLinksRapidosExcluir" name="login" time="9.495"/>
  <testcase classname="com.timp.test.TDK.Dashboard.Edicao.DashboardLinksRapidosExcluir" name="acessarTDK" time="24.46"/>
  <testcase classname="com.timp.test.TDK.Dashboard.Edicao.DashboardLinksRapidosExcluir" name="linkrapidoexcluir" time="164.811"/>
</testsuite> <!-- Default test -->
