<?xml version="1.0" encoding="UTF-8"?>
<!-- Generated by org.testng.reporters.JUnitXMLReporter -->
<testsuite hostname="LitoSoler" name="Default test" tests="4" failures="0" timestamp="20 Oct 2020 16:24:45 GMT" time="163.072" errors="0">
  <testcase name="login" time="7.032" classname="com.timp.test.BRB.NovoRelatorio"/>
  <testcase name="brbEntrar" time="18.327" classname="com.timp.test.BRB.NovoRelatorio"/>
  <testcase name="novoRelatorio" time="46.361" classname="com.timp.test.BRB.NovoRelatorio"/>
  <testcase name="colunas" time="75.892" classname="com.timp.test.BRB.NovoRelatorio"/>
</testsuite> <!-- Default test -->
