<?xml version="1.0" encoding="UTF-8"?>
<!-- Generated by org.testng.reporters.JUnitXMLReporter -->
<testsuite hostname="DESKTOP-35UG9UP" name="Default test" tests="3" failures="0" timestamp="29 Jul 2020 15:23:58 GMT" time="100.992" errors="0">
  <testcase name="login" time="10.038" classname="com.timp.test.MDR.CadastroCondiçao.CadastroCondicaoEditar"/>
  <testcase name="acessarMDR" time="11.318" classname="com.timp.test.MDR.CadastroCondiçao.CadastroCondicaoEditar"/>
  <testcase name="criar" time="62.3" classname="com.timp.test.MDR.CadastroCondiçao.CadastroCondicaoEditar"/>
</testsuite> <!-- Default test -->
