<?xml version="1.0" encoding="UTF-8"?>
<!-- Generated by org.testng.reporters.JUnitXMLReporter -->
<testsuite hostname="MIGUEL" failures="0" tests="15" name="Default test" time="419.9" errors="0" timestamp="23 Dec 2020 03:33:03 GMT">
  <testcase classname="com.timp.test.DFG.SPED.ESOCIAL.Eventos.S1210PagamentosDeRendimentosDoTrabalho.Funcionalidades" name="ingresar" time="8.865"/>
  <testcase classname="com.timp.test.DFG.SPED.ESOCIAL.Eventos.S1210PagamentosDeRendimentosDoTrabalho.Funcionalidades" name="dfgEntrar" time="17.944"/>
  <testcase classname="com.timp.test.DFG.SPED.ESOCIAL.Eventos.S1210PagamentosDeRendimentosDoTrabalho.Funcionalidades" name="criarNovoEvento" time="56.983"/>
  <testcase classname="com.timp.test.DFG.SPED.ESOCIAL.Eventos.S1210PagamentosDeRendimentosDoTrabalho.Funcionalidades" name="informacao" time="19.155"/>
  <testcase classname="com.timp.test.DFG.SPED.ESOCIAL.Eventos.S1210PagamentosDeRendimentosDoTrabalho.Funcionalidades" name="editar" time="41.742"/>
  <testcase classname="com.timp.test.DFG.SPED.ESOCIAL.Eventos.S1210PagamentosDeRendimentosDoTrabalho.Funcionalidades" name="visualizar" time="24.825"/>
  <testcase classname="com.timp.test.DFG.SPED.ESOCIAL.Eventos.S1210PagamentosDeRendimentosDoTrabalho.Funcionalidades" name="execucao" time="67.214"/>
  <testcase classname="com.timp.test.DFG.SPED.ESOCIAL.Eventos.S1210PagamentosDeRendimentosDoTrabalho.Funcionalidades" name="gravar" time="10.01"/>
  <testcase classname="com.timp.test.DFG.SPED.ESOCIAL.Eventos.S1210PagamentosDeRendimentosDoTrabalho.Funcionalidades" name="atualizarEstructuras" time="16.188"/>
  <testcase classname="com.timp.test.DFG.SPED.ESOCIAL.Eventos.S1210PagamentosDeRendimentosDoTrabalho.Funcionalidades" name="visualizarCriarAN3" time="27.478"/>
  <testcase classname="com.timp.test.DFG.SPED.ESOCIAL.Eventos.S1210PagamentosDeRendimentosDoTrabalho.Funcionalidades" name="visualizarActualizacoes" time="26.735"/>
  <testcase classname="com.timp.test.DFG.SPED.ESOCIAL.Eventos.S1210PagamentosDeRendimentosDoTrabalho.Funcionalidades" name="gravarAN3" time="41.025"/>
  <testcase classname="com.timp.test.DFG.SPED.ESOCIAL.Eventos.S1210PagamentosDeRendimentosDoTrabalho.Funcionalidades" name="informacao2" time="22.159"/>
  <testcase classname="com.timp.test.DFG.SPED.ESOCIAL.Eventos.S1210PagamentosDeRendimentosDoTrabalho.Funcionalidades" name="enviarSeleccionado" time="13.08"/>
  <testcase classname="com.timp.test.DFG.SPED.ESOCIAL.Eventos.S1210PagamentosDeRendimentosDoTrabalho.Funcionalidades" name="enviarPendencias" time="9.324"/>
</testsuite> <!-- Default test -->
