<?xml version="1.0" encoding="UTF-8"?>
<!-- Generated by org.testng.reporters.JUnitXMLReporter -->
<testsuite hostname="DESKTOP-35UG9UP" name="Default test" tests="3" failures="0" timestamp="29 Jul 2020 16:52:06 GMT" time="168.218" errors="0">
  <testcase name="login" time="9.962" classname="com.timp.test.MDR.CadastroCondiçao.CadastroCondicaoEditar"/>
  <testcase name="acessarMDR" time="34.124" classname="com.timp.test.MDR.CadastroCondiçao.CadastroCondicaoEditar"/>
  <testcase name="criar" time="110.068" classname="com.timp.test.MDR.CadastroCondiçao.CadastroCondicaoEditar"/>
</testsuite> <!-- Default test -->
