<?xml version="1.0" encoding="UTF-8"?>
<!-- Generated by org.testng.reporters.JUnitXMLReporter -->
<testsuite hostname="DESKTOP-5P4F1JE" failures="0" tests="3" name="Default test" time="120.669" errors="0" timestamp="1 Feb 2021 20:55:48 GMT">
  <testcase classname="com.timp.test.TDK.Dashboard.Edicao.DashboardCartaoIndicadorExcluir" name="login" time="10.734"/>
  <testcase classname="com.timp.test.TDK.Dashboard.Edicao.DashboardCartaoIndicadorExcluir" name="acessarTDK" time="23.829"/>
  <testcase classname="com.timp.test.TDK.Dashboard.Edicao.DashboardCartaoIndicadorExcluir" name="cartaoindicadroexcluir" time="72.44"/>
</testsuite> <!-- Default test -->
