<?xml version="1.0" encoding="UTF-8"?>
<!-- Generated by org.testng.reporters.JUnitXMLReporter -->
<testsuite hostname="LitoSoler" name="Default test" tests="3" failures="0" timestamp="13 Nov 2020 16:19:47 GMT" time="158.465" errors="0">
  <testcase name="login" time="9.019" classname="com.timp.test.MDR.TabelasApoioESocial.Tabela21.NaturezaJuridicaExcluir"/>
  <testcase name="acessarMDR" time="84.499" classname="com.timp.test.MDR.TabelasApoioESocial.Tabela21.NaturezaJuridicaExcluir"/>
  <testcase name="excluir" time="41.424" classname="com.timp.test.MDR.TabelasApoioESocial.Tabela21.NaturezaJuridicaExcluir"/>
</testsuite> <!-- Default test -->
