<?xml version="1.0" encoding="UTF-8"?>
<!-- Generated by org.testng.reporters.JUnitXMLReporter -->
<testsuite hostname="DESKTOP-35UG9UP" name="Default test" tests="3" failures="0" timestamp="3 Sep 2020 12:45:51 GMT" time="131.358" errors="0">
  <testcase name="login" time="9.774" classname="com.timp.test.MDR.TabelasComplementaresParaObrigaçoesAcessorias.TabelaDeIsencoes.TabelaDeIsencoesEditar"/>
  <testcase name="acessarMDR" time="11.882" classname="com.timp.test.MDR.TabelasComplementaresParaObrigaçoesAcessorias.TabelaDeIsencoes.TabelaDeIsencoesEditar"/>
  <testcase name="editar" time="89.141" classname="com.timp.test.MDR.TabelasComplementaresParaObrigaçoesAcessorias.TabelaDeIsencoes.TabelaDeIsencoesEditar"/>
</testsuite> <!-- Default test -->
