<?xml version="1.0" encoding="UTF-8"?>
<!-- Generated by org.testng.reporters.JUnitXMLReporter -->
<testsuite hostname="LitoSoler" name="Default test" tests="6" failures="0" timestamp="10 Dec 2020 20:55:20 GMT" time="191.732" errors="0">
  <testcase name="ingresar" time="8.454" classname="com.timp.test.DFG.SPED.EFDICMSIPI.EFDICMSIPICriar"/>
  <testcase name="mdrEntrar" time="29.885" classname="com.timp.test.DFG.SPED.EFDICMSIPI.EFDICMSIPICriar"/>
  <testcase name="criar" time="71.009" classname="com.timp.test.DFG.SPED.EFDICMSIPI.EFDICMSIPICriar"/>
  <testcase name="editar" time="0.001" classname="com.timp.test.DFG.SPED.EFDICMSIPI.EFDICMSIPICriar"/>
  <testcase name="informacoes" time="26.811" classname="com.timp.test.DFG.SPED.EFDICMSIPI.EFDICMSIPICriar"/>
  <testcase name="blocoApuracao" time="39.972" classname="com.timp.test.DFG.SPED.EFDICMSIPI.EFDICMSIPICriar"/>
</testsuite> <!-- Default test -->
