<?xml version="1.0" encoding="UTF-8"?>
<!-- Generated by org.testng.reporters.JUnitXMLReporter -->
<testsuite hostname="DESKTOP-HB7TMPD" failures="0" tests="3" name="Default test" time="94.572" errors="0" timestamp="30 Oct 2020 01:25:49 GMT">
  <testcase classname="com.timp.test.MDR.TabelaApoioECD.EliminacoesDaConsolidacao.EliminacoesDaConsolidacaoVisualizar" name="ingresar" time="9.593"/>
  <testcase classname="com.timp.test.MDR.TabelaApoioECD.EliminacoesDaConsolidacao.EliminacoesDaConsolidacaoVisualizar" name="mdrEntrar" time="11.012"/>
  <testcase classname="com.timp.test.MDR.TabelaApoioECD.EliminacoesDaConsolidacao.EliminacoesDaConsolidacaoVisualizar" name="detalheElimacoeDaConsolidacao" time="60.102"/>
</testsuite> <!-- Default test -->
