<?xml version="1.0" encoding="UTF-8"?>
<!-- Generated by org.testng.reporters.JUnitXMLReporter -->
<testsuite hostname="DESKTOP-5P4F1JE" failures="0" tests="3" name="Default test" time="80.267" errors="0" timestamp="26 Oct 2020 20:19:33 GMT">
  <testcase classname="com.timp.test.MDR.TabelasApoioESocial.Tabela01.CategoriasDeTrabalhadoresExcluir" name="login" time="7.547"/>
  <testcase classname="com.timp.test.MDR.TabelasApoioESocial.Tabela01.CategoriasDeTrabalhadoresExcluir" name="acessarMDR" time="21.413"/>
  <testcase classname="com.timp.test.MDR.TabelasApoioESocial.Tabela01.CategoriasDeTrabalhadoresExcluir" name="excluir" time="38.848"/>
</testsuite> <!-- Default test -->
