<?xml version="1.0" encoding="UTF-8"?>
<!-- Generated by org.testng.reporters.JUnitXMLReporter -->
<testsuite hostname="LitoSoler" name="Default test" tests="3" failures="0" timestamp="2 Sep 2020 01:57:11 GMT" time="194.275" errors="0">
  <testcase name="login" time="8.247" classname="com.timp.test.MDR.TabelasApoioSped.CodigoTipoCredito.CodigoTipoCreditoVisualizar"/>
  <testcase name="acessarMDR" time="108.34" classname="com.timp.test.MDR.TabelasApoioSped.CodigoTipoCredito.CodigoTipoCreditoVisualizar"/>
  <testcase name="Visualizar" time="59.608" classname="com.timp.test.MDR.TabelasApoioSped.CodigoTipoCredito.CodigoTipoCreditoVisualizar"/>
</testsuite> <!-- Default test -->
