<?xml version="1.0" encoding="UTF-8"?>
<!-- Generated by org.testng.reporters.JUnitXMLReporter -->
<testsuite hostname="DESKTOP-SUF121B" failures="0" tests="3" name="Default test" time="80.127" errors="0" timestamp="28 Jul 2020 23:52:43 GMT">
  <testcase classname="com.timp.test.MDR.CEP.Logradouro.LogradouroFiltros" name="login" time="8.594"/>
  <testcase classname="com.timp.test.MDR.CEP.Logradouro.LogradouroFiltros" name="acessarMDR" time="32.101"/>
  <testcase classname="com.timp.test.MDR.CEP.Logradouro.LogradouroFiltros" name="logradouroFiltros" time="24.711"/>
</testsuite> <!-- Default test -->
