<?xml version="1.0" encoding="UTF-8"?>
<!-- Generated by org.testng.reporters.JUnitXMLReporter -->
<testsuite hostname="MIGUEL" failures="0" tests="3" name="Default test" time="151.416" errors="0" timestamp="25 Nov 2020 03:42:32 GMT">
  <testcase classname="com.timp.test.BRE.RegrasDeAuditoriaN3.RegrasDeAuditoriaN3CriarMasCriarComCopia" name="login" time="8.461"/>
  <testcase classname="com.timp.test.BRE.RegrasDeAuditoriaN3.RegrasDeAuditoriaN3CriarMasCriarComCopia" name="acessarBRE" time="13.363"/>
  <testcase classname="com.timp.test.BRE.RegrasDeAuditoriaN3.RegrasDeAuditoriaN3CriarMasCriarComCopia" name="criarComCopia" time="113.069"/>
</testsuite> <!-- Default test -->
