<?xml version="1.0" encoding="UTF-8"?>
<!-- Generated by org.testng.reporters.JUnitXMLReporter -->
<testsuite hostname="DESKTOP-5P4F1JE" failures="0" tests="3" name="Default test" time="197.664" errors="0" timestamp="23 Nov 2020 20:23:17 GMT">
  <testcase classname="com.timp.test.MDR.TabelasApoioESocial.DiagnosticoDeProcessos.DiagnosticoDeProcessosExcluirEmMassa" name="login" time="9.312"/>
  <testcase classname="com.timp.test.MDR.TabelasApoioESocial.DiagnosticoDeProcessos.DiagnosticoDeProcessosExcluirEmMassa" name="acessarMDR" time="11.706"/>
  <testcase classname="com.timp.test.MDR.TabelasApoioESocial.DiagnosticoDeProcessos.DiagnosticoDeProcessosExcluirEmMassa" name="criar" time="162.335"/>
</testsuite> <!-- Default test -->
