<?xml version="1.0" encoding="UTF-8"?>
<!-- Generated by org.testng.reporters.JUnitXMLReporter -->
<testsuite hostname="LitoSoler" name="Default test" tests="3" failures="0" timestamp="25 Sep 2020 19:45:21 GMT" time="82.177" errors="0">
  <testcase name="login" time="7.009" classname="com.timp.test.MDR.CadastrosIRPJCSLL.ContasParteBLALUR.ContasParteBLALURExcluir"/>
  <testcase name="acessarMDR" time="9.156" classname="com.timp.test.MDR.CadastrosIRPJCSLL.ContasParteBLALUR.ContasParteBLALURExcluir"/>
  <testcase name="excluir" time="54.386" classname="com.timp.test.MDR.CadastrosIRPJCSLL.ContasParteBLALUR.ContasParteBLALURExcluir"/>
</testsuite> <!-- Default test -->
