<?xml version="1.0" encoding="UTF-8"?>
<!-- Generated by org.testng.reporters.JUnitXMLReporter -->
<testsuite hostname="LitoSoler" name="Default test" tests="3" failures="0" timestamp="12 Nov 2020 19:18:35 GMT" time="106.849" errors="0">
  <testcase name="ingresar" time="6.134" classname="com.timp.test.MDR.TabelasApoioESocial.Tabela20.TiposDeLogradouroExcluirEmMasa"/>
  <testcase name="mdrEntrar" time="15.549" classname="com.timp.test.MDR.TabelasApoioESocial.Tabela20.TiposDeLogradouroExcluirEmMasa"/>
  <testcase name="excluir" time="72.666" classname="com.timp.test.MDR.TabelasApoioESocial.Tabela20.TiposDeLogradouroExcluirEmMasa"/>
</testsuite> <!-- Default test -->
