<?xml version="1.0" encoding="UTF-8"?>
<!-- Generated by org.testng.reporters.JUnitXMLReporter -->
<testsuite hostname="DESKTOP-BNBDMGT" failures="0" tests="3" name="Default test" time="104.434" errors="0" timestamp="29 Jan 2021 18:07:35 GMT">
  <testcase classname="com.timp.test.TCC.GestaoDeCreditoTributarioICMS.Executados.PainelCreditoICMS.PainelCreditoICMSExcluir" name="login" time="8.92"/>
  <testcase classname="com.timp.test.TCC.GestaoDeCreditoTributarioICMS.Executados.PainelCreditoICMS.PainelCreditoICMSExcluir" name="acessarTCC" time="33.169"/>
  <testcase classname="com.timp.test.TCC.GestaoDeCreditoTributarioICMS.Executados.PainelCreditoICMS.PainelCreditoICMSExcluir" name="excluir" time="46.041"/>
</testsuite> <!-- Default test -->
