<?xml version="1.0" encoding="UTF-8"?>
<!-- Generated by org.testng.reporters.JUnitXMLReporter -->
<testsuite hostname="DESKTOP-35UG9UP" name="Default test" tests="4" failures="0" timestamp="1 Oct 2020 13:17:50 GMT" time="260.087" errors="0">
  <testcase name="login" time="17.123" classname="com.timp.test.BRB.Eliminar"/>
  <testcase name="brbEntrar" time="56.202" classname="com.timp.test.BRB.Eliminar"/>
  <testcase name="eliminar" time="69.931" classname="com.timp.test.BRB.Eliminar"/>
  <testcase name="eliminarLixeira" time="96.155" classname="com.timp.test.BRB.Eliminar"/>
</testsuite> <!-- Default test -->
