<?xml version="1.0" encoding="UTF-8"?>
<!-- Generated by org.testng.reporters.JUnitXMLReporter -->
<testsuite hostname="LitoSoler" name="Default test" tests="3" failures="0" timestamp="31 Jul 2020 20:38:58 GMT" time="88.086" errors="0">
  <testcase name="login" time="7.681" classname="com.timp.test.MDR.CodigoContabilizacao.CodigoContabalizacaoVisualizar"/>
  <testcase name="acessarMDR" time="28.314" classname="com.timp.test.MDR.CodigoContabilizacao.CodigoContabalizacaoVisualizar"/>
  <testcase name="Visualizar" time="39.77" classname="com.timp.test.MDR.CodigoContabilizacao.CodigoContabalizacaoVisualizar"/>
</testsuite> <!-- Default test -->
