<?xml version="1.0" encoding="UTF-8"?>
<!-- Generated by org.testng.reporters.JUnitXMLReporter -->
<testsuite hostname="LitoSoler" name="Default test" tests="4" failures="0" timestamp="18 Oct 2020 22:48:44 GMT" time="126.962" errors="0">
  <testcase name="login" time="7.393" classname="com.timp.test.BRB.Eliminar"/>
  <testcase name="brbEntrar" time="28.168" classname="com.timp.test.BRB.Eliminar"/>
  <testcase name="eliminar" time="37.243" classname="com.timp.test.BRB.Eliminar"/>
  <testcase name="eliminarLixeira" time="37.302" classname="com.timp.test.BRB.Eliminar"/>
</testsuite> <!-- Default test -->
