<?xml version="1.0" encoding="UTF-8"?>
<!-- Generated by org.testng.reporters.JUnitXMLReporter -->
<testsuite hostname="DESKTOP-SUF121B" failures="0" tests="3" name="Default test" time="112.923" errors="0" timestamp="29 Jul 2020 21:25:17 GMT">
  <testcase classname="com.timp.test.MDR.CEP.Logradouro.LogradouroVisualizar" name="login" time="11.181"/>
  <testcase classname="com.timp.test.MDR.CEP.Logradouro.LogradouroVisualizar" name="acessarMDR" time="38.658"/>
  <testcase classname="com.timp.test.MDR.CEP.Logradouro.LogradouroVisualizar" name="logradouroVisualizar" time="43.531"/>
</testsuite> <!-- Default test -->
