<?xml version="1.0" encoding="UTF-8"?>
<!-- Generated by org.testng.reporters.JUnitXMLReporter -->
<testsuite ignored="0" hostname="MassielV" failures="0" tests="2" name="Default test" time="300.235" errors="0" timestamp="27 nov. 2021 05:58:51 GMT">
  <testcase classname="com.timp.test.MDR.CodigoContabilizacao.CódigoContabilizaçãoExcluirMassa" name="criar" time="205.426"/>
  <testcase classname="com.timp.test.MDR.CodigoContabilizacao.CódigoContabilizaçãoExcluirMassa" name="exlcuir" time="73.452"/>
</testsuite> <!-- Default test -->
