<?xml version="1.0" encoding="UTF-8"?>
<!-- Generated by org.testng.reporters.JUnitXMLReporter -->
<testsuite hostname="CRISTHIAN-VASQUEZ" failures="0" tests="3" name="Default test" time="79.078" errors="0" timestamp="8 Dec 2020 23:56:51 GMT">
  <testcase classname="com.timp.test.BRE.BREGerenciarRegulamentosCriarEditarExcluir" name="login" time="6.657"/>
  <testcase classname="com.timp.test.BRE.BREGerenciarRegulamentosCriarEditarExcluir" name="acessarBRE" time="16.344"/>
  <testcase classname="com.timp.test.BRE.BREGerenciarRegulamentosCriarEditarExcluir" name="criar" time="41.309"/>
</testsuite> <!-- Default test -->
