<?xml version="1.0" encoding="UTF-8"?>
<!-- Generated by org.testng.reporters.JUnitXMLReporter -->
<testsuite hostname="LitoSoler" name="Default test" tests="4" failures="0" timestamp="23 Dec 2020 20:06:39 GMT" time="116.717" errors="0">
  <testcase name="login" time="6.19" classname="com.timp.test.BRB.Eliminar"/>
  <testcase name="brbEntrar" time="20.545" classname="com.timp.test.BRB.Eliminar"/>
  <testcase name="eliminar" time="39.85" classname="com.timp.test.BRB.Eliminar"/>
  <testcase name="eliminarLixeira" time="34.267" classname="com.timp.test.BRB.Eliminar"/>
</testsuite> <!-- Default test -->
