<?xml version="1.0" encoding="UTF-8"?>
<!-- Generated by org.testng.reporters.JUnitXMLReporter -->
<testsuite hostname="DESKTOP-35UG9UP" name="Default test" tests="3" failures="0" timestamp="23 Jul 2020 23:11:44 GMT" time="41.753" errors="0">
  <testcase name="login" time="9.376" classname="com.timp.test.MDR.Centralizacao.EstornoCreditoFiltros"/>
  <testcase name="acessarMDR" time="10.484" classname="com.timp.test.MDR.Centralizacao.EstornoCreditoFiltros"/>
  <testcase name="filtro" time="5.689" classname="com.timp.test.MDR.Centralizacao.EstornoCreditoFiltros"/>
</testsuite> <!-- Default test -->
