<?xml version="1.0" encoding="UTF-8"?>
<!-- Generated by org.testng.reporters.JUnitXMLReporter -->
<testsuite hostname="DESKTOP-SUF121B" failures="0" tests="3" name="Default test" time="119.632" errors="0" timestamp="18 Oct 2020 06:31:35 GMT">
  <testcase classname="com.timp.test.MDR.PrecoDeTransferencia.DefinicaoVinculacao.DefinicaoVinculacaoCriar" name="login" time="12.58"/>
  <testcase classname="com.timp.test.MDR.PrecoDeTransferencia.DefinicaoVinculacao.DefinicaoVinculacaoCriar" name="acessarMDR" time="14.811"/>
  <testcase classname="com.timp.test.MDR.PrecoDeTransferencia.DefinicaoVinculacao.DefinicaoVinculacaoCriar" name="criar" time="73.057"/>
</testsuite> <!-- Default test -->
