<?xml version="1.0" encoding="UTF-8"?>
<!-- Generated by org.testng.reporters.JUnitXMLReporter -->
<testsuite hostname="DESKTOP-5P4F1JE" failures="0" tests="3" name="Default test" time="67.676" errors="0" timestamp="29 Dec 2020 16:18:49 GMT">
  <testcase classname="com.timp.test.TBD.ConsultaDeDocumentos.ConsultaDeDocumentosFiltroPorID" name="login" time="11.808"/>
  <testcase classname="com.timp.test.TBD.ConsultaDeDocumentos.ConsultaDeDocumentosFiltroPorID" name="TBDEntrar" time="16.587"/>
  <testcase classname="com.timp.test.TBD.ConsultaDeDocumentos.ConsultaDeDocumentosFiltroPorID" name="filtro" time="18.798"/>
</testsuite> <!-- Default test -->
