<?xml version="1.0" encoding="UTF-8"?>
<!-- Generated by org.testng.reporters.JUnitXMLReporter -->
<testsuite hostname="MIGUEL" failures="0" tests="3" name="Default test" time="77.353" errors="0" timestamp="17 Nov 2020 01:15:54 GMT">
  <testcase classname="com.timp.test.MDR.TabelasApoioESocial.Tabela25.ParâmetrosParaEnvioDeMensagensDetalhes" name="ingresar" time="7.823"/>
  <testcase classname="com.timp.test.MDR.TabelasApoioESocial.Tabela25.ParâmetrosParaEnvioDeMensagensDetalhes" name="ingresarMDR" time="10.913"/>
  <testcase classname="com.timp.test.MDR.TabelasApoioESocial.Tabela25.ParâmetrosParaEnvioDeMensagensDetalhes" name="detalhes" time="41.533"/>
</testsuite> <!-- Default test -->
