<?xml version="1.0" encoding="UTF-8"?>
<!-- Generated by org.testng.reporters.JUnitXMLReporter -->
<testsuite hostname="LitoSoler" name="Default test" tests="4" failures="0" timestamp="21 Sep 2020 21:28:06 GMT" time="186.302" errors="0">
  <testcase name="login" time="7.321" classname="com.timp.test.BRB.Eliminar"/>
  <testcase name="brbEntrar" time="24.525" classname="com.timp.test.BRB.Eliminar"/>
  <testcase name="eliminar" time="68.266" classname="com.timp.test.BRB.Eliminar"/>
  <testcase name="eliminarLixeira" time="70.306" classname="com.timp.test.BRB.Eliminar"/>
</testsuite> <!-- Default test -->
