<?xml version="1.0" encoding="UTF-8"?>
<!-- Generated by org.testng.reporters.JUnitXMLReporter -->
<testsuite hostname="LitoSoler" name="Default test" tests="3" failures="0" timestamp="27 Jan 2021 22:26:53 GMT" time="80.832" errors="0">
  <testcase name="ingresar" time="6.559" classname="com.timp.test.SCANC.OficiosExtemporaneos.OficiosExtemporaneosFiltrosAvancados"/>
  <testcase name="scancEntrar" time="25.697" classname="com.timp.test.SCANC.OficiosExtemporaneos.OficiosExtemporaneosFiltrosAvancados"/>
  <testcase name="filtrosAvancados" time="37.192" classname="com.timp.test.SCANC.OficiosExtemporaneos.OficiosExtemporaneosFiltrosAvancados"/>
</testsuite> <!-- Default test -->
