<?xml version="1.0" encoding="UTF-8"?>
<!-- Generated by org.testng.reporters.JUnitXMLReporter -->
<testsuite hostname="LitoSoler" name="Default test" tests="3" failures="0" timestamp="14 Sep 2020 22:58:23 GMT" time="133.868" errors="0">
  <testcase name="login" time="9.171" classname="com.timp.test.MDR.ParametrosContabilizacao.MapeamentoContabil.MapeamentoContabilCriar"/>
  <testcase name="acessarMDR" time="28.498" classname="com.timp.test.MDR.ParametrosContabilizacao.MapeamentoContabil.MapeamentoContabilCriar"/>
  <testcase name="criar" time="81.117" classname="com.timp.test.MDR.ParametrosContabilizacao.MapeamentoContabil.MapeamentoContabilCriar"/>
</testsuite> <!-- Default test -->
