<?xml version="1.0" encoding="UTF-8"?>
<!-- Generated by org.testng.reporters.JUnitXMLReporter -->
<testsuite hostname="DESKTOP-SUF121B" failures="0" tests="3" name="Default test" time="59.066" errors="0" timestamp="24 Jul 2020 08:36:32 GMT">
  <testcase classname="com.timp.test.MDR.TributosCriar.TributosCriar" name="login" time="9.278"/>
  <testcase classname="com.timp.test.MDR.TributosCriar.TributosCriar" name="acessarMDR" time="11.843"/>
  <testcase classname="com.timp.test.MDR.TributosCriar.TributosCriar" name="tributoCriar" time="22.352"/>
</testsuite> <!-- Default test -->
