<?xml version="1.0" encoding="UTF-8"?>
<!-- Generated by org.testng.reporters.JUnitXMLReporter -->
<testsuite hostname="LitoSoler" name="Default test" tests="3" failures="0" timestamp="19 Oct 2020 22:15:36 GMT" time="113.804" errors="0">
  <testcase name="login" time="6.641" classname="com.timp.test.MDR.TabelasApoioESocial.Tabela14.AgenteCausadorDeAcidenteExcluir"/>
  <testcase name="acessarMDR" time="22.141" classname="com.timp.test.MDR.TabelasApoioESocial.Tabela14.AgenteCausadorDeAcidenteExcluir"/>
  <testcase name="excluirr" time="73.917" classname="com.timp.test.MDR.TabelasApoioESocial.Tabela14.AgenteCausadorDeAcidenteExcluir"/>
</testsuite> <!-- Default test -->
