<?xml version="1.0" encoding="UTF-8"?>
<!-- Generated by org.testng.reporters.JUnitXMLReporter -->
<testsuite hostname="DESKTOP-35UG9UP" name="Default test" tests="3" failures="0" timestamp="6 Aug 2020 12:57:27 GMT" time="132.3" errors="0">
  <testcase name="login" time="10.606" classname="com.timp.test.MDR.TabelasApoioSped.CodigoTipoCredito.ObservaçoesdoDocumentoFiscalCriar"/>
  <testcase name="acessarMDR" time="36.957" classname="com.timp.test.MDR.TabelasApoioSped.CodigoTipoCredito.ObservaçoesdoDocumentoFiscalCriar"/>
  <testcase name="criar" time="69.628" classname="com.timp.test.MDR.TabelasApoioSped.CodigoTipoCredito.ObservaçoesdoDocumentoFiscalCriar"/>
</testsuite> <!-- Default test -->
