<?xml version="1.0" encoding="UTF-8"?>
<!-- Generated by org.testng.reporters.JUnitXMLReporter -->
<testsuite hostname="DESKTOP-BNBDMGT" failures="0" tests="3" name="Default test" time="85.988" errors="0" timestamp="15 Feb 2021 06:05:16 GMT">
  <testcase classname="com.timp.test.TDK.Execucoes.MinhasExecuções.MeusFavoritos.MeusFavoritosFiltroId" name="login" time="7.893"/>
  <testcase classname="com.timp.test.TDK.Execucoes.MinhasExecuções.MeusFavoritos.MeusFavoritosFiltroId" name="acessarTDK" time="30.997"/>
  <testcase classname="com.timp.test.TDK.Execucoes.MinhasExecuções.MeusFavoritos.MeusFavoritosFiltroId" name="filtro" time="32.095"/>
</testsuite> <!-- Default test -->
