<?xml version="1.0" encoding="UTF-8"?>
<!-- Generated by org.testng.reporters.JUnitXMLReporter -->
<testsuite hostname="LitoSoler" name="Default test" tests="3" failures="0" timestamp="21 Jan 2021 00:15:00 GMT" time="77.753" errors="0">
  <testcase name="login" time="6.455" classname="com.timp.test.BCB.ParametrosGeraisHierarquiaLixeira"/>
  <testcase name="brbEntrar" time="14.62" classname="com.timp.test.BCB.ParametrosGeraisHierarquiaLixeira"/>
  <testcase name="excluir" time="43.275" classname="com.timp.test.BCB.ParametrosGeraisHierarquiaLixeira"/>
</testsuite> <!-- Default test -->
