<?xml version="1.0" encoding="UTF-8"?>
<!-- Generated by org.testng.reporters.JUnitXMLReporter -->
<testsuite hostname="LitoSoler" ignored="0" name="Default test" tests="2" failures="0" timestamp="17 feb 2021 21:46:17 GMT" time="190.145" errors="0">
  <testcase name="criar" time="136.747" classname="com.timp.test.MDR.CodigoContabilizacao.CódigoContabilizaçãoExcluirMassa"/>
  <testcase name="exlcuir" time="39.591" classname="com.timp.test.MDR.CodigoContabilizacao.CódigoContabilizaçãoExcluirMassa"/>
</testsuite> <!-- Default test -->
