<?xml version="1.0" encoding="UTF-8"?>
<!-- Generated by org.testng.reporters.JUnitXMLReporter -->
<testsuite hostname="LitoSoler" name="Default test" tests="3" failures="0" timestamp="25 Nov 2020 15:55:54 GMT" time="111.93" errors="0">
  <testcase name="ingresar" time="6.24" classname="com.timp.test.DFG.Configuracoes.ConfiguracoesEditar"/>
  <testcase name="mdrEntrar" time="16.734" classname="com.timp.test.DFG.Configuracoes.ConfiguracoesEditar"/>
  <testcase name="criar" time="73.84" classname="com.timp.test.DFG.Configuracoes.ConfiguracoesEditar"/>
</testsuite> <!-- Default test -->
