<?xml version="1.0" encoding="UTF-8"?>
<!-- Generated by org.testng.reporters.JUnitXMLReporter -->
<testsuite hostname="DESKTOP-HB7TMPD" failures="0" tests="3" name="Default test" time="81.51" errors="0" timestamp="25 Nov 2020 03:57:05 GMT">
  <testcase classname="com.timp.test.BCB.ParametrosGeraisHierarquiaLixeira" name="login" time="10.096"/>
  <testcase classname="com.timp.test.BCB.ParametrosGeraisHierarquiaLixeira" name="brbEntrar" time="14.567"/>
  <testcase classname="com.timp.test.BCB.ParametrosGeraisHierarquiaLixeira" name="excluir" time="42.298"/>
</testsuite> <!-- Default test -->
