<?xml version="1.0" encoding="UTF-8"?>
<!-- Generated by org.testng.reporters.JUnitXMLReporter -->
<testsuite hostname="MIGUEL" failures="0" tests="4" name="Default test" time="115.651" errors="0" timestamp="29 Oct 2020 20:50:03 GMT">
  <testcase classname="com.timp.test.MDR.TabelasApoioESocial.Tabela03.NaturezaDasRubricasExluirMassa" name="login" time="6.844"/>
  <testcase classname="com.timp.test.MDR.TabelasApoioESocial.Tabela03.NaturezaDasRubricasExluirMassa" name="acessarMDR" time="13.971"/>
  <testcase classname="com.timp.test.MDR.TabelasApoioESocial.Tabela03.NaturezaDasRubricasExluirMassa" name="criar" time="50.571"/>
  <testcase classname="com.timp.test.MDR.TabelasApoioESocial.Tabela03.NaturezaDasRubricasExluirMassa" name="excluirMassa" time="27.24"/>
</testsuite> <!-- Default test -->
