<?xml version="1.0" encoding="UTF-8"?>
<!-- Generated by org.testng.reporters.JUnitXMLReporter -->
<testsuite hostname="DESKTOP-35UG9UP" name="Default test" tests="3" failures="0" timestamp="30 Jul 2020 22:45:53 GMT" time="76.063" errors="0">
  <testcase name="login" time="9.592" classname="com.timp.test.MDR.CodigoContabilizacao.CodigoContabilizacaoCriar"/>
  <testcase name="acessarMDR" time="11.242" classname="com.timp.test.MDR.CodigoContabilizacao.CodigoContabilizacaoCriar"/>
  <testcase name="criar" time="38.63" classname="com.timp.test.MDR.CodigoContabilizacao.CodigoContabilizacaoCriar"/>
</testsuite> <!-- Default test -->
