<?xml version="1.0" encoding="UTF-8"?>
<!-- Generated by org.testng.reporters.JUnitXMLReporter -->
<testsuite hostname="CRISTHIAN-VASQUEZ" failures="0" tests="3" name="Default test" time="84.192" errors="0" timestamp="19 Jan 2021 14:29:35 GMT">
  <testcase classname="com.timp.test.MDR.TabelasComplementaresParaObrigaçoesAcessorias.SubItensValidos.SubItensValidosExcluir" name="login" time="7.308"/>
  <testcase classname="com.timp.test.MDR.TabelasComplementaresParaObrigaçoesAcessorias.SubItensValidos.SubItensValidosExcluir" name="acessarMDR" time="26.286"/>
  <testcase classname="com.timp.test.MDR.TabelasComplementaresParaObrigaçoesAcessorias.SubItensValidos.SubItensValidosExcluir" name="excluir" time="37.976"/>
</testsuite> <!-- Default test -->
