<?xml version="1.0" encoding="UTF-8"?>
<!-- Generated by org.testng.reporters.JUnitXMLReporter -->
<testsuite hostname="MIGUEL" failures="0" tests="3" name="Default test" time="84.442" errors="0" timestamp="11 Jan 2021 17:10:05 GMT">
  <testcase classname="com.timp.test.BRE.Lixeira.ParametrosGerais.LixeiraExcluir" name="login" time="7.671"/>
  <testcase classname="com.timp.test.BRE.Lixeira.ParametrosGerais.LixeiraExcluir" name="acessarBRE" time="12.232"/>
  <testcase classname="com.timp.test.BRE.Lixeira.ParametrosGerais.LixeiraExcluir" name="criar" time="52.453"/>
</testsuite> <!-- Default test -->
