<?xml version="1.0" encoding="UTF-8"?>
<!-- Generated by org.testng.reporters.JUnitXMLReporter -->
<testsuite hostname="DESKTOP-SUF121B" failures="0" tests="3" name="Default test" time="115.415" errors="0" timestamp="31 Jul 2020 07:22:06 GMT">
  <testcase classname="com.timp.test.MDR.CenariosCorrecao.CenariosCorrecaoVisualizar" name="login" time="8.859"/>
  <testcase classname="com.timp.test.MDR.CenariosCorrecao.CenariosCorrecaoVisualizar" name="acessarMDR" time="34.502"/>
  <testcase classname="com.timp.test.MDR.CenariosCorrecao.CenariosCorrecaoVisualizar" name="cenariosCorrecaoVisualizar" time="57.488"/>
</testsuite> <!-- Default test -->
