<?xml version="1.0" encoding="UTF-8"?>
<!-- Generated by org.testng.reporters.JUnitXMLReporter -->
<testsuite hostname="DESKTOP-35UG9UP" name="Default test" tests="3" failures="0" timestamp="28 Jul 2020 18:15:05 GMT" time="56.801" errors="0">
  <testcase name="login" time="10.622" classname="com.timp.test.MDR.CadastroCondiçao.CadastroCondicaoCriar"/>
  <testcase name="acessarMDR" time="30.148" classname="com.timp.test.MDR.CadastroCondiçao.CadastroCondicaoCriar"/>
  <testcase name="criar" time="0.13" classname="com.timp.test.MDR.CadastroCondiçao.CadastroCondicaoCriar"/>
</testsuite> <!-- Default test -->
