<?xml version="1.0" encoding="UTF-8"?>
<!-- Generated by org.testng.reporters.JUnitXMLReporter -->
<testsuite hostname="LitoSoler" name="Default test" tests="3" failures="0" timestamp="28 Jul 2020 20:16:17 GMT" time="68.661" errors="0">
  <testcase name="login" time="5.913" classname="com.timp.test.MDR.SequenciaAcesso.SequenciaVisualizar"/>
  <testcase name="acessarMDR" time="21.937" classname="com.timp.test.MDR.SequenciaAcesso.SequenciaVisualizar"/>
  <testcase name="Visualizar" time="30.33" classname="com.timp.test.MDR.SequenciaAcesso.SequenciaVisualizar"/>
</testsuite> <!-- Default test -->
