<?xml version="1.0" encoding="UTF-8"?>
<!-- Generated by org.testng.reporters.JUnitXMLReporter -->
<testsuite hostname="LitoSoler" name="Default test" tests="3" failures="0" timestamp="9 Aug 2020 19:33:39 GMT" time="67.601" errors="0">
  <testcase name="login" time="7.263" classname="com.timp.test.MDR.TabelasApoioSped.CodigoTipoCredito.CodigoTipoCreditoExcluir"/>
  <testcase name="acessarMDR" time="9.224" classname="com.timp.test.MDR.TabelasApoioSped.CodigoTipoCredito.CodigoTipoCreditoExcluir"/>
  <testcase name="criar" time="38.998" classname="com.timp.test.MDR.TabelasApoioSped.CodigoTipoCredito.CodigoTipoCreditoExcluir"/>
</testsuite> <!-- Default test -->
