<?xml version="1.0" encoding="UTF-8"?>
<!-- Generated by org.testng.reporters.JUnitXMLReporter -->
<testsuite hostname="LitoSoler" name="Default test" tests="3" failures="0" timestamp="8 Oct 2020 23:59:21 GMT" time="86.42" errors="0">
  <testcase name="login" time="7.092" classname="com.timp.test.MDR.TabelaDeApoioECF.TabelaDeApoioECFExcluir"/>
  <testcase name="acessarMDR" time="9.789" classname="com.timp.test.MDR.TabelaDeApoioECF.TabelaDeApoioECFExcluir"/>
  <testcase name="excluir" time="54.745" classname="com.timp.test.MDR.TabelaDeApoioECF.TabelaDeApoioECFExcluir"/>
</testsuite> <!-- Default test -->
