<?xml version="1.0" encoding="UTF-8"?>
<!-- Generated by org.testng.reporters.JUnitXMLReporter -->
<testsuite ignored="0" hostname="DESKTOP-BNBDMGT" failures="0" tests="3" name="Default test" time="152.633" errors="0" timestamp="01 mar. 2021 20:46:29 GMT">
  <testcase classname="com.timp.test.CALENDAR.Tarefas.TarefasGatewayAutomatico" name="login" time="21.573"/>
  <testcase classname="com.timp.test.CALENDAR.Tarefas.TarefasGatewayAutomatico" name="BPMAEntrar" time="26.992"/>
  <testcase classname="com.timp.test.CALENDAR.Tarefas.TarefasGatewayAutomatico" name="criar" time="56.572"/>
</testsuite> <!-- Default test -->
