<?xml version="1.0" encoding="UTF-8"?>
<!-- Generated by org.testng.reporters.JUnitXMLReporter -->
<testsuite ignored="0" hostname="EC2AMAZ-8HCHO4G" failures="0" tests="2" name="Default test" time="124.853" errors="0" timestamp="2023-05-10T21:13:32 UTC">
  <testcase classname="com.timp.test.ATR.Estruturas.MapeamentoDeParametrosDeEntrada.MapeamentoDeParametrosDeEntradaExcluirEmMassa" name="criar" time="94.633"/>
  <testcase classname="com.timp.test.ATR.Estruturas.MapeamentoDeParametrosDeEntrada.MapeamentoDeParametrosDeEntradaExcluirEmMassa" name="excluir" time="26.818"/>
</testsuite> <!-- Default test -->
