<?xml version="1.0" encoding="UTF-8"?>
<!-- Generated by org.testng.reporters.JUnitXMLReporter -->
<testsuite hostname="LitoSoler" name="Default test" tests="3" failures="0" timestamp="30 Nov 2020 21:03:33 GMT" time="165.556" errors="0">
  <testcase name="login" time="9.513" classname="com.timp.test.BRE.RegrasDeMensagens.Edicao.RegrasDeMensagensTabelas"/>
  <testcase name="acessarBRE" time="12.855" classname="com.timp.test.BRE.RegrasDeMensagens.Edicao.RegrasDeMensagensTabelas"/>
  <testcase name="editar" time="129.58" classname="com.timp.test.BRE.RegrasDeMensagens.Edicao.RegrasDeMensagensTabelas"/>
</testsuite> <!-- Default test -->
