<?xml version="1.0" encoding="UTF-8"?>
<!-- Generated by org.testng.reporters.JUnitXMLReporter -->
<testsuite ignored="0" hostname="DESKTOP-BNBDMGT" failures="0" tests="3" name="Default test" time="196.6" errors="0" timestamp="05 abr. 2021 20:56:39 GMT">
  <testcase classname="com.timp.test.CALENDAR.Tarefas.TarefasExecutarConfiguracaoBFB" name="login" time="51.933"/>
  <testcase classname="com.timp.test.CALENDAR.Tarefas.TarefasExecutarConfiguracaoBFB" name="acessarCalendar" time="45.498"/>
  <testcase classname="com.timp.test.CALENDAR.Tarefas.TarefasExecutarConfiguracaoBFB" name="CalendarEntrar" time="81.622"/>
</testsuite> <!-- Default test -->
