<?xml version="1.0" encoding="UTF-8"?>
<!-- Generated by org.testng.reporters.JUnitXMLReporter -->
<testsuite hostname="CRISTHIAN-VASQUEZ" failures="0" tests="3" name="Default test" time="279.681" errors="0" timestamp="26 Nov 2020 19:11:12 GMT">
  <testcase classname="com.timp.test.BRE.RegrasdeNegócioExcluirdefinitivamente" name="login" time="7.102"/>
  <testcase classname="com.timp.test.BRE.RegrasdeNegócioExcluirdefinitivamente" name="acessarBRE" time="15.693"/>
  <testcase classname="com.timp.test.BRE.RegrasdeNegócioExcluirdefinitivamente" name="criar" time="245.208"/>
</testsuite> <!-- Default test -->
