<?xml version="1.0" encoding="UTF-8"?>
<!-- Generated by org.testng.reporters.JUnitXMLReporter -->
<testsuite hostname="DESKTOP-35UG9UP" name="Default test" tests="3" failures="0" timestamp="27 Jul 2020 18:51:20 GMT" time="79.915" errors="0">
  <testcase name="login" time="9.533" classname="com.timp.test.MDR.SequenciaAcesso.SequenciaCriar"/>
  <testcase name="acessarMDR" time="11.824" classname="com.timp.test.MDR.SequenciaAcesso.SequenciaCriar"/>
  <testcase name="criar" time="42.267" classname="com.timp.test.MDR.SequenciaAcesso.SequenciaCriar"/>
</testsuite> <!-- Default test -->
