<?xml version="1.0" encoding="UTF-8"?>
<!-- Generated by org.testng.reporters.JUnitXMLReporter -->
<testsuite hostname="LitoSoler" name="Default test" tests="4" failures="0" timestamp="18 Aug 2020 02:49:10 GMT" time="188.011" errors="0">
  <testcase name="login" time="9.864" classname="com.timp.test.BRB.Eliminar"/>
  <testcase name="brbEntrar" time="28.29" classname="com.timp.test.BRB.Eliminar"/>
  <testcase name="eliminar" time="62.878" classname="com.timp.test.BRB.Eliminar"/>
  <testcase name="eliminarLixeira" time="65.627" classname="com.timp.test.BRB.Eliminar"/>
</testsuite> <!-- Default test -->
