<?xml version="1.0" encoding="UTF-8"?>
<!-- Generated by org.testng.reporters.JUnitXMLReporter -->
<testsuite hostname="LitoSoler" ignored="0" name="Default test" tests="2" failures="0" timestamp="17 feb 2021 02:04:06 GMT" time="187.904" errors="0">
  <testcase name="criar" time="148.539" classname="com.timp.test.MDR.ControleDeCreditoTributario.UtilizacaoDosCreditosNaApuracao.UtilizacaoDosCreditosNaApuracaoExcluirEmMassa"/>
  <testcase name="excluir" time="27.521" classname="com.timp.test.MDR.ControleDeCreditoTributario.UtilizacaoDosCreditosNaApuracao.UtilizacaoDosCreditosNaApuracaoExcluirEmMassa"/>
</testsuite> <!-- Default test -->
