<?xml version="1.0" encoding="UTF-8"?>
<!-- Generated by org.testng.reporters.JUnitXMLReporter -->
<testsuite ignored="0" hostname="DESKTOP-M23FVFN" failures="0" tests="2" name="Default test" time="378.795" errors="0" timestamp="22 dic. 2021 05:49:21 GMT">
  <testcase classname="com.timp.test.ATR.Estruturas.RelacionamentoEstruturas.RelacionamentoEstruturasExcluirEmMassa" name="criarRelacionamento" time="316.652"/>
  <testcase classname="com.timp.test.ATR.Estruturas.RelacionamentoEstruturas.RelacionamentoEstruturasExcluirEmMassa" name="excluirMassa" time="42.313"/>
</testsuite> <!-- Default test -->
