<?xml version="1.0" encoding="UTF-8"?>
<!-- Generated by org.testng.reporters.JUnitXMLReporter -->
<testsuite hostname="CRISTHIAN-VASQUEZ" failures="0" tests="3" name="Default test" time="113.673" errors="0" timestamp="25 Nov 2020 18:45:37 GMT">
  <testcase classname="com.timp.test.MDR.TabelasApoioESocial.Tabela29.CodigoDeTreinamentoESimulacoesDeExerciciosExcluir" name="login" time="8.509"/>
  <testcase classname="com.timp.test.MDR.TabelasApoioESocial.Tabela29.CodigoDeTreinamentoESimulacoesDeExerciciosExcluir" name="acessarMDR" time="11.927"/>
  <testcase classname="com.timp.test.MDR.TabelasApoioESocial.Tabela29.CodigoDeTreinamentoESimulacoesDeExerciciosExcluir" name="excluir" time="77.629"/>
</testsuite> <!-- Default test -->
