<?xml version="1.0" encoding="UTF-8"?>
<!-- Generated by org.testng.reporters.JUnitXMLReporter -->
<testsuite ignored="0" hostname="DESKTOP-BNBDMGT" failures="0" tests="2" name="Default test" time="134.604" errors="0" timestamp="28 mar. 2021 23:16:44 GMT">
  <testcase classname="com.timp.test.MDR.TipoDeTributoContaContabil.TipoDeTributoContaContabiExcluirMassa" name="criar" time="92.4"/>
  <testcase classname="com.timp.test.MDR.TipoDeTributoContaContabil.TipoDeTributoContaContabiExcluirMassa" name="excluir" time="25.306"/>
</testsuite> <!-- Default test -->
