<?xml version="1.0" encoding="UTF-8"?>
<!-- Generated by org.testng.reporters.JUnitXMLReporter -->
<testsuite hostname="DESKTOP-35UG9UP" name="Default test" tests="3" failures="0" timestamp="5 Aug 2020 15:47:23 GMT" time="66.391" errors="0">
  <testcase name="login" time="9.926" classname="com.timp.test.MDR.TabelasApoioSped.CodigoTipoCredito.InformaçoesAdicionaisCriar"/>
  <testcase name="acessarMDR" time="11.133" classname="com.timp.test.MDR.TabelasApoioSped.CodigoTipoCredito.InformaçoesAdicionaisCriar"/>
  <testcase name="criar" time="27.717" classname="com.timp.test.MDR.TabelasApoioSped.CodigoTipoCredito.InformaçoesAdicionaisCriar"/>
</testsuite> <!-- Default test -->
