<?xml version="1.0" encoding="UTF-8"?>
<!-- Generated by org.testng.reporters.JUnitXMLReporter -->
<testsuite hostname="DESKTOP-SUF121B" failures="0" tests="3" name="Default test" time="159.476" errors="0" timestamp="28 Jul 2020 22:27:02 GMT">
  <testcase classname="com.timp.test.MDR.CEP.Logradouro.LogradouroEditar" name="login" time="8.701"/>
  <testcase classname="com.timp.test.MDR.CEP.Logradouro.LogradouroEditar" name="acessarMDR" time="36.546"/>
  <testcase classname="com.timp.test.MDR.CEP.Logradouro.LogradouroEditar" name="logradouroEditar" time="98.181"/>
</testsuite> <!-- Default test -->
