<?xml version="1.0" encoding="UTF-8"?>
<!-- Generated by org.testng.reporters.JUnitXMLReporter -->
<testsuite hostname="LitoSoler" name="Default test" tests="3" failures="0" timestamp="23 Dec 2020 17:14:30 GMT" time="124.077" errors="0">
  <testcase name="ingresar" time="8.308" classname="com.timp.test.SCANC.RelatoriosRefineriaGerados.RRGConfiguracaoDeAjusteExcluir"/>
  <testcase name="scancEntrar" time="27.503" classname="com.timp.test.SCANC.RelatoriosRefineriaGerados.RRGConfiguracaoDeAjusteExcluir"/>
  <testcase name="excluir" time="69.563" classname="com.timp.test.SCANC.RelatoriosRefineriaGerados.RRGConfiguracaoDeAjusteExcluir"/>
</testsuite> <!-- Default test -->
