<?xml version="1.0" encoding="UTF-8"?>
<!-- Generated by org.testng.reporters.JUnitXMLReporter -->
<testsuite hostname="DESKTOP-35UG9UP" name="Default test" tests="3" failures="0" timestamp="9 Sep 2020 14:33:52 GMT" time="130.043" errors="0">
  <testcase name="login" time="10.049" classname="com.timp.test.MDR.TabelasComplementaresParaObrigaçoesAcessorias.TabelaDeDetalhamentosParaRegistro10.TabelaDeDetalhamentosParaRegistro10Editar"/>
  <testcase name="acessarMDR" time="11.539" classname="com.timp.test.MDR.TabelasComplementaresParaObrigaçoesAcessorias.TabelaDeDetalhamentosParaRegistro10.TabelaDeDetalhamentosParaRegistro10Editar"/>
  <testcase name="editar" time="86.967" classname="com.timp.test.MDR.TabelasComplementaresParaObrigaçoesAcessorias.TabelaDeDetalhamentosParaRegistro10.TabelaDeDetalhamentosParaRegistro10Editar"/>
</testsuite> <!-- Default test -->
