<?xml version="1.0" encoding="UTF-8"?>
<!-- Generated by org.testng.reporters.JUnitXMLReporter -->
<testsuite hostname="DESKTOP-5P4F1JE" failures="0" tests="3" name="Default test" time="224.963" errors="0" timestamp="20 Dec 2020 23:22:42 GMT">
  <testcase classname="com.timp.test.BRE.RegrasDeNegocio.ParametrosGerais.RegrasDeNegocioCriar" name="login" time="10.748"/>
  <testcase classname="com.timp.test.BRE.RegrasDeNegocio.ParametrosGerais.RegrasDeNegocioCriar" name="acessarBRE" time="17.638"/>
  <testcase classname="com.timp.test.BRE.RegrasDeNegocio.ParametrosGerais.RegrasDeNegocioCriar" name="criar" time="178.082"/>
</testsuite> <!-- Default test -->
