<?xml version="1.0" encoding="UTF-8"?>
<!-- Generated by org.testng.reporters.JUnitXMLReporter -->
<testsuite hostname="CRISTHIAN-VASQUEZ" failures="0" tests="3" name="Default test" time="202.007" errors="0" timestamp="17 Nov 2020 13:11:50 GMT">
  <testcase classname="com.timp.test.MDR.SPCBFederaisRetidos.SPCBFederaisRetidosCriar" name="login" time="15.841"/>
  <testcase classname="com.timp.test.MDR.SPCBFederaisRetidos.SPCBFederaisRetidosCriar" name="acessarMDR" time="101.481"/>
  <testcase classname="com.timp.test.MDR.SPCBFederaisRetidos.SPCBFederaisRetidosCriar" name="criar" time="39.97"/>
</testsuite> <!-- Default test -->
