<?xml version="1.0" encoding="UTF-8"?>
<!-- Generated by org.testng.reporters.JUnitXMLReporter -->
<testsuite hostname="LitoSoler" name="Default test" tests="3" failures="0" timestamp="21 Sep 2020 20:27:34 GMT" time="100.833" errors="0">
  <testcase name="login" time="9.934" classname="com.timp.test.BRB.ReordenarColuna"/>
  <testcase name="brbEntrar" time="25.06" classname="com.timp.test.BRB.ReordenarColuna"/>
  <testcase name="reordenar" time="53.292" classname="com.timp.test.BRB.ReordenarColuna"/>
</testsuite> <!-- Default test -->
