<?xml version="1.0" encoding="UTF-8"?>
<!-- Generated by org.testng.reporters.JUnitXMLReporter -->
<testsuite hostname="DESKTOP-SUF121B" failures="0" tests="3" name="Default test" time="85.501" errors="0" timestamp="28 Jul 2020 21:11:09 GMT">
  <testcase classname="com.timp.test.MDR.CEP.Logradouro.LogradouroCriar" name="login" time="13.192"/>
  <testcase classname="com.timp.test.MDR.CEP.Logradouro.LogradouroCriar" name="acessarMDR" time="11.01"/>
  <testcase classname="com.timp.test.MDR.CEP.Logradouro.LogradouroCriar" name="logradouroCriar" time="38.328"/>
</testsuite> <!-- Default test -->
