<?xml version="1.0" encoding="UTF-8"?>
<!-- Generated by org.testng.reporters.JUnitXMLReporter -->
<testsuite ignored="0" hostname="LAPTOP-IN7IV9K5" failures="0" tests="2" name="Default test" time="178.873" errors="0" timestamp="06 abr. 2021 23:05:02 GMT">
  <testcase classname="com.timp.test.MDR.ParametrosCriacaoNF.CadastroNotaFiscal.CadastroNotaFiscalExcluirEmMassa" name="Criar" time="126.582"/>
  <testcase classname="com.timp.test.MDR.ParametrosCriacaoNF.CadastroNotaFiscal.CadastroNotaFiscalExcluirEmMassa" name="ExcluirEmMassa" time="40.237"/>
</testsuite> <!-- Default test -->
