<?xml version="1.0" encoding="UTF-8"?>
<!-- Generated by org.testng.reporters.JUnitXMLReporter -->
<testsuite ignored="0" hostname="DESKTOP-JP1A9E6" failures="0" tests="3" name="Default test" time="776.925" errors="0" timestamp="28 jul. 2021 01:30:17 GMT">
  <testcase classname="com.timp.test.BRB.FiltrosRelatorio" name="AfiltrosEditor" time="496.58"/>
  <testcase classname="com.timp.test.BRB.FiltrosRelatorio" name="BfiltrosBiblioteca" time="108.563"/>
  <testcase classname="com.timp.test.BRB.FiltrosRelatorio" name="CasignarValores" time="36.403"/>
</testsuite> <!-- Default test -->
