<?xml version="1.0" encoding="UTF-8"?>
<!-- Generated by org.testng.reporters.JUnitXMLReporter -->
<testsuite hostname="DESKTOP-SUF121B" failures="0" tests="3" name="Default test" time="58.106" errors="0" timestamp="24 Jul 2020 14:12:39 GMT">
  <testcase classname="com.timp.test.MDR.Tributos.TributosCriar" name="login" time="9.031"/>
  <testcase classname="com.timp.test.MDR.Tributos.TributosCriar" name="acessarMDR" time="12.611"/>
  <testcase classname="com.timp.test.MDR.Tributos.TributosCriar" name="tributoCriar" time="21.669"/>
</testsuite> <!-- Default test -->
