<?xml version="1.0" encoding="UTF-8"?>
<!-- Generated by org.testng.reporters.JUnitXMLReporter -->
<testsuite hostname="LitoSoler" name="Default test" tests="4" failures="0" timestamp="30 Sep 2020 18:14:59 GMT" time="171.923" errors="0">
  <testcase name="login" time="7.388" classname="com.timp.test.BRB.Eliminar"/>
  <testcase name="brbEntrar" time="19.519" classname="com.timp.test.BRB.Eliminar"/>
  <testcase name="eliminar" time="62.667" classname="com.timp.test.BRB.Eliminar"/>
  <testcase name="eliminarLixeira" time="65.725" classname="com.timp.test.BRB.Eliminar"/>
</testsuite> <!-- Default test -->
