<?xml version="1.0" encoding="UTF-8"?>
<!-- Generated by org.testng.reporters.JUnitXMLReporter -->
<testsuite hostname="DESKTOP-SUF121B" failures="0" tests="3" name="Default test" time="165.42" errors="0" timestamp="27 Jul 2020 07:45:53 GMT">
  <testcase classname="com.timp.test.MDR.Tributos.TributosCriar" name="login" time="10.854"/>
  <testcase classname="com.timp.test.MDR.Tributos.TributosCriar" name="acessarMDR" time="11.956"/>
  <testcase classname="com.timp.test.MDR.Tributos.TributosCriar" name="tributoCriar" time="125.739"/>
</testsuite> <!-- Default test -->
