<?xml version="1.0" encoding="UTF-8"?>
<!-- Generated by org.testng.reporters.JUnitXMLReporter -->
<testsuite hostname="DESKTOP-SUF121B" failures="0" tests="3" name="Default test" time="177.907" errors="0" timestamp="1 Aug 2020 07:25:13 GMT">
  <testcase classname="com.timp.test.MDR.CenariosCorrecao.CenariosCorrecaoFiltrosAvanzados" name="login" time="10.978"/>
  <testcase classname="com.timp.test.MDR.CenariosCorrecao.CenariosCorrecaoFiltrosAvanzados" name="acessarMDR" time="35.506"/>
  <testcase classname="com.timp.test.MDR.CenariosCorrecao.CenariosCorrecaoFiltrosAvanzados" name="cenariosCorrecaoFiltros" time="111.294"/>
</testsuite> <!-- Default test -->
