<?xml version="1.0" encoding="UTF-8"?>
<!-- Generated by org.testng.reporters.JUnitXMLReporter -->
<testsuite hostname="DESKTOP-35UG9UP" name="Default test" tests="3" failures="0" timestamp="30 Jul 2020 16:37:54 GMT" time="75.375" errors="0">
  <testcase name="login" time="10.515" classname="com.timp.test.MDR.Centralizacao.EstornoCreditoExcluir"/>
  <testcase name="acessarMDR" time="13.303" classname="com.timp.test.MDR.Centralizacao.EstornoCreditoExcluir"/>
  <testcase name="Excluir" time="34.637" classname="com.timp.test.MDR.Centralizacao.EstornoCreditoExcluir"/>
</testsuite> <!-- Default test -->
