<?xml version="1.0" encoding="UTF-8"?>
<!-- Generated by org.testng.reporters.JUnitXMLReporter -->
<testsuite hostname="MIGUEL" failures="0" tests="3" name="Default test" time="127.907" errors="0" timestamp="15 Jan 2021 21:40:50 GMT">
  <testcase classname="com.timp.test.BRE.RegrasdeAuditoriaN2.RegrasDeAuditoriaN2EdicaoRelacionamento" name="login" time="7.961"/>
  <testcase classname="com.timp.test.BRE.RegrasdeAuditoriaN2.RegrasDeAuditoriaN2EdicaoRelacionamento" name="acessarBRE" time="15.488"/>
  <testcase classname="com.timp.test.BRE.RegrasdeAuditoriaN2.RegrasDeAuditoriaN2EdicaoRelacionamento" name="editar" time="91.903"/>
</testsuite> <!-- Default test -->
