<?xml version="1.0" encoding="UTF-8"?>
<!-- Generated by org.testng.reporters.JUnitXMLReporter -->
<testsuite ignored="0" hostname="DESKTOP-M23FVFN" failures="0" tests="2" name="Default test" time="286.283" errors="0" timestamp="2022-10-27T12:23:03 BRT">
  <testcase classname="com.timp.test.TFB.LivrosOficiais.LivrosOficiais" name="livrosOficias" time="48.433"/>
  <testcase classname="com.timp.test.TFB.LivrosOficiais.LivrosOficiais" name="livrosICMS" time="209.844"/>
</testsuite> <!-- Default test -->
