<?xml version="1.0" encoding="UTF-8"?>
<!-- Generated by org.testng.reporters.JUnitXMLReporter -->
<testsuite ignored="0" hostname="CRISTHIAN-VASQUEZ" failures="0" tests="3" name="Default test" time="116.058" errors="0" timestamp="18 feb. 2021 17:35:34 GMT">
  <testcase classname="com.timp.test.TCC.GestaoDeCreditoTributarioPISCONFINS.PainelCredito.Executados.ExecutadosVisualizar" name="login" time="8.732"/>
  <testcase classname="com.timp.test.TCC.GestaoDeCreditoTributarioPISCONFINS.PainelCredito.Executados.ExecutadosVisualizar" name="acessarTCC" time="20.678"/>
  <testcase classname="com.timp.test.TCC.GestaoDeCreditoTributarioPISCONFINS.PainelCredito.Executados.ExecutadosVisualizar" name="visualizar" time="72.229"/>
</testsuite> <!-- Default test -->
