<?xml version="1.0" encoding="UTF-8"?>
<!-- Generated by org.testng.reporters.JUnitXMLReporter -->
<testsuite ignored="0" hostname="EC2AMAZ-8HCHO4G" failures="0" tests="3" name="Default test" time="83.154" errors="0" timestamp="2023-04-25T18:47:03 UTC">
  <testcase classname="com.timp.test.SCANC.RelatoriosRefineriaGerados.RRGConfiguracaoDeAjusteExcluir" name="ingresar" time="6.695"/>
  <testcase classname="com.timp.test.SCANC.RelatoriosRefineriaGerados.RRGConfiguracaoDeAjusteExcluir" name="scancEntrar" time="17.491"/>
  <testcase classname="com.timp.test.SCANC.RelatoriosRefineriaGerados.RRGConfiguracaoDeAjusteExcluir" name="excluir" time="51.795"/>
</testsuite> <!-- Default test -->
