<?xml version="1.0" encoding="UTF-8"?>
<!-- Generated by org.testng.reporters.JUnitXMLReporter -->
<testsuite hostname="DESKTOP-BNBDMGT" failures="0" tests="3" name="Default test" time="100.58" errors="0" timestamp="17 Nov 2020 06:30:39 GMT">
  <testcase classname="com.timp.test.MDR.CadastroCondiçao.cadastrocondicaoDetalle" name="ingresar" time="8.305"/>
  <testcase classname="com.timp.test.MDR.CadastroCondiçao.cadastrocondicaoDetalle" name="ingresarMDR" time="36.923"/>
  <testcase classname="com.timp.test.MDR.CadastroCondiçao.cadastrocondicaoDetalle" name="detalle" time="42.44"/>
</testsuite> <!-- Default test -->
