<?xml version="1.0" encoding="UTF-8"?>
<!-- Generated by org.testng.reporters.JUnitXMLReporter -->
<testsuite hostname="MIGUEL" failures="0" tests="3" name="Default test" time="95.866" errors="0" timestamp="2 Feb 2021 15:08:18 GMT">
  <testcase classname="com.timp.test.BRE.Lixeira.ParametrosGerais.LixeiraExcluir" name="login" time="7.592"/>
  <testcase classname="com.timp.test.BRE.Lixeira.ParametrosGerais.LixeiraExcluir" name="acessarBRE" time="16.281"/>
  <testcase classname="com.timp.test.BRE.Lixeira.ParametrosGerais.LixeiraExcluir" name="criar" time="59.288"/>
</testsuite> <!-- Default test -->
