<?xml version="1.0" encoding="UTF-8"?>
<!-- Generated by org.testng.reporters.JUnitXMLReporter -->
<testsuite hostname="DESKTOP-35UG9UP" name="Default test" tests="3" failures="0" timestamp="5 Oct 2020 20:40:47 GMT" time="153.949" errors="0">
  <testcase name="login" time="11.655" classname="com.timp.test.MDR.AtividadesParaTributacao.TiposDeServicos.TiposDeServicosExcluir"/>
  <testcase name="acessarMDR" time="13.359" classname="com.timp.test.MDR.AtividadesParaTributacao.TiposDeServicos.TiposDeServicosExcluir"/>
  <testcase name="excluir" time="103.843" classname="com.timp.test.MDR.AtividadesParaTributacao.TiposDeServicos.TiposDeServicosExcluir"/>
</testsuite> <!-- Default test -->
