<?xml version="1.0" encoding="UTF-8"?>
<!-- Generated by org.testng.reporters.JUnitXMLReporter -->
<testsuite hostname="LitoSoler" name="Default test" tests="4" failures="0" timestamp="30 Sep 2020 20:23:58 GMT" time="197.844" errors="0">
  <testcase name="login" time="15.776" classname="com.timp.test.BRB.Eliminar"/>
  <testcase name="brbEntrar" time="37.379" classname="com.timp.test.BRB.Eliminar"/>
  <testcase name="eliminar" time="61.583" classname="com.timp.test.BRB.Eliminar"/>
  <testcase name="eliminarLixeira" time="65.899" classname="com.timp.test.BRB.Eliminar"/>
</testsuite> <!-- Default test -->
