<?xml version="1.0" encoding="UTF-8"?>
<!-- Generated by org.testng.reporters.JUnitXMLReporter -->
<testsuite hostname="DESKTOP-5P4F1JE" failures="0" tests="3" name="Default test" time="78.641" errors="0" timestamp="20 Oct 2020 20:39:15 GMT">
  <testcase classname="com.timp.test.MDR.Siscoserv.Enquadramento.EnquadramentoExcluir" name="login" time="8.142"/>
  <testcase classname="com.timp.test.MDR.Siscoserv.Enquadramento.EnquadramentoExcluir" name="acessarMDR" time="22.517"/>
  <testcase classname="com.timp.test.MDR.Siscoserv.Enquadramento.EnquadramentoExcluir" name="excluir" time="35.132"/>
</testsuite> <!-- Default test -->
