<?xml version="1.0" encoding="UTF-8"?>
<!-- Generated by org.testng.reporters.JUnitXMLReporter -->
<testsuite ignored="0" hostname="LAPTOP-IN7IV9K5" failures="0" tests="3" name="Default test" time="277.302" errors="0" timestamp="23 feb. 2021 00:54:30 GMT">
  <testcase classname="com.timp.test.CALENDAR.TarefasMultiplasEstagios" name="login" time="23.421"/>
  <testcase classname="com.timp.test.CALENDAR.TarefasMultiplasEstagios" name="BPMAEntrar" time="39.761"/>
  <testcase classname="com.timp.test.CALENDAR.TarefasMultiplasEstagios" name="criar" time="104.832"/>
</testsuite> <!-- Default test -->
