<?xml version="1.0" encoding="UTF-8"?>
<!-- Generated by org.testng.reporters.JUnitXMLReporter -->
<testsuite ignored="0" hostname="DESKTOP-M23FVFN" failures="0" tests="2" name="Default test" time="1450.96" errors="0" timestamp="2022-08-17T14:08:59 CST">
  <testcase classname="com.timp.test.MDR.Ajustes.CodigosAjustes.CodigosAjustesExcluirMassa" name="criar" time="1202.5"/>
  <testcase classname="com.timp.test.MDR.Ajustes.CodigosAjustes.CodigosAjustesExcluirMassa" name="excluirEmMassa" time="65.885"/>
</testsuite> <!-- Default test -->
