<?xml version="1.0" encoding="UTF-8"?>
<!-- Generated by org.testng.reporters.JUnitXMLReporter -->
<testsuite ignored="0" hostname="DESKTOP-5P4F1JE" failures="0" tests="3" name="Default test" time="392.169" errors="0" timestamp="19 fev. 2021 13:40:39 GMT">
  <testcase classname="com.timp.test.BPMA.Processo.ParametrosGerais.ParametrosGeraisCriarProcesoRecorrente" name="login" time="13.651"/>
  <testcase classname="com.timp.test.BPMA.Processo.ParametrosGerais.ParametrosGeraisCriarProcesoRecorrente" name="BPMAEntrar" time="127.537"/>
  <testcase classname="com.timp.test.BPMA.Processo.ParametrosGerais.ParametrosGeraisCriarProcesoRecorrente" name="criar" time="234.984"/>
</testsuite> <!-- Default test -->
