<?xml version="1.0" encoding="UTF-8"?>
<!-- Generated by org.testng.reporters.JUnitXMLReporter -->
<testsuite hostname="CRISTHIAN-VASQUEZ" failures="0" tests="3" name="Default test" time="142.136" errors="0" timestamp="23 Nov 2020 17:33:54 GMT">
  <testcase classname="com.timp.test.BRE.RegrasDeAuditoriaN2CriarCaminhos" name="login" time="6.368"/>
  <testcase classname="com.timp.test.BRE.RegrasDeAuditoriaN2CriarCaminhos" name="acessarBRE" time="12.185"/>
  <testcase classname="com.timp.test.BRE.RegrasDeAuditoriaN2CriarCaminhos" name="criar" time="111.522"/>
</testsuite> <!-- Default test -->
