<?xml version="1.0" encoding="UTF-8"?>
<!-- Generated by org.testng.reporters.JUnitXMLReporter -->
<testsuite hostname="DESKTOP-35UG9UP" name="Default test" tests="3" failures="0" timestamp="8 Oct 2020 14:20:15 GMT" time="227.393" errors="0">
  <testcase name="login" time="30.382" classname="com.timp.test.MDR.RegistroECAC.RegistroECACExcluir"/>
  <testcase name="acessarMDR" time="28.807" classname="com.timp.test.MDR.RegistroECAC.RegistroECACExcluir"/>
  <testcase name="excluir" time="90.875" classname="com.timp.test.MDR.RegistroECAC.RegistroECACExcluir"/>
</testsuite> <!-- Default test -->
