<?xml version="1.0" encoding="UTF-8"?>
<!-- Generated by org.testng.reporters.JUnitXMLReporter -->
<testsuite hostname="LitoSoler" name="Default test" tests="3" failures="0" timestamp="23 Nov 2020 19:54:13 GMT" time="105.732" errors="0">
  <testcase name="ingresar" time="9.659" classname="com.timp.test.DFG.Leiautes.ParametrosGeraisCriarRaizIDPúblicoPrivadoEditar"/>
  <testcase name="mdrEntrar" time="34.788" classname="com.timp.test.DFG.Leiautes.ParametrosGeraisCriarRaizIDPúblicoPrivadoEditar"/>
  <testcase name="criar" time="33.816" classname="com.timp.test.DFG.Leiautes.ParametrosGeraisCriarRaizIDPúblicoPrivadoEditar"/>
</testsuite> <!-- Default test -->
