<?xml version="1.0" encoding="UTF-8"?>
<!-- Generated by org.testng.reporters.JUnitXMLReporter -->
<testsuite hostname="DESKTOP-5P4F1JE" failures="0" tests="3" name="Default test" time="193.978" errors="0" timestamp="6 Nov 2020 19:54:56 GMT">
  <testcase classname="com.timp.test.MDR.TabelasApoioESocial.Tabela16.SGDPExcluirEmMassa" name="login" time="8.12"/>
  <testcase classname="com.timp.test.MDR.TabelasApoioESocial.Tabela16.SGDPExcluirEmMassa" name="acessarMDR" time="24.328"/>
  <testcase classname="com.timp.test.MDR.TabelasApoioESocial.Tabela16.SGDPExcluirEmMassa" name="criar" time="139.428"/>
</testsuite> <!-- Default test -->
