<?xml version="1.0" encoding="UTF-8"?>
<!-- Generated by org.testng.reporters.JUnitXMLReporter -->
<testsuite hostname="LitoSoler" name="Default test" tests="3" failures="0" timestamp="24 Dec 2020 16:17:00 GMT" time="46.211" errors="0">
  <testcase name="login" time="7.809" classname="com.timp.test.TBD.Configuração.TipoDeDocumento.FiltroPorID"/>
  <testcase name="acessarTCC" time="14.091" classname="com.timp.test.TBD.Configuração.TipoDeDocumento.FiltroPorID"/>
  <testcase name="filtro" time="12.657" classname="com.timp.test.TBD.Configuração.TipoDeDocumento.FiltroPorID"/>
</testsuite> <!-- Default test -->
