<?xml version="1.0" encoding="UTF-8"?>
<!-- Generated by org.testng.reporters.JUnitXMLReporter -->
<testsuite hostname="MIGUEL" failures="0" tests="3" name="Default test" time="83.187" errors="0" timestamp="28 Nov 2020 02:02:13 GMT">
  <testcase classname="com.timp.test.MDR.TabelasApoioESocial.Tabela21.NaturezaJuridicaExcluir" name="login" time="6.989"/>
  <testcase classname="com.timp.test.MDR.TabelasApoioESocial.Tabela21.NaturezaJuridicaExcluir" name="acessarMDR" time="21.978"/>
  <testcase classname="com.timp.test.MDR.TabelasApoioESocial.Tabela21.NaturezaJuridicaExcluir" name="excluir" time="43.204"/>
</testsuite> <!-- Default test -->
