<?xml version="1.0" encoding="UTF-8"?>
<!-- Generated by org.testng.reporters.JUnitXMLReporter -->
<testsuite hostname="MIGUEL" failures="0" tests="3" name="Default test" time="216.554" errors="0" timestamp="25 Nov 2020 14:41:23 GMT">
  <testcase classname="com.timp.test.DFG.Configuracoes.ConfiguracoesCriar" name="ingresar" time="7.083"/>
  <testcase classname="com.timp.test.DFG.Configuracoes.ConfiguracoesCriar" name="mdrEntrar" time="13.825"/>
  <testcase classname="com.timp.test.DFG.Configuracoes.ConfiguracoesCriar" name="criar" time="180.728"/>
</testsuite> <!-- Default test -->
