<?xml version="1.0" encoding="UTF-8"?>
<!-- Generated by org.testng.reporters.JUnitXMLReporter -->
<testsuite hostname="MIGUEL" failures="0" tests="3" name="Default test" time="207.42" errors="0" timestamp="18 Jan 2021 21:29:17 GMT">
  <testcase classname="com.timp.test.BRE.RegrasDeEscrituração.RegrasDeEscrituraçãoEdiçãoRelacionamento" name="login" time="7.14"/>
  <testcase classname="com.timp.test.BRE.RegrasDeEscrituração.RegrasDeEscrituraçãoEdiçãoRelacionamento" name="acessarBRE" time="15.36"/>
  <testcase classname="com.timp.test.BRE.RegrasDeEscrituração.RegrasDeEscrituraçãoEdiçãoRelacionamento" name="relacionamento" time="171.544"/>
</testsuite> <!-- Default test -->
