<?xml version="1.0" encoding="UTF-8"?>
<!-- Generated by org.testng.reporters.JUnitXMLReporter -->
<testsuite hostname="LitoSoler" name="Default test" tests="3" failures="0" timestamp="3 Sep 2020 00:28:59 GMT" time="100.989" errors="0">
  <testcase name="login" time="6.567" classname="com.timp.test.MDR.ValorAdicionado.InclusaoDeCamposMar.InclusaoDeCamposMarVisualizar"/>
  <testcase name="acessarMDR" time="8.494" classname="com.timp.test.MDR.ValorAdicionado.InclusaoDeCamposMar.InclusaoDeCamposMarVisualizar"/>
  <testcase name="Visualizar" time="66.093" classname="com.timp.test.MDR.ValorAdicionado.InclusaoDeCamposMar.InclusaoDeCamposMarVisualizar"/>
</testsuite> <!-- Default test -->
