<?xml version="1.0" encoding="UTF-8"?>
<!-- Generated by org.testng.reporters.JUnitXMLReporter -->
<testsuite hostname="LitoSoler" name="Default test" tests="3" failures="0" timestamp="7 Aug 2020 02:03:14 GMT" time="80.022" errors="0">
  <testcase name="login" time="6.709" classname="com.timp.test.MDR.Centralizacao.Tributos.TributosExcluir"/>
  <testcase name="acessarMDR" time="8.856" classname="com.timp.test.MDR.Centralizacao.Tributos.TributosExcluir"/>
  <testcase name="tributosExcluir" time="52.371" classname="com.timp.test.MDR.Centralizacao.Tributos.TributosExcluir"/>
</testsuite> <!-- Default test -->
