<?xml version="1.0" encoding="UTF-8"?>
<!-- Generated by org.testng.reporters.JUnitXMLReporter -->
<testsuite hostname="LitoSoler" name="Default test" tests="3" failures="0" timestamp="4 Aug 2020 17:55:48 GMT" time="86.539" errors="0">
  <testcase name="login" time="5.904" classname="com.timp.test.MDR.TabelasApoioSped.CodigoTipoCredito.CodigoTipoCreditoCriar"/>
  <testcase name="acessarMDR" time="7.832" classname="com.timp.test.MDR.TabelasApoioSped.CodigoTipoCredito.CodigoTipoCreditoCriar"/>
  <testcase name="criar" time="61.025" classname="com.timp.test.MDR.TabelasApoioSped.CodigoTipoCredito.CodigoTipoCreditoCriar"/>
</testsuite> <!-- Default test -->
