<?xml version="1.0" encoding="UTF-8"?>
<!-- Generated by org.testng.reporters.JUnitXMLReporter -->
<testsuite hostname="LitoSoler" name="Default test" tests="3" failures="0" timestamp="17 Sep 2020 21:01:00 GMT" time="77.04" errors="0">
  <testcase name="login" time="8.871" classname="com.timp.test.MDR.TabelasComplementaresParaObrigaçoesAcessorias.TabelaReceitasPermitidas.TabelaReceitasPermitidasDetalhes"/>
  <testcase name="acessarMDR" time="9.438" classname="com.timp.test.MDR.TabelasComplementaresParaObrigaçoesAcessorias.TabelaReceitasPermitidas.TabelaReceitasPermitidasDetalhes"/>
  <testcase name="Detalhes" time="44.805" classname="com.timp.test.MDR.TabelasComplementaresParaObrigaçoesAcessorias.TabelaReceitasPermitidas.TabelaReceitasPermitidasDetalhes"/>
</testsuite> <!-- Default test -->
