<?xml version="1.0" encoding="UTF-8"?>
<!-- Generated by org.testng.reporters.JUnitXMLReporter -->
<testsuite hostname="DESKTOP-SUF121B" failures="0" tests="3" name="Default test" time="148.763" errors="0" timestamp="31 Jul 2020 17:47:24 GMT">
  <testcase classname="com.timp.test.MDR.CenariosCorrecao.CenariosCorrecaoVisualizar" name="login" time="15.491"/>
  <testcase classname="com.timp.test.MDR.CenariosCorrecao.CenariosCorrecaoVisualizar" name="acessarMDR" time="56.051"/>
  <testcase classname="com.timp.test.MDR.CenariosCorrecao.CenariosCorrecaoVisualizar" name="cenariosCorrecaoVisualizar" time="50.195"/>
</testsuite> <!-- Default test -->
