<?xml version="1.0" encoding="UTF-8"?>
<!-- Generated by org.testng.reporters.JUnitXMLReporter -->
<testsuite hostname="DESKTOP-SUF121B" failures="0" tests="3" name="Default test" time="131.541" errors="0" timestamp="29 Jul 2020 21:58:17 GMT">
  <testcase classname="com.timp.test.MDR.CEP.Logradouro.LogradouroExcluir" name="login" time="13.28"/>
  <testcase classname="com.timp.test.MDR.CEP.Logradouro.LogradouroExcluir" name="acessarMDR" time="41.218"/>
  <testcase classname="com.timp.test.MDR.CEP.Logradouro.LogradouroExcluir" name="logradouroExcluir" time="56.315"/>
</testsuite> <!-- Default test -->
