<?xml version="1.0" encoding="UTF-8"?>
<!-- Generated by org.testng.reporters.JUnitXMLReporter -->
<testsuite hostname="LitoSoler" name="Default test" tests="3" failures="0" timestamp="2 Nov 2020 20:37:48 GMT" time="115.357" errors="0">
  <testcase name="login" time="6.063" classname="com.timp.test.MDR.TabelasApoioESocial.Tabela18.MotivoDeAfastamentoExcluirEmMassa"/>
  <testcase name="acessarMDR" time="14.243" classname="com.timp.test.MDR.TabelasApoioESocial.Tabela18.MotivoDeAfastamentoExcluirEmMassa"/>
  <testcase name="criar" time="84.232" classname="com.timp.test.MDR.TabelasApoioESocial.Tabela18.MotivoDeAfastamentoExcluirEmMassa"/>
</testsuite> <!-- Default test -->
