<?xml version="1.0" encoding="UTF-8"?>
<!-- Generated by org.testng.reporters.JUnitXMLReporter -->
<testsuite hostname="LitoSoler" name="Default test" tests="3" failures="0" timestamp="19 Oct 2020 16:37:51 GMT" time="102.272" errors="0">
  <testcase name="login" time="8.091" classname="com.timp.test.MDR.SCANC.RelacionamentoEntreQuadros.RelacionamentoEntreQuadrosExcluir"/>
  <testcase name="acessarMDR" time="10.511" classname="com.timp.test.MDR.SCANC.RelacionamentoEntreQuadros.RelacionamentoEntreQuadrosExcluir"/>
  <testcase name="excluir" time="65.801" classname="com.timp.test.MDR.SCANC.RelacionamentoEntreQuadros.RelacionamentoEntreQuadrosExcluir"/>
</testsuite> <!-- Default test -->
