<?xml version="1.0" encoding="UTF-8"?>
<!-- Generated by org.testng.reporters.JUnitXMLReporter -->
<testsuite hostname="MIGUEL" failures="0" tests="11" name="Default test" time="851.488" errors="0" timestamp="11 Feb 2021 00:03:12 GMT">
  <testcase classname="com.timp.test.BCB.ExecucoesSalvasHierarquiaConfiguracaoTodasAsFuncionalidades" name="login" time="7.524"/>
  <testcase classname="com.timp.test.BCB.ExecucoesSalvasHierarquiaConfiguracaoTodasAsFuncionalidades" name="brbEntrar" time="14.126"/>
  <testcase classname="com.timp.test.BCB.ExecucoesSalvasHierarquiaConfiguracaoTodasAsFuncionalidades" name="criarConfiguracaoExecucoes" time="72.863"/>
  <testcase classname="com.timp.test.BCB.ExecucoesSalvasHierarquiaConfiguracaoTodasAsFuncionalidades" name="criarConfiguracao" time="157.066"/>
  <testcase classname="com.timp.test.BCB.ExecucoesSalvasHierarquiaConfiguracaoTodasAsFuncionalidades" name="configurarConfiguracao" time="139.031"/>
  <testcase classname="com.timp.test.BCB.ExecucoesSalvasHierarquiaConfiguracaoTodasAsFuncionalidades" name="executar" time="91.436"/>
  <testcase classname="com.timp.test.BCB.ExecucoesSalvasHierarquiaConfiguracaoTodasAsFuncionalidades" name="resto" time="84.237"/>
  <testcase classname="com.timp.test.BCB.ExecucoesSalvasHierarquiaConfiguracaoTodasAsFuncionalidades" name="editar" time="70.859"/>
  <testcase classname="com.timp.test.BCB.ExecucoesSalvasHierarquiaConfiguracaoTodasAsFuncionalidades" name="excluirExecucoes" time="60.043"/>
  <testcase classname="com.timp.test.BCB.ExecucoesSalvasHierarquiaConfiguracaoTodasAsFuncionalidades" name="excluirConfiguracoes" time="81.976"/>
  <testcase classname="com.timp.test.BCB.ExecucoesSalvasHierarquiaConfiguracaoTodasAsFuncionalidades" name="excluirHierarquia" time="59.269"/>
</testsuite> <!-- Default test -->
