<?xml version="1.0" encoding="UTF-8"?>
<!-- Generated by org.testng.reporters.JUnitXMLReporter -->
<testsuite hostname="LitoSoler" name="Default test" tests="3" failures="0" timestamp="15 Oct 2020 20:47:02 GMT" time="92.515" errors="0">
  <testcase name="login" time="6.173" classname="com.timp.test.MDR.PrecoDeTransferencia.ValoresParaMetodoImportacao.ValoresParaMetodoPRL.ValoresParaMetodoPRL"/>
  <testcase name="acessarMDR" time="32.259" classname="com.timp.test.MDR.PrecoDeTransferencia.ValoresParaMetodoImportacao.ValoresParaMetodoPRL.ValoresParaMetodoPRL"/>
  <testcase name="filtro" time="44.006" classname="com.timp.test.MDR.PrecoDeTransferencia.ValoresParaMetodoImportacao.ValoresParaMetodoPRL.ValoresParaMetodoPRL"/>
</testsuite> <!-- Default test -->
