<?xml version="1.0" encoding="UTF-8"?>
<!-- Generated by org.testng.reporters.JUnitXMLReporter -->
<testsuite hostname="DESKTOP-BNBDMGT" failures="0" tests="3" name="Default test" time="217.947" errors="0" timestamp="8 Jan 2021 00:53:12 GMT">
  <testcase classname="com.timp.test.TAA.Ajustes.AjustesCriar" name="ingresar" time="22.525"/>
  <testcase classname="com.timp.test.TAA.Ajustes.AjustesCriar" name="TAAEntrar" time="30.621"/>
  <testcase classname="com.timp.test.TAA.Ajustes.AjustesCriar" name="ajustesCriar" time="102.425"/>
</testsuite> <!-- Default test -->
