<?xml version="1.0" encoding="UTF-8"?>
<!-- Generated by org.testng.reporters.JUnitXMLReporter -->
<testsuite hostname="DESKTOP-35UG9UP" name="Default test" tests="3" failures="0" timestamp="18 Sep 2020 21:15:05 GMT" time="153.732" errors="0">
  <testcase name="login" time="10.467" classname="com.timp.test.MDR.TabelasComplementaresParaObrigaçoesAcessorias.TabelaComplementarParaDIRF.TabelaComplementarParaDIRFExcluir"/>
  <testcase name="acessarMDR" time="41.294" classname="com.timp.test.MDR.TabelasComplementaresParaObrigaçoesAcessorias.TabelaComplementarParaDIRF.TabelaComplementarParaDIRFExcluir"/>
  <testcase name="excluir" time="86.037" classname="com.timp.test.MDR.TabelasComplementaresParaObrigaçoesAcessorias.TabelaComplementarParaDIRF.TabelaComplementarParaDIRFExcluir"/>
</testsuite> <!-- Default test -->
