<?xml version="1.0" encoding="UTF-8"?>
<!-- Generated by org.testng.reporters.JUnitXMLReporter -->
<testsuite hostname="DESKTOP-BNBDMGT" failures="0" tests="3" name="Default test" time="288.186" errors="0" timestamp="3 Dec 2020 04:54:15 GMT">
  <testcase classname="com.timp.test.BSC.CorreçãodeNFRejeitarEmMassa" name="login" time="7.579"/>
  <testcase classname="com.timp.test.BSC.CorreçãodeNFRejeitarEmMassa" name="brbEntrar" time="24.614"/>
  <testcase classname="com.timp.test.BSC.CorreçãodeNFRejeitarEmMassa" name="rejeitar" time="234.851"/>
</testsuite> <!-- Default test -->
