<?xml version="1.0" encoding="UTF-8"?>
<!-- Generated by org.testng.reporters.JUnitXMLReporter -->
<testsuite hostname="LitoSoler" name="Default test" tests="28" failures="1" timestamp="15 Dec 2020 02:50:31 GMT" time="4525.961" errors="0">
  <testcase name="login" time="27.968" classname="com.timp.test.BRB.Automacoes.AutomacoesBrb"/>
  <testcase name="acessarBRB" time="37.222" classname="com.timp.test.BRB.Automacoes.AutomacoesBrb"/>
  <testcase name="paginacion" time="81.844" classname="com.timp.test.BRB.Automacoes.AutomacoesBrb"/>
  <testcase name="filtrosAvanzados" time="58.757" classname="com.timp.test.BRB.Automacoes.AutomacoesBrb"/>
  <testcase name="novoRelatorio" time="197.285" classname="com.timp.test.BRB.Automacoes.AutomacoesBrb"/>
  <testcase name="publicoYPrivado" time="161.637" classname="com.timp.test.BRB.Automacoes.AutomacoesBrb"/>
  <testcase name="excluirColuna" time="174.919" classname="com.timp.test.BRB.Automacoes.AutomacoesBrb"/>
  <testcase name="editarRelatorio" time="99.36" classname="com.timp.test.BRB.Automacoes.AutomacoesBrb"/>
  <testcase name="reordenarColuna" time="100.598" classname="com.timp.test.BRB.Automacoes.AutomacoesBrb"/>
  <testcase name="filtrosRelatorio" time="249.138" classname="com.timp.test.BRB.Automacoes.AutomacoesBrb"/>
  <testcase name="criarCopia" time="148.952" classname="com.timp.test.BRB.Automacoes.AutomacoesBrb"/>
  <testcase name="ativarCorrecao" time="92.82" classname="com.timp.test.BRB.Automacoes.AutomacoesBrb"/>
  <testcase name="ativarComentario" time="90.211" classname="com.timp.test.BRB.Automacoes.AutomacoesBrb"/>
  <testcase name="renomearColuna" time="111.761" classname="com.timp.test.BRB.Automacoes.AutomacoesBrb"/>
  <testcase name="formula" time="400.61" classname="com.timp.test.BRB.Automacoes.AutomacoesBrb"/>
  <testcase name="agrupadoPeloCampo" time="191.509" classname="com.timp.test.BRB.Automacoes.AutomacoesBrb"/>
  <testcase name="campoOutput" time="116.897" classname="com.timp.test.BRB.Automacoes.AutomacoesBrb"/>
  <testcase name="formatacaoEVariante" time="215.918" classname="com.timp.test.BRB.Automacoes.AutomacoesBrb">
    <failure type="org.openqa.selenium.NoSuchElementException" message="no such element: Unable to locate element: {&amp;quot;method&amp;quot;:&amp;quot;xpath&amp;quot;,&amp;quot;selector&amp;quot;:&amp;quot;//li[@class=&amp;quot;list-item no-result&amp;quot;]&amp;quot;}
  (Session info: chrome=83.0.4103.106)
For documentation on this error, please visit: https://www.seleniumhq.org/exceptions/no_such_element.html
Build info: version: &amp;apos;3.141.59&amp;apos;, revision: &amp;apos;e82be7d358&amp;apos;, time: &amp;apos;2018-11-14T08:17:03&amp;apos;
System info: host: &amp;apos;LITOSOLER&amp;apos;, ip: &amp;apos;192.168.0.27&amp;apos;, os.name: &amp;apos;Windows 10&amp;apos;, os.arch: &amp;apos;amd64&amp;apos;, os.version: &amp;apos;10.0&amp;apos;, java.version: &amp;apos;1.8.0_251&amp;apos;
Driver info: org.openqa.selenium.chrome.ChromeDriver
Capabilities {acceptInsecureCerts: false, browserName: chrome, browserVersion: 83.0.4103.106, chrome: {chromedriverVersion: 83.0.4103.39 (ccbf011cb2d2b..., userDataDir: C:\Users\AGILES~1\AppData\L...}, goog:chromeOptions: {debuggerAddress: localhost:52064}, javascriptEnabled: true, networkConnectionEnabled: false, pageLoadStrategy: normal, platform: WINDOWS, platformName: WINDOWS, proxy: Proxy(), setWindowRect: true, strictFileInteractability: false, timeouts: {implicit: 0, pageLoad: 300000, script: 30000}, unhandledPromptBehavior: dismiss and notify, webauthn:virtualAuthenticators: true}
Session ID: 1f297f280e137ee433c7e2972a78ef68
*** Element info: {Using=xpath, value=//li[@class=&amp;quot;list-item no-result&amp;quot;]}">
      <![CDATA[org.openqa.selenium.NoSuchElementException: no such element: Unable to locate element: {"method":"xpath","selector":"//li[@class="list-item no-result"]"}
  (Session info: chrome=83.0.4103.106)
For documentation on this error, please visit: https://www.seleniumhq.org/exceptions/no_such_element.html
Build info: version: '3.141.59', revision: 'e82be7d358', time: '2018-11-14T08:17:03'
System info: host: 'LITOSOLER', ip: '192.168.0.27', os.name: 'Windows 10', os.arch: 'amd64', os.version: '10.0', java.version: '1.8.0_251'
Driver info: org.openqa.selenium.chrome.ChromeDriver
Capabilities {acceptInsecureCerts: false, browserName: chrome, browserVersion: 83.0.4103.106, chrome: {chromedriverVersion: 83.0.4103.39 (ccbf011cb2d2b..., userDataDir: C:\Users\AGILES~1\AppData\L...}, goog:chromeOptions: {debuggerAddress: localhost:52064}, javascriptEnabled: true, networkConnectionEnabled: false, pageLoadStrategy: normal, platform: WINDOWS, platformName: WINDOWS, proxy: Proxy(), setWindowRect: true, strictFileInteractability: false, timeouts: {implicit: 0, pageLoad: 300000, script: 30000}, unhandledPromptBehavior: dismiss and notify, webauthn:virtualAuthenticators: true}
Session ID: 1f297f280e137ee433c7e2972a78ef68
*** Element info: {Using=xpath, value=//li[@class="list-item no-result"]}
	at sun.reflect.GeneratedConstructorAccessor14.newInstance(Unknown Source)
	at sun.reflect.DelegatingConstructorAccessorImpl.newInstance(Unknown Source)
	at java.lang.reflect.Constructor.newInstance(Unknown Source)
	at org.openqa.selenium.remote.http.W3CHttpResponseCodec.createException(W3CHttpResponseCodec.java:187)
	at org.openqa.selenium.remote.http.W3CHttpResponseCodec.decode(W3CHttpResponseCodec.java:122)
	at org.openqa.selenium.remote.http.W3CHttpResponseCodec.decode(W3CHttpResponseCodec.java:49)
	at org.openqa.selenium.remote.HttpCommandExecutor.execute(HttpCommandExecutor.java:158)
	at org.openqa.selenium.remote.service.DriverCommandExecutor.execute(DriverCommandExecutor.java:83)
	at org.openqa.selenium.remote.RemoteWebDriver.execute(RemoteWebDriver.java:552)
	at org.openqa.selenium.remote.RemoteWebDriver.findElement(RemoteWebDriver.java:323)
	at org.openqa.selenium.remote.RemoteWebDriver.findElementByXPath(RemoteWebDriver.java:428)
	at org.openqa.selenium.By$ByXPath.findElement(By.java:353)
	at org.openqa.selenium.remote.RemoteWebDriver.findElement(RemoteWebDriver.java:315)
	at org.openqa.selenium.support.pagefactory.DefaultElementLocator.findElement(DefaultElementLocator.java:69)
	at org.openqa.selenium.support.pagefactory.internal.LocatingElementHandler.invoke(LocatingElementHandler.java:38)
	at com.sun.proxy.$Proxy7.isDisplayed(Unknown Source)
	at com.sap.timp.pageObjectModel.BRB.FormatacaoEVariantePO.excluirVariantes(FormatacaoEVariantePO.java:392)
	at com.timp.test.BRB.FormatacaoEVariante.excluirVariante(FormatacaoEVariante.java:78)
	at com.timp.test.BRB.Automacoes.AutomacoesBrb.formatacaoEVariante(AutomacoesBrb.java:320)
	at sun.reflect.NativeMethodAccessorImpl.invoke0(Native Method)
	at sun.reflect.NativeMethodAccessorImpl.invoke(Unknown Source)
	at sun.reflect.DelegatingMethodAccessorImpl.invoke(Unknown Source)
	at java.lang.reflect.Method.invoke(Unknown Source)
	at org.testng.internal.MethodInvocationHelper.invokeMethod(MethodInvocationHelper.java:80)
	at org.testng.internal.Invoker.invokeMethod(Invoker.java:714)
	at org.testng.internal.Invoker.invokeTestMethod(Invoker.java:901)
	at org.testng.internal.Invoker.invokeTestMethods(Invoker.java:1231)
	at org.testng.internal.TestMethodWorker.invokeTestMethods(TestMethodWorker.java:127)
	at org.testng.internal.TestMethodWorker.run(TestMethodWorker.java:111)
	at org.testng.TestRunner.privateRun(TestRunner.java:767)
	at org.testng.TestRunner.run(TestRunner.java:617)
	at org.testng.SuiteRunner.runTest(SuiteRunner.java:334)
	at org.testng.SuiteRunner.runSequentially(SuiteRunner.java:329)
	at org.testng.SuiteRunner.privateRun(SuiteRunner.java:291)
	at org.testng.SuiteRunner.run(SuiteRunner.java:240)
	at org.testng.SuiteRunnerWorker.runSuite(SuiteRunnerWorker.java:52)
	at org.testng.SuiteRunnerWorker.run(SuiteRunnerWorker.java:86)
	at org.testng.TestNG.runSuitesSequentially(TestNG.java:1198)
	at org.testng.TestNG.runSuitesLocally(TestNG.java:1123)
	at org.testng.TestNG.run(TestNG.java:1031)
	at org.testng.remote.AbstractRemoteTestNG.run(AbstractRemoteTestNG.java:115)
	at org.testng.remote.RemoteTestNG.initAndRun(RemoteTestNG.java:251)
	at org.testng.remote.RemoteTestNG.main(RemoteTestNG.java:77)
]]>
    </failure>
  </testcase> <!-- formatacaoEVariante -->
  <testcase name="filtroColunas" time="170.462" classname="com.timp.test.BRB.Automacoes.AutomacoesBrb"/>
  <testcase name="gruposAvanzados" time="387.35" classname="com.timp.test.BRB.Automacoes.AutomacoesBrb"/>
  <testcase name="crescenteEDecrescente" time="260.838" classname="com.timp.test.BRB.Automacoes.AutomacoesBrb"/>
  <testcase name="comentarioListaSuspensa" time="240.535" classname="com.timp.test.BRB.Automacoes.AutomacoesBrb"/>
  <testcase name="comentarioLibre" time="212.175" classname="com.timp.test.BRB.Automacoes.AutomacoesBrb"/>
  <testcase name="imprimir" time="137.082" classname="com.timp.test.BRB.Automacoes.AutomacoesBrb"/>
  <testcase name="cabeçalho" time="149.094" classname="com.timp.test.BRB.Automacoes.AutomacoesBrb"/>
  <testcase name="exportar" time="154.745" classname="com.timp.test.BRB.Automacoes.AutomacoesBrb"/>
  <testcase name="visualizar" time="100.68" classname="com.timp.test.BRB.Automacoes.AutomacoesBrb"/>
  <testcase name="ExcluirRelatorio" time="155.546" classname="com.timp.test.BRB.Automacoes.AutomacoesBrb"/>
</testsuite> <!-- Default test -->
