<?xml version="1.0" encoding="UTF-8"?>
<!-- Generated by org.testng.reporters.JUnitXMLReporter -->
<testsuite hostname="DESKTOP-5P4F1JE" failures="0" tests="3" name="Default test" time="453.615" errors="0" timestamp="1 Feb 2021 16:01:34 GMT">
  <testcase classname="com.timp.test.TDK.Dashboard.Edicao.DashboardEdiçãoGráfico" name="login" time="9.149"/>
  <testcase classname="com.timp.test.TDK.Dashboard.Edicao.DashboardEdiçãoGráfico" name="acessarTDK" time="24.8"/>
  <testcase classname="com.timp.test.TDK.Dashboard.Edicao.DashboardEdiçãoGráfico" name="editar" time="405.552"/>
</testsuite> <!-- Default test -->
