<?xml version="1.0" encoding="UTF-8"?>
<!-- Generated by org.testng.reporters.JUnitXMLReporter -->
<testsuite hostname="LitoSoler" name="Default test" tests="3" failures="0" timestamp="26 Jul 2020 17:34:51 GMT" time="120.158" errors="0">
  <testcase name="login" time="8.116" classname="com.timp.test.MDR.CadastroDerex.CadastroResponsavel.ResponsavelMovimentoEditar"/>
  <testcase name="acessarMDR" time="23.988" classname="com.timp.test.MDR.CadastroDerex.CadastroResponsavel.ResponsavelMovimentoEditar"/>
  <testcase name="visualizar" time="76.28" classname="com.timp.test.MDR.CadastroDerex.CadastroResponsavel.ResponsavelMovimentoEditar"/>
</testsuite> <!-- Default test -->
