<?xml version="1.0" encoding="UTF-8"?>
<!-- Generated by org.testng.reporters.JUnitXMLReporter -->
<testsuite hostname="DESKTOP-5P4F1JE" failures="0" tests="3" name="Default test" time="107.601" errors="0" timestamp="8 Dec 2020 20:39:59 GMT">
  <testcase classname="com.timp.test.MDR.Centralizacao.EstornoCredito.EstornoCreditoVisualizar" name="login" time="9.906"/>
  <testcase classname="com.timp.test.MDR.Centralizacao.EstornoCredito.EstornoCreditoVisualizar" name="acessarMDR" time="12.226"/>
  <testcase classname="com.timp.test.MDR.Centralizacao.EstornoCredito.EstornoCreditoVisualizar" name="Visualizar" time="69.977"/>
</testsuite> <!-- Default test -->
