<?xml version="1.0" encoding="UTF-8"?>
<!-- Generated by org.testng.reporters.JUnitXMLReporter -->
<testsuite hostname="LitoSoler" name="Default test" tests="3" failures="0" timestamp="13 Oct 2020 00:14:03 GMT" time="112.876" errors="0">
  <testcase name="login" time="6.491" classname="com.timp.test.MDR.ControleDeCreditoTributario.StatusParaBCE.StatusParaBCEExcluir"/>
  <testcase name="acessarMDR" time="25.233" classname="com.timp.test.MDR.ControleDeCreditoTributario.StatusParaBCE.StatusParaBCEExcluir"/>
  <testcase name="excluir" time="69.919" classname="com.timp.test.MDR.ControleDeCreditoTributario.StatusParaBCE.StatusParaBCEExcluir"/>
</testsuite> <!-- Default test -->
