<?xml version="1.0" encoding="UTF-8"?>
<!-- Generated by org.testng.reporters.JUnitXMLReporter -->
<testsuite hostname="DESKTOP-5P4F1JE" failures="0" tests="3" name="Default test" time="109.824" errors="0" timestamp="29 Oct 2020 20:36:39 GMT">
  <testcase classname="com.timp.test.MDR.TabelasApoioESocial.Tabela07.TiposDeDependentesExcluir" name="login" time="8.956"/>
  <testcase classname="com.timp.test.MDR.TabelasApoioESocial.Tabela07.TiposDeDependentesExcluir" name="acessarMDR" time="11.153"/>
  <testcase classname="com.timp.test.MDR.TabelasApoioESocial.Tabela07.TiposDeDependentesExcluir" name="excluir" time="75.452"/>
</testsuite> <!-- Default test -->
