<?xml version="1.0" encoding="UTF-8"?>
<!-- Generated by org.testng.reporters.JUnitXMLReporter -->
<testsuite hostname="LitoSoler" name="Default test" tests="3" failures="0" timestamp="24 Jul 2020 20:31:40 GMT" time="80.483" errors="0">
  <testcase name="login" time="11.495" classname="com.timp.test.MDR.CadastroDerex.CadastroResponsavel.ResponsavelMovimentoCriar"/>
  <testcase name="acessarMDR" time="15.014" classname="com.timp.test.MDR.CadastroDerex.CadastroResponsavel.ResponsavelMovimentoCriar"/>
  <testcase name="visualizar" time="40.57" classname="com.timp.test.MDR.CadastroDerex.CadastroResponsavel.ResponsavelMovimentoCriar"/>
</testsuite> <!-- Default test -->
