<?xml version="1.0" encoding="UTF-8"?>
<!-- Generated by org.testng.reporters.JUnitXMLReporter -->
<testsuite ignored="0" hostname="DESKTOP-M23FVFN" failures="0" tests="8" name=" ATR - TRIBUTOS - AGRUPAMENTO DE TRIBUTOS " time="812.623" errors="0" timestamp="2022-08-02T00:20:21 CST">
  <testcase classname="com.timp.test.ATR.Tributos.AgrupamentoDeTributos.AgrupamentoDeTributosCriar" name="criar" time="84.199"/>
  <testcase classname="com.timp.test.ATR.Tributos.AgrupamentoDeTributos.AgrupamentoDeTributosEditar" name="editar" time="109.829"/>
  <testcase classname="com.timp.test.ATR.Tributos.AgrupamentoDeTributos.AgrupamentoDeTributosDetalhes" name="detalhes" time="71.684"/>
  <testcase classname="com.timp.test.ATR.Tributos.AgrupamentoDeTributos.AgrupamentoDeTributosVer" name="visualizar" time="69.768"/>
  <testcase classname="com.timp.test.ATR.Tributos.AgrupamentoDeTributos.AgrupamentoDeTributosCriarComCopia" name="criarcopia" time="149.798"/>
  <testcase classname="com.timp.test.ATR.Tributos.AgrupamentoDeTributos.AgrupamentoDeTributosExcluir" name="excluir" time="66.274"/>
  <testcase classname="com.timp.test.ATR.Tributos.AgrupamentoDeTributos.AgrupamentoDeTributosExcluirEmMassa" name="criar" time="131.035"/>
  <testcase classname="com.timp.test.ATR.Tributos.AgrupamentoDeTributos.AgrupamentoDeTributosExcluirEmMassa" name="Excluir" time="27.769"/>
</testsuite> <!--  ATR - TRIBUTOS - AGRUPAMENTO DE TRIBUTOS  -->
