<?xml version="1.0" encoding="UTF-8"?>
<!-- Generated by org.testng.reporters.JUnitXMLReporter -->
<testsuite ignored="0" hostname="EC2AMAZ-8HCHO4G" failures="0" tests="8" name=" ATR - TRIBUTOS - AGRUPAMENTO DE TRIBUTOS " time="490.708" errors="0" timestamp="2023-03-06T22:58:28 UTC">
  <testcase classname="com.timp.test.ATR.Tributos.AgrupamentoDeTributos.AgrupamentoDeTributosTodasFunc" name="criar" time="73.478"/>
  <testcase classname="com.timp.test.ATR.Tributos.AgrupamentoDeTributos.AgrupamentoDeTributosTodasFunc" name="criarcopia" time="106.189"/>
  <testcase classname="com.timp.test.ATR.Tributos.AgrupamentoDeTributos.AgrupamentoDeTributosTodasFunc" name="detalle" time="48.072"/>
  <testcase classname="com.timp.test.ATR.Tributos.AgrupamentoDeTributos.AgrupamentoDeTributosTodasFunc" name="editar" time="80.897"/>
  <testcase classname="com.timp.test.ATR.Tributos.AgrupamentoDeTributos.AgrupamentoDeTributosTodasFunc" name="visualizar" time="34.921"/>
  <testcase classname="com.timp.test.ATR.Tributos.AgrupamentoDeTributos.AgrupamentoDeTributosTodasFunc" name="excluir" time="26.108"/>
  <testcase classname="com.timp.test.ATR.Tributos.AgrupamentoDeTributos.AgrupamentoDeTributosTodasFunc" name="criarMassa" time="91.054"/>
  <testcase classname="com.timp.test.ATR.Tributos.AgrupamentoDeTributos.AgrupamentoDeTributosTodasFunc" name="Excluir" time="27.74"/>
</testsuite> <!--  ATR - TRIBUTOS - AGRUPAMENTO DE TRIBUTOS  -->
