<?xml version="1.0" encoding="UTF-8"?>
<!-- Generated by org.testng.reporters.JUnitXMLReporter -->
<testsuite ignored="0" hostname="EC2AMAZ-8HCHO4G" failures="0" tests="7" name=" ATR - ESTRUCTURAS - MAPAMENTO DE PARAMETROS DE ENTRADA " time="493.471" errors="0" timestamp="2023-02-23T18:24:40 UTC">
  <testcase classname="com.timp.test.ATR.Estruturas.MapeamentoDeParametrosDeEntrada.MapeamentoDeParametrosDeEntradaCriar" name="criar" time="82.418"/>
  <testcase classname="com.timp.test.ATR.Estruturas.MapeamentoDeParametrosDeEntrada.MapeamentoDeParametrosDeEntradaEditar" name="editar" time="95.039"/>
  <testcase classname="com.timp.test.ATR.Estruturas.MapeamentoDeParametrosDeEntrada.MapeamentoDeParametrosDeEntradaVisualizar" name="visualizar" time="57.313"/>
  <testcase classname="com.timp.test.ATR.Estruturas.MapeamentoDeParametrosDeEntrada.MapeamentodeParâmetrosdeEntradaFiltroporIDLimpar" name="filtro" time="39.048"/>
  <testcase classname="com.timp.test.ATR.Estruturas.MapeamentoDeParametrosDeEntrada.MapeamentoDeParametrosDeEntradaExcluir" name="Excluir" time="68.092"/>
  <testcase classname="com.timp.test.ATR.Estruturas.MapeamentoDeParametrosDeEntrada.MapeamentoDeParametrosDeEntradaExcluirEmMassa" name="criar" time="101.185"/>
  <testcase classname="com.timp.test.ATR.Estruturas.MapeamentoDeParametrosDeEntrada.MapeamentoDeParametrosDeEntradaExcluirEmMassa" name="excluir" time="26.005"/>
</testsuite> <!--  ATR - ESTRUCTURAS - MAPAMENTO DE PARAMETROS DE ENTRADA  -->
