<?xml version="1.0" encoding="UTF-8"?>
<!-- Generated by org.testng.reporters.JUnitXMLReporter -->
<testsuite ignored="0" hostname="SALC-PC" failures="0" tests="8" name=" ATR - ESTRUCTURAS - MAPAMENTO DE ESTRUCTURAS " time="515.019" errors="0" timestamp="2023-05-24T14:38:00 CST">
  <testcase classname="com.timp.test.ATR.Estruturas.MapeamentoDeEstruturas.MapeamentoDeEstruturasTodasFunc" name="criar" time="94.768"/>
  <testcase classname="com.timp.test.ATR.Estruturas.MapeamentoDeEstruturas.MapeamentoDeEstruturasTodasFunc" name="criarcopia" time="94.342"/>
  <testcase classname="com.timp.test.ATR.Estruturas.MapeamentoDeEstruturas.MapeamentoDeEstruturasTodasFunc" name="editar" time="74.534"/>
  <testcase classname="com.timp.test.ATR.Estruturas.MapeamentoDeEstruturas.MapeamentoDeEstruturasTodasFunc" name="visualizar" time="53.175"/>
  <testcase classname="com.timp.test.ATR.Estruturas.MapeamentoDeEstruturas.MapeamentoDeEstruturasTodasFunc" name="filtro" time="11.262"/>
  <testcase classname="com.timp.test.ATR.Estruturas.MapeamentoDeEstruturas.MapeamentoDeEstruturasTodasFunc" name="excluir" time="31.435"/>
  <testcase classname="com.timp.test.ATR.Estruturas.MapeamentoDeEstruturas.MapeamentoDeEstruturasTodasFunc" name="CriarMassa" time="111.191"/>
  <testcase classname="com.timp.test.ATR.Estruturas.MapeamentoDeEstruturas.MapeamentoDeEstruturasTodasFunc" name="excluirMasa" time="38.428"/>
</testsuite> <!--  ATR - ESTRUCTURAS - MAPAMENTO DE ESTRUCTURAS  -->
