<?xml version="1.0" encoding="UTF-8"?>
<!-- Generated by org.testng.reporters.JUnitXMLReporter -->
<testsuite ignored="0" hostname="Agile" failures="0" tests="8" name=" ATR - ESTRUCTURAS - MAPAMENTO DE ESTRUCTURAS " time="3023.805" errors="0" timestamp="24 feb. 2022 18:43:40 GMT">
  <testcase classname="com.timp.test.ATR.Estruturas.MapeamentoDeEstruturas.MapeamentoDeEstruturasCriar" name="criar" time="376.341"/>
  <testcase classname="com.timp.test.ATR.Estruturas.MapeamentoDeEstruturas.MapeamentoDeEstruturasCriarComCopia" name="criarcopia" time="491.071"/>
  <testcase classname="com.timp.test.ATR.Estruturas.MapeamentoDeEstruturas.MapeamentoDeEstruturasEditar" name="editar" time="122.972"/>
  <testcase classname="com.timp.test.ATR.Estruturas.MapeamentoDeEstruturas.MapeamentoDeEstruturasVisualizar" name="visualizar" time="121.114"/>
  <testcase classname="com.timp.test.ATR.Estruturas.MapeamentoDeEstruturas.MapeamentoDeEstruturasFiltroPorID" name="filtro" time="134.031"/>
  <testcase classname="com.timp.test.ATR.Estruturas.MapeamentoDeEstruturas.MapeamentoDeEstruturasExcluir" name="excluir" time="125.48"/>
  <testcase classname="com.timp.test.ATR.Estruturas.MapeamentoDeEstruturas.MapeamentodeEstruturasExcluirMassa" name="Criar" time="806.851"/>
  <testcase classname="com.timp.test.ATR.Estruturas.MapeamentoDeEstruturas.MapeamentodeEstruturasExcluirMassa" name="excluirMasa" time="50.994"/>
</testsuite> <!--  ATR - ESTRUCTURAS - MAPAMENTO DE ESTRUCTURAS  -->
