<?xml version="1.0" encoding="UTF-8"?>
<!-- Generated by org.testng.reporters.JUnitXMLReporter -->
<testsuite ignored="0" hostname="Agile" failures="0" tests="7" name=" ATR - ESTRUCTURAS - MAPAMENTO DE PARAMETROS DE ENTRADA " time="1437.44" errors="0" timestamp="05 ene. 2022 22:28:14 GMT">
  <testcase classname="com.timp.test.ATR.Estruturas.MapeamentoDeParametrosDeEntrada.MapeamentoDeParametrosDeEntradaCriar" name="criar" time="199.842"/>
  <testcase classname="com.timp.test.ATR.Estruturas.MapeamentoDeParametrosDeEntrada.MapeamentoDeParametrosDeEntradaEditar" name="editar" time="196.119"/>
  <testcase classname="com.timp.test.ATR.Estruturas.MapeamentoDeParametrosDeEntrada.MapeamentoDeParametrosDeEntradaVisualizar" name="visualizar" time="172.308"/>
  <testcase classname="com.timp.test.ATR.Estruturas.MapeamentoDeParametrosDeEntrada.MapeamentodeParâmetrosdeEntradaFiltroporIDLimpar" name="filtro" time="73.815"/>
  <testcase classname="com.timp.test.ATR.Estruturas.MapeamentoDeParametrosDeEntrada.MapeamentoDeParametrosDeEntradaExcluir" name="Excluir" time="97.838"/>
  <testcase classname="com.timp.test.ATR.Estruturas.MapeamentoDeParametrosDeEntrada.MapeamentoDeParametrosDeEntradaExcluirEmMassa" name="criar" time="216.205"/>
  <testcase classname="com.timp.test.ATR.Estruturas.MapeamentoDeParametrosDeEntrada.MapeamentoDeParametrosDeEntradaExcluirEmMassa" name="excluir" time="26.25"/>
</testsuite> <!--  ATR - ESTRUCTURAS - MAPAMENTO DE PARAMETROS DE ENTRADA  -->
