<?xml version="1.0" encoding="UTF-8"?>
<!-- Generated by org.testng.reporters.JUnitXMLReporter -->
<testsuite ignored="0" hostname="Agile" failures="1" tests="7" name=" ATR - ESTRUCTURAS - MAPAMENTO DE PARAMETROS DE ENTRADA " time="1491.513" errors="0" timestamp="02 feb. 2022 22:34:13 GMT">
  <testcase classname="com.timp.test.ATR.Estruturas.MapeamentoDeParametrosDeEntrada.MapeamentoDeParametrosDeEntradaCriar" name="criar" time="147.176"/>
  <testcase classname="com.timp.test.ATR.Estruturas.MapeamentoDeParametrosDeEntrada.MapeamentoDeParametrosDeEntradaEditar" name="editar" time="441.396">
    <failure type="org.openqa.selenium.TimeoutException" message="Expected condition failed: waiting for element to no longer be visible: By.xpath: //div[@class=&amp;quot;overlay loader dark&amp;quot;] (tried for 360 second(s) with 500 milliseconds interval)
Build info: version: &amp;apos;3.141.59&amp;apos;, revision: &amp;apos;e82be7d358&amp;apos;, time: &amp;apos;2018-11-14T08:17:03&amp;apos;
System info: host: &amp;apos;AGILE&amp;apos;, ip: &amp;apos;192.168.0.108&amp;apos;, os.name: &amp;apos;Windows 10&amp;apos;, os.arch: &amp;apos;amd64&amp;apos;, os.version: &amp;apos;10.0&amp;apos;, java.version: &amp;apos;17.0.1&amp;apos;
Driver info: org.openqa.selenium.chrome.ChromeDriver
Capabilities {acceptInsecureCerts: false, browserName: chrome, browserVersion: 83.0.4103.106, chrome: {chromedriverVersion: 83.0.4103.39 (ccbf011cb2d2b..., userDataDir: C:\Users\MASSIEL\AppData\Lo...}, goog:chromeOptions: {debuggerAddress: localhost:51762}, javascriptEnabled: true, networkConnectionEnabled: false, pageLoadStrategy: normal, platform: WINDOWS, platformName: WINDOWS, proxy: Proxy(), setWindowRect: true, strictFileInteractability: false, timeouts: {implicit: 0, pageLoad: 300000, script: 30000}, unhandledPromptBehavior: dismiss and notify, webauthn:virtualAuthenticators: true}
Session ID: aae5f6dd35b390853b3108f59e00a809">
      <![CDATA[org.openqa.selenium.TimeoutException: Expected condition failed: waiting for element to no longer be visible: By.xpath: //div[@class="overlay loader dark"] (tried for 360 second(s) with 500 milliseconds interval)
Build info: version: '3.141.59', revision: 'e82be7d358', time: '2018-11-14T08:17:03'
System info: host: 'AGILE', ip: '192.168.0.108', os.name: 'Windows 10', os.arch: 'amd64', os.version: '10.0', java.version: '17.0.1'
Driver info: org.openqa.selenium.chrome.ChromeDriver
Capabilities {acceptInsecureCerts: false, browserName: chrome, browserVersion: 83.0.4103.106, chrome: {chromedriverVersion: 83.0.4103.39 (ccbf011cb2d2b..., userDataDir: C:\Users\MASSIEL\AppData\Lo...}, goog:chromeOptions: {debuggerAddress: localhost:51762}, javascriptEnabled: true, networkConnectionEnabled: false, pageLoadStrategy: normal, platform: WINDOWS, platformName: WINDOWS, proxy: Proxy(), setWindowRect: true, strictFileInteractability: false, timeouts: {implicit: 0, pageLoad: 300000, script: 30000}, unhandledPromptBehavior: dismiss and notify, webauthn:virtualAuthenticators: true}
Session ID: aae5f6dd35b390853b3108f59e00a809
at org.openqa.selenium.support.ui.WebDriverWait.timeoutException(WebDriverWait.java:95)
at org.openqa.selenium.support.ui.FluentWait.until(FluentWait.java:272)
at com.sap.timp.base.TestBaseSteven.invisibilityOfElement(TestBaseSteven.java:301)
at com.sap.timp.pageObjectModel.ATR.Estruturas.MapeamentoDeParametrosDeEntrada.MapeamentoDeParametrosDeEntradaEditarPO.Editar(MapeamentoDeParametrosDeEntradaEditarPO.java:81)
at com.timp.test.ATR.Estruturas.MapeamentoDeParametrosDeEntrada.MapeamentoDeParametrosDeEntradaEditar.editar(MapeamentoDeParametrosDeEntradaEditar.java:42)
... Removed 25 stack frames]]>
    </failure>
  </testcase> <!-- editar -->
  <testcase classname="com.timp.test.ATR.Estruturas.MapeamentoDeParametrosDeEntrada.MapeamentoDeParametrosDeEntradaVisualizar" name="visualizar" time="156.925"/>
  <testcase classname="com.timp.test.ATR.Estruturas.MapeamentoDeParametrosDeEntrada.MapeamentodeParâmetrosdeEntradaFiltroporIDLimpar" name="filtro" time="76.942"/>
  <testcase classname="com.timp.test.ATR.Estruturas.MapeamentoDeParametrosDeEntrada.MapeamentoDeParametrosDeEntradaExcluir" name="Excluir" time="75.666"/>
  <testcase classname="com.timp.test.ATR.Estruturas.MapeamentoDeParametrosDeEntrada.MapeamentoDeParametrosDeEntradaExcluirEmMassa" name="criar" time="195.039"/>
  <testcase classname="com.timp.test.ATR.Estruturas.MapeamentoDeParametrosDeEntrada.MapeamentoDeParametrosDeEntradaExcluirEmMassa" name="excluir" time="27.249"/>
</testsuite> <!--  ATR - ESTRUCTURAS - MAPAMENTO DE PARAMETROS DE ENTRADA  -->
