<?xml version="1.0" encoding="UTF-8"?>
<!-- Generated by org.testng.reporters.JUnitXMLReporter -->
<testsuite ignored="0" hostname="DESKTOP-C57COV6" failures="0" tests="8" name=" ATR - TRIBUTOS - AGRUPAMENTO DE TRIBUTOS " time="774.523" errors="0" timestamp="08 sep. 2021 10:17:38 GMT">
  <testcase classname="com.timp.test.ATR.Tributos.AgrupamentoDeTributos.AgrupamentoDeTributosCriar" name="criar" time="81.494"/>
  <testcase classname="com.timp.test.ATR.Tributos.AgrupamentoDeTributos.AgrupamentoDeTributosEditar" name="editar" time="105.941"/>
  <testcase classname="com.timp.test.ATR.Tributos.AgrupamentoDeTributos.AgrupamentoDeTributosDetalhes" name="detalhes" time="69.537"/>
  <testcase classname="com.timp.test.ATR.Tributos.AgrupamentoDeTributos.AgrupamentoDeTributosVer" name="visualizar" time="65.208"/>
  <testcase classname="com.timp.test.ATR.Tributos.AgrupamentoDeTributos.AgrupamentoDeTributosCriarComCopia" name="criarcopia" time="142.168"/>
  <testcase classname="com.timp.test.ATR.Tributos.AgrupamentoDeTributos.AgrupamentoDeTributosExcluir" name="excluir" time="62.845"/>
  <testcase classname="com.timp.test.ATR.Tributos.AgrupamentoDeTributos.AgrupamentoDeTributosExcluirEmMassa" name="criar" time="108.662"/>
  <testcase classname="com.timp.test.ATR.Tributos.AgrupamentoDeTributos.AgrupamentoDeTributosExcluirEmMassa" name="Excluir" time="25.007"/>
</testsuite> <!--  ATR - TRIBUTOS - AGRUPAMENTO DE TRIBUTOS  -->
