<?xml version="1.0" encoding="UTF-8"?>
<!-- Generated by org.testng.reporters.JUnitXMLReporter -->
<testsuite ignored="0" hostname="DESKTOP-BNBDMGT" failures="0" tests="10" name=" ATR - ESTRUCTURAS - MAPAMENTO DE ESTRUCTURAS " time="829.705" errors="0" timestamp="26 mar. 2021 21:17:41 GMT">
  <testcase classname="com.timp.test.ATR.Estruturas.RelacionamentoEstruturas.RelacionamentoEstruturasCriar" name="criarRelacionamento" time="82.441"/>
  <testcase classname="com.timp.test.ATR.Estruturas.RelacionamentoEstruturas.RelacionamentoEstruturasEditar" name="EditarRelacionamento" time="83.076"/>
  <testcase classname="com.timp.test.ATR.Estruturas.RelacionamentoEstruturas.RelacionamentoEstruturasVisualizar" name="VisualizarRelacionamento" time="110.35"/>
  <testcase classname="com.timp.test.ATR.Estruturas.RelacionamentoEstruturas.RelacionamentoEstruturasCriarComCopia" name="criarCopia" time="103.859"/>
  <testcase classname="com.timp.test.ATR.Estruturas.RelacionamentoEstruturas.RelacionamentoEstruturasCriarComCopia" name="editarCopia" time="15.408"/>
  <testcase classname="com.timp.test.ATR.Estruturas.RelacionamentoEstruturas.RelacionamentoEstruturasCriarComCopia" name="excluirCopia" time="19.877"/>
  <testcase classname="com.timp.test.ATR.Estruturas.RelacionamentoEstruturas.RelacionamentoEstruturasFiltroPorIdMasLimpiarFiltros" name="filtrarPorIdMasLimpiarFiltros" time="42.009"/>
  <testcase classname="com.timp.test.ATR.Estruturas.RelacionamentoEstruturas.RelacionamentoEstruturasExcluir" name="excluir" time="48.842"/>
  <testcase classname="com.timp.test.ATR.Estruturas.RelacionamentoEstruturas.RelacionamentoEstruturasExcluirEmMassa" name="criarRelacionamento" time="108.282"/>
  <testcase classname="com.timp.test.ATR.Estruturas.RelacionamentoEstruturas.RelacionamentoEstruturasExcluirEmMassa" name="excluirMassa" time="37.187"/>
</testsuite> <!--  ATR - ESTRUCTURAS - MAPAMENTO DE ESTRUCTURAS  -->
