<?xml version="1.0" encoding="UTF-8"?>
<!-- Generated by org.testng.reporters.JUnitXMLReporter -->
<testsuite ignored="0" hostname="DESKTOP-BNBDMGT" failures="0" tests="8" name=" ATR - TRIBUTOS - AGRUPAMENTO DE TRIBUTOS " time="703.682" errors="0" timestamp="08 abr. 2021 17:24:54 GMT">
  <testcase classname="com.timp.test.ATR.Tributos.AgrupamentoDeTributos.AgrupamentoDeTributosCriar" name="criar" time="76.46"/>
  <testcase classname="com.timp.test.ATR.Tributos.AgrupamentoDeTributos.AgrupamentoDeTributosEditar" name="editar" time="97.774"/>
  <testcase classname="com.timp.test.ATR.Tributos.AgrupamentoDeTributos.AgrupamentoDeTributosDetalhes" name="detalhes" time="60.764"/>
  <testcase classname="com.timp.test.ATR.Tributos.AgrupamentoDeTributos.AgrupamentoDeTributosVer" name="visualizar" time="59.491"/>
  <testcase classname="com.timp.test.ATR.Tributos.AgrupamentoDeTributos.AgrupamentoDeTributosCriarComCopia" name="criarcopia" time="121.396"/>
  <testcase classname="com.timp.test.ATR.Tributos.AgrupamentoDeTributos.AgrupamentoDeTributosExcluir" name="excluir" time="57.069"/>
  <testcase classname="com.timp.test.ATR.Tributos.AgrupamentoDeTributos.AgrupamentoDeTributosExcluirEmMassa" name="criar" time="100.088"/>
  <testcase classname="com.timp.test.ATR.Tributos.AgrupamentoDeTributos.AgrupamentoDeTributosExcluirEmMassa" name="Excluir" time="23.766"/>
</testsuite> <!--  ATR - TRIBUTOS - AGRUPAMENTO DE TRIBUTOS  -->
