<?xml version="1.0" encoding="UTF-8"?>
<!-- Generated by org.testng.reporters.JUnitXMLReporter -->
<testsuite ignored="0" hostname="DESKTOP-C57COV6" failures="0" tests="7" name=" Preco De Transferencia &gt; Valores Para Metodo de Importaçao &gt;Valores Para Metodo PRL" time="2898.705" errors="0" timestamp="20 oct. 2021 18:28:25 GMT">
  <testcase classname="com.timp.test.MDR.PrecoDeTransferencia.ValoresParaMetodosDeImportacao.ValoresParaMetodoPRL.ValoresParaMetodoPRLCriar" name="criar" time="636.025"/>
  <testcase classname="com.timp.test.MDR.PrecoDeTransferencia.ValoresParaMetodosDeImportacao.ValoresParaMetodoPRL.ValoresParaMetodoPRLEditar" name="editar" time="256.206"/>
  <testcase classname="com.timp.test.MDR.PrecoDeTransferencia.ValoresParaMetodosDeImportacao.ValoresParaMetodoPRL.ValoresParaMetodoPRLDetalhes" name="Detalhes" time="230.513"/>
  <testcase classname="com.timp.test.MDR.PrecoDeTransferencia.ValoresParaMetodosDeImportacao.ValoresParaMetodoPRL.ValoresParaMetodoPRLExcluir" name="excluir" time="389.14"/>
  <testcase classname="com.timp.test.MDR.PrecoDeTransferencia.ValoresParaMetodosDeImportacao.ValoresParaMetodoPRL.ValoresParaMetodoPRLFiltroID" name="filtro" time="261.676"/>
  <testcase classname="com.timp.test.MDR.PrecoDeTransferencia.ValoresParaMetodosDeImportacao.ValoresParaMetodoPRL.ValoresParaMetodoPRLExcluirEmMasa" name="criar" time="304.982"/>
  <testcase classname="com.timp.test.MDR.PrecoDeTransferencia.ValoresParaMetodosDeImportacao.ValoresParaMetodoPRL.ValoresParaMetodoPRLExcluirEmMasa" name="excluirEnMasaCompatibilidadeEntreFPAS" time="52.902"/>
</testsuite> <!--  Preco De Transferencia > Valores Para Metodo de Importaçao >Valores Para Metodo PRL -->
