<?xml version="1.0" encoding="UTF-8"?>
<!-- Generated by org.testng.reporters.JUnitXMLReporter -->
<testsuite ignored="0" hostname="LAPTOP-IN7IV9K5" failures="0" tests="7" name=" Preco De Transferencia &gt; Valores Para Metodo de Importaçao &gt;Valores Para Metodo PRL" time="780.153" errors="0" timestamp="24 feb. 2021 14:57:48 GMT">
  <testcase classname="com.timp.test.MDR.PrecoDeTransferencia.ValoresParaMetodosDeImportacao.ValoresParaMetodoPRL.ValoresParaMetodoPRLCriar" name="criar" time="141.739"/>
  <testcase classname="com.timp.test.MDR.PrecoDeTransferencia.ValoresParaMetodosDeImportacao.ValoresParaMetodoPRL.ValoresParaMetodoPRLEditar" name="editar" time="105.611"/>
  <testcase classname="com.timp.test.MDR.PrecoDeTransferencia.ValoresParaMetodosDeImportacao.ValoresParaMetodoPRL.ValoresParaMetodoPRLDetalhes" name="Detalhes" time="81.08"/>
  <testcase classname="com.timp.test.MDR.PrecoDeTransferencia.ValoresParaMetodosDeImportacao.ValoresParaMetodoPRL.ValoresParaMetodoPRLExcluir" name="excluir" time="85.431"/>
  <testcase classname="com.timp.test.MDR.PrecoDeTransferencia.ValoresParaMetodosDeImportacao.ValoresParaMetodoPRL.ValoresParaMetodoPRLFiltroID" name="filtro" time="75.807"/>
  <testcase classname="com.timp.test.MDR.PrecoDeTransferencia.ValoresParaMetodosDeImportacao.ValoresParaMetodoPRL.ValoresParaMetodoPRLExcluirEmMasa" name="criar" time="142.825"/>
  <testcase classname="com.timp.test.MDR.PrecoDeTransferencia.ValoresParaMetodosDeImportacao.ValoresParaMetodoPRL.ValoresParaMetodoPRLExcluirEmMasa" name="excluirEnMasaCompatibilidadeEntreFPAS" time="29.219"/>
</testsuite> <!--  Preco De Transferencia > Valores Para Metodo de Importaçao >Valores Para Metodo PRL -->
