<?xml version="1.0" encoding="UTF-8"?>
<!-- Generated by org.testng.reporters.JUnitXMLReporter -->
<testsuite ignored="0" hostname="Agile" failures="0" tests="3" name="- Filiais" time="436.521" errors="0" timestamp="12 mar. 2022 05:44:56 GMT">
  <testcase classname="com.timp.test.MDR.Filiais.FiliaisEditar" name="editar" time="151.66"/>
  <testcase classname="com.timp.test.MDR.Filiais.FiliaisVisualizar" name="visualizar" time="76.606"/>
  <testcase classname="com.timp.test.MDR.Filiais.FiliaisDetalle" name="detalle" time="132.793"/>
</testsuite> <!-- - Filiais -->
