<?xml version="1.0" encoding="UTF-8"?>
<!-- Generated by org.testng.reporters.JUnitXMLReporter -->
<testsuite ignored="0" hostname="EC2AMAZ-8HCHO4G" failures="1" tests="6" name="4.1.1 Tabelas de Apoio do Sped &gt; Documentos Fiscais ICMS" time="553.121" errors="0" timestamp="2023-12-20T19:25:51 UTC">
  <testcase classname="com.timp.test.MDR.TabelasApoioSped.DocumentosFiscaisICMS.DocumentosFiscaisICMSCriar" name="criar" time="72.946"/>
  <testcase classname="com.timp.test.MDR.TabelasApoioSped.DocumentosFiscaisICMS.DocumentosFiscaisICMSEditar" name="editar" time="105.516">
    <failure type="java.lang.AssertionError" message="O valor do campo n�o foi editado expected [true] but found [false]">
      <![CDATA[java.lang.AssertionError: O valor do campo n�o foi editado expected [true] but found [false]
at com.timp.test.MDR.TabelasApoioSped.DocumentosFiscaisICMS.DocumentosFiscaisICMSEditar.editar(DocumentosFiscaisICMSEditar.java:40)
at java.base/java.util.ArrayList.forEach(ArrayList.java:1511)
... Removed 30 stack frames]]>
    </failure>
  </testcase> <!-- editar -->
  <testcase classname="com.timp.test.MDR.TabelasApoioSped.DocumentosFiscaisICMS.DocumentosFiscaisICMSDetalhes" name="detalhes" time="61.689"/>
  <testcase classname="com.timp.test.MDR.TabelasApoioSped.DocumentosFiscaisICMS.DocumentosFiscaisICMSVisualizar" name="visualizar" time="86.632"/>
  <testcase classname="com.timp.test.MDR.TabelasApoioSped.DocumentosFiscaisICMS.DocumentosFiscaisICMSExcluir" name="excluir" time="77.5"/>
  <testcase classname="com.timp.test.MDR.TabelasApoioSped.DocumentosFiscaisICMS.DocumentosFiscaisICMSExcluirEmMassa" name="criar" time="134.607"/>
</testsuite> <!-- 4.1.1 Tabelas de Apoio do Sped > Documentos Fiscais ICMS -->
