<?xml version="1.0" encoding="UTF-8"?>
<!-- Generated by org.testng.reporters.JUnitXMLReporter -->
<testsuite ignored="0" hostname="DESKTOP-JP1A9E6" failures="0" tests="7" name="4.3.6 Tabelas de Apoio do Sped &gt; Código Tipo Crédito" time="1034.617" errors="0" timestamp="25 ago. 2021 06:04:48 GMT">
  <testcase classname="com.timp.test.MDR.TabelasApoioSped.CodigoTipoCredito.CodigoTipoCreditoCriar" name="criar" time="118.841"/>
  <testcase classname="com.timp.test.MDR.TabelasApoioSped.CodigoTipoCredito.CodigoTipoCreditoEditar" name="editar" time="104.32"/>
  <testcase classname="com.timp.test.MDR.TabelasApoioSped.CodigoTipoCredito.CodigoTipoCreditoDetalhes" name="detalhes" time="84.845"/>
  <testcase classname="com.timp.test.MDR.TabelasApoioSped.CodigoTipoCredito.CodigoTipoCreditoVisualizar" name="visualizar" time="175.683"/>
  <testcase classname="com.timp.test.MDR.TabelasApoioSped.CodigoTipoCredito.CodigoTipoCreditoFiltrosAvançados" name="filtros" time="96.324"/>
  <testcase classname="com.timp.test.MDR.TabelasApoioSped.CodigoTipoCredito.CodigoTipoCreditoExcluir" name="excluir" time="133.067"/>
  <testcase classname="com.timp.test.MDR.TabelasApoioSped.CodigoTipoCredito.CodigoTipoCreditoExcluirEmMassa" name="criar" time="165.91"/>
</testsuite> <!-- 4.3.6 Tabelas de Apoio do Sped > Código Tipo Crédito -->
