<?xml version="1.0" encoding="UTF-8"?>
<!-- Generated by org.testng.reporters.JUnitXMLReporter -->
<testsuite ignored="0" hostname="Agile" failures="0" tests="6" name="5.4 Tabelas de Apoio do Sped &gt; Códigos das Obrigacões de ICMS a Recolher" time="784.95" errors="0" timestamp="18 dic. 2021 08:08:22 GMT">
  <testcase classname="com.timp.test.MDR.TabelasApoioSped.CodigosDasObrigaçoesDeICMSaRecolher.CodigosDasObrigaçoesDeICMSaRecolherCriar" name="criar" time="96.975"/>
  <testcase classname="com.timp.test.MDR.TabelasApoioSped.CodigosDasObrigaçoesDeICMSaRecolher.CodigosDasObrigaçoesDeICMSaRecolherEditar" name="editar" time="119.219"/>
  <testcase classname="com.timp.test.MDR.TabelasApoioSped.CodigosDasObrigaçoesDeICMSaRecolher.CodigosDasObrigaçoesDeICMSaRecolherDetalhes" name="detalhes" time="90.311"/>
  <testcase classname="com.timp.test.MDR.TabelasApoioSped.CodigosDasObrigaçoesDeICMSaRecolher.CodigosDasObrigaçoesDeICMSaRecolherVisualizar" name="visualizar" time="112.511"/>
  <testcase classname="com.timp.test.MDR.TabelasApoioSped.CodigosDasObrigaçoesDeICMSaRecolher.CodigosDasObrigaçoesDeICMSaRecolherExcluir" name="excluir" time="104.475"/>
  <testcase classname="com.timp.test.MDR.TabelasApoioSped.CodigosDasObrigaçoesDeICMSaRecolher.CodigosDasObrigacoesDeICMSaRecolherExcluirEmMassa" name="criar" time="158.042"/>
</testsuite> <!-- 5.4 Tabelas de Apoio do Sped > Códigos das Obrigacões de ICMS a Recolher -->
