<?xml version="1.0" encoding="UTF-8"?>
<!-- Generated by org.testng.reporters.JUnitXMLReporter -->
<testsuite ignored="0" hostname="DESKTOP-JP1A9E6" failures="0" tests="6" name="5.4 Tabelas de Apoio do Sped &gt; Códigos das Obrigacões de ICMS a Recolher" time="1074.02" errors="0" timestamp="15 sep. 2021 14:33:46 GMT">
  <testcase classname="com.timp.test.MDR.TabelasApoioSped.CodigosDasObrigaçoesDeICMSaRecolher.CodigosDasObrigaçoesDeICMSaRecolherCriar" name="criar" time="195.319"/>
  <testcase classname="com.timp.test.MDR.TabelasApoioSped.CodigosDasObrigaçoesDeICMSaRecolher.CodigosDasObrigaçoesDeICMSaRecolherEditar" name="editar" time="164.119"/>
  <testcase classname="com.timp.test.MDR.TabelasApoioSped.CodigosDasObrigaçoesDeICMSaRecolher.CodigosDasObrigaçoesDeICMSaRecolherDetalhes" name="detalhes" time="107.643"/>
  <testcase classname="com.timp.test.MDR.TabelasApoioSped.CodigosDasObrigaçoesDeICMSaRecolher.CodigosDasObrigaçoesDeICMSaRecolherVisualizar" name="visualizar" time="150.611"/>
  <testcase classname="com.timp.test.MDR.TabelasApoioSped.CodigosDasObrigaçoesDeICMSaRecolher.CodigosDasObrigaçoesDeICMSaRecolherExcluir" name="excluir" time="115.152"/>
  <testcase classname="com.timp.test.MDR.TabelasApoioSped.CodigosDasObrigaçoesDeICMSaRecolher.CodigosDasObrigacoesDeICMSaRecolherExcluirEmMassa" name="criar" time="174.027"/>
</testsuite> <!-- 5.4 Tabelas de Apoio do Sped > Códigos das Obrigacões de ICMS a Recolher -->
