<?xml version="1.0" encoding="UTF-8"?>
<!-- Generated by org.testng.reporters.JUnitXMLReporter -->
<testsuite ignored="0" hostname="DESKTOP-M23FVFN" failures="1" tests="8" name="Antecipação" time="976.492" errors="0" timestamp="09 dic. 2021 08:03:45 GMT">
  <testcase classname="com.timp.test.MDR.Antecipacao.AntecipacaoCriar" name="criar" time="203.811"/>
  <testcase classname="com.timp.test.MDR.Antecipacao.AntecipacaoDetalhe" name="detalhe" time="114.921"/>
  <testcase classname="com.timp.test.MDR.Antecipacao.AntecipacaoEditar" name="editar" time="130.396"/>
  <testcase classname="com.timp.test.MDR.Antecipacao.AntecipacaoFiltros" name="filtros" time="76.376"/>
  <testcase classname="com.timp.test.MDR.Antecipacao.AntecipacaoVisualizar" name="visualizar" time="135.599"/>
  <testcase classname="com.timp.test.MDR.Antecipacao.AntecipacaoEliminar" name="excluir" time="121.533"/>
  <testcase classname="com.timp.test.MDR.Antecipacao.AntecipacaoExcluirMassa" name="criar" time="86.472">
    <failure type="org.openqa.selenium.StaleElementReferenceException" message="stale element reference: element is not attached to the page document
  (Session info: chrome=83.0.4103.61)
For documentation on this error, please visit: https://www.seleniumhq.org/exceptions/stale_element_reference.html
Build info: version: &amp;apos;3.141.59&amp;apos;, revision: &amp;apos;e82be7d358&amp;apos;, time: &amp;apos;2018-11-14T08:17:03&amp;apos;
System info: host: &amp;apos;DESKTOP-M23FVFN&amp;apos;, ip: &amp;apos;192.168.0.108&amp;apos;, os.name: &amp;apos;Windows 10&amp;apos;, os.arch: &amp;apos;amd64&amp;apos;, os.version: &amp;apos;10.0&amp;apos;, java.version: &amp;apos;17.0.1&amp;apos;
Driver info: org.openqa.selenium.chrome.ChromeDriver
Capabilities {acceptInsecureCerts: false, browserName: chrome, browserVersion: 83.0.4103.61, chrome: {chromedriverVersion: 83.0.4103.39 (ccbf011cb2d2b..., userDataDir: C:\Users\Massiel\AppData\Lo...}, goog:chromeOptions: {debuggerAddress: localhost:54210}, javascriptEnabled: true, networkConnectionEnabled: false, pageLoadStrategy: normal, platform: WINDOWS, platformName: WINDOWS, proxy: Proxy(), setWindowRect: true, strictFileInteractability: false, timeouts: {implicit: 0, pageLoad: 300000, script: 30000}, unhandledPromptBehavior: dismiss and notify, webauthn:virtualAuthenticators: true}
Session ID: 81671be0bbf6c7f79cf5a8f187f93602">
      <![CDATA[org.openqa.selenium.StaleElementReferenceException: stale element reference: element is not attached to the page document
  (Session info: chrome=83.0.4103.61)
For documentation on this error, please visit: https://www.seleniumhq.org/exceptions/stale_element_reference.html
Build info: version: '3.141.59', revision: 'e82be7d358', time: '2018-11-14T08:17:03'
System info: host: 'DESKTOP-M23FVFN', ip: '192.168.0.108', os.name: 'Windows 10', os.arch: 'amd64', os.version: '10.0', java.version: '17.0.1'
Driver info: org.openqa.selenium.chrome.ChromeDriver
Capabilities {acceptInsecureCerts: false, browserName: chrome, browserVersion: 83.0.4103.61, chrome: {chromedriverVersion: 83.0.4103.39 (ccbf011cb2d2b..., userDataDir: C:\Users\Massiel\AppData\Lo...}, goog:chromeOptions: {debuggerAddress: localhost:54210}, javascriptEnabled: true, networkConnectionEnabled: false, pageLoadStrategy: normal, platform: WINDOWS, platformName: WINDOWS, proxy: Proxy(), setWindowRect: true, strictFileInteractability: false, timeouts: {implicit: 0, pageLoad: 300000, script: 30000}, unhandledPromptBehavior: dismiss and notify, webauthn:virtualAuthenticators: true}
Session ID: 81671be0bbf6c7f79cf5a8f187f93602
at org.openqa.selenium.remote.http.W3CHttpResponseCodec.createException(W3CHttpResponseCodec.java:187)
at org.openqa.selenium.remote.http.W3CHttpResponseCodec.decode(W3CHttpResponseCodec.java:122)
at org.openqa.selenium.remote.http.W3CHttpResponseCodec.decode(W3CHttpResponseCodec.java:49)
at org.openqa.selenium.remote.HttpCommandExecutor.execute(HttpCommandExecutor.java:158)
at org.openqa.selenium.remote.service.DriverCommandExecutor.execute(DriverCommandExecutor.java:83)
at org.openqa.selenium.remote.RemoteWebDriver.execute(RemoteWebDriver.java:552)
at org.openqa.selenium.remote.RemoteWebElement.execute(RemoteWebElement.java:285)
at org.openqa.selenium.remote.RemoteWebElement.getAttribute(RemoteWebElement.java:134)
at org.openqa.selenium.support.ui.ExpectedConditions$31.apply(ExpectedConditions.java:878)
at org.openqa.selenium.support.ui.ExpectedConditions$31.apply(ExpectedConditions.java:872)
at org.openqa.selenium.support.ui.FluentWait.until(FluentWait.java:249)
at com.sap.timp.base.TestBaseSteven.attributeToBeXpath(TestBaseSteven.java:308)
at com.sap.timp.pageObjectModel.MDR.Antecipacao.AntecipacaoExcluirMassaPO.criarAntecipacao(AntecipacaoExcluirMassaPO.java:147)
at com.timp.test.MDR.Antecipacao.AntecipacaoExcluirMassa.criar(AntecipacaoExcluirMassa.java:40)
... Removed 30 stack frames]]>
    </failure>
  </testcase> <!-- criar -->
  <testcase classname="com.timp.test.MDR.Antecipacao.AntecipacaoExcluirMassa" name="excluir" time="0.0">
    <skipped/>
  </testcase> <!-- excluir -->
</testsuite> <!-- Antecipação -->
