<?xml version="1.0" encoding="UTF-8"?>
<!-- Generated by org.testng.reporters.JUnitXMLReporter -->
<testsuite hostname="LitoSoler" ignored="0" name="Antecipação" tests="6" failures="0" timestamp="16 mar 2021 00:54:28 GMT" time="694.356" errors="0">
  <testcase name="criar" time="153.81" classname="com.timp.test.MDR.Antecipacao.AntecipacaoCriar"/>
  <testcase name="detalhe" time="88.081" classname="com.timp.test.MDR.Antecipacao.AntecipacaoDetalhe"/>
  <testcase name="editar" time="111.834" classname="com.timp.test.MDR.Antecipacao.AntecipacaoEditar"/>
  <testcase name="filtros" time="62.929" classname="com.timp.test.MDR.Antecipacao.AntecipacaoFiltros"/>
  <testcase name="visualizar" time="99.485" classname="com.timp.test.MDR.Antecipacao.AntecipacaoVisualizar"/>
  <testcase name="excluir" time="88.867" classname="com.timp.test.MDR.Antecipacao.AntecipacaoEliminar"/>
</testsuite> <!-- Antecipação -->
