<?xml version="1.0" encoding="UTF-8"?>
<!-- Generated by org.testng.reporters.JUnitXMLReporter -->
<testsuite hostname="LitoSoler" ignored="0" name="Antecipação" tests="6" failures="0" timestamp="24 feb 2021 15:47:08 GMT" time="645.741" errors="0">
  <testcase name="criar" time="146.99" classname="com.timp.test.MDR.Antecipacao.AntecipacaoCriar"/>
  <testcase name="detalhe" time="83.662" classname="com.timp.test.MDR.Antecipacao.AntecipacaoDetalhe"/>
  <testcase name="editar" time="96.373" classname="com.timp.test.MDR.Antecipacao.AntecipacaoEditar"/>
  <testcase name="filtros" time="54.502" classname="com.timp.test.MDR.Antecipacao.AntecipacaoFiltros"/>
  <testcase name="visualizar" time="93.626" classname="com.timp.test.MDR.Antecipacao.AntecipacaoVisualizar"/>
  <testcase name="excluir" time="85.329" classname="com.timp.test.MDR.Antecipacao.AntecipacaoEliminar"/>
</testsuite> <!-- Antecipação -->
