<?xml version="1.0" encoding="UTF-8"?>
<!-- Generated by org.testng.reporters.JUnitXMLReporter -->
<testsuite hostname="LitoSoler" ignored="0" name="Antecipação" tests="6" failures="0" timestamp="19 mar 2021 19:48:10 GMT" time="739.354" errors="0">
  <testcase name="criar" time="158.779" classname="com.timp.test.MDR.Antecipacao.AntecipacaoCriar"/>
  <testcase name="detalhe" time="89.756" classname="com.timp.test.MDR.Antecipacao.AntecipacaoDetalhe"/>
  <testcase name="editar" time="134.147" classname="com.timp.test.MDR.Antecipacao.AntecipacaoEditar"/>
  <testcase name="filtros" time="71.819" classname="com.timp.test.MDR.Antecipacao.AntecipacaoFiltros"/>
  <testcase name="visualizar" time="100.49" classname="com.timp.test.MDR.Antecipacao.AntecipacaoVisualizar"/>
  <testcase name="excluir" time="91.135" classname="com.timp.test.MDR.Antecipacao.AntecipacaoEliminar"/>
</testsuite> <!-- Antecipação -->
