<?xml version="1.0" encoding="UTF-8"?>
<!-- Generated by org.testng.reporters.JUnitXMLReporter -->
<testsuite hostname="LitoSoler" ignored="0" name="Antecipação" tests="6" failures="0" timestamp="08 mar 2021 23:05:28 GMT" time="685.718" errors="0">
  <testcase name="criar" time="159.422" classname="com.timp.test.MDR.Antecipacao.AntecipacaoCriar"/>
  <testcase name="detalhe" time="86.905" classname="com.timp.test.MDR.Antecipacao.AntecipacaoDetalhe"/>
  <testcase name="editar" time="102.79" classname="com.timp.test.MDR.Antecipacao.AntecipacaoEditar"/>
  <testcase name="filtros" time="54.337" classname="com.timp.test.MDR.Antecipacao.AntecipacaoFiltros"/>
  <testcase name="visualizar" time="96.456" classname="com.timp.test.MDR.Antecipacao.AntecipacaoVisualizar"/>
  <testcase name="excluir" time="88.59" classname="com.timp.test.MDR.Antecipacao.AntecipacaoEliminar"/>
</testsuite> <!-- Antecipação -->
