<?xml version="1.0" encoding="UTF-8"?>
<!-- Generated by org.testng.reporters.JUnitXMLReporter -->
<testsuite ignored="0" hostname="DESKTOP-M23FVFN" failures="1" tests="8" name="Antecipação" time="1226.731" errors="0" timestamp="16 feb. 2022 12:21:55 GMT">
  <testcase classname="com.timp.test.MDR.Antecipacao.AntecipacaoCriar" name="criar" time="194.457"/>
  <testcase classname="com.timp.test.MDR.Antecipacao.AntecipacaoDetalhe" name="detalhe" time="110.912"/>
  <testcase classname="com.timp.test.MDR.Antecipacao.AntecipacaoEditar" name="editar" time="134.8"/>
  <testcase classname="com.timp.test.MDR.Antecipacao.AntecipacaoFiltros" name="filtros" time="72.259"/>
  <testcase classname="com.timp.test.MDR.Antecipacao.AntecipacaoVisualizar" name="visualizar" time="136.236"/>
  <testcase classname="com.timp.test.MDR.Antecipacao.AntecipacaoEliminar" name="excluir" time="117.571"/>
  <testcase classname="com.timp.test.MDR.Antecipacao.AntecipacaoExcluirMassa" name="criar" time="344.723">
    <failure type="org.openqa.selenium.NoSuchElementException" message="no such element: Unable to locate element: {&amp;quot;method&amp;quot;:&amp;quot;xpath&amp;quot;,&amp;quot;selector&amp;quot;:&amp;quot;//div[contains(@class,&amp;quot;tbody&amp;quot;)]/div[contains(@class,&amp;quot;tr&amp;quot;) and @data-id][0]/div[3]/div&amp;quot;}
  (Session info: chrome=83.0.4103.61)
For documentation on this error, please visit: https://www.seleniumhq.org/exceptions/no_such_element.html
Build info: version: &amp;apos;3.141.59&amp;apos;, revision: &amp;apos;e82be7d358&amp;apos;, time: &amp;apos;2018-11-14T08:17:03&amp;apos;
System info: host: &amp;apos;DESKTOP-M23FVFN&amp;apos;, ip: &amp;apos;192.168.0.100&amp;apos;, os.name: &amp;apos;Windows 10&amp;apos;, os.arch: &amp;apos;amd64&amp;apos;, os.version: &amp;apos;10.0&amp;apos;, java.version: &amp;apos;17.0.1&amp;apos;
Driver info: org.openqa.selenium.chrome.ChromeDriver
Capabilities {acceptInsecureCerts: false, browserName: chrome, browserVersion: 83.0.4103.61, chrome: {chromedriverVersion: 83.0.4103.39 (ccbf011cb2d2b..., userDataDir: C:\Users\Massiel\AppData\Lo...}, goog:chromeOptions: {debuggerAddress: localhost:62860}, javascriptEnabled: true, networkConnectionEnabled: false, pageLoadStrategy: normal, platform: WINDOWS, platformName: WINDOWS, proxy: Proxy(), setWindowRect: true, strictFileInteractability: false, timeouts: {implicit: 0, pageLoad: 300000, script: 30000}, unhandledPromptBehavior: dismiss and notify, webauthn:virtualAuthenticators: true}
Session ID: aa808290834389c854c9c97fbfac35d7
*** Element info: {Using=xpath, value=//div[contains(@class,&amp;quot;tbody&amp;quot;)]/div[contains(@class,&amp;quot;tr&amp;quot;) and @data-id][0]/div[3]/div}">
      <![CDATA[org.openqa.selenium.NoSuchElementException: no such element: Unable to locate element: {"method":"xpath","selector":"//div[contains(@class,"tbody")]/div[contains(@class,"tr") and @data-id][0]/div[3]/div"}
  (Session info: chrome=83.0.4103.61)
For documentation on this error, please visit: https://www.seleniumhq.org/exceptions/no_such_element.html
Build info: version: '3.141.59', revision: 'e82be7d358', time: '2018-11-14T08:17:03'
System info: host: 'DESKTOP-M23FVFN', ip: '192.168.0.100', os.name: 'Windows 10', os.arch: 'amd64', os.version: '10.0', java.version: '17.0.1'
Driver info: org.openqa.selenium.chrome.ChromeDriver
Capabilities {acceptInsecureCerts: false, browserName: chrome, browserVersion: 83.0.4103.61, chrome: {chromedriverVersion: 83.0.4103.39 (ccbf011cb2d2b..., userDataDir: C:\Users\Massiel\AppData\Lo...}, goog:chromeOptions: {debuggerAddress: localhost:62860}, javascriptEnabled: true, networkConnectionEnabled: false, pageLoadStrategy: normal, platform: WINDOWS, platformName: WINDOWS, proxy: Proxy(), setWindowRect: true, strictFileInteractability: false, timeouts: {implicit: 0, pageLoad: 300000, script: 30000}, unhandledPromptBehavior: dismiss and notify, webauthn:virtualAuthenticators: true}
Session ID: aa808290834389c854c9c97fbfac35d7
*** Element info: {Using=xpath, value=//div[contains(@class,"tbody")]/div[contains(@class,"tr") and @data-id][0]/div[3]/div}
at org.openqa.selenium.remote.http.W3CHttpResponseCodec.createException(W3CHttpResponseCodec.java:187)
at org.openqa.selenium.remote.http.W3CHttpResponseCodec.decode(W3CHttpResponseCodec.java:122)
at org.openqa.selenium.remote.http.W3CHttpResponseCodec.decode(W3CHttpResponseCodec.java:49)
at org.openqa.selenium.remote.HttpCommandExecutor.execute(HttpCommandExecutor.java:158)
at org.openqa.selenium.remote.service.DriverCommandExecutor.execute(DriverCommandExecutor.java:83)
at org.openqa.selenium.remote.RemoteWebDriver.execute(RemoteWebDriver.java:552)
at org.openqa.selenium.remote.RemoteWebDriver.findElement(RemoteWebDriver.java:323)
at org.openqa.selenium.remote.RemoteWebDriver.findElementByXPath(RemoteWebDriver.java:428)
at org.openqa.selenium.By$ByXPath.findElement(By.java:353)
at org.openqa.selenium.remote.RemoteWebDriver.findElement(RemoteWebDriver.java:315)
at com.sap.timp.pageObjectModel.MDR.Antecipacao.AntecipacaoExcluirMassaPO.criarAntecipacao(AntecipacaoExcluirMassaPO.java:336)
at com.timp.test.MDR.Antecipacao.AntecipacaoExcluirMassa.criar(AntecipacaoExcluirMassa.java:40)
... Removed 29 stack frames]]>
    </failure>
  </testcase> <!-- criar -->
  <testcase classname="com.timp.test.MDR.Antecipacao.AntecipacaoExcluirMassa" name="excluir" time="0.001">
    <skipped/>
  </testcase> <!-- excluir -->
</testsuite> <!-- Antecipação -->
