<?xml version="1.0" encoding="UTF-8"?>
<!-- Generated by org.testng.reporters.JUnitXMLReporter -->
<testsuite ignored="0" hostname="DESKTOP-C57COV6" failures="0" tests="8" name="Antecipação" time="1333.67" errors="0" timestamp="17 ago. 2021 09:14:59 GMT">
  <testcase classname="com.timp.test.MDR.Antecipacao.AntecipacaoCriar" name="criar" time="197.696"/>
  <testcase classname="com.timp.test.MDR.Antecipacao.AntecipacaoDetalhe" name="detalhe" time="150.772"/>
  <testcase classname="com.timp.test.MDR.Antecipacao.AntecipacaoEditar" name="editar" time="139.242"/>
  <testcase classname="com.timp.test.MDR.Antecipacao.AntecipacaoFiltros" name="filtros" time="78.144"/>
  <testcase classname="com.timp.test.MDR.Antecipacao.AntecipacaoVisualizar" name="visualizar" time="135.662"/>
  <testcase classname="com.timp.test.MDR.Antecipacao.AntecipacaoEliminar" name="excluir" time="121.901"/>
  <testcase classname="com.timp.test.MDR.Antecipacao.AntecipacaoExcluirMassa" name="criar" time="322.563"/>
  <testcase classname="com.timp.test.MDR.Antecipacao.AntecipacaoExcluirMassa" name="excluir" time="52.054"/>
</testsuite> <!-- Antecipação -->
