<?xml version="1.0" encoding="UTF-8"?>
<!-- Generated by org.testng.reporters.JUnitXMLReporter -->
<testsuite hostname="LitoSoler" ignored="0" name="Atividades Fiscais &gt; Atividade Fiscal" tests="6" failures="1" timestamp="24 feb 2021 16:03:29 GMT" time="498.056" errors="0">
  <testcase name="criar" time="81.627" classname="com.timp.test.MDR.AtividadesFiscais.AtividadeFiscal.AtividadeCriar"/>
  <testcase name="editar" time="87.879" classname="com.timp.test.MDR.AtividadesFiscais.AtividadeFiscal.AtividadeEditar"/>
  <testcase name="visualizar" time="67.702" classname="com.timp.test.MDR.AtividadesFiscais.AtividadeFiscal.AtividadeVisualizar"/>
  <testcase name="criar" time="146.106" classname="com.timp.test.MDR.AtividadesFiscais.AtividadeFiscal.AtividadeExcluirMassa">
    <failure type="java.lang.AssertionError" message="O registro não foi criado com sucesso expected [true] but found [false]">
      <![CDATA[java.lang.AssertionError: O registro não foi criado com sucesso expected [true] but found [false]
at com.timp.test.MDR.AtividadesFiscais.AtividadeFiscal.AtividadeExcluirMassa.criar(AtividadeExcluirMassa.java:43)
... Removed 28 stack frames]]>
    </failure>
  </testcase> <!-- criar -->
  <testcase name="excluirMassa" time="0.0" classname="com.timp.test.MDR.AtividadesFiscais.AtividadeFiscal.AtividadeExcluirMassa">
    <skipped/>
  </testcase> <!-- excluirMassa -->
  <testcase name="filtro" time="44.942" classname="com.timp.test.MDR.AtividadesFiscais.AtividadeFiscal.AtividadeFiltro"/>
</testsuite> <!-- Atividades Fiscais > Atividade Fiscal -->
