<?xml version="1.0" encoding="UTF-8"?>
<!-- Generated by org.testng.reporters.JUnitXMLReporter -->
<testsuite ignored="0" hostname="DESKTOP-M23FVFN" failures="0" tests="7" name="Atividades Fiscais &gt; Atividade Fiscal" time="1124.119" errors="0" timestamp="19 dic. 2021 06:56:51 GMT">
  <testcase classname="com.timp.test.MDR.AtividadesFiscais.AtividadeFiscal.AtividadeCriar" name="criar" time="167.829"/>
  <testcase classname="com.timp.test.MDR.AtividadesFiscais.AtividadeFiscal.AtividadeEditar" name="editar" time="195.344"/>
  <testcase classname="com.timp.test.MDR.AtividadesFiscais.AtividadeFiscal.AtividadeVisualizar" name="visualizar" time="116.443"/>
  <testcase classname="com.timp.test.MDR.AtividadesFiscais.AtividadeFiscal.AtividadeEliminar" name="eliminar" time="127.651"/>
  <testcase classname="com.timp.test.MDR.AtividadesFiscais.AtividadeFiscal.AtividadeExcluirMassa" name="criar" time="240.796"/>
  <testcase classname="com.timp.test.MDR.AtividadesFiscais.AtividadeFiscal.AtividadeExcluirMassa" name="excluirMassa" time="51.254"/>
  <testcase classname="com.timp.test.MDR.AtividadesFiscais.AtividadeFiscal.AtividadeFiltro" name="filtro" time="80.176"/>
</testsuite> <!-- Atividades Fiscais > Atividade Fiscal -->
