<?xml version="1.0" encoding="UTF-8"?>
<!-- Generated by org.testng.reporters.JUnitXMLReporter -->
<testsuite hostname="LitoSoler" ignored="0" name="Atividades Fiscais &gt; Atividade Fiscal" tests="6" failures="0" timestamp="19 mar 2021 20:06:03 GMT" time="558.836" errors="0">
  <testcase name="criar" time="98.896" classname="com.timp.test.MDR.AtividadesFiscais.AtividadeFiscal.AtividadeCriar"/>
  <testcase name="editar" time="93.385" classname="com.timp.test.MDR.AtividadesFiscais.AtividadeFiscal.AtividadeEditar"/>
  <testcase name="visualizar" time="69.215" classname="com.timp.test.MDR.AtividadesFiscais.AtividadeFiscal.AtividadeVisualizar"/>
  <testcase name="criar" time="150.348" classname="com.timp.test.MDR.AtividadesFiscais.AtividadeFiscal.AtividadeExcluirMassa"/>
  <testcase name="excluirMassa" time="36.082" classname="com.timp.test.MDR.AtividadesFiscais.AtividadeFiscal.AtividadeExcluirMassa"/>
  <testcase name="filtro" time="45.716" classname="com.timp.test.MDR.AtividadesFiscais.AtividadeFiscal.AtividadeFiltro"/>
</testsuite> <!-- Atividades Fiscais > Atividade Fiscal -->
