<?xml version="1.0" encoding="UTF-8"?>
<!-- Generated by org.testng.reporters.JUnitXMLReporter -->
<testsuite hostname="LitoSoler" ignored="0" name="Atividades Fiscais &gt; Atividade Fiscal" tests="6" failures="0" timestamp="08 mar 2021 23:23:48 GMT" time="611.954" errors="0">
  <testcase name="criar" time="86.473" classname="com.timp.test.MDR.AtividadesFiscais.AtividadeFiscal.AtividadeCriar"/>
  <testcase name="editar" time="111.975" classname="com.timp.test.MDR.AtividadesFiscais.AtividadeFiscal.AtividadeEditar"/>
  <testcase name="visualizar" time="71.102" classname="com.timp.test.MDR.AtividadesFiscais.AtividadeFiscal.AtividadeVisualizar"/>
  <testcase name="criar" time="161.805" classname="com.timp.test.MDR.AtividadesFiscais.AtividadeFiscal.AtividadeExcluirMassa"/>
  <testcase name="excluirMassa" time="38.092" classname="com.timp.test.MDR.AtividadesFiscais.AtividadeFiscal.AtividadeExcluirMassa"/>
  <testcase name="filtro" time="47.755" classname="com.timp.test.MDR.AtividadesFiscais.AtividadeFiscal.AtividadeFiltro"/>
</testsuite> <!-- Atividades Fiscais > Atividade Fiscal -->
