<?xml version="1.0" encoding="UTF-8"?>
<!-- Generated by org.testng.reporters.JUnitXMLReporter -->
<testsuite ignored="0" hostname="MassielV" failures="0" tests="7" name="Atividades Fiscais &gt; Atividade Fiscal" time="728.46" errors="0" timestamp="27 oct. 2021 10:22:07 GMT">
  <testcase classname="com.timp.test.MDR.AtividadesFiscais.AtividadeFiscal.AtividadeCriar" name="criar" time="98.346"/>
  <testcase classname="com.timp.test.MDR.AtividadesFiscais.AtividadeFiscal.AtividadeEditar" name="editar" time="115.987"/>
  <testcase classname="com.timp.test.MDR.AtividadesFiscais.AtividadeFiscal.AtividadeVisualizar" name="visualizar" time="76.65"/>
  <testcase classname="com.timp.test.MDR.AtividadesFiscais.AtividadeFiscal.AtividadeEliminar" name="eliminar" time="102.13"/>
  <testcase classname="com.timp.test.MDR.AtividadesFiscais.AtividadeFiscal.AtividadeExcluirMassa" name="criar" time="146.905"/>
  <testcase classname="com.timp.test.MDR.AtividadesFiscais.AtividadeFiscal.AtividadeExcluirMassa" name="excluirMassa" time="45.542"/>
  <testcase classname="com.timp.test.MDR.AtividadesFiscais.AtividadeFiscal.AtividadeFiltro" name="filtro" time="77.409"/>
</testsuite> <!-- Atividades Fiscais > Atividade Fiscal -->
