<?xml version="1.0" encoding="UTF-8"?>
<!-- Generated by org.testng.reporters.JUnitXMLReporter -->
<testsuite ignored="0" hostname="MassielV" failures="0" tests="7" name="Atividades Fiscais &gt; Atividade Fiscal" time="693.588" errors="0" timestamp="20 oct. 2021 11:37:22 GMT">
  <testcase classname="com.timp.test.MDR.AtividadesFiscais.AtividadeFiscal.AtividadeCriar" name="criar" time="94.818"/>
  <testcase classname="com.timp.test.MDR.AtividadesFiscais.AtividadeFiscal.AtividadeEditar" name="editar" time="115.032"/>
  <testcase classname="com.timp.test.MDR.AtividadesFiscais.AtividadeFiscal.AtividadeVisualizar" name="visualizar" time="83.459"/>
  <testcase classname="com.timp.test.MDR.AtividadesFiscais.AtividadeFiscal.AtividadeEliminar" name="eliminar" time="87.158"/>
  <testcase classname="com.timp.test.MDR.AtividadesFiscais.AtividadeFiscal.AtividadeExcluirMassa" name="criar" time="142.474"/>
  <testcase classname="com.timp.test.MDR.AtividadesFiscais.AtividadeFiscal.AtividadeExcluirMassa" name="excluirMassa" time="41.062"/>
  <testcase classname="com.timp.test.MDR.AtividadesFiscais.AtividadeFiscal.AtividadeFiltro" name="filtro" time="55.506"/>
</testsuite> <!-- Atividades Fiscais > Atividade Fiscal -->
