<?xml version="1.0" encoding="UTF-8"?>
<!-- Generated by org.testng.reporters.JUnitXMLReporter -->
<testsuite ignored="0" hostname="DESKTOP-C57COV6" failures="0" tests="7" name="Atividades Fiscais &gt; Atividade Fiscal" time="780.885" errors="0" timestamp="15 oct. 2021 11:23:56 GMT">
  <testcase classname="com.timp.test.MDR.AtividadesFiscais.AtividadeFiscal.AtividadeCriar" name="criar" time="110.892"/>
  <testcase classname="com.timp.test.MDR.AtividadesFiscais.AtividadeFiscal.AtividadeEditar" name="editar" time="141.849"/>
  <testcase classname="com.timp.test.MDR.AtividadesFiscais.AtividadeFiscal.AtividadeVisualizar" name="visualizar" time="85.488"/>
  <testcase classname="com.timp.test.MDR.AtividadesFiscais.AtividadeFiscal.AtividadeEliminar" name="eliminar" time="91.107"/>
  <testcase classname="com.timp.test.MDR.AtividadesFiscais.AtividadeFiscal.AtividadeExcluirMassa" name="criar" time="156.736"/>
  <testcase classname="com.timp.test.MDR.AtividadesFiscais.AtividadeFiscal.AtividadeExcluirMassa" name="excluirMassa" time="44.513"/>
  <testcase classname="com.timp.test.MDR.AtividadesFiscais.AtividadeFiscal.AtividadeFiltro" name="filtro" time="61.458"/>
</testsuite> <!-- Atividades Fiscais > Atividade Fiscal -->
