<?xml version="1.0" encoding="UTF-8"?>
<!-- Generated by org.testng.reporters.JUnitXMLReporter -->
<testsuite ignored="0" hostname="EC2AMAZ-8HCHO4G" failures="1" tests="8" name="ATR -  ESTRUCTURAS - GRUPO ESTRUCTURAS" time="459.617" errors="0" timestamp="2024-06-04T16:03:45 UTC">
  <testcase classname="com.timp.test.ATR.Estruturas.GrupoDeEstruturas.GrupoDeEstruturasTodasFunc" name="criar" time="87.295"/>
  <testcase classname="com.timp.test.ATR.Estruturas.GrupoDeEstruturas.GrupoDeEstruturasTodasFunc" name="Editar" time="184.505"/>
  <testcase classname="com.timp.test.ATR.Estruturas.GrupoDeEstruturas.GrupoDeEstruturasTodasFunc" name="detalhes" time="45.215"/>
  <testcase classname="com.timp.test.ATR.Estruturas.GrupoDeEstruturas.GrupoDeEstruturasTodasFunc" name="filtro" time="23.601"/>
  <testcase classname="com.timp.test.ATR.Estruturas.GrupoDeEstruturas.GrupoDeEstruturasTodasFunc" name="visualizar" time="48.991"/>
  <testcase classname="com.timp.test.ATR.Estruturas.GrupoDeEstruturas.GrupoDeEstruturasTodasFunc" name="excluir" time="34.041"/>
  <testcase classname="com.timp.test.ATR.Estruturas.GrupoDeEstruturas.GrupoDeEstruturasTodasFunc" name="criarMassa" time="33.599">
    <failure type="org.openqa.selenium.ElementClickInterceptedException" message="element click intercepted: Element &amp;lt;span class=&amp;quot;text&amp;quot;&amp;gt;...&amp;lt;/span&amp;gt; is not clickable at point (146, 247). Other element would receive the click: &amp;lt;div class=&amp;quot;overlay dark&amp;quot; style=&amp;quot;display: block;&amp;quot;&amp;gt;...&amp;lt;/div&amp;gt;
  (Session info: chrome=125.0.6422.61)
Build info: version: &amp;apos;3.141.59&amp;apos;, revision: &amp;apos;e82be7d358&amp;apos;, time: &amp;apos;2018-11-14T08:17:03&amp;apos;
System info: host: &amp;apos;EC2AMAZ-8HCHO4G&amp;apos;, ip: &amp;apos;10.0.0.249&amp;apos;, os.name: &amp;apos;Windows Server 2019&amp;apos;, os.arch: &amp;apos;amd64&amp;apos;, os.version: &amp;apos;10.0&amp;apos;, java.version: &amp;apos;17.0.4.1&amp;apos;
Driver info: org.openqa.selenium.chrome.ChromeDriver
Capabilities {acceptInsecureCerts: false, browserName: chrome, browserVersion: 125.0.6422.61, chrome: {chromedriverVersion: 125.0.6422.60 (3ac3319bff9f..., userDataDir: C:\Users\user_ta\AppData\Lo...}, fedcm:accounts: true, goog:chromeOptions: {debuggerAddress: localhost:53795}, javascriptEnabled: true, networkConnectionEnabled: false, pageLoadStrategy: normal, platform: WINDOWS, platformName: WINDOWS, proxy: Proxy(), setWindowRect: true, strictFileInteractability: false, timeouts: {implicit: 0, pageLoad: 300000, script: 30000}, unhandledPromptBehavior: dismiss and notify, webauthn:extension:credBlob: true, webauthn:extension:largeBlob: true, webauthn:extension:minPinLength: true, webauthn:extension:prf: true, webauthn:virtualAuthenticators: true}
Session ID: 9f420c1e5fd3c475f79bcf3ee9da0560">
      <![CDATA[org.openqa.selenium.ElementClickInterceptedException: element click intercepted: Element <span class="text">...</span> is not clickable at point (146, 247). Other element would receive the click: <div class="overlay dark" style="display: block;">...</div>
  (Session info: chrome=125.0.6422.61)
Build info: version: '3.141.59', revision: 'e82be7d358', time: '2018-11-14T08:17:03'
System info: host: 'EC2AMAZ-8HCHO4G', ip: '10.0.0.249', os.name: 'Windows Server 2019', os.arch: 'amd64', os.version: '10.0', java.version: '17.0.4.1'
Driver info: org.openqa.selenium.chrome.ChromeDriver
Capabilities {acceptInsecureCerts: false, browserName: chrome, browserVersion: 125.0.6422.61, chrome: {chromedriverVersion: 125.0.6422.60 (3ac3319bff9f..., userDataDir: C:\Users\user_ta\AppData\Lo...}, fedcm:accounts: true, goog:chromeOptions: {debuggerAddress: localhost:53795}, javascriptEnabled: true, networkConnectionEnabled: false, pageLoadStrategy: normal, platform: WINDOWS, platformName: WINDOWS, proxy: Proxy(), setWindowRect: true, strictFileInteractability: false, timeouts: {implicit: 0, pageLoad: 300000, script: 30000}, unhandledPromptBehavior: dismiss and notify, webauthn:extension:credBlob: true, webauthn:extension:largeBlob: true, webauthn:extension:minPinLength: true, webauthn:extension:prf: true, webauthn:virtualAuthenticators: true}
Session ID: 9f420c1e5fd3c475f79bcf3ee9da0560
at org.openqa.selenium.remote.http.W3CHttpResponseCodec.createException(W3CHttpResponseCodec.java:187)
at org.openqa.selenium.remote.http.W3CHttpResponseCodec.decode(W3CHttpResponseCodec.java:122)
at org.openqa.selenium.remote.http.W3CHttpResponseCodec.decode(W3CHttpResponseCodec.java:49)
at org.openqa.selenium.remote.HttpCommandExecutor.execute(HttpCommandExecutor.java:158)
at org.openqa.selenium.remote.service.DriverCommandExecutor.execute(DriverCommandExecutor.java:83)
at org.openqa.selenium.remote.RemoteWebDriver.execute(RemoteWebDriver.java:552)
at org.openqa.selenium.remote.RemoteWebElement.execute(RemoteWebElement.java:285)
at org.openqa.selenium.remote.RemoteWebElement.click(RemoteWebElement.java:84)
at org.openqa.selenium.support.pagefactory.internal.LocatingElementHandler.invoke(LocatingElementHandler.java:51)
at jdk.proxy2/jdk.proxy2.$Proxy12.click(Unknown Source)
at com.sap.timp.pageObjectModel.ATR.Estruturas.GrupoDeEstruturas.GrupoDeEstruturasExcluirEmMassaPO.criar(GrupoDeEstruturasExcluirEmMassaPO.java:104)
at com.timp.test.ATR.Estruturas.GrupoDeEstruturas.GrupoDeEstruturasTodasFunc.criarMassa(GrupoDeEstruturasTodasFunc.java:132)
at java.base/java.util.ArrayList.forEach(ArrayList.java:1511)
... Removed 35 stack frames]]>
    </failure>
  </testcase> <!-- criarMassa -->
  <testcase classname="com.timp.test.ATR.Estruturas.GrupoDeEstruturas.GrupoDeEstruturasTodasFunc" name="excluirMassa" time="0.0">
    <skipped/>
  </testcase> <!-- excluirMassa -->
</testsuite> <!-- ATR -  ESTRUCTURAS - GRUPO ESTRUCTURAS -->
