<?xml version="1.0" encoding="UTF-8"?>
<!-- Generated by org.testng.reporters.JUnitXMLReporter -->
<testsuite ignored="0" hostname="DESKTOP-C57COV6" failures="0" tests="8" name="ATR -  ESTRUCTURAS - GRUPO ESTRUCTURAS" time="1083.473" errors="0" timestamp="22 sep. 2021 22:36:44 GMT">
  <testcase classname="com.timp.test.ATR.Estruturas.GrupoDeEstruturas.GrupoDeEstruturasCriar" name="criar" time="147.546"/>
  <testcase classname="com.timp.test.ATR.Estruturas.GrupoDeEstruturas.GrupoDeEstruturasEditar" name="editar" time="148.06"/>
  <testcase classname="com.timp.test.ATR.Estruturas.GrupoDeEstruturas.GrupoDeEstruturasDetalhes" name="detalhes" time="84.239"/>
  <testcase classname="com.timp.test.ATR.Estruturas.GrupoDeEstruturas.GrupoDeEstruturaVer" name="visualizar" time="124.418"/>
  <testcase classname="com.timp.test.ATR.Estruturas.GrupoDeEstruturas.GrupoDeEstruturasFiltroPorID" name="filtro" time="47.618"/>
  <testcase classname="com.timp.test.ATR.Estruturas.GrupoDeEstruturas.GrupoDeEstruturasExcluir" name="criar" time="68.269"/>
  <testcase classname="com.timp.test.ATR.Estruturas.GrupoDeEstruturas.GrupoDeEstruturasExcluirEmMassa" name="criar" time="123.041"/>
  <testcase classname="com.timp.test.ATR.Estruturas.GrupoDeEstruturas.GrupoDeEstruturasExcluirEmMassa" name="Excluir" time="45.772"/>
</testsuite> <!-- ATR -  ESTRUCTURAS - GRUPO ESTRUCTURAS -->
