<?xml version="1.0" encoding="UTF-8"?>
<!-- Generated by org.testng.reporters.JUnitXMLReporter -->
<testsuite ignored="0" hostname="DESKTOP-M23FVFN" failures="0" tests="8" name="ATR -  ESTRUCTURAS - GRUPO ESTRUCTURAS" time="1103.117" errors="0" timestamp="2023-02-13T17:45:33 BRT">
  <testcase classname="com.timp.test.ATR.Estruturas.GrupoDeEstruturas.GrupoDeEstruturasCriar" name="criar" time="91.985"/>
  <testcase classname="com.timp.test.ATR.Estruturas.GrupoDeEstruturas.GrupoDeEstruturasDetalhes" name="detalhes" time="66.698"/>
  <testcase classname="com.timp.test.ATR.Estruturas.GrupoDeEstruturas.GrupoDeEstruturasEditar" name="editar" time="262.091"/>
  <testcase classname="com.timp.test.ATR.Estruturas.GrupoDeEstruturas.GrupoDeEstruturaVer" name="visualizar" time="143.227"/>
  <testcase classname="com.timp.test.ATR.Estruturas.GrupoDeEstruturas.GrupoDeEstruturasFiltroPorID" name="filtro" time="50.256"/>
  <testcase classname="com.timp.test.ATR.Estruturas.GrupoDeEstruturas.GrupoDeEstruturasExcluir" name="criar" time="66.548"/>
  <testcase classname="com.timp.test.ATR.Estruturas.GrupoDeEstruturas.GrupoDeEstruturasExcluirEmMassa" name="criar" time="107.8"/>
  <testcase classname="com.timp.test.ATR.Estruturas.GrupoDeEstruturas.GrupoDeEstruturasExcluirEmMassa" name="Excluir" time="37.762"/>
</testsuite> <!-- ATR -  ESTRUCTURAS - GRUPO ESTRUCTURAS -->
