<?xml version="1.0" encoding="UTF-8"?>
<!-- Generated by org.testng.reporters.JUnitXMLReporter -->
<testsuite ignored="0" hostname="DESKTOP-M23FVFN" failures="2" tests="8" name="ATR -  ESTRUCTURAS - GRUPO ESTRUCTURAS" time="1441.001" errors="0" timestamp="05 ene. 2022 22:02:26 GMT">
  <testcase classname="com.timp.test.ATR.Estruturas.GrupoDeEstruturas.GrupoDeEstruturasCriar" name="criar" time="106.194"/>
  <testcase classname="com.timp.test.ATR.Estruturas.GrupoDeEstruturas.GrupoDeEstruturasEditar" name="editar" time="207.335"/>
  <testcase classname="com.timp.test.ATR.Estruturas.GrupoDeEstruturas.GrupoDeEstruturasDetalhes" name="detalhes" time="79.279">
    <failure type="java.lang.AssertionError" message="As informações não são as esperadas expected [true] but found [false]">
      <![CDATA[java.lang.AssertionError: As informações não são as esperadas expected [true] but found [false]
at com.timp.test.ATR.Estruturas.GrupoDeEstruturas.GrupoDeEstruturasDetalhes.detalhes(GrupoDeEstruturasDetalhes.java:48)
... Removed 28 stack frames]]>
    </failure>
  </testcase> <!-- detalhes -->
  <testcase classname="com.timp.test.ATR.Estruturas.GrupoDeEstruturas.GrupoDeEstruturaVer" name="visualizar" time="160.965"/>
  <testcase classname="com.timp.test.ATR.Estruturas.GrupoDeEstruturas.GrupoDeEstruturasFiltroPorID" name="filtro" time="60.844"/>
  <testcase classname="com.timp.test.ATR.Estruturas.GrupoDeEstruturas.GrupoDeEstruturasExcluir" name="criar" time="85.403"/>
  <testcase classname="com.timp.test.ATR.Estruturas.GrupoDeEstruturas.GrupoDeEstruturasExcluirEmMassa" name="criar" time="194.527"/>
  <testcase classname="com.timp.test.ATR.Estruturas.GrupoDeEstruturas.GrupoDeEstruturasExcluirEmMassa" name="Excluir" time="73.397">
    <failure type="java.lang.NumberFormatException" message="For input string: &amp;quot;Badis Pedido de Compra - EKKO&amp;quot;">
      <![CDATA[java.lang.NumberFormatException: For input string: "Badis Pedido de Compra - EKKO"
at java.base/java.lang.NumberFormatException.forInputString(NumberFormatException.java:67)
at java.base/java.lang.Integer.parseInt(Integer.java:668)
at java.base/java.lang.Integer.<init>(Integer.java:1127)
at com.sap.timp.base.TestBaseSteven.convertToInt(TestBaseSteven.java:416)
at com.sap.timp.pageObjectModel.ATR.Estruturas.GrupoDeEstruturas.GrupoDeEstruturasExcluirEmMassaPO.excluir(GrupoDeEstruturasExcluirEmMassaPO.java:227)
at com.timp.test.ATR.Estruturas.GrupoDeEstruturas.GrupoDeEstruturasExcluirEmMassa.Excluir(GrupoDeEstruturasExcluirEmMassa.java:55)
... Removed 25 stack frames]]>
    </failure>
  </testcase> <!-- Excluir -->
</testsuite> <!-- ATR -  ESTRUCTURAS - GRUPO ESTRUCTURAS -->
