<?xml version="1.0" encoding="UTF-8"?>
<!-- Generated by org.testng.reporters.JUnitXMLReporter -->
<testsuite ignored="0" hostname="EC2AMAZ-8HCHO4G" failures="0" tests="6" name="Banco De Credito Extemporaneo &gt; Configuracao e Execucao " time="975.567" errors="0" timestamp="2023-06-19T19:38:38 UTC">
  <testcase classname="com.timp.test.TCC.BancoDeCreditoExtemporaneo.ConfiguracaoEExecucao.CampoPesquisa" name="filtro" time="42.807"/>
  <testcase classname="com.timp.test.TCC.BancoDeCreditoExtemporaneo.ConfiguracaoEExecucao.ConfiguracaoEExecucacoCriar" name="criar" time="187.633"/>
  <testcase classname="com.timp.test.TCC.BancoDeCreditoExtemporaneo.ConfiguracaoEExecucao.ConfiguracaoEExecucaoEditar" name="editar" time="109.336"/>
  <testcase classname="com.timp.test.TCC.BancoDeCreditoExtemporaneo.ConfiguracaoEExecucao.ConfiguracaoEExecucaoVisualizar" name="visualizar" time="105.354"/>
  <testcase classname="com.timp.test.TCC.BancoDeCreditoExtemporaneo.ConfiguracaoEExecucao.ConfiguracaoEExecucaoFiltrosAvançados" name="Filtro" time="118.881"/>
  <testcase classname="com.timp.test.TCC.BancoDeCreditoExtemporaneo.ConfiguracaoEExecucao.ConfiguracaoEExecucaoExecutar" name="executar" time="396.167"/>
</testsuite> <!-- Banco De Credito Extemporaneo > Configuracao e Execucao  -->
