<?xml version="1.0" encoding="UTF-8"?>
<!-- Generated by org.testng.reporters.JUnitXMLReporter -->
<testsuite ignored="0" hostname="DESKTOP-M23FVFN" failures="0" tests="5" name="Banco De Credito Extemporaneo &gt; PainelBCE" time="692.551" errors="0" timestamp="2022-12-29T20:02:43 BRT">
  <testcase classname="com.timp.test.TCC.BancoDeCreditoExtemporaneo.PainelBCE.ConfiguracaoEExecucao.PainelBCEConfiguracaoEExecucaoCriar" name="criar" time="90.239"/>
  <testcase classname="com.timp.test.TCC.BancoDeCreditoExtemporaneo.PainelBCE.ConfiguracaoEExecucao.PainelBCEConfiguracaoeExecucaoEditar" name="editar" time="86.377"/>
  <testcase classname="com.timp.test.TCC.BancoDeCreditoExtemporaneo.PainelBCE.ConfiguracaoEExecucao.PainelBCEConfiguracaoeExecucaoVisualizar" name="visualizar" time="97.168"/>
  <testcase classname="com.timp.test.TCC.BancoDeCreditoExtemporaneo.PainelBCE.ConfiguracaoEExecucao.PainelBCEConfiguracaoEExecucaoExecutar" name="executar" time="214.288"/>
  <testcase classname="com.timp.test.TCC.BancoDeCreditoExtemporaneo.PainelBCE.ConfiguracaoEExecucao.PainelBCEConfiguracaoeExecucaoExcluir" name="excluir" time="69.438"/>
</testsuite> <!-- Banco De Credito Extemporaneo > PainelBCE -->
