<?xml version="1.0" encoding="UTF-8"?>
<!-- Generated by org.testng.reporters.JUnitXMLReporter -->
<testsuite ignored="0" hostname="EC2AMAZ-8HCHO4G" failures="1" tests="5" name="Banco De Credito Extemporaneo &gt; PainelBCE" time="611.694" errors="0" timestamp="2023-12-26T23:04:31 UTC">
  <testcase classname="com.timp.test.TCC.BancoDeCreditoExtemporaneo.PainelBCE.ConfiguracaoEExecucao.PainelBCEConfiguracaoEExecucaoCriar" name="criar" time="91.678"/>
  <testcase classname="com.timp.test.TCC.BancoDeCreditoExtemporaneo.PainelBCE.ConfiguracaoEExecucao.PainelBCEConfiguracaoeExecucaoEditar" name="editar" time="79.901">
    <failure type="java.lang.AssertionError" message="O relatorio n�o foi modificado com sucesso expected [true] but found [false]">
      <![CDATA[java.lang.AssertionError: O relatorio n�o foi modificado com sucesso expected [true] but found [false]
at com.timp.test.TCC.BancoDeCreditoExtemporaneo.PainelBCE.ConfiguracaoEExecucao.PainelBCEConfiguracaoeExecucaoEditar.editar(PainelBCEConfiguracaoeExecucaoEditar.java:44)
at java.base/java.util.ArrayList.forEach(ArrayList.java:1511)
... Removed 30 stack frames]]>
    </failure>
  </testcase> <!-- editar -->
  <testcase classname="com.timp.test.TCC.BancoDeCreditoExtemporaneo.PainelBCE.ConfiguracaoEExecucao.PainelBCEConfiguracaoeExecucaoVisualizar" name="visualizar" time="85.176"/>
  <testcase classname="com.timp.test.TCC.BancoDeCreditoExtemporaneo.PainelBCE.ConfiguracaoEExecucao.PainelBCEConfiguracaoEExecucaoExecutar" name="executar" time="291.152"/>
  <testcase classname="com.timp.test.TCC.BancoDeCreditoExtemporaneo.PainelBCE.ConfiguracaoEExecucao.PainelBCEConfiguracaoeExecucaoExcluir" name="excluir" time="50.388"/>
</testsuite> <!-- Banco De Credito Extemporaneo > PainelBCE -->
