<?xml version="1.0" encoding="UTF-8"?>
<!-- Generated by org.testng.reporters.JUnitXMLReporter -->
<testsuite ignored="0" hostname="EC2AMAZ-8HCHO4G" failures="1" tests="6" name="Banco De Credito Extemporaneo &gt; Configuracao e Execucao " time="988.61" errors="0" timestamp="2024-10-09T21:53:18 UTC">
  <testcase classname="com.timp.test.TCC.BancoDeCreditoExtemporaneo.ConfiguracaoEExecucao.CampoPesquisa" name="filtro" time="39.512">
    <failure type="java.lang.AssertionError" message="Os resultados n�o s�o acorde aos filtros expected [true] but found [false]">
      <![CDATA[java.lang.AssertionError: Os resultados n�o s�o acorde aos filtros expected [true] but found [false]
at com.timp.test.TCC.BancoDeCreditoExtemporaneo.ConfiguracaoEExecucao.CampoPesquisa.filtro(CampoPesquisa.java:43)
at java.base/java.util.ArrayList.forEach(ArrayList.java:1511)
... Removed 30 stack frames]]>
    </failure>
  </testcase> <!-- filtro -->
  <testcase classname="com.timp.test.TCC.BancoDeCreditoExtemporaneo.ConfiguracaoEExecucao.ConfiguracaoEExecucacoCriar" name="criar" time="193.107"/>
  <testcase classname="com.timp.test.TCC.BancoDeCreditoExtemporaneo.ConfiguracaoEExecucao.ConfiguracaoEExecucaoEditar" name="editar" time="109.132"/>
  <testcase classname="com.timp.test.TCC.BancoDeCreditoExtemporaneo.ConfiguracaoEExecucao.ConfiguracaoEExecucaoVisualizar" name="visualizar" time="106.623"/>
  <testcase classname="com.timp.test.TCC.BancoDeCreditoExtemporaneo.ConfiguracaoEExecucao.ConfiguracaoEExecucaoFiltrosAvançados" name="Filtro" time="116.71"/>
  <testcase classname="com.timp.test.TCC.BancoDeCreditoExtemporaneo.ConfiguracaoEExecucao.ConfiguracaoEExecucaoExecutar" name="executar" time="409.824"/>
</testsuite> <!-- Banco De Credito Extemporaneo > Configuracao e Execucao  -->
