<?xml version="1.0" encoding="UTF-8"?>
<!-- Generated by org.testng.reporters.JUnitXMLReporter -->
<testsuite ignored="0" hostname="EC2AMAZ-8HCHO4G" failures="4" tests="5" name="Banco De Ocorrecias &gt; Configuracao E Execucao " time="1233.095" errors="0" timestamp="2023-06-21T22:21:16 UTC">
  <testcase classname="com.timp.test.TCC.BancoDeOcorrencias.ConfiguracaoEExecucao.ConfiguracaoEExecucaoCriar" name="criar" time="102.047">
    <failure type="org.openqa.selenium.NoSuchElementException" message="no such element: Unable to locate element: {&amp;quot;method&amp;quot;:&amp;quot;xpath&amp;quot;,&amp;quot;selector&amp;quot;:&amp;quot;//div[text()=&amp;quot;ICMS&amp;quot;]&amp;quot;}
  (Session info: chrome=114.0.5735.134)
For documentation on this error, please visit: https://www.seleniumhq.org/exceptions/no_such_element.html
Build info: version: &amp;apos;3.141.59&amp;apos;, revision: &amp;apos;e82be7d358&amp;apos;, time: &amp;apos;2018-11-14T08:17:03&amp;apos;
System info: host: &amp;apos;EC2AMAZ-8HCHO4G&amp;apos;, ip: &amp;apos;10.0.0.249&amp;apos;, os.name: &amp;apos;Windows Server 2019&amp;apos;, os.arch: &amp;apos;amd64&amp;apos;, os.version: &amp;apos;10.0&amp;apos;, java.version: &amp;apos;17.0.4.1&amp;apos;
Driver info: org.openqa.selenium.chrome.ChromeDriver
Capabilities {acceptInsecureCerts: false, browserName: chrome, browserVersion: 114.0.5735.134, chrome: {chromedriverVersion: 113.0.5672.63 (0e1a4471d5ae..., userDataDir: C:\Users\user_ta\AppData\Lo...}, goog:chromeOptions: {debuggerAddress: localhost:63118}, javascriptEnabled: true, networkConnectionEnabled: false, pageLoadStrategy: normal, platform: WINDOWS, platformName: WINDOWS, proxy: Proxy(), setWindowRect: true, strictFileInteractability: false, timeouts: {implicit: 0, pageLoad: 300000, script: 30000}, unhandledPromptBehavior: dismiss and notify, webauthn:extension:credBlob: true, webauthn:extension:largeBlob: true, webauthn:extension:minPinLength: true, webauthn:extension:prf: true, webauthn:virtualAuthenticators: true}
Session ID: bb92a5173e121fc196aedcd9ff2613a3
*** Element info: {Using=xpath, value=//div[text()=&amp;quot;ICMS&amp;quot;]}">
      <![CDATA[org.openqa.selenium.NoSuchElementException: no such element: Unable to locate element: {"method":"xpath","selector":"//div[text()="ICMS"]"}
  (Session info: chrome=114.0.5735.134)
For documentation on this error, please visit: https://www.seleniumhq.org/exceptions/no_such_element.html
Build info: version: '3.141.59', revision: 'e82be7d358', time: '2018-11-14T08:17:03'
System info: host: 'EC2AMAZ-8HCHO4G', ip: '10.0.0.249', os.name: 'Windows Server 2019', os.arch: 'amd64', os.version: '10.0', java.version: '17.0.4.1'
Driver info: org.openqa.selenium.chrome.ChromeDriver
Capabilities {acceptInsecureCerts: false, browserName: chrome, browserVersion: 114.0.5735.134, chrome: {chromedriverVersion: 113.0.5672.63 (0e1a4471d5ae..., userDataDir: C:\Users\user_ta\AppData\Lo...}, goog:chromeOptions: {debuggerAddress: localhost:63118}, javascriptEnabled: true, networkConnectionEnabled: false, pageLoadStrategy: normal, platform: WINDOWS, platformName: WINDOWS, proxy: Proxy(), setWindowRect: true, strictFileInteractability: false, timeouts: {implicit: 0, pageLoad: 300000, script: 30000}, unhandledPromptBehavior: dismiss and notify, webauthn:extension:credBlob: true, webauthn:extension:largeBlob: true, webauthn:extension:minPinLength: true, webauthn:extension:prf: true, webauthn:virtualAuthenticators: true}
Session ID: bb92a5173e121fc196aedcd9ff2613a3
*** Element info: {Using=xpath, value=//div[text()="ICMS"]}
at org.openqa.selenium.remote.http.W3CHttpResponseCodec.createException(W3CHttpResponseCodec.java:187)
at org.openqa.selenium.remote.http.W3CHttpResponseCodec.decode(W3CHttpResponseCodec.java:122)
at org.openqa.selenium.remote.http.W3CHttpResponseCodec.decode(W3CHttpResponseCodec.java:49)
at org.openqa.selenium.remote.HttpCommandExecutor.execute(HttpCommandExecutor.java:158)
at org.openqa.selenium.remote.service.DriverCommandExecutor.execute(DriverCommandExecutor.java:83)
at org.openqa.selenium.remote.RemoteWebDriver.execute(RemoteWebDriver.java:552)
at org.openqa.selenium.remote.RemoteWebDriver.findElement(RemoteWebDriver.java:323)
at org.openqa.selenium.remote.RemoteWebDriver.findElementByXPath(RemoteWebDriver.java:428)
at org.openqa.selenium.By$ByXPath.findElement(By.java:353)
at org.openqa.selenium.remote.RemoteWebDriver.findElement(RemoteWebDriver.java:315)
at org.openqa.selenium.support.pagefactory.DefaultElementLocator.findElement(DefaultElementLocator.java:69)
at org.openqa.selenium.support.pagefactory.internal.LocatingElementHandler.invoke(LocatingElementHandler.java:38)
at jdk.proxy2/jdk.proxy2.$Proxy12.click(Unknown Source)
at com.sap.timp.pageObjectModel.TCC.BancoDeOcorrencias.ConfiguracaoEExecucao.ConfiguracaoEExecucaoCriarPO.criar(ConfiguracaoEExecucaoCriarPO.java:164)
at com.timp.test.TCC.BancoDeOcorrencias.ConfiguracaoEExecucao.ConfiguracaoEExecucaoCriar.criar(ConfiguracaoEExecucaoCriar.java:43)
at java.base/java.util.ArrayList.forEach(ArrayList.java:1511)
... Removed 31 stack frames]]>
    </failure>
  </testcase> <!-- criar -->
  <testcase classname="com.timp.test.TCC.BancoDeOcorrencias.ConfiguracaoEExecucao.ConfiguracaoEExecucaoEditar" name="editar" time="410.659">
    <failure type="org.openqa.selenium.TimeoutException" message="Expected condition failed: waiting for element to be clickable: By.xpath: //div[@data-id=&amp;quot;1&amp;quot;]/div[1]/div (tried for 360 second(s) with 500 milliseconds interval)">
      <![CDATA[org.openqa.selenium.TimeoutException: Expected condition failed: waiting for element to be clickable: By.xpath: //div[@data-id="1"]/div[1]/div (tried for 360 second(s) with 500 milliseconds interval)
at org.openqa.selenium.support.ui.WebDriverWait.timeoutException(WebDriverWait.java:95)
at org.openqa.selenium.support.ui.FluentWait.until(FluentWait.java:272)
at com.sap.timp.base.TestBase.waitExpectedElement(TestBase.java:120)
at com.sap.timp.pageObjectModel.TCC.BancoDeOcorrencias.ConfiguracaoEExecucao.ConfiguracaoEExecucaoEditarPO.editar(ConfiguracaoEExecucaoEditarPO.java:57)
at com.timp.test.TCC.BancoDeOcorrencias.ConfiguracaoEExecucao.ConfiguracaoEExecucaoEditar.editar(ConfiguracaoEExecucaoEditar.java:44)
at java.base/java.util.ArrayList.forEach(ArrayList.java:1511)
Caused by: org.openqa.selenium.NoSuchElementException: no such element: Unable to locate element: {"method":"xpath","selector":"//div[@data-id="1"]/div[1]/div"}
  (Session info: chrome=114.0.5735.134)
For documentation on this error, please visit: https://www.seleniumhq.org/exceptions/no_such_element.html
Build info: version: '3.141.59', revision: 'e82be7d358', time: '2018-11-14T08:17:03'
System info: host: 'EC2AMAZ-8HCHO4G', ip: '10.0.0.249', os.name: 'Windows Server 2019', os.arch: 'amd64', os.version: '10.0', java.version: '17.0.4.1'
Driver info: org.openqa.selenium.chrome.ChromeDriver
Capabilities {acceptInsecureCerts: false, browserName: chrome, browserVersion: 114.0.5735.134, chrome: {chromedriverVersion: 113.0.5672.63 (0e1a4471d5ae..., userDataDir: C:\Users\user_ta\AppData\Lo...}, goog:chromeOptions: {debuggerAddress: localhost:63298}, javascriptEnabled: true, networkConnectionEnabled: false, pageLoadStrategy: normal, platform: WINDOWS, platformName: WINDOWS, proxy: Proxy(), setWindowRect: true, strictFileInteractability: false, timeouts: {implicit: 0, pageLoad: 300000, script: 30000}, unhandledPromptBehavior: dismiss and notify, webauthn:extension:credBlob: true, webauthn:extension:largeBlob: true, webauthn:extension:minPinLength: true, webauthn:extension:prf: true, webauthn:virtualAuthenticators: true}
Session ID: 653b5685a730da31ecd5f3d8d84f763a
*** Element info: {Using=xpath, value=//div[@data-id="1"]/div[1]/div}
at org.openqa.selenium.remote.http.W3CHttpResponseCodec.createException(W3CHttpResponseCodec.java:187)
at org.openqa.selenium.remote.http.W3CHttpResponseCodec.decode(W3CHttpResponseCodec.java:122)
at org.openqa.selenium.remote.http.W3CHttpResponseCodec.decode(W3CHttpResponseCodec.java:49)
at org.openqa.selenium.remote.HttpCommandExecutor.execute(HttpCommandExecutor.java:158)
at org.openqa.selenium.remote.service.DriverCommandExecutor.execute(DriverCommandExecutor.java:83)
at org.openqa.selenium.remote.RemoteWebDriver.execute(RemoteWebDriver.java:552)
at org.openqa.selenium.remote.RemoteWebDriver.findElement(RemoteWebDriver.java:323)
at org.openqa.selenium.remote.RemoteWebDriver.findElementByXPath(RemoteWebDriver.java:428)
at org.openqa.selenium.By$ByXPath.findElement(By.java:353)
at org.openqa.selenium.remote.RemoteWebDriver.findElement(RemoteWebDriver.java:315)
at org.openqa.selenium.support.ui.ExpectedConditions$7.apply(ExpectedConditions.java:205)
at org.openqa.selenium.support.ui.ExpectedConditions$7.apply(ExpectedConditions.java:201)
at org.openqa.selenium.support.ui.ExpectedConditions$22.apply(ExpectedConditions.java:641)
at org.openqa.selenium.support.ui.ExpectedConditions$22.apply(ExpectedConditions.java:638)
at org.openqa.selenium.support.ui.FluentWait.until(FluentWait.java:249)
... 31 more
... Removed 31 stack frames]]>
    </failure>
  </testcase> <!-- editar -->
  <testcase classname="com.timp.test.TCC.BancoDeOcorrencias.ConfiguracaoEExecucao.ConfiguracaoEExecucaoVisualizar" name="visualizar" time="411.93">
    <failure type="org.openqa.selenium.TimeoutException" message="Expected condition failed: waiting for element to be clickable: By.xpath: //div[@data-id=&amp;quot;1&amp;quot;]/div[1]/div (tried for 360 second(s) with 500 milliseconds interval)">
      <![CDATA[org.openqa.selenium.TimeoutException: Expected condition failed: waiting for element to be clickable: By.xpath: //div[@data-id="1"]/div[1]/div (tried for 360 second(s) with 500 milliseconds interval)
at org.openqa.selenium.support.ui.WebDriverWait.timeoutException(WebDriverWait.java:95)
at org.openqa.selenium.support.ui.FluentWait.until(FluentWait.java:272)
at com.sap.timp.base.TestBase.waitExpectedElement(TestBase.java:120)
at com.sap.timp.pageObjectModel.TCC.BancoDeOcorrencias.ConfiguracaoEExecucao.ConfiguracaoEExecucaoVisualizarPO.visualizar(ConfiguracaoEExecucaoVisualizarPO.java:101)
at com.timp.test.TCC.BancoDeOcorrencias.ConfiguracaoEExecucao.ConfiguracaoEExecucaoVisualizar.visualizar(ConfiguracaoEExecucaoVisualizar.java:47)
at java.base/java.util.ArrayList.forEach(ArrayList.java:1511)
Caused by: org.openqa.selenium.NoSuchElementException: no such element: Unable to locate element: {"method":"xpath","selector":"//div[@data-id="1"]/div[1]/div"}
  (Session info: chrome=114.0.5735.134)
For documentation on this error, please visit: https://www.seleniumhq.org/exceptions/no_such_element.html
Build info: version: '3.141.59', revision: 'e82be7d358', time: '2018-11-14T08:17:03'
System info: host: 'EC2AMAZ-8HCHO4G', ip: '10.0.0.249', os.name: 'Windows Server 2019', os.arch: 'amd64', os.version: '10.0', java.version: '17.0.4.1'
Driver info: org.openqa.selenium.chrome.ChromeDriver
Capabilities {acceptInsecureCerts: false, browserName: chrome, browserVersion: 114.0.5735.134, chrome: {chromedriverVersion: 113.0.5672.63 (0e1a4471d5ae..., userDataDir: C:\Users\user_ta\AppData\Lo...}, goog:chromeOptions: {debuggerAddress: localhost:63954}, javascriptEnabled: true, networkConnectionEnabled: false, pageLoadStrategy: normal, platform: WINDOWS, platformName: WINDOWS, proxy: Proxy(), setWindowRect: true, strictFileInteractability: false, timeouts: {implicit: 0, pageLoad: 300000, script: 30000}, unhandledPromptBehavior: dismiss and notify, webauthn:extension:credBlob: true, webauthn:extension:largeBlob: true, webauthn:extension:minPinLength: true, webauthn:extension:prf: true, webauthn:virtualAuthenticators: true}
Session ID: d02c0d85eec5e16e797f8aff8c35ad15
*** Element info: {Using=xpath, value=//div[@data-id="1"]/div[1]/div}
at org.openqa.selenium.remote.http.W3CHttpResponseCodec.createException(W3CHttpResponseCodec.java:187)
at org.openqa.selenium.remote.http.W3CHttpResponseCodec.decode(W3CHttpResponseCodec.java:122)
at org.openqa.selenium.remote.http.W3CHttpResponseCodec.decode(W3CHttpResponseCodec.java:49)
at org.openqa.selenium.remote.HttpCommandExecutor.execute(HttpCommandExecutor.java:158)
at org.openqa.selenium.remote.service.DriverCommandExecutor.execute(DriverCommandExecutor.java:83)
at org.openqa.selenium.remote.RemoteWebDriver.execute(RemoteWebDriver.java:552)
at org.openqa.selenium.remote.RemoteWebDriver.findElement(RemoteWebDriver.java:323)
at org.openqa.selenium.remote.RemoteWebDriver.findElementByXPath(RemoteWebDriver.java:428)
at org.openqa.selenium.By$ByXPath.findElement(By.java:353)
at org.openqa.selenium.remote.RemoteWebDriver.findElement(RemoteWebDriver.java:315)
at org.openqa.selenium.support.ui.ExpectedConditions$7.apply(ExpectedConditions.java:205)
at org.openqa.selenium.support.ui.ExpectedConditions$7.apply(ExpectedConditions.java:201)
at org.openqa.selenium.support.ui.ExpectedConditions$22.apply(ExpectedConditions.java:641)
at org.openqa.selenium.support.ui.ExpectedConditions$22.apply(ExpectedConditions.java:638)
at org.openqa.selenium.support.ui.FluentWait.until(FluentWait.java:249)
... 31 more
... Removed 31 stack frames]]>
    </failure>
  </testcase> <!-- visualizar -->
  <testcase classname="com.timp.test.TCC.BancoDeOcorrencias.ConfiguracaoEExecucao.ConfiguraçãoeExecuçãoFiltrosavançados" name="filtros" time="139.813"/>
  <testcase classname="com.timp.test.TCC.BancoDeOcorrencias.ConfiguracaoEExecucao.ConfiguracaoEExecucaoExecucao" name="executarr" time="154.273">
    <failure type="org.openqa.selenium.NoSuchElementException" message="no such element: Unable to locate element: {&amp;quot;method&amp;quot;:&amp;quot;xpath&amp;quot;,&amp;quot;selector&amp;quot;:&amp;quot;//div[@data-id=&amp;quot;1&amp;quot;]/div[1]/div&amp;quot;}
  (Session info: chrome=114.0.5735.134)
For documentation on this error, please visit: https://www.seleniumhq.org/exceptions/no_such_element.html
Build info: version: &amp;apos;3.141.59&amp;apos;, revision: &amp;apos;e82be7d358&amp;apos;, time: &amp;apos;2018-11-14T08:17:03&amp;apos;
System info: host: &amp;apos;EC2AMAZ-8HCHO4G&amp;apos;, ip: &amp;apos;10.0.0.249&amp;apos;, os.name: &amp;apos;Windows Server 2019&amp;apos;, os.arch: &amp;apos;amd64&amp;apos;, os.version: &amp;apos;10.0&amp;apos;, java.version: &amp;apos;17.0.4.1&amp;apos;
Driver info: org.openqa.selenium.chrome.ChromeDriver
Capabilities {acceptInsecureCerts: false, browserName: chrome, browserVersion: 114.0.5735.134, chrome: {chromedriverVersion: 113.0.5672.63 (0e1a4471d5ae..., userDataDir: C:\Users\user_ta\AppData\Lo...}, goog:chromeOptions: {debuggerAddress: localhost:64802}, javascriptEnabled: true, networkConnectionEnabled: false, pageLoadStrategy: normal, platform: WINDOWS, platformName: WINDOWS, proxy: Proxy(), setWindowRect: true, strictFileInteractability: false, timeouts: {implicit: 0, pageLoad: 300000, script: 30000}, unhandledPromptBehavior: dismiss and notify, webauthn:extension:credBlob: true, webauthn:extension:largeBlob: true, webauthn:extension:minPinLength: true, webauthn:extension:prf: true, webauthn:virtualAuthenticators: true}
Session ID: 15550ada57fc8f3f8b4ebdd73240e29d
*** Element info: {Using=xpath, value=//div[@data-id=&amp;quot;1&amp;quot;]/div[1]/div}">
      <![CDATA[org.openqa.selenium.NoSuchElementException: no such element: Unable to locate element: {"method":"xpath","selector":"//div[@data-id="1"]/div[1]/div"}
  (Session info: chrome=114.0.5735.134)
For documentation on this error, please visit: https://www.seleniumhq.org/exceptions/no_such_element.html
Build info: version: '3.141.59', revision: 'e82be7d358', time: '2018-11-14T08:17:03'
System info: host: 'EC2AMAZ-8HCHO4G', ip: '10.0.0.249', os.name: 'Windows Server 2019', os.arch: 'amd64', os.version: '10.0', java.version: '17.0.4.1'
Driver info: org.openqa.selenium.chrome.ChromeDriver
Capabilities {acceptInsecureCerts: false, browserName: chrome, browserVersion: 114.0.5735.134, chrome: {chromedriverVersion: 113.0.5672.63 (0e1a4471d5ae..., userDataDir: C:\Users\user_ta\AppData\Lo...}, goog:chromeOptions: {debuggerAddress: localhost:64802}, javascriptEnabled: true, networkConnectionEnabled: false, pageLoadStrategy: normal, platform: WINDOWS, platformName: WINDOWS, proxy: Proxy(), setWindowRect: true, strictFileInteractability: false, timeouts: {implicit: 0, pageLoad: 300000, script: 30000}, unhandledPromptBehavior: dismiss and notify, webauthn:extension:credBlob: true, webauthn:extension:largeBlob: true, webauthn:extension:minPinLength: true, webauthn:extension:prf: true, webauthn:virtualAuthenticators: true}
Session ID: 15550ada57fc8f3f8b4ebdd73240e29d
*** Element info: {Using=xpath, value=//div[@data-id="1"]/div[1]/div}
at org.openqa.selenium.remote.http.W3CHttpResponseCodec.createException(W3CHttpResponseCodec.java:187)
at org.openqa.selenium.remote.http.W3CHttpResponseCodec.decode(W3CHttpResponseCodec.java:122)
at org.openqa.selenium.remote.http.W3CHttpResponseCodec.decode(W3CHttpResponseCodec.java:49)
at org.openqa.selenium.remote.HttpCommandExecutor.execute(HttpCommandExecutor.java:158)
at org.openqa.selenium.remote.service.DriverCommandExecutor.execute(DriverCommandExecutor.java:83)
at org.openqa.selenium.remote.RemoteWebDriver.execute(RemoteWebDriver.java:552)
at org.openqa.selenium.remote.RemoteWebDriver.findElement(RemoteWebDriver.java:323)
at org.openqa.selenium.remote.RemoteWebDriver.findElementByXPath(RemoteWebDriver.java:428)
at org.openqa.selenium.By$ByXPath.findElement(By.java:353)
at org.openqa.selenium.remote.RemoteWebDriver.findElement(RemoteWebDriver.java:315)
at com.sap.timp.pageObjectModel.TCC.BancoDeOcorrencias.ConfiguracaoEExecucao.ConfiguracaoEExecucaoExecucaoPO.executar(ConfiguracaoEExecucaoExecucaoPO.java:109)
at com.timp.test.TCC.BancoDeOcorrencias.ConfiguracaoEExecucao.ConfiguracaoEExecucaoExecucao.executarr(ConfiguracaoEExecucaoExecucao.java:43)
at java.base/java.util.ArrayList.forEach(ArrayList.java:1511)
... Removed 31 stack frames]]>
    </failure>
  </testcase> <!-- executarr -->
</testsuite> <!-- Banco De Ocorrecias > Configuracao E Execucao  -->
