<?xml version="1.0" encoding="UTF-8"?>
<!-- Generated by org.testng.reporters.JUnitXMLReporter -->
<testsuite hostname="LitoSoler" ignored="0" name="Cadastro Derex &gt; Cadastro Responsável Pelo Movimento" tests="7" failures="0" timestamp="09 mar 2021 00:23:10 GMT" time="654.665" errors="0">
  <testcase name="criar" time="93.693" classname="com.timp.test.MDR.CadastroDerex.CadastroResponsavel.ResponsavelMovimentoCriar"/>
  <testcase name="editar" time="104.318" classname="com.timp.test.MDR.CadastroDerex.CadastroResponsavel.ResponsavelMovimentoEditar"/>
  <testcase name="visualizar" time="75.502" classname="com.timp.test.MDR.CadastroDerex.CadastroResponsavel.ResponsavelMovimentoVisualizar"/>
  <testcase name="excluir" time="81.8" classname="com.timp.test.MDR.CadastroDerex.CadastroResponsavel.ResponsavelMovimentoExcluir"/>
  <testcase name="filtros" time="49.585" classname="com.timp.test.MDR.CadastroDerex.CadastroResponsavel.ResponsavelMovimentoFiltros"/>
  <testcase name="criar" time="134.644" classname="com.timp.test.MDR.CadastroDerex.CadastroResponsavel.ResponsavelMovimientoExcluirMasas"/>
  <testcase name="excluir" time="32.064" classname="com.timp.test.MDR.CadastroDerex.CadastroResponsavel.ResponsavelMovimientoExcluirMasas"/>
</testsuite> <!-- Cadastro Derex > Cadastro Responsável Pelo Movimento -->
