<?xml version="1.0" encoding="UTF-8"?>
<!-- Generated by org.testng.reporters.JUnitXMLReporter -->
<testsuite ignored="0" hostname="DESKTOP-M23FVFN" failures="0" tests="7" name="Cadastro Derex &gt; Cadastro Responsável Pelo Movimento" time="850.47" errors="0" timestamp="30 ene. 2022 14:16:52 GMT">
  <testcase classname="com.timp.test.MDR.CadastroDerex.CadastroResponsavel.ResponsavelMovimentoCriar" name="criar" time="127.372"/>
  <testcase classname="com.timp.test.MDR.CadastroDerex.CadastroResponsavel.ResponsavelMovimentoEditar" name="editar" time="119.592"/>
  <testcase classname="com.timp.test.MDR.CadastroDerex.CadastroResponsavel.ResponsavelMovimentoVisualizar" name="visualizar" time="103.683"/>
  <testcase classname="com.timp.test.MDR.CadastroDerex.CadastroResponsavel.ResponsavelMovimentoExcluir" name="excluir" time="100.839"/>
  <testcase classname="com.timp.test.MDR.CadastroDerex.CadastroResponsavel.ResponsavelMovimentoFiltros" name="filtros" time="79.07"/>
  <testcase classname="com.timp.test.MDR.CadastroDerex.CadastroResponsavel.ResponsavelMovimientoExcluirMasas" name="criar" time="177.173"/>
  <testcase classname="com.timp.test.MDR.CadastroDerex.CadastroResponsavel.ResponsavelMovimientoExcluirMasas" name="excluir" time="41.803"/>
</testsuite> <!-- Cadastro Derex > Cadastro Responsável Pelo Movimento -->
