<?xml version="1.0" encoding="UTF-8"?>
<!-- Generated by org.testng.reporters.JUnitXMLReporter -->
<testsuite hostname="LitoSoler" ignored="0" name="Cadastro Derex &gt; Cadastro Responsável Pelo Movimento" tests="7" failures="0" timestamp="19 mar 2021 21:00:33 GMT" time="632.204" errors="0">
  <testcase name="criar" time="105.238" classname="com.timp.test.MDR.CadastroDerex.CadastroResponsavel.ResponsavelMovimentoCriar"/>
  <testcase name="editar" time="89.008" classname="com.timp.test.MDR.CadastroDerex.CadastroResponsavel.ResponsavelMovimentoEditar"/>
  <testcase name="visualizar" time="76.969" classname="com.timp.test.MDR.CadastroDerex.CadastroResponsavel.ResponsavelMovimentoVisualizar"/>
  <testcase name="excluir" time="74.908" classname="com.timp.test.MDR.CadastroDerex.CadastroResponsavel.ResponsavelMovimentoExcluir"/>
  <testcase name="filtros" time="47.587" classname="com.timp.test.MDR.CadastroDerex.CadastroResponsavel.ResponsavelMovimentoFiltros"/>
  <testcase name="criar" time="132.557" classname="com.timp.test.MDR.CadastroDerex.CadastroResponsavel.ResponsavelMovimientoExcluirMasas"/>
  <testcase name="excluir" time="31.565" classname="com.timp.test.MDR.CadastroDerex.CadastroResponsavel.ResponsavelMovimientoExcluirMasas"/>
</testsuite> <!-- Cadastro Derex > Cadastro Responsável Pelo Movimento -->
