<?xml version="1.0" encoding="UTF-8"?>
<!-- Generated by org.testng.reporters.JUnitXMLReporter -->
<testsuite hostname="LitoSoler" ignored="0" name="Cadastro Derex &gt; Cadastro Responsável Pelo Movimento" tests="7" failures="0" timestamp="16 mar 2021 02:29:43 GMT" time="715.619" errors="0">
  <testcase name="criar" time="104.43" classname="com.timp.test.MDR.CadastroDerex.CadastroResponsavel.ResponsavelMovimentoCriar"/>
  <testcase name="editar" time="94.023" classname="com.timp.test.MDR.CadastroDerex.CadastroResponsavel.ResponsavelMovimentoEditar"/>
  <testcase name="visualizar" time="73.991" classname="com.timp.test.MDR.CadastroDerex.CadastroResponsavel.ResponsavelMovimentoVisualizar"/>
  <testcase name="excluir" time="78.168" classname="com.timp.test.MDR.CadastroDerex.CadastroResponsavel.ResponsavelMovimentoExcluir"/>
  <testcase name="filtros" time="73.738" classname="com.timp.test.MDR.CadastroDerex.CadastroResponsavel.ResponsavelMovimentoFiltros"/>
  <testcase name="criar" time="148.627" classname="com.timp.test.MDR.CadastroDerex.CadastroResponsavel.ResponsavelMovimientoExcluirMasas"/>
  <testcase name="excluir" time="33.332" classname="com.timp.test.MDR.CadastroDerex.CadastroResponsavel.ResponsavelMovimientoExcluirMasas"/>
</testsuite> <!-- Cadastro Derex > Cadastro Responsável Pelo Movimento -->
