<?xml version="1.0" encoding="UTF-8"?>
<!-- Generated by org.testng.reporters.JUnitXMLReporter -->
<testsuite ignored="0" hostname="DESKTOP-JP1A9E6" failures="0" tests="7" name="Cadastro Derex &gt; Cadastro Responsável Pelo Movimento" time="678.632" errors="0" timestamp="10 ago. 2021 09:21:32 GMT">
  <testcase classname="com.timp.test.MDR.CadastroDerex.CadastroResponsavel.ResponsavelMovimentoCriar" name="criar" time="97.184"/>
  <testcase classname="com.timp.test.MDR.CadastroDerex.CadastroResponsavel.ResponsavelMovimentoEditar" name="editar" time="99.074"/>
  <testcase classname="com.timp.test.MDR.CadastroDerex.CadastroResponsavel.ResponsavelMovimentoVisualizar" name="visualizar" time="79.363"/>
  <testcase classname="com.timp.test.MDR.CadastroDerex.CadastroResponsavel.ResponsavelMovimentoExcluir" name="excluir" time="84.756"/>
  <testcase classname="com.timp.test.MDR.CadastroDerex.CadastroResponsavel.ResponsavelMovimentoFiltros" name="filtros" time="54.664"/>
  <testcase classname="com.timp.test.MDR.CadastroDerex.CadastroResponsavel.ResponsavelMovimientoExcluirMasas" name="criar" time="143.777"/>
  <testcase classname="com.timp.test.MDR.CadastroDerex.CadastroResponsavel.ResponsavelMovimientoExcluirMasas" name="excluir" time="34.759"/>
</testsuite> <!-- Cadastro Derex > Cadastro Responsável Pelo Movimento -->
