<?xml version="1.0" encoding="UTF-8"?>
<!-- Generated by org.testng.reporters.JUnitXMLReporter -->
<testsuite ignored="0" hostname="LAPTOP-IN7IV9K5" failures="1" tests="7" name="Cadastro Derex &gt; Cadastro Responsável Pelo Movimento" time="652.956" errors="0" timestamp="30 mar. 2021 01:01:37 GMT">
  <testcase classname="com.timp.test.MDR.CadastroDerex.CadastroResponsavel.ResponsavelMovimentoCriar" name="criar" time="100.917"/>
  <testcase classname="com.timp.test.MDR.CadastroDerex.CadastroResponsavel.ResponsavelMovimentoEditar" name="editar" time="65.249">
    <failure type="org.openqa.selenium.StaleElementReferenceException" message="stale element reference: element is not attached to the page document
  (Session info: chrome=83.0.4103.106)
For documentation on this error, please visit: https://www.seleniumhq.org/exceptions/stale_element_reference.html
Build info: version: &amp;apos;3.141.59&amp;apos;, revision: &amp;apos;e82be7d358&amp;apos;, time: &amp;apos;2018-11-14T08:17:03&amp;apos;
System info: host: &amp;apos;LAPTOP-IN7IV9K5&amp;apos;, ip: &amp;apos;192.168.1.40&amp;apos;, os.name: &amp;apos;Windows 10&amp;apos;, os.arch: &amp;apos;amd64&amp;apos;, os.version: &amp;apos;10.0&amp;apos;, java.version: &amp;apos;15.0.2&amp;apos;
Driver info: org.openqa.selenium.chrome.ChromeDriver
Capabilities {acceptInsecureCerts: false, browserName: chrome, browserVersion: 83.0.4103.106, chrome: {chromedriverVersion: 83.0.4103.39 (ccbf011cb2d2b..., userDataDir: C:\Users\Agile\AppData\Loca...}, goog:chromeOptions: {debuggerAddress: localhost:55551}, javascriptEnabled: true, networkConnectionEnabled: false, pageLoadStrategy: normal, platform: WINDOWS, platformName: WINDOWS, proxy: Proxy(), setWindowRect: true, strictFileInteractability: false, timeouts: {implicit: 0, pageLoad: 300000, script: 30000}, unhandledPromptBehavior: dismiss and notify, webauthn:virtualAuthenticators: true}
Session ID: 29f50bc51b70c2f750f09fdb3302965c">
      <![CDATA[org.openqa.selenium.StaleElementReferenceException: stale element reference: element is not attached to the page document
  (Session info: chrome=83.0.4103.106)
For documentation on this error, please visit: https://www.seleniumhq.org/exceptions/stale_element_reference.html
Build info: version: '3.141.59', revision: 'e82be7d358', time: '2018-11-14T08:17:03'
System info: host: 'LAPTOP-IN7IV9K5', ip: '192.168.1.40', os.name: 'Windows 10', os.arch: 'amd64', os.version: '10.0', java.version: '15.0.2'
Driver info: org.openqa.selenium.chrome.ChromeDriver
Capabilities {acceptInsecureCerts: false, browserName: chrome, browserVersion: 83.0.4103.106, chrome: {chromedriverVersion: 83.0.4103.39 (ccbf011cb2d2b..., userDataDir: C:\Users\Agile\AppData\Loca...}, goog:chromeOptions: {debuggerAddress: localhost:55551}, javascriptEnabled: true, networkConnectionEnabled: false, pageLoadStrategy: normal, platform: WINDOWS, platformName: WINDOWS, proxy: Proxy(), setWindowRect: true, strictFileInteractability: false, timeouts: {implicit: 0, pageLoad: 300000, script: 30000}, unhandledPromptBehavior: dismiss and notify, webauthn:virtualAuthenticators: true}
Session ID: 29f50bc51b70c2f750f09fdb3302965c
at org.openqa.selenium.remote.http.W3CHttpResponseCodec.createException(W3CHttpResponseCodec.java:187)
at org.openqa.selenium.remote.http.W3CHttpResponseCodec.decode(W3CHttpResponseCodec.java:122)
at org.openqa.selenium.remote.http.W3CHttpResponseCodec.decode(W3CHttpResponseCodec.java:49)
at org.openqa.selenium.remote.HttpCommandExecutor.execute(HttpCommandExecutor.java:158)
at org.openqa.selenium.remote.service.DriverCommandExecutor.execute(DriverCommandExecutor.java:83)
at org.openqa.selenium.remote.RemoteWebDriver.execute(RemoteWebDriver.java:552)
at org.openqa.selenium.remote.RemoteWebElement.execute(RemoteWebElement.java:285)
at org.openqa.selenium.remote.RemoteWebElement.getAttribute(RemoteWebElement.java:134)
at org.openqa.selenium.support.ui.ExpectedConditions$31.apply(ExpectedConditions.java:878)
at org.openqa.selenium.support.ui.ExpectedConditions$31.apply(ExpectedConditions.java:872)
at org.openqa.selenium.support.ui.FluentWait.until(FluentWait.java:249)
at com.sap.timp.base.TestBaseSteven.attributeToBeXpath(TestBaseSteven.java:302)
at com.sap.timp.pageObjectModel.MDR.CadastroDerex.CadastroResponsavel.ResponsavelMovimentoEditarPO.editar(ResponsavelMovimentoEditarPO.java:72)
at com.timp.test.MDR.CadastroDerex.CadastroResponsavel.ResponsavelMovimentoEditar.editar(ResponsavelMovimentoEditar.java:42)
... Removed 30 stack frames]]>
    </failure>
  </testcase> <!-- editar -->
  <testcase classname="com.timp.test.MDR.CadastroDerex.CadastroResponsavel.ResponsavelMovimentoVisualizar" name="visualizar" time="92.806"/>
  <testcase classname="com.timp.test.MDR.CadastroDerex.CadastroResponsavel.ResponsavelMovimentoExcluir" name="excluir" time="82.186"/>
  <testcase classname="com.timp.test.MDR.CadastroDerex.CadastroResponsavel.ResponsavelMovimentoFiltros" name="filtros" time="54.455"/>
  <testcase classname="com.timp.test.MDR.CadastroDerex.CadastroResponsavel.ResponsavelMovimientoExcluirMasas" name="criar" time="129.163"/>
  <testcase classname="com.timp.test.MDR.CadastroDerex.CadastroResponsavel.ResponsavelMovimientoExcluirMasas" name="excluir" time="31.698"/>
</testsuite> <!-- Cadastro Derex > Cadastro Responsável Pelo Movimento -->
