<?xml version="1.0" encoding="UTF-8"?>
<!-- Generated by org.testng.reporters.JUnitXMLReporter -->
<testsuite hostname="LitoSoler" ignored="0" name="Cadastro Derex &gt; Cadastro Responsável Pelo Movimento" tests="7" failures="0" timestamp="24 feb 2021 16:56:22 GMT" time="599.282" errors="0">
  <testcase name="criar" time="87.828" classname="com.timp.test.MDR.CadastroDerex.CadastroResponsavel.ResponsavelMovimentoCriar"/>
  <testcase name="editar" time="86.184" classname="com.timp.test.MDR.CadastroDerex.CadastroResponsavel.ResponsavelMovimentoEditar"/>
  <testcase name="visualizar" time="72.684" classname="com.timp.test.MDR.CadastroDerex.CadastroResponsavel.ResponsavelMovimentoVisualizar"/>
  <testcase name="excluir" time="74.35" classname="com.timp.test.MDR.CadastroDerex.CadastroResponsavel.ResponsavelMovimentoExcluir"/>
  <testcase name="filtros" time="49.029" classname="com.timp.test.MDR.CadastroDerex.CadastroResponsavel.ResponsavelMovimentoFiltros"/>
  <testcase name="criar" time="124.462" classname="com.timp.test.MDR.CadastroDerex.CadastroResponsavel.ResponsavelMovimientoExcluirMasas"/>
  <testcase name="excluir" time="28.879" classname="com.timp.test.MDR.CadastroDerex.CadastroResponsavel.ResponsavelMovimientoExcluirMasas"/>
</testsuite> <!-- Cadastro Derex > Cadastro Responsável Pelo Movimento -->
