<?xml version="1.0" encoding="UTF-8"?>
<!-- Generated by org.testng.reporters.JUnitXMLReporter -->
<testsuite ignored="0" hostname="Agile" failures="0" tests="7" name="Cadastro Derex &gt; Cadastro Responsável Pelo Movimento" time="1597.657" errors="0" timestamp="21 ene. 2022 17:28:51 GMT">
  <testcase classname="com.timp.test.MDR.CadastroDerex.CadastroResponsavel.ResponsavelMovimentoCriar" name="criar" time="247.762"/>
  <testcase classname="com.timp.test.MDR.CadastroDerex.CadastroResponsavel.ResponsavelMovimentoEditar" name="editar" time="187.896"/>
  <testcase classname="com.timp.test.MDR.CadastroDerex.CadastroResponsavel.ResponsavelMovimentoVisualizar" name="visualizar" time="172.944"/>
  <testcase classname="com.timp.test.MDR.CadastroDerex.CadastroResponsavel.ResponsavelMovimentoExcluir" name="excluir" time="197.392"/>
  <testcase classname="com.timp.test.MDR.CadastroDerex.CadastroResponsavel.ResponsavelMovimentoFiltros" name="filtros" time="162.689"/>
  <testcase classname="com.timp.test.MDR.CadastroDerex.CadastroResponsavel.ResponsavelMovimientoExcluirMasas" name="criar" time="317.519"/>
  <testcase classname="com.timp.test.MDR.CadastroDerex.CadastroResponsavel.ResponsavelMovimientoExcluirMasas" name="excluir" time="46.723"/>
</testsuite> <!-- Cadastro Derex > Cadastro Responsável Pelo Movimento -->
