<?xml version="1.0" encoding="UTF-8"?>
<!-- Generated by org.testng.reporters.JUnitXMLReporter -->
<testsuite ignored="0" hostname="DESKTOP-M23FVFN" failures="0" tests="5" name="Centralização &gt; Saldos" time="825.13" errors="0" timestamp="18 dic. 2021 07:38:17 GMT">
  <testcase classname="com.timp.test.MDR.Centralizacao.Saldos.SaldosCriar" name="CriarSaldo" time="269.171"/>
  <testcase classname="com.timp.test.MDR.Centralizacao.Saldos.SaldosEditar" name="editar" time="179.513"/>
  <testcase classname="com.timp.test.MDR.Centralizacao.Saldos.SaldosDetalhes" name="detalhes" time="91.065"/>
  <testcase classname="com.timp.test.MDR.Centralizacao.Saldos.SaldosVisualizar" name="visualizar" time="125.71"/>
  <testcase classname="com.timp.test.MDR.Centralizacao.Saldos.SaldosFiltrarId" name="FiltrarSaldosId" time="71.46"/>
</testsuite> <!-- Centralização > Saldos -->
