<?xml version="1.0" encoding="UTF-8"?>
<!-- Generated by org.testng.reporters.JUnitXMLReporter -->
<testsuite ignored="0" hostname="DESKTOP-JP1A9E6" failures="0" tests="2" name="Centralização De Tributos" time="454.532" errors="0" timestamp="24 ago. 2021 04:47:32 GMT">
  <testcase classname="com.timp.test.TCC.CentralizaçãoDeTributos.CentralizaçãoDeTributosFiltrosAvançados" name="Filtro" time="295.508"/>
  <testcase classname="com.timp.test.TCC.CentralizaçãoDeTributos.CentralizaçãoDeTributosFiltroXID" name="Filtro" time="86.253"/>
</testsuite> <!-- Centralização De Tributos -->
