<html>
<head>
<title>TestNG:  Centralização > Saldos</title>
<link href="../testng.css" rel="stylesheet" type="text/css" />
<link href="../my-testng.css" rel="stylesheet" type="text/css" />

<style type="text/css">
.log { display: none;} 
.stack-trace { display: none;} 
</style>
<script type="text/javascript">
<!--
function flip(e) {
  current = e.style.display;
  if (current == 'block') {
    e.style.display = 'none';
    return 0;
  }
  else {
    e.style.display = 'block';
    return 1;
  }
}

function toggleBox(szDivId, elem, msg1, msg2)
{
  var res = -1;  if (document.getElementById) {
    res = flip(document.getElementById(szDivId));
  }
  else if (document.all) {
    // this is the way old msie versions work
    res = flip(document.all[szDivId]);
  }
  if(elem) {
    if(res == 0) elem.innerHTML = msg1; else elem.innerHTML = msg2;
  }

}

function toggleAllBoxes() {
  if (document.getElementsByTagName) {
    d = document.getElementsByTagName('div');
    for (i = 0; i < d.length; i++) {
      if (d[i].className == 'log') {
        flip(d[i]);
      }
    }
  }
}

// -->
</script>

</head>
<body>
<h2 align='center'>Centralização > Saldos</h2><table border='1' align="center">
<tr>
<<<<<<< HEAD
<<<<<<< HEAD
=======
<<<<<<< HEAD
>>>>>>> branch 'master' of https://github.com/salc1997/TIMP_R1.git
<td>Tests passed/Failed/Skipped:</td><td>5/0/0</td>
<<<<<<< HEAD
=======
=======
<td>Tests passed/Failed/Skipped:</td><td>4/1/0</td>
>>>>>>> branch 'Yessy' of https://github.com/salc1997/TIMP_R1.git
>>>>>>> branch 'master' of https://github.com/salc1997/TIMP_R1.git
=======
<td>Tests passed/Failed/Skipped:</td><td>6/0/0</td>
>>>>>>> refs/heads/Yessy
</tr><tr>
<<<<<<< HEAD
<<<<<<< HEAD
<td>Started on:</td><td>Mon Nov 29 22:59:39 CST 2021</td>
=======
<<<<<<< HEAD
<td>Started on:</td><td>Fri Nov 26 10:04:43 CST 2021</td>
=======
<td>Started on:</td><td>Thu Nov 25 00:16:35 CST 2021</td>
>>>>>>> branch 'Yessy' of https://github.com/salc1997/TIMP_R1.git
>>>>>>> branch 'master' of https://github.com/salc1997/TIMP_R1.git
=======
<td>Started on:</td><td>Thu Mar 03 23:18:17 CST 2022</td>
>>>>>>> refs/heads/Yessy
</tr>
<<<<<<< HEAD
<<<<<<< HEAD
<tr><td>Total time:</td><td>1441 seconds (1441249 ms)</td>
=======
<<<<<<< HEAD
<tr><td>Total time:</td><td>1149 seconds (1149009 ms)</td>
=======
<tr><td>Total time:</td><td>918 seconds (918981 ms)</td>
>>>>>>> branch 'Yessy' of https://github.com/salc1997/TIMP_R1.git
>>>>>>> branch 'master' of https://github.com/salc1997/TIMP_R1.git
=======
<tr><td>Total time:</td><td>1184 seconds (1184253 ms)</td>
>>>>>>> refs/heads/Yessy
</tr><tr>
<td>Included groups:</td><td></td>
</tr><tr>
<td>Excluded groups:</td><td></td>
</tr>
</table><p/>
<small><i>(Hover the method name to see the test class name)</i></small><p/>
<<<<<<< HEAD
<<<<<<< HEAD
<table width='100%' border='1' class='invocation-passed'>
<tr><td colspan='4' align='center'><b>PASSED TESTS</b></td></tr>
<tr><td><b>Test method</b></td>
<td width="30%"><b>Exception</b></td>
<td width="10%"><b>Time (seconds)</b></td>
<td><b>Instance</b></td>
</tr>
<tr>
<td title='com.timp.test.MDR.Centralizacao.Saldos.SaldosCriar.CriarSaldo()'><b>CriarSaldo</b><br>Test class: com.timp.test.MDR.Centralizacao.Saldos.SaldosCriar</td>
<td></td>
<td>456</td>
<td>com.timp.test.MDR.Centralizacao.Saldos.SaldosCriar@39ac0c0a</td></tr>
=======
<<<<<<< HEAD
=======
<table width='100%' border='1' class='invocation-failed'>
<tr><td colspan='4' align='center'><b>FAILED TESTS</b></td></tr>
<tr><td><b>Test method</b></td>
<td width="30%"><b>Exception</b></td>
<td width="10%"><b>Time (seconds)</b></td>
<td><b>Instance</b></td>
</tr>
<tr>
<td title='com.timp.test.MDR.Centralizacao.Saldos.SaldosVisualizar.visualizar()'><b>visualizar</b><br>Test class: com.timp.test.MDR.Centralizacao.Saldos.SaldosVisualizar</td>
<td><div><pre>org.openqa.selenium.NoSuchElementException: no such element: Unable to locate element: {&quot;method&quot;:&quot;xpath&quot;,&quot;selector&quot;:&quot;//div[@id=&quot;company&quot;]/div/div/div/div/div/div[1]&quot;}
  (Session info: chrome=83.0.4103.106)
For documentation on this error, please visit: https://www.seleniumhq.org/exceptions/no_such_element.html
Build info: version: &apos;3.141.59&apos;, revision: &apos;e82be7d358&apos;, time: &apos;2018-11-14T08:17:03&apos;
System info: host: &apos;MASSIELV&apos;, ip: &apos;192.168.0.106&apos;, os.name: &apos;Windows 10&apos;, os.arch: &apos;amd64&apos;, os.version: &apos;10.0&apos;, java.version: &apos;15.0.2&apos;
Driver info: org.openqa.selenium.chrome.ChromeDriver
Capabilities {acceptInsecureCerts: false, browserName: chrome, browserVersion: 83.0.4103.106, chrome: {chromedriverVersion: 83.0.4103.39 (ccbf011cb2d2b..., userDataDir: C:\Users\Massiel\AppData\Lo...}, goog:chromeOptions: {debuggerAddress: localhost:49592}, javascriptEnabled: true, networkConnectionEnabled: false, pageLoadStrategy: normal, platform: WINDOWS, platformName: WINDOWS, proxy: Proxy(), setWindowRect: true, strictFileInteractability: false, timeouts: {implicit: 0, pageLoad: 300000, script: 30000}, unhandledPromptBehavior: dismiss and notify, webauthn:virtualAuthenticators: true}
Session ID: 3899a9915ae44af5ec580b846dc631a0
*** Element info: {Using=xpath, value=//div[@id=&quot;company&quot;]/div/div/div/div/div/div[1]}
	at org.openqa.selenium.remote.http.W3CHttpResponseCodec.createException(W3CHttpResponseCodec.java:187)
	at org.openqa.selenium.remote.http.W3CHttpResponseCodec.decode(W3CHttpResponseCodec.java:122)
	at org.openqa.selenium.remote.http.W3CHttpResponseCodec.decode(W3CHttpResponseCodec.java:49)
	at org.openqa.selenium.remote.HttpCommandExecutor.execute(HttpCommandExecutor.java:158)
	at org.openqa.selenium.remote.service.DriverCommandExecutor.execute(DriverCommandExecutor.java:83)
	at org.openqa.selenium.remote.RemoteWebDriver.execute(RemoteWebDriver.java:552)
	at org.openqa.selenium.remote.RemoteWebDriver.findElement(RemoteWebDriver.java:323)
	at org.openqa.selenium.remote.RemoteWebDriver.findElementByXPath(RemoteWebDriver.java:428)
	at org.openqa.selenium.By$ByXPath.findElement(By.java:353)
	at org.openqa.selenium.remote.RemoteWebDriver.findElement(RemoteWebDriver.java:315)
	at org.openqa.selenium.support.pagefactory.DefaultElementLocator.findElement(DefaultElementLocator.java:69)
	at org.openqa.selenium.support.pagefactory.internal.LocatingElementHandler.invoke(LocatingElementHandler.java:38)
	at com.sun.proxy.$Proxy12.getText(Unknown Source)
	at com.sap.timp.pageObjectModel.MDR.Centralizacao.Saldos.SaldosVisualizarPO.visualizar(SaldosVisualizarPO.java:122)
	at com.timp.test.MDR.Centralizacao.Saldos.SaldosVisualizar.visualizar(SaldosVisualizar.java:44)
... Removed 29 stack frames</pre></div><a href='#' onClick='toggleBox("stack-trace1349617601", this, "Click to show all stack frames", "Click to hide stack frames")'>Click to show all stack frames</a>
<div class='stack-trace' id='stack-trace1349617601'><pre>org.openqa.selenium.NoSuchElementException: no such element: Unable to locate element: {&quot;method&quot;:&quot;xpath&quot;,&quot;selector&quot;:&quot;//div[@id=&quot;company&quot;]/div/div/div/div/div/div[1]&quot;}
  (Session info: chrome=83.0.4103.106)
For documentation on this error, please visit: https://www.seleniumhq.org/exceptions/no_such_element.html
Build info: version: &apos;3.141.59&apos;, revision: &apos;e82be7d358&apos;, time: &apos;2018-11-14T08:17:03&apos;
System info: host: &apos;MASSIELV&apos;, ip: &apos;192.168.0.106&apos;, os.name: &apos;Windows 10&apos;, os.arch: &apos;amd64&apos;, os.version: &apos;10.0&apos;, java.version: &apos;15.0.2&apos;
Driver info: org.openqa.selenium.chrome.ChromeDriver
Capabilities {acceptInsecureCerts: false, browserName: chrome, browserVersion: 83.0.4103.106, chrome: {chromedriverVersion: 83.0.4103.39 (ccbf011cb2d2b..., userDataDir: C:\Users\Massiel\AppData\Lo...}, goog:chromeOptions: {debuggerAddress: localhost:49592}, javascriptEnabled: true, networkConnectionEnabled: false, pageLoadStrategy: normal, platform: WINDOWS, platformName: WINDOWS, proxy: Proxy(), setWindowRect: true, strictFileInteractability: false, timeouts: {implicit: 0, pageLoad: 300000, script: 30000}, unhandledPromptBehavior: dismiss and notify, webauthn:virtualAuthenticators: true}
Session ID: 3899a9915ae44af5ec580b846dc631a0
*** Element info: {Using=xpath, value=//div[@id=&quot;company&quot;]/div/div/div/div/div/div[1]}
	at jdk.internal.reflect.GeneratedConstructorAccessor20.newInstance(Unknown Source)
	at java.base/jdk.internal.reflect.DelegatingConstructorAccessorImpl.newInstance(DelegatingConstructorAccessorImpl.java:45)
	at java.base/java.lang.reflect.Constructor.newInstanceWithCaller(Constructor.java:500)
	at java.base/java.lang.reflect.Constructor.newInstance(Constructor.java:481)
	at org.openqa.selenium.remote.http.W3CHttpResponseCodec.createException(W3CHttpResponseCodec.java:187)
	at org.openqa.selenium.remote.http.W3CHttpResponseCodec.decode(W3CHttpResponseCodec.java:122)
	at org.openqa.selenium.remote.http.W3CHttpResponseCodec.decode(W3CHttpResponseCodec.java:49)
	at org.openqa.selenium.remote.HttpCommandExecutor.execute(HttpCommandExecutor.java:158)
	at org.openqa.selenium.remote.service.DriverCommandExecutor.execute(DriverCommandExecutor.java:83)
	at org.openqa.selenium.remote.RemoteWebDriver.execute(RemoteWebDriver.java:552)
	at org.openqa.selenium.remote.RemoteWebDriver.findElement(RemoteWebDriver.java:323)
	at org.openqa.selenium.remote.RemoteWebDriver.findElementByXPath(RemoteWebDriver.java:428)
	at org.openqa.selenium.By$ByXPath.findElement(By.java:353)
	at org.openqa.selenium.remote.RemoteWebDriver.findElement(RemoteWebDriver.java:315)
	at org.openqa.selenium.support.pagefactory.DefaultElementLocator.findElement(DefaultElementLocator.java:69)
	at org.openqa.selenium.support.pagefactory.internal.LocatingElementHandler.invoke(LocatingElementHandler.java:38)
	at com.sun.proxy.$Proxy12.getText(Unknown Source)
	at com.sap.timp.pageObjectModel.MDR.Centralizacao.Saldos.SaldosVisualizarPO.visualizar(SaldosVisualizarPO.java:122)
	at com.timp.test.MDR.Centralizacao.Saldos.SaldosVisualizar.visualizar(SaldosVisualizar.java:44)
	at java.base/jdk.internal.reflect.NativeMethodAccessorImpl.invoke0(Native Method)
	at java.base/jdk.internal.reflect.NativeMethodAccessorImpl.invoke(NativeMethodAccessorImpl.java:64)
	at java.base/jdk.internal.reflect.DelegatingMethodAccessorImpl.invoke(DelegatingMethodAccessorImpl.java:43)
	at java.base/java.lang.reflect.Method.invoke(Method.java:564)
	at org.testng.internal.MethodInvocationHelper.invokeMethod(MethodInvocationHelper.java:124)
	at org.testng.internal.Invoker.invokeMethod(Invoker.java:583)
	at org.testng.internal.Invoker.invokeTestMethod(Invoker.java:719)
	at org.testng.internal.Invoker.invokeTestMethods(Invoker.java:989)
	at org.testng.internal.TestMethodWorker.invokeTestMethods(TestMethodWorker.java:125)
	at org.testng.internal.TestMethodWorker.run(TestMethodWorker.java:109)
	at org.testng.TestRunner.privateRun(TestRunner.java:648)
	at org.testng.TestRunner.run(TestRunner.java:505)
	at org.testng.SuiteRunner.runTest(SuiteRunner.java:455)
	at org.testng.SuiteRunner.runSequentially(SuiteRunner.java:450)
	at org.testng.SuiteRunner.privateRun(SuiteRunner.java:415)
	at org.testng.SuiteRunner.run(SuiteRunner.java:364)
	at org.testng.SuiteRunnerWorker.runSuite(SuiteRunnerWorker.java:52)
	at org.testng.SuiteRunnerWorker.run(SuiteRunnerWorker.java:84)
	at org.testng.TestNG.runSuitesSequentially(TestNG.java:1208)
	at org.testng.TestNG.runSuitesLocally(TestNG.java:1137)
	at org.testng.TestNG.runSuites(TestNG.java:1049)
	at org.testng.TestNG.run(TestNG.java:1017)
	at org.testng.remote.AbstractRemoteTestNG.run(AbstractRemoteTestNG.java:115)
	at org.testng.remote.RemoteTestNG.initAndRun(RemoteTestNG.java:251)
	at org.testng.remote.RemoteTestNG.main(RemoteTestNG.java:77)
</pre></div></td>
<td>122</td>
<td>com.timp.test.MDR.Centralizacao.Saldos.SaldosVisualizar@ae3540e</td></tr>
</table><p>
>>>>>>> branch 'Yessy' of https://github.com/salc1997/TIMP_R1.git
=======
>>>>>>> refs/heads/Yessy
<table width='100%' border='1' class='invocation-passed'>
<tr><td colspan='4' align='center'><b>PASSED TESTS</b></td></tr>
<tr><td><b>Test method</b></td>
<td width="30%"><b>Exception</b></td>
<td width="10%"><b>Time (seconds)</b></td>
<td><b>Instance</b></td>
</tr>
<tr>
<td title='com.timp.test.MDR.Centralizacao.Saldos.SaldosCriar.CriarSaldo()'><b>CriarSaldo</b><br>Test class: com.timp.test.MDR.Centralizacao.Saldos.SaldosCriar</td>
<td></td>
<<<<<<< HEAD
<<<<<<< HEAD
<td>326</td>
<td>com.timp.test.MDR.Centralizacao.Saldos.SaldosCriar@31add175</td></tr>
=======
<td>279</td>
<td>com.timp.test.MDR.Centralizacao.Saldos.SaldosCriar@7393222f</td></tr>
>>>>>>> branch 'Yessy' of https://github.com/salc1997/TIMP_R1.git
>>>>>>> branch 'master' of https://github.com/salc1997/TIMP_R1.git
=======
<td>312</td>
<td>com.timp.test.MDR.Centralizacao.Saldos.SaldosCriar@3e6104fc</td></tr>
>>>>>>> refs/heads/Yessy
<tr>
<td title='com.timp.test.MDR.Centralizacao.Saldos.SaldosFiltrarId.FiltrarSaldosId()'><b>FiltrarSaldosId</b><br>Test class: com.timp.test.MDR.Centralizacao.Saldos.SaldosFiltrarId</td>
<td></td>
<<<<<<< HEAD
<<<<<<< HEAD
<td>147</td>
<td>com.timp.test.MDR.Centralizacao.Saldos.SaldosFiltrarId@3403e2ac</td></tr>
<tr>
<td title='com.timp.test.MDR.Centralizacao.Saldos.SaldosDetalhes.detalhes()'><b>detalhes</b><br>Test class: com.timp.test.MDR.Centralizacao.Saldos.SaldosDetalhes</td>
<td></td>
<td>175</td>
<td>com.timp.test.MDR.Centralizacao.Saldos.SaldosDetalhes@4ff8d125</td></tr>
<tr>
<td title='com.timp.test.MDR.Centralizacao.Saldos.SaldosEditar.editar()'><b>editar</b><br>Test class: com.timp.test.MDR.Centralizacao.Saldos.SaldosEditar</td>
<td></td>
<td>307</td>
<td>com.timp.test.MDR.Centralizacao.Saldos.SaldosEditar@c7ba306</td></tr>
<tr>
<td title='com.timp.test.MDR.Centralizacao.Saldos.SaldosVisualizar.visualizar()'><b>visualizar</b><br>Test class: com.timp.test.MDR.Centralizacao.Saldos.SaldosVisualizar</td>
<td></td>
<td>133</td>
<td>com.timp.test.MDR.Centralizacao.Saldos.SaldosVisualizar@6d167f58</td></tr>
=======
<<<<<<< HEAD
<td>131</td>
<td>com.timp.test.MDR.Centralizacao.Saldos.SaldosFiltrarId@69f1a286</td></tr>
=======
<td>76</td>
<td>com.timp.test.MDR.Centralizacao.Saldos.SaldosFiltrarId@7164ca4c</td></tr>
>>>>>>> refs/heads/Yessy
<tr>
<td title='com.timp.test.MDR.Centralizacao.Saldos.SaldosDetalhes.detalhes()'><b>detalhes</b><br>Test class: com.timp.test.MDR.Centralizacao.Saldos.SaldosDetalhes</td>
<td></td>
<td>122</td>
<td>com.timp.test.MDR.Centralizacao.Saldos.SaldosDetalhes@68df9280</td></tr>
<tr>
<td title='com.timp.test.MDR.Centralizacao.Saldos.SaldosEditar.editar()'><b>editar</b><br>Test class: com.timp.test.MDR.Centralizacao.Saldos.SaldosEditar</td>
<td></td>
<td>194</td>
<td>com.timp.test.MDR.Centralizacao.Saldos.SaldosEditar@12359a82</td></tr>
<tr>
<td title='com.timp.test.MDR.Centralizacao.Saldos.SaldosExcluir.excluir()'><b>excluir</b><br>Test class: com.timp.test.MDR.Centralizacao.Saldos.SaldosExcluir</td>
<td></td>
<td>125</td>
<td>com.timp.test.MDR.Centralizacao.Saldos.SaldosExcluir@4f3bbf68</td></tr>
<tr>
<td title='com.timp.test.MDR.Centralizacao.Saldos.SaldosVisualizar.visualizar()'><b>visualizar</b><br>Test class: com.timp.test.MDR.Centralizacao.Saldos.SaldosVisualizar</td>
<td></td>
<<<<<<< HEAD
<td>129</td>
<td>com.timp.test.MDR.Centralizacao.Saldos.SaldosVisualizar@3688eb5b</td></tr>
=======
<td>192</td>
<td>com.timp.test.MDR.Centralizacao.Saldos.SaldosEditar@babafc2</td></tr>
>>>>>>> branch 'Yessy' of https://github.com/salc1997/TIMP_R1.git
>>>>>>> branch 'master' of https://github.com/salc1997/TIMP_R1.git
=======
<td>195</td>
<td>com.timp.test.MDR.Centralizacao.Saldos.SaldosVisualizar@479460a6</td></tr>
>>>>>>> refs/heads/Yessy
</table><p>
</body>
</html>