<?xml version="1.0" encoding="UTF-8"?>
<!-- Generated by org.testng.reporters.JUnitXMLReporter -->
<testsuite ignored="0" hostname="MassielV" failures="0" tests="2" name="Centralização De Tributos" time="603.442" errors="0" timestamp="31 oct. 2021 02:17:04 GMT">
  <testcase classname="com.timp.test.TCC.CentralizaçãoDeTributos.CentralizaçãoDeTributosFiltrosAvançados" name="Filtro" time="371.796"/>
  <testcase classname="com.timp.test.TCC.CentralizaçãoDeTributos.CentralizaçãoDeTributosFiltroXID" name="Filtro" time="114.516"/>
</testsuite> <!-- Centralização De Tributos -->
