<?xml version="1.0" encoding="UTF-8"?>
<!-- Generated by org.testng.reporters.JUnitXMLReporter -->
<testsuite ignored="0" hostname="Agile" failures="0" tests="2" name="Centralização De Tributos" time="776.978" errors="0" timestamp="07 ene. 2022 20:10:05 GMT">
  <testcase classname="com.timp.test.TCC.CentralizaçãoDeTributos.CentralizaçãoDeTributosFiltrosAvançados" name="Filtro" time="430.231"/>
  <testcase classname="com.timp.test.TCC.CentralizaçãoDeTributos.CentralizaçãoDeTributosFiltroXID" name="Filtro" time="149.416"/>
</testsuite> <!-- Centralização De Tributos -->
