<?xml version="1.0" encoding="UTF-8"?>
<!-- Generated by org.testng.reporters.JUnitXMLReporter -->
<testsuite ignored="0" hostname="EC2AMAZ-8HCHO4G" failures="0" tests="2" name="Centralização De Tributos" time="402.219" errors="0" timestamp="2023-08-21T18:29:07 UTC">
  <testcase classname="com.timp.test.TCC.CentralizaçãoDeTributos.CentralizaçãoDeTributosFiltrosAvançados" name="Filtro" time="333.601"/>
  <testcase classname="com.timp.test.TCC.CentralizaçãoDeTributos.CentralizaçãoDeTributosFiltroXID" name="Filtro" time="63.221"/>
</testsuite> <!-- Centralização De Tributos -->
