<?xml version="1.0" encoding="UTF-8"?>
<!-- Generated by org.testng.reporters.JUnitXMLReporter -->
<testsuite hostname="LitoSoler" ignored="0" name="CEP &gt; Município" tests="7" failures="1" timestamp="18 feb 2021 21:17:22 GMT" time="600.342" errors="0">
  <testcase name="criar" time="89.607" classname="com.timp.test.MDR.CEP.Municipio.MunicipioCriar"/>
  <testcase name="editar" time="94.856" classname="com.timp.test.MDR.CEP.Municipio.MunicipioEditar"/>
  <testcase name="visualizar" time="103.611" classname="com.timp.test.MDR.CEP.Municipio.MunicipioVisualizar"/>
  <testcase name="excluir" time="89.958" classname="com.timp.test.MDR.CEP.Municipio.MunicipioEliminar"/>
  <testcase name="criar" time="97.341" classname="com.timp.test.MDR.CEP.Municipio.MunicipioExcluirMassa">
    <failure type="java.lang.AssertionError" message="O registro não foi criado com sucesso expected [true] but found [false]">
      <![CDATA[java.lang.AssertionError: O registro não foi criado com sucesso expected [true] but found [false]
at com.timp.test.MDR.CEP.Municipio.MunicipioExcluirMassa.criar(MunicipioExcluirMassa.java:43)
... Removed 28 stack frames]]>
    </failure>
  </testcase> <!-- criar -->
  <testcase name="excluirMassa" time="0.0" classname="com.timp.test.MDR.CEP.Municipio.MunicipioExcluirMassa">
    <skipped/>
  </testcase> <!-- excluirMassa -->
  <testcase name="filtros" time="40.07" classname="com.timp.test.MDR.CEP.Municipio.MunicipioFiltros"/>
</testsuite> <!-- CEP > Município -->
