<?xml version="1.0" encoding="UTF-8"?>
<!-- Generated by org.testng.reporters.JUnitXMLReporter -->
<testsuite ignored="0" hostname="MassielV" failures="1" tests="1" name="ComentarioListaSuspensa" time="358.715" errors="0" timestamp="05 nov. 2021 16:08:31 GMT">
  <testcase classname="com.timp.test.BRB.ComentarioListaSuspensa" name="listaSuspensa" time="316.173">
    <failure type="java.lang.AssertionError" message="The information is not valid expected [true] but found [false]">
      <![CDATA[java.lang.AssertionError: The information is not valid expected [true] but found [false]
at com.timp.test.BRB.ComentarioListaSuspensa.listaSuspensa(ComentarioListaSuspensa.java:51)
... Removed 28 stack frames]]>
    </failure>
  </testcase> <!-- listaSuspensa -->
</testsuite> <!-- ComentarioListaSuspensa -->
