<?xml version="1.0" encoding="UTF-8"?>
<!-- Generated by org.testng.reporters.JUnitXMLReporter -->
<testsuite ignored="0" hostname="DESKTOP-C57COV6" failures="1" tests="1" name="ComentarioListaSuspensa" time="304.155" errors="0" timestamp="17 ago. 2021 05:22:17 GMT">
  <testcase classname="com.timp.test.BRB.ComentarioListaSuspensa" name="listaSuspensa" time="283.722">
    <failure type="java.lang.AssertionError" message="The information is not valid expected [true] but found [false]">
      <![CDATA[java.lang.AssertionError: The information is not valid expected [true] but found [false]
at com.timp.test.BRB.ComentarioListaSuspensa.listaSuspensa(ComentarioListaSuspensa.java:51)
... Removed 28 stack frames]]>
    </failure>
  </testcase> <!-- listaSuspensa -->
</testsuite> <!-- ComentarioListaSuspensa -->
