<?xml version="1.0" encoding="UTF-8"?>
<!-- Generated by org.testng.reporters.JUnitXMLReporter -->
<testsuite ignored="0" hostname="DESKTOP-M23FVFN" failures="1" tests="1" name="ComentarioListaSuspensa" time="331.87" errors="0" timestamp="21 dic. 2021 15:27:50 GMT">
  <testcase classname="com.timp.test.BRB.ComentarioListaSuspensa" name="listaSuspensa" time="315.15">
    <failure type="java.lang.AssertionError" message="The information is not valid expected [true] but found [false]">
      <![CDATA[java.lang.AssertionError: The information is not valid expected [true] but found [false]
at com.timp.test.BRB.ComentarioListaSuspensa.listaSuspensa(ComentarioListaSuspensa.java:51)
... Removed 28 stack frames]]>
    </failure>
  </testcase> <!-- listaSuspensa -->
</testsuite> <!-- ComentarioListaSuspensa -->
