<?xml version="1.0" encoding="UTF-8"?>
<!-- Generated by org.testng.reporters.JUnitXMLReporter -->
<testsuite ignored="0" hostname="DESKTOP-JP1A9E6" failures="1" tests="1" name="ComentarioListaSuspensa" time="450.195" errors="0" timestamp="27 jul. 2021 18:54:25 GMT">
  <testcase classname="com.timp.test.BRB.ComentarioListaSuspensa" name="listaSuspensa" time="412.133">
    <failure type="java.lang.AssertionError" message="The information is not valid expected [true] but found [false]">
      <![CDATA[java.lang.AssertionError: The information is not valid expected [true] but found [false]
at com.timp.test.BRB.ComentarioListaSuspensa.listaSuspensa(ComentarioListaSuspensa.java:51)
... Removed 28 stack frames]]>
    </failure>
  </testcase> <!-- listaSuspensa -->
</testsuite> <!-- ComentarioListaSuspensa -->
