<?xml version="1.0" encoding="UTF-8"?>
<!-- Generated by org.testng.reporters.JUnitXMLReporter -->
<testsuite hostname="LitoSoler" ignored="0" name="ControleDeCreditoTributario &gt; Limite De Credito A Utilizar" tests="6" failures="2" timestamp="08 mar 2021 23:47:34 GMT" time="1300.742" errors="0">
  <testcase name="criar" time="104.805" classname="com.timp.test.MDR.ControleDeCreditoTributario.LimiteDeCreditoAUtilizar.LimiteDeCreditoAUtilizarCriar"/>
  <testcase name="editar" time="419.444" classname="com.timp.test.MDR.ControleDeCreditoTributario.LimiteDeCreditoAUtilizar.LimiteDeCreditoAUtilizarEditar">
    <failure type="org.openqa.selenium.TimeoutException" message="Expected condition failed: waiting for element to no longer be visible: By.xpath: //div[@class=&amp;quot;overlay loader dark&amp;quot;] (tried for 360 second(s) with 500 milliseconds interval)
Build info: version: &amp;apos;3.141.59&amp;apos;, revision: &amp;apos;e82be7d358&amp;apos;, time: &amp;apos;2018-11-14T08:17:03&amp;apos;
System info: host: &amp;apos;LITOSOLER&amp;apos;, ip: &amp;apos;192.168.0.20&amp;apos;, os.name: &amp;apos;Windows 10&amp;apos;, os.arch: &amp;apos;amd64&amp;apos;, os.version: &amp;apos;10.0&amp;apos;, java.version: &amp;apos;1.8.0_251&amp;apos;
Driver info: org.openqa.selenium.chrome.ChromeDriver
Capabilities {acceptInsecureCerts: false, browserName: chrome, browserVersion: 83.0.4103.106, chrome: {chromedriverVersion: 83.0.4103.39 (ccbf011cb2d2b..., userDataDir: C:\Users\AGILES~1\AppData\L...}, goog:chromeOptions: {debuggerAddress: localhost:53250}, javascriptEnabled: true, networkConnectionEnabled: false, pageLoadStrategy: normal, platform: WINDOWS, platformName: WINDOWS, proxy: Proxy(), setWindowRect: true, strictFileInteractability: false, timeouts: {implicit: 0, pageLoad: 300000, script: 30000}, unhandledPromptBehavior: dismiss and notify, webauthn:virtualAuthenticators: true}
Session ID: 44721f9f1b909d6624e31531fb0b79e6">
      <![CDATA[org.openqa.selenium.TimeoutException: Expected condition failed: waiting for element to no longer be visible: By.xpath: //div[@class="overlay loader dark"] (tried for 360 second(s) with 500 milliseconds interval)
Build info: version: '3.141.59', revision: 'e82be7d358', time: '2018-11-14T08:17:03'
System info: host: 'LITOSOLER', ip: '192.168.0.20', os.name: 'Windows 10', os.arch: 'amd64', os.version: '10.0', java.version: '1.8.0_251'
Driver info: org.openqa.selenium.chrome.ChromeDriver
Capabilities {acceptInsecureCerts: false, browserName: chrome, browserVersion: 83.0.4103.106, chrome: {chromedriverVersion: 83.0.4103.39 (ccbf011cb2d2b..., userDataDir: C:\Users\AGILES~1\AppData\L...}, goog:chromeOptions: {debuggerAddress: localhost:53250}, javascriptEnabled: true, networkConnectionEnabled: false, pageLoadStrategy: normal, platform: WINDOWS, platformName: WINDOWS, proxy: Proxy(), setWindowRect: true, strictFileInteractability: false, timeouts: {implicit: 0, pageLoad: 300000, script: 30000}, unhandledPromptBehavior: dismiss and notify, webauthn:virtualAuthenticators: true}
Session ID: 44721f9f1b909d6624e31531fb0b79e6
at org.openqa.selenium.support.ui.WebDriverWait.timeoutException(WebDriverWait.java:95)
at org.openqa.selenium.support.ui.FluentWait.until(FluentWait.java:272)
at com.sap.timp.base.TestBaseEliel.invisibilityOfElement(TestBaseEliel.java:91)
at com.sap.timp.pageObjectModel.MDR.ControleDeCreditoTributario.LimiteDeCreditoAUtilizar.LimiteDeCreditoAUtilizarEditarPO.editar(LimiteDeCreditoAUtilizarEditarPO.java:104)
at com.timp.test.MDR.ControleDeCreditoTributario.LimiteDeCreditoAUtilizar.LimiteDeCreditoAUtilizarEditar.editar(LimiteDeCreditoAUtilizarEditar.java:42)
... Removed 25 stack frames]]>
    </failure>
  </testcase> <!-- editar -->
  <testcase name="visualizar" time="444.638" classname="com.timp.test.MDR.ControleDeCreditoTributario.LimiteDeCreditoAUtilizar.LimiteDeCreditoAUtilizarVisualizar">
    <failure type="org.openqa.selenium.TimeoutException" message="Expected condition failed: waiting for element to no longer be visible: By.xpath: //div[@class=&amp;quot;overlay loader dark&amp;quot;] (tried for 360 second(s) with 500 milliseconds interval)
Build info: version: &amp;apos;3.141.59&amp;apos;, revision: &amp;apos;e82be7d358&amp;apos;, time: &amp;apos;2018-11-14T08:17:03&amp;apos;
System info: host: &amp;apos;LITOSOLER&amp;apos;, ip: &amp;apos;192.168.0.20&amp;apos;, os.name: &amp;apos;Windows 10&amp;apos;, os.arch: &amp;apos;amd64&amp;apos;, os.version: &amp;apos;10.0&amp;apos;, java.version: &amp;apos;1.8.0_251&amp;apos;
Driver info: org.openqa.selenium.chrome.ChromeDriver
Capabilities {acceptInsecureCerts: false, browserName: chrome, browserVersion: 83.0.4103.106, chrome: {chromedriverVersion: 83.0.4103.39 (ccbf011cb2d2b..., userDataDir: C:\Users\AGILES~1\AppData\L...}, goog:chromeOptions: {debuggerAddress: localhost:53842}, javascriptEnabled: true, networkConnectionEnabled: false, pageLoadStrategy: normal, platform: WINDOWS, platformName: WINDOWS, proxy: Proxy(), setWindowRect: true, strictFileInteractability: false, timeouts: {implicit: 0, pageLoad: 300000, script: 30000}, unhandledPromptBehavior: dismiss and notify, webauthn:virtualAuthenticators: true}
Session ID: c1def2f3e63ac2cd7ecce40ff6904440">
      <![CDATA[org.openqa.selenium.TimeoutException: Expected condition failed: waiting for element to no longer be visible: By.xpath: //div[@class="overlay loader dark"] (tried for 360 second(s) with 500 milliseconds interval)
Build info: version: '3.141.59', revision: 'e82be7d358', time: '2018-11-14T08:17:03'
System info: host: 'LITOSOLER', ip: '192.168.0.20', os.name: 'Windows 10', os.arch: 'amd64', os.version: '10.0', java.version: '1.8.0_251'
Driver info: org.openqa.selenium.chrome.ChromeDriver
Capabilities {acceptInsecureCerts: false, browserName: chrome, browserVersion: 83.0.4103.106, chrome: {chromedriverVersion: 83.0.4103.39 (ccbf011cb2d2b..., userDataDir: C:\Users\AGILES~1\AppData\L...}, goog:chromeOptions: {debuggerAddress: localhost:53842}, javascriptEnabled: true, networkConnectionEnabled: false, pageLoadStrategy: normal, platform: WINDOWS, platformName: WINDOWS, proxy: Proxy(), setWindowRect: true, strictFileInteractability: false, timeouts: {implicit: 0, pageLoad: 300000, script: 30000}, unhandledPromptBehavior: dismiss and notify, webauthn:virtualAuthenticators: true}
Session ID: c1def2f3e63ac2cd7ecce40ff6904440
at org.openqa.selenium.support.ui.WebDriverWait.timeoutException(WebDriverWait.java:95)
at org.openqa.selenium.support.ui.FluentWait.until(FluentWait.java:272)
at com.sap.timp.base.TestBaseEliel.invisibilityOfElement(TestBaseEliel.java:91)
at com.sap.timp.pageObjectModel.MDR.ControleDeCreditoTributario.LimiteDeCreditoAUtilizar.LimiteDeCreditoAUtilizarVisualizarPO.visualizar(LimiteDeCreditoAUtilizarVisualizarPO.java:182)
at com.timp.test.MDR.ControleDeCreditoTributario.LimiteDeCreditoAUtilizar.LimiteDeCreditoAUtilizarVisualizar.visualizar(LimiteDeCreditoAUtilizarVisualizar.java:44)
... Removed 25 stack frames]]>
    </failure>
  </testcase> <!-- visualizar -->
  <testcase name="detalhes" time="97.455" classname="com.timp.test.MDR.ControleDeCreditoTributario.LimiteDeCreditoAUtilizar.LimiteDeCreditoAUtilizarDetalhes"/>
  <testcase name="excluir" time="88.474" classname="com.timp.test.MDR.ControleDeCreditoTributario.LimiteDeCreditoAUtilizar.LimiteDeCreditoAUtilizarExcluir"/>
  <testcase name="filtroId" time="44.914" classname="com.timp.test.MDR.ControleDeCreditoTributario.LimiteDeCreditoAUtilizar.LimiteDeCreditoAUtilizarFiltroId"/>
</testsuite> <!-- ControleDeCreditoTributario > Limite De Credito A Utilizar -->
