<?xml version="1.0" encoding="UTF-8"?>
<!-- Generated by org.testng.reporters.JUnitXMLReporter -->
<testsuite ignored="0" hostname="DESKTOP-C57COV6" failures="0" tests="8" name="ControleDeCreditoTributario &gt; Limite De Credito A Utilizar" time="976.911" errors="0" timestamp="29 jul. 2021 08:19:56 GMT">
  <testcase classname="com.timp.test.MDR.ControleDeCreditoTributario.LimiteDeCreditoAUtilizar.LimiteDeCreditoAUtilizarCriar" name="criar" time="106.252"/>
  <testcase classname="com.timp.test.MDR.ControleDeCreditoTributario.LimiteDeCreditoAUtilizar.LimiteDeCreditoAUtilizarEditar" name="editar" time="124.007"/>
  <testcase classname="com.timp.test.MDR.ControleDeCreditoTributario.LimiteDeCreditoAUtilizar.LimiteDeCreditoAUtilizarVisualizar" name="visualizar" time="144.45"/>
  <testcase classname="com.timp.test.MDR.ControleDeCreditoTributario.LimiteDeCreditoAUtilizar.LimiteDeCreditoAUtilizarDetalhes" name="detalhes" time="83.288"/>
  <testcase classname="com.timp.test.MDR.ControleDeCreditoTributario.LimiteDeCreditoAUtilizar.LimiteDeCreditoAUtilizarExcluir" name="excluir" time="102.18"/>
  <testcase classname="com.timp.test.MDR.ControleDeCreditoTributario.LimiteDeCreditoAUtilizar.LimiteDeCreditoAUtilizarFiltroId" name="filtroId" time="54.666"/>
  <testcase classname="com.timp.test.MDR.ControleDeCreditoTributario.LimiteDeCreditoAUtilizar.LimiteDeCreditoAUtilizarExcluirEmMassa" name="criar" time="150.624"/>
  <testcase classname="com.timp.test.MDR.ControleDeCreditoTributario.LimiteDeCreditoAUtilizar.LimiteDeCreditoAUtilizarExcluirEmMassa" name="excluir" time="37.059"/>
</testsuite> <!-- ControleDeCreditoTributario > Limite De Credito A Utilizar -->
