<?xml version="1.0" encoding="UTF-8"?>
<!-- Generated by org.testng.reporters.JUnitXMLReporter -->
<testsuite hostname="LitoSoler" ignored="0" name="Controle De crédito Tributario &gt; Código Crédito" tests="7" failures="0" timestamp="08 mar 2021 23:25:53 GMT" time="701.956" errors="0">
  <testcase name="criar" time="91.778" classname="com.timp.test.MDR.ControleDeCreditoTributario.CodigosDeCredito.CodigosDeCreditoCriar"/>
  <testcase name="editar" time="102.6" classname="com.timp.test.MDR.ControleDeCreditoTributario.CodigosDeCredito.CodigosDeCreditoEditar"/>
  <testcase name="visualizar" time="92.857" classname="com.timp.test.MDR.ControleDeCreditoTributario.CodigosDeCredito.CodigosDeCreditoVisualizar"/>
  <testcase name="Detalhes" time="68.289" classname="com.timp.test.MDR.ControleDeCreditoTributario.CodigosDeCredito.CodigosDeCreditoDetalhes"/>
  <testcase name="excluir" time="77.991" classname="com.timp.test.MDR.ControleDeCreditoTributario.CodigosDeCredito.CodigosDeCreditoExcluir"/>
  <testcase name="criar" time="130.341" classname="com.timp.test.MDR.ControleDeCreditoTributario.CodigosDeCredito.CodigosDeCreditoExcluirEmMassa"/>
  <testcase name="excluir" time="30.138" classname="com.timp.test.MDR.ControleDeCreditoTributario.CodigosDeCredito.CodigosDeCreditoExcluirEmMassa"/>
</testsuite> <!-- Controle De crédito Tributario > Código Crédito -->
