<?xml version="1.0" encoding="UTF-8"?>
<!-- Generated by org.testng.reporters.JUnitXMLReporter -->
<testsuite ignored="0" hostname="DESKTOP-C57COV6" failures="0" tests="8" name="ControleDeCreditoTributario &gt; Limite De Credito A Utilizar" time="825.328" errors="0" timestamp="10 ago. 2021 09:35:34 GMT">
  <testcase classname="com.timp.test.MDR.ControleDeCreditoTributario.LimiteDeCreditoAUtilizar.LimiteDeCreditoAUtilizarCriar" name="criar" time="98.096"/>
  <testcase classname="com.timp.test.MDR.ControleDeCreditoTributario.LimiteDeCreditoAUtilizar.LimiteDeCreditoAUtilizarEditar" name="editar" time="111.502"/>
  <testcase classname="com.timp.test.MDR.ControleDeCreditoTributario.LimiteDeCreditoAUtilizar.LimiteDeCreditoAUtilizarVisualizar" name="visualizar" time="103.166"/>
  <testcase classname="com.timp.test.MDR.ControleDeCreditoTributario.LimiteDeCreditoAUtilizar.LimiteDeCreditoAUtilizarDetalhes" name="detalhes" time="74.138"/>
  <testcase classname="com.timp.test.MDR.ControleDeCreditoTributario.LimiteDeCreditoAUtilizar.LimiteDeCreditoAUtilizarExcluir" name="excluir" time="92.418"/>
  <testcase classname="com.timp.test.MDR.ControleDeCreditoTributario.LimiteDeCreditoAUtilizar.LimiteDeCreditoAUtilizarFiltroId" name="filtroId" time="58.709"/>
  <testcase classname="com.timp.test.MDR.ControleDeCreditoTributario.LimiteDeCreditoAUtilizar.LimiteDeCreditoAUtilizarExcluirEmMassa" name="criar" time="143.016"/>
  <testcase classname="com.timp.test.MDR.ControleDeCreditoTributario.LimiteDeCreditoAUtilizar.LimiteDeCreditoAUtilizarExcluirEmMassa" name="excluir" time="35.841"/>
</testsuite> <!-- ControleDeCreditoTributario > Limite De Credito A Utilizar -->
