<?xml version="1.0" encoding="UTF-8"?>
<!-- Generated by org.testng.reporters.JUnitXMLReporter -->
<testsuite ignored="0" hostname="DESKTOP-JP1A9E6" failures="0" tests="8" name="ControleDeCreditoTributario &gt; Limite De Credito A Utilizar" time="869.47" errors="0" timestamp="26 may. 2021 01:37:56 GMT">
  <testcase classname="com.timp.test.MDR.ControleDeCreditoTributario.LimiteDeCreditoAUtilizar.LimiteDeCreditoAUtilizarCriar" name="criar" time="118.231"/>
  <testcase classname="com.timp.test.MDR.ControleDeCreditoTributario.LimiteDeCreditoAUtilizar.LimiteDeCreditoAUtilizarEditar" name="editar" time="113.289"/>
  <testcase classname="com.timp.test.MDR.ControleDeCreditoTributario.LimiteDeCreditoAUtilizar.LimiteDeCreditoAUtilizarVisualizar" name="visualizar" time="88.629"/>
  <testcase classname="com.timp.test.MDR.ControleDeCreditoTributario.LimiteDeCreditoAUtilizar.LimiteDeCreditoAUtilizarDetalhes" name="detalhes" time="68.257"/>
  <testcase classname="com.timp.test.MDR.ControleDeCreditoTributario.LimiteDeCreditoAUtilizar.LimiteDeCreditoAUtilizarExcluir" name="excluir" time="83.22"/>
  <testcase classname="com.timp.test.MDR.ControleDeCreditoTributario.LimiteDeCreditoAUtilizar.LimiteDeCreditoAUtilizarFiltroId" name="filtroId" time="41.738"/>
  <testcase classname="com.timp.test.MDR.ControleDeCreditoTributario.LimiteDeCreditoAUtilizar.LimiteDeCreditoAUtilizarExcluirEmMassa" name="criar" time="186.171"/>
  <testcase classname="com.timp.test.MDR.ControleDeCreditoTributario.LimiteDeCreditoAUtilizar.LimiteDeCreditoAUtilizarExcluirEmMassa" name="excluir" time="35.598"/>
</testsuite> <!-- ControleDeCreditoTributario > Limite De Credito A Utilizar -->
