<?xml version="1.0" encoding="UTF-8"?>
<!-- Generated by org.testng.reporters.JUnitXMLReporter -->
<testsuite ignored="0" hostname="DESKTOP-JP1A9E6" failures="0" tests="7" name="Controle De crédito Tributario &gt; Código Crédito" time="747.115" errors="0" timestamp="10 sep. 2021 16:23:40 GMT">
  <testcase classname="com.timp.test.MDR.ControleDeCreditoTributario.CodigosDeCredito.CodigosDeCreditoCriar" name="criar" time="93.135"/>
  <testcase classname="com.timp.test.MDR.ControleDeCreditoTributario.CodigosDeCredito.CodigosDeCreditoEditar" name="editar" time="110.026"/>
  <testcase classname="com.timp.test.MDR.ControleDeCreditoTributario.CodigosDeCredito.CodigosDeCreditoVisualizar" name="visualizar" time="82.497"/>
  <testcase classname="com.timp.test.MDR.ControleDeCreditoTributario.CodigosDeCredito.CodigosDeCreditoDetalhes" name="Detalhes" time="72.53"/>
  <testcase classname="com.timp.test.MDR.ControleDeCreditoTributario.CodigosDeCredito.CodigosDeCreditoExcluir" name="excluir" time="113.684"/>
  <testcase classname="com.timp.test.MDR.ControleDeCreditoTributario.CodigosDeCredito.CodigosDeCreditoExcluirEmMassa" name="criar" time="143.788"/>
  <testcase classname="com.timp.test.MDR.ControleDeCreditoTributario.CodigosDeCredito.CodigosDeCreditoExcluirEmMassa" name="excluir" time="36.107"/>
</testsuite> <!-- Controle De crédito Tributario > Código Crédito -->
