<?xml version="1.0" encoding="UTF-8"?>
<!-- Generated by org.testng.reporters.JUnitXMLReporter -->
<testsuite ignored="0" hostname="DESKTOP-C57COV6" failures="0" tests="7" name="Controle De crédito Tributario &gt; Código Crédito" time="670.205" errors="0" timestamp="21 may. 2021 05:52:37 GMT">
  <testcase classname="com.timp.test.MDR.ControleDeCreditoTributario.CodigosDeCredito.CodigosDeCreditoCriar" name="criar" time="87.398"/>
  <testcase classname="com.timp.test.MDR.ControleDeCreditoTributario.CodigosDeCredito.CodigosDeCreditoEditar" name="editar" time="96.467"/>
  <testcase classname="com.timp.test.MDR.ControleDeCreditoTributario.CodigosDeCredito.CodigosDeCreditoVisualizar" name="visualizar" time="76.86"/>
  <testcase classname="com.timp.test.MDR.ControleDeCreditoTributario.CodigosDeCredito.CodigosDeCreditoDetalhes" name="Detalhes" time="71.738"/>
  <testcase classname="com.timp.test.MDR.ControleDeCreditoTributario.CodigosDeCredito.CodigosDeCreditoExcluir" name="excluir" time="79.531"/>
  <testcase classname="com.timp.test.MDR.ControleDeCreditoTributario.CodigosDeCredito.CodigosDeCreditoExcluirEmMassa" name="criar" time="128.915"/>
  <testcase classname="com.timp.test.MDR.ControleDeCreditoTributario.CodigosDeCredito.CodigosDeCreditoExcluirEmMassa" name="excluir" time="32.973"/>
</testsuite> <!-- Controle De crédito Tributario > Código Crédito -->
