<?xml version="1.0" encoding="UTF-8"?>
<!-- Generated by org.testng.reporters.JUnitXMLReporter -->
<testsuite hostname="LitoSoler" ignored="0" name="Controle De crédito Tributario &gt; Código Crédito" tests="7" failures="0" timestamp="19 mar 2021 20:16:23 GMT" time="620.299" errors="0">
  <testcase name="criar" time="83.276" classname="com.timp.test.MDR.ControleDeCreditoTributario.CodigosDeCredito.CodigosDeCreditoCriar"/>
  <testcase name="editar" time="92.895" classname="com.timp.test.MDR.ControleDeCreditoTributario.CodigosDeCredito.CodigosDeCreditoEditar"/>
  <testcase name="visualizar" time="77.21" classname="com.timp.test.MDR.ControleDeCreditoTributario.CodigosDeCredito.CodigosDeCreditoVisualizar"/>
  <testcase name="Detalhes" time="64.042" classname="com.timp.test.MDR.ControleDeCreditoTributario.CodigosDeCredito.CodigosDeCreditoDetalhes"/>
  <testcase name="excluir" time="72.649" classname="com.timp.test.MDR.ControleDeCreditoTributario.CodigosDeCredito.CodigosDeCreditoExcluir"/>
  <testcase name="criar" time="122.295" classname="com.timp.test.MDR.ControleDeCreditoTributario.CodigosDeCredito.CodigosDeCreditoExcluirEmMassa"/>
  <testcase name="excluir" time="30.084" classname="com.timp.test.MDR.ControleDeCreditoTributario.CodigosDeCredito.CodigosDeCreditoExcluirEmMassa"/>
</testsuite> <!-- Controle De crédito Tributario > Código Crédito -->
