<?xml version="1.0" encoding="UTF-8"?>
<!-- Generated by org.testng.reporters.JUnitXMLReporter -->
<testsuite ignored="0" hostname="CRISTHIAN-VASQUEZ" failures="0" tests="7" name="Controle De crédito Tributario &gt; Código Crédito" time="693.4" errors="0" timestamp="19 feb. 2021 15:05:00 GMT">
  <testcase classname="com.timp.test.MDR.ControleDeCreditoTributario.CodigosDeCredito.CodigosDeCreditoCriar" name="criar" time="84.809"/>
  <testcase classname="com.timp.test.MDR.ControleDeCreditoTributario.CodigosDeCredito.CodigosDeCreditoEditar" name="editar" time="101.266"/>
  <testcase classname="com.timp.test.MDR.ControleDeCreditoTributario.CodigosDeCredito.CodigosDeCreditoVisualizar" name="visualizar" time="86.134"/>
  <testcase classname="com.timp.test.MDR.ControleDeCreditoTributario.CodigosDeCredito.CodigosDeCreditoDetalhes" name="Detalhes" time="80.616"/>
  <testcase classname="com.timp.test.MDR.ControleDeCreditoTributario.CodigosDeCredito.CodigosDeCreditoExcluir" name="excluir" time="78.904"/>
  <testcase classname="com.timp.test.MDR.ControleDeCreditoTributario.CodigosDeCredito.CodigosDeCreditoExcluirEmMassa" name="criar" time="128.979"/>
  <testcase classname="com.timp.test.MDR.ControleDeCreditoTributario.CodigosDeCredito.CodigosDeCreditoExcluirEmMassa" name="excluir" time="29.575"/>
</testsuite> <!-- Controle De crédito Tributario > Código Crédito -->
