<?xml version="1.0" encoding="UTF-8"?>
<!-- Generated by org.testng.reporters.JUnitXMLReporter -->
<testsuite ignored="0" hostname="DESKTOP-C57COV6" failures="0" tests="7" name="Controle De crédito Tributario &gt; Código Crédito" time="769.709" errors="0" timestamp="11 may. 2021 08:53:26 GMT">
  <testcase classname="com.timp.test.MDR.ControleDeCreditoTributario.CodigosDeCredito.CodigosDeCreditoCriar" name="criar" time="94.373"/>
  <testcase classname="com.timp.test.MDR.ControleDeCreditoTributario.CodigosDeCredito.CodigosDeCreditoEditar" name="editar" time="119.005"/>
  <testcase classname="com.timp.test.MDR.ControleDeCreditoTributario.CodigosDeCredito.CodigosDeCreditoVisualizar" name="visualizar" time="86.534"/>
  <testcase classname="com.timp.test.MDR.ControleDeCreditoTributario.CodigosDeCredito.CodigosDeCreditoDetalhes" name="Detalhes" time="89.402"/>
  <testcase classname="com.timp.test.MDR.ControleDeCreditoTributario.CodigosDeCredito.CodigosDeCreditoExcluir" name="excluir" time="85.298"/>
  <testcase classname="com.timp.test.MDR.ControleDeCreditoTributario.CodigosDeCredito.CodigosDeCreditoExcluirEmMassa" name="criar" time="134.786"/>
  <testcase classname="com.timp.test.MDR.ControleDeCreditoTributario.CodigosDeCredito.CodigosDeCreditoExcluirEmMassa" name="excluir" time="32.864"/>
</testsuite> <!-- Controle De crédito Tributario > Código Crédito -->
