<?xml version="1.0" encoding="UTF-8"?>
<!-- Generated by org.testng.reporters.JUnitXMLReporter -->
<testsuite ignored="0" hostname="DESKTOP-JP1A9E6" failures="1" tests="1" name="CriarComCopia" time="212.788" errors="0" timestamp="26 ago. 2021 15:30:33 GMT">
  <testcase classname="com.timp.test.BRB.CriarComCopia" name="criarCopia" time="125.584">
    <failure type="java.lang.AssertionError" message="A cópia não foi criada com sucesso expected [true] but found [false]">
      <![CDATA[java.lang.AssertionError: A cópia não foi criada com sucesso expected [true] but found [false]
at com.timp.test.BRB.CriarComCopia.criarCopia(CriarComCopia.java:60)
... Removed 28 stack frames]]>
    </failure>
  </testcase> <!-- criarCopia -->
</testsuite> <!-- CriarComCopia -->
