<?xml version="1.0" encoding="UTF-8"?>
<!-- Generated by org.testng.reporters.JUnitXMLReporter -->
<testsuite ignored="0" hostname="DESKTOP-M23FVFN" failures="1" tests="1" name="CriarComCopia" time="146.078" errors="0" timestamp="2023-01-23T17:15:40 BRT">
  <testcase classname="com.timp.test.BRB.CriarComCopia" name="criarCopia" time="113.236">
    <failure type="java.lang.AssertionError" message="A copia nao foi criada com sucesso expected [true] but found [false]">
      <![CDATA[java.lang.AssertionError: A copia nao foi criada com sucesso expected [true] but found [false]
at com.timp.test.BRB.CriarComCopia.criarCopia(CriarComCopia.java:60)
at java.base/java.util.ArrayList.forEach(ArrayList.java:1511)
... Removed 30 stack frames]]>
    </failure>
  </testcase> <!-- criarCopia -->
</testsuite> <!-- CriarComCopia -->
