<?xml version="1.0" encoding="UTF-8"?>
<!-- Generated by org.testng.reporters.JUnitXMLReporter -->
<testsuite ignored="0" hostname="DESKTOP-C57COV6" failures="0" tests="8" name="Código da Receita" time="938.625" errors="0" timestamp="17 ago. 2021 10:04:28 GMT">
  <testcase classname="com.timp.test.MDR.CodigoReceita.CodigoReceitaCriar" name="criar" time="102.822"/>
  <testcase classname="com.timp.test.MDR.CodigoReceita.CodigoReceitaEditar" name="editar" time="118.645"/>
  <testcase classname="com.timp.test.MDR.CodigoReceita.CodigoReceitaDetalhes" name="detalhes" time="91.627"/>
  <testcase classname="com.timp.test.MDR.CodigoReceita.CodigoReceitaVisualizar" name="visualizar" time="104.497"/>
  <testcase classname="com.timp.test.MDR.CodigoReceita.CodigoReceitaExcluir" name="excluir" time="100.748"/>
  <testcase classname="com.timp.test.MDR.CodigoReceita.CodigoReceitaExcluirEmMassa" name="criar" time="147.219"/>
  <testcase classname="com.timp.test.MDR.CodigoReceita.CodigoReceitaExcluirEmMassa" name="excluir" time="41.733"/>
  <testcase classname="com.timp.test.MDR.CodigoReceita.CodigoReceitaFiltrosAvan" name="filtrosAvanzados" time="75.57"/>
</testsuite> <!-- Código da Receita -->
