<?xml version="1.0" encoding="UTF-8"?>
<!-- Generated by org.testng.reporters.JUnitXMLReporter -->
<testsuite ignored="0" hostname="DESKTOP-JP1A9E6" failures="0" tests="8" name="Código da Receita" time="1223.166" errors="0" timestamp="27 ago. 2021 05:08:05 GMT">
  <testcase classname="com.timp.test.MDR.CodigoReceita.CodigoReceitaCriar" name="criar" time="151.644"/>
  <testcase classname="com.timp.test.MDR.CodigoReceita.CodigoReceitaEditar" name="editar" time="155.54"/>
  <testcase classname="com.timp.test.MDR.CodigoReceita.CodigoReceitaDetalhes" name="detalhes" time="129.812"/>
  <testcase classname="com.timp.test.MDR.CodigoReceita.CodigoReceitaVisualizar" name="visualizar" time="100.128"/>
  <testcase classname="com.timp.test.MDR.CodigoReceita.CodigoReceitaExcluir" name="excluir" time="136.555"/>
  <testcase classname="com.timp.test.MDR.CodigoReceita.CodigoReceitaExcluirEmMassa" name="criar" time="179.896"/>
  <testcase classname="com.timp.test.MDR.CodigoReceita.CodigoReceitaExcluirEmMassa" name="excluir" time="38.635"/>
  <testcase classname="com.timp.test.MDR.CodigoReceita.CodigoReceitaFiltrosAvan" name="filtrosAvanzados" time="110.263"/>
</testsuite> <!-- Código da Receita -->
