<?xml version="1.0" encoding="UTF-8"?>
<!-- Generated by org.testng.reporters.JUnitXMLReporter -->
<testsuite ignored="0" hostname="DESKTOP-C57COV6" failures="0" tests="8" name="Código da Receita" time="825.843" errors="0" timestamp="27 abr. 2021 21:37:59 GMT">
  <testcase classname="com.timp.test.MDR.CodigoReceita.CodigoReceitaCriar" name="criar" time="89.706"/>
  <testcase classname="com.timp.test.MDR.CodigoReceita.CodigoReceitaEditar" name="editar" time="109.234"/>
  <testcase classname="com.timp.test.MDR.CodigoReceita.CodigoReceitaDetalhes" name="detalhes" time="71.23"/>
  <testcase classname="com.timp.test.MDR.CodigoReceita.CodigoReceitaVisualizar" name="visualizar" time="79.659"/>
  <testcase classname="com.timp.test.MDR.CodigoReceita.CodigoReceitaExcluir" name="excluir" time="87.522"/>
  <testcase classname="com.timp.test.MDR.CodigoReceita.CodigoReceitaExcluirEmMassa" name="criar" time="147.852"/>
  <testcase classname="com.timp.test.MDR.CodigoReceita.CodigoReceitaExcluirEmMassa" name="excluir" time="37.666"/>
  <testcase classname="com.timp.test.MDR.CodigoReceita.CodigoReceitaFiltrosAvan" name="filtrosAvanzados" time="77.108"/>
</testsuite> <!-- Código da Receita -->
