<?xml version="1.0" encoding="UTF-8"?>
<!-- Generated by org.testng.reporters.JUnitXMLReporter -->
<testsuite ignored="0" hostname="DESKTOP-JP1A9E6" failures="0" tests="5" name="Códigos de Ajuste" time="926.709" errors="0" timestamp="27 ago. 2021 05:10:18 GMT">
  <testcase classname="com.timp.test.MDR.Ajustes.CodigosAjustes.CodigosAjustesCriar" name="criar" time="191.55"/>
  <testcase classname="com.timp.test.MDR.Ajustes.CodigosAjustes.CodigosAjustesEditar" name="editar" time="172.57"/>
  <testcase classname="com.timp.test.MDR.Ajustes.CodigosAjustes.CodigosAjustesVisualizar" name="visualizar" time="161.304"/>
  <testcase classname="com.timp.test.MDR.Ajustes.CodigosAjustes.CodigosAjustesDetalhes" name="detalhes" time="113.914"/>
  <testcase classname="com.timp.test.MDR.Ajustes.CodigosAjustes.CodigosAjustesExcluir" name="excluir" time="131.624"/>
</testsuite> <!-- Códigos de Ajuste -->
