<?xml version="1.0" encoding="UTF-8"?>
<!-- Generated by org.testng.reporters.JUnitXMLReporter -->
<testsuite ignored="0" hostname="DESKTOP-JP1A9E6" failures="0" tests="8" name="Código da Receita" time="821.287" errors="0" timestamp="14 jul. 2021 06:21:22 GMT">
  <testcase classname="com.timp.test.MDR.CodigoReceita.CodigoReceitaCriar" name="criar" time="88.208"/>
  <testcase classname="com.timp.test.MDR.CodigoReceita.CodigoReceitaEditar" name="editar" time="126.333"/>
  <testcase classname="com.timp.test.MDR.CodigoReceita.CodigoReceitaDetalhes" name="detalhes" time="71.065"/>
  <testcase classname="com.timp.test.MDR.CodigoReceita.CodigoReceitaVisualizar" name="visualizar" time="90.557"/>
  <testcase classname="com.timp.test.MDR.CodigoReceita.CodigoReceitaExcluir" name="excluir" time="85.807"/>
  <testcase classname="com.timp.test.MDR.CodigoReceita.CodigoReceitaExcluirEmMassa" name="criar" time="132.806"/>
  <testcase classname="com.timp.test.MDR.CodigoReceita.CodigoReceitaExcluirEmMassa" name="excluir" time="41.142"/>
  <testcase classname="com.timp.test.MDR.CodigoReceita.CodigoReceitaFiltrosAvan" name="filtrosAvanzados" time="83.264"/>
</testsuite> <!-- Código da Receita -->
