<?xml version="1.0" encoding="UTF-8"?>
<!-- Generated by org.testng.reporters.JUnitXMLReporter -->
<testsuite ignored="0" hostname="MassielV" failures="0" tests="5" name="Códigos de Ajuste" time="2452.339" errors="0" timestamp="25 nov. 2021 19:01:56 GMT">
  <testcase classname="com.timp.test.MDR.Ajustes.CodigosAjustes.CodigosAjustesCriar" name="criar" time="284.704"/>
  <testcase classname="com.timp.test.MDR.Ajustes.CodigosAjustes.CodigosAjustesEditar" name="editar" time="280.676"/>
  <testcase classname="com.timp.test.MDR.Ajustes.CodigosAjustes.CodigosAjustesVisualizar" name="visualizar" time="227.936"/>
  <testcase classname="com.timp.test.MDR.Ajustes.CodigosAjustes.CodigosAjustesDetalhes" name="detalhes" time="882.982"/>
  <testcase classname="com.timp.test.MDR.Ajustes.CodigosAjustes.CodigosAjustesExcluir" name="excluir" time="288.028"/>
</testsuite> <!-- Códigos de Ajuste -->
