<?xml version="1.0" encoding="UTF-8"?>
<!-- Generated by org.testng.reporters.JUnitXMLReporter -->
<testsuite hostname="LitoSoler" ignored="0" name="Códigos de Ajuste" tests="5" failures="0" timestamp="19 mar 2021 19:35:50 GMT" time="674.726" errors="0">
  <testcase name="criar" time="118.649" classname="com.timp.test.MDR.Ajustes.CodigosAjustes.CodigosAjustesCriar"/>
  <testcase name="editar" time="123.246" classname="com.timp.test.MDR.Ajustes.CodigosAjustes.CodigosAjustesEditar"/>
  <testcase name="visualizar" time="103.499" classname="com.timp.test.MDR.Ajustes.CodigosAjustes.CodigosAjustesVisualizar"/>
  <testcase name="detalhes" time="93.399" classname="com.timp.test.MDR.Ajustes.CodigosAjustes.CodigosAjustesDetalhes"/>
  <testcase name="excluir" time="135.632" classname="com.timp.test.MDR.Ajustes.CodigosAjustes.CodigosAjustesExcluir"/>
</testsuite> <!-- Códigos de Ajuste -->
