<?xml version="1.0" encoding="UTF-8"?>
<!-- Generated by org.testng.reporters.JUnitXMLReporter -->
<testsuite ignored="0" hostname="DESKTOP-JP1A9E6" failures="0" tests="5" name="Códigos de Ajuste" time="926.526" errors="0" timestamp="15 sep. 2021 13:47:55 GMT">
  <testcase classname="com.timp.test.MDR.Ajustes.CodigosAjustes.CodigosAjustesCriar" name="criar" time="164.121"/>
  <testcase classname="com.timp.test.MDR.Ajustes.CodigosAjustes.CodigosAjustesEditar" name="editar" time="145.39"/>
  <testcase classname="com.timp.test.MDR.Ajustes.CodigosAjustes.CodigosAjustesVisualizar" name="visualizar" time="136.539"/>
  <testcase classname="com.timp.test.MDR.Ajustes.CodigosAjustes.CodigosAjustesDetalhes" name="detalhes" time="131.268"/>
  <testcase classname="com.timp.test.MDR.Ajustes.CodigosAjustes.CodigosAjustesExcluir" name="excluir" time="209.696"/>
</testsuite> <!-- Códigos de Ajuste -->
