<?xml version="1.0" encoding="UTF-8"?>
<!-- Generated by org.testng.reporters.JUnitXMLReporter -->
<testsuite ignored="0" hostname="DESKTOP-C57COV6" failures="0" tests="5" name="Códigos de Ajuste" time="746.92" errors="0" timestamp="15 oct. 2021 10:37:43 GMT">
  <testcase classname="com.timp.test.MDR.Ajustes.CodigosAjustes.CodigosAjustesCriar" name="criar" time="126.137"/>
  <testcase classname="com.timp.test.MDR.Ajustes.CodigosAjustes.CodigosAjustesEditar" name="editar" time="162.066"/>
  <testcase classname="com.timp.test.MDR.Ajustes.CodigosAjustes.CodigosAjustesVisualizar" name="visualizar" time="111.828"/>
  <testcase classname="com.timp.test.MDR.Ajustes.CodigosAjustes.CodigosAjustesDetalhes" name="detalhes" time="96.893"/>
  <testcase classname="com.timp.test.MDR.Ajustes.CodigosAjustes.CodigosAjustesExcluir" name="excluir" time="147.744"/>
</testsuite> <!-- Códigos de Ajuste -->
