<?xml version="1.0" encoding="UTF-8"?>
<!-- Generated by org.testng.reporters.JUnitXMLReporter -->
<testsuite hostname="LitoSoler" ignored="0" name="Códigos de Ajuste" tests="5" failures="0" timestamp="08 mar 2021 22:54:02 GMT" time="610.937" errors="0">
  <testcase name="criar" time="117.692" classname="com.timp.test.MDR.Ajustes.CodigosAjustes.CodigosAjustesCriar"/>
  <testcase name="editar" time="131.611" classname="com.timp.test.MDR.Ajustes.CodigosAjustes.CodigosAjustesEditar"/>
  <testcase name="visualizar" time="109.145" classname="com.timp.test.MDR.Ajustes.CodigosAjustes.CodigosAjustesVisualizar"/>
  <testcase name="detalhes" time="76.943" classname="com.timp.test.MDR.Ajustes.CodigosAjustes.CodigosAjustesDetalhes"/>
  <testcase name="excluir" time="97.627" classname="com.timp.test.MDR.Ajustes.CodigosAjustes.CodigosAjustesExcluir"/>
</testsuite> <!-- Códigos de Ajuste -->
