<?xml version="1.0" encoding="UTF-8"?>
<!-- Generated by org.testng.reporters.JUnitXMLReporter -->
<testsuite ignored="0" hostname="DESKTOP-M23FVFN" failures="0" tests="8" name="Código da Receita" time="1089.525" errors="0" timestamp="22 dic. 2021 06:28:51 GMT">
  <testcase classname="com.timp.test.MDR.CodigoReceita.CodigoReceitaCriar" name="criar" time="138.476"/>
  <testcase classname="com.timp.test.MDR.CodigoReceita.CodigoReceitaEditar" name="editar" time="149.084"/>
  <testcase classname="com.timp.test.MDR.CodigoReceita.CodigoReceitaDetalhes" name="detalhes" time="84.695"/>
  <testcase classname="com.timp.test.MDR.CodigoReceita.CodigoReceitaVisualizar" name="visualizar" time="120.313"/>
  <testcase classname="com.timp.test.MDR.CodigoReceita.CodigoReceitaExcluir" name="excluir" time="108.63"/>
  <testcase classname="com.timp.test.MDR.CodigoReceita.CodigoReceitaExcluirEmMassa" name="criar" time="192.673"/>
  <testcase classname="com.timp.test.MDR.CodigoReceita.CodigoReceitaExcluirEmMassa" name="excluir" time="43.378"/>
  <testcase classname="com.timp.test.MDR.CodigoReceita.CodigoReceitaFiltrosAvan" name="filtrosAvanzados" time="88.401"/>
</testsuite> <!-- Código da Receita -->
