<?xml version="1.0" encoding="UTF-8"?>
<!-- Generated by org.testng.reporters.JUnitXMLReporter -->
<testsuite hostname="LitoSoler" ignored="0" name="Código da Receita" tests="8" failures="0" timestamp="16 mar 2021 00:30:46 GMT" time="848.825" errors="0">
  <testcase name="criar" time="93.34" classname="com.timp.test.MDR.CodigoReceita.CodigoReceitaCriar"/>
  <testcase name="editar" time="115.81" classname="com.timp.test.MDR.CodigoReceita.CodigoReceitaEditar"/>
  <testcase name="detalhes" time="76.392" classname="com.timp.test.MDR.CodigoReceita.CodigoReceitaDetalhes"/>
  <testcase name="visualizar" time="84.175" classname="com.timp.test.MDR.CodigoReceita.CodigoReceitaVisualizar"/>
  <testcase name="excluir" time="109.08" classname="com.timp.test.MDR.CodigoReceita.CodigoReceitaExcluir"/>
  <testcase name="criar" time="124.851" classname="com.timp.test.MDR.CodigoReceita.CodigoReceitaExcluirEmMassa"/>
  <testcase name="excluir" time="38.795" classname="com.timp.test.MDR.CodigoReceita.CodigoReceitaExcluirEmMassa"/>
  <testcase name="filtrosAvanzados" time="75.325" classname="com.timp.test.MDR.CodigoReceita.CodigoReceitaFiltrosAvan"/>
</testsuite> <!-- Código da Receita -->
