<?xml version="1.0" encoding="UTF-8"?>
<!-- Generated by org.testng.reporters.JUnitXMLReporter -->
<testsuite ignored="0" hostname="DESKTOP-C57COV6" failures="0" tests="7" name="Determinação de Relevância de Tarefa por Motivo de Reabertura &gt; Regra de Reabertura" time="786.633" errors="0" timestamp="18 nov. 2021 06:22:24 GMT">
  <testcase classname="com.timp.test.MDR.DeterminacaoRelevanciaTarefaMotivoReabertura.RegraDeReabertura.RegraDeReaberturaCriar" name="criar" time="101.253"/>
  <testcase classname="com.timp.test.MDR.DeterminacaoRelevanciaTarefaMotivoReabertura.RegraDeReabertura.RegraDeReaberturaEditar" name="editar" time="123.887"/>
  <testcase classname="com.timp.test.MDR.DeterminacaoRelevanciaTarefaMotivoReabertura.RegraDeReabertura.RegraDeReaberturaDetalle" name="detalle" time="89.326"/>
  <testcase classname="com.timp.test.MDR.DeterminacaoRelevanciaTarefaMotivoReabertura.RegraDeReabertura.RegraDeReaberturaVisualizar" name="visualizar" time="89.109"/>
  <testcase classname="com.timp.test.MDR.DeterminacaoRelevanciaTarefaMotivoReabertura.RegraDeReabertura.RegraDeReaberturaExcluir" name="excluir" time="108.291"/>
  <testcase classname="com.timp.test.MDR.DeterminacaoRelevanciaTarefaMotivoReabertura.RegraDeReabertura.RegraDeReaberturaExcluirMassa" name="criar" time="117.333"/>
  <testcase classname="com.timp.test.MDR.DeterminacaoRelevanciaTarefaMotivoReabertura.RegraDeReabertura.RegraDeReaberturaExcluirMassa" name="Excluir" time="37.283"/>
</testsuite> <!-- Determinação de Relevância de Tarefa por Motivo de Reabertura > Regra de Reabertura -->
