<?xml version="1.0" encoding="UTF-8"?>
<!-- Generated by org.testng.reporters.JUnitXMLReporter -->
<testsuite ignored="0" hostname="DESKTOP-C57COV6" failures="0" tests="7" name="Determinacao Relevancia Tarefa Motivo Reabertura &gt; Determinacion Relevancia Por Motivo" time="2669.621" errors="0" timestamp="02 sep. 2021 14:15:47 GMT">
  <testcase classname="com.timp.test.MDR.DeterminacaoRelevanciaTarefaMotivoReabertura.DeterminacionRelevanciaPorMotivo.DeterminacionRelevanciaPorMotivoCriar" name="criar" time="386.936"/>
  <testcase classname="com.timp.test.MDR.DeterminacaoRelevanciaTarefaMotivoReabertura.DeterminacionRelevanciaPorMotivo.DeterminacionRelevanciaPorMotivoEditar" name="editar" time="288.029"/>
  <testcase classname="com.timp.test.MDR.DeterminacaoRelevanciaTarefaMotivoReabertura.DeterminacionRelevanciaPorMotivo.DeterminacionRelevanciaPorMotivoDetalles" name="detalhes" time="235.24"/>
  <testcase classname="com.timp.test.MDR.DeterminacaoRelevanciaTarefaMotivoReabertura.DeterminacionRelevanciaPorMotivo.DeterminacionRelevanciaPorMotivoVisualizar" name="visualizar" time="281.136"/>
  <testcase classname="com.timp.test.MDR.DeterminacaoRelevanciaTarefaMotivoReabertura.DeterminacionRelevanciaPorMotivo.DeterminacionRelevanciaPorMotivoExcluir" name="excluir" time="386.002"/>
  <testcase classname="com.timp.test.MDR.DeterminacaoRelevanciaTarefaMotivoReabertura.DeterminacionRelevanciaPorMotivo.DeterminacionRelevanciaPorMotivoExcluirEmMassa" name="criar" time="723.629"/>
  <testcase classname="com.timp.test.MDR.DeterminacaoRelevanciaTarefaMotivoReabertura.DeterminacionRelevanciaPorMotivo.DeterminacionRelevanciaPorMotivoExcluirEmMassa" name="excluir" time="160.38"/>
</testsuite> <!-- Determinacao Relevancia Tarefa Motivo Reabertura > Determinacion Relevancia Por Motivo -->
