<?xml version="1.0" encoding="UTF-8"?>
<!-- Generated by org.testng.reporters.JUnitXMLReporter -->
<testsuite ignored="0" hostname="DESKTOP-C57COV6" failures="0" tests="7" name="Determinação de Relevância de Tarefa por Motivo de Reabertura &gt; Regra de Reabertura" time="970.193" errors="0" timestamp="03 ago. 2021 04:38:19 GMT">
  <testcase classname="com.timp.test.MDR.DeterminacaoRelevanciaTarefaMotivoReabertura.RegraDeReabertura.RegraDeReaberturaCriar" name="criar" time="126.349"/>
  <testcase classname="com.timp.test.MDR.DeterminacaoRelevanciaTarefaMotivoReabertura.RegraDeReabertura.RegraDeReaberturaEditar" name="editar" time="145.021"/>
  <testcase classname="com.timp.test.MDR.DeterminacaoRelevanciaTarefaMotivoReabertura.RegraDeReabertura.RegraDeReaberturaDetalle" name="detalle" time="95.317"/>
  <testcase classname="com.timp.test.MDR.DeterminacaoRelevanciaTarefaMotivoReabertura.RegraDeReabertura.RegraDeReaberturaVisualizar" name="visualizar" time="105.558"/>
  <testcase classname="com.timp.test.MDR.DeterminacaoRelevanciaTarefaMotivoReabertura.RegraDeReabertura.RegraDeReaberturaExcluir" name="excluir" time="114.947"/>
  <testcase classname="com.timp.test.MDR.DeterminacaoRelevanciaTarefaMotivoReabertura.RegraDeReabertura.RegraDeReaberturaExcluirMassa" name="criar" time="175.14"/>
  <testcase classname="com.timp.test.MDR.DeterminacaoRelevanciaTarefaMotivoReabertura.RegraDeReabertura.RegraDeReaberturaExcluirMassa" name="Excluir" time="35.369"/>
</testsuite> <!-- Determinação de Relevância de Tarefa por Motivo de Reabertura > Regra de Reabertura -->
