<?xml version="1.0" encoding="UTF-8"?>
<!-- Generated by org.testng.reporters.JUnitXMLReporter -->
<testsuite ignored="0" hostname="DESKTOP-BNBDMGT" failures="0" tests="7" name="Determinação de Relevância de Tarefa por Motivo de Reabertura &gt; Regra de Reabertura" time="887.877" errors="0" timestamp="17 abr. 2021 00:31:08 GMT">
  <testcase classname="com.timp.test.MDR.DeterminacaoRelevanciaTarefaMotivoReabertura.RegraDeReabertura.RegraDeReaberturaCriar" name="criar" time="113.257"/>
  <testcase classname="com.timp.test.MDR.DeterminacaoRelevanciaTarefaMotivoReabertura.RegraDeReabertura.RegraDeReaberturaEditar" name="editar" time="137.433"/>
  <testcase classname="com.timp.test.MDR.DeterminacaoRelevanciaTarefaMotivoReabertura.RegraDeReabertura.RegraDeReaberturaDetalle" name="detalle" time="71.716"/>
  <testcase classname="com.timp.test.MDR.DeterminacaoRelevanciaTarefaMotivoReabertura.RegraDeReabertura.RegraDeReaberturaVisualizar" name="visualizar" time="83.072"/>
  <testcase classname="com.timp.test.MDR.DeterminacaoRelevanciaTarefaMotivoReabertura.RegraDeReabertura.RegraDeReaberturaExcluir" name="excluir" time="94.355"/>
  <testcase classname="com.timp.test.MDR.DeterminacaoRelevanciaTarefaMotivoReabertura.RegraDeReabertura.RegraDeReaberturaExcluirMassa" name="criar" time="108.794"/>
  <testcase classname="com.timp.test.MDR.DeterminacaoRelevanciaTarefaMotivoReabertura.RegraDeReabertura.RegraDeReaberturaExcluirMassa" name="Excluir" time="28.655"/>
</testsuite> <!-- Determinação de Relevância de Tarefa por Motivo de Reabertura > Regra de Reabertura -->
