<?xml version="1.0" encoding="UTF-8"?>
<!-- Generated by org.testng.reporters.JUnitXMLReporter -->
<testsuite ignored="0" hostname="DESKTOP-BNBDMGT" failures="1" tests="7" name="Determinacao Relevancia Tarefa Motivo Reabertura &gt; Determinacion Relevancia Por Motivo" time="3136.115" errors="0" timestamp="17 abr. 2021 01:59:44 GMT">
  <testcase classname="com.timp.test.MDR.DeterminacaoRelevanciaTarefaMotivoReabertura.DeterminacionRelevanciaPorMotivo.DeterminacionRelevanciaPorMotivoCriar" name="criar" time="417.038"/>
  <testcase classname="com.timp.test.MDR.DeterminacaoRelevanciaTarefaMotivoReabertura.DeterminacionRelevanciaPorMotivo.DeterminacionRelevanciaPorMotivoEditar" name="editar" time="845.437"/>
  <testcase classname="com.timp.test.MDR.DeterminacaoRelevanciaTarefaMotivoReabertura.DeterminacionRelevanciaPorMotivo.DeterminacionRelevanciaPorMotivoDetalles" name="detalhes" time="252.316">
    <failure type="java.lang.AssertionError" message="As informações não são as esperadas expected [true] but found [false]">
      <![CDATA[java.lang.AssertionError: As informações não são as esperadas expected [true] but found [false]
at com.timp.test.MDR.DeterminacaoRelevanciaTarefaMotivoReabertura.DeterminacionRelevanciaPorMotivo.DeterminacionRelevanciaPorMotivoDetalles.detalhes(DeterminacionRelevanciaPorMotivoDetalles.java:49)
... Removed 28 stack frames]]>
    </failure>
  </testcase> <!-- detalhes -->
  <testcase classname="com.timp.test.MDR.DeterminacaoRelevanciaTarefaMotivoReabertura.DeterminacionRelevanciaPorMotivo.DeterminacionRelevanciaPorMotivoVisualizar" name="visualizar" time="201.035"/>
  <testcase classname="com.timp.test.MDR.DeterminacaoRelevanciaTarefaMotivoReabertura.DeterminacionRelevanciaPorMotivo.DeterminacionRelevanciaPorMotivoExcluir" name="excluir" time="296.231"/>
  <testcase classname="com.timp.test.MDR.DeterminacaoRelevanciaTarefaMotivoReabertura.DeterminacionRelevanciaPorMotivo.DeterminacionRelevanciaPorMotivoExcluirEmMassa" name="criar" time="628.129"/>
  <testcase classname="com.timp.test.MDR.DeterminacaoRelevanciaTarefaMotivoReabertura.DeterminacionRelevanciaPorMotivo.DeterminacionRelevanciaPorMotivoExcluirEmMassa" name="excluir" time="130.008"/>
</testsuite> <!-- Determinacao Relevancia Tarefa Motivo Reabertura > Determinacion Relevancia Por Motivo -->
