<?xml version="1.0" encoding="UTF-8"?>
<!-- Generated by org.testng.reporters.JUnitXMLReporter -->
<testsuite ignored="0" hostname="DESKTOP-M23FVFN" failures="0" tests="7" name="Determinação de Relevância de Tarefa por Motivo de Reabertura &gt; Regra de Reabertura" time="1485.612" errors="0" timestamp="04 mar. 2022 19:28:01 GMT">
  <testcase classname="com.timp.test.MDR.DeterminacaoRelevanciaTarefaMotivoReabertura.RegraDeReabertura.RegraDeReaberturaCriar" name="criar" time="176.694"/>
  <testcase classname="com.timp.test.MDR.DeterminacaoRelevanciaTarefaMotivoReabertura.RegraDeReabertura.RegraDeReaberturaEditar" name="editar" time="266.809"/>
  <testcase classname="com.timp.test.MDR.DeterminacaoRelevanciaTarefaMotivoReabertura.RegraDeReabertura.RegraDeReaberturaDetalle" name="detalle" time="212.455"/>
  <testcase classname="com.timp.test.MDR.DeterminacaoRelevanciaTarefaMotivoReabertura.RegraDeReabertura.RegraDeReaberturaVisualizar" name="visualizar" time="171.915"/>
  <testcase classname="com.timp.test.MDR.DeterminacaoRelevanciaTarefaMotivoReabertura.RegraDeReabertura.RegraDeReaberturaExcluir" name="excluir" time="207.262"/>
  <testcase classname="com.timp.test.MDR.DeterminacaoRelevanciaTarefaMotivoReabertura.RegraDeReabertura.RegraDeReaberturaExcluirMassa" name="criar" time="199.478"/>
  <testcase classname="com.timp.test.MDR.DeterminacaoRelevanciaTarefaMotivoReabertura.RegraDeReabertura.RegraDeReaberturaExcluirMassa" name="Excluir" time="36.264"/>
</testsuite> <!-- Determinação de Relevância de Tarefa por Motivo de Reabertura > Regra de Reabertura -->
