<?xml version="1.0" encoding="UTF-8"?>
<!-- Generated by org.testng.reporters.JUnitXMLReporter -->
<testsuite ignored="0" hostname="DESKTOP-JP1A9E6" failures="0" tests="7" name="Determinacao Relevancia Tarefa Motivo Reabertura &gt; Determinacion Relevancia Por Motivo" time="2138.259" errors="0" timestamp="24 jul. 2021 07:46:24 GMT">
  <testcase classname="com.timp.test.MDR.DeterminacaoRelevanciaTarefaMotivoReabertura.DeterminacionRelevanciaPorMotivo.DeterminacionRelevanciaPorMotivoCriar" name="criar" time="317.774"/>
  <testcase classname="com.timp.test.MDR.DeterminacaoRelevanciaTarefaMotivoReabertura.DeterminacionRelevanciaPorMotivo.DeterminacionRelevanciaPorMotivoEditar" name="editar" time="239.13"/>
  <testcase classname="com.timp.test.MDR.DeterminacaoRelevanciaTarefaMotivoReabertura.DeterminacionRelevanciaPorMotivo.DeterminacionRelevanciaPorMotivoDetalles" name="detalhes" time="180.777"/>
  <testcase classname="com.timp.test.MDR.DeterminacaoRelevanciaTarefaMotivoReabertura.DeterminacionRelevanciaPorMotivo.DeterminacionRelevanciaPorMotivoVisualizar" name="visualizar" time="213.14"/>
  <testcase classname="com.timp.test.MDR.DeterminacaoRelevanciaTarefaMotivoReabertura.DeterminacionRelevanciaPorMotivo.DeterminacionRelevanciaPorMotivoExcluir" name="excluir" time="323.575"/>
  <testcase classname="com.timp.test.MDR.DeterminacaoRelevanciaTarefaMotivoReabertura.DeterminacionRelevanciaPorMotivo.DeterminacionRelevanciaPorMotivoExcluirEmMassa" name="criar" time="625.372"/>
  <testcase classname="com.timp.test.MDR.DeterminacaoRelevanciaTarefaMotivoReabertura.DeterminacionRelevanciaPorMotivo.DeterminacionRelevanciaPorMotivoExcluirEmMassa" name="excluir" time="143.019"/>
</testsuite> <!-- Determinacao Relevancia Tarefa Motivo Reabertura > Determinacion Relevancia Por Motivo -->
