<?xml version="1.0" encoding="UTF-8"?>
<!-- Generated by org.testng.reporters.JUnitXMLReporter -->
<testsuite ignored="0" hostname="MassielV" failures="0" tests="7" name="Determinacao Relevancia Tarefa Motivo Reabertura &gt; Determinacion Relevancia Por Motivo" time="2529.205" errors="0" timestamp="15 oct. 2021 11:57:19 GMT">
  <testcase classname="com.timp.test.MDR.DeterminacaoRelevanciaTarefaMotivoReabertura.DeterminacionRelevanciaPorMotivo.DeterminacionRelevanciaPorMotivoCriar" name="criar" time="344.059"/>
  <testcase classname="com.timp.test.MDR.DeterminacaoRelevanciaTarefaMotivoReabertura.DeterminacionRelevanciaPorMotivo.DeterminacionRelevanciaPorMotivoEditar" name="editar" time="301.253"/>
  <testcase classname="com.timp.test.MDR.DeterminacaoRelevanciaTarefaMotivoReabertura.DeterminacionRelevanciaPorMotivo.DeterminacionRelevanciaPorMotivoDetalles" name="detalhes" time="237.185"/>
  <testcase classname="com.timp.test.MDR.DeterminacaoRelevanciaTarefaMotivoReabertura.DeterminacionRelevanciaPorMotivo.DeterminacionRelevanciaPorMotivoVisualizar" name="visualizar" time="246.63"/>
  <testcase classname="com.timp.test.MDR.DeterminacaoRelevanciaTarefaMotivoReabertura.DeterminacionRelevanciaPorMotivo.DeterminacionRelevanciaPorMotivoExcluir" name="excluir" time="356.747"/>
  <testcase classname="com.timp.test.MDR.DeterminacaoRelevanciaTarefaMotivoReabertura.DeterminacionRelevanciaPorMotivo.DeterminacionRelevanciaPorMotivoExcluirEmMassa" name="criar" time="773.012"/>
  <testcase classname="com.timp.test.MDR.DeterminacaoRelevanciaTarefaMotivoReabertura.DeterminacionRelevanciaPorMotivo.DeterminacionRelevanciaPorMotivoExcluirEmMassa" name="excluir" time="133.324"/>
</testsuite> <!-- Determinacao Relevancia Tarefa Motivo Reabertura > Determinacion Relevancia Por Motivo -->
