<?xml version="1.0" encoding="UTF-8"?>
<!-- Generated by org.testng.reporters.JUnitXMLReporter -->
<testsuite ignored="0" hostname="DESKTOP-C57COV6" failures="0" tests="7" name="Determinação de Relevância de Tarefa por Motivo de Reabertura &gt; Regra de Reabertura" time="675.94" errors="0" timestamp="05 jun. 2021 04:43:47 GMT">
  <testcase classname="com.timp.test.MDR.DeterminacaoRelevanciaTarefaMotivoReabertura.RegraDeReabertura.RegraDeReaberturaCriar" name="criar" time="86.407"/>
  <testcase classname="com.timp.test.MDR.DeterminacaoRelevanciaTarefaMotivoReabertura.RegraDeReabertura.RegraDeReaberturaEditar" name="editar" time="113.233"/>
  <testcase classname="com.timp.test.MDR.DeterminacaoRelevanciaTarefaMotivoReabertura.RegraDeReabertura.RegraDeReaberturaDetalle" name="detalle" time="74.106"/>
  <testcase classname="com.timp.test.MDR.DeterminacaoRelevanciaTarefaMotivoReabertura.RegraDeReabertura.RegraDeReaberturaVisualizar" name="visualizar" time="88.819"/>
  <testcase classname="com.timp.test.MDR.DeterminacaoRelevanciaTarefaMotivoReabertura.RegraDeReabertura.RegraDeReaberturaExcluir" name="excluir" time="94.692"/>
  <testcase classname="com.timp.test.MDR.DeterminacaoRelevanciaTarefaMotivoReabertura.RegraDeReabertura.RegraDeReaberturaExcluirMassa" name="criar" time="99.21"/>
  <testcase classname="com.timp.test.MDR.DeterminacaoRelevanciaTarefaMotivoReabertura.RegraDeReabertura.RegraDeReaberturaExcluirMassa" name="Excluir" time="30.471"/>
</testsuite> <!-- Determinação de Relevância de Tarefa por Motivo de Reabertura > Regra de Reabertura -->
