<?xml version="1.0" encoding="UTF-8"?>
<!-- Generated by org.testng.reporters.JUnitXMLReporter -->
<testsuite ignored="0" hostname="DESKTOP-BNBDMGT" failures="1" tests="4" name="Empresas" time="382.136" errors="0" timestamp="19 mar. 2021 19:48:06 GMT">
  <testcase classname="com.timp.test.MDR.Empresas.EmpresaEditar" name="editar" time="129.031"/>
  <testcase classname="com.timp.test.MDR.Empresas.EmpresasVisualizar" name="visualizar" time="70.053"/>
  <testcase classname="com.timp.test.MDR.Empresas.EmpresasDetalhes" name="detalhes" time="68.327"/>
  <testcase classname="com.timp.test.MDR.Empresas.EmpresasFiltros" name="filtros" time="49.073">
    <failure type="java.lang.AssertionError" message="The results in the filter aren&amp;apos;t equal expected [true] but found [false]">
      <![CDATA[java.lang.AssertionError: The results in the filter aren't equal expected [true] but found [false]
at com.timp.test.MDR.Empresas.EmpresasFiltros.filtros(EmpresasFiltros.java:47)
... Removed 28 stack frames]]>
    </failure>
  </testcase> <!-- filtros -->
</testsuite> <!-- Empresas -->
