<?xml version="1.0" encoding="UTF-8"?>
<!-- Generated by org.testng.reporters.JUnitXMLReporter -->
<testsuite ignored="0" hostname="DESKTOP-JP1A9E6" failures="1" tests="4" name="Empresas" time="413.637" errors="0" timestamp="25 may. 2021 23:25:11 GMT">
  <testcase classname="com.timp.test.MDR.Empresas.EmpresaEditar" name="editar" time="139.961"/>
  <testcase classname="com.timp.test.MDR.Empresas.EmpresasVisualizar" name="visualizar" time="73.27"/>
  <testcase classname="com.timp.test.MDR.Empresas.EmpresasDetalhes" name="detalhes" time="77.187"/>
  <testcase classname="com.timp.test.MDR.Empresas.EmpresasFiltros" name="filtros" time="52.702">
    <failure type="java.lang.AssertionError" message="The results in the filter aren&amp;apos;t equal expected [true] but found [false]">
      <![CDATA[java.lang.AssertionError: The results in the filter aren't equal expected [true] but found [false]
at com.timp.test.MDR.Empresas.EmpresasFiltros.filtros(EmpresasFiltros.java:45)
... Removed 28 stack frames]]>
    </failure>
  </testcase> <!-- filtros -->
</testsuite> <!-- Empresas -->
