<?xml version="1.0" encoding="UTF-8"?>
<!-- Generated by org.testng.reporters.JUnitXMLReporter -->
<testsuite ignored="0" hostname="DESKTOP-C57COV6" failures="0" tests="4" name="Empresas" time="445.774" errors="0" timestamp="18 may. 2021 01:08:54 GMT">
  <testcase classname="com.timp.test.MDR.Empresas.EmpresaEditar" name="editar" time="125.338"/>
  <testcase classname="com.timp.test.MDR.Empresas.EmpresasVisualizar" name="visualizar" time="83.517"/>
  <testcase classname="com.timp.test.MDR.Empresas.EmpresasDetalhes" name="detalhes" time="89.746"/>
  <testcase classname="com.timp.test.MDR.Empresas.EmpresasFiltros" name="filtros" time="79.398"/>
</testsuite> <!-- Empresas -->
