<?xml version="1.0" encoding="UTF-8"?>
<!-- Generated by org.testng.reporters.JUnitXMLReporter -->
<testsuite ignored="0" hostname="DESKTOP-C57COV6" failures="1" tests="4" name="Empresas" time="394.585" errors="0" timestamp="08 abr. 2021 18:50:20 GMT">
  <testcase classname="com.timp.test.MDR.Empresas.EmpresaEditar" name="editar" time="134.926"/>
  <testcase classname="com.timp.test.MDR.Empresas.EmpresasVisualizar" name="visualizar" time="70.979"/>
  <testcase classname="com.timp.test.MDR.Empresas.EmpresasDetalhes" name="detalhes" time="78.079"/>
  <testcase classname="com.timp.test.MDR.Empresas.EmpresasFiltros" name="filtros" time="53.728">
    <failure type="java.lang.AssertionError" message="The results in the filter aren&amp;apos;t equal expected [true] but found [false]">
      <![CDATA[java.lang.AssertionError: The results in the filter aren't equal expected [true] but found [false]
at com.timp.test.MDR.Empresas.EmpresasFiltros.filtros(EmpresasFiltros.java:45)
... Removed 28 stack frames]]>
    </failure>
  </testcase> <!-- filtros -->
</testsuite> <!-- Empresas -->
