<?xml version="1.0" encoding="UTF-8"?>
<!-- Generated by org.testng.reporters.JUnitXMLReporter -->
<testsuite ignored="0" hostname="MassielV" failures="1" tests="2" name="ExcluirRelatorio" time="414.538" errors="0" timestamp="22 oct. 2021 20:44:05 GMT">
  <testcase classname="com.timp.test.BRB.ExcluirRelatorio" name="eliminar" time="243.694"/>
  <testcase classname="com.timp.test.BRB.ExcluirRelatorio" name="eliminarLixeira" time="44.383">
    <failure type="java.lang.AssertionError" message="O elemento não foi deletado expected [true] but found [false]">
      <![CDATA[java.lang.AssertionError: O elemento não foi deletado expected [true] but found [false]
at com.timp.test.BRB.ExcluirRelatorio.eliminarLixeira(ExcluirRelatorio.java:55)
... Removed 28 stack frames]]>
    </failure>
  </testcase> <!-- eliminarLixeira -->
</testsuite> <!-- ExcluirRelatorio -->
