<?xml version="1.0" encoding="UTF-8"?>
<!-- Generated by org.testng.reporters.JUnitXMLReporter -->
<testsuite ignored="0" hostname="DESKTOP-JP1A9E6" failures="1" tests="2" name="ExcluirRelatorio" time="169.671" errors="0" timestamp="05 ago. 2021 15:42:35 GMT">
  <testcase classname="com.timp.test.BRB.ExcluirRelatorio" name="eliminar" time="95.971"/>
  <testcase classname="com.timp.test.BRB.ExcluirRelatorio" name="eliminarLixeira" time="44.108">
    <failure type="java.lang.AssertionError" message="O elemento não foi deletado expected [true] but found [false]">
      <![CDATA[java.lang.AssertionError: O elemento não foi deletado expected [true] but found [false]
at com.timp.test.BRB.ExcluirRelatorio.eliminarLixeira(ExcluirRelatorio.java:55)
... Removed 28 stack frames]]>
    </failure>
  </testcase> <!-- eliminarLixeira -->
</testsuite> <!-- ExcluirRelatorio -->
