<?xml version="1.0" encoding="UTF-8"?>
<!-- Generated by org.testng.reporters.JUnitXMLReporter -->
<testsuite ignored="0" hostname="DESKTOP-C57COV6" failures="1" tests="2" name="ExcluirRelatorio" time="561.791" errors="0" timestamp="05 oct. 2021 16:38:35 GMT">
  <testcase classname="com.timp.test.BRB.ExcluirRelatorio" name="eliminar" time="446.844"/>
  <testcase classname="com.timp.test.BRB.ExcluirRelatorio" name="eliminarLixeira" time="65.021">
    <failure type="java.lang.AssertionError" message="O elemento não foi deletado expected [true] but found [false]">
      <![CDATA[java.lang.AssertionError: O elemento não foi deletado expected [true] but found [false]
at com.timp.test.BRB.ExcluirRelatorio.eliminarLixeira(ExcluirRelatorio.java:55)
... Removed 28 stack frames]]>
    </failure>
  </testcase> <!-- eliminarLixeira -->
</testsuite> <!-- ExcluirRelatorio -->
