<?xml version="1.0" encoding="UTF-8"?>
<!-- Generated by org.testng.reporters.JUnitXMLReporter -->
<testsuite ignored="0" hostname="DESKTOP-M23FVFN" failures="0" tests="2" name="FiltroColunas" time="550.719" errors="0" timestamp="10 may. 2022 17:47:19 GMT">
  <testcase classname="com.timp.test.BRB.FiltroColunas" name="filtroConFerramenta1" time="476.617"/>
  <testcase classname="com.timp.test.BRB.FiltroColunas" name="filtroConFerramenta2" time="64.229"/>
</testsuite> <!-- FiltroColunas -->
