<?xml version="1.0" encoding="UTF-8"?>
<!-- Generated by org.testng.reporters.JUnitXMLReporter -->
<testsuite ignored="0" hostname="DESKTOP-JP1A9E6" failures="0" tests="2" name="FiltroColunas" time="149.502" errors="0" timestamp="15 jun. 2021 04:50:47 GMT">
  <testcase classname="com.timp.test.BRB.FiltroColunas" name="filtroConFerramenta1" time="106.082"/>
  <testcase classname="com.timp.test.BRB.FiltroColunas" name="filtroConFerramenta2" time="25.297"/>
</testsuite> <!-- FiltroColunas -->
