<?xml version="1.0" encoding="UTF-8"?>
<!-- Generated by org.testng.reporters.JUnitXMLReporter -->
<testsuite ignored="0" hostname="DESKTOP-M23FVFN" failures="0" tests="2" name="FiltroColunas" time="170.961" errors="0" timestamp="22 dic. 2021 22:38:03 GMT">
  <testcase classname="com.timp.test.BRB.FiltroColunas" name="filtroConFerramenta1" time="127.865"/>
  <testcase classname="com.timp.test.BRB.FiltroColunas" name="filtroConFerramenta2" time="28.061"/>
</testsuite> <!-- FiltroColunas -->
