<?xml version="1.0" encoding="UTF-8"?>
<!-- Generated by org.testng.reporters.JUnitXMLReporter -->
<testsuite ignored="0" hostname="DESKTOP-M23FVFN" failures="0" tests="2" name="FiltroColunas" time="282.544" errors="0" timestamp="08 dic. 2021 22:46:17 GMT">
  <testcase classname="com.timp.test.BRB.FiltroColunas" name="filtroConFerramenta1" time="198.596"/>
  <testcase classname="com.timp.test.BRB.FiltroColunas" name="filtroConFerramenta2" time="29.118"/>
</testsuite> <!-- FiltroColunas -->
