<?xml version="1.0" encoding="UTF-8"?>
<!-- Generated by org.testng.reporters.JUnitXMLReporter -->
<testsuite ignored="0" hostname="DESKTOP-JP1A9E6" failures="0" tests="2" name="FiltroColunas" time="172.241" errors="0" timestamp="13 sep. 2021 22:14:37 GMT">
  <testcase classname="com.timp.test.BRB.FiltroColunas" name="filtroConFerramenta1" time="123.059"/>
  <testcase classname="com.timp.test.BRB.FiltroColunas" name="filtroConFerramenta2" time="26.781"/>
</testsuite> <!-- FiltroColunas -->
