<?xml version="1.0" encoding="UTF-8"?>
<!-- Generated by org.testng.reporters.JUnitXMLReporter -->
<testsuite hostname="LitoSoler" ignored="0" name="FormatacaoEVariante" tests="2" failures="0" timestamp="24 feb 2021 15:58:15 GMT" time="184.964" errors="0">
  <testcase name="formatacaoEVariante" time="139.71" classname="com.timp.test.BRB.FormatacaoEVariante"/>
  <testcase name="excluirVariante" time="29.489" classname="com.timp.test.BRB.FormatacaoEVariante"/>
</testsuite> <!-- FormatacaoEVariante -->
