<?xml version="1.0" encoding="UTF-8"?>
<!-- Generated by org.testng.reporters.JUnitXMLReporter -->
<testsuite ignored="0" hostname="DESKTOP-M23FVFN" failures="0" tests="2" name="FormatacaoEVariante" time="322.463" errors="0" timestamp="11 mar. 2022 14:43:43 GMT">
  <testcase classname="com.timp.test.BRB.FormatacaoEVariante" name="formatacaoEVariante" time="240.966"/>
  <testcase classname="com.timp.test.BRB.FormatacaoEVariante" name="excluirVariante" time="42.742"/>
</testsuite> <!-- FormatacaoEVariante -->
