<?xml version="1.0" encoding="UTF-8"?>
<!-- Generated by org.testng.reporters.JUnitXMLReporter -->
<testsuite ignored="0" hostname="MIGUEL" failures="0" tests="2" name="FormatacaoEVariante" time="160.933" errors="0" timestamp="31 mar. 2021 00:18:20 GMT">
  <testcase classname="com.timp.test.BRB.FormatacaoEVariante" name="formatacaoEVariante" time="121.329"/>
  <testcase classname="com.timp.test.BRB.FormatacaoEVariante" name="excluirVariante" time="23.726"/>
</testsuite> <!-- FormatacaoEVariante -->
