<?xml version="1.0" encoding="UTF-8"?>
<!-- Generated by org.testng.reporters.JUnitXMLReporter -->
<testsuite ignored="0" hostname="MIGUEL" failures="0" tests="2" name="FormatacaoEVariante" time="202.023" errors="0" timestamp="17 abr. 2021 20:14:32 GMT">
  <testcase classname="com.timp.test.BRB.FormatacaoEVariante" name="formatacaoEVariante" time="154.1"/>
  <testcase classname="com.timp.test.BRB.FormatacaoEVariante" name="excluirVariante" time="31.681"/>
</testsuite> <!-- FormatacaoEVariante -->
