<?xml version="1.0" encoding="UTF-8"?>
<!-- Generated by org.testng.reporters.JUnitXMLReporter -->
<testsuite ignored="0" hostname="MassielV" failures="0" tests="2" name="FormatacaoEVariante" time="557.624" errors="0" timestamp="10 nov. 2021 21:57:56 GMT">
  <testcase classname="com.timp.test.BRB.FormatacaoEVariante" name="formatacaoEVariante" time="471.161"/>
  <testcase classname="com.timp.test.BRB.FormatacaoEVariante" name="excluirVariante" time="44.565"/>
</testsuite> <!-- FormatacaoEVariante -->
