<?xml version="1.0" encoding="UTF-8"?>
<!-- Generated by org.testng.reporters.JUnitXMLReporter -->
<testsuite ignored="0" hostname="DESKTOP-JP1A9E6" failures="0" tests="2" name="FormatacaoEVariante" time="274.631" errors="0" timestamp="15 jun. 2021 04:48:17 GMT">
  <testcase classname="com.timp.test.BRB.FormatacaoEVariante" name="formatacaoEVariante" time="205.53"/>
  <testcase classname="com.timp.test.BRB.FormatacaoEVariante" name="excluirVariante" time="34.53"/>
</testsuite> <!-- FormatacaoEVariante -->
