<?xml version="1.0" encoding="UTF-8"?>
<!-- Generated by org.testng.reporters.JUnitXMLReporter -->
<testsuite ignored="0" hostname="Agile" failures="0" tests="2" name="FormatacaoEVariante" time="365.664" errors="0" timestamp="2022-06-06T12:18:57 CST">
  <testcase classname="com.timp.test.BRB.FormatacaoEVariante" name="formatacaoEVariante" time="281.063"/>
  <testcase classname="com.timp.test.BRB.FormatacaoEVariante" name="excluirVariante" time="56.313"/>
</testsuite> <!-- FormatacaoEVariante -->
