<?xml version="1.0" encoding="UTF-8"?>
<!-- Generated by org.testng.reporters.JUnitXMLReporter -->
<testsuite ignored="0" hostname="DESKTOP-JP1A9E6" failures="0" tests="2" name="FormatacaoEVariante" time="267.063" errors="0" timestamp="01 sep. 2021 17:42:16 GMT">
  <testcase classname="com.timp.test.BRB.FormatacaoEVariante" name="formatacaoEVariante" time="202.161"/>
  <testcase classname="com.timp.test.BRB.FormatacaoEVariante" name="excluirVariante" time="39.169"/>
</testsuite> <!-- FormatacaoEVariante -->
