<?xml version="1.0" encoding="UTF-8"?>
<!-- Generated by org.testng.reporters.JUnitXMLReporter -->
<testsuite ignored="0" hostname="Agile" failures="0" tests="2" name="FormatacaoEVariante" time="368.994" errors="0" timestamp="14 feb. 2022 22:12:39 GMT">
  <testcase classname="com.timp.test.BRB.FormatacaoEVariante" name="formatacaoEVariante" time="268.461"/>
  <testcase classname="com.timp.test.BRB.FormatacaoEVariante" name="excluirVariante" time="44.894"/>
</testsuite> <!-- FormatacaoEVariante -->
