<?xml version="1.0" encoding="UTF-8"?>
<!-- Generated by org.testng.reporters.JUnitXMLReporter -->
<testsuite ignored="0" hostname="DESKTOP-JP1A9E6" failures="0" tests="2" name="FormatacaoEVariante" time="246.005" errors="0" timestamp="24 ago. 2021 05:29:38 GMT">
  <testcase classname="com.timp.test.BRB.FormatacaoEVariante" name="formatacaoEVariante" time="194.243"/>
  <testcase classname="com.timp.test.BRB.FormatacaoEVariante" name="excluirVariante" time="37.799"/>
</testsuite> <!-- FormatacaoEVariante -->
