<?xml version="1.0" encoding="UTF-8"?>
<!-- Generated by org.testng.reporters.JUnitXMLReporter -->
<testsuite ignored="0" hostname="EC2AMAZ-8HCHO4G" failures="5" tests="5" name="Gestao De Credito Tributario ICMS &gt; Configuracao E Execucao Painel Credito ICMS" time="294.171" errors="0" timestamp="2024-09-11T18:26:07 UTC">
  <testcase classname="com.timp.test.TCC.GestaoDeCreditoTributarioICMS.ConfiguracaoEExecucaoPainelCreditoICMS.ConfiguracaoEExecucaoPainelCreditoICMSCriar" name="criar" time="78.757">
    <failure type="org.openqa.selenium.NoSuchElementException" message="no such element: Unable to locate element: {&amp;quot;method&amp;quot;:&amp;quot;xpath&amp;quot;,&amp;quot;selector&amp;quot;:&amp;quot;//div[@id=&amp;quot;1000_RJ_0001&amp;quot;]&amp;quot;}
  (Session info: chrome=127.0.6533.100)
For documentation on this error, please visit: https://www.seleniumhq.org/exceptions/no_such_element.html
Build info: version: &amp;apos;3.141.59&amp;apos;, revision: &amp;apos;e82be7d358&amp;apos;, time: &amp;apos;2018-11-14T08:17:03&amp;apos;
System info: host: &amp;apos;EC2AMAZ-8HCHO4G&amp;apos;, ip: &amp;apos;10.0.0.249&amp;apos;, os.name: &amp;apos;Windows Server 2019&amp;apos;, os.arch: &amp;apos;amd64&amp;apos;, os.version: &amp;apos;10.0&amp;apos;, java.version: &amp;apos;17.0.4.1&amp;apos;
Driver info: org.openqa.selenium.chrome.ChromeDriver
Capabilities {acceptInsecureCerts: false, browserName: chrome, browserVersion: 127.0.6533.100, chrome: {chromedriverVersion: 127.0.6533.88 (a2d0cb026721..., userDataDir: C:\Users\user_ta\AppData\Lo...}, fedcm:accounts: true, goog:chromeOptions: {debuggerAddress: localhost:52946}, javascriptEnabled: true, networkConnectionEnabled: false, pageLoadStrategy: normal, platform: WINDOWS, platformName: WINDOWS, proxy: Proxy(), setWindowRect: true, strictFileInteractability: false, timeouts: {implicit: 0, pageLoad: 300000, script: 30000}, unhandledPromptBehavior: dismiss and notify, webauthn:extension:credBlob: true, webauthn:extension:largeBlob: true, webauthn:extension:minPinLength: true, webauthn:extension:prf: true, webauthn:virtualAuthenticators: true}
Session ID: 138f0b6a51f4d07b93c3eeb98ba25ec5
*** Element info: {Using=xpath, value=//div[@id=&amp;quot;1000_RJ_0001&amp;quot;]}">
      <![CDATA[org.openqa.selenium.NoSuchElementException: no such element: Unable to locate element: {"method":"xpath","selector":"//div[@id="1000_RJ_0001"]"}
  (Session info: chrome=127.0.6533.100)
For documentation on this error, please visit: https://www.seleniumhq.org/exceptions/no_such_element.html
Build info: version: '3.141.59', revision: 'e82be7d358', time: '2018-11-14T08:17:03'
System info: host: 'EC2AMAZ-8HCHO4G', ip: '10.0.0.249', os.name: 'Windows Server 2019', os.arch: 'amd64', os.version: '10.0', java.version: '17.0.4.1'
Driver info: org.openqa.selenium.chrome.ChromeDriver
Capabilities {acceptInsecureCerts: false, browserName: chrome, browserVersion: 127.0.6533.100, chrome: {chromedriverVersion: 127.0.6533.88 (a2d0cb026721..., userDataDir: C:\Users\user_ta\AppData\Lo...}, fedcm:accounts: true, goog:chromeOptions: {debuggerAddress: localhost:52946}, javascriptEnabled: true, networkConnectionEnabled: false, pageLoadStrategy: normal, platform: WINDOWS, platformName: WINDOWS, proxy: Proxy(), setWindowRect: true, strictFileInteractability: false, timeouts: {implicit: 0, pageLoad: 300000, script: 30000}, unhandledPromptBehavior: dismiss and notify, webauthn:extension:credBlob: true, webauthn:extension:largeBlob: true, webauthn:extension:minPinLength: true, webauthn:extension:prf: true, webauthn:virtualAuthenticators: true}
Session ID: 138f0b6a51f4d07b93c3eeb98ba25ec5
*** Element info: {Using=xpath, value=//div[@id="1000_RJ_0001"]}
at org.openqa.selenium.remote.http.W3CHttpResponseCodec.createException(W3CHttpResponseCodec.java:187)
at org.openqa.selenium.remote.http.W3CHttpResponseCodec.decode(W3CHttpResponseCodec.java:122)
at org.openqa.selenium.remote.http.W3CHttpResponseCodec.decode(W3CHttpResponseCodec.java:49)
at org.openqa.selenium.remote.HttpCommandExecutor.execute(HttpCommandExecutor.java:158)
at org.openqa.selenium.remote.service.DriverCommandExecutor.execute(DriverCommandExecutor.java:83)
at org.openqa.selenium.remote.RemoteWebDriver.execute(RemoteWebDriver.java:552)
at org.openqa.selenium.remote.RemoteWebDriver.findElement(RemoteWebDriver.java:323)
at org.openqa.selenium.remote.RemoteWebDriver.findElementByXPath(RemoteWebDriver.java:428)
at org.openqa.selenium.By$ByXPath.findElement(By.java:353)
at org.openqa.selenium.remote.RemoteWebDriver.findElement(RemoteWebDriver.java:315)
at org.openqa.selenium.support.pagefactory.DefaultElementLocator.findElement(DefaultElementLocator.java:69)
at org.openqa.selenium.support.pagefactory.internal.LocatingElementHandler.invoke(LocatingElementHandler.java:38)
at jdk.proxy2/jdk.proxy2.$Proxy12.click(Unknown Source)
at com.sap.timp.pageObjectModel.TCC.GestaoDeCreditoTributarioICMS.ConfiguracaoEExecucaoPainelCreditoICMS.ConfiguracaoEExecucaoPainelCreditoICMSCriarPO.criar(ConfiguracaoEExecucaoPainelCreditoICMSCriarPO.java:141)
at com.timp.test.TCC.GestaoDeCreditoTributarioICMS.ConfiguracaoEExecucaoPainelCreditoICMS.ConfiguracaoEExecucaoPainelCreditoICMSCriar.criar(ConfiguracaoEExecucaoPainelCreditoICMSCriar.java:42)
at java.base/java.util.ArrayList.forEach(ArrayList.java:1511)
... Removed 31 stack frames]]>
    </failure>
  </testcase> <!-- criar -->
  <testcase classname="com.timp.test.TCC.GestaoDeCreditoTributarioICMS.ConfiguracaoEExecucaoPainelCreditoICMS.ConfiguracaoEExecucaoPainelCreditoICMSEditar" name="editar" time="43.003">
    <failure type="org.openqa.selenium.NoSuchElementException" message="no such element: Unable to locate element: {&amp;quot;method&amp;quot;:&amp;quot;xpath&amp;quot;,&amp;quot;selector&amp;quot;:&amp;quot;//div[@data-id=&amp;quot;218&amp;quot;]/div[1]/div&amp;quot;}
  (Session info: chrome=127.0.6533.100)
For documentation on this error, please visit: https://www.seleniumhq.org/exceptions/no_such_element.html
Build info: version: &amp;apos;3.141.59&amp;apos;, revision: &amp;apos;e82be7d358&amp;apos;, time: &amp;apos;2018-11-14T08:17:03&amp;apos;
System info: host: &amp;apos;EC2AMAZ-8HCHO4G&amp;apos;, ip: &amp;apos;10.0.0.249&amp;apos;, os.name: &amp;apos;Windows Server 2019&amp;apos;, os.arch: &amp;apos;amd64&amp;apos;, os.version: &amp;apos;10.0&amp;apos;, java.version: &amp;apos;17.0.4.1&amp;apos;
Driver info: org.openqa.selenium.chrome.ChromeDriver
Capabilities {acceptInsecureCerts: false, browserName: chrome, browserVersion: 127.0.6533.100, chrome: {chromedriverVersion: 127.0.6533.88 (a2d0cb026721..., userDataDir: C:\Users\user_ta\AppData\Lo...}, fedcm:accounts: true, goog:chromeOptions: {debuggerAddress: localhost:53075}, javascriptEnabled: true, networkConnectionEnabled: false, pageLoadStrategy: normal, platform: WINDOWS, platformName: WINDOWS, proxy: Proxy(), setWindowRect: true, strictFileInteractability: false, timeouts: {implicit: 0, pageLoad: 300000, script: 30000}, unhandledPromptBehavior: dismiss and notify, webauthn:extension:credBlob: true, webauthn:extension:largeBlob: true, webauthn:extension:minPinLength: true, webauthn:extension:prf: true, webauthn:virtualAuthenticators: true}
Session ID: b41593cd709e81d998059e1159f1c3ef
*** Element info: {Using=xpath, value=//div[@data-id=&amp;quot;218&amp;quot;]/div[1]/div}">
      <![CDATA[org.openqa.selenium.NoSuchElementException: no such element: Unable to locate element: {"method":"xpath","selector":"//div[@data-id="218"]/div[1]/div"}
  (Session info: chrome=127.0.6533.100)
For documentation on this error, please visit: https://www.seleniumhq.org/exceptions/no_such_element.html
Build info: version: '3.141.59', revision: 'e82be7d358', time: '2018-11-14T08:17:03'
System info: host: 'EC2AMAZ-8HCHO4G', ip: '10.0.0.249', os.name: 'Windows Server 2019', os.arch: 'amd64', os.version: '10.0', java.version: '17.0.4.1'
Driver info: org.openqa.selenium.chrome.ChromeDriver
Capabilities {acceptInsecureCerts: false, browserName: chrome, browserVersion: 127.0.6533.100, chrome: {chromedriverVersion: 127.0.6533.88 (a2d0cb026721..., userDataDir: C:\Users\user_ta\AppData\Lo...}, fedcm:accounts: true, goog:chromeOptions: {debuggerAddress: localhost:53075}, javascriptEnabled: true, networkConnectionEnabled: false, pageLoadStrategy: normal, platform: WINDOWS, platformName: WINDOWS, proxy: Proxy(), setWindowRect: true, strictFileInteractability: false, timeouts: {implicit: 0, pageLoad: 300000, script: 30000}, unhandledPromptBehavior: dismiss and notify, webauthn:extension:credBlob: true, webauthn:extension:largeBlob: true, webauthn:extension:minPinLength: true, webauthn:extension:prf: true, webauthn:virtualAuthenticators: true}
Session ID: b41593cd709e81d998059e1159f1c3ef
*** Element info: {Using=xpath, value=//div[@data-id="218"]/div[1]/div}
at org.openqa.selenium.remote.http.W3CHttpResponseCodec.createException(W3CHttpResponseCodec.java:187)
at org.openqa.selenium.remote.http.W3CHttpResponseCodec.decode(W3CHttpResponseCodec.java:122)
at org.openqa.selenium.remote.http.W3CHttpResponseCodec.decode(W3CHttpResponseCodec.java:49)
at org.openqa.selenium.remote.HttpCommandExecutor.execute(HttpCommandExecutor.java:158)
at org.openqa.selenium.remote.service.DriverCommandExecutor.execute(DriverCommandExecutor.java:83)
at org.openqa.selenium.remote.RemoteWebDriver.execute(RemoteWebDriver.java:552)
at org.openqa.selenium.remote.RemoteWebDriver.findElement(RemoteWebDriver.java:323)
at org.openqa.selenium.remote.RemoteWebDriver.findElementByXPath(RemoteWebDriver.java:428)
at org.openqa.selenium.By$ByXPath.findElement(By.java:353)
at org.openqa.selenium.remote.RemoteWebDriver.findElement(RemoteWebDriver.java:315)
at com.sap.timp.pageObjectModel.TCC.GestaoDeCreditoTributarioICMS.ConfiguracaoEExecucaoPainelCreditoICMS.ConfiguracaoEExecucaoPainelCreditoICMSEditarPO.Editar(ConfiguracaoEExecucaoPainelCreditoICMSEditarPO.java:63)
at com.timp.test.TCC.GestaoDeCreditoTributarioICMS.ConfiguracaoEExecucaoPainelCreditoICMS.ConfiguracaoEExecucaoPainelCreditoICMSEditar.editar(ConfiguracaoEExecucaoPainelCreditoICMSEditar.java:40)
at java.base/java.util.ArrayList.forEach(ArrayList.java:1511)
... Removed 31 stack frames]]>
    </failure>
  </testcase> <!-- editar -->
  <testcase classname="com.timp.test.TCC.GestaoDeCreditoTributarioICMS.ConfiguracaoEExecucaoPainelCreditoICMS.ConfiguracaoEExecucaoPainelCreditoICMSVisualizar" name="visualizar" time="46.726">
    <failure type="org.openqa.selenium.NoSuchElementException" message="no such element: Unable to locate element: {&amp;quot;method&amp;quot;:&amp;quot;xpath&amp;quot;,&amp;quot;selector&amp;quot;:&amp;quot;//div[@data-id=&amp;quot;218&amp;quot;]/div[1]/div&amp;quot;}
  (Session info: chrome=127.0.6533.100)
For documentation on this error, please visit: https://www.seleniumhq.org/exceptions/no_such_element.html
Build info: version: &amp;apos;3.141.59&amp;apos;, revision: &amp;apos;e82be7d358&amp;apos;, time: &amp;apos;2018-11-14T08:17:03&amp;apos;
System info: host: &amp;apos;EC2AMAZ-8HCHO4G&amp;apos;, ip: &amp;apos;10.0.0.249&amp;apos;, os.name: &amp;apos;Windows Server 2019&amp;apos;, os.arch: &amp;apos;amd64&amp;apos;, os.version: &amp;apos;10.0&amp;apos;, java.version: &amp;apos;17.0.4.1&amp;apos;
Driver info: org.openqa.selenium.chrome.ChromeDriver
Capabilities {acceptInsecureCerts: false, browserName: chrome, browserVersion: 127.0.6533.100, chrome: {chromedriverVersion: 127.0.6533.88 (a2d0cb026721..., userDataDir: C:\Users\user_ta\AppData\Lo...}, fedcm:accounts: true, goog:chromeOptions: {debuggerAddress: localhost:53168}, javascriptEnabled: true, networkConnectionEnabled: false, pageLoadStrategy: normal, platform: WINDOWS, platformName: WINDOWS, proxy: Proxy(), setWindowRect: true, strictFileInteractability: false, timeouts: {implicit: 0, pageLoad: 300000, script: 30000}, unhandledPromptBehavior: dismiss and notify, webauthn:extension:credBlob: true, webauthn:extension:largeBlob: true, webauthn:extension:minPinLength: true, webauthn:extension:prf: true, webauthn:virtualAuthenticators: true}
Session ID: f18a85b9562fee6ff4a7c52066842f62
*** Element info: {Using=xpath, value=//div[@data-id=&amp;quot;218&amp;quot;]/div[1]/div}">
      <![CDATA[org.openqa.selenium.NoSuchElementException: no such element: Unable to locate element: {"method":"xpath","selector":"//div[@data-id="218"]/div[1]/div"}
  (Session info: chrome=127.0.6533.100)
For documentation on this error, please visit: https://www.seleniumhq.org/exceptions/no_such_element.html
Build info: version: '3.141.59', revision: 'e82be7d358', time: '2018-11-14T08:17:03'
System info: host: 'EC2AMAZ-8HCHO4G', ip: '10.0.0.249', os.name: 'Windows Server 2019', os.arch: 'amd64', os.version: '10.0', java.version: '17.0.4.1'
Driver info: org.openqa.selenium.chrome.ChromeDriver
Capabilities {acceptInsecureCerts: false, browserName: chrome, browserVersion: 127.0.6533.100, chrome: {chromedriverVersion: 127.0.6533.88 (a2d0cb026721..., userDataDir: C:\Users\user_ta\AppData\Lo...}, fedcm:accounts: true, goog:chromeOptions: {debuggerAddress: localhost:53168}, javascriptEnabled: true, networkConnectionEnabled: false, pageLoadStrategy: normal, platform: WINDOWS, platformName: WINDOWS, proxy: Proxy(), setWindowRect: true, strictFileInteractability: false, timeouts: {implicit: 0, pageLoad: 300000, script: 30000}, unhandledPromptBehavior: dismiss and notify, webauthn:extension:credBlob: true, webauthn:extension:largeBlob: true, webauthn:extension:minPinLength: true, webauthn:extension:prf: true, webauthn:virtualAuthenticators: true}
Session ID: f18a85b9562fee6ff4a7c52066842f62
*** Element info: {Using=xpath, value=//div[@data-id="218"]/div[1]/div}
at org.openqa.selenium.remote.http.W3CHttpResponseCodec.createException(W3CHttpResponseCodec.java:187)
at org.openqa.selenium.remote.http.W3CHttpResponseCodec.decode(W3CHttpResponseCodec.java:122)
at org.openqa.selenium.remote.http.W3CHttpResponseCodec.decode(W3CHttpResponseCodec.java:49)
at org.openqa.selenium.remote.HttpCommandExecutor.execute(HttpCommandExecutor.java:158)
at org.openqa.selenium.remote.service.DriverCommandExecutor.execute(DriverCommandExecutor.java:83)
at org.openqa.selenium.remote.RemoteWebDriver.execute(RemoteWebDriver.java:552)
at org.openqa.selenium.remote.RemoteWebDriver.findElement(RemoteWebDriver.java:323)
at org.openqa.selenium.remote.RemoteWebDriver.findElementByXPath(RemoteWebDriver.java:428)
at org.openqa.selenium.By$ByXPath.findElement(By.java:353)
at org.openqa.selenium.remote.RemoteWebDriver.findElement(RemoteWebDriver.java:315)
at com.sap.timp.pageObjectModel.TCC.GestaoDeCreditoTributarioICMS.ConfiguracaoEExecucaoPainelCreditoICMS.ConfiguracaoEExecucaoPainelCreditoICMSVisualizarPO.visualizar(ConfiguracaoEExecucaoPainelCreditoICMSVisualizarPO.java:88)
at com.timp.test.TCC.GestaoDeCreditoTributarioICMS.ConfiguracaoEExecucaoPainelCreditoICMS.ConfiguracaoEExecucaoPainelCreditoICMSVisualizar.visualizar(ConfiguracaoEExecucaoPainelCreditoICMSVisualizar.java:42)
at java.base/java.util.ArrayList.forEach(ArrayList.java:1511)
... Removed 31 stack frames]]>
    </failure>
  </testcase> <!-- visualizar -->
  <testcase classname="com.timp.test.TCC.GestaoDeCreditoTributarioICMS.ConfiguracaoEExecucaoPainelCreditoICMS.ConfiguracaoEExecucaoPainelCreditoICMSFiltrosAvansados" name="filtros" time="42.988">
    <failure type="org.openqa.selenium.NoSuchElementException" message="no such element: Unable to locate element: {&amp;quot;method&amp;quot;:&amp;quot;xpath&amp;quot;,&amp;quot;selector&amp;quot;:&amp;quot;//div[contains(@class,&amp;quot;tbody&amp;quot;)]/div[contains(@class,&amp;quot;tr&amp;quot;) and @data-id=&amp;quot;218&amp;quot;]/div[3]/div&amp;quot;}
  (Session info: chrome=127.0.6533.100)
For documentation on this error, please visit: https://www.seleniumhq.org/exceptions/no_such_element.html
Build info: version: &amp;apos;3.141.59&amp;apos;, revision: &amp;apos;e82be7d358&amp;apos;, time: &amp;apos;2018-11-14T08:17:03&amp;apos;
System info: host: &amp;apos;EC2AMAZ-8HCHO4G&amp;apos;, ip: &amp;apos;10.0.0.249&amp;apos;, os.name: &amp;apos;Windows Server 2019&amp;apos;, os.arch: &amp;apos;amd64&amp;apos;, os.version: &amp;apos;10.0&amp;apos;, java.version: &amp;apos;17.0.4.1&amp;apos;
Driver info: org.openqa.selenium.chrome.ChromeDriver
Capabilities {acceptInsecureCerts: false, browserName: chrome, browserVersion: 127.0.6533.100, chrome: {chromedriverVersion: 127.0.6533.88 (a2d0cb026721..., userDataDir: C:\Users\user_ta\AppData\Lo...}, fedcm:accounts: true, goog:chromeOptions: {debuggerAddress: localhost:53275}, javascriptEnabled: true, networkConnectionEnabled: false, pageLoadStrategy: normal, platform: WINDOWS, platformName: WINDOWS, proxy: Proxy(), setWindowRect: true, strictFileInteractability: false, timeouts: {implicit: 0, pageLoad: 300000, script: 30000}, unhandledPromptBehavior: dismiss and notify, webauthn:extension:credBlob: true, webauthn:extension:largeBlob: true, webauthn:extension:minPinLength: true, webauthn:extension:prf: true, webauthn:virtualAuthenticators: true}
Session ID: d85ea0336394752ed372714bc0e936a9
*** Element info: {Using=xpath, value=//div[contains(@class,&amp;quot;tbody&amp;quot;)]/div[contains(@class,&amp;quot;tr&amp;quot;) and @data-id=&amp;quot;218&amp;quot;]/div[3]/div}">
      <![CDATA[org.openqa.selenium.NoSuchElementException: no such element: Unable to locate element: {"method":"xpath","selector":"//div[contains(@class,"tbody")]/div[contains(@class,"tr") and @data-id="218"]/div[3]/div"}
  (Session info: chrome=127.0.6533.100)
For documentation on this error, please visit: https://www.seleniumhq.org/exceptions/no_such_element.html
Build info: version: '3.141.59', revision: 'e82be7d358', time: '2018-11-14T08:17:03'
System info: host: 'EC2AMAZ-8HCHO4G', ip: '10.0.0.249', os.name: 'Windows Server 2019', os.arch: 'amd64', os.version: '10.0', java.version: '17.0.4.1'
Driver info: org.openqa.selenium.chrome.ChromeDriver
Capabilities {acceptInsecureCerts: false, browserName: chrome, browserVersion: 127.0.6533.100, chrome: {chromedriverVersion: 127.0.6533.88 (a2d0cb026721..., userDataDir: C:\Users\user_ta\AppData\Lo...}, fedcm:accounts: true, goog:chromeOptions: {debuggerAddress: localhost:53275}, javascriptEnabled: true, networkConnectionEnabled: false, pageLoadStrategy: normal, platform: WINDOWS, platformName: WINDOWS, proxy: Proxy(), setWindowRect: true, strictFileInteractability: false, timeouts: {implicit: 0, pageLoad: 300000, script: 30000}, unhandledPromptBehavior: dismiss and notify, webauthn:extension:credBlob: true, webauthn:extension:largeBlob: true, webauthn:extension:minPinLength: true, webauthn:extension:prf: true, webauthn:virtualAuthenticators: true}
Session ID: d85ea0336394752ed372714bc0e936a9
*** Element info: {Using=xpath, value=//div[contains(@class,"tbody")]/div[contains(@class,"tr") and @data-id="218"]/div[3]/div}
at org.openqa.selenium.remote.http.W3CHttpResponseCodec.createException(W3CHttpResponseCodec.java:187)
at org.openqa.selenium.remote.http.W3CHttpResponseCodec.decode(W3CHttpResponseCodec.java:122)
at org.openqa.selenium.remote.http.W3CHttpResponseCodec.decode(W3CHttpResponseCodec.java:49)
at org.openqa.selenium.remote.HttpCommandExecutor.execute(HttpCommandExecutor.java:158)
at org.openqa.selenium.remote.service.DriverCommandExecutor.execute(DriverCommandExecutor.java:83)
at org.openqa.selenium.remote.RemoteWebDriver.execute(RemoteWebDriver.java:552)
at org.openqa.selenium.remote.RemoteWebDriver.findElement(RemoteWebDriver.java:323)
at org.openqa.selenium.remote.RemoteWebDriver.findElementByXPath(RemoteWebDriver.java:428)
at org.openqa.selenium.By$ByXPath.findElement(By.java:353)
at org.openqa.selenium.remote.RemoteWebDriver.findElement(RemoteWebDriver.java:315)
at com.sap.timp.pageObjectModel.TCC.GestaoDeCreditoTributarioICMS.ConfiguracaoEExecucaoPainelCreditoICMS.ConfiguracaoEExecucaoPainelCreditoICMSFiltrosAvansadosPO.Filtros(ConfiguracaoEExecucaoPainelCreditoICMSFiltrosAvansadosPO.java:100)
at com.timp.test.TCC.GestaoDeCreditoTributarioICMS.ConfiguracaoEExecucaoPainelCreditoICMS.ConfiguracaoEExecucaoPainelCreditoICMSFiltrosAvansados.filtros(ConfiguracaoEExecucaoPainelCreditoICMSFiltrosAvansados.java:43)
at java.base/java.util.ArrayList.forEach(ArrayList.java:1511)
... Removed 31 stack frames]]>
    </failure>
  </testcase> <!-- filtros -->
  <testcase classname="com.timp.test.TCC.GestaoDeCreditoTributarioICMS.ConfiguracaoEExecucaoPainelCreditoICMS.ConfiguracaoEExecucaoPainelCreditoICMSExecutar" name="Executar" time="74.44">
    <failure type="org.openqa.selenium.NoSuchElementException" message="no such element: Unable to locate element: {&amp;quot;method&amp;quot;:&amp;quot;xpath&amp;quot;,&amp;quot;selector&amp;quot;:&amp;quot;//div[@data-id=&amp;quot;218&amp;quot;]/div[1]/div&amp;quot;}
  (Session info: chrome=127.0.6533.100)
For documentation on this error, please visit: https://www.seleniumhq.org/exceptions/no_such_element.html
Build info: version: &amp;apos;3.141.59&amp;apos;, revision: &amp;apos;e82be7d358&amp;apos;, time: &amp;apos;2018-11-14T08:17:03&amp;apos;
System info: host: &amp;apos;EC2AMAZ-8HCHO4G&amp;apos;, ip: &amp;apos;10.0.0.249&amp;apos;, os.name: &amp;apos;Windows Server 2019&amp;apos;, os.arch: &amp;apos;amd64&amp;apos;, os.version: &amp;apos;10.0&amp;apos;, java.version: &amp;apos;17.0.4.1&amp;apos;
Driver info: org.openqa.selenium.chrome.ChromeDriver
Capabilities {acceptInsecureCerts: false, browserName: chrome, browserVersion: 127.0.6533.100, chrome: {chromedriverVersion: 127.0.6533.88 (a2d0cb026721..., userDataDir: C:\Users\user_ta\AppData\Lo...}, fedcm:accounts: true, goog:chromeOptions: {debuggerAddress: localhost:53363}, javascriptEnabled: true, networkConnectionEnabled: false, pageLoadStrategy: normal, platform: WINDOWS, platformName: WINDOWS, proxy: Proxy(), setWindowRect: true, strictFileInteractability: false, timeouts: {implicit: 0, pageLoad: 300000, script: 30000}, unhandledPromptBehavior: dismiss and notify, webauthn:extension:credBlob: true, webauthn:extension:largeBlob: true, webauthn:extension:minPinLength: true, webauthn:extension:prf: true, webauthn:virtualAuthenticators: true}
Session ID: 51694bf9e11322645ef1e3e9b1a09965
*** Element info: {Using=xpath, value=//div[@data-id=&amp;quot;218&amp;quot;]/div[1]/div}">
      <![CDATA[org.openqa.selenium.NoSuchElementException: no such element: Unable to locate element: {"method":"xpath","selector":"//div[@data-id="218"]/div[1]/div"}
  (Session info: chrome=127.0.6533.100)
For documentation on this error, please visit: https://www.seleniumhq.org/exceptions/no_such_element.html
Build info: version: '3.141.59', revision: 'e82be7d358', time: '2018-11-14T08:17:03'
System info: host: 'EC2AMAZ-8HCHO4G', ip: '10.0.0.249', os.name: 'Windows Server 2019', os.arch: 'amd64', os.version: '10.0', java.version: '17.0.4.1'
Driver info: org.openqa.selenium.chrome.ChromeDriver
Capabilities {acceptInsecureCerts: false, browserName: chrome, browserVersion: 127.0.6533.100, chrome: {chromedriverVersion: 127.0.6533.88 (a2d0cb026721..., userDataDir: C:\Users\user_ta\AppData\Lo...}, fedcm:accounts: true, goog:chromeOptions: {debuggerAddress: localhost:53363}, javascriptEnabled: true, networkConnectionEnabled: false, pageLoadStrategy: normal, platform: WINDOWS, platformName: WINDOWS, proxy: Proxy(), setWindowRect: true, strictFileInteractability: false, timeouts: {implicit: 0, pageLoad: 300000, script: 30000}, unhandledPromptBehavior: dismiss and notify, webauthn:extension:credBlob: true, webauthn:extension:largeBlob: true, webauthn:extension:minPinLength: true, webauthn:extension:prf: true, webauthn:virtualAuthenticators: true}
Session ID: 51694bf9e11322645ef1e3e9b1a09965
*** Element info: {Using=xpath, value=//div[@data-id="218"]/div[1]/div}
at org.openqa.selenium.remote.http.W3CHttpResponseCodec.createException(W3CHttpResponseCodec.java:187)
at org.openqa.selenium.remote.http.W3CHttpResponseCodec.decode(W3CHttpResponseCodec.java:122)
at org.openqa.selenium.remote.http.W3CHttpResponseCodec.decode(W3CHttpResponseCodec.java:49)
at org.openqa.selenium.remote.HttpCommandExecutor.execute(HttpCommandExecutor.java:158)
at org.openqa.selenium.remote.service.DriverCommandExecutor.execute(DriverCommandExecutor.java:83)
at org.openqa.selenium.remote.RemoteWebDriver.execute(RemoteWebDriver.java:552)
at org.openqa.selenium.remote.RemoteWebDriver.findElement(RemoteWebDriver.java:323)
at org.openqa.selenium.remote.RemoteWebDriver.findElementByXPath(RemoteWebDriver.java:428)
at org.openqa.selenium.By$ByXPath.findElement(By.java:353)
at org.openqa.selenium.remote.RemoteWebDriver.findElement(RemoteWebDriver.java:315)
at com.sap.timp.pageObjectModel.TCC.GestaoDeCreditoTributarioICMS.ConfiguracaoEExecucaoPainelCreditoICMS.ConfiguracaoEExecucaoPainelCreditoICMSExecutarPO.Executar(ConfiguracaoEExecucaoPainelCreditoICMSExecutarPO.java:117)
at com.timp.test.TCC.GestaoDeCreditoTributarioICMS.ConfiguracaoEExecucaoPainelCreditoICMS.ConfiguracaoEExecucaoPainelCreditoICMSExecutar.Executar(ConfiguracaoEExecucaoPainelCreditoICMSExecutar.java:40)
at java.base/java.util.ArrayList.forEach(ArrayList.java:1511)
... Removed 31 stack frames]]>
    </failure>
  </testcase> <!-- Executar -->
</testsuite> <!-- Gestao De Credito Tributario ICMS > Configuracao E Execucao Painel Credito ICMS -->
