<?xml version="1.0" encoding="UTF-8"?>
<!-- Generated by org.testng.reporters.JUnitXMLReporter -->
<testsuite ignored="0" hostname="EC2AMAZ-8HCHO4G" failures="0" tests="5" name="Gestao De Credito Tributario ICMS &gt; Configuracao E Execucao Painel Credito ICMS" time="11.857" errors="0" timestamp="2024-10-16T21:18:24 UTC">
  <testcase classname="com.timp.test.TCC.GestaoDeCreditoTributarioICMS.ConfiguracaoEExecucaoPainelCreditoICMS.ConfiguracaoEExecucaoPainelCreditoICMSCriar" name="@BeforeClass beforeClass" time="0.958">
    <failure type="java.lang.Error" message="Unresolved compilation problems: 
	Syntax error on token &amp;quot;Invalid Character&amp;quot;, , expected
	Syntax error on token &amp;quot;Invalid Character&amp;quot;, invalid AssignmentOperator
	ditoICMS cannot be resolved
">
      <![CDATA[java.lang.Error: Unresolved compilation problems: 
Syntax error on token "Invalid Character", , expected
Syntax error on token "Invalid Character", invalid AssignmentOperator
ditoICMS cannot be resolved

at com.sap.timp.pageObjectModel.TCC.GestaoDeCreditoTributarioICMS.ConfiguracaoEExecucaoPainelCreditoICMS.ConfiguracaoEExecucaoPainelCreditoICMSCriarPO.<init>(ConfiguracaoEExecucaoPainelCreditoICMSCriarPO.java:19)
at com.timp.test.TCC.GestaoDeCreditoTributarioICMS.ConfiguracaoEExecucaoPainelCreditoICMS.ConfiguracaoEExecucaoPainelCreditoICMSCriar.beforeClass(ConfiguracaoEExecucaoPainelCreditoICMSCriar.java:27)
at java.base/java.util.ArrayList.forEach(ArrayList.java:1511)
... Removed 25 stack frames]]>
    </failure>
  </testcase> <!-- @BeforeClass beforeClass -->
  <testcase classname="com.timp.test.TCC.GestaoDeCreditoTributarioICMS.ConfiguracaoEExecucaoPainelCreditoICMS.ConfiguracaoEExecucaoPainelCreditoICMSCriar" name="@AfterClass afterClass" time="-1.729113493243E9">
    <skipped/>
  </testcase> <!-- @AfterClass afterClass -->
  <testcase classname="com.timp.test.TCC.GestaoDeCreditoTributarioICMS.ConfiguracaoEExecucaoPainelCreditoICMS.ConfiguracaoEExecucaoPainelCreditoICMSEditar" name="@BeforeClass beforeClass" time="2.8">
    <failure type="java.lang.Error" message="Unresolved compilation problems: 
	Syntax error on token &amp;quot;Invalid Character&amp;quot;, , expected
	Syntax error on token &amp;quot;Invalid Character&amp;quot;, invalid AssignmentOperator
	ditoICMS cannot be resolved
">
      <![CDATA[java.lang.Error: Unresolved compilation problems: 
Syntax error on token "Invalid Character", , expected
Syntax error on token "Invalid Character", invalid AssignmentOperator
ditoICMS cannot be resolved

at com.sap.timp.pageObjectModel.TCC.GestaoDeCreditoTributarioICMS.ConfiguracaoEExecucaoPainelCreditoICMS.ConfiguracaoEExecucaoPainelCreditoICMSEditarPO.<init>(ConfiguracaoEExecucaoPainelCreditoICMSEditarPO.java:18)
at com.timp.test.TCC.GestaoDeCreditoTributarioICMS.ConfiguracaoEExecucaoPainelCreditoICMS.ConfiguracaoEExecucaoPainelCreditoICMSEditar.beforeClass(ConfiguracaoEExecucaoPainelCreditoICMSEditar.java:27)
at java.base/java.util.ArrayList.forEach(ArrayList.java:1511)
... Removed 25 stack frames]]>
    </failure>
  </testcase> <!-- @BeforeClass beforeClass -->
  <testcase classname="com.timp.test.TCC.GestaoDeCreditoTributarioICMS.ConfiguracaoEExecucaoPainelCreditoICMS.ConfiguracaoEExecucaoPainelCreditoICMSEditar" name="@AfterClass afterClass" time="-1.729113496049E9">
    <skipped/>
  </testcase> <!-- @AfterClass afterClass -->
  <testcase classname="com.timp.test.TCC.GestaoDeCreditoTributarioICMS.ConfiguracaoEExecucaoPainelCreditoICMS.ConfiguracaoEExecucaoPainelCreditoICMSVisualizar" name="@BeforeClass beforeClass" time="2.643">
    <failure type="java.lang.Error" message="Unresolved compilation problems: 
	Syntax error on token &amp;quot;Invalid Character&amp;quot;, , expected
	Syntax error on token &amp;quot;Invalid Character&amp;quot;, invalid AssignmentOperator
	ditoICMS cannot be resolved
">
      <![CDATA[java.lang.Error: Unresolved compilation problems: 
Syntax error on token "Invalid Character", , expected
Syntax error on token "Invalid Character", invalid AssignmentOperator
ditoICMS cannot be resolved

at com.sap.timp.pageObjectModel.TCC.GestaoDeCreditoTributarioICMS.ConfiguracaoEExecucaoPainelCreditoICMS.ConfiguracaoEExecucaoPainelCreditoICMSVisualizarPO.<init>(ConfiguracaoEExecucaoPainelCreditoICMSVisualizarPO.java:21)
at com.timp.test.TCC.GestaoDeCreditoTributarioICMS.ConfiguracaoEExecucaoPainelCreditoICMS.ConfiguracaoEExecucaoPainelCreditoICMSVisualizar.beforeClass(ConfiguracaoEExecucaoPainelCreditoICMSVisualizar.java:29)
at java.base/java.util.ArrayList.forEach(ArrayList.java:1511)
... Removed 25 stack frames]]>
    </failure>
  </testcase> <!-- @BeforeClass beforeClass -->
  <testcase classname="com.timp.test.TCC.GestaoDeCreditoTributarioICMS.ConfiguracaoEExecucaoPainelCreditoICMS.ConfiguracaoEExecucaoPainelCreditoICMSVisualizar" name="@AfterClass afterClass" time="-1.729113498697E9">
    <skipped/>
  </testcase> <!-- @AfterClass afterClass -->
  <testcase classname="com.timp.test.TCC.GestaoDeCreditoTributarioICMS.ConfiguracaoEExecucaoPainelCreditoICMS.ConfiguracaoEExecucaoPainelCreditoICMSFiltrosAvansados" name="@BeforeClass beforeClass" time="2.828">
    <failure type="java.lang.Error" message="Unresolved compilation problems: 
	Syntax error on token &amp;quot;Invalid Character&amp;quot;, , expected
	Syntax error on token &amp;quot;Invalid Character&amp;quot;, invalid AssignmentOperator
	ditoICMS cannot be resolved
">
      <![CDATA[java.lang.Error: Unresolved compilation problems: 
Syntax error on token "Invalid Character", , expected
Syntax error on token "Invalid Character", invalid AssignmentOperator
ditoICMS cannot be resolved

at com.sap.timp.pageObjectModel.TCC.GestaoDeCreditoTributarioICMS.ConfiguracaoEExecucaoPainelCreditoICMS.ConfiguracaoEExecucaoPainelCreditoICMSFiltrosAvansadosPO.<init>(ConfiguracaoEExecucaoPainelCreditoICMSFiltrosAvansadosPO.java:21)
at com.timp.test.TCC.GestaoDeCreditoTributarioICMS.ConfiguracaoEExecucaoPainelCreditoICMS.ConfiguracaoEExecucaoPainelCreditoICMSFiltrosAvansados.beforeClass(ConfiguracaoEExecucaoPainelCreditoICMSFiltrosAvansados.java:29)
at java.base/java.util.ArrayList.forEach(ArrayList.java:1511)
... Removed 25 stack frames]]>
    </failure>
  </testcase> <!-- @BeforeClass beforeClass -->
  <testcase classname="com.timp.test.TCC.GestaoDeCreditoTributarioICMS.ConfiguracaoEExecucaoPainelCreditoICMS.ConfiguracaoEExecucaoPainelCreditoICMSFiltrosAvansados" name="@AfterClass afterClass" time="-1.729113501529E9">
    <skipped/>
  </testcase> <!-- @AfterClass afterClass -->
  <testcase classname="com.timp.test.TCC.GestaoDeCreditoTributarioICMS.ConfiguracaoEExecucaoPainelCreditoICMS.ConfiguracaoEExecucaoPainelCreditoICMSExecutar" name="@BeforeClass beforeClass" time="2.598">
    <failure type="java.lang.Error" message="Unresolved compilation problems: 
	Syntax error on token &amp;quot;Invalid Character&amp;quot;, , expected
	Syntax error on token &amp;quot;Invalid Character&amp;quot;, , expected
	Syntax error on token &amp;quot;Invalid Character&amp;quot;, invalid AssignmentOperator
	ditoICMS cannot be resolved
	Syntax error on token &amp;quot;Invalid Character&amp;quot;, invalid AssignmentOperator
	ditoICMS cannot be resolved
	Syntax error on token &amp;quot;Invalid Character&amp;quot;, invalid AssignmentOperator
	ditoICMS cannot be resolved
">
      <![CDATA[java.lang.Error: Unresolved compilation problems: 
Syntax error on token "Invalid Character", , expected
Syntax error on token "Invalid Character", , expected
Syntax error on token "Invalid Character", invalid AssignmentOperator
ditoICMS cannot be resolved
Syntax error on token "Invalid Character", invalid AssignmentOperator
ditoICMS cannot be resolved
Syntax error on token "Invalid Character", invalid AssignmentOperator
ditoICMS cannot be resolved

at com.sap.timp.pageObjectModel.TCC.GestaoDeCreditoTributarioICMS.ConfiguracaoEExecucaoPainelCreditoICMS.ConfiguracaoEExecucaoPainelCreditoICMSExecutarPO.<init>(ConfiguracaoEExecucaoPainelCreditoICMSExecutarPO.java:20)
at com.timp.test.TCC.GestaoDeCreditoTributarioICMS.ConfiguracaoEExecucaoPainelCreditoICMS.ConfiguracaoEExecucaoPainelCreditoICMSExecutar.beforeClass(ConfiguracaoEExecucaoPainelCreditoICMSExecutar.java:26)
at java.base/java.util.ArrayList.forEach(ArrayList.java:1511)
... Removed 25 stack frames]]>
    </failure>
  </testcase> <!-- @BeforeClass beforeClass -->
  <testcase classname="com.timp.test.TCC.GestaoDeCreditoTributarioICMS.ConfiguracaoEExecucaoPainelCreditoICMS.ConfiguracaoEExecucaoPainelCreditoICMSExecutar" name="@AfterClass afterClass" time="-1.729113504131E9">
    <skipped/>
  </testcase> <!-- @AfterClass afterClass -->
  <testcase classname="com.timp.test.TCC.GestaoDeCreditoTributarioICMS.ConfiguracaoEExecucaoPainelCreditoICMS.ConfiguracaoEExecucaoPainelCreditoICMSCriar" name="criar" time="0.0">
    <skipped/>
  </testcase> <!-- criar -->
  <testcase classname="com.timp.test.TCC.GestaoDeCreditoTributarioICMS.ConfiguracaoEExecucaoPainelCreditoICMS.ConfiguracaoEExecucaoPainelCreditoICMSEditar" name="editar" time="0.0">
    <skipped/>
  </testcase> <!-- editar -->
  <testcase classname="com.timp.test.TCC.GestaoDeCreditoTributarioICMS.ConfiguracaoEExecucaoPainelCreditoICMS.ConfiguracaoEExecucaoPainelCreditoICMSVisualizar" name="visualizar" time="0.0">
    <skipped/>
  </testcase> <!-- visualizar -->
  <testcase classname="com.timp.test.TCC.GestaoDeCreditoTributarioICMS.ConfiguracaoEExecucaoPainelCreditoICMS.ConfiguracaoEExecucaoPainelCreditoICMSFiltrosAvansados" name="filtros" time="0.0">
    <skipped/>
  </testcase> <!-- filtros -->
  <testcase classname="com.timp.test.TCC.GestaoDeCreditoTributarioICMS.ConfiguracaoEExecucaoPainelCreditoICMS.ConfiguracaoEExecucaoPainelCreditoICMSExecutar" name="Executar" time="0.0">
    <skipped/>
  </testcase> <!-- Executar -->
</testsuite> <!-- Gestao De Credito Tributario ICMS > Configuracao E Execucao Painel Credito ICMS -->
