<?xml version="1.0" encoding="UTF-8"?>
<!-- Generated by org.testng.reporters.JUnitXMLReporter -->
<testsuite ignored="0" hostname="DESKTOP-JP1A9E6" failures="2" tests="8" name="Mapeamento Substituicao Conta Estoque Cenarios Correcoes" time="4958.298" errors="0" timestamp="10 ago. 2021 00:49:45 GMT">
  <testcase classname="com.timp.test.MDR.ParametrosContabilizacao.MapeamentoSubstituiçãoContaEstoqueCenáriosCorreções.MapeamentoSubstituicaoContaEstoqueCenariosCorrecoesCriar" name="criar" time="126.858"/>
  <testcase classname="com.timp.test.MDR.ParametrosContabilizacao.MapeamentoSubstituiçãoContaEstoqueCenáriosCorreções.MapeamentoSubstituicaoContaEstoqueCenariosCorrecoesEditar" name="editar" time="184.85">
    <failure type="java.lang.AssertionError" message="O valor do campo não foi editado expected [true] but found [false]">
      <![CDATA[java.lang.AssertionError: O valor do campo não foi editado expected [true] but found [false]
at com.timp.test.MDR.ParametrosContabilizacao.MapeamentoSubstituiçãoContaEstoqueCenáriosCorreções.MapeamentoSubstituicaoContaEstoqueCenariosCorrecoesEditar.editar(MapeamentoSubstituicaoContaEstoqueCenariosCorrecoesEditar.java:46)
... Removed 28 stack frames]]>
    </failure>
  </testcase> <!-- editar -->
  <testcase classname="com.timp.test.MDR.ParametrosContabilizacao.MapeamentoSubstituiçãoContaEstoqueCenáriosCorreções.MapeamentoSubstituicaoContaEstoqueCenariosCorrecoesVisualizar" name="visualizar" time="188.618"/>
  <testcase classname="com.timp.test.MDR.ParametrosContabilizacao.MapeamentoSubstituiçãoContaEstoqueCenáriosCorreções.MapeamentoSubstituicaoContaEstoqueCenariosCorrecoesDetalhes" name="detalhes" time="212.535"/>
  <testcase classname="com.timp.test.MDR.ParametrosContabilizacao.MapeamentoSubstituiçãoContaEstoqueCenáriosCorreções.MapeamentoSubstituicaoContaEstoqueCenariosCorrecoesFiltroId" name="filtroId" time="94.622"/>
  <testcase classname="com.timp.test.MDR.ParametrosContabilizacao.MapeamentoSubstituiçãoContaEstoqueCenáriosCorreções.MapeamentoSubstituicaoContaEstoqueCenariosCorrecoesExcluir" name="excluir" time="132.166"/>
  <testcase classname="com.timp.test.MDR.ParametrosContabilizacao.MapeamentoSubstituiçãoContaEstoqueCenáriosCorreções.MapeamentoSubstituicaoContaEstoqueCenariosCorrecoesExcluirEmMassa" name="Criar" time="3732.206">
    <failure type="org.openqa.selenium.TimeoutException" message="Expected condition failed: waiting for element to be clickable: Proxy element for: DefaultElementLocator &amp;apos;By.xpath: //li[@identifier=&amp;quot;accordion-item-adjustments&amp;quot;]&amp;apos; (tried for 3600 second(s) with 500 milliseconds interval)">
      <![CDATA[org.openqa.selenium.TimeoutException: Expected condition failed: waiting for element to be clickable: Proxy element for: DefaultElementLocator 'By.xpath: //li[@identifier="accordion-item-adjustments"]' (tried for 3600 second(s) with 500 milliseconds interval)
at org.openqa.selenium.support.ui.WebDriverWait.timeoutException(WebDriverWait.java:95)
at org.openqa.selenium.support.ui.FluentWait.until(FluentWait.java:272)
at com.sap.timp.base.TestBaseSteven.waitExpectElement(TestBaseSteven.java:280)
at com.sap.timp.pageObjectModel.MDR.AcessarMDRPO.acessarMDR(AcessarMDRPO.java:45)
at com.timp.test.MDR.ParametrosContabilizacao.MapeamentoSubstituiçãoContaEstoqueCenáriosCorreções.MapeamentoSubstituicaoContaEstoqueCenariosCorrecoesExcluirEmMassa.Criar(MapeamentoSubstituicaoContaEstoqueCenariosCorrecoesExcluirEmMassa.java:38)
Caused by: org.openqa.selenium.NoSuchElementException: no such element: Unable to locate element: {"method":"xpath","selector":"//li[@identifier="accordion-item-adjustments"]"}
  (Session info: chrome=83.0.4103.106)
For documentation on this error, please visit: https://www.seleniumhq.org/exceptions/no_such_element.html
Build info: version: '3.141.59', revision: 'e82be7d358', time: '2018-11-14T08:17:03'
System info: host: 'DESKTOP-JP1A9E6', ip: '192.168.0.109', os.name: 'Windows 10', os.arch: 'amd64', os.version: '10.0', java.version: '15.0.2'
Driver info: org.openqa.selenium.chrome.ChromeDriver
Capabilities {acceptInsecureCerts: false, browserName: chrome, browserVersion: 83.0.4103.106, chrome: {chromedriverVersion: 83.0.4103.39 (ccbf011cb2d2b..., userDataDir: C:\Users\Massiel\AppData\Lo...}, goog:chromeOptions: {debuggerAddress: localhost:53528}, javascriptEnabled: true, networkConnectionEnabled: false, pageLoadStrategy: normal, platform: WINDOWS, platformName: WINDOWS, proxy: Proxy(), setWindowRect: true, strictFileInteractability: false, timeouts: {implicit: 0, pageLoad: 300000, script: 30000}, unhandledPromptBehavior: dismiss and notify, webauthn:virtualAuthenticators: true}
Session ID: f2854e3093e45ff54c7a2df684b19676
*** Element info: {Using=xpath, value=//li[@identifier="accordion-item-adjustments"]}
at org.openqa.selenium.remote.http.W3CHttpResponseCodec.createException(W3CHttpResponseCodec.java:187)
at org.openqa.selenium.remote.http.W3CHttpResponseCodec.decode(W3CHttpResponseCodec.java:122)
at org.openqa.selenium.remote.http.W3CHttpResponseCodec.decode(W3CHttpResponseCodec.java:49)
at org.openqa.selenium.remote.HttpCommandExecutor.execute(HttpCommandExecutor.java:158)
at org.openqa.selenium.remote.service.DriverCommandExecutor.execute(DriverCommandExecutor.java:83)
at org.openqa.selenium.remote.RemoteWebDriver.execute(RemoteWebDriver.java:552)
at org.openqa.selenium.remote.RemoteWebDriver.findElement(RemoteWebDriver.java:323)
at org.openqa.selenium.remote.RemoteWebDriver.findElementByXPath(RemoteWebDriver.java:428)
at org.openqa.selenium.By$ByXPath.findElement(By.java:353)
at org.openqa.selenium.remote.RemoteWebDriver.findElement(RemoteWebDriver.java:315)
at org.openqa.selenium.support.pagefactory.DefaultElementLocator.findElement(DefaultElementLocator.java:69)
at org.openqa.selenium.support.pagefactory.internal.LocatingElementHandler.invoke(LocatingElementHandler.java:38)
at com.sun.proxy.$Proxy12.isDisplayed(Unknown Source)
at org.openqa.selenium.support.ui.ExpectedConditions.elementIfVisible(ExpectedConditions.java:314)
at org.openqa.selenium.support.ui.ExpectedConditions.access$000(ExpectedConditions.java:43)
at org.openqa.selenium.support.ui.ExpectedConditions$10.apply(ExpectedConditions.java:300)
at org.openqa.selenium.support.ui.ExpectedConditions$10.apply(ExpectedConditions.java:297)
at org.openqa.selenium.support.ui.ExpectedConditions$23.apply(ExpectedConditions.java:670)
at org.openqa.selenium.support.ui.ExpectedConditions$23.apply(ExpectedConditions.java:666)
at org.openqa.selenium.support.ui.FluentWait.until(FluentWait.java:249)
... 28 more
... Removed 29 stack frames]]>
    </failure>
  </testcase> <!-- Criar -->
  <testcase classname="com.timp.test.MDR.ParametrosContabilizacao.MapeamentoSubstituiçãoContaEstoqueCenáriosCorreções.MapeamentoSubstituicaoContaEstoqueCenariosCorrecoesExcluirEmMassa" name="Excluir" time="0.0">
    <skipped/>
  </testcase> <!-- Excluir -->
</testsuite> <!-- Mapeamento Substituicao Conta Estoque Cenarios Correcoes -->
