<?xml version="1.0" encoding="UTF-8"?>
<!-- Generated by org.testng.reporters.JUnitXMLReporter -->
<testsuite ignored="0" hostname="DESKTOP-BNBDMGT" failures="1" tests="8" name="Mapeamento Substituicao Conta Estoque Cenarios Correcoes" time="876.94" errors="0" timestamp="16 mar. 2021 02:39:35 GMT">
  <testcase classname="com.timp.test.MDR.ParametrosContabilizacao.MapeamentoSubstituiçãoContaEstoqueCenáriosCorreções.MapeamentoSubstituicaoContaEstoqueCenariosCorrecoesCriar" name="criar" time="99.191"/>
  <testcase classname="com.timp.test.MDR.ParametrosContabilizacao.MapeamentoSubstituiçãoContaEstoqueCenáriosCorreções.MapeamentoSubstituicaoContaEstoqueCenariosCorrecoesEditar" name="editar" time="55.661">
    <failure type="org.openqa.selenium.ElementNotInteractableException" message="element not interactable
  (Session info: chrome=83.0.4103.106)
Build info: version: &amp;apos;3.141.59&amp;apos;, revision: &amp;apos;e82be7d358&amp;apos;, time: &amp;apos;2018-11-14T08:17:03&amp;apos;
System info: host: &amp;apos;DESKTOP-BNBDMGT&amp;apos;, ip: &amp;apos;192.168.1.43&amp;apos;, os.name: &amp;apos;Windows 10&amp;apos;, os.arch: &amp;apos;amd64&amp;apos;, os.version: &amp;apos;10.0&amp;apos;, java.version: &amp;apos;14.0.1&amp;apos;
Driver info: org.openqa.selenium.chrome.ChromeDriver
Capabilities {acceptInsecureCerts: false, browserName: chrome, browserVersion: 83.0.4103.106, chrome: {chromedriverVersion: 83.0.4103.39 (ccbf011cb2d2b..., userDataDir: C:\Users\ymass\AppData\Loca...}, goog:chromeOptions: {debuggerAddress: localhost:53627}, javascriptEnabled: true, networkConnectionEnabled: false, pageLoadStrategy: normal, platform: WINDOWS, platformName: WINDOWS, proxy: Proxy(), setWindowRect: true, strictFileInteractability: false, timeouts: {implicit: 0, pageLoad: 300000, script: 30000}, unhandledPromptBehavior: dismiss and notify, webauthn:virtualAuthenticators: true}
Session ID: 260f8a3f9955b3b41453b2429d4ee5fd">
      <![CDATA[org.openqa.selenium.ElementNotInteractableException: element not interactable
  (Session info: chrome=83.0.4103.106)
Build info: version: '3.141.59', revision: 'e82be7d358', time: '2018-11-14T08:17:03'
System info: host: 'DESKTOP-BNBDMGT', ip: '192.168.1.43', os.name: 'Windows 10', os.arch: 'amd64', os.version: '10.0', java.version: '14.0.1'
Driver info: org.openqa.selenium.chrome.ChromeDriver
Capabilities {acceptInsecureCerts: false, browserName: chrome, browserVersion: 83.0.4103.106, chrome: {chromedriverVersion: 83.0.4103.39 (ccbf011cb2d2b..., userDataDir: C:\Users\ymass\AppData\Loca...}, goog:chromeOptions: {debuggerAddress: localhost:53627}, javascriptEnabled: true, networkConnectionEnabled: false, pageLoadStrategy: normal, platform: WINDOWS, platformName: WINDOWS, proxy: Proxy(), setWindowRect: true, strictFileInteractability: false, timeouts: {implicit: 0, pageLoad: 300000, script: 30000}, unhandledPromptBehavior: dismiss and notify, webauthn:virtualAuthenticators: true}
Session ID: 260f8a3f9955b3b41453b2429d4ee5fd
at org.openqa.selenium.remote.http.W3CHttpResponseCodec.createException(W3CHttpResponseCodec.java:187)
at org.openqa.selenium.remote.http.W3CHttpResponseCodec.decode(W3CHttpResponseCodec.java:122)
at org.openqa.selenium.remote.http.W3CHttpResponseCodec.decode(W3CHttpResponseCodec.java:49)
at org.openqa.selenium.remote.HttpCommandExecutor.execute(HttpCommandExecutor.java:158)
at org.openqa.selenium.remote.service.DriverCommandExecutor.execute(DriverCommandExecutor.java:83)
at org.openqa.selenium.remote.RemoteWebDriver.execute(RemoteWebDriver.java:552)
at org.openqa.selenium.remote.RemoteWebElement.execute(RemoteWebElement.java:285)
at org.openqa.selenium.remote.RemoteWebElement.click(RemoteWebElement.java:84)
at org.openqa.selenium.support.pagefactory.internal.LocatingElementHandler.invoke(LocatingElementHandler.java:51)
at com.sun.proxy.$Proxy12.click(Unknown Source)
at com.sap.timp.pageObjectModel.MDR.ParametrosContabilizacao.MapeamentoSubstituicaoContaEstoqueCenariosCorrecoes.MapeamentoSubstituicaoContaEstoqueCenariosCorrecoesEditarPO.editar(MapeamentoSubstituicaoContaEstoqueCenariosCorrecoesEditarPO.java:50)
at com.timp.test.MDR.ParametrosContabilizacao.MapeamentoSubstituiçãoContaEstoqueCenáriosCorreções.MapeamentoSubstituicaoContaEstoqueCenariosCorrecoesEditar.editar(MapeamentoSubstituicaoContaEstoqueCenariosCorrecoesEditar.java:46)
... Removed 33 stack frames]]>
    </failure>
  </testcase> <!-- editar -->
  <testcase classname="com.timp.test.MDR.ParametrosContabilizacao.MapeamentoSubstituiçãoContaEstoqueCenáriosCorreções.MapeamentoSubstituicaoContaEstoqueCenariosCorrecoesVisualizar" name="visualizar" time="115.82"/>
  <testcase classname="com.timp.test.MDR.ParametrosContabilizacao.MapeamentoSubstituiçãoContaEstoqueCenáriosCorreções.MapeamentoSubstituicaoContaEstoqueCenariosCorrecoesDetalhes" name="detalhes" time="81.852"/>
  <testcase classname="com.timp.test.MDR.ParametrosContabilizacao.MapeamentoSubstituiçãoContaEstoqueCenáriosCorreções.MapeamentoSubstituicaoContaEstoqueCenariosCorrecoesFiltroId" name="filtroId" time="63.224"/>
  <testcase classname="com.timp.test.MDR.ParametrosContabilizacao.MapeamentoSubstituiçãoContaEstoqueCenáriosCorreções.MapeamentoSubstituicaoContaEstoqueCenariosCorrecoesExcluir" name="excluir" time="84.791"/>
  <testcase classname="com.timp.test.MDR.ParametrosContabilizacao.MapeamentoSubstituiçãoContaEstoqueCenáriosCorreções.MapeamentoSubstituicaoContaEstoqueCenariosCorrecoesExcluirEmMassa" name="Criar" time="119.735"/>
  <testcase classname="com.timp.test.MDR.ParametrosContabilizacao.MapeamentoSubstituiçãoContaEstoqueCenáriosCorreções.MapeamentoSubstituicaoContaEstoqueCenariosCorrecoesExcluirEmMassa" name="Excluir" time="33.096"/>
</testsuite> <!-- Mapeamento Substituicao Conta Estoque Cenarios Correcoes -->
