<?xml version="1.0" encoding="UTF-8"?>
<!-- Generated by org.testng.reporters.JUnitXMLReporter -->
<testsuite ignored="0" hostname="DESKTOP-M23FVFN" failures="0" tests="8" name="Mapeamento Substituicao Conta Estoque Cenarios Correcoes" time="1205.427" errors="0" timestamp="08 dic. 2021 15:03:07 GMT">
  <testcase classname="com.timp.test.MDR.ParametrosContabilizacao.MapeamentoSubstituiçãoContaEstoqueCenáriosCorreções.MapeamentoSubstituicaoContaEstoqueCenariosCorrecoesCriar" name="criar" time="116.929"/>
  <testcase classname="com.timp.test.MDR.ParametrosContabilizacao.MapeamentoSubstituiçãoContaEstoqueCenáriosCorreções.MapeamentoSubstituicaoContaEstoqueCenariosCorrecoesEditar" name="editar" time="151.006"/>
  <testcase classname="com.timp.test.MDR.ParametrosContabilizacao.MapeamentoSubstituiçãoContaEstoqueCenáriosCorreções.MapeamentoSubstituicaoContaEstoqueCenariosCorrecoesVisualizar" name="visualizar" time="176.584"/>
  <testcase classname="com.timp.test.MDR.ParametrosContabilizacao.MapeamentoSubstituiçãoContaEstoqueCenáriosCorreções.MapeamentoSubstituicaoContaEstoqueCenariosCorrecoesDetalhes" name="detalhes" time="152.957"/>
  <testcase classname="com.timp.test.MDR.ParametrosContabilizacao.MapeamentoSubstituiçãoContaEstoqueCenáriosCorreções.MapeamentoSubstituicaoContaEstoqueCenariosCorrecoesFiltroId" name="filtroId" time="78.332"/>
  <testcase classname="com.timp.test.MDR.ParametrosContabilizacao.MapeamentoSubstituiçãoContaEstoqueCenáriosCorreções.MapeamentoSubstituicaoContaEstoqueCenariosCorrecoesExcluir" name="excluir" time="141.246"/>
  <testcase classname="com.timp.test.MDR.ParametrosContabilizacao.MapeamentoSubstituiçãoContaEstoqueCenáriosCorreções.MapeamentoSubstituicaoContaEstoqueCenariosCorrecoesExcluirEmMassa" name="Criar" time="160.933"/>
  <testcase classname="com.timp.test.MDR.ParametrosContabilizacao.MapeamentoSubstituiçãoContaEstoqueCenáriosCorreções.MapeamentoSubstituicaoContaEstoqueCenariosCorrecoesExcluirEmMassa" name="Excluir" time="35.785"/>
</testsuite> <!-- Mapeamento Substituicao Conta Estoque Cenarios Correcoes -->
