<?xml version="1.0" encoding="UTF-8"?>
<!-- Generated by org.testng.reporters.JUnitXMLReporter -->
<testsuite ignored="0" hostname="DESKTOP-JP1A9E6" failures="0" tests="8" name="Mapeamento Substituicao Conta Estoque Cenarios Correcoes" time="2034.605" errors="0" timestamp="26 ago. 2021 23:07:15 GMT">
  <testcase classname="com.timp.test.MDR.ParametrosContabilizacao.MapeamentoSubstituiçãoContaEstoqueCenáriosCorreções.MapeamentoSubstituicaoContaEstoqueCenariosCorrecoesCriar" name="criar" time="152.326"/>
  <testcase classname="com.timp.test.MDR.ParametrosContabilizacao.MapeamentoSubstituiçãoContaEstoqueCenáriosCorreções.MapeamentoSubstituicaoContaEstoqueCenariosCorrecoesEditar" name="editar" time="220.593"/>
  <testcase classname="com.timp.test.MDR.ParametrosContabilizacao.MapeamentoSubstituiçãoContaEstoqueCenáriosCorreções.MapeamentoSubstituicaoContaEstoqueCenariosCorrecoesVisualizar" name="visualizar" time="166.088"/>
  <testcase classname="com.timp.test.MDR.ParametrosContabilizacao.MapeamentoSubstituiçãoContaEstoqueCenáriosCorreções.MapeamentoSubstituicaoContaEstoqueCenariosCorrecoesDetalhes" name="detalhes" time="687.675"/>
  <testcase classname="com.timp.test.MDR.ParametrosContabilizacao.MapeamentoSubstituiçãoContaEstoqueCenáriosCorreções.MapeamentoSubstituicaoContaEstoqueCenariosCorrecoesFiltroId" name="filtroId" time="141.447"/>
  <testcase classname="com.timp.test.MDR.ParametrosContabilizacao.MapeamentoSubstituiçãoContaEstoqueCenáriosCorreções.MapeamentoSubstituicaoContaEstoqueCenariosCorrecoesExcluir" name="excluir" time="158.064"/>
  <testcase classname="com.timp.test.MDR.ParametrosContabilizacao.MapeamentoSubstituiçãoContaEstoqueCenáriosCorreções.MapeamentoSubstituicaoContaEstoqueCenariosCorrecoesExcluirEmMassa" name="Criar" time="145.189"/>
  <testcase classname="com.timp.test.MDR.ParametrosContabilizacao.MapeamentoSubstituiçãoContaEstoqueCenáriosCorreções.MapeamentoSubstituicaoContaEstoqueCenariosCorrecoesExcluirEmMassa" name="Excluir" time="31.278"/>
</testsuite> <!-- Mapeamento Substituicao Conta Estoque Cenarios Correcoes -->
