<?xml version="1.0" encoding="UTF-8"?>
<!-- Generated by org.testng.reporters.JUnitXMLReporter -->
<testsuite ignored="0" hostname="DESKTOP-C57COV6" failures="2" tests="7" name="ParametrosModeloDeApuracaoTP" time="1329.377" errors="0" timestamp="05 jun. 2021 01:47:46 GMT">
  <testcase classname="com.timp.test.MDR.PrecoDeTransferencia.ParametrosModeloDeApuracaoTP.ParametrosModeloDeApuracaoTPCriar" name="criar" time="119.113"/>
  <testcase classname="com.timp.test.MDR.PrecoDeTransferencia.ParametrosModeloDeApuracaoTP.ParametrosModeloDeApuracaoTPEditar" name="editar" time="671.496">
    <failure type="java.lang.AssertionError" message="O valor do campo não foi editado expected [true] but found [false]">
      <![CDATA[java.lang.AssertionError: O valor do campo não foi editado expected [true] but found [false]
at com.timp.test.MDR.PrecoDeTransferencia.ParametrosModeloDeApuracaoTP.ParametrosModeloDeApuracaoTPEditar.editar(ParametrosModeloDeApuracaoTPEditar.java:40)
... Removed 28 stack frames]]>
    </failure>
  </testcase> <!-- editar -->
  <testcase classname="com.timp.test.MDR.PrecoDeTransferencia.ParametrosModeloDeApuracaoTP.ParametrosModeloDeApuracaoTPDetalhes" name="Detalhes" time="116.817"/>
  <testcase classname="com.timp.test.MDR.PrecoDeTransferencia.ParametrosModeloDeApuracaoTP.ParametroModeloApuracaoTPFiltroID" name="filtro" time="82.788"/>
  <testcase classname="com.timp.test.MDR.PrecoDeTransferencia.ParametrosModeloDeApuracaoTP.ParametrosModeloDeApuracaoTPExcluir" name="excluir" time="90.2">
    <failure type="java.lang.AssertionError" message="O registro não foi eliminado com sucesso expected [true] but found [false]">
      <![CDATA[java.lang.AssertionError: O registro não foi eliminado com sucesso expected [true] but found [false]
at com.timp.test.MDR.PrecoDeTransferencia.ParametrosModeloDeApuracaoTP.ParametrosModeloDeApuracaoTPExcluir.excluir(ParametrosModeloDeApuracaoTPExcluir.java:40)
... Removed 28 stack frames]]>
    </failure>
  </testcase> <!-- excluir -->
  <testcase classname="com.timp.test.MDR.PrecoDeTransferencia.ParametrosModeloDeApuracaoTP.ParametrosModeloDeApuracaoTPExcluirEmMasa" name="criar" time="123.856"/>
  <testcase classname="com.timp.test.MDR.PrecoDeTransferencia.ParametrosModeloDeApuracaoTP.ParametrosModeloDeApuracaoTPExcluirEmMasa" name="excluirEmMasa" time="31.967"/>
</testsuite> <!-- ParametrosModeloDeApuracaoTP -->
