<?xml version="1.0" encoding="UTF-8"?>
<!-- Generated by org.testng.reporters.JUnitXMLReporter -->
<testsuite ignored="0" hostname="CRISTHIAN-VASQUEZ" failures="0" tests="2" name="Prueba10" time="168.461" errors="0" timestamp="08 mar. 2021 22:47:06 GMT">
  <testcase classname="com.timp.test.MDR.ParametrosContabilizacao.MapeamentoContabil.MapeamentoContabilExcluirEmMassa" name="criar" time="121.676"/>
  <testcase classname="com.timp.test.MDR.ParametrosContabilizacao.MapeamentoContabil.MapeamentoContabilExcluirEmMassa" name="Excluir" time="27.33"/>
</testsuite> <!-- Prueba10 -->
