<?xml version="1.0" encoding="UTF-8"?>
<!-- Generated by org.testng.reporters.JUnitXMLReporter -->
<testsuite ignored="0" hostname="DESKTOP-C57COV6" failures="0" tests="2" name="Prueba10" time="222.512" errors="0" timestamp="15 sep. 2021 13:22:40 GMT">
  <testcase classname="com.timp.test.MDR.ParametrosContabilizacao.MapeamentoContabil.MapeamentoContabilExcluirEmMassa" name="criar" time="171.752"/>
  <testcase classname="com.timp.test.MDR.ParametrosContabilizacao.MapeamentoContabil.MapeamentoContabilExcluirEmMassa" name="Excluir" time="32.443"/>
</testsuite> <!-- Prueba10 -->
