<?xml version="1.0" encoding="UTF-8"?>
<!-- Generated by org.testng.reporters.JUnitXMLReporter -->
<testsuite ignored="0" hostname="MassielV" failures="0" tests="2" name="Prueba10" time="813.254" errors="0" timestamp="02 nov. 2021 04:08:56 GMT">
  <testcase classname="com.timp.test.MDR.Siscoserv.RegistroRP.RegistroRPExcluirEmMassa" name="criar" time="679.41"/>
  <testcase classname="com.timp.test.MDR.Siscoserv.RegistroRP.RegistroRPExcluirEmMassa" name="excluir" time="42.354"/>
</testsuite> <!-- Prueba10 -->
