<?xml version="1.0" encoding="UTF-8"?>
<!-- Generated by org.testng.reporters.JUnitXMLReporter -->
<testsuite ignored="0" hostname="DESKTOP-M23FVFN" failures="0" tests="7" name="Prueba4" time="1346.931" errors="0" timestamp="11 mar. 2022 20:36:33 GMT">
  <testcase classname="com.timp.test.MDR.TabelasApoioESocial.Tabela04.CodigosEAliqDeFPRASCriar" name="criar" time="125.846"/>
  <testcase classname="com.timp.test.MDR.TabelasApoioESocial.Tabela04.CodigosEAliqDeFPRASEditar" name="editar" time="267.55"/>
  <testcase classname="com.timp.test.MDR.TabelasApoioESocial.Tabela04.CodigosEAliqDeFPRASVisualizar" name="Visualizar" time="152.203"/>
  <testcase classname="com.timp.test.MDR.TabelasApoioESocial.Tabela04.CodigosEAliqDeFPRASDetalhes" name="detalhe" time="118.261"/>
  <testcase classname="com.timp.test.MDR.TabelasApoioESocial.Tabela04.CodigosEAliqDeFPRASExcluir" name="excluir" time="183.509"/>
  <testcase classname="com.timp.test.MDR.TabelasApoioESocial.Tabela04.CodigosEAliqDeFPRASExcluirMassa" name="criar" time="214.924"/>
  <testcase classname="com.timp.test.MDR.TabelasApoioESocial.Tabela04.CodigosEAliqDeFPRASExcluirMassa" name="excluirMassa" time="50.7"/>
</testsuite> <!-- Prueba4 -->
