<?xml version="1.0" encoding="UTF-8"?>
<!-- Generated by org.testng.reporters.JUnitXMLReporter -->
<testsuite ignored="0" hostname="DESKTOP-C57COV6" failures="0" tests="2" name="Prueba10" time="166.334" errors="0" timestamp="11 may. 2021 09:01:21 GMT">
  <testcase classname="com.timp.test.MDR.Siscoserv.RegistroRP.RegistroRPExcluirEmMassa" name="criar" time="123.819"/>
  <testcase classname="com.timp.test.MDR.Siscoserv.RegistroRP.RegistroRPExcluirEmMassa" name="excluir" time="28.992"/>
</testsuite> <!-- Prueba10 -->
