<?xml version="1.0" encoding="UTF-8"?>
<!-- Generated by org.testng.reporters.JUnitXMLReporter -->
<testsuite ignored="0" hostname="DESKTOP-JP1A9E6" failures="0" tests="2" name="Prueba10" time="166.081" errors="0" timestamp="14 jul. 2021 08:42:42 GMT">
  <testcase classname="com.timp.test.MDR.Siscoserv.RegistroRP.RegistroRPExcluirEmMassa" name="criar" time="127.144"/>
  <testcase classname="com.timp.test.MDR.Siscoserv.RegistroRP.RegistroRPExcluirEmMassa" name="excluir" time="29.038"/>
</testsuite> <!-- Prueba10 -->
