<?xml version="1.0" encoding="UTF-8"?>
<!-- Generated by org.testng.reporters.JUnitXMLReporter -->
<testsuite ignored="0" hostname="MassielV" failures="0" tests="2" name="Prueba10" time="504.763" errors="0" timestamp="20 oct. 2021 19:23:25 GMT">
  <testcase classname="com.timp.test.MDR.Siscoserv.RegistroRP.RegistroRPExcluirEmMassa" name="criar" time="349.015"/>
  <testcase classname="com.timp.test.MDR.Siscoserv.RegistroRP.RegistroRPExcluirEmMassa" name="excluir" time="75.972"/>
</testsuite> <!-- Prueba10 -->
