<?xml version="1.0" encoding="UTF-8"?>
<!-- Generated by org.testng.reporters.JUnitXMLReporter -->
<testsuite ignored="0" hostname="DESKTOP-M23FVFN" failures="0" tests="2" name="Prueba10" time="182.346" errors="0" timestamp="22 dic. 2021 14:14:56 GMT">
  <testcase classname="com.timp.test.MDR.ParametrosContabilizacao.MapeamentoContabil.MapeamentoContabilExcluirEmMassa" name="criar" time="139.66"/>
  <testcase classname="com.timp.test.MDR.ParametrosContabilizacao.MapeamentoContabil.MapeamentoContabilExcluirEmMassa" name="Excluir" time="31.652"/>
</testsuite> <!-- Prueba10 -->
