<?xml version="1.0" encoding="UTF-8"?>
<!-- Generated by org.testng.reporters.JUnitXMLReporter -->
<testsuite ignored="0" hostname="MassielV" failures="0" tests="7" name="Prueba4" time="982.463" errors="0" timestamp="06 nov. 2021 20:51:27 GMT">
  <testcase classname="com.timp.test.MDR.TabelasApoioESocial.Tabela04.CodigosEAliqDeFPRASCriar" name="criar" time="100.572"/>
  <testcase classname="com.timp.test.MDR.TabelasApoioESocial.Tabela04.CodigosEAliqDeFPRASEditar" name="editar" time="160.911"/>
  <testcase classname="com.timp.test.MDR.TabelasApoioESocial.Tabela04.CodigosEAliqDeFPRASVisualizar" name="Visualizar" time="138.4"/>
  <testcase classname="com.timp.test.MDR.TabelasApoioESocial.Tabela04.CodigosEAliqDeFPRASDetalhes" name="detalhe" time="83.096"/>
  <testcase classname="com.timp.test.MDR.TabelasApoioESocial.Tabela04.CodigosEAliqDeFPRASExcluir" name="excluir" time="140.922"/>
  <testcase classname="com.timp.test.MDR.TabelasApoioESocial.Tabela04.CodigosEAliqDeFPRASExcluirMassa" name="criar" time="119.409"/>
  <testcase classname="com.timp.test.MDR.TabelasApoioESocial.Tabela04.CodigosEAliqDeFPRASExcluirMassa" name="excluirMassa" time="46.809"/>
</testsuite> <!-- Prueba4 -->
