<?xml version="1.0" encoding="UTF-8"?>
<!-- Generated by org.testng.reporters.JUnitXMLReporter -->
<testsuite ignored="0" hostname="DESKTOP-C57COV6" failures="0" tests="7" name="Prueba4" time="1035.282" errors="0" timestamp="02 sep. 2021 15:36:08 GMT">
  <testcase classname="com.timp.test.MDR.TabelasApoioESocial.Tabela04.CodigosEAliqDeFPRASCriar" name="criar" time="162.495"/>
  <testcase classname="com.timp.test.MDR.TabelasApoioESocial.Tabela04.CodigosEAliqDeFPRASEditar" name="editar" time="191.753"/>
  <testcase classname="com.timp.test.MDR.TabelasApoioESocial.Tabela04.CodigosEAliqDeFPRASVisualizar" name="Visualizar" time="114.829"/>
  <testcase classname="com.timp.test.MDR.TabelasApoioESocial.Tabela04.CodigosEAliqDeFPRASDetalhes" name="detalhe" time="107.251"/>
  <testcase classname="com.timp.test.MDR.TabelasApoioESocial.Tabela04.CodigosEAliqDeFPRASExcluir" name="excluir" time="128.625"/>
  <testcase classname="com.timp.test.MDR.TabelasApoioESocial.Tabela04.CodigosEAliqDeFPRASExcluirMassa" name="criar" time="107.685"/>
  <testcase classname="com.timp.test.MDR.TabelasApoioESocial.Tabela04.CodigosEAliqDeFPRASExcluirMassa" name="excluirMassa" time="46.369"/>
</testsuite> <!-- Prueba4 -->
