<?xml version="1.0" encoding="UTF-8"?>
<!-- Generated by org.testng.reporters.JUnitXMLReporter -->
<testsuite ignored="0" hostname="CRISTHIAN-VASQUEZ" failures="0" tests="2" name="Prueba10" time="168.477" errors="0" timestamp="16 mar. 2021 10:22:05 GMT">
  <testcase classname="com.timp.test.MDR.ParametrosContabilizacao.MapeamentoContabil.MapeamentoContabilExcluirEmMassa" name="criar" time="118.78"/>
  <testcase classname="com.timp.test.MDR.ParametrosContabilizacao.MapeamentoContabil.MapeamentoContabilExcluirEmMassa" name="Excluir" time="30.06"/>
</testsuite> <!-- Prueba10 -->
