<?xml version="1.0" encoding="UTF-8"?>
<!-- Generated by org.testng.reporters.JUnitXMLReporter -->
<testsuite ignored="0" hostname="DESKTOP-C57COV6" failures="0" tests="2" name="Prueba10" time="199.942" errors="0" timestamp="14 jul. 2021 04:51:15 GMT">
  <testcase classname="com.timp.test.MDR.ParametrosContabilizacao.MapeamentoContabil.MapeamentoContabilExcluirEmMassa" name="criar" time="150.558"/>
  <testcase classname="com.timp.test.MDR.ParametrosContabilizacao.MapeamentoContabil.MapeamentoContabilExcluirEmMassa" name="Excluir" time="32.073"/>
</testsuite> <!-- Prueba10 -->
