<?xml version="1.0" encoding="UTF-8"?>
<!-- Generated by org.testng.reporters.JUnitXMLReporter -->
<testsuite ignored="0" hostname="DESKTOP-C57COV6" failures="0" tests="2" name="Prueba10" time="240.514" errors="0" timestamp="10 ago. 2021 07:27:09 GMT">
  <testcase classname="com.timp.test.MDR.Siscoserv.RegistroRP.RegistroRPExcluirEmMassa" name="criar" time="171.919"/>
  <testcase classname="com.timp.test.MDR.Siscoserv.RegistroRP.RegistroRPExcluirEmMassa" name="excluir" time="35.378"/>
</testsuite> <!-- Prueba10 -->
