<?xml version="1.0" encoding="UTF-8"?>
<!-- Generated by org.testng.reporters.JUnitXMLReporter -->
<testsuite ignored="0" hostname="DESKTOP-M23FVFN" failures="0" tests="7" name="Prueba4" time="753.824" errors="0" timestamp="21 ene. 2022 07:41:20 GMT">
  <testcase classname="com.timp.test.MDR.TabelasApoioESocial.Tabela04.CodigosEAliqDeFPRASCriar" name="criar" time="107.059"/>
  <testcase classname="com.timp.test.MDR.TabelasApoioESocial.Tabela04.CodigosEAliqDeFPRASEditar" name="editar" time="128.385"/>
  <testcase classname="com.timp.test.MDR.TabelasApoioESocial.Tabela04.CodigosEAliqDeFPRASVisualizar" name="Visualizar" time="86.263"/>
  <testcase classname="com.timp.test.MDR.TabelasApoioESocial.Tabela04.CodigosEAliqDeFPRASDetalhes" name="detalhe" time="95.777"/>
  <testcase classname="com.timp.test.MDR.TabelasApoioESocial.Tabela04.CodigosEAliqDeFPRASExcluir" name="excluir" time="93.866"/>
  <testcase classname="com.timp.test.MDR.TabelasApoioESocial.Tabela04.CodigosEAliqDeFPRASExcluirMassa" name="criar" time="106.752"/>
  <testcase classname="com.timp.test.MDR.TabelasApoioESocial.Tabela04.CodigosEAliqDeFPRASExcluirMassa" name="excluirMassa" time="50.737"/>
</testsuite> <!-- Prueba4 -->
