<?xml version="1.0" encoding="UTF-8"?>
<!-- Generated by org.testng.reporters.JUnitXMLReporter -->
<testsuite ignored="0" hostname="DESKTOP-M23FVFN" failures="5" tests="7" name="RegistroDeExportaçao" time="1084.544" errors="0" timestamp="30 nov. 2021 13:18:10 GMT">
  <testcase classname="com.timp.test.MDR.RegistroDeExportaçao.RegistroDeExportaçaoCriar" name="criar" time="115.588">
    <failure type="java.lang.AssertionError" message="Não foi possivel aceder ao aplicativo expected [true] but found [false]">
      <![CDATA[java.lang.AssertionError: Não foi possivel aceder ao aplicativo expected [true] but found [false]
at com.timp.test.MDR.RegistroDeExportaçao.RegistroDeExportaçaoCriar.criar(RegistroDeExportaçaoCriar.java:45)
... Removed 28 stack frames]]>
    </failure>
  </testcase> <!-- criar -->
  <testcase classname="com.timp.test.MDR.RegistroDeExportaçao.RegistroDeExportaçaoEditar" name="editar" time="454.385">
    <failure type="org.openqa.selenium.TimeoutException" message="Expected condition failed: waiting for org.openqa.selenium.support.ui.ExpectedConditions$$Lambda$327/0x000000080030d000@102b5ad6 (tried for 360 second(s) with 500 milliseconds interval)
Build info: version: &amp;apos;3.141.59&amp;apos;, revision: &amp;apos;e82be7d358&amp;apos;, time: &amp;apos;2018-11-14T08:17:03&amp;apos;
System info: host: &amp;apos;DESKTOP-M23FVFN&amp;apos;, ip: &amp;apos;192.168.0.106&amp;apos;, os.name: &amp;apos;Windows 10&amp;apos;, os.arch: &amp;apos;amd64&amp;apos;, os.version: &amp;apos;10.0&amp;apos;, java.version: &amp;apos;17.0.1&amp;apos;
Driver info: org.openqa.selenium.chrome.ChromeDriver
Capabilities {acceptInsecureCerts: false, browserName: chrome, browserVersion: 83.0.4103.61, chrome: {chromedriverVersion: 83.0.4103.39 (ccbf011cb2d2b..., userDataDir: C:\Users\Massiel\AppData\Lo...}, goog:chromeOptions: {debuggerAddress: localhost:59764}, javascriptEnabled: true, networkConnectionEnabled: false, pageLoadStrategy: normal, platform: WINDOWS, platformName: WINDOWS, proxy: Proxy(), setWindowRect: true, strictFileInteractability: false, timeouts: {implicit: 0, pageLoad: 300000, script: 30000}, unhandledPromptBehavior: dismiss and notify, webauthn:virtualAuthenticators: true}
Session ID: a683c159031ee1210bb678766c56e238">
      <![CDATA[org.openqa.selenium.TimeoutException: Expected condition failed: waiting for org.openqa.selenium.support.ui.ExpectedConditions$$Lambda$327/0x000000080030d000@102b5ad6 (tried for 360 second(s) with 500 milliseconds interval)
Build info: version: '3.141.59', revision: 'e82be7d358', time: '2018-11-14T08:17:03'
System info: host: 'DESKTOP-M23FVFN', ip: '192.168.0.106', os.name: 'Windows 10', os.arch: 'amd64', os.version: '10.0', java.version: '17.0.1'
Driver info: org.openqa.selenium.chrome.ChromeDriver
Capabilities {acceptInsecureCerts: false, browserName: chrome, browserVersion: 83.0.4103.61, chrome: {chromedriverVersion: 83.0.4103.39 (ccbf011cb2d2b..., userDataDir: C:\Users\Massiel\AppData\Lo...}, goog:chromeOptions: {debuggerAddress: localhost:59764}, javascriptEnabled: true, networkConnectionEnabled: false, pageLoadStrategy: normal, platform: WINDOWS, platformName: WINDOWS, proxy: Proxy(), setWindowRect: true, strictFileInteractability: false, timeouts: {implicit: 0, pageLoad: 300000, script: 30000}, unhandledPromptBehavior: dismiss and notify, webauthn:virtualAuthenticators: true}
Session ID: a683c159031ee1210bb678766c56e238
at org.openqa.selenium.support.ui.WebDriverWait.timeoutException(WebDriverWait.java:95)
at org.openqa.selenium.support.ui.FluentWait.until(FluentWait.java:272)
at com.sap.timp.base.TestBaseSteven.attributoNotToBeEmptyElement(TestBaseSteven.java:425)
at com.sap.timp.pageObjectModel.MDR.RegistroDeExportaçao.RegistroDeExportaçaoEditarPO.editar(RegistroDeExportaçaoEditarPO.java:101)
at com.timp.test.MDR.RegistroDeExportaçao.RegistroDeExportaçaoEditar.editar(RegistroDeExportaçaoEditar.java:46)
... Removed 25 stack frames]]>
    </failure>
  </testcase> <!-- editar -->
  <testcase classname="com.timp.test.MDR.RegistroDeExportaçao.RegistroDeExportaçaoVisualizar" name="Visualizar" time="87.27">
    <failure type="java.lang.AssertionError" message="O modo visualização não está ativado expected [true] but found [false]">
      <![CDATA[java.lang.AssertionError: O modo visualização não está ativado expected [true] but found [false]
at com.timp.test.MDR.RegistroDeExportaçao.RegistroDeExportaçaoVisualizar.Visualizar(RegistroDeExportaçaoVisualizar.java:49)
... Removed 28 stack frames]]>
    </failure>
  </testcase> <!-- Visualizar -->
  <testcase classname="com.timp.test.MDR.RegistroDeExportaçao.RegistroDeExportaçaoFiltrosAvançados" name="filtros" time="70.202">
    <failure type="java.lang.AssertionError" message="Os resultados não são acorde aos filtros expected [true] but found [false]">
      <![CDATA[java.lang.AssertionError: Os resultados não são acorde aos filtros expected [true] but found [false]
at com.timp.test.MDR.RegistroDeExportaçao.RegistroDeExportaçaoFiltrosAvançados.filtros(RegistroDeExportaçaoFiltrosAvançados.java:47)
... Removed 28 stack frames]]>
    </failure>
  </testcase> <!-- filtros -->
  <testcase classname="com.timp.test.MDR.RegistroDeExportaçao.RegistroDeExportaçaoExcluir" name="Excluir" time="101.361"/>
  <testcase classname="com.timp.test.MDR.RegistroDeExportaçao.RegistroDeExportaçaoExcluirMassa" name="criar" time="157.467">
    <failure type="java.lang.AssertionError" message="O registro não foi criado com sucesso expected [true] but found [false]">
      <![CDATA[java.lang.AssertionError: O registro não foi criado com sucesso expected [true] but found [false]
at com.timp.test.MDR.RegistroDeExportaçao.RegistroDeExportaçaoExcluirMassa.criar(RegistroDeExportaçaoExcluirMassa.java:43)
... Removed 28 stack frames]]>
    </failure>
  </testcase> <!-- criar -->
  <testcase classname="com.timp.test.MDR.RegistroDeExportaçao.RegistroDeExportaçaoExcluirMassa" name="Excluir" time="0.0">
    <skipped/>
  </testcase> <!-- Excluir -->
</testsuite> <!-- RegistroDeExportaçao -->
