<?xml version="1.0" encoding="UTF-8"?>
<!-- Generated by org.testng.reporters.JUnitXMLReporter -->
<testsuite ignored="0" hostname="DESKTOP-JP1A9E6" failures="1" tests="7" name="RegistroDeExportaçao" time="1050.474" errors="0" timestamp="10 sep. 2021 20:13:17 GMT">
  <testcase classname="com.timp.test.MDR.RegistroDeExportaçao.RegistroDeExportaçaoCriar" name="criar" time="93.449"/>
  <testcase classname="com.timp.test.MDR.RegistroDeExportaçao.RegistroDeExportaçaoEditar" name="editar" time="443.697">
    <failure type="org.openqa.selenium.TimeoutException" message="Expected condition failed: waiting for org.openqa.selenium.support.ui.ExpectedConditions$$Lambda$323/0x00000008002fb900@5c431a04 (tried for 360 second(s) with 500 milliseconds interval)
Build info: version: &amp;apos;3.141.59&amp;apos;, revision: &amp;apos;e82be7d358&amp;apos;, time: &amp;apos;2018-11-14T08:17:03&amp;apos;
System info: host: &amp;apos;DESKTOP-JP1A9E6&amp;apos;, ip: &amp;apos;192.168.0.21&amp;apos;, os.name: &amp;apos;Windows 10&amp;apos;, os.arch: &amp;apos;amd64&amp;apos;, os.version: &amp;apos;10.0&amp;apos;, java.version: &amp;apos;15.0.2&amp;apos;
Driver info: org.openqa.selenium.chrome.ChromeDriver
Capabilities {acceptInsecureCerts: false, browserName: chrome, browserVersion: 83.0.4103.106, chrome: {chromedriverVersion: 83.0.4103.39 (ccbf011cb2d2b..., userDataDir: C:\Users\Massiel\AppData\Lo...}, goog:chromeOptions: {debuggerAddress: localhost:56682}, javascriptEnabled: true, networkConnectionEnabled: false, pageLoadStrategy: normal, platform: WINDOWS, platformName: WINDOWS, proxy: Proxy(), setWindowRect: true, strictFileInteractability: false, timeouts: {implicit: 0, pageLoad: 300000, script: 30000}, unhandledPromptBehavior: dismiss and notify, webauthn:virtualAuthenticators: true}
Session ID: 0451c99eea079d37c86ded3ee15e2040">
      <![CDATA[org.openqa.selenium.TimeoutException: Expected condition failed: waiting for org.openqa.selenium.support.ui.ExpectedConditions$$Lambda$323/0x00000008002fb900@5c431a04 (tried for 360 second(s) with 500 milliseconds interval)
Build info: version: '3.141.59', revision: 'e82be7d358', time: '2018-11-14T08:17:03'
System info: host: 'DESKTOP-JP1A9E6', ip: '192.168.0.21', os.name: 'Windows 10', os.arch: 'amd64', os.version: '10.0', java.version: '15.0.2'
Driver info: org.openqa.selenium.chrome.ChromeDriver
Capabilities {acceptInsecureCerts: false, browserName: chrome, browserVersion: 83.0.4103.106, chrome: {chromedriverVersion: 83.0.4103.39 (ccbf011cb2d2b..., userDataDir: C:\Users\Massiel\AppData\Lo...}, goog:chromeOptions: {debuggerAddress: localhost:56682}, javascriptEnabled: true, networkConnectionEnabled: false, pageLoadStrategy: normal, platform: WINDOWS, platformName: WINDOWS, proxy: Proxy(), setWindowRect: true, strictFileInteractability: false, timeouts: {implicit: 0, pageLoad: 300000, script: 30000}, unhandledPromptBehavior: dismiss and notify, webauthn:virtualAuthenticators: true}
Session ID: 0451c99eea079d37c86ded3ee15e2040
at org.openqa.selenium.support.ui.WebDriverWait.timeoutException(WebDriverWait.java:95)
at org.openqa.selenium.support.ui.FluentWait.until(FluentWait.java:272)
at com.sap.timp.base.TestBaseSteven.attributoNotToBeEmptyElement(TestBaseSteven.java:423)
at com.sap.timp.pageObjectModel.MDR.RegistroDeExportaçao.RegistroDeExportaçaoEditarPO.editar(RegistroDeExportaçaoEditarPO.java:101)
at com.timp.test.MDR.RegistroDeExportaçao.RegistroDeExportaçaoEditar.editar(RegistroDeExportaçaoEditar.java:46)
... Removed 25 stack frames]]>
    </failure>
  </testcase> <!-- editar -->
  <testcase classname="com.timp.test.MDR.RegistroDeExportaçao.RegistroDeExportaçaoVisualizar" name="Visualizar" time="76.533"/>
  <testcase classname="com.timp.test.MDR.RegistroDeExportaçao.RegistroDeExportaçaoFiltrosAvançados" name="filtros" time="123.043"/>
  <testcase classname="com.timp.test.MDR.RegistroDeExportaçao.RegistroDeExportaçaoExcluir" name="Excluir" time="84.893"/>
  <testcase classname="com.timp.test.MDR.RegistroDeExportaçao.RegistroDeExportaçaoExcluirMassa" name="criar" time="106.406"/>
  <testcase classname="com.timp.test.MDR.RegistroDeExportaçao.RegistroDeExportaçaoExcluirMassa" name="Excluir" time="39.174"/>
</testsuite> <!-- RegistroDeExportaçao -->
