<?xml version="1.0" encoding="UTF-8"?>
<!-- Generated by org.testng.reporters.JUnitXMLReporter -->
<testsuite ignored="0" hostname="LAPTOP-IN7IV9K5" failures="0" tests="9" name="Regras de Auditoria N3" time="1336.164" errors="0" timestamp="04 mar. 2021 19:40:37 GMT">
  <testcase classname="com.timp.test.BRE.RegrasDeAuditoriaN3.ParametrosGerais.RegrasDeAuditoriaN3CriarMasCaminho" name="criarComCaminho" time="155.958"/>
  <testcase classname="com.timp.test.BRE.RegrasDeAuditoriaN3.ParametrosGerais.RegrasDeAuditoriaN3CriarMasCriarComCopia" name="criarComCopia" time="155.328"/>
  <testcase classname="com.timp.test.BRE.RegrasDeAuditoriaN3.ParametrosGerais.RegrasDeAuditoriaN3Editar" name="editar" time="134.089"/>
  <testcase classname="com.timp.test.BRE.RegrasDeAuditoriaN3.ParametrosGerais.RegrasDeAuditoriaN3Detalhes" name="detalhes" time="62.448"/>
  <testcase classname="com.timp.test.BRE.RegrasDeAuditoriaN3.ParametrosGerais.RegrasDeAuditoriaN3Visualizar" name="visualizar" time="73.572"/>
  <testcase classname="com.timp.test.BRE.RegrasDeAuditoriaN3.Edicao.RegrasDeAuditoriaN3Relacionamento" name="relacionamento" time="104.369"/>
  <testcase classname="com.timp.test.BRE.RegrasDeAuditoriaN3.Edicao.RegrasdeAuditoriaN3ValoresCalculados" name="valoresCalculados" time="165.418"/>
  <testcase classname="com.timp.test.BRE.RegrasDeAuditoriaN3.ParametrosGerais.RegrasDeAuditoriaN3Excluir" name="excluir" time="105.866"/>
  <testcase classname="com.timp.test.BRE.RegrasDeAuditoriaN3.ParametrosGerais.RegrasDeAuditoriaN3LixeiraEmMassaMaisExcluirEmMassa" name="excluirEmMassa" time="246.238"/>
</testsuite> <!-- Regras de Auditoria N3 -->
