<?xml version="1.0" encoding="UTF-8"?>
<!-- Generated by org.testng.reporters.JUnitXMLReporter -->
<testsuite ignored="0" hostname="LAPTOP-IN7IV9K5" failures="3" tests="9" name="Regras de Auditoria N3" time="1279.942" errors="0" timestamp="26 mar. 2021 21:07:31 GMT">
  <testcase classname="com.timp.test.BRE.RegrasDeAuditoriaN3.ParametrosGerais.RegrasDeAuditoriaN3CriarMasCaminho" name="criarComCaminho" time="158.392"/>
  <testcase classname="com.timp.test.BRE.RegrasDeAuditoriaN3.ParametrosGerais.RegrasDeAuditoriaN3CriarMasCriarComCopia" name="criarComCopia" time="160.152"/>
  <testcase classname="com.timp.test.BRE.RegrasDeAuditoriaN3.ParametrosGerais.RegrasDeAuditoriaN3Editar" name="editar" time="137.158"/>
  <testcase classname="com.timp.test.BRE.RegrasDeAuditoriaN3.ParametrosGerais.RegrasDeAuditoriaN3Detalhes" name="detalhes" time="62.492">
    <failure type="java.lang.AssertionError" message="As informações não são as esperadas expected [true] but found [false]">
      <![CDATA[java.lang.AssertionError: As informações não são as esperadas expected [true] but found [false]
at com.timp.test.BRE.RegrasDeAuditoriaN3.ParametrosGerais.RegrasDeAuditoriaN3Detalhes.detalhes(RegrasDeAuditoriaN3Detalhes.java:42)
... Removed 28 stack frames]]>
    </failure>
  </testcase> <!-- detalhes -->
  <testcase classname="com.timp.test.BRE.RegrasDeAuditoriaN3.ParametrosGerais.RegrasDeAuditoriaN3Visualizar" name="visualizar" time="73.829"/>
  <testcase classname="com.timp.test.BRE.RegrasDeAuditoriaN3.Edicao.RegrasDeAuditoriaN3Relacionamento" name="relacionamento" time="59.743">
    <failure type="org.openqa.selenium.NoSuchElementException" message="no such element: Unable to locate element: {&amp;quot;method&amp;quot;:&amp;quot;xpath&amp;quot;,&amp;quot;selector&amp;quot;:&amp;quot;//div[@id=&amp;quot;47&amp;quot;]/div[2]&amp;quot;}
  (Session info: chrome=83.0.4103.106)
For documentation on this error, please visit: https://www.seleniumhq.org/exceptions/no_such_element.html
Build info: version: &amp;apos;3.141.59&amp;apos;, revision: &amp;apos;e82be7d358&amp;apos;, time: &amp;apos;2018-11-14T08:17:03&amp;apos;
System info: host: &amp;apos;LAPTOP-IN7IV9K5&amp;apos;, ip: &amp;apos;192.168.212.155&amp;apos;, os.name: &amp;apos;Windows 10&amp;apos;, os.arch: &amp;apos;amd64&amp;apos;, os.version: &amp;apos;10.0&amp;apos;, java.version: &amp;apos;15.0.2&amp;apos;
Driver info: org.openqa.selenium.chrome.ChromeDriver
Capabilities {acceptInsecureCerts: false, browserName: chrome, browserVersion: 83.0.4103.106, chrome: {chromedriverVersion: 83.0.4103.39 (ccbf011cb2d2b..., userDataDir: C:\Users\Agile\AppData\Loca...}, goog:chromeOptions: {debuggerAddress: localhost:52081}, javascriptEnabled: true, networkConnectionEnabled: false, pageLoadStrategy: normal, platform: WINDOWS, platformName: WINDOWS, proxy: Proxy(), setWindowRect: true, strictFileInteractability: false, timeouts: {implicit: 0, pageLoad: 300000, script: 30000}, unhandledPromptBehavior: dismiss and notify, webauthn:virtualAuthenticators: true}
Session ID: 125ecad8af91bf59b68eef88fd48da2c
*** Element info: {Using=xpath, value=//div[@id=&amp;quot;47&amp;quot;]/div[2]}">
      <![CDATA[org.openqa.selenium.NoSuchElementException: no such element: Unable to locate element: {"method":"xpath","selector":"//div[@id="47"]/div[2]"}
  (Session info: chrome=83.0.4103.106)
For documentation on this error, please visit: https://www.seleniumhq.org/exceptions/no_such_element.html
Build info: version: '3.141.59', revision: 'e82be7d358', time: '2018-11-14T08:17:03'
System info: host: 'LAPTOP-IN7IV9K5', ip: '192.168.212.155', os.name: 'Windows 10', os.arch: 'amd64', os.version: '10.0', java.version: '15.0.2'
Driver info: org.openqa.selenium.chrome.ChromeDriver
Capabilities {acceptInsecureCerts: false, browserName: chrome, browserVersion: 83.0.4103.106, chrome: {chromedriverVersion: 83.0.4103.39 (ccbf011cb2d2b..., userDataDir: C:\Users\Agile\AppData\Loca...}, goog:chromeOptions: {debuggerAddress: localhost:52081}, javascriptEnabled: true, networkConnectionEnabled: false, pageLoadStrategy: normal, platform: WINDOWS, platformName: WINDOWS, proxy: Proxy(), setWindowRect: true, strictFileInteractability: false, timeouts: {implicit: 0, pageLoad: 300000, script: 30000}, unhandledPromptBehavior: dismiss and notify, webauthn:virtualAuthenticators: true}
Session ID: 125ecad8af91bf59b68eef88fd48da2c
*** Element info: {Using=xpath, value=//div[@id="47"]/div[2]}
at org.openqa.selenium.remote.http.W3CHttpResponseCodec.createException(W3CHttpResponseCodec.java:187)
at org.openqa.selenium.remote.http.W3CHttpResponseCodec.decode(W3CHttpResponseCodec.java:122)
at org.openqa.selenium.remote.http.W3CHttpResponseCodec.decode(W3CHttpResponseCodec.java:49)
at org.openqa.selenium.remote.HttpCommandExecutor.execute(HttpCommandExecutor.java:158)
at org.openqa.selenium.remote.service.DriverCommandExecutor.execute(DriverCommandExecutor.java:83)
at org.openqa.selenium.remote.RemoteWebDriver.execute(RemoteWebDriver.java:552)
at org.openqa.selenium.remote.RemoteWebDriver.findElement(RemoteWebDriver.java:323)
at org.openqa.selenium.remote.RemoteWebDriver.findElementByXPath(RemoteWebDriver.java:428)
at org.openqa.selenium.By$ByXPath.findElement(By.java:353)
at org.openqa.selenium.remote.RemoteWebDriver.findElement(RemoteWebDriver.java:315)
at org.openqa.selenium.support.pagefactory.DefaultElementLocator.findElement(DefaultElementLocator.java:69)
at org.openqa.selenium.support.pagefactory.internal.LocatingElementHandler.invoke(LocatingElementHandler.java:38)
at com.sun.proxy.$Proxy12.click(Unknown Source)
at com.sap.timp.pageObjectModel.BRE.RegrasDeAuditoriaN3.Edicao.RegrasDeAuditoriaN3RelacionamentoPO.relacionamento(RegrasDeAuditoriaN3RelacionamentoPO.java:146)
at com.timp.test.BRE.RegrasDeAuditoriaN3.Edicao.RegrasDeAuditoriaN3Relacionamento.relacionamento(RegrasDeAuditoriaN3Relacionamento.java:41)
... Removed 29 stack frames]]>
    </failure>
  </testcase> <!-- relacionamento -->
  <testcase classname="com.timp.test.BRE.RegrasDeAuditoriaN3.Edicao.RegrasdeAuditoriaN3ValoresCalculados" name="valoresCalculados" time="161.826"/>
  <testcase classname="com.timp.test.BRE.RegrasDeAuditoriaN3.ParametrosGerais.RegrasDeAuditoriaN3Excluir" name="excluir" time="107.313"/>
  <testcase classname="com.timp.test.BRE.RegrasDeAuditoriaN3.ParametrosGerais.RegrasDeAuditoriaN3LixeiraEmMassaMaisExcluirEmMassa" name="excluirEmMassa" time="206.375">
    <failure type="org.openqa.selenium.NoSuchElementException" message="no such element: Unable to locate element: {&amp;quot;method&amp;quot;:&amp;quot;xpath&amp;quot;,&amp;quot;selector&amp;quot;:&amp;quot;//div[contains(@class,&amp;quot;tbody&amp;quot;)]/div[contains(@class,&amp;quot;tr&amp;quot;) and @data-id][0]/div[3]/div&amp;quot;}
  (Session info: chrome=83.0.4103.106)
For documentation on this error, please visit: https://www.seleniumhq.org/exceptions/no_such_element.html
Build info: version: &amp;apos;3.141.59&amp;apos;, revision: &amp;apos;e82be7d358&amp;apos;, time: &amp;apos;2018-11-14T08:17:03&amp;apos;
System info: host: &amp;apos;LAPTOP-IN7IV9K5&amp;apos;, ip: &amp;apos;192.168.212.155&amp;apos;, os.name: &amp;apos;Windows 10&amp;apos;, os.arch: &amp;apos;amd64&amp;apos;, os.version: &amp;apos;10.0&amp;apos;, java.version: &amp;apos;15.0.2&amp;apos;
Driver info: org.openqa.selenium.chrome.ChromeDriver
Capabilities {acceptInsecureCerts: false, browserName: chrome, browserVersion: 83.0.4103.106, chrome: {chromedriverVersion: 83.0.4103.39 (ccbf011cb2d2b..., userDataDir: C:\Users\Agile\AppData\Loca...}, goog:chromeOptions: {debuggerAddress: localhost:52812}, javascriptEnabled: true, networkConnectionEnabled: false, pageLoadStrategy: normal, platform: WINDOWS, platformName: WINDOWS, proxy: Proxy(), setWindowRect: true, strictFileInteractability: false, timeouts: {implicit: 0, pageLoad: 300000, script: 30000}, unhandledPromptBehavior: dismiss and notify, webauthn:virtualAuthenticators: true}
Session ID: cbd028528f5e5668616eabbc0ba1a085
*** Element info: {Using=xpath, value=//div[contains(@class,&amp;quot;tbody&amp;quot;)]/div[contains(@class,&amp;quot;tr&amp;quot;) and @data-id][0]/div[3]/div}">
      <![CDATA[org.openqa.selenium.NoSuchElementException: no such element: Unable to locate element: {"method":"xpath","selector":"//div[contains(@class,"tbody")]/div[contains(@class,"tr") and @data-id][0]/div[3]/div"}
  (Session info: chrome=83.0.4103.106)
For documentation on this error, please visit: https://www.seleniumhq.org/exceptions/no_such_element.html
Build info: version: '3.141.59', revision: 'e82be7d358', time: '2018-11-14T08:17:03'
System info: host: 'LAPTOP-IN7IV9K5', ip: '192.168.212.155', os.name: 'Windows 10', os.arch: 'amd64', os.version: '10.0', java.version: '15.0.2'
Driver info: org.openqa.selenium.chrome.ChromeDriver
Capabilities {acceptInsecureCerts: false, browserName: chrome, browserVersion: 83.0.4103.106, chrome: {chromedriverVersion: 83.0.4103.39 (ccbf011cb2d2b..., userDataDir: C:\Users\Agile\AppData\Loca...}, goog:chromeOptions: {debuggerAddress: localhost:52812}, javascriptEnabled: true, networkConnectionEnabled: false, pageLoadStrategy: normal, platform: WINDOWS, platformName: WINDOWS, proxy: Proxy(), setWindowRect: true, strictFileInteractability: false, timeouts: {implicit: 0, pageLoad: 300000, script: 30000}, unhandledPromptBehavior: dismiss and notify, webauthn:virtualAuthenticators: true}
Session ID: cbd028528f5e5668616eabbc0ba1a085
*** Element info: {Using=xpath, value=//div[contains(@class,"tbody")]/div[contains(@class,"tr") and @data-id][0]/div[3]/div}
at org.openqa.selenium.remote.http.W3CHttpResponseCodec.createException(W3CHttpResponseCodec.java:187)
at org.openqa.selenium.remote.http.W3CHttpResponseCodec.decode(W3CHttpResponseCodec.java:122)
at org.openqa.selenium.remote.http.W3CHttpResponseCodec.decode(W3CHttpResponseCodec.java:49)
at org.openqa.selenium.remote.HttpCommandExecutor.execute(HttpCommandExecutor.java:158)
at org.openqa.selenium.remote.service.DriverCommandExecutor.execute(DriverCommandExecutor.java:83)
at org.openqa.selenium.remote.RemoteWebDriver.execute(RemoteWebDriver.java:552)
at org.openqa.selenium.remote.RemoteWebDriver.findElement(RemoteWebDriver.java:323)
at org.openqa.selenium.remote.RemoteWebDriver.findElementByXPath(RemoteWebDriver.java:428)
at org.openqa.selenium.By$ByXPath.findElement(By.java:353)
at org.openqa.selenium.remote.RemoteWebDriver.findElement(RemoteWebDriver.java:315)
at com.sap.timp.pageObjectModel.BRE.RegrasDeAuditoriaN3.ParametrosGerais.RegrasDeAuditoriaN3LixeiraEmMassaMaisExcluirEmMassaPO.criar(RegrasDeAuditoriaN3LixeiraEmMassaMaisExcluirEmMassaPO.java:451)
at com.timp.test.BRE.RegrasDeAuditoriaN3.ParametrosGerais.RegrasDeAuditoriaN3LixeiraEmMassaMaisExcluirEmMassa.excluirEmMassa(RegrasDeAuditoriaN3LixeiraEmMassaMaisExcluirEmMassa.java:41)
... Removed 29 stack frames]]>
    </failure>
  </testcase> <!-- excluirEmMassa -->
</testsuite> <!-- Regras de Auditoria N3 -->
