<?xml version="1.0" encoding="UTF-8"?>
<!-- Generated by org.testng.reporters.JUnitXMLReporter -->
<testsuite ignored="0" hostname="DESKTOP-M23FVFN" failures="1" tests="11" name="Regra de Escrituração" time="3328.336" errors="0" timestamp="2022-11-01T14:45:49 BRT">
  <testcase classname="com.timp.test.BRE.RegrasDeEscrituração.ParametrosGerais.RegrasDeEscrituraçãoCriarMasCaminho" name="criarMaisCaminho" time="253.836"/>
  <testcase classname="com.timp.test.BRE.RegrasDeEscrituração.ParametrosGerais.RegrasDeEscrituraçãoCriarComCopia" name="criarcomCopia" time="214.21"/>
  <testcase classname="com.timp.test.BRE.RegrasDeEscrituração.ParametrosGerais.RegrasDeEscrituraçãoCriarComCopia" name="excluir" time="60.14"/>
  <testcase classname="com.timp.test.BRE.RegrasDeEscrituração.ParametrosGerais.RegrasDeEscrituraçãoEditar" name="editar" time="995.699"/>
  <testcase classname="com.timp.test.BRE.RegrasDeEscrituração.ParametrosGerais.RegrasDeEscrituraçãoVisualizar" name="visualizar" time="147.34"/>
  <testcase classname="com.timp.test.BRE.RegrasDeEscrituração.ParametrosGerais.RegrasDeEscrituraçãoDetalhes" name="detalhes" time="100.578"/>
  <testcase classname="com.timp.test.BRE.RegrasDeEscrituração.Edicao.RegrasdeEscrituraçãoEdiçãoSimular" name="simular" time="109.144">
    <failure type="org.openqa.selenium.NoSuchElementException" message="no such element: Unable to locate element: {&amp;quot;method&amp;quot;:&amp;quot;xpath&amp;quot;,&amp;quot;selector&amp;quot;:&amp;quot;//div[@class=&amp;quot;graph-wrapper&amp;quot;]//*[name()=&amp;quot;g&amp;quot;][5]&amp;quot;}
  (Session info: chrome=83.0.4103.61)
For documentation on this error, please visit: https://www.seleniumhq.org/exceptions/no_such_element.html
Build info: version: &amp;apos;3.141.59&amp;apos;, revision: &amp;apos;e82be7d358&amp;apos;, time: &amp;apos;2018-11-14T08:17:03&amp;apos;
System info: host: &amp;apos;DESKTOP-M23FVFN&amp;apos;, ip: &amp;apos;192.168.0.104&amp;apos;, os.name: &amp;apos;Windows 10&amp;apos;, os.arch: &amp;apos;amd64&amp;apos;, os.version: &amp;apos;10.0&amp;apos;, java.version: &amp;apos;17.0.1&amp;apos;
Driver info: org.openqa.selenium.chrome.ChromeDriver
Capabilities {acceptInsecureCerts: false, browserName: chrome, browserVersion: 83.0.4103.61, chrome: {chromedriverVersion: 83.0.4103.39 (ccbf011cb2d2b..., userDataDir: C:\Users\Massiel\AppData\Lo...}, goog:chromeOptions: {debuggerAddress: localhost:64003}, javascriptEnabled: true, networkConnectionEnabled: false, pageLoadStrategy: normal, platform: WINDOWS, platformName: WINDOWS, proxy: Proxy(), setWindowRect: true, strictFileInteractability: false, timeouts: {implicit: 0, pageLoad: 300000, script: 30000}, unhandledPromptBehavior: dismiss and notify, webauthn:virtualAuthenticators: true}
Session ID: 7713ac4ba09ac61caa7b4d4aaf33e2bd
*** Element info: {Using=xpath, value=//div[@class=&amp;quot;graph-wrapper&amp;quot;]//*[name()=&amp;quot;g&amp;quot;][5]}">
      <![CDATA[org.openqa.selenium.NoSuchElementException: no such element: Unable to locate element: {"method":"xpath","selector":"//div[@class="graph-wrapper"]//*[name()="g"][5]"}
  (Session info: chrome=83.0.4103.61)
For documentation on this error, please visit: https://www.seleniumhq.org/exceptions/no_such_element.html
Build info: version: '3.141.59', revision: 'e82be7d358', time: '2018-11-14T08:17:03'
System info: host: 'DESKTOP-M23FVFN', ip: '192.168.0.104', os.name: 'Windows 10', os.arch: 'amd64', os.version: '10.0', java.version: '17.0.1'
Driver info: org.openqa.selenium.chrome.ChromeDriver
Capabilities {acceptInsecureCerts: false, browserName: chrome, browserVersion: 83.0.4103.61, chrome: {chromedriverVersion: 83.0.4103.39 (ccbf011cb2d2b..., userDataDir: C:\Users\Massiel\AppData\Lo...}, goog:chromeOptions: {debuggerAddress: localhost:64003}, javascriptEnabled: true, networkConnectionEnabled: false, pageLoadStrategy: normal, platform: WINDOWS, platformName: WINDOWS, proxy: Proxy(), setWindowRect: true, strictFileInteractability: false, timeouts: {implicit: 0, pageLoad: 300000, script: 30000}, unhandledPromptBehavior: dismiss and notify, webauthn:virtualAuthenticators: true}
Session ID: 7713ac4ba09ac61caa7b4d4aaf33e2bd
*** Element info: {Using=xpath, value=//div[@class="graph-wrapper"]//*[name()="g"][5]}
at org.openqa.selenium.remote.http.W3CHttpResponseCodec.createException(W3CHttpResponseCodec.java:187)
at org.openqa.selenium.remote.http.W3CHttpResponseCodec.decode(W3CHttpResponseCodec.java:122)
at org.openqa.selenium.remote.http.W3CHttpResponseCodec.decode(W3CHttpResponseCodec.java:49)
at org.openqa.selenium.remote.HttpCommandExecutor.execute(HttpCommandExecutor.java:158)
at org.openqa.selenium.remote.service.DriverCommandExecutor.execute(DriverCommandExecutor.java:83)
at org.openqa.selenium.remote.RemoteWebDriver.execute(RemoteWebDriver.java:552)
at org.openqa.selenium.remote.RemoteWebDriver.findElement(RemoteWebDriver.java:323)
at org.openqa.selenium.remote.RemoteWebDriver.findElementByXPath(RemoteWebDriver.java:428)
at org.openqa.selenium.By$ByXPath.findElement(By.java:353)
at org.openqa.selenium.remote.RemoteWebDriver.findElement(RemoteWebDriver.java:315)
at org.openqa.selenium.support.pagefactory.DefaultElementLocator.findElement(DefaultElementLocator.java:69)
at org.openqa.selenium.support.pagefactory.internal.LocatingElementHandler.invoke(LocatingElementHandler.java:38)
at jdk.proxy2/jdk.proxy2.$Proxy11.click(Unknown Source)
at com.sap.timp.pageObjectModel.BRE.RegrasDeEscrituração.Edicao.RegrasdeEscrituraçãoEdiçãoSimularPO.editar(RegrasdeEscrituraçãoEdiçãoSimularPO.java:161)
at com.timp.test.BRE.RegrasDeEscrituração.Edicao.RegrasdeEscrituraçãoEdiçãoSimular.simular(RegrasdeEscrituraçãoEdiçãoSimular.java:48)
at java.base/java.util.ArrayList.forEach(ArrayList.java:1511)
... Removed 31 stack frames]]>
    </failure>
  </testcase> <!-- simular -->
  <testcase classname="com.timp.test.BRE.RegrasDeEscrituração.Edicao.RegrasDeEscrituraçãoEdiçãoRelacionamento" name="relacionamento" time="276.995"/>
  <testcase classname="com.timp.test.BRE.RegrasDeEscrituração.Edicao.RegrasDeEscrituraçãoEdiçãoValoresCalculados" name="ValoresCalculados" time="311.241"/>
  <testcase classname="com.timp.test.BRE.RegrasDeEscrituração.ParametrosGerais.RegrasDeEscrituracaoExcluir" name="excluir" time="188.6"/>
  <testcase classname="com.timp.test.BRE.RegrasDeEscrituração.ParametrosGerais.RegrasDeEscrituracaoLixeiraEmMassaMaisExcluirEmMassa" name="lixeiraEmMassaMaisExcluirEmMassa" time="383.224"/>
</testsuite> <!-- Regra de Escrituração -->
