<?xml version="1.0" encoding="UTF-8"?>
<!-- Generated by org.testng.reporters.JUnitXMLReporter -->
<testsuite ignored="0" hostname="Agile" failures="4" tests="13" name="Regras de Auditoria N2" time="3510.299" errors="0" timestamp="10 may. 2022 21:06:20 GMT">
  <testcase classname="com.timp.test.BRE.RegrasdeAuditoriaN2.ParametrosGerais.RegrasDeAuditoriaN2CriarCaminhos" name="criar" time="288.498"/>
  <testcase classname="com.timp.test.BRE.RegrasdeAuditoriaN2.ParametrosGerais.RegrasDeAuditoriaN2CriarComCopia" name="criarComCopia" time="280.609"/>
  <testcase classname="com.timp.test.BRE.RegrasdeAuditoriaN2.ParametrosGerais.RegrasdeAuditoriaN2Editar" name="editar" time="288.952"/>
  <testcase classname="com.timp.test.BRE.RegrasdeAuditoriaN2.ParametrosGerais.RegrasdeAuditoriaN2Detalhes" name="detalhes" time="95.917"/>
  <testcase classname="com.timp.test.BRE.RegrasdeAuditoriaN2.ParametrosGerais.RegrasdeAuditoriaN2Visualizar" name="visualizar" time="142.137"/>
  <testcase classname="com.timp.test.BRE.RegrasdeAuditoriaN2.edicao.RegrasdeAuditoriaN2Correção" name="editar" time="118.987">
    <failure type="org.openqa.selenium.NoSuchElementException" message="no such element: Unable to locate element: {&amp;quot;method&amp;quot;:&amp;quot;xpath&amp;quot;,&amp;quot;selector&amp;quot;:&amp;quot;//div[text()=&amp;quot;HCNF0125 - TA-1871 NÃO MEXER&amp;quot;]&amp;quot;}
  (Session info: chrome=83.0.4103.106)
For documentation on this error, please visit: https://www.seleniumhq.org/exceptions/no_such_element.html
Build info: version: &amp;apos;3.141.59&amp;apos;, revision: &amp;apos;e82be7d358&amp;apos;, time: &amp;apos;2018-11-14T08:17:03&amp;apos;
System info: host: &amp;apos;AGILE&amp;apos;, ip: &amp;apos;192.168.0.110&amp;apos;, os.name: &amp;apos;Windows 10&amp;apos;, os.arch: &amp;apos;amd64&amp;apos;, os.version: &amp;apos;10.0&amp;apos;, java.version: &amp;apos;17.0.1&amp;apos;
Driver info: org.openqa.selenium.chrome.ChromeDriver
Capabilities {acceptInsecureCerts: false, browserName: chrome, browserVersion: 83.0.4103.106, chrome: {chromedriverVersion: 83.0.4103.39 (ccbf011cb2d2b..., userDataDir: C:\Users\MASSIEL\AppData\Lo...}, goog:chromeOptions: {debuggerAddress: localhost:65276}, javascriptEnabled: true, networkConnectionEnabled: false, pageLoadStrategy: normal, platform: WINDOWS, platformName: WINDOWS, proxy: Proxy(), setWindowRect: true, strictFileInteractability: false, timeouts: {implicit: 0, pageLoad: 300000, script: 30000}, unhandledPromptBehavior: dismiss and notify, webauthn:virtualAuthenticators: true}
Session ID: 8b1d3b4f46e355fb958b4490f49c2036
*** Element info: {Using=xpath, value=//div[text()=&amp;quot;HCNF0125 - TA-1871 NÃO MEXER&amp;quot;]}">
      <![CDATA[org.openqa.selenium.NoSuchElementException: no such element: Unable to locate element: {"method":"xpath","selector":"//div[text()="HCNF0125 - TA-1871 NÃO MEXER"]"}
  (Session info: chrome=83.0.4103.106)
For documentation on this error, please visit: https://www.seleniumhq.org/exceptions/no_such_element.html
Build info: version: '3.141.59', revision: 'e82be7d358', time: '2018-11-14T08:17:03'
System info: host: 'AGILE', ip: '192.168.0.110', os.name: 'Windows 10', os.arch: 'amd64', os.version: '10.0', java.version: '17.0.1'
Driver info: org.openqa.selenium.chrome.ChromeDriver
Capabilities {acceptInsecureCerts: false, browserName: chrome, browserVersion: 83.0.4103.106, chrome: {chromedriverVersion: 83.0.4103.39 (ccbf011cb2d2b..., userDataDir: C:\Users\MASSIEL\AppData\Lo...}, goog:chromeOptions: {debuggerAddress: localhost:65276}, javascriptEnabled: true, networkConnectionEnabled: false, pageLoadStrategy: normal, platform: WINDOWS, platformName: WINDOWS, proxy: Proxy(), setWindowRect: true, strictFileInteractability: false, timeouts: {implicit: 0, pageLoad: 300000, script: 30000}, unhandledPromptBehavior: dismiss and notify, webauthn:virtualAuthenticators: true}
Session ID: 8b1d3b4f46e355fb958b4490f49c2036
*** Element info: {Using=xpath, value=//div[text()="HCNF0125 - TA-1871 NÃO MEXER"]}
at org.openqa.selenium.remote.http.W3CHttpResponseCodec.createException(W3CHttpResponseCodec.java:187)
at org.openqa.selenium.remote.http.W3CHttpResponseCodec.decode(W3CHttpResponseCodec.java:122)
at org.openqa.selenium.remote.http.W3CHttpResponseCodec.decode(W3CHttpResponseCodec.java:49)
at org.openqa.selenium.remote.HttpCommandExecutor.execute(HttpCommandExecutor.java:158)
at org.openqa.selenium.remote.service.DriverCommandExecutor.execute(DriverCommandExecutor.java:83)
at org.openqa.selenium.remote.RemoteWebDriver.execute(RemoteWebDriver.java:552)
at org.openqa.selenium.remote.RemoteWebDriver.findElement(RemoteWebDriver.java:323)
at org.openqa.selenium.remote.RemoteWebDriver.findElementByXPath(RemoteWebDriver.java:428)
at org.openqa.selenium.By$ByXPath.findElement(By.java:353)
at org.openqa.selenium.remote.RemoteWebDriver.findElement(RemoteWebDriver.java:315)
at org.openqa.selenium.support.pagefactory.DefaultElementLocator.findElement(DefaultElementLocator.java:69)
at org.openqa.selenium.support.pagefactory.internal.LocatingElementHandler.invoke(LocatingElementHandler.java:38)
at jdk.proxy2/jdk.proxy2.$Proxy12.click(Unknown Source)
at com.sap.timp.pageObjectModel.BRE.RegrasdeAuditoriaN2.Edicao.RegrasdeAuditoriaN2CorreçãoPO.editar(RegrasdeAuditoriaN2CorreçãoPO.java:179)
at com.timp.test.BRE.RegrasdeAuditoriaN2.edicao.RegrasdeAuditoriaN2Correção.editar(RegrasdeAuditoriaN2Correção.java:40)
... Removed 29 stack frames]]>
    </failure>
  </testcase> <!-- editar -->
  <testcase classname="com.timp.test.BRE.RegrasdeAuditoriaN2.edicao.RegrasDeAuditoriaN2EdicaoRelacionamento" name="editar" time="204.736"/>
  <testcase classname="com.timp.test.BRE.RegrasdeAuditoriaN2.edicao.RegrasdeAuditoriaN2EdiçãoSimular" name="editar" time="273.379"/>
  <testcase classname="com.timp.test.BRE.RegrasdeAuditoriaN2.edicao.RegrasdeAuditoriaN2EdiçãoTabelas" name="editar" time="148.288">
    <failure type="org.openqa.selenium.ElementClickInterceptedException" message="element click intercepted: Element &amp;lt;li tabindex=&amp;quot;-100&amp;quot; class=&amp;quot;list-item visible selected&amp;quot; id=&amp;quot;option-1&amp;quot; title=&amp;quot;...&amp;quot;&amp;gt;Agrupamento (ED)&amp;lt;/li&amp;gt; is not clickable at point (836, 428). Other element would receive the click: &amp;lt;div class=&amp;quot;overlay&amp;quot; style=&amp;quot;display: block;&amp;quot;&amp;gt;&amp;lt;/div&amp;gt;
  (Session info: chrome=83.0.4103.106)
Build info: version: &amp;apos;3.141.59&amp;apos;, revision: &amp;apos;e82be7d358&amp;apos;, time: &amp;apos;2018-11-14T08:17:03&amp;apos;
System info: host: &amp;apos;AGILE&amp;apos;, ip: &amp;apos;192.168.0.110&amp;apos;, os.name: &amp;apos;Windows 10&amp;apos;, os.arch: &amp;apos;amd64&amp;apos;, os.version: &amp;apos;10.0&amp;apos;, java.version: &amp;apos;17.0.1&amp;apos;
Driver info: org.openqa.selenium.chrome.ChromeDriver
Capabilities {acceptInsecureCerts: false, browserName: chrome, browserVersion: 83.0.4103.106, chrome: {chromedriverVersion: 83.0.4103.39 (ccbf011cb2d2b..., userDataDir: C:\Users\MASSIEL\AppData\Lo...}, goog:chromeOptions: {debuggerAddress: localhost:55356}, javascriptEnabled: true, networkConnectionEnabled: false, pageLoadStrategy: normal, platform: WINDOWS, platformName: WINDOWS, proxy: Proxy(), setWindowRect: true, strictFileInteractability: false, timeouts: {implicit: 0, pageLoad: 300000, script: 30000}, unhandledPromptBehavior: dismiss and notify, webauthn:virtualAuthenticators: true}
Session ID: 2761f164987c564ba84a29bbefeb8bd2">
      <![CDATA[org.openqa.selenium.ElementClickInterceptedException: element click intercepted: Element <li tabindex="-100" class="list-item visible selected" id="option-1" title="...">Agrupamento (ED)</li> is not clickable at point (836, 428). Other element would receive the click: <div class="overlay" style="display: block;"></div>
  (Session info: chrome=83.0.4103.106)
Build info: version: '3.141.59', revision: 'e82be7d358', time: '2018-11-14T08:17:03'
System info: host: 'AGILE', ip: '192.168.0.110', os.name: 'Windows 10', os.arch: 'amd64', os.version: '10.0', java.version: '17.0.1'
Driver info: org.openqa.selenium.chrome.ChromeDriver
Capabilities {acceptInsecureCerts: false, browserName: chrome, browserVersion: 83.0.4103.106, chrome: {chromedriverVersion: 83.0.4103.39 (ccbf011cb2d2b..., userDataDir: C:\Users\MASSIEL\AppData\Lo...}, goog:chromeOptions: {debuggerAddress: localhost:55356}, javascriptEnabled: true, networkConnectionEnabled: false, pageLoadStrategy: normal, platform: WINDOWS, platformName: WINDOWS, proxy: Proxy(), setWindowRect: true, strictFileInteractability: false, timeouts: {implicit: 0, pageLoad: 300000, script: 30000}, unhandledPromptBehavior: dismiss and notify, webauthn:virtualAuthenticators: true}
Session ID: 2761f164987c564ba84a29bbefeb8bd2
at org.openqa.selenium.remote.http.W3CHttpResponseCodec.createException(W3CHttpResponseCodec.java:187)
at org.openqa.selenium.remote.http.W3CHttpResponseCodec.decode(W3CHttpResponseCodec.java:122)
at org.openqa.selenium.remote.http.W3CHttpResponseCodec.decode(W3CHttpResponseCodec.java:49)
at org.openqa.selenium.remote.HttpCommandExecutor.execute(HttpCommandExecutor.java:158)
at org.openqa.selenium.remote.service.DriverCommandExecutor.execute(DriverCommandExecutor.java:83)
at org.openqa.selenium.remote.RemoteWebDriver.execute(RemoteWebDriver.java:552)
at org.openqa.selenium.remote.RemoteWebElement.execute(RemoteWebElement.java:285)
at org.openqa.selenium.remote.RemoteWebElement.click(RemoteWebElement.java:84)
at org.openqa.selenium.support.pagefactory.internal.LocatingElementHandler.invoke(LocatingElementHandler.java:51)
at jdk.proxy2/jdk.proxy2.$Proxy12.click(Unknown Source)
at com.sap.timp.pageObjectModel.BRE.RegrasdeAuditoriaN2.Edicao.RegrasdeAuditoriaN2EdiçãoTabelasPO.editar(RegrasdeAuditoriaN2EdiçãoTabelasPO.java:186)
at com.timp.test.BRE.RegrasdeAuditoriaN2.edicao.RegrasdeAuditoriaN2EdiçãoTabelas.editar(RegrasdeAuditoriaN2EdiçãoTabelas.java:41)
... Removed 33 stack frames]]>
    </failure>
  </testcase> <!-- editar -->
  <testcase classname="com.timp.test.BRE.RegrasdeAuditoriaN2.edicao.RegrasdeAuditoriaN2Estrutura" name="editar" time="402.571"/>
  <testcase classname="com.timp.test.BRE.RegrasdeAuditoriaN2.edicao.RegrasdeAuditoriaN2ValoresCalculados" name="editar" time="95.63">
    <failure type="org.openqa.selenium.NoSuchElementException" message="no such element: Unable to locate element: {&amp;quot;method&amp;quot;:&amp;quot;xpath&amp;quot;,&amp;quot;selector&amp;quot;:&amp;quot;//textarea[@aria-label=&amp;quot;Insira a fórmula&amp;quot;]&amp;quot;}
  (Session info: chrome=83.0.4103.106)
For documentation on this error, please visit: https://www.seleniumhq.org/exceptions/no_such_element.html
Build info: version: &amp;apos;3.141.59&amp;apos;, revision: &amp;apos;e82be7d358&amp;apos;, time: &amp;apos;2018-11-14T08:17:03&amp;apos;
System info: host: &amp;apos;AGILE&amp;apos;, ip: &amp;apos;192.168.0.110&amp;apos;, os.name: &amp;apos;Windows 10&amp;apos;, os.arch: &amp;apos;amd64&amp;apos;, os.version: &amp;apos;10.0&amp;apos;, java.version: &amp;apos;17.0.1&amp;apos;
Driver info: org.openqa.selenium.chrome.ChromeDriver
Capabilities {acceptInsecureCerts: false, browserName: chrome, browserVersion: 83.0.4103.106, chrome: {chromedriverVersion: 83.0.4103.39 (ccbf011cb2d2b..., userDataDir: C:\Users\MASSIEL\AppData\Lo...}, goog:chromeOptions: {debuggerAddress: localhost:61794}, javascriptEnabled: true, networkConnectionEnabled: false, pageLoadStrategy: normal, platform: WINDOWS, platformName: WINDOWS, proxy: Proxy(), setWindowRect: true, strictFileInteractability: false, timeouts: {implicit: 0, pageLoad: 300000, script: 30000}, unhandledPromptBehavior: dismiss and notify, webauthn:virtualAuthenticators: true}
Session ID: 3d276718dc707afd7c0c4a6b95c0c945
*** Element info: {Using=xpath, value=//textarea[@aria-label=&amp;quot;Insira a fórmula&amp;quot;]}">
      <![CDATA[org.openqa.selenium.NoSuchElementException: no such element: Unable to locate element: {"method":"xpath","selector":"//textarea[@aria-label="Insira a fórmula"]"}
  (Session info: chrome=83.0.4103.106)
For documentation on this error, please visit: https://www.seleniumhq.org/exceptions/no_such_element.html
Build info: version: '3.141.59', revision: 'e82be7d358', time: '2018-11-14T08:17:03'
System info: host: 'AGILE', ip: '192.168.0.110', os.name: 'Windows 10', os.arch: 'amd64', os.version: '10.0', java.version: '17.0.1'
Driver info: org.openqa.selenium.chrome.ChromeDriver
Capabilities {acceptInsecureCerts: false, browserName: chrome, browserVersion: 83.0.4103.106, chrome: {chromedriverVersion: 83.0.4103.39 (ccbf011cb2d2b..., userDataDir: C:\Users\MASSIEL\AppData\Lo...}, goog:chromeOptions: {debuggerAddress: localhost:61794}, javascriptEnabled: true, networkConnectionEnabled: false, pageLoadStrategy: normal, platform: WINDOWS, platformName: WINDOWS, proxy: Proxy(), setWindowRect: true, strictFileInteractability: false, timeouts: {implicit: 0, pageLoad: 300000, script: 30000}, unhandledPromptBehavior: dismiss and notify, webauthn:virtualAuthenticators: true}
Session ID: 3d276718dc707afd7c0c4a6b95c0c945
*** Element info: {Using=xpath, value=//textarea[@aria-label="Insira a fórmula"]}
at org.openqa.selenium.remote.http.W3CHttpResponseCodec.createException(W3CHttpResponseCodec.java:187)
at org.openqa.selenium.remote.http.W3CHttpResponseCodec.decode(W3CHttpResponseCodec.java:122)
at org.openqa.selenium.remote.http.W3CHttpResponseCodec.decode(W3CHttpResponseCodec.java:49)
at org.openqa.selenium.remote.HttpCommandExecutor.execute(HttpCommandExecutor.java:158)
at org.openqa.selenium.remote.service.DriverCommandExecutor.execute(DriverCommandExecutor.java:83)
at org.openqa.selenium.remote.RemoteWebDriver.execute(RemoteWebDriver.java:552)
at org.openqa.selenium.remote.RemoteWebDriver.findElement(RemoteWebDriver.java:323)
at org.openqa.selenium.remote.RemoteWebDriver.findElementByXPath(RemoteWebDriver.java:428)
at org.openqa.selenium.By$ByXPath.findElement(By.java:353)
at org.openqa.selenium.remote.RemoteWebDriver.findElement(RemoteWebDriver.java:315)
at org.openqa.selenium.support.pagefactory.DefaultElementLocator.findElement(DefaultElementLocator.java:69)
at org.openqa.selenium.support.pagefactory.internal.LocatingElementHandler.invoke(LocatingElementHandler.java:38)
at jdk.proxy2/jdk.proxy2.$Proxy12.sendKeys(Unknown Source)
at com.sap.timp.pageObjectModel.BRE.RegrasdeAuditoriaN2.Edicao.RegrasdeAuditoriaN2ValoresCalculadosPO.editar(RegrasdeAuditoriaN2ValoresCalculadosPO.java:175)
at com.timp.test.BRE.RegrasdeAuditoriaN2.edicao.RegrasdeAuditoriaN2ValoresCalculados.editar(RegrasdeAuditoriaN2ValoresCalculados.java:41)
... Removed 29 stack frames]]>
    </failure>
  </testcase> <!-- editar -->
  <testcase classname="com.timp.test.BRE.RegrasdeAuditoriaN2.ParametrosGerais.RegrasdeAuditoriaN2LixeiraExcluirdefinitivamente" name="lexeira" time="199.245"/>
  <testcase classname="com.timp.test.BRE.RegrasdeAuditoriaN2.ParametrosGerais.RegrasDeAuditoriaN2LixeiraEmMassaMaisExcluirEmMassa" name="criar" time="368.574">
    <failure type="java.lang.AssertionError" message="O registro não foi criado com sucesso expected [true] but found [false]">
      <![CDATA[java.lang.AssertionError: O registro não foi criado com sucesso expected [true] but found [false]
at com.timp.test.BRE.RegrasdeAuditoriaN2.ParametrosGerais.RegrasDeAuditoriaN2LixeiraEmMassaMaisExcluirEmMassa.criar(RegrasDeAuditoriaN2LixeiraEmMassaMaisExcluirEmMassa.java:40)
... Removed 28 stack frames]]>
    </failure>
  </testcase> <!-- criar -->
</testsuite> <!-- Regras de Auditoria N2 -->
