<?xml version="1.0" encoding="UTF-8"?>
<!-- Generated by org.testng.reporters.JUnitXMLReporter -->
<testsuite ignored="0" hostname="DESKTOP-JP1A9E6" failures="1" tests="6" name="Saldo Inicial" time="1524.833" errors="0" timestamp="11 ago. 2021 16:59:14 GMT">
  <testcase classname="com.timp.test.MDR.SaldoInicial.SaldoInicialCriar" name="CriarSaldoInicial" time="186.935"/>
  <testcase classname="com.timp.test.MDR.SaldoInicial.SaldoInicialEditar" name="editarSaldo" time="161.708"/>
  <testcase classname="com.timp.test.MDR.SaldoInicial.SaldoInicialDetalhe" name="detalheSaldoInicial" time="135.707"/>
  <testcase classname="com.timp.test.MDR.SaldoInicial.SaldoInicialVisualizar" name="VisualizarSaldoInicial" time="564.041"/>
  <testcase classname="com.timp.test.MDR.SaldoInicial.SaldoInicialExcluir" name="ExcluirSaldoInicial" time="140.658"/>
  <testcase classname="com.timp.test.MDR.SaldoInicial.SaldoInicialFiltroAvan" name="FiltrarAvanSaldoIncial" time="138.758">
    <failure type="java.lang.AssertionError" message="Os resultados não são acorde aos filtros expected [true] but found [false]">
      <![CDATA[java.lang.AssertionError: Os resultados não são acorde aos filtros expected [true] but found [false]
at com.timp.test.MDR.SaldoInicial.SaldoInicialFiltroAvan.FiltrarAvanSaldoIncial(SaldoInicialFiltroAvan.java:53)
... Removed 28 stack frames]]>
    </failure>
  </testcase> <!-- FiltrarAvanSaldoIncial -->
</testsuite> <!-- Saldo Inicial -->
