<?xml version="1.0" encoding="UTF-8"?>
<!-- Generated by org.testng.reporters.JUnitXMLReporter -->
<testsuite ignored="0" hostname="DESKTOP-C57COV6" failures="1" tests="6" name="Saldo Inicial" time="1354.483" errors="0" timestamp="15 sep. 2021 07:55:08 GMT">
  <testcase classname="com.timp.test.MDR.SaldoInicial.SaldoInicialCriar" name="CriarSaldoInicial" time="203.825"/>
  <testcase classname="com.timp.test.MDR.SaldoInicial.SaldoInicialEditar" name="editarSaldo" time="157.271"/>
  <testcase classname="com.timp.test.MDR.SaldoInicial.SaldoInicialDetalhe" name="detalheSaldoInicial" time="114.852"/>
  <testcase classname="com.timp.test.MDR.SaldoInicial.SaldoInicialVisualizar" name="VisualizarSaldoInicial" time="170.295"/>
  <testcase classname="com.timp.test.MDR.SaldoInicial.SaldoInicialExcluir" name="ExcluirSaldoInicial" time="219.576"/>
  <testcase classname="com.timp.test.MDR.SaldoInicial.SaldoInicialFiltroAvan" name="FiltrarAvanSaldoIncial" time="246.927">
    <failure type="java.lang.AssertionError" message="Os resultados não são acorde aos filtros expected [true] but found [false]">
      <![CDATA[java.lang.AssertionError: Os resultados não são acorde aos filtros expected [true] but found [false]
at com.timp.test.MDR.SaldoInicial.SaldoInicialFiltroAvan.FiltrarAvanSaldoIncial(SaldoInicialFiltroAvan.java:68)
... Removed 28 stack frames]]>
    </failure>
  </testcase> <!-- FiltrarAvanSaldoIncial -->
</testsuite> <!-- Saldo Inicial -->
