<?xml version="1.0" encoding="UTF-8"?>
<!-- Generated by org.testng.reporters.JUnitXMLReporter -->
<testsuite ignored="0" hostname="LAPTOP-IN7IV9K5" failures="0" tests="6" name="Saldo Inicial" time="785.31" errors="0" timestamp="19 feb. 2021 16:47:24 GMT">
  <testcase classname="com.timp.test.MDR.SaldoInicial.SaldoInicialCriar" name="CriarSaldoInicial" time="113.428"/>
  <testcase classname="com.timp.test.MDR.SaldoInicial.SaldoInicialEditar" name="editarSaldo" time="113.987"/>
  <testcase classname="com.timp.test.MDR.SaldoInicial.SaldoInicialDetalhe" name="detalheSaldoInicial" time="72.173"/>
  <testcase classname="com.timp.test.MDR.SaldoInicial.SaldoInicialVisualizar" name="VisualizarSaldoInicial" time="98.439"/>
  <testcase classname="com.timp.test.MDR.SaldoInicial.SaldoInicialExcluir" name="ExcluirSaldoInicial" time="89.757"/>
  <testcase classname="com.timp.test.MDR.SaldoInicial.SaldoInicialFiltroAvan" name="FiltrarAvanSaldoIncial" time="200.186"/>
</testsuite> <!-- Saldo Inicial -->
