<?xml version="1.0" encoding="UTF-8"?>
<!-- Generated by org.testng.reporters.JUnitXMLReporter -->
<testsuite ignored="0" hostname="Agile" failures="0" tests="6" name="Saldo Inicial" time="13191.665" errors="0" timestamp="11 mar. 2022 14:47:53 GMT">
  <testcase classname="com.timp.test.MDR.SaldoInicial.SaldoInicialCriar" name="CriarSaldoInicial" time="154.507"/>
  <testcase classname="com.timp.test.MDR.SaldoInicial.SaldoInicialEditar" name="editarSaldo" time="151.707"/>
  <testcase classname="com.timp.test.MDR.SaldoInicial.SaldoInicialDetalhe" name="detalheSaldoInicial" time="91.26"/>
  <testcase classname="com.timp.test.MDR.SaldoInicial.SaldoInicialVisualizar" name="VisualizarSaldoInicial" time="145.226"/>
  <testcase classname="com.timp.test.MDR.SaldoInicial.SaldoInicialExcluir" name="ExcluirSaldoInicial" time="12234.958"/>
  <testcase classname="com.timp.test.MDR.SaldoInicial.SaldoInicialFiltroAvan" name="FiltrarAvanSaldoIncial" time="281.339"/>
</testsuite> <!-- Saldo Inicial -->
