<?xml version="1.0" encoding="UTF-8"?>
<!-- Generated by org.testng.reporters.JUnitXMLReporter -->
<testsuite ignored="0" hostname="LAPTOP-IN7IV9K5" failures="1" tests="6" name="Saldo Inicial" time="878.71" errors="0" timestamp="29 mar. 2021 19:50:33 GMT">
  <testcase classname="com.timp.test.MDR.SaldoInicial.SaldoInicialCriar" name="CriarSaldoInicial" time="122.33"/>
  <testcase classname="com.timp.test.MDR.SaldoInicial.SaldoInicialEditar" name="editarSaldo" time="135.619"/>
  <testcase classname="com.timp.test.MDR.SaldoInicial.SaldoInicialDetalhe" name="detalheSaldoInicial" time="102.651"/>
  <testcase classname="com.timp.test.MDR.SaldoInicial.SaldoInicialVisualizar" name="VisualizarSaldoInicial" time="133.867"/>
  <testcase classname="com.timp.test.MDR.SaldoInicial.SaldoInicialExcluir" name="ExcluirSaldoInicial" time="114.603"/>
  <testcase classname="com.timp.test.MDR.SaldoInicial.SaldoInicialFiltroAvan" name="FiltrarAvanSaldoIncial" time="148.632">
    <failure type="java.lang.AssertionError" message="Os resultados não são acorde aos filtros expected [true] but found [false]">
      <![CDATA[java.lang.AssertionError: Os resultados não são acorde aos filtros expected [true] but found [false]
at com.timp.test.MDR.SaldoInicial.SaldoInicialFiltroAvan.FiltrarAvanSaldoIncial(SaldoInicialFiltroAvan.java:63)
... Removed 28 stack frames]]>
    </failure>
  </testcase> <!-- FiltrarAvanSaldoIncial -->
</testsuite> <!-- Saldo Inicial -->
