<?xml version="1.0" encoding="UTF-8"?>
<!-- Generated by org.testng.reporters.JUnitXMLReporter -->
<testsuite ignored="0" hostname="DESKTOP-C57COV6" failures="0" tests="6" name="Saldo Inicial" time="1013.918" errors="0" timestamp="02 sep. 2021 06:08:24 GMT">
  <testcase classname="com.timp.test.MDR.SaldoInicial.SaldoInicialCriar" name="CriarSaldoInicial" time="142.137"/>
  <testcase classname="com.timp.test.MDR.SaldoInicial.SaldoInicialEditar" name="editarSaldo" time="141.607"/>
  <testcase classname="com.timp.test.MDR.SaldoInicial.SaldoInicialDetalhe" name="detalheSaldoInicial" time="92.032"/>
  <testcase classname="com.timp.test.MDR.SaldoInicial.SaldoInicialVisualizar" name="VisualizarSaldoInicial" time="126.417"/>
  <testcase classname="com.timp.test.MDR.SaldoInicial.SaldoInicialExcluir" name="ExcluirSaldoInicial" time="135.64"/>
  <testcase classname="com.timp.test.MDR.SaldoInicial.SaldoInicialFiltroAvan" name="FiltrarAvanSaldoIncial" time="244.735"/>
</testsuite> <!-- Saldo Inicial -->
