<?xml version="1.0" encoding="UTF-8"?>
<!-- Generated by org.testng.reporters.JUnitXMLReporter -->
<testsuite ignored="0" hostname="EC2AMAZ-8HCHO4G" failures="1" tests="9" name="SCANC &gt; Relatórios Refinaria Gerados - Filtros" time="194.191" errors="0" timestamp="2023-08-28T16:53:21 UTC">
  <testcase classname="com.timp.test.SCANC.RelatoriosRefineriaGerados.RRGFiltrosAvacados" name="ingresar" time="6.576"/>
  <testcase classname="com.timp.test.SCANC.RelatoriosRefineriaGerados.RRGFiltrosAvacados" name="scancEntrar" time="16.868"/>
  <testcase classname="com.timp.test.SCANC.RelatoriosRefineriaGerados.RRGFiltrosAvacados" name="filtrosAvancados" time="55.398"/>
  <testcase classname="com.timp.test.SCANC.RelatoriosRefineriaGerados.RRGPesquisarPeloNome" name="ingresar" time="6.391"/>
  <testcase classname="com.timp.test.SCANC.RelatoriosRefineriaGerados.RRGPesquisarPeloNome" name="scancEntrar" time="17.573"/>
  <testcase classname="com.timp.test.SCANC.RelatoriosRefineriaGerados.RRGPesquisarPeloNome" name="pesquisar" time="27.625"/>
  <testcase classname="com.timp.test.SCANC.RelatoriosRefineriaGerados.RRGFiltrosAvancadosNaVisualizacao" name="ingresar" time="7.031"/>
  <testcase classname="com.timp.test.SCANC.RelatoriosRefineriaGerados.RRGFiltrosAvancadosNaVisualizacao" name="scancEntrar" time="18.365"/>
  <testcase classname="com.timp.test.SCANC.RelatoriosRefineriaGerados.RRGFiltrosAvancadosNaVisualizacao" name="filtrosAvancadosNavisualizacao" time="29.478">
    <failure type="org.openqa.selenium.NoSuchElementException" message="no such element: Unable to locate element: {&amp;quot;method&amp;quot;:&amp;quot;xpath&amp;quot;,&amp;quot;selector&amp;quot;:&amp;quot;//div[contains(@class, &amp;quot;baseTabs-view -view-wrapper&amp;quot;)][1]/div/div[2]/div[@id=&amp;quot;ufDestRelatorio&amp;quot;]/div/div[2]/div/div[2]&amp;quot;}
  (Session info: chrome=116.0.5845.111)
For documentation on this error, please visit: https://www.seleniumhq.org/exceptions/no_such_element.html
Build info: version: &amp;apos;3.141.59&amp;apos;, revision: &amp;apos;e82be7d358&amp;apos;, time: &amp;apos;2018-11-14T08:17:03&amp;apos;
System info: host: &amp;apos;EC2AMAZ-8HCHO4G&amp;apos;, ip: &amp;apos;10.0.0.249&amp;apos;, os.name: &amp;apos;Windows Server 2019&amp;apos;, os.arch: &amp;apos;amd64&amp;apos;, os.version: &amp;apos;10.0&amp;apos;, java.version: &amp;apos;17.0.4.1&amp;apos;
Driver info: org.openqa.selenium.chrome.ChromeDriver
Capabilities {acceptInsecureCerts: false, browserName: chrome, browserVersion: 116.0.5845.111, chrome: {chromedriverVersion: 116.0.5845.96 (1a3918166880..., userDataDir: C:\Users\user_ta\AppData\Lo...}, fedcm:accounts: true, goog:chromeOptions: {debuggerAddress: localhost:64354}, javascriptEnabled: true, networkConnectionEnabled: false, pageLoadStrategy: normal, platform: WINDOWS, platformName: WINDOWS, proxy: Proxy(), setWindowRect: true, strictFileInteractability: false, timeouts: {implicit: 0, pageLoad: 300000, script: 30000}, unhandledPromptBehavior: dismiss and notify, webauthn:extension:credBlob: true, webauthn:extension:largeBlob: true, webauthn:extension:minPinLength: true, webauthn:extension:prf: true, webauthn:virtualAuthenticators: true}
Session ID: feae6f841ca3be25290e22fdfe5122fe
*** Element info: {Using=xpath, value=//div[contains(@class, &amp;quot;baseTabs-view -view-wrapper&amp;quot;)][1]/div/div[2]/div[@id=&amp;quot;ufDestRelatorio&amp;quot;]/div/div[2]/div/div[2]}">
      <![CDATA[org.openqa.selenium.NoSuchElementException: no such element: Unable to locate element: {"method":"xpath","selector":"//div[contains(@class, "baseTabs-view -view-wrapper")][1]/div/div[2]/div[@id="ufDestRelatorio"]/div/div[2]/div/div[2]"}
  (Session info: chrome=116.0.5845.111)
For documentation on this error, please visit: https://www.seleniumhq.org/exceptions/no_such_element.html
Build info: version: '3.141.59', revision: 'e82be7d358', time: '2018-11-14T08:17:03'
System info: host: 'EC2AMAZ-8HCHO4G', ip: '10.0.0.249', os.name: 'Windows Server 2019', os.arch: 'amd64', os.version: '10.0', java.version: '17.0.4.1'
Driver info: org.openqa.selenium.chrome.ChromeDriver
Capabilities {acceptInsecureCerts: false, browserName: chrome, browserVersion: 116.0.5845.111, chrome: {chromedriverVersion: 116.0.5845.96 (1a3918166880..., userDataDir: C:\Users\user_ta\AppData\Lo...}, fedcm:accounts: true, goog:chromeOptions: {debuggerAddress: localhost:64354}, javascriptEnabled: true, networkConnectionEnabled: false, pageLoadStrategy: normal, platform: WINDOWS, platformName: WINDOWS, proxy: Proxy(), setWindowRect: true, strictFileInteractability: false, timeouts: {implicit: 0, pageLoad: 300000, script: 30000}, unhandledPromptBehavior: dismiss and notify, webauthn:extension:credBlob: true, webauthn:extension:largeBlob: true, webauthn:extension:minPinLength: true, webauthn:extension:prf: true, webauthn:virtualAuthenticators: true}
Session ID: feae6f841ca3be25290e22fdfe5122fe
*** Element info: {Using=xpath, value=//div[contains(@class, "baseTabs-view -view-wrapper")][1]/div/div[2]/div[@id="ufDestRelatorio"]/div/div[2]/div/div[2]}
at org.openqa.selenium.remote.http.W3CHttpResponseCodec.createException(W3CHttpResponseCodec.java:187)
at org.openqa.selenium.remote.http.W3CHttpResponseCodec.decode(W3CHttpResponseCodec.java:122)
at org.openqa.selenium.remote.http.W3CHttpResponseCodec.decode(W3CHttpResponseCodec.java:49)
at org.openqa.selenium.remote.HttpCommandExecutor.execute(HttpCommandExecutor.java:158)
at org.openqa.selenium.remote.service.DriverCommandExecutor.execute(DriverCommandExecutor.java:83)
at org.openqa.selenium.remote.RemoteWebDriver.execute(RemoteWebDriver.java:552)
at org.openqa.selenium.remote.RemoteWebDriver.findElement(RemoteWebDriver.java:323)
at org.openqa.selenium.remote.RemoteWebDriver.findElementByXPath(RemoteWebDriver.java:428)
at org.openqa.selenium.By$ByXPath.findElement(By.java:353)
at org.openqa.selenium.remote.RemoteWebDriver.findElement(RemoteWebDriver.java:315)
at com.sap.timp.pageObjectModel.SCANC.RelatoriosRefineriaGerados.RelatoriosReefineriaGeradosFiltrosAvancadosNaVisualizacaoPO.filtrosAvancadosNavisualizacao(RelatoriosReefineriaGeradosFiltrosAvancadosNaVisualizacaoPO.java:72)
at com.timp.test.SCANC.RelatoriosRefineriaGerados.RRGFiltrosAvancadosNaVisualizacao.filtrosAvancadosNavisualizacao(RRGFiltrosAvancadosNaVisualizacao.java:48)
at java.base/java.util.ArrayList.forEach(ArrayList.java:1511)
... Removed 31 stack frames]]>
    </failure>
  </testcase> <!-- filtrosAvancadosNavisualizacao -->
</testsuite> <!-- SCANC > Relatórios Refinaria Gerados - Filtros -->
