<?xml version="1.0" encoding="UTF-8"?>
<!-- Generated by org.testng.reporters.JUnitXMLReporter -->
<testsuite ignored="0" hostname="DESKTOP-JP1A9E6" failures="0" tests="8" name="Siscoserv &gt; Registro RAS" time="1009.33" errors="0" timestamp="08 sep. 2021 07:29:03 GMT">
  <testcase classname="com.timp.test.MDR.Siscoserv.RegistroRAS.RegistroRASCriar" name="criar" time="106.112"/>
  <testcase classname="com.timp.test.MDR.Siscoserv.RegistroRAS.RegistroRASEditar" name="editar" time="148.529"/>
  <testcase classname="com.timp.test.MDR.Siscoserv.RegistroRAS.RegistroRASDetalhes" name="detalhes" time="104.868"/>
  <testcase classname="com.timp.test.MDR.Siscoserv.RegistroRAS.RegistroRASVisualizar" name="Visualizar" time="83.074"/>
  <testcase classname="com.timp.test.MDR.Siscoserv.RegistroRAS.RegistroRASExcluir" name="excluir" time="114.684"/>
  <testcase classname="com.timp.test.MDR.Siscoserv.RegistroRAS.RegistroRASFiltroID" name="filtroId" time="73.151"/>
  <testcase classname="com.timp.test.MDR.Siscoserv.RegistroRAS.RegistroRASExcluirEmMassa" name="criar" time="163.609"/>
  <testcase classname="com.timp.test.MDR.Siscoserv.RegistroRAS.RegistroRASExcluirEmMassa" name="excluir" time="36.528"/>
</testsuite> <!-- Siscoserv > Registro RAS -->
