<?xml version="1.0" encoding="UTF-8"?>
<!-- Generated by org.testng.reporters.JUnitXMLReporter -->
<testsuite ignored="0" hostname="DESKTOP-M23FVFN" failures="0" tests="3" name="Tabelas de Apoio E-SOCIAL &gt; Tabela 28 - Dados de RAT" time="335.713" errors="0" timestamp="21 ene. 2022 09:41:14 GMT">
  <testcase classname="com.timp.test.MDR.TabelasApoioESocial.Tabela28.DadosDeRATCriar" name="criar" time="105.867"/>
  <testcase classname="com.timp.test.MDR.TabelasApoioESocial.Tabela28.DadosDeRATExcluirEmMassa" name="criar" time="149.66"/>
  <testcase classname="com.timp.test.MDR.TabelasApoioESocial.Tabela28.DadosDeRATExcluirEmMassa" name="excluir" time="36.742"/>
</testsuite> <!-- Tabelas de Apoio E-SOCIAL > Tabela 28 - Dados de RAT -->
