<?xml version="1.0" encoding="UTF-8"?>
<!-- Generated by org.testng.reporters.JUnitXMLReporter -->
<testsuite ignored="0" hostname="LAPTOP-IN7IV9K5" failures="0" tests="7" name="Tabelas de Apoio E-SOCIAL &gt; Tabela 23 - Fatores de Risco" time="559.747" errors="0" timestamp="17 abr. 2021 01:50:59 GMT">
  <testcase classname="com.timp.test.MDR.TabelasApoioESocial.Tabela23.FatoresDeRiscoCriar" name="criar" time="68.142"/>
  <testcase classname="com.timp.test.MDR.TabelasApoioESocial.Tabela23.FatoresDeRiscoEditar" name="editar" time="84.754"/>
  <testcase classname="com.timp.test.MDR.TabelasApoioESocial.Tabela23.FatoresDeRiscoDetalhes" name="detalhes" time="66.601"/>
  <testcase classname="com.timp.test.MDR.TabelasApoioESocial.Tabela23.FatoresDeRiscoVisualizar" name="visualizar" time="65.332"/>
  <testcase classname="com.timp.test.MDR.TabelasApoioESocial.Tabela23.FatoresDeRiscoExcluir" name="excluir" time="70.189"/>
  <testcase classname="com.timp.test.MDR.TabelasApoioESocial.Tabela23.FatoresDeRiscoExcluirMassa" name="criar" time="98.714"/>
  <testcase classname="com.timp.test.MDR.TabelasApoioESocial.Tabela23.FatoresDeRiscoExcluirMassa" name="excluirMassa" time="29.589"/>
</testsuite> <!-- Tabelas de Apoio E-SOCIAL > Tabela 23 - Fatores de Risco -->
