<?xml version="1.0" encoding="UTF-8"?>
<!-- Generated by org.testng.reporters.JUnitXMLReporter -->
<testsuite ignored="0" hostname="LAPTOP-IN7IV9K5" failures="0" tests="6" name="Tabelas de Apoio E-SOCIAL &gt; Tabela 23 - Fatores de Risco" time="567.454" errors="0" timestamp="19 feb. 2021 17:34:38 GMT">
  <testcase classname="com.timp.test.MDR.TabelasApoioESocial.Tabela23.FatoresDeRiscoCriar" name="criar" time="77.795"/>
  <testcase classname="com.timp.test.MDR.TabelasApoioESocial.Tabela23.FatoresDeRiscoEditar" name="editar" time="95.378"/>
  <testcase classname="com.timp.test.MDR.TabelasApoioESocial.Tabela23.FactoresDeRiscoVisualizar" name="visualizar" time="79.281"/>
  <testcase classname="com.timp.test.MDR.TabelasApoioESocial.Tabela23.FactoresDeRiscoExcluir" name="excluirr" time="82.749"/>
  <testcase classname="com.timp.test.MDR.TabelasApoioESocial.Tabela23.FactoresDeRiscoExcluirMassa" name="criar" time="109.138"/>
  <testcase classname="com.timp.test.MDR.TabelasApoioESocial.Tabela23.FactoresDeRiscoExcluirMassa" name="excluirMassa" time="30.832"/>
</testsuite> <!-- Tabelas de Apoio E-SOCIAL > Tabela 23 - Fatores de Risco -->
