<?xml version="1.0" encoding="UTF-8"?>
<!-- Generated by org.testng.reporters.JUnitXMLReporter -->
<testsuite ignored="0" hostname="DESKTOP-M23FVFN" failures="1" tests="7" name="Tabelas de Apoio E-SOCIAL &gt; Tabela 27 - Códigos de Lotação" time="774.907" errors="0" timestamp="22 dic. 2021 11:23:19 GMT">
  <testcase classname="com.timp.test.MDR.TabelasApoioESocial.Tabela27.CodigosDeLotacaoCriar" name="criar" time="111.403"/>
  <testcase classname="com.timp.test.MDR.TabelasApoioESocial.Tabela27.CodigosDeLotacaoEditar" name="editar" time="106.305">
    <failure type="java.lang.AssertionError" message="O valor do campo não foi editado expected [true] but found [false]">
      <![CDATA[java.lang.AssertionError: O valor do campo não foi editado expected [true] but found [false]
at com.timp.test.MDR.TabelasApoioESocial.Tabela27.CodigosDeLotacaoEditar.editar(CodigosDeLotacaoEditar.java:47)
... Removed 28 stack frames]]>
    </failure>
  </testcase> <!-- editar -->
  <testcase classname="com.timp.test.MDR.TabelasApoioESocial.Tabela27.CodigosDeLotacaoDetalhes" name="detalhes" time="78.322"/>
  <testcase classname="com.timp.test.MDR.TabelasApoioESocial.Tabela27.CodigosDeLotacaoVisualizar" name="visualizar" time="108.264"/>
  <testcase classname="com.timp.test.MDR.TabelasApoioESocial.Tabela27.CodigosDeLotacaoExcluir" name="excluir" time="105.278"/>
  <testcase classname="com.timp.test.MDR.TabelasApoioESocial.Tabela27.CodigosDeLotacaoExcluirEmMasa" name="criar" time="128.759"/>
  <testcase classname="com.timp.test.MDR.TabelasApoioESocial.Tabela27.CodigosDeLotacaoExcluirEmMasa" name="excluir" time="37.446"/>
</testsuite> <!-- Tabelas de Apoio E-SOCIAL > Tabela 27 - Códigos de Lotação -->
