<?xml version="1.0" encoding="UTF-8"?>
<!-- Generated by org.testng.reporters.JUnitXMLReporter -->
<testsuite ignored="0" hostname="DESKTOP-M23FVFN" failures="1" tests="7" name="Tabelas de Apoio E-SOCIAL &gt; Tabela 23 - Fatores de Risco" time="642.017" errors="0" timestamp="08 dic. 2021 08:31:07 GMT">
  <testcase classname="com.timp.test.MDR.TabelasApoioESocial.Tabela23.FatoresDeRiscoCriar" name="criar" time="77.27"/>
  <testcase classname="com.timp.test.MDR.TabelasApoioESocial.Tabela23.FatoresDeRiscoEditar" name="editar" time="101.566"/>
  <testcase classname="com.timp.test.MDR.TabelasApoioESocial.Tabela23.FatoresDeRiscoDetalhes" name="detalhes" time="74.745"/>
  <testcase classname="com.timp.test.MDR.TabelasApoioESocial.Tabela23.FatoresDeRiscoVisualizar" name="visualizar" time="79.391"/>
  <testcase classname="com.timp.test.MDR.TabelasApoioESocial.Tabela23.FatoresDeRiscoExcluir" name="excluir" time="84.376"/>
  <testcase classname="com.timp.test.MDR.TabelasApoioESocial.Tabela23.FatoresDeRiscoExcluirMassa" name="criar" time="112.031"/>
  <testcase classname="com.timp.test.MDR.TabelasApoioESocial.Tabela23.FatoresDeRiscoExcluirMassa" name="excluirMassa" time="27.678">
    <failure type="org.openqa.selenium.ElementClickInterceptedException" message="element click intercepted: Element &amp;lt;div class=&amp;quot;btn icon-btn trans icon icon-font-Sign-and-Symbols icon-right&amp;quot; tabindex=&amp;quot;-100&amp;quot; aria-label=&amp;quot;Clique/Aperte Enter para ir á página 1&amp;quot;&amp;gt;&amp;lt;/div&amp;gt; is not clickable at point (796, 588). Other element would receive the click: &amp;lt;div class=&amp;quot;overlay dark&amp;quot;&amp;gt;...&amp;lt;/div&amp;gt;
  (Session info: chrome=83.0.4103.61)
Build info: version: &amp;apos;3.141.59&amp;apos;, revision: &amp;apos;e82be7d358&amp;apos;, time: &amp;apos;2018-11-14T08:17:03&amp;apos;
System info: host: &amp;apos;DESKTOP-M23FVFN&amp;apos;, ip: &amp;apos;192.168.0.108&amp;apos;, os.name: &amp;apos;Windows 10&amp;apos;, os.arch: &amp;apos;amd64&amp;apos;, os.version: &amp;apos;10.0&amp;apos;, java.version: &amp;apos;17.0.1&amp;apos;
Driver info: org.openqa.selenium.chrome.ChromeDriver
Capabilities {acceptInsecureCerts: false, browserName: chrome, browserVersion: 83.0.4103.61, chrome: {chromedriverVersion: 83.0.4103.39 (ccbf011cb2d2b..., userDataDir: C:\Users\Massiel\AppData\Lo...}, goog:chromeOptions: {debuggerAddress: localhost:57846}, javascriptEnabled: true, networkConnectionEnabled: false, pageLoadStrategy: normal, platform: WINDOWS, platformName: WINDOWS, proxy: Proxy(), setWindowRect: true, strictFileInteractability: false, timeouts: {implicit: 0, pageLoad: 300000, script: 30000}, unhandledPromptBehavior: dismiss and notify, webauthn:virtualAuthenticators: true}
Session ID: e571d6fb53a6286bbbf601d3bd6443d4">
      <![CDATA[org.openqa.selenium.ElementClickInterceptedException: element click intercepted: Element <div class="btn icon-btn trans icon icon-font-Sign-and-Symbols icon-right" tabindex="-100" aria-label="Clique/Aperte Enter para ir á página 1"></div> is not clickable at point (796, 588). Other element would receive the click: <div class="overlay dark">...</div>
  (Session info: chrome=83.0.4103.61)
Build info: version: '3.141.59', revision: 'e82be7d358', time: '2018-11-14T08:17:03'
System info: host: 'DESKTOP-M23FVFN', ip: '192.168.0.108', os.name: 'Windows 10', os.arch: 'amd64', os.version: '10.0', java.version: '17.0.1'
Driver info: org.openqa.selenium.chrome.ChromeDriver
Capabilities {acceptInsecureCerts: false, browserName: chrome, browserVersion: 83.0.4103.61, chrome: {chromedriverVersion: 83.0.4103.39 (ccbf011cb2d2b..., userDataDir: C:\Users\Massiel\AppData\Lo...}, goog:chromeOptions: {debuggerAddress: localhost:57846}, javascriptEnabled: true, networkConnectionEnabled: false, pageLoadStrategy: normal, platform: WINDOWS, platformName: WINDOWS, proxy: Proxy(), setWindowRect: true, strictFileInteractability: false, timeouts: {implicit: 0, pageLoad: 300000, script: 30000}, unhandledPromptBehavior: dismiss and notify, webauthn:virtualAuthenticators: true}
Session ID: e571d6fb53a6286bbbf601d3bd6443d4
at org.openqa.selenium.remote.http.W3CHttpResponseCodec.createException(W3CHttpResponseCodec.java:187)
at org.openqa.selenium.remote.http.W3CHttpResponseCodec.decode(W3CHttpResponseCodec.java:122)
at org.openqa.selenium.remote.http.W3CHttpResponseCodec.decode(W3CHttpResponseCodec.java:49)
at org.openqa.selenium.remote.HttpCommandExecutor.execute(HttpCommandExecutor.java:158)
at org.openqa.selenium.remote.service.DriverCommandExecutor.execute(DriverCommandExecutor.java:83)
at org.openqa.selenium.remote.RemoteWebDriver.execute(RemoteWebDriver.java:552)
at org.openqa.selenium.remote.RemoteWebElement.execute(RemoteWebElement.java:285)
at org.openqa.selenium.remote.RemoteWebElement.click(RemoteWebElement.java:84)
at org.openqa.selenium.support.pagefactory.internal.LocatingElementHandler.invoke(LocatingElementHandler.java:51)
at jdk.proxy2/jdk.proxy2.$Proxy12.click(Unknown Source)
at com.sap.timp.pageObjectModel.MDR.TabelasApoioESocial.Tabela23.FatoresDeRiscoExcluirMassaPO.exluirMassa(FatoresDeRiscoExcluirMassaPO.java:215)
at com.timp.test.MDR.TabelasApoioESocial.Tabela23.FatoresDeRiscoExcluirMassa.excluirMassa(FatoresDeRiscoExcluirMassa.java:48)
... Removed 33 stack frames]]>
    </failure>
  </testcase> <!-- excluirMassa -->
</testsuite> <!-- Tabelas de Apoio E-SOCIAL > Tabela 23 - Fatores de Risco -->
