<?xml version="1.0" encoding="UTF-8"?>
<!-- Generated by org.testng.reporters.JUnitXMLReporter -->
<testsuite ignored="0" hostname="Agile" failures="0" tests="3" name="Tabelas de Apoio E-SOCIAL &gt; Tabela 28 - Dados de RAT" time="318.766" errors="0" timestamp="04 mar. 2022 09:39:33 GMT">
  <testcase classname="com.timp.test.MDR.TabelasApoioESocial.Tabela28.DadosDeRATCriar" name="criar" time="106.764"/>
  <testcase classname="com.timp.test.MDR.TabelasApoioESocial.Tabela28.DadosDeRATExcluirEmMassa" name="criar" time="150.963"/>
  <testcase classname="com.timp.test.MDR.TabelasApoioESocial.Tabela28.DadosDeRATExcluirEmMassa" name="excluir" time="34.218"/>
</testsuite> <!-- Tabelas de Apoio E-SOCIAL > Tabela 28 - Dados de RAT -->
