<?xml version="1.0" encoding="UTF-8"?>
<!-- Generated by org.testng.reporters.JUnitXMLReporter -->
<testsuite ignored="0" hostname="DESKTOP-BNBDMGT" failures="0" tests="7" name="TabelasApoioSped &gt; Ajustes e Informação de Valores Provenientes de Documento Fiscal" time="663.06" errors="0" timestamp="16 mar. 2021 04:16:53 GMT">
  <testcase classname="com.timp.test.MDR.TabelasApoioSped.AjusteEInformaçoesDeValores.AjusteEInformaçoesDeValoresCriar" name="criar" time="90.983"/>
  <testcase classname="com.timp.test.MDR.TabelasApoioSped.AjusteEInformaçoesDeValores.AjusteEInformaçoesDeValoresEditar" name="editar" time="106.207"/>
  <testcase classname="com.timp.test.MDR.TabelasApoioSped.AjusteEInformaçoesDeValores.AjusteEInformaçoesDeValoresDetalhes" name="detalhes" time="65.548"/>
  <testcase classname="com.timp.test.MDR.TabelasApoioSped.AjusteEInformaçoesDeValores.AjusteEInformaçoesDeValoresVisualizar" name="Visualizar" time="67.089"/>
  <testcase classname="com.timp.test.MDR.TabelasApoioSped.AjusteEInformaçoesDeValores.AjusteEInformaçoesDeValoresExcluir" name="excluir" time="71.024"/>
  <testcase classname="com.timp.test.MDR.TabelasApoioSped.AjusteEInformaçoesDeValores.AjusteEInformacoesDeValoresExcluirEmMassa" name="criar" time="123.243"/>
  <testcase classname="com.timp.test.MDR.TabelasApoioSped.AjusteEInformaçoesDeValores.AjusteEInformacoesDeValoresExcluirEmMassa" name="excluir" time="34.613"/>
</testsuite> <!-- TabelasApoioSped > Ajustes e Informação de Valores Provenientes de Documento Fiscal -->
