<?xml version="1.0" encoding="UTF-8"?>
<!-- Generated by org.testng.reporters.JUnitXMLReporter -->
<testsuite ignored="0" hostname="Agile" failures="0" tests="3" name="Tabelas de Apoio E-SOCIAL &gt; Tabela 28 - Dados de RAT" time="447.305" errors="0" timestamp="11 mar. 2022 16:46:00 GMT">
  <testcase classname="com.timp.test.MDR.TabelasApoioESocial.Tabela28.DadosDeRATCriar" name="criar" time="159.435"/>
  <testcase classname="com.timp.test.MDR.TabelasApoioESocial.Tabela28.DadosDeRATExcluirEmMassa" name="criar" time="188.783"/>
  <testcase classname="com.timp.test.MDR.TabelasApoioESocial.Tabela28.DadosDeRATExcluirEmMassa" name="excluir" time="40.716"/>
</testsuite> <!-- Tabelas de Apoio E-SOCIAL > Tabela 28 - Dados de RAT -->
