<?xml version="1.0" encoding="UTF-8"?>
<!-- Generated by org.testng.reporters.JUnitXMLReporter -->
<testsuite ignored="0" hostname="MassielV" failures="0" tests="7" name="Tabelas de Apoio E-SOCIAL &gt; Tabela 23 - Fatores de Risco" time="1421.984" errors="0" timestamp="06 oct. 2021 01:13:04 GMT">
  <testcase classname="com.timp.test.MDR.TabelasApoioESocial.Tabela23.FatoresDeRiscoCriar" name="criar" time="169.172"/>
  <testcase classname="com.timp.test.MDR.TabelasApoioESocial.Tabela23.FatoresDeRiscoEditar" name="editar" time="214.078"/>
  <testcase classname="com.timp.test.MDR.TabelasApoioESocial.Tabela23.FatoresDeRiscoDetalhes" name="detalhes" time="165.866"/>
  <testcase classname="com.timp.test.MDR.TabelasApoioESocial.Tabela23.FatoresDeRiscoVisualizar" name="visualizar" time="173.823"/>
  <testcase classname="com.timp.test.MDR.TabelasApoioESocial.Tabela23.FatoresDeRiscoExcluir" name="excluir" time="200.544"/>
  <testcase classname="com.timp.test.MDR.TabelasApoioESocial.Tabela23.FatoresDeRiscoExcluirMassa" name="criar" time="187.407"/>
  <testcase classname="com.timp.test.MDR.TabelasApoioESocial.Tabela23.FatoresDeRiscoExcluirMassa" name="excluirMassa" time="31.187"/>
</testsuite> <!-- Tabelas de Apoio E-SOCIAL > Tabela 23 - Fatores de Risco -->
