<?xml version="1.0" encoding="UTF-8"?>
<!-- Generated by org.testng.reporters.JUnitXMLReporter -->
<testsuite ignored="0" hostname="MassielV" failures="0" tests="3" name="Tabelas de Apoio E-SOCIAL &gt; Tabela 28 - Dados de RAT" time="1601.95" errors="0" timestamp="01 nov. 2021 22:22:09 GMT">
  <testcase classname="com.timp.test.MDR.TabelasApoioESocial.Tabela28.DadosDeRATCriar" name="criar" time="323.093"/>
  <testcase classname="com.timp.test.MDR.TabelasApoioESocial.Tabela28.DadosDeRATExcluirEmMassa" name="criar" time="1085.93"/>
  <testcase classname="com.timp.test.MDR.TabelasApoioESocial.Tabela28.DadosDeRATExcluirEmMassa" name="excluir" time="47.632"/>
</testsuite> <!-- Tabelas de Apoio E-SOCIAL > Tabela 28 - Dados de RAT -->
