<?xml version="1.0" encoding="UTF-8"?>
<!-- Generated by org.testng.reporters.JUnitXMLReporter -->
<testsuite ignored="0" hostname="DESKTOP-M23FVFN" failures="0" tests="7" name="Tabelas de Apoio E-SOCIAL &gt; Tabela 23 - Fatores de Risco" time="700.982" errors="0" timestamp="22 dic. 2021 10:59:23 GMT">
  <testcase classname="com.timp.test.MDR.TabelasApoioESocial.Tabela23.FatoresDeRiscoCriar" name="criar" time="84.36"/>
  <testcase classname="com.timp.test.MDR.TabelasApoioESocial.Tabela23.FatoresDeRiscoEditar" name="editar" time="124.745"/>
  <testcase classname="com.timp.test.MDR.TabelasApoioESocial.Tabela23.FatoresDeRiscoDetalhes" name="detalhes" time="79.066"/>
  <testcase classname="com.timp.test.MDR.TabelasApoioESocial.Tabela23.FatoresDeRiscoVisualizar" name="visualizar" time="85.207"/>
  <testcase classname="com.timp.test.MDR.TabelasApoioESocial.Tabela23.FatoresDeRiscoExcluir" name="excluir" time="89.547"/>
  <testcase classname="com.timp.test.MDR.TabelasApoioESocial.Tabela23.FatoresDeRiscoExcluirMassa" name="criar" time="111.953"/>
  <testcase classname="com.timp.test.MDR.TabelasApoioESocial.Tabela23.FatoresDeRiscoExcluirMassa" name="excluirMassa" time="39.534"/>
</testsuite> <!-- Tabelas de Apoio E-SOCIAL > Tabela 23 - Fatores de Risco -->
