<?xml version="1.0" encoding="UTF-8"?>
<!-- Generated by org.testng.reporters.JUnitXMLReporter -->
<testsuite ignored="0" hostname="DESKTOP-JP1A9E6" failures="0" tests="3" name="Tabelas de Apoio E-SOCIAL &gt; Tabela 28 - Dados de RAT" time="527.406" errors="0" timestamp="25 ago. 2021 06:33:16 GMT">
  <testcase classname="com.timp.test.MDR.TabelasApoioESocial.Tabela28.DadosDeRATCriar" name="criar" time="197.807"/>
  <testcase classname="com.timp.test.MDR.TabelasApoioESocial.Tabela28.DadosDeRATExcluirEmMassa" name="criar" time="236.688"/>
  <testcase classname="com.timp.test.MDR.TabelasApoioESocial.Tabela28.DadosDeRATExcluirEmMassa" name="excluir" time="41.554"/>
</testsuite> <!-- Tabelas de Apoio E-SOCIAL > Tabela 28 - Dados de RAT -->
