<?xml version="1.0" encoding="UTF-8"?>
<!-- Generated by org.testng.reporters.JUnitXMLReporter -->
<testsuite ignored="0" hostname="DESKTOP-JP1A9E6" failures="0" tests="7" name="TabelaDeCreditosPorObrigacao" time="866.027" errors="0" timestamp="03 ago. 2021 05:03:09 GMT">
  <testcase classname="com.timp.test.MDR.TabelasComplementaresParaObrigaçoesAcessorias.TabelaDeCreditosPorObrigacao.TabelaDeCreditosPorObrigacaoCriar" name="criar" time="97.316"/>
  <testcase classname="com.timp.test.MDR.TabelasComplementaresParaObrigaçoesAcessorias.TabelaDeCreditosPorObrigacao.TabelaDeCreditosPorObrigacaoEditar" name="editar" time="132.391"/>
  <testcase classname="com.timp.test.MDR.TabelasComplementaresParaObrigaçoesAcessorias.TabelaDeCreditosPorObrigacao.TabelaDeCreditosPorObrigacaoDetalhes" name="detalhes" time="84.86"/>
  <testcase classname="com.timp.test.MDR.TabelasComplementaresParaObrigaçoesAcessorias.TabelaDeCreditosPorObrigacao.TabelaDeCreditosPorObrigacaoVisualizar" name="visualizar" time="134.328"/>
  <testcase classname="com.timp.test.MDR.TabelasComplementaresParaObrigaçoesAcessorias.TabelaDeCreditosPorObrigacao.TabelaDeCreditosPorObrigacaoExcluir" name="excluir" time="122.221"/>
  <testcase classname="com.timp.test.MDR.TabelasComplementaresParaObrigaçoesAcessorias.TabelaDeCreditosPorObrigacao.TabelaDeCreditosPorObrigacaoExcluirEmMassa" name="criar" time="123.922"/>
  <testcase classname="com.timp.test.MDR.TabelasComplementaresParaObrigaçoesAcessorias.TabelaDeCreditosPorObrigacao.TabelaDeCreditosPorObrigacaoExcluirEmMassa" name="excluirEmMassa" time="36.069"/>
</testsuite> <!-- TabelaDeCreditosPorObrigacao -->
