<?xml version="1.0" encoding="UTF-8"?>
<!-- Generated by org.testng.reporters.JUnitXMLReporter -->
<testsuite ignored="0" hostname="DESKTOP-JP1A9E6" failures="0" tests="7" name="Tabelas de Apoio E-SOCIAL &gt; Tabela 17 - Descrição de Nat. de Lesão" time="675.187" errors="0" timestamp="05 ago. 2021 08:00:48 GMT">
  <testcase classname="com.timp.test.MDR.TabelasApoioESocial.Tabela17.DescriçãoDeNatDeLesãoCriar" name="criar" time="83.675"/>
  <testcase classname="com.timp.test.MDR.TabelasApoioESocial.Tabela17.DescriçãoDeNatDeLesãoEditar" name="editar" time="89.603"/>
  <testcase classname="com.timp.test.MDR.TabelasApoioESocial.Tabela17.DescriçãoDeNatDeLesãoVisualizar" name="visualizar" time="86.8"/>
  <testcase classname="com.timp.test.MDR.TabelasApoioESocial.Tabela17.DescriçãoDeNatDeLesãoDetalle" name="detalle" time="83.326"/>
  <testcase classname="com.timp.test.MDR.TabelasApoioESocial.Tabela17.DescriçãoDeNatDeLesãoExcluir" name="excluir" time="80.075"/>
  <testcase classname="com.timp.test.MDR.TabelasApoioESocial.Tabela17.DescricaoDeNatDeLesãoExcluirEmMassa" name="criar" time="108.827"/>
  <testcase classname="com.timp.test.MDR.TabelasApoioESocial.Tabela17.DescricaoDeNatDeLesãoExcluirEmMassa" name="excluir" time="31.943"/>
</testsuite> <!-- Tabelas de Apoio E-SOCIAL > Tabela 17 - Descrição de Nat. de Lesão -->
