<?xml version="1.0" encoding="UTF-8"?>
<!-- Generated by org.testng.reporters.JUnitXMLReporter -->
<testsuite ignored="0" hostname="MassielV" failures="0" tests="6" name="TFP - Configurações - Configurações &gt; Periodo" time="800.206" errors="0" timestamp="11 nov. 2021 15:33:40 GMT">
  <testcase classname="com.timp.test.TFP.Configurações.Configurações.Período.ConfiguraçõesPeríodoCriar" name="criar" time="123.052"/>
  <testcase classname="com.timp.test.TFP.Configurações.Configurações.Período.ConfiguraçõesPeríodoEditar" name="editar" time="99.846"/>
  <testcase classname="com.timp.test.TFP.Configurações.Configurações.Período.ConfiguraçõesPeríodoCopiar" name="copiar" time="128.322"/>
  <testcase classname="com.timp.test.TFP.Configurações.Configurações.Período.ConfiguraçõesPeríodoVer" name="ver" time="76.05"/>
  <testcase classname="com.timp.test.TFP.Configurações.Configurações.Período.ConfiguraçõesPeríodoFiltroPorId" name="filtro" time="57.54"/>
  <testcase classname="com.timp.test.TFP.Configurações.Configurações.Período.ConfiguraçõesPeríodoExcluir" name="excluir" time="76.387"/>
</testsuite> <!-- TFP - Configurações - Configurações > Periodo -->
