<?xml version="1.0" encoding="UTF-8"?>
<testng-results skipped="0" failed="0" total="3" passed="3">
  <reporter-output>
  </reporter-output>
  <suite name="Default suite" duration-ms="80483" started-at="2020-07-24T20:30:20Z" finished-at="2020-07-24T20:31:40Z">
    <groups>
    </groups>
    <test name="Default test" duration-ms="80483" started-at="2020-07-24T20:30:20Z" finished-at="2020-07-24T20:31:40Z">
      <class name="com.timp.test.MDR.CadastroDerex.CadastroResponsavel.ResponsavelMovimentoCriar">
        <test-method status="PASS" signature="beforeClass()[pri:0, instance:com.timp.test.MDR.CadastroDerex.CadastroResponsavel.ResponsavelMovimentoCriar@35083305]" name="beforeClass" is-config="true" duration-ms="13381" started-at="2020-07-24T14:30:20Z" finished-at="2020-07-24T14:30:33Z">
          <reporter-output>
          </reporter-output>
        </test-method> <!-- beforeClass -->
        <test-method status="PASS" signature="login()[pri:0, instance:com.timp.test.MDR.CadastroDerex.CadastroResponsavel.ResponsavelMovimentoCriar@35083305]" name="login" duration-ms="11495" started-at="2020-07-24T14:30:33Z" finished-at="2020-07-24T14:30:44Z">
          <reporter-output>
          </reporter-output>
        </test-method> <!-- login -->
        <test-method status="PASS" signature="acessarMDR()[pri:0, instance:com.timp.test.MDR.CadastroDerex.CadastroResponsavel.ResponsavelMovimentoCriar@35083305]" name="acessarMDR" duration-ms="15014" started-at="2020-07-24T14:30:44Z" finished-at="2020-07-24T14:30:59Z">
          <reporter-output>
          </reporter-output>
        </test-method> <!-- acessarMDR -->
        <test-method status="PASS" signature="visualizar()[pri:0, instance:com.timp.test.MDR.CadastroDerex.CadastroResponsavel.ResponsavelMovimentoCriar@35083305]" name="visualizar" duration-ms="40570" started-at="2020-07-24T14:30:59Z" finished-at="2020-07-24T14:31:40Z">
          <reporter-output>
          </reporter-output>
        </test-method> <!-- visualizar -->
      </class> <!-- com.timp.test.MDR.CadastroDerex.CadastroResponsavel.ResponsavelMovimentoCriar -->
    </test> <!-- Default test -->
  </suite> <!-- Default suite -->
</testng-results>
