<?xml version="1.0" encoding="UTF-8"?>
<testng-results total="3" passed="3" failed="0" skipped="0">
  <reporter-output>
  </reporter-output>
  <suite started-at="2021-01-06T22:58:00Z" name="Default suite" finished-at="2021-01-06T22:58:54Z" duration-ms="54379">
    <groups>
    </groups>
    <test started-at="2021-01-06T22:58:00Z" name="Default test" finished-at="2021-01-06T22:58:54Z" duration-ms="54379">
      <class name="com.timp.test.ATR.Estruturas.RelacionamentoEstruturas.RelacionamentoEstruturasFiltroPorIdMasLimpiarFiltros">
        <test-method is-config="true" signature="beforeClass()[pri:0, instance:com.timp.test.ATR.Estruturas.RelacionamentoEstruturas.RelacionamentoEstruturasFiltroPorIdMasLimpiarFiltros@5a5338df]" started-at="2021-01-06T16:58:00Z" name="beforeClass" finished-at="2021-01-06T16:58:11Z" duration-ms="11582" status="PASS">
          <reporter-output>
          </reporter-output>
        </test-method> <!-- beforeClass -->
        <test-method signature="login()[pri:0, instance:com.timp.test.ATR.Estruturas.RelacionamentoEstruturas.RelacionamentoEstruturasFiltroPorIdMasLimpiarFiltros@5a5338df]" started-at="2021-01-06T16:58:11Z" name="login" finished-at="2021-01-06T16:58:19Z" duration-ms="7542" status="PASS">
          <reporter-output>
          </reporter-output>
        </test-method> <!-- login -->
        <test-method signature="ATREntrar()[pri:0, instance:com.timp.test.ATR.Estruturas.RelacionamentoEstruturas.RelacionamentoEstruturasFiltroPorIdMasLimpiarFiltros@5a5338df]" started-at="2021-01-06T16:58:19Z" name="ATREntrar" finished-at="2021-01-06T16:58:31Z" duration-ms="12371" status="PASS">
          <reporter-output>
          </reporter-output>
        </test-method> <!-- ATREntrar -->
        <test-method signature="filtrarPorIdMasLimpiarFiltros()[pri:0, instance:com.timp.test.ATR.Estruturas.RelacionamentoEstruturas.RelacionamentoEstruturasFiltroPorIdMasLimpiarFiltros@5a5338df]" started-at="2021-01-06T16:58:31Z" name="filtrarPorIdMasLimpiarFiltros" finished-at="2021-01-06T16:58:54Z" duration-ms="22711" status="PASS">
          <reporter-output>
          </reporter-output>
        </test-method> <!-- filtrarPorIdMasLimpiarFiltros -->
        <test-method is-config="true" signature="afterClass()[pri:0, instance:com.timp.test.ATR.Estruturas.RelacionamentoEstruturas.RelacionamentoEstruturasFiltroPorIdMasLimpiarFiltros@5a5338df]" started-at="2021-01-06T16:58:54Z" name="afterClass" finished-at="2021-01-06T16:58:54Z" duration-ms="146" status="PASS">
          <reporter-output>
          </reporter-output>
        </test-method> <!-- afterClass -->
      </class> <!-- com.timp.test.ATR.Estruturas.RelacionamentoEstruturas.RelacionamentoEstruturasFiltroPorIdMasLimpiarFiltros -->
    </test> <!-- Default test -->
  </suite> <!-- Default suite -->
</testng-results>
