<?xml version="1.0" encoding="UTF-8"?>
<testng-results skipped="0" failed="0" total="3" passed="3">
  <reporter-output>
  </reporter-output>
  <suite name="Default suite" duration-ms="107340" started-at="2020-08-07T19:57:25Z" finished-at="2020-08-07T19:59:12Z">
    <groups>
    </groups>
    <test name="Default test" duration-ms="107340" started-at="2020-08-07T19:57:25Z" finished-at="2020-08-07T19:59:12Z">
      <class name="com.timp.test.MDR.TabelasApoioSped.CodigoTipoCredito.ClassificaçaoDeContribuintesDoIPIVisualizar">
        <test-method status="PASS" signature="beforeClass()[pri:0, instance:com.timp.test.MDR.TabelasApoioSped.CodigoTipoCredito.ClassificaçaoDeContribuintesDoIPIVisualizar@8e0379d]" name="beforeClass" is-config="true" duration-ms="18574" started-at="2020-08-07T16:57:25Z" finished-at="2020-08-07T16:57:43Z">
          <reporter-output>
          </reporter-output>
        </test-method> <!-- beforeClass -->
        <test-method status="PASS" signature="login()[pri:0, instance:com.timp.test.MDR.TabelasApoioSped.CodigoTipoCredito.ClassificaçaoDeContribuintesDoIPIVisualizar@8e0379d]" name="login" duration-ms="11011" started-at="2020-08-07T16:57:43Z" finished-at="2020-08-07T16:57:54Z">
          <reporter-output>
          </reporter-output>
        </test-method> <!-- login -->
        <test-method status="PASS" signature="acessarMDR()[pri:0, instance:com.timp.test.MDR.TabelasApoioSped.CodigoTipoCredito.ClassificaçaoDeContribuintesDoIPIVisualizar@8e0379d]" name="acessarMDR" duration-ms="14123" started-at="2020-08-07T16:57:54Z" finished-at="2020-08-07T16:58:08Z">
          <reporter-output>
          </reporter-output>
        </test-method> <!-- acessarMDR -->
        <test-method status="PASS" signature="Visualizar()[pri:0, instance:com.timp.test.MDR.TabelasApoioSped.CodigoTipoCredito.ClassificaçaoDeContribuintesDoIPIVisualizar@8e0379d]" name="Visualizar" duration-ms="63601" started-at="2020-08-07T16:58:08Z" finished-at="2020-08-07T16:59:12Z">
          <reporter-output>
          </reporter-output>
        </test-method> <!-- Visualizar -->
      </class> <!-- com.timp.test.MDR.TabelasApoioSped.CodigoTipoCredito.ClassificaçaoDeContribuintesDoIPIVisualizar -->
    </test> <!-- Default test -->
  </suite> <!-- Default suite -->
</testng-results>
