<?xml version="1.0" encoding="UTF-8"?>
<testng-results ignored="0" total="2" passed="2" failed="0" skipped="0">
  <reporter-output>
  </reporter-output>
  <suite started-at="2022-10-27T12:18:16 BRT" name="Default suite" finished-at="2022-10-27T12:23:03 BRT" duration-ms="286283">
    <groups>
    </groups>
    <test started-at="2022-10-27T12:18:16 BRT" name="Default test" finished-at="2022-10-27T12:23:03 BRT" duration-ms="286283">
      <class name="com.timp.test.TFB.LivrosOficiais.LivrosOficiais">
        <test-method is-config="true" signature="beforeClass()[pri:0, instance:com.timp.test.TFB.LivrosOficiais.LivrosOficiais@48aca48b]" started-at="2022-10-27T12:18:16 BRT" name="beforeClass" finished-at="2022-10-27T12:18:44 BRT" duration-ms="27956" status="PASS">
          <reporter-output>
          </reporter-output>
        </test-method> <!-- beforeClass -->
        <test-method signature="livrosOficias()[pri:0, instance:com.timp.test.TFB.LivrosOficiais.LivrosOficiais@48aca48b]" started-at="2022-10-27T12:18:44 BRT" name="livrosOficias" finished-at="2022-10-27T12:19:33 BRT" duration-ms="48433" status="PASS">
          <reporter-output>
          </reporter-output>
        </test-method> <!-- livrosOficias -->
        <test-method signature="livrosICMS()[pri:1, instance:com.timp.test.TFB.LivrosOficiais.LivrosOficiais@48aca48b]" started-at="2022-10-27T12:19:33 BRT" name="livrosICMS" finished-at="2022-10-27T12:23:03 BRT" duration-ms="209844" status="PASS">
          <reporter-output>
          </reporter-output>
        </test-method> <!-- livrosICMS -->
        <test-method is-config="true" signature="afterClass()[pri:0, instance:com.timp.test.TFB.LivrosOficiais.LivrosOficiais@48aca48b]" started-at="2022-10-27T12:23:03 BRT" name="afterClass" finished-at="2022-10-27T12:23:03 BRT" duration-ms="1" status="PASS">
          <reporter-output>
          </reporter-output>
        </test-method> <!-- afterClass -->
      </class> <!-- com.timp.test.TFB.LivrosOficiais.LivrosOficiais -->
    </test> <!-- Default test -->
  </suite> <!-- Default suite -->
</testng-results>
