<?xml version="1.0" encoding="UTF-8"?>
<testng-results ignored="0" total="1" passed="1" failed="0" skipped="0">
  <reporter-output>
  </reporter-output>
  <suite started-at="2021-10-24T07:41:20Z" name="Default suite" finished-at="2021-10-24T07:46:48Z" duration-ms="328715">
    <groups>
    </groups>
    <test started-at="2021-10-24T07:41:20Z" name="Default test" finished-at="2021-10-24T07:46:48Z" duration-ms="328715">
      <class name="com.timp.test.BRE.RegrasDeNegocio.ParametrosGerais.RegrasdeNegócioExcluirdefinitivamente">
        <test-method is-config="true" signature="beforeClass()[pri:0, instance:com.timp.test.BRE.RegrasDeNegocio.ParametrosGerais.RegrasdeNegócioExcluirdefinitivamente@2d778add]" started-at="2021-10-24T07:41:20Z" name="beforeClass" finished-at="2021-10-24T07:41:30Z" duration-ms="10576" status="PASS">
          <reporter-output>
          </reporter-output>
        </test-method> <!-- beforeClass -->
        <test-method signature="criar()[pri:0, instance:com.timp.test.BRE.RegrasDeNegocio.ParametrosGerais.RegrasdeNegócioExcluirdefinitivamente@2d778add]" started-at="2021-10-24T07:41:30Z" name="criar" finished-at="2021-10-24T07:46:48Z" duration-ms="317762" status="PASS">
          <reporter-output>
          </reporter-output>
        </test-method> <!-- criar -->
        <test-method is-config="true" signature="afterClass()[pri:0, instance:com.timp.test.BRE.RegrasDeNegocio.ParametrosGerais.RegrasdeNegócioExcluirdefinitivamente@2d778add]" started-at="2021-10-24T07:46:48Z" name="afterClass" finished-at="2021-10-24T07:46:48Z" duration-ms="364" status="PASS">
          <reporter-output>
          </reporter-output>
        </test-method> <!-- afterClass -->
      </class> <!-- com.timp.test.BRE.RegrasDeNegocio.ParametrosGerais.RegrasdeNegócioExcluirdefinitivamente -->
    </test> <!-- Default test -->
  </suite> <!-- Default suite -->
</testng-results>
