<?xml version="1.0" encoding="UTF-8"?>
<testng-results ignored="0" total="3" passed="3" failed="0" skipped="0">
  <reporter-output>
  </reporter-output>
  <suite started-at="2021-07-28T01:17:20Z" name="Default suite" finished-at="2021-07-28T01:30:17Z" duration-ms="776925">
    <groups>
    </groups>
    <test started-at="2021-07-28T01:17:20Z" name="Default test" finished-at="2021-07-28T01:30:17Z" duration-ms="776925">
      <class name="com.timp.test.BRB.FiltrosRelatorio">
        <test-method is-config="true" signature="beforeClass()[pri:0, instance:com.timp.test.BRB.FiltrosRelatorio@1838ccb8]" started-at="2021-07-28T01:17:20Z" name="beforeClass" finished-at="2021-07-28T01:19:36Z" duration-ms="135364" status="PASS">
          <reporter-output>
          </reporter-output>
        </test-method> <!-- beforeClass -->
        <test-method signature="AfiltrosEditor()[pri:0, instance:com.timp.test.BRB.FiltrosRelatorio@1838ccb8]" started-at="2021-07-28T01:19:36Z" name="AfiltrosEditor" finished-at="2021-07-28T01:27:52Z" duration-ms="496580" status="PASS">
          <reporter-output>
          </reporter-output>
        </test-method> <!-- AfiltrosEditor -->
        <test-method signature="BfiltrosBiblioteca()[pri:0, instance:com.timp.test.BRB.FiltrosRelatorio@1838ccb8]" started-at="2021-07-28T01:27:52Z" name="BfiltrosBiblioteca" finished-at="2021-07-28T01:29:41Z" depends-on-methods="com.timp.test.BRB.FiltrosRelatorio.AfiltrosEditor" duration-ms="108563" status="PASS">
          <reporter-output>
          </reporter-output>
        </test-method> <!-- BfiltrosBiblioteca -->
        <test-method signature="CasignarValores()[pri:0, instance:com.timp.test.BRB.FiltrosRelatorio@1838ccb8]" started-at="2021-07-28T01:29:41Z" name="CasignarValores" finished-at="2021-07-28T01:30:17Z" depends-on-methods="com.timp.test.BRB.FiltrosRelatorio.BfiltrosBiblioteca" duration-ms="36403" status="PASS">
          <reporter-output>
          </reporter-output>
        </test-method> <!-- CasignarValores -->
        <test-method is-config="true" signature="afterClass()[pri:0, instance:com.timp.test.BRB.FiltrosRelatorio@1838ccb8]" started-at="2021-07-28T01:30:17Z" name="afterClass" finished-at="2021-07-28T01:30:17Z" duration-ms="0" status="PASS">
          <reporter-output>
          </reporter-output>
        </test-method> <!-- afterClass -->
      </class> <!-- com.timp.test.BRB.FiltrosRelatorio -->
    </test> <!-- Default test -->
  </suite> <!-- Default suite -->
</testng-results>
