<?xml version="1.0" encoding="UTF-8"?>
<testng-results skipped="0" failed="0" total="3" passed="3">
  <reporter-output>
  </reporter-output>
  <suite name="Default suite" duration-ms="125828" started-at="2020-12-22T22:06:47Z" finished-at="2020-12-22T22:08:52Z">
    <groups>
    </groups>
    <test name="Default test" duration-ms="125828" started-at="2020-12-22T22:06:47Z" finished-at="2020-12-22T22:08:52Z">
      <class name="com.timp.test.MDR.TabelasApoioSped.ClassificaçaoDeContribuintesDoIPI.ClassificaçaoDeContribuintesDoIPIEditar">
        <test-method status="PASS" signature="beforeClass()[pri:0, instance:com.timp.test.MDR.TabelasApoioSped.ClassificaçaoDeContribuintesDoIPI.ClassificaçaoDeContribuintesDoIPIEditar@3a079870]" name="beforeClass" is-config="true" duration-ms="17500" started-at="2020-12-22T16:06:47Z" finished-at="2020-12-22T16:07:04Z">
          <reporter-output>
          </reporter-output>
        </test-method> <!-- beforeClass -->
        <test-method status="PASS" signature="login()[pri:0, instance:com.timp.test.MDR.TabelasApoioSped.ClassificaçaoDeContribuintesDoIPI.ClassificaçaoDeContribuintesDoIPIEditar@3a079870]" name="login" duration-ms="8082" started-at="2020-12-22T16:07:04Z" finished-at="2020-12-22T16:07:12Z">
          <reporter-output>
          </reporter-output>
        </test-method> <!-- login -->
        <test-method status="PASS" signature="acessarMDR()[pri:0, instance:com.timp.test.MDR.TabelasApoioSped.ClassificaçaoDeContribuintesDoIPI.ClassificaçaoDeContribuintesDoIPIEditar@3a079870]" name="acessarMDR" duration-ms="13273" started-at="2020-12-22T16:07:12Z" finished-at="2020-12-22T16:07:26Z">
          <reporter-output>
          </reporter-output>
        </test-method> <!-- acessarMDR -->
        <test-method status="PASS" signature="editar()[pri:0, instance:com.timp.test.MDR.TabelasApoioSped.ClassificaçaoDeContribuintesDoIPI.ClassificaçaoDeContribuintesDoIPIEditar@3a079870]" name="editar" duration-ms="82529" started-at="2020-12-22T16:07:26Z" finished-at="2020-12-22T16:08:48Z">
          <reporter-output>
          </reporter-output>
        </test-method> <!-- editar -->
        <test-method status="PASS" signature="afterClass()[pri:0, instance:com.timp.test.MDR.TabelasApoioSped.ClassificaçaoDeContribuintesDoIPI.ClassificaçaoDeContribuintesDoIPIEditar@3a079870]" name="afterClass" is-config="true" duration-ms="4430" started-at="2020-12-22T16:08:48Z" finished-at="2020-12-22T16:08:52Z">
          <reporter-output>
          </reporter-output>
        </test-method> <!-- afterClass -->
      </class> <!-- com.timp.test.MDR.TabelasApoioSped.ClassificaçaoDeContribuintesDoIPI.ClassificaçaoDeContribuintesDoIPIEditar -->
    </test> <!-- Default test -->
  </suite> <!-- Default suite -->
</testng-results>
