<?xml version="1.0" encoding="UTF-8"?>
<testng-results total="3" passed="3" failed="0" skipped="0">
  <reporter-output>
  </reporter-output>
  <suite started-at="2020-11-16T21:02:32Z" name="Default suite" finished-at="2020-11-16T21:05:06Z" duration-ms="153905">
    <groups>
    </groups>
    <test started-at="2020-11-16T21:02:32Z" name="Default test" finished-at="2020-11-16T21:05:06Z" duration-ms="153905">
      <class name="com.timp.test.MDR.ValorAdicionado.Municipio.MunicipioExcluirEmMassa">
        <test-method is-config="true" signature="beforeClass()[pri:0, instance:com.timp.test.MDR.ValorAdicionado.Municipio.MunicipioExcluirEmMassa@54c5a2ff]" started-at="2020-11-16T18:02:32Z" name="beforeClass" finished-at="2020-11-16T18:02:45Z" duration-ms="12524" status="PASS">
          <reporter-output>
          </reporter-output>
        </test-method> <!-- beforeClass -->
        <test-method signature="login()[pri:0, instance:com.timp.test.MDR.ValorAdicionado.Municipio.MunicipioExcluirEmMassa@54c5a2ff]" started-at="2020-11-16T18:02:45Z" name="login" finished-at="2020-11-16T18:02:53Z" duration-ms="7923" status="PASS">
          <reporter-output>
          </reporter-output>
        </test-method> <!-- login -->
        <test-method signature="acessarMDR()[pri:0, instance:com.timp.test.MDR.ValorAdicionado.Municipio.MunicipioExcluirEmMassa@54c5a2ff]" started-at="2020-11-16T18:02:53Z" name="acessarMDR" finished-at="2020-11-16T18:03:16Z" duration-ms="23509" status="PASS">
          <reporter-output>
          </reporter-output>
        </test-method> <!-- acessarMDR -->
        <test-method signature="criar()[pri:0, instance:com.timp.test.MDR.ValorAdicionado.Municipio.MunicipioExcluirEmMassa@54c5a2ff]" started-at="2020-11-16T18:03:16Z" name="criar" finished-at="2020-11-16T18:05:06Z" duration-ms="109866" status="PASS">
          <reporter-output>
          </reporter-output>
        </test-method> <!-- criar -->
        <test-method is-config="true" signature="afterClass()[pri:0, instance:com.timp.test.MDR.ValorAdicionado.Municipio.MunicipioExcluirEmMassa@54c5a2ff]" started-at="2020-11-16T18:05:06Z" name="afterClass" finished-at="2020-11-16T18:05:06Z" duration-ms="69" status="PASS">
          <reporter-output>
          </reporter-output>
        </test-method> <!-- afterClass -->
      </class> <!-- com.timp.test.MDR.ValorAdicionado.Municipio.MunicipioExcluirEmMassa -->
    </test> <!-- Default test -->
  </suite> <!-- Default suite -->
</testng-results>
