<?xml version="1.0" encoding="UTF-8"?>
<testng-results skipped="0" failed="0" total="3" passed="3">
  <reporter-output>
  </reporter-output>
  <suite name="Default suite" duration-ms="519721" started-at="2020-08-17T02:43:50Z" finished-at="2020-08-17T02:52:30Z">
    <groups>
    </groups>
    <test name="Default test" duration-ms="519721" started-at="2020-08-17T02:43:50Z" finished-at="2020-08-17T02:52:30Z">
      <class name="com.timp.test.BRB.AgrupadoPeloCampo">
        <test-method status="PASS" signature="beforeClass()[pri:0, instance:com.timp.test.BRB.AgrupadoPeloCampo@341b80b2]" name="beforeClass" is-config="true" duration-ms="91030" started-at="2020-08-16T20:43:50Z" finished-at="2020-08-16T20:45:21Z">
          <reporter-output>
          </reporter-output>
        </test-method> <!-- beforeClass -->
        <test-method status="PASS" signature="login()[pri:0, instance:com.timp.test.BRB.AgrupadoPeloCampo@341b80b2]" name="login" duration-ms="70925" started-at="2020-08-16T20:45:21Z" finished-at="2020-08-16T20:46:32Z">
          <reporter-output>
          </reporter-output>
        </test-method> <!-- login -->
        <test-method status="PASS" signature="brbEntrar()[pri:0, instance:com.timp.test.BRB.AgrupadoPeloCampo@341b80b2]" name="brbEntrar" duration-ms="211726" started-at="2020-08-16T20:46:32Z" finished-at="2020-08-16T20:50:04Z">
          <reporter-output>
          </reporter-output>
        </test-method> <!-- brbEntrar -->
        <test-method status="PASS" signature="agrupadoPeloCampo()[pri:0, instance:com.timp.test.BRB.AgrupadoPeloCampo@341b80b2]" name="agrupadoPeloCampo" duration-ms="141642" started-at="2020-08-16T20:50:04Z" finished-at="2020-08-16T20:52:26Z">
          <reporter-output>
          </reporter-output>
        </test-method> <!-- agrupadoPeloCampo -->
        <test-method status="PASS" signature="afterClass()[pri:0, instance:com.timp.test.BRB.AgrupadoPeloCampo@341b80b2]" name="afterClass" is-config="true" duration-ms="4381" started-at="2020-08-16T20:52:26Z" finished-at="2020-08-16T20:52:30Z">
          <reporter-output>
          </reporter-output>
        </test-method> <!-- afterClass -->
      </class> <!-- com.timp.test.BRB.AgrupadoPeloCampo -->
    </test> <!-- Default test -->
  </suite> <!-- Default suite -->
</testng-results>
