<?xml version="1.0" encoding="UTF-8"?>
<testng-results total="3" passed="3" failed="0" skipped="0">
  <reporter-output>
  </reporter-output>
  <suite started-at="2021-01-22T23:57:11Z" name="Default suite" finished-at="2021-01-22T23:59:19Z" duration-ms="128455">
    <groups>
    </groups>
    <test started-at="2021-01-22T23:57:11Z" name="Default test" finished-at="2021-01-22T23:59:19Z" duration-ms="128455">
      <class name="com.timp.test.BCB.ParametrosGeraisConfiguraçãoConfiguraçãoLixeiraExcluirDefinitivamente">
        <test-method is-config="true" signature="beforeClass()[pri:0, instance:com.timp.test.BCB.ParametrosGeraisConfiguraçãoConfiguraçãoLixeiraExcluirDefinitivamente@332729ad]" started-at="2021-01-22T17:57:11Z" name="beforeClass" finished-at="2021-01-22T17:57:22Z" duration-ms="11554" status="PASS">
          <reporter-output>
          </reporter-output>
        </test-method> <!-- beforeClass -->
        <test-method signature="login()[pri:0, instance:com.timp.test.BCB.ParametrosGeraisConfiguraçãoConfiguraçãoLixeiraExcluirDefinitivamente@332729ad]" started-at="2021-01-22T17:57:22Z" name="login" finished-at="2021-01-22T17:57:30Z" duration-ms="7844" status="PASS">
          <reporter-output>
          </reporter-output>
        </test-method> <!-- login -->
        <test-method signature="brbEntrar()[pri:0, instance:com.timp.test.BCB.ParametrosGeraisConfiguraçãoConfiguraçãoLixeiraExcluirDefinitivamente@332729ad]" started-at="2021-01-22T17:57:30Z" name="brbEntrar" finished-at="2021-01-22T17:57:44Z" duration-ms="14378" status="PASS">
          <reporter-output>
          </reporter-output>
        </test-method> <!-- brbEntrar -->
        <test-method signature="criarConfiguracao()[pri:0, instance:com.timp.test.BCB.ParametrosGeraisConfiguraçãoConfiguraçãoLixeiraExcluirDefinitivamente@332729ad]" started-at="2021-01-22T17:57:44Z" name="criarConfiguracao" finished-at="2021-01-22T17:59:19Z" duration-ms="94656" status="PASS">
          <reporter-output>
          </reporter-output>
        </test-method> <!-- criarConfiguracao -->
        <test-method is-config="true" signature="afterClass()[pri:0, instance:com.timp.test.BCB.ParametrosGeraisConfiguraçãoConfiguraçãoLixeiraExcluirDefinitivamente@332729ad]" started-at="2021-01-22T17:59:19Z" name="afterClass" finished-at="2021-01-22T17:59:19Z" duration-ms="0" status="PASS">
          <reporter-output>
          </reporter-output>
        </test-method> <!-- afterClass -->
      </class> <!-- com.timp.test.BCB.ParametrosGeraisConfiguraçãoConfiguraçãoLixeiraExcluirDefinitivamente -->
    </test> <!-- Default test -->
  </suite> <!-- Default suite -->
</testng-results>
