<?xml version="1.0" encoding="UTF-8"?>
<testng-results total="3" passed="3" failed="0" skipped="0">
  <reporter-output>
  </reporter-output>
  <suite started-at="2020-07-31T06:49:48Z" name="Default suite" finished-at="2020-07-31T06:51:54Z" duration-ms="125507">
    <groups>
    </groups>
    <test started-at="2020-07-31T06:49:48Z" name="Default test" finished-at="2020-07-31T06:51:54Z" duration-ms="125507">
      <class name="com.timp.test.MDR.CenariosCorrecao.CenariosCorrecaoExcluir">
        <test-method is-config="true" signature="beforeClass()[pri:0, instance:com.timp.test.MDR.CenariosCorrecao.CenariosCorrecaoExcluir@4c1909a3]" started-at="2020-07-31T00:49:48Z" name="beforeClass" finished-at="2020-07-31T00:50:05Z" duration-ms="17450" status="PASS">
          <reporter-output>
          </reporter-output>
        </test-method> <!-- beforeClass -->
        <test-method signature="login()[pri:0, instance:com.timp.test.MDR.CenariosCorrecao.CenariosCorrecaoExcluir@4c1909a3]" started-at="2020-07-31T00:50:06Z" name="login" finished-at="2020-07-31T00:50:16Z" duration-ms="10677" status="PASS">
          <reporter-output>
          </reporter-output>
        </test-method> <!-- login -->
        <test-method signature="acessarMDR()[pri:0, instance:com.timp.test.MDR.CenariosCorrecao.CenariosCorrecaoExcluir@4c1909a3]" started-at="2020-07-31T00:50:16Z" name="acessarMDR" finished-at="2020-07-31T00:50:52Z" duration-ms="35644" status="PASS">
          <reporter-output>
          </reporter-output>
        </test-method> <!-- acessarMDR -->
        <test-method signature="cenariosCorrecaoExcluir()[pri:0, instance:com.timp.test.MDR.CenariosCorrecao.CenariosCorrecaoExcluir@4c1909a3]" started-at="2020-07-31T00:50:52Z" name="cenariosCorrecaoExcluir" finished-at="2020-07-31T00:51:53Z" duration-ms="61665" status="PASS">
          <reporter-output>
          </reporter-output>
        </test-method> <!-- cenariosCorrecaoExcluir -->
        <test-method is-config="true" signature="afterClass()[pri:0, instance:com.timp.test.MDR.CenariosCorrecao.CenariosCorrecaoExcluir@4c1909a3]" started-at="2020-07-31T00:51:54Z" name="afterClass" finished-at="2020-07-31T00:51:54Z" duration-ms="0" status="PASS">
          <reporter-output>
          </reporter-output>
        </test-method> <!-- afterClass -->
      </class> <!-- com.timp.test.MDR.CenariosCorrecao.CenariosCorrecaoExcluir -->
    </test> <!-- Default test -->
  </suite> <!-- Default suite -->
</testng-results>
