<?xml version="1.0" encoding="UTF-8"?>
<testng-results total="3" passed="3" failed="0" skipped="0">
  <reporter-output>
  </reporter-output>
  <suite started-at="2021-02-02T15:06:42Z" name="Default suite" finished-at="2021-02-02T15:08:18Z" duration-ms="95866">
    <groups>
    </groups>
    <test started-at="2021-02-02T15:06:42Z" name="Default test" finished-at="2021-02-02T15:08:18Z" duration-ms="95866">
      <class name="com.timp.test.BRE.Lixeira.ParametrosGerais.LixeiraExcluir">
        <test-method is-config="true" signature="beforeClass()[pri:0, instance:com.timp.test.BRE.Lixeira.ParametrosGerais.LixeiraExcluir@18e36d14]" started-at="2021-02-02T09:06:42Z" name="beforeClass" finished-at="2021-02-02T09:06:55Z" duration-ms="12681" status="PASS">
          <reporter-output>
          </reporter-output>
        </test-method> <!-- beforeClass -->
        <test-method signature="login()[pri:0, instance:com.timp.test.BRE.Lixeira.ParametrosGerais.LixeiraExcluir@18e36d14]" started-at="2021-02-02T09:06:55Z" name="login" finished-at="2021-02-02T09:07:03Z" duration-ms="7592" status="PASS">
          <reporter-output>
          </reporter-output>
        </test-method> <!-- login -->
        <test-method signature="acessarBRE()[pri:0, instance:com.timp.test.BRE.Lixeira.ParametrosGerais.LixeiraExcluir@18e36d14]" started-at="2021-02-02T09:07:03Z" name="acessarBRE" finished-at="2021-02-02T09:07:19Z" duration-ms="16281" status="PASS">
          <reporter-output>
          </reporter-output>
        </test-method> <!-- acessarBRE -->
        <test-method signature="criar()[pri:0, instance:com.timp.test.BRE.Lixeira.ParametrosGerais.LixeiraExcluir@18e36d14]" started-at="2021-02-02T09:07:19Z" name="criar" finished-at="2021-02-02T09:08:18Z" duration-ms="59288" status="PASS">
          <reporter-output>
          </reporter-output>
        </test-method> <!-- criar -->
        <test-method is-config="true" signature="afterClass()[pri:0, instance:com.timp.test.BRE.Lixeira.ParametrosGerais.LixeiraExcluir@18e36d14]" started-at="2021-02-02T09:08:18Z" name="afterClass" finished-at="2021-02-02T09:08:18Z" duration-ms="1" status="PASS">
          <reporter-output>
          </reporter-output>
        </test-method> <!-- afterClass -->
      </class> <!-- com.timp.test.BRE.Lixeira.ParametrosGerais.LixeiraExcluir -->
    </test> <!-- Default test -->
  </suite> <!-- Default suite -->
</testng-results>
