<?xml version="1.0" encoding="UTF-8"?>
<testng-results total="3" passed="3" failed="0" skipped="0">
  <reporter-output>
  </reporter-output>
  <suite started-at="2021-01-11T00:10:03Z" name="Default suite" finished-at="2021-01-11T00:11:27Z" duration-ms="84430">
    <groups>
    </groups>
    <test started-at="2021-01-11T00:10:03Z" name="Default test" finished-at="2021-01-11T00:11:27Z" duration-ms="84430">
      <class name="com.timp.test.BRE.Lixeira.ParametrosGerais.LixeiraExcluir">
        <test-method is-config="true" signature="beforeClass()[pri:0, instance:com.timp.test.BRE.Lixeira.ParametrosGerais.LixeiraExcluir@1fb19a0]" started-at="2021-01-10T18:10:03Z" name="beforeClass" finished-at="2021-01-10T18:10:14Z" duration-ms="11781" status="PASS">
          <reporter-output>
          </reporter-output>
        </test-method> <!-- beforeClass -->
        <test-method signature="login()[pri:0, instance:com.timp.test.BRE.Lixeira.ParametrosGerais.LixeiraExcluir@1fb19a0]" started-at="2021-01-10T18:10:14Z" name="login" finished-at="2021-01-10T18:10:23Z" duration-ms="8059" status="PASS">
          <reporter-output>
          </reporter-output>
        </test-method> <!-- login -->
        <test-method signature="acessarBRE()[pri:0, instance:com.timp.test.BRE.Lixeira.ParametrosGerais.LixeiraExcluir@1fb19a0]" started-at="2021-01-10T18:10:23Z" name="acessarBRE" finished-at="2021-01-10T18:10:35Z" duration-ms="12214" status="PASS">
          <reporter-output>
          </reporter-output>
        </test-method> <!-- acessarBRE -->
        <test-method signature="criar()[pri:0, instance:com.timp.test.BRE.Lixeira.ParametrosGerais.LixeiraExcluir@1fb19a0]" started-at="2021-01-10T18:10:35Z" name="criar" finished-at="2021-01-10T18:11:27Z" duration-ms="52351" status="PASS">
          <reporter-output>
          </reporter-output>
        </test-method> <!-- criar -->
        <test-method is-config="true" signature="afterClass()[pri:0, instance:com.timp.test.BRE.Lixeira.ParametrosGerais.LixeiraExcluir@1fb19a0]" started-at="2021-01-10T18:11:27Z" name="afterClass" finished-at="2021-01-10T18:11:27Z" duration-ms="0" status="PASS">
          <reporter-output>
          </reporter-output>
        </test-method> <!-- afterClass -->
      </class> <!-- com.timp.test.BRE.Lixeira.ParametrosGerais.LixeiraExcluir -->
    </test> <!-- Default test -->
  </suite> <!-- Default suite -->
</testng-results>
