<?xml version="1.0" encoding="UTF-8"?>
<testng-results total="3" passed="3" failed="0" skipped="0">
  <reporter-output>
  </reporter-output>
  <suite started-at="2021-02-16T03:08:06Z" name="Default suite" finished-at="2021-02-16T03:09:59Z" duration-ms="112664">
    <groups>
    </groups>
    <test started-at="2021-02-16T03:08:06Z" name="Default test" finished-at="2021-02-16T03:09:59Z" duration-ms="112664">
      <class name="com.timp.test.TCM.Configuracao.ModeloDeDados.ConfiguracaoModeloDeDadosExcluir">
        <test-method is-config="true" signature="beforeClass()[pri:0, instance:com.timp.test.TCM.Configuracao.ModeloDeDados.ConfiguracaoModeloDeDadosExcluir@573906eb]" started-at="2021-02-15T21:08:06Z" name="beforeClass" finished-at="2021-02-15T21:08:35Z" duration-ms="28615" status="PASS">
          <reporter-output>
          </reporter-output>
        </test-method> <!-- beforeClass -->
        <test-method signature="login()[pri:0, instance:com.timp.test.TCM.Configuracao.ModeloDeDados.ConfiguracaoModeloDeDadosExcluir@573906eb]" started-at="2021-02-15T21:08:35Z" name="login" finished-at="2021-02-15T21:08:48Z" duration-ms="13484" status="PASS">
          <reporter-output>
          </reporter-output>
        </test-method> <!-- login -->
        <test-method signature="acessarTCM()[pri:0, instance:com.timp.test.TCM.Configuracao.ModeloDeDados.ConfiguracaoModeloDeDadosExcluir@573906eb]" started-at="2021-02-15T21:08:48Z" name="acessarTCM" finished-at="2021-02-15T21:09:04Z" duration-ms="16410" status="PASS">
          <reporter-output>
          </reporter-output>
        </test-method> <!-- acessarTCM -->
        <test-method signature="excluir()[pri:0, instance:com.timp.test.TCM.Configuracao.ModeloDeDados.ConfiguracaoModeloDeDadosExcluir@573906eb]" started-at="2021-02-15T21:09:04Z" name="excluir" finished-at="2021-02-15T21:09:54Z" duration-ms="49818" status="PASS">
          <reporter-output>
          </reporter-output>
        </test-method> <!-- excluir -->
        <test-method is-config="true" signature="afterClass()[pri:0, instance:com.timp.test.TCM.Configuracao.ModeloDeDados.ConfiguracaoModeloDeDadosExcluir@573906eb]" started-at="2021-02-15T21:09:54Z" name="afterClass" finished-at="2021-02-15T21:09:59Z" duration-ms="4317" status="PASS">
          <reporter-output>
          </reporter-output>
        </test-method> <!-- afterClass -->
      </class> <!-- com.timp.test.TCM.Configuracao.ModeloDeDados.ConfiguracaoModeloDeDadosExcluir -->
    </test> <!-- Default test -->
  </suite> <!-- Default suite -->
</testng-results>
