<?xml version="1.0" encoding="UTF-8"?>
<testng-results ignored="0" total="1" passed="1" failed="0" skipped="0">
  <reporter-output>
  </reporter-output>
  <suite started-at="2021-04-09T03:57:46Z" name="Default suite" finished-at="2021-04-09T03:59:54Z" duration-ms="127685">
    <groups>
    </groups>
    <test started-at="2021-04-09T03:57:46Z" name="Default test" finished-at="2021-04-09T03:59:54Z" duration-ms="127685">
      <class name="com.timp.test.MDR.PrecoDeTransferencia.ValoresParaMetodo.ValoresParaMetodoCAP.ValoresParaMetodoCAPEditar">
        <test-method is-config="true" signature="beforeClass()[pri:0, instance:com.timp.test.MDR.PrecoDeTransferencia.ValoresParaMetodo.ValoresParaMetodoCAP.ValoresParaMetodoCAPEditar@20f5281c]" started-at="2021-04-09T03:57:46Z" name="beforeClass" finished-at="2021-04-09T03:58:00Z" duration-ms="14372" status="PASS">
          <reporter-output>
          </reporter-output>
        </test-method> <!-- beforeClass -->
        <test-method signature="editar()[pri:0, instance:com.timp.test.MDR.PrecoDeTransferencia.ValoresParaMetodo.ValoresParaMetodoCAP.ValoresParaMetodoCAPEditar@20f5281c]" started-at="2021-04-09T03:58:00Z" name="editar" finished-at="2021-04-09T03:59:54Z" duration-ms="113272" status="PASS">
          <reporter-output>
          </reporter-output>
        </test-method> <!-- editar -->
        <test-method is-config="true" signature="afterClass()[pri:0, instance:com.timp.test.MDR.PrecoDeTransferencia.ValoresParaMetodo.ValoresParaMetodoCAP.ValoresParaMetodoCAPEditar@20f5281c]" started-at="2021-04-09T03:59:54Z" name="afterClass" finished-at="2021-04-09T03:59:54Z" duration-ms="0" status="PASS">
          <reporter-output>
          </reporter-output>
        </test-method> <!-- afterClass -->
      </class> <!-- com.timp.test.MDR.PrecoDeTransferencia.ValoresParaMetodo.ValoresParaMetodoCAP.ValoresParaMetodoCAPEditar -->
    </test> <!-- Default test -->
  </suite> <!-- Default suite -->
</testng-results>
