<?xml version="1.0" encoding="UTF-8"?>
<testng-results total="3" passed="3" failed="0" skipped="0">
  <reporter-output>
  </reporter-output>
  <suite started-at="2020-11-26T17:20:45Z" name="Default suite" finished-at="2020-11-26T17:22:44Z" duration-ms="118756">
    <groups>
    </groups>
    <test started-at="2020-11-26T17:20:45Z" name="Default test" finished-at="2020-11-26T17:22:44Z" duration-ms="118756">
      <class name="com.timp.test.BRE.RegrasDeMensagens.RegrasDeMensagensEditar">
        <test-method is-config="true" signature="beforeClass()[pri:0, instance:com.timp.test.BRE.RegrasDeMensagens.RegrasDeMensagensEditar@6d4d66d2]" started-at="2020-11-26T14:20:45Z" name="beforeClass" finished-at="2020-11-26T14:21:01Z" duration-ms="15381" status="PASS">
          <reporter-output>
          </reporter-output>
        </test-method> <!-- beforeClass -->
        <test-method signature="login()[pri:0, instance:com.timp.test.BRE.RegrasDeMensagens.RegrasDeMensagensEditar@6d4d66d2]" started-at="2020-11-26T14:21:01Z" name="login" finished-at="2020-11-26T14:21:10Z" duration-ms="9437" status="PASS">
          <reporter-output>
          </reporter-output>
        </test-method> <!-- login -->
        <test-method signature="acessarBRE()[pri:0, instance:com.timp.test.BRE.RegrasDeMensagens.RegrasDeMensagensEditar@6d4d66d2]" started-at="2020-11-26T14:21:10Z" name="acessarBRE" finished-at="2020-11-26T14:21:26Z" duration-ms="15670" status="PASS">
          <reporter-output>
          </reporter-output>
        </test-method> <!-- acessarBRE -->
        <test-method signature="editar()[pri:0, instance:com.timp.test.BRE.RegrasDeMensagens.RegrasDeMensagensEditar@6d4d66d2]" started-at="2020-11-26T14:21:26Z" name="editar" finished-at="2020-11-26T14:22:44Z" duration-ms="78249" status="PASS">
          <reporter-output>
          </reporter-output>
        </test-method> <!-- editar -->
        <test-method is-config="true" signature="afterClass()[pri:0, instance:com.timp.test.BRE.RegrasDeMensagens.RegrasDeMensagensEditar@6d4d66d2]" started-at="2020-11-26T14:22:44Z" name="afterClass" finished-at="2020-11-26T14:22:44Z" duration-ms="0" status="PASS">
          <reporter-output>
          </reporter-output>
        </test-method> <!-- afterClass -->
      </class> <!-- com.timp.test.BRE.RegrasDeMensagens.RegrasDeMensagensEditar -->
    </test> <!-- Default test -->
  </suite> <!-- Default suite -->
</testng-results>
