<?xml version="1.0" encoding="UTF-8"?>
<testng-results total="3" passed="3" failed="0" skipped="0">
  <reporter-output>
  </reporter-output>
  <suite started-at="2020-10-22T04:26:03Z" name="Default suite" finished-at="2020-10-22T04:27:10Z" duration-ms="67045">
    <groups>
    </groups>
    <test started-at="2020-10-22T04:26:03Z" name="Default test" finished-at="2020-10-22T04:27:10Z" duration-ms="67045">
      <class name="com.timp.test.MDR.Centralizacao.Saldos.SaldosFiltrarId">
        <test-method is-config="true" signature="beforeClass()[pri:0, instance:com.timp.test.MDR.Centralizacao.Saldos.SaldosFiltrarId@147a5d08]" started-at="2020-10-21T22:26:03Z" name="beforeClass" finished-at="2020-10-21T22:26:20Z" duration-ms="17259" status="PASS">
          <reporter-output>
          </reporter-output>
        </test-method> <!-- beforeClass -->
        <test-method signature="login()[pri:0, instance:com.timp.test.MDR.Centralizacao.Saldos.SaldosFiltrarId@147a5d08]" started-at="2020-10-21T22:26:21Z" name="login" finished-at="2020-10-21T22:26:31Z" duration-ms="10315" status="PASS">
          <reporter-output>
          </reporter-output>
        </test-method> <!-- login -->
        <test-method signature="acessarMDR()[pri:0, instance:com.timp.test.MDR.Centralizacao.Saldos.SaldosFiltrarId@147a5d08]" started-at="2020-10-21T22:26:31Z" name="acessarMDR" finished-at="2020-10-21T22:26:43Z" duration-ms="11787" status="PASS">
          <reporter-output>
          </reporter-output>
        </test-method> <!-- acessarMDR -->
        <test-method signature="FiltrarSaldosId()[pri:0, instance:com.timp.test.MDR.Centralizacao.Saldos.SaldosFiltrarId@147a5d08]" started-at="2020-10-21T22:26:43Z" name="FiltrarSaldosId" finished-at="2020-10-21T22:27:09Z" duration-ms="26427" status="PASS">
          <reporter-output>
          </reporter-output>
        </test-method> <!-- FiltrarSaldosId -->
        <test-method is-config="true" signature="afterClass()[pri:0, instance:com.timp.test.MDR.Centralizacao.Saldos.SaldosFiltrarId@147a5d08]" started-at="2020-10-21T22:27:09Z" name="afterClass" finished-at="2020-10-21T22:27:10Z" duration-ms="1174" status="PASS">
          <reporter-output>
          </reporter-output>
        </test-method> <!-- afterClass -->
      </class> <!-- com.timp.test.MDR.Centralizacao.Saldos.SaldosFiltrarId -->
    </test> <!-- Default test -->
  </suite> <!-- Default suite -->
</testng-results>
