<?xml version="1.0" encoding="UTF-8"?>
<testng-results total="3" passed="3" failed="0" skipped="0">
  <reporter-output>
  </reporter-output>
  <suite started-at="2021-01-07T18:48:42Z" name="Default suite" finished-at="2021-01-07T18:49:44Z" duration-ms="62357">
    <groups>
    </groups>
    <test started-at="2021-01-07T18:48:42Z" name="Default test" finished-at="2021-01-07T18:49:44Z" duration-ms="62357">
      <class name="com.timp.test.ATR.EstruturasMapeamentodeEstruturas.MapeamentodeParâmetrosdeEntradaFiltroporIDLimpar">
        <test-method is-config="true" signature="beforeClass()[pri:0, instance:com.timp.test.ATR.EstruturasMapeamentodeEstruturas.MapeamentodeParâmetrosdeEntradaFiltroporIDLimpar@6f45df59]" started-at="2021-01-07T15:48:42Z" name="beforeClass" finished-at="2021-01-07T15:48:58Z" duration-ms="16401" status="PASS">
          <reporter-output>
          </reporter-output>
        </test-method> <!-- beforeClass -->
        <test-method signature="login()[pri:0, instance:com.timp.test.ATR.EstruturasMapeamentodeEstruturas.MapeamentodeParâmetrosdeEntradaFiltroporIDLimpar@6f45df59]" started-at="2021-01-07T15:48:58Z" name="login" finished-at="2021-01-07T15:49:13Z" duration-ms="14453" status="PASS">
          <reporter-output>
          </reporter-output>
        </test-method> <!-- login -->
        <test-method signature="acessarATRPO()[pri:0, instance:com.timp.test.ATR.EstruturasMapeamentodeEstruturas.MapeamentodeParâmetrosdeEntradaFiltroporIDLimpar@6f45df59]" started-at="2021-01-07T15:49:13Z" name="acessarATRPO" finished-at="2021-01-07T15:49:26Z" duration-ms="13042" status="PASS">
          <reporter-output>
          </reporter-output>
        </test-method> <!-- acessarATRPO -->
        <test-method signature="filtro()[pri:0, instance:com.timp.test.ATR.EstruturasMapeamentodeEstruturas.MapeamentodeParâmetrosdeEntradaFiltroporIDLimpar@6f45df59]" started-at="2021-01-07T15:49:26Z" name="filtro" finished-at="2021-01-07T15:49:44Z" duration-ms="18440" status="PASS">
          <reporter-output>
          </reporter-output>
        </test-method> <!-- filtro -->
        <test-method is-config="true" signature="afterClass()[pri:0, instance:com.timp.test.ATR.EstruturasMapeamentodeEstruturas.MapeamentodeParâmetrosdeEntradaFiltroporIDLimpar@6f45df59]" started-at="2021-01-07T15:49:44Z" name="afterClass" finished-at="2021-01-07T15:49:44Z" duration-ms="1" status="PASS">
          <reporter-output>
          </reporter-output>
        </test-method> <!-- afterClass -->
      </class> <!-- com.timp.test.ATR.EstruturasMapeamentodeEstruturas.MapeamentodeParâmetrosdeEntradaFiltroporIDLimpar -->
    </test> <!-- Default test -->
  </suite> <!-- Default suite -->
</testng-results>
