<?xml version="1.0" encoding="UTF-8"?>
<testng-results ignored="0" total="1" passed="1" failed="0" skipped="0">
  <reporter-output>
  </reporter-output>
  <suite started-at="2021-07-02T08:38:57Z" name="Default suite" finished-at="2021-07-02T08:41:41Z" duration-ms="163584">
    <groups>
    </groups>
    <test started-at="2021-07-02T08:38:57Z" name="Default test" finished-at="2021-07-02T08:41:41Z" duration-ms="163584">
      <class name="com.timp.test.TCC.GestaoDeCreditoTributarioPISCONFINS.ApuracaoDeCreditoTributarioCOFINS.ConfiguracaoEExecucao.RegistroM800.RegistroM800Excluir">
        <test-method is-config="true" signature="beforeClass()[pri:0, instance:com.timp.test.TCC.GestaoDeCreditoTributarioPISCONFINS.ApuracaoDeCreditoTributarioCOFINS.ConfiguracaoEExecucao.RegistroM800.RegistroM800Excluir@13b13b5d]" started-at="2021-07-02T08:38:57Z" name="beforeClass" finished-at="2021-07-02T08:39:10Z" duration-ms="12812" status="PASS">
          <reporter-output>
          </reporter-output>
        </test-method> <!-- beforeClass -->
        <test-method signature="excluir()[pri:0, instance:com.timp.test.TCC.GestaoDeCreditoTributarioPISCONFINS.ApuracaoDeCreditoTributarioCOFINS.ConfiguracaoEExecucao.RegistroM800.RegistroM800Excluir@13b13b5d]" started-at="2021-07-02T08:39:10Z" name="excluir" finished-at="2021-07-02T08:41:41Z" duration-ms="150737" status="PASS">
          <reporter-output>
          </reporter-output>
        </test-method> <!-- excluir -->
        <test-method is-config="true" signature="afterClass()[pri:0, instance:com.timp.test.TCC.GestaoDeCreditoTributarioPISCONFINS.ApuracaoDeCreditoTributarioCOFINS.ConfiguracaoEExecucao.RegistroM800.RegistroM800Excluir@13b13b5d]" started-at="2021-07-02T08:41:41Z" name="afterClass" finished-at="2021-07-02T08:41:41Z" duration-ms="0" status="PASS">
          <reporter-output>
          </reporter-output>
        </test-method> <!-- afterClass -->
      </class> <!-- com.timp.test.TCC.GestaoDeCreditoTributarioPISCONFINS.ApuracaoDeCreditoTributarioCOFINS.ConfiguracaoEExecucao.RegistroM800.RegistroM800Excluir -->
    </test> <!-- Default test -->
  </suite> <!-- Default suite -->
</testng-results>
