<?xml version="1.0" encoding="UTF-8"?>
<testng-results total="13" passed="13" failed="0" skipped="0">
  <reporter-output>
  </reporter-output>
  <suite started-at="2020-12-24T04:27:09Z" name="Default suite" finished-at="2020-12-24T04:33:26Z" duration-ms="376797">
    <groups>
    </groups>
    <test started-at="2020-12-24T04:27:09Z" name="Default test" finished-at="2020-12-24T04:33:26Z" duration-ms="376797">
      <class name="com.timp.test.DFG.SPED.ESocial.Eventos.S1210.S1210ExcluirDadosDoEvento">
        <test-method is-config="true" signature="beforeClass()[pri:0, instance:com.timp.test.DFG.SPED.ESocial.Eventos.S1210.S1210ExcluirDadosDoEvento@75d2da2d]" started-at="2020-12-23T22:27:09Z" name="beforeClass" finished-at="2020-12-23T22:27:23Z" duration-ms="13765" status="PASS">
          <reporter-output>
          </reporter-output>
        </test-method> <!-- beforeClass -->
        <test-method signature="ingresar()[pri:0, instance:com.timp.test.DFG.SPED.ESocial.Eventos.S1210.S1210ExcluirDadosDoEvento@75d2da2d]" started-at="2020-12-23T22:27:23Z" name="ingresar" finished-at="2020-12-23T22:27:31Z" duration-ms="8061" status="PASS">
          <reporter-output>
          </reporter-output>
        </test-method> <!-- ingresar -->
        <test-method signature="dfgEntrar()[pri:0, instance:com.timp.test.DFG.SPED.ESocial.Eventos.S1210.S1210ExcluirDadosDoEvento@75d2da2d]" started-at="2020-12-23T22:27:31Z" name="dfgEntrar" finished-at="2020-12-23T22:27:51Z" duration-ms="20207" status="PASS">
          <reporter-output>
          </reporter-output>
        </test-method> <!-- dfgEntrar -->
        <test-method signature="criarNovoEvento()[pri:0, instance:com.timp.test.DFG.SPED.ESocial.Eventos.S1210.S1210ExcluirDadosDoEvento@75d2da2d]" started-at="2020-12-23T22:27:51Z" name="criarNovoEvento" finished-at="2020-12-23T22:28:48Z" duration-ms="56239" status="PASS">
          <reporter-output>
          </reporter-output>
        </test-method> <!-- criarNovoEvento -->
        <test-method signature="informacao()[pri:0, instance:com.timp.test.DFG.SPED.ESocial.Eventos.S1210.S1210ExcluirDadosDoEvento@75d2da2d]" started-at="2020-12-23T22:28:48Z" name="informacao" finished-at="2020-12-23T22:29:07Z" duration-ms="19043" status="PASS">
          <reporter-output>
          </reporter-output>
        </test-method> <!-- informacao -->
        <test-method signature="editar()[pri:0, instance:com.timp.test.DFG.SPED.ESocial.Eventos.S1210.S1210ExcluirDadosDoEvento@75d2da2d]" started-at="2020-12-23T22:29:07Z" name="editar" finished-at="2020-12-23T22:29:47Z" duration-ms="40113" status="PASS">
          <reporter-output>
          </reporter-output>
        </test-method> <!-- editar -->
        <test-method signature="visualizar()[pri:0, instance:com.timp.test.DFG.SPED.ESocial.Eventos.S1210.S1210ExcluirDadosDoEvento@75d2da2d]" started-at="2020-12-23T22:29:47Z" name="visualizar" finished-at="2020-12-23T22:30:11Z" duration-ms="24602" status="PASS">
          <reporter-output>
          </reporter-output>
        </test-method> <!-- visualizar -->
        <test-method signature="execucao()[pri:0, instance:com.timp.test.DFG.SPED.ESocial.Eventos.S1210.S1210ExcluirDadosDoEvento@75d2da2d]" started-at="2020-12-23T22:30:11Z" name="execucao" finished-at="2020-12-23T22:31:20Z" duration-ms="68301" status="PASS">
          <reporter-output>
          </reporter-output>
        </test-method> <!-- execucao -->
        <test-method signature="gravar()[pri:0, instance:com.timp.test.DFG.SPED.ESocial.Eventos.S1210.S1210ExcluirDadosDoEvento@75d2da2d]" started-at="2020-12-23T22:31:20Z" name="gravar" finished-at="2020-12-23T22:31:30Z" duration-ms="10401" status="PASS">
          <reporter-output>
          </reporter-output>
        </test-method> <!-- gravar -->
        <test-method signature="visualizarCriarAN3()[pri:0, instance:com.timp.test.DFG.SPED.ESocial.Eventos.S1210.S1210ExcluirDadosDoEvento@75d2da2d]" started-at="2020-12-23T22:31:30Z" name="visualizarCriarAN3" finished-at="2020-12-23T22:31:55Z" duration-ms="24579" status="PASS">
          <reporter-output>
          </reporter-output>
        </test-method> <!-- visualizarCriarAN3 -->
        <test-method signature="gravarAN3()[pri:0, instance:com.timp.test.DFG.SPED.ESocial.Eventos.S1210.S1210ExcluirDadosDoEvento@75d2da2d]" started-at="2020-12-23T22:31:55Z" name="gravarAN3" finished-at="2020-12-23T22:32:36Z" duration-ms="40907" status="PASS">
          <reporter-output>
          </reporter-output>
        </test-method> <!-- gravarAN3 -->
        <test-method signature="informacao2()[pri:0, instance:com.timp.test.DFG.SPED.ESocial.Eventos.S1210.S1210ExcluirDadosDoEvento@75d2da2d]" started-at="2020-12-23T22:32:36Z" name="informacao2" finished-at="2020-12-23T22:33:07Z" duration-ms="31758" status="PASS">
          <reporter-output>
          </reporter-output>
        </test-method> <!-- informacao2 -->
        <test-method signature="enviarSeleccionado()[pri:0, instance:com.timp.test.DFG.SPED.ESocial.Eventos.S1210.S1210ExcluirDadosDoEvento@75d2da2d]" started-at="2020-12-23T22:33:07Z" name="enviarSeleccionado" finished-at="2020-12-23T22:33:17Z" duration-ms="10057" status="PASS">
          <reporter-output>
          </reporter-output>
        </test-method> <!-- enviarSeleccionado -->
        <test-method signature="enviarPendencias()[pri:0, instance:com.timp.test.DFG.SPED.ESocial.Eventos.S1210.S1210ExcluirDadosDoEvento@75d2da2d]" started-at="2020-12-23T22:33:17Z" name="enviarPendencias" finished-at="2020-12-23T22:33:26Z" duration-ms="8724" status="PASS">
          <reporter-output>
          </reporter-output>
        </test-method> <!-- enviarPendencias -->
        <test-method is-config="true" signature="afterClass()[pri:0, instance:com.timp.test.DFG.SPED.ESocial.Eventos.S1210.S1210ExcluirDadosDoEvento@75d2da2d]" started-at="2020-12-23T22:33:26Z" name="afterClass" finished-at="2020-12-23T22:33:26Z" duration-ms="0" status="PASS">
          <reporter-output>
          </reporter-output>
        </test-method> <!-- afterClass -->
      </class> <!-- com.timp.test.DFG.SPED.ESocial.Eventos.S1210.S1210ExcluirDadosDoEvento -->
    </test> <!-- Default test -->
  </suite> <!-- Default suite -->
</testng-results>
