<?xml version="1.0" encoding="UTF-8"?>
<testng-results skipped="0" failed="0" total="3" passed="3">
  <reporter-output>
  </reporter-output>
  <suite name="Default suite" duration-ms="83649" started-at="2020-11-18T17:38:37Z" finished-at="2020-11-18T17:40:00Z">
    <groups>
    </groups>
    <test name="Default test" duration-ms="83649" started-at="2020-11-18T17:38:37Z" finished-at="2020-11-18T17:40:00Z">
      <class name="com.timp.test.MDR.AtividadesFiscais.AtividadeFiscal.AtividadeEliminar">
        <test-method status="PASS" signature="beforeClass()[pri:0, instance:com.timp.test.MDR.AtividadesFiscais.AtividadeFiscal.AtividadeEliminar@f2f2cc1]" name="beforeClass" is-config="true" duration-ms="11161" started-at="2020-11-18T11:38:37Z" finished-at="2020-11-18T11:38:48Z">
          <reporter-output>
          </reporter-output>
        </test-method> <!-- beforeClass -->
        <test-method status="PASS" signature="login()[pri:0, instance:com.timp.test.MDR.AtividadesFiscais.AtividadeFiscal.AtividadeEliminar@f2f2cc1]" name="login" duration-ms="6408" started-at="2020-11-18T11:38:48Z" finished-at="2020-11-18T11:38:54Z">
          <reporter-output>
          </reporter-output>
        </test-method> <!-- login -->
        <test-method status="PASS" signature="acessarMDR()[pri:0, instance:com.timp.test.MDR.AtividadesFiscais.AtividadeFiscal.AtividadeEliminar@f2f2cc1]" name="acessarMDR" duration-ms="23527" started-at="2020-11-18T11:38:54Z" finished-at="2020-11-18T11:39:18Z">
          <reporter-output>
          </reporter-output>
        </test-method> <!-- acessarMDR -->
        <test-method status="PASS" signature="eliminar()[pri:0, instance:com.timp.test.MDR.AtividadesFiscais.AtividadeFiscal.AtividadeEliminar@f2f2cc1]" name="eliminar" duration-ms="42490" started-at="2020-11-18T11:39:18Z" finished-at="2020-11-18T11:40:00Z">
          <reporter-output>
          </reporter-output>
        </test-method> <!-- eliminar -->
        <test-method status="PASS" signature="afterClass()[pri:0, instance:com.timp.test.MDR.AtividadesFiscais.AtividadeFiscal.AtividadeEliminar@f2f2cc1]" name="afterClass" is-config="true" duration-ms="50" started-at="2020-11-18T11:40:00Z" finished-at="2020-11-18T11:40:00Z">
          <reporter-output>
          </reporter-output>
        </test-method> <!-- afterClass -->
      </class> <!-- com.timp.test.MDR.AtividadesFiscais.AtividadeFiscal.AtividadeEliminar -->
    </test> <!-- Default test -->
  </suite> <!-- Default suite -->
</testng-results>
