<?xml version="1.0" encoding="UTF-8"?>
<testng-results skipped="0" failed="0" total="3" passed="3">
  <reporter-output>
  </reporter-output>
  <suite name="Default suite" duration-ms="117166" started-at="2020-10-08T19:24:02Z" finished-at="2020-10-08T19:25:59Z">
    <groups>
    </groups>
    <test name="Default test" duration-ms="117166" started-at="2020-10-08T19:24:02Z" finished-at="2020-10-08T19:25:59Z">
      <class name="com.timp.test.MDR.Reinf.ProcessosAdmJudiciais.ProcessosAdmJudiciaisExcluir">
        <test-method status="PASS" signature="beforeClass()[pri:0, instance:com.timp.test.MDR.Reinf.ProcessosAdmJudiciais.ProcessosAdmJudiciaisExcluir@3a079870]" name="beforeClass" is-config="true" duration-ms="17073" started-at="2020-10-08T16:24:02Z" finished-at="2020-10-08T16:24:19Z">
          <reporter-output>
          </reporter-output>
        </test-method> <!-- beforeClass -->
        <test-method status="PASS" signature="login()[pri:0, instance:com.timp.test.MDR.Reinf.ProcessosAdmJudiciais.ProcessosAdmJudiciaisExcluir@3a079870]" name="login" duration-ms="11265" started-at="2020-10-08T16:24:19Z" finished-at="2020-10-08T16:24:31Z">
          <reporter-output>
          </reporter-output>
        </test-method> <!-- login -->
        <test-method status="PASS" signature="acessarMDR()[pri:0, instance:com.timp.test.MDR.Reinf.ProcessosAdmJudiciais.ProcessosAdmJudiciaisExcluir@3a079870]" name="acessarMDR" duration-ms="13490" started-at="2020-10-08T16:24:31Z" finished-at="2020-10-08T16:24:44Z">
          <reporter-output>
          </reporter-output>
        </test-method> <!-- acessarMDR -->
        <test-method status="PASS" signature="excluir()[pri:0, instance:com.timp.test.MDR.Reinf.ProcessosAdmJudiciais.ProcessosAdmJudiciaisExcluir@3a079870]" name="excluir" duration-ms="71066" started-at="2020-10-08T16:24:44Z" finished-at="2020-10-08T16:25:55Z">
          <reporter-output>
          </reporter-output>
        </test-method> <!-- excluir -->
        <test-method status="PASS" signature="afterClass()[pri:0, instance:com.timp.test.MDR.Reinf.ProcessosAdmJudiciais.ProcessosAdmJudiciaisExcluir@3a079870]" name="afterClass" is-config="true" duration-ms="4243" started-at="2020-10-08T16:25:55Z" finished-at="2020-10-08T16:25:59Z">
          <reporter-output>
          </reporter-output>
        </test-method> <!-- afterClass -->
      </class> <!-- com.timp.test.MDR.Reinf.ProcessosAdmJudiciais.ProcessosAdmJudiciaisExcluir -->
    </test> <!-- Default test -->
  </suite> <!-- Default suite -->
</testng-results>
