<?xml version="1.0" encoding="UTF-8"?>
<testng-results skipped="0" failed="0" total="3" passed="3">
  <reporter-output>
  </reporter-output>
  <suite name="Default suite" duration-ms="106849" started-at="2020-11-12T19:16:48Z" finished-at="2020-11-12T19:18:34Z">
    <groups>
    </groups>
    <test name="Default test" duration-ms="106849" started-at="2020-11-12T19:16:48Z" finished-at="2020-11-12T19:18:34Z">
      <class name="com.timp.test.MDR.TabelasApoioESocial.Tabela20.TiposDeLogradouroExcluirEmMasa">
        <test-method status="PASS" signature="beforeClass()[pri:0, instance:com.timp.test.MDR.TabelasApoioESocial.Tabela20.TiposDeLogradouroExcluirEmMasa@f2f2cc1]" name="beforeClass" is-config="true" duration-ms="12430" started-at="2020-11-12T13:16:48Z" finished-at="2020-11-12T13:17:00Z">
          <reporter-output>
          </reporter-output>
        </test-method> <!-- beforeClass -->
        <test-method status="PASS" signature="ingresar()[pri:0, instance:com.timp.test.MDR.TabelasApoioESocial.Tabela20.TiposDeLogradouroExcluirEmMasa@f2f2cc1]" name="ingresar" duration-ms="6134" started-at="2020-11-12T13:17:00Z" finished-at="2020-11-12T13:17:06Z">
          <reporter-output>
          </reporter-output>
        </test-method> <!-- ingresar -->
        <test-method status="PASS" signature="mdrEntrar()[pri:0, instance:com.timp.test.MDR.TabelasApoioESocial.Tabela20.TiposDeLogradouroExcluirEmMasa@f2f2cc1]" name="mdrEntrar" duration-ms="15549" started-at="2020-11-12T13:17:06Z" finished-at="2020-11-12T13:17:22Z">
          <reporter-output>
          </reporter-output>
        </test-method> <!-- mdrEntrar -->
        <test-method status="PASS" signature="excluir()[pri:0, instance:com.timp.test.MDR.TabelasApoioESocial.Tabela20.TiposDeLogradouroExcluirEmMasa@f2f2cc1]" name="excluir" duration-ms="72666" started-at="2020-11-12T13:17:22Z" finished-at="2020-11-12T13:18:34Z">
          <reporter-output>
          </reporter-output>
        </test-method> <!-- excluir -->
        <test-method status="PASS" signature="afterClass()[pri:0, instance:com.timp.test.MDR.TabelasApoioESocial.Tabela20.TiposDeLogradouroExcluirEmMasa@f2f2cc1]" name="afterClass" is-config="true" duration-ms="56" started-at="2020-11-12T13:18:34Z" finished-at="2020-11-12T13:18:34Z">
          <reporter-output>
          </reporter-output>
        </test-method> <!-- afterClass -->
      </class> <!-- com.timp.test.MDR.TabelasApoioESocial.Tabela20.TiposDeLogradouroExcluirEmMasa -->
    </test> <!-- Default test -->
  </suite> <!-- Default suite -->
</testng-results>
