<?xml version="1.0" encoding="UTF-8"?>
<testng-results ignored="0" total="1" passed="1" failed="0" skipped="0">
  <reporter-output>
  </reporter-output>
  <suite started-at="2021-03-31T03:26:57Z" name="Default suite" finished-at="2021-03-31T03:30:30Z" duration-ms="213300">
    <groups>
    </groups>
    <test started-at="2021-03-31T03:26:57Z" name="Default test" finished-at="2021-03-31T03:30:30Z" duration-ms="213300">
      <class name="com.timp.test.BRE.RegrasdeAuditoriaN2.ParametrosGerais.RegrasDeAuditoriaN2CriarCaminhos">
        <test-method is-config="true" signature="beforeClass()[pri:0, instance:com.timp.test.BRE.RegrasdeAuditoriaN2.ParametrosGerais.RegrasDeAuditoriaN2CriarCaminhos@5afa3c9]" started-at="2021-03-31T03:26:57Z" name="beforeClass" finished-at="2021-03-31T03:27:21Z" duration-ms="23995" status="PASS">
          <reporter-output>
          </reporter-output>
        </test-method> <!-- beforeClass -->
        <test-method signature="criar()[pri:0, instance:com.timp.test.BRE.RegrasdeAuditoriaN2.ParametrosGerais.RegrasDeAuditoriaN2CriarCaminhos@5afa3c9]" started-at="2021-03-31T03:27:21Z" name="criar" finished-at="2021-03-31T03:30:30Z" duration-ms="189287" status="PASS">
          <reporter-output>
          </reporter-output>
        </test-method> <!-- criar -->
        <test-method is-config="true" signature="afterClass()[pri:0, instance:com.timp.test.BRE.RegrasdeAuditoriaN2.ParametrosGerais.RegrasDeAuditoriaN2CriarCaminhos@5afa3c9]" started-at="2021-03-31T03:30:30Z" name="afterClass" finished-at="2021-03-31T03:30:30Z" duration-ms="0" status="PASS">
          <reporter-output>
          </reporter-output>
        </test-method> <!-- afterClass -->
      </class> <!-- com.timp.test.BRE.RegrasdeAuditoriaN2.ParametrosGerais.RegrasDeAuditoriaN2CriarCaminhos -->
    </test> <!-- Default test -->
  </suite> <!-- Default suite -->
</testng-results>
