<?xml version="1.0" encoding="UTF-8"?>
<testng-results ignored="0" total="35" passed="18" failed="12" skipped="5">
  <reporter-output>
  </reporter-output>
  <suite started-at="2022-05-29T20:33:35Z" name="Suite" finished-at="2022-05-30T01:20:52Z" duration-ms="17237132">
    <groups>
    </groups>
    <test started-at="2022-05-29T20:33:35Z" name="Banco De Credito Extemporaneo &gt; Configuracao e Execucao " finished-at="2022-05-29T21:56:30Z" duration-ms="4974780">
      <class name="com.timp.test.TCC.BancoDeCreditoExtemporaneo.ConfiguracaoEExecucao.ConfiguracaoEExecucaoExecutar">
        <test-method is-config="true" signature="beforeClass()[pri:0, instance:com.timp.test.TCC.BancoDeCreditoExtemporaneo.ConfiguracaoEExecucao.ConfiguracaoEExecucaoExecutar@7164ca4c]" started-at="2022-05-29T20:51:32Z" name="beforeClass" finished-at="2022-05-29T20:52:44Z" duration-ms="72101" status="PASS">
          <reporter-output>
          </reporter-output>
        </test-method> <!-- beforeClass -->
        <test-method signature="executar()[pri:0, instance:com.timp.test.TCC.BancoDeCreditoExtemporaneo.ConfiguracaoEExecucao.ConfiguracaoEExecucaoExecutar@7164ca4c]" started-at="2022-05-29T20:52:44Z" name="executar" finished-at="2022-05-29T21:56:25Z" duration-ms="3820975" status="PASS">
          <reporter-output>
          </reporter-output>
        </test-method> <!-- executar -->
        <test-method is-config="true" signature="afterClass()[pri:0, instance:com.timp.test.TCC.BancoDeCreditoExtemporaneo.ConfiguracaoEExecucao.ConfiguracaoEExecucaoExecutar@7164ca4c]" started-at="2022-05-29T21:56:25Z" name="afterClass" finished-at="2022-05-29T21:56:30Z" duration-ms="4308" status="PASS">
          <reporter-output>
          </reporter-output>
        </test-method> <!-- afterClass -->
      </class> <!-- com.timp.test.TCC.BancoDeCreditoExtemporaneo.ConfiguracaoEExecucao.ConfiguracaoEExecucaoExecutar -->
      <class name="com.timp.test.TCC.BancoDeCreditoExtemporaneo.ConfiguracaoEExecucao.CampoPesquisa">
        <test-method is-config="true" signature="beforeClass()[pri:0, instance:com.timp.test.TCC.BancoDeCreditoExtemporaneo.ConfiguracaoEExecucao.CampoPesquisa@6239aba6]" started-at="2022-05-29T20:33:35Z" name="beforeClass" finished-at="2022-05-29T20:34:00Z" duration-ms="25137" status="PASS">
          <reporter-output>
          </reporter-output>
        </test-method> <!-- beforeClass -->
        <test-method signature="filtro()[pri:0, instance:com.timp.test.TCC.BancoDeCreditoExtemporaneo.ConfiguracaoEExecucao.CampoPesquisa@6239aba6]" started-at="2022-05-29T20:34:00Z" name="filtro" finished-at="2022-05-29T20:35:06Z" duration-ms="65522" status="PASS">
          <reporter-output>
          </reporter-output>
        </test-method> <!-- filtro -->
        <test-method is-config="true" signature="afterClass()[pri:0, instance:com.timp.test.TCC.BancoDeCreditoExtemporaneo.ConfiguracaoEExecucao.CampoPesquisa@6239aba6]" started-at="2022-05-29T20:35:06Z" name="afterClass" finished-at="2022-05-29T20:35:10Z" duration-ms="4178" status="PASS">
          <reporter-output>
          </reporter-output>
        </test-method> <!-- afterClass -->
      </class> <!-- com.timp.test.TCC.BancoDeCreditoExtemporaneo.ConfiguracaoEExecucao.CampoPesquisa -->
      <class name="com.timp.test.TCC.BancoDeCreditoExtemporaneo.ConfiguracaoEExecucao.ConfiguracaoEExecucaoFiltrosAvançados">
        <test-method is-config="true" signature="beforeClass()[pri:0, instance:com.timp.test.TCC.BancoDeCreditoExtemporaneo.ConfiguracaoEExecucao.ConfiguracaoEExecucaoFiltrosAvançados@479460a6]" started-at="2022-05-29T20:46:55Z" name="beforeClass" finished-at="2022-05-29T20:48:06Z" duration-ms="70581" status="PASS">
          <reporter-output>
          </reporter-output>
        </test-method> <!-- beforeClass -->
        <test-method signature="Filtro()[pri:0, instance:com.timp.test.TCC.BancoDeCreditoExtemporaneo.ConfiguracaoEExecucao.ConfiguracaoEExecucaoFiltrosAvançados@479460a6]" started-at="2022-05-29T20:48:06Z" name="Filtro" finished-at="2022-05-29T20:51:32Z" duration-ms="206513" status="PASS">
          <reporter-output>
          </reporter-output>
        </test-method> <!-- Filtro -->
        <test-method is-config="true" signature="afterClass()[pri:0, instance:com.timp.test.TCC.BancoDeCreditoExtemporaneo.ConfiguracaoEExecucao.ConfiguracaoEExecucaoFiltrosAvançados@479460a6]" started-at="2022-05-29T20:51:32Z" name="afterClass" finished-at="2022-05-29T20:51:32Z" duration-ms="225" status="PASS">
          <reporter-output>
          </reporter-output>
        </test-method> <!-- afterClass -->
      </class> <!-- com.timp.test.TCC.BancoDeCreditoExtemporaneo.ConfiguracaoEExecucao.ConfiguracaoEExecucaoFiltrosAvançados -->
      <class name="com.timp.test.TCC.BancoDeCreditoExtemporaneo.ConfiguracaoEExecucao.ConfiguracaoEExecucacoCriar">
        <test-method is-config="true" signature="beforeClass()[pri:0, instance:com.timp.test.TCC.BancoDeCreditoExtemporaneo.ConfiguracaoEExecucao.ConfiguracaoEExecucacoCriar@3e6104fc]" started-at="2022-05-29T20:35:10Z" name="beforeClass" finished-at="2022-05-29T20:35:45Z" duration-ms="35653" status="PASS">
          <reporter-output>
          </reporter-output>
        </test-method> <!-- beforeClass -->
        <test-method signature="criar()[pri:0, instance:com.timp.test.TCC.BancoDeCreditoExtemporaneo.ConfiguracaoEExecucao.ConfiguracaoEExecucacoCriar@3e6104fc]" started-at="2022-05-29T20:35:45Z" name="criar" finished-at="2022-05-29T20:38:28Z" duration-ms="162885" status="FAIL">
          <exception class="org.openqa.selenium.NoSuchElementException">
            <message>
              <![CDATA[no such element: Unable to locate element: {"method":"xpath","selector":"//div[@class="list-option"][1]/div/div[2]"}
  (Session info: chrome=83.0.4103.106)
For documentation on this error, please visit: https://www.seleniumhq.org/exceptions/no_such_element.html
Build info: version: '3.141.59', revision: 'e82be7d358', time: '2018-11-14T08:17:03'
System info: host: 'AGILE', ip: '192.168.0.110', os.name: 'Windows 10', os.arch: 'amd64', os.version: '10.0', java.version: '17.0.1'
Driver info: org.openqa.selenium.chrome.ChromeDriver
Capabilities {acceptInsecureCerts: false, browserName: chrome, browserVersion: 83.0.4103.106, chrome: {chromedriverVersion: 83.0.4103.39 (ccbf011cb2d2b..., userDataDir: C:\Users\MASSIEL\AppData\Lo...}, goog:chromeOptions: {debuggerAddress: localhost:65158}, javascriptEnabled: true, networkConnectionEnabled: false, pageLoadStrategy: normal, platform: WINDOWS, platformName: WINDOWS, proxy: Proxy(), setWindowRect: true, strictFileInteractability: false, timeouts: {implicit: 0, pageLoad: 300000, script: 30000}, unhandledPromptBehavior: dismiss and notify, webauthn:virtualAuthenticators: true}
Session ID: 988671b678df82d8cb6e75fa165ee2cc
*** Element info: {Using=xpath, value=//div[@class="list-option"][1]/div/div[2]}]]>
            </message>
            <full-stacktrace>
              <![CDATA[org.openqa.selenium.NoSuchElementException: no such element: Unable to locate element: {"method":"xpath","selector":"//div[@class="list-option"][1]/div/div[2]"}
  (Session info: chrome=83.0.4103.106)
For documentation on this error, please visit: https://www.seleniumhq.org/exceptions/no_such_element.html
Build info: version: '3.141.59', revision: 'e82be7d358', time: '2018-11-14T08:17:03'
System info: host: 'AGILE', ip: '192.168.0.110', os.name: 'Windows 10', os.arch: 'amd64', os.version: '10.0', java.version: '17.0.1'
Driver info: org.openqa.selenium.chrome.ChromeDriver
Capabilities {acceptInsecureCerts: false, browserName: chrome, browserVersion: 83.0.4103.106, chrome: {chromedriverVersion: 83.0.4103.39 (ccbf011cb2d2b..., userDataDir: C:\Users\MASSIEL\AppData\Lo...}, goog:chromeOptions: {debuggerAddress: localhost:65158}, javascriptEnabled: true, networkConnectionEnabled: false, pageLoadStrategy: normal, platform: WINDOWS, platformName: WINDOWS, proxy: Proxy(), setWindowRect: true, strictFileInteractability: false, timeouts: {implicit: 0, pageLoad: 300000, script: 30000}, unhandledPromptBehavior: dismiss and notify, webauthn:virtualAuthenticators: true}
Session ID: 988671b678df82d8cb6e75fa165ee2cc
*** Element info: {Using=xpath, value=//div[@class="list-option"][1]/div/div[2]}
at jdk.internal.reflect.GeneratedConstructorAccessor16.newInstance(Unknown Source)
at java.base/jdk.internal.reflect.DelegatingConstructorAccessorImpl.newInstance(DelegatingConstructorAccessorImpl.java:45)
at java.base/java.lang.reflect.Constructor.newInstanceWithCaller(Constructor.java:499)
at java.base/java.lang.reflect.Constructor.newInstance(Constructor.java:480)
at org.openqa.selenium.remote.http.W3CHttpResponseCodec.createException(W3CHttpResponseCodec.java:187)
at org.openqa.selenium.remote.http.W3CHttpResponseCodec.decode(W3CHttpResponseCodec.java:122)
at org.openqa.selenium.remote.http.W3CHttpResponseCodec.decode(W3CHttpResponseCodec.java:49)
at org.openqa.selenium.remote.HttpCommandExecutor.execute(HttpCommandExecutor.java:158)
at org.openqa.selenium.remote.service.DriverCommandExecutor.execute(DriverCommandExecutor.java:83)
at org.openqa.selenium.remote.RemoteWebDriver.execute(RemoteWebDriver.java:552)
at org.openqa.selenium.remote.RemoteWebDriver.findElement(RemoteWebDriver.java:323)
at org.openqa.selenium.remote.RemoteWebDriver.findElementByXPath(RemoteWebDriver.java:428)
at org.openqa.selenium.By$ByXPath.findElement(By.java:353)
at org.openqa.selenium.remote.RemoteWebDriver.findElement(RemoteWebDriver.java:315)
at org.openqa.selenium.support.pagefactory.DefaultElementLocator.findElement(DefaultElementLocator.java:69)
at org.openqa.selenium.support.pagefactory.internal.LocatingElementHandler.invoke(LocatingElementHandler.java:38)
at jdk.proxy2/jdk.proxy2.$Proxy12.click(Unknown Source)
at com.sap.timp.pageObjectModel.TCC.BancoDeCreditoExtemporaneo.ConfiguracaoEExecucao.ConfiguracaoEExecucacoCriarPO.criar(ConfiguracaoEExecucacoCriarPO.java:140)
at com.timp.test.TCC.BancoDeCreditoExtemporaneo.ConfiguracaoEExecucao.ConfiguracaoEExecucacoCriar.criar(ConfiguracaoEExecucacoCriar.java:38)
at java.base/jdk.internal.reflect.NativeMethodAccessorImpl.invoke0(Native Method)
at java.base/jdk.internal.reflect.NativeMethodAccessorImpl.invoke(NativeMethodAccessorImpl.java:77)
at java.base/jdk.internal.reflect.DelegatingMethodAccessorImpl.invoke(DelegatingMethodAccessorImpl.java:43)
at java.base/java.lang.reflect.Method.invoke(Method.java:568)
at org.testng.internal.MethodInvocationHelper.invokeMethod(MethodInvocationHelper.java:124)
at org.testng.internal.Invoker.invokeMethod(Invoker.java:583)
at org.testng.internal.Invoker.invokeTestMethod(Invoker.java:719)
at org.testng.internal.Invoker.invokeTestMethods(Invoker.java:989)
at org.testng.internal.TestMethodWorker.invokeTestMethods(TestMethodWorker.java:125)
at org.testng.internal.TestMethodWorker.run(TestMethodWorker.java:109)
at org.testng.TestRunner.privateRun(TestRunner.java:648)
at org.testng.TestRunner.run(TestRunner.java:505)
at org.testng.SuiteRunner.runTest(SuiteRunner.java:455)
at org.testng.SuiteRunner.runSequentially(SuiteRunner.java:450)
at org.testng.SuiteRunner.privateRun(SuiteRunner.java:415)
at org.testng.SuiteRunner.run(SuiteRunner.java:364)
at org.testng.SuiteRunnerWorker.runSuite(SuiteRunnerWorker.java:52)
at org.testng.SuiteRunnerWorker.run(SuiteRunnerWorker.java:84)
at org.testng.TestNG.runSuitesSequentially(TestNG.java:1208)
at org.testng.TestNG.runSuitesLocally(TestNG.java:1137)
at org.testng.TestNG.runSuites(TestNG.java:1049)
at org.testng.TestNG.run(TestNG.java:1017)
at org.testng.remote.AbstractRemoteTestNG.run(AbstractRemoteTestNG.java:115)
at org.testng.remote.RemoteTestNG.initAndRun(RemoteTestNG.java:251)
at org.testng.remote.RemoteTestNG.main(RemoteTestNG.java:77)
]]>
            </full-stacktrace>
          </exception> <!-- org.openqa.selenium.NoSuchElementException -->
          <reporter-output>
          </reporter-output>
        </test-method> <!-- criar -->
        <test-method is-config="true" signature="afterClass()[pri:0, instance:com.timp.test.TCC.BancoDeCreditoExtemporaneo.ConfiguracaoEExecucao.ConfiguracaoEExecucacoCriar@3e6104fc]" started-at="2022-05-29T20:38:28Z" name="afterClass" finished-at="2022-05-29T20:38:33Z" duration-ms="4461" status="PASS">
          <reporter-output>
          </reporter-output>
        </test-method> <!-- afterClass -->
      </class> <!-- com.timp.test.TCC.BancoDeCreditoExtemporaneo.ConfiguracaoEExecucao.ConfiguracaoEExecucacoCriar -->
      <class name="com.timp.test.TCC.BancoDeCreditoExtemporaneo.ConfiguracaoEExecucao.ConfiguracaoEExecucaoVisualizar">
        <test-method is-config="true" signature="beforeClass()[pri:0, instance:com.timp.test.TCC.BancoDeCreditoExtemporaneo.ConfiguracaoEExecucao.ConfiguracaoEExecucaoVisualizar@68df9280]" started-at="2022-05-29T20:42:46Z" name="beforeClass" finished-at="2022-05-29T20:43:22Z" duration-ms="36466" status="PASS">
          <reporter-output>
          </reporter-output>
        </test-method> <!-- beforeClass -->
        <test-method signature="visualizar()[pri:0, instance:com.timp.test.TCC.BancoDeCreditoExtemporaneo.ConfiguracaoEExecucao.ConfiguracaoEExecucaoVisualizar@68df9280]" started-at="2022-05-29T20:43:22Z" name="visualizar" finished-at="2022-05-29T20:46:51Z" duration-ms="208517" status="PASS">
          <reporter-output>
          </reporter-output>
        </test-method> <!-- visualizar -->
        <test-method is-config="true" signature="afterClass()[pri:0, instance:com.timp.test.TCC.BancoDeCreditoExtemporaneo.ConfiguracaoEExecucao.ConfiguracaoEExecucaoVisualizar@68df9280]" started-at="2022-05-29T20:46:51Z" name="afterClass" finished-at="2022-05-29T20:46:55Z" duration-ms="4208" status="PASS">
          <reporter-output>
          </reporter-output>
        </test-method> <!-- afterClass -->
      </class> <!-- com.timp.test.TCC.BancoDeCreditoExtemporaneo.ConfiguracaoEExecucao.ConfiguracaoEExecucaoVisualizar -->
      <class name="com.timp.test.TCC.BancoDeCreditoExtemporaneo.ConfiguracaoEExecucao.ConfiguracaoEExecucaoEditar">
        <test-method is-config="true" signature="beforeClass()[pri:0, instance:com.timp.test.TCC.BancoDeCreditoExtemporaneo.ConfiguracaoEExecucao.ConfiguracaoEExecucaoEditar@12359a82]" started-at="2022-05-29T20:38:33Z" name="beforeClass" finished-at="2022-05-29T20:39:12Z" duration-ms="39185" status="PASS">
          <reporter-output>
          </reporter-output>
        </test-method> <!-- beforeClass -->
        <test-method signature="editar()[pri:0, instance:com.timp.test.TCC.BancoDeCreditoExtemporaneo.ConfiguracaoEExecucao.ConfiguracaoEExecucaoEditar@12359a82]" started-at="2022-05-29T20:39:12Z" name="editar" finished-at="2022-05-29T20:42:42Z" duration-ms="209600" status="PASS">
          <reporter-output>
          </reporter-output>
        </test-method> <!-- editar -->
        <test-method is-config="true" signature="afterClass()[pri:0, instance:com.timp.test.TCC.BancoDeCreditoExtemporaneo.ConfiguracaoEExecucao.ConfiguracaoEExecucaoEditar@12359a82]" started-at="2022-05-29T20:42:42Z" name="afterClass" finished-at="2022-05-29T20:42:46Z" duration-ms="4211" status="PASS">
          <reporter-output>
          </reporter-output>
        </test-method> <!-- afterClass -->
      </class> <!-- com.timp.test.TCC.BancoDeCreditoExtemporaneo.ConfiguracaoEExecucao.ConfiguracaoEExecucaoEditar -->
    </test> <!-- Banco De Credito Extemporaneo > Configuracao e Execucao  -->
    <test started-at="2022-05-29T21:56:30Z" name="Banco De Credito Extemporaneo &gt; Configuracao e Execucao  &gt; Executados" finished-at="2022-05-29T22:21:46Z" duration-ms="1516575">
      <class name="com.timp.test.TCC.BancoDeCreditoExtemporaneo.Executados.ExecutadosVisualizar">
        <test-method is-config="true" signature="beforeClass()[pri:0, instance:com.timp.test.TCC.BancoDeCreditoExtemporaneo.Executados.ExecutadosVisualizar@416c58f5]" started-at="2022-05-29T22:08:12Z" name="beforeClass" finished-at="2022-05-29T22:09:05Z" duration-ms="52766" status="PASS">
          <reporter-output>
          </reporter-output>
        </test-method> <!-- beforeClass -->
        <test-method signature="visualizar()[pri:0, instance:com.timp.test.TCC.BancoDeCreditoExtemporaneo.Executados.ExecutadosVisualizar@416c58f5]" started-at="2022-05-29T22:09:05Z" name="visualizar" finished-at="2022-05-29T22:17:52Z" duration-ms="526864" status="PASS">
          <reporter-output>
          </reporter-output>
        </test-method> <!-- visualizar -->
        <test-method is-config="true" signature="afterClass()[pri:0, instance:com.timp.test.TCC.BancoDeCreditoExtemporaneo.Executados.ExecutadosVisualizar@416c58f5]" started-at="2022-05-29T22:17:52Z" name="afterClass" finished-at="2022-05-29T22:17:56Z" duration-ms="4477" status="PASS">
          <reporter-output>
          </reporter-output>
        </test-method> <!-- afterClass -->
      </class> <!-- com.timp.test.TCC.BancoDeCreditoExtemporaneo.Executados.ExecutadosVisualizar -->
      <class name="com.timp.test.TCC.BancoDeCreditoExtemporaneo.Executados.ExecutadosExcluir">
        <test-method is-config="true" signature="beforeClass()[pri:0, instance:com.timp.test.TCC.BancoDeCreditoExtemporaneo.Executados.ExecutadosExcluir@5505ae1a]" started-at="2022-05-29T22:17:56Z" name="beforeClass" finished-at="2022-05-29T22:19:08Z" duration-ms="71744" status="PASS">
          <reporter-output>
          </reporter-output>
        </test-method> <!-- beforeClass -->
        <test-method signature="excluir()[pri:0, instance:com.timp.test.TCC.BancoDeCreditoExtemporaneo.Executados.ExecutadosExcluir@5505ae1a]" started-at="2022-05-29T22:19:08Z" name="excluir" finished-at="2022-05-29T22:21:42Z" duration-ms="153879" status="PASS">
          <reporter-output>
          </reporter-output>
        </test-method> <!-- excluir -->
        <test-method is-config="true" signature="afterClass()[pri:0, instance:com.timp.test.TCC.BancoDeCreditoExtemporaneo.Executados.ExecutadosExcluir@5505ae1a]" started-at="2022-05-29T22:21:42Z" name="afterClass" finished-at="2022-05-29T22:21:46Z" duration-ms="4354" status="PASS">
          <reporter-output>
          </reporter-output>
        </test-method> <!-- afterClass -->
      </class> <!-- com.timp.test.TCC.BancoDeCreditoExtemporaneo.Executados.ExecutadosExcluir -->
      <class name="com.timp.test.TCC.BancoDeCreditoExtemporaneo.Executados.ExecutadosEditar">
        <test-method is-config="true" signature="beforeClass()[pri:0, instance:com.timp.test.TCC.BancoDeCreditoExtemporaneo.Executados.ExecutadosEditar@3b7d3a38]" started-at="2022-05-29T21:56:30Z" name="beforeClass" finished-at="2022-05-29T21:57:50Z" duration-ms="80565" status="PASS">
          <reporter-output>
          </reporter-output>
        </test-method> <!-- beforeClass -->
        <test-method signature="executarEditar()[pri:0, instance:com.timp.test.TCC.BancoDeCreditoExtemporaneo.Executados.ExecutadosEditar@3b7d3a38]" started-at="2022-05-29T21:57:50Z" name="executarEditar" finished-at="2022-05-29T22:08:08Z" duration-ms="617600" status="PASS">
          <reporter-output>
          </reporter-output>
        </test-method> <!-- executarEditar -->
        <test-method is-config="true" signature="afterClass()[pri:0, instance:com.timp.test.TCC.BancoDeCreditoExtemporaneo.Executados.ExecutadosEditar@3b7d3a38]" started-at="2022-05-29T22:08:08Z" name="afterClass" finished-at="2022-05-29T22:08:12Z" duration-ms="4316" status="PASS">
          <reporter-output>
          </reporter-output>
        </test-method> <!-- afterClass -->
      </class> <!-- com.timp.test.TCC.BancoDeCreditoExtemporaneo.Executados.ExecutadosEditar -->
    </test> <!-- Banco De Credito Extemporaneo > Configuracao e Execucao  > Executados -->
    <test started-at="2022-05-29T22:21:46Z" name="Banco De Credito Extemporaneo &gt; PainelBCE" finished-at="2022-05-29T22:46:20Z" duration-ms="1473887">
      <class name="com.timp.test.TCC.BancoDeCreditoExtemporaneo.PainelBCE.ConfiguracaoEExecucao.PainelBCEConfiguracaoeExecucaoEditar">
        <test-method is-config="true" signature="beforeClass()[pri:0, instance:com.timp.test.TCC.BancoDeCreditoExtemporaneo.PainelBCE.ConfiguracaoEExecucao.PainelBCEConfiguracaoeExecucaoEditar@1458ed9c]" started-at="2022-05-29T22:25:08Z" name="beforeClass" finished-at="2022-05-29T22:25:53Z" duration-ms="44928" status="PASS">
          <reporter-output>
          </reporter-output>
        </test-method> <!-- beforeClass -->
        <test-method signature="editar()[pri:0, instance:com.timp.test.TCC.BancoDeCreditoExtemporaneo.PainelBCE.ConfiguracaoEExecucao.PainelBCEConfiguracaoeExecucaoEditar@1458ed9c]" started-at="2022-05-29T22:25:53Z" name="editar" finished-at="2022-05-29T22:28:46Z" duration-ms="172890" status="PASS">
          <reporter-output>
          </reporter-output>
        </test-method> <!-- editar -->
        <test-method is-config="true" signature="afterClass()[pri:0, instance:com.timp.test.TCC.BancoDeCreditoExtemporaneo.PainelBCE.ConfiguracaoEExecucao.PainelBCEConfiguracaoeExecucaoEditar@1458ed9c]" started-at="2022-05-29T22:28:46Z" name="afterClass" finished-at="2022-05-29T22:28:50Z" duration-ms="4213" status="PASS">
          <reporter-output>
          </reporter-output>
        </test-method> <!-- afterClass -->
      </class> <!-- com.timp.test.TCC.BancoDeCreditoExtemporaneo.PainelBCE.ConfiguracaoEExecucao.PainelBCEConfiguracaoeExecucaoEditar -->
      <class name="com.timp.test.TCC.BancoDeCreditoExtemporaneo.PainelBCE.ConfiguracaoEExecucao.PainelBCEConfiguracaoEExecucaoExecutar">
        <test-method is-config="true" signature="beforeClass()[pri:0, instance:com.timp.test.TCC.BancoDeCreditoExtemporaneo.PainelBCE.ConfiguracaoEExecucao.PainelBCEConfiguracaoEExecucaoExecutar@130e116b]" started-at="2022-05-29T22:33:35Z" name="beforeClass" finished-at="2022-05-29T22:34:36Z" duration-ms="61399" status="PASS">
          <reporter-output>
          </reporter-output>
        </test-method> <!-- beforeClass -->
        <test-method signature="executar()[pri:0, instance:com.timp.test.TCC.BancoDeCreditoExtemporaneo.PainelBCE.ConfiguracaoEExecucao.PainelBCEConfiguracaoEExecucaoExecutar@130e116b]" started-at="2022-05-29T22:34:36Z" name="executar" finished-at="2022-05-29T22:42:12Z" duration-ms="455452" status="PASS">
          <reporter-output>
          </reporter-output>
        </test-method> <!-- executar -->
        <test-method is-config="true" signature="afterClass()[pri:0, instance:com.timp.test.TCC.BancoDeCreditoExtemporaneo.PainelBCE.ConfiguracaoEExecucao.PainelBCEConfiguracaoEExecucaoExecutar@130e116b]" started-at="2022-05-29T22:42:12Z" name="afterClass" finished-at="2022-05-29T22:42:16Z" duration-ms="4333" status="PASS">
          <reporter-output>
          </reporter-output>
        </test-method> <!-- afterClass -->
      </class> <!-- com.timp.test.TCC.BancoDeCreditoExtemporaneo.PainelBCE.ConfiguracaoEExecucao.PainelBCEConfiguracaoEExecucaoExecutar -->
      <class name="com.timp.test.TCC.BancoDeCreditoExtemporaneo.PainelBCE.ConfiguracaoEExecucao.PainelBCEConfiguracaoeExecucaoExcluir">
        <test-method is-config="true" signature="beforeClass()[pri:0, instance:com.timp.test.TCC.BancoDeCreditoExtemporaneo.PainelBCE.ConfiguracaoEExecucao.PainelBCEConfiguracaoeExecucaoExcluir@e383572]" started-at="2022-05-29T22:42:16Z" name="beforeClass" finished-at="2022-05-29T22:43:25Z" duration-ms="69330" status="PASS">
          <reporter-output>
          </reporter-output>
        </test-method> <!-- beforeClass -->
        <test-method signature="excluir()[pri:0, instance:com.timp.test.TCC.BancoDeCreditoExtemporaneo.PainelBCE.ConfiguracaoEExecucao.PainelBCEConfiguracaoeExecucaoExcluir@e383572]" started-at="2022-05-29T22:43:25Z" name="excluir" finished-at="2022-05-29T22:46:16Z" duration-ms="170494" status="PASS">
          <reporter-output>
          </reporter-output>
        </test-method> <!-- excluir -->
        <test-method is-config="true" signature="afterClass()[pri:0, instance:com.timp.test.TCC.BancoDeCreditoExtemporaneo.PainelBCE.ConfiguracaoEExecucao.PainelBCEConfiguracaoeExecucaoExcluir@e383572]" started-at="2022-05-29T22:46:16Z" name="afterClass" finished-at="2022-05-29T22:46:20Z" duration-ms="4253" status="PASS">
          <reporter-output>
          </reporter-output>
        </test-method> <!-- afterClass -->
      </class> <!-- com.timp.test.TCC.BancoDeCreditoExtemporaneo.PainelBCE.ConfiguracaoEExecucao.PainelBCEConfiguracaoeExecucaoExcluir -->
      <class name="com.timp.test.TCC.BancoDeCreditoExtemporaneo.PainelBCE.ConfiguracaoEExecucao.PainelBCEConfiguracaoeExecucaoVisualizar">
        <test-method is-config="true" signature="beforeClass()[pri:0, instance:com.timp.test.TCC.BancoDeCreditoExtemporaneo.PainelBCE.ConfiguracaoEExecucao.PainelBCEConfiguracaoeExecucaoVisualizar@10a9d961]" started-at="2022-05-29T22:28:50Z" name="beforeClass" finished-at="2022-05-29T22:30:22Z" duration-ms="92434" status="PASS">
          <reporter-output>
          </reporter-output>
        </test-method> <!-- beforeClass -->
        <test-method signature="visualizar()[pri:0, instance:com.timp.test.TCC.BancoDeCreditoExtemporaneo.PainelBCE.ConfiguracaoEExecucao.PainelBCEConfiguracaoeExecucaoVisualizar@10a9d961]" started-at="2022-05-29T22:30:22Z" name="visualizar" finished-at="2022-05-29T22:33:31Z" duration-ms="188402" status="FAIL">
          <exception class="org.openqa.selenium.NoSuchElementException">
            <message>
              <![CDATA[no such element: Unable to locate element: {"method":"xpath","selector":"//div[@id="company"]/div/div/div/div/div/div"}
  (Session info: chrome=83.0.4103.106)
For documentation on this error, please visit: https://www.seleniumhq.org/exceptions/no_such_element.html
Build info: version: '3.141.59', revision: 'e82be7d358', time: '2018-11-14T08:17:03'
System info: host: 'AGILE', ip: '192.168.0.110', os.name: 'Windows 10', os.arch: 'amd64', os.version: '10.0', java.version: '17.0.1'
Driver info: org.openqa.selenium.chrome.ChromeDriver
Capabilities {acceptInsecureCerts: false, browserName: chrome, browserVersion: 83.0.4103.106, chrome: {chromedriverVersion: 83.0.4103.39 (ccbf011cb2d2b..., userDataDir: C:\Users\MASSIEL\AppData\Lo...}, goog:chromeOptions: {debuggerAddress: localhost:55253}, javascriptEnabled: true, networkConnectionEnabled: false, pageLoadStrategy: normal, platform: WINDOWS, platformName: WINDOWS, proxy: Proxy(), setWindowRect: true, strictFileInteractability: false, timeouts: {implicit: 0, pageLoad: 300000, script: 30000}, unhandledPromptBehavior: dismiss and notify, webauthn:virtualAuthenticators: true}
Session ID: d3c4cff5ff93c7590e25438724e67637
*** Element info: {Using=xpath, value=//div[@id="company"]/div/div/div/div/div/div}]]>
            </message>
            <full-stacktrace>
              <![CDATA[org.openqa.selenium.NoSuchElementException: no such element: Unable to locate element: {"method":"xpath","selector":"//div[@id="company"]/div/div/div/div/div/div"}
  (Session info: chrome=83.0.4103.106)
For documentation on this error, please visit: https://www.seleniumhq.org/exceptions/no_such_element.html
Build info: version: '3.141.59', revision: 'e82be7d358', time: '2018-11-14T08:17:03'
System info: host: 'AGILE', ip: '192.168.0.110', os.name: 'Windows 10', os.arch: 'amd64', os.version: '10.0', java.version: '17.0.1'
Driver info: org.openqa.selenium.chrome.ChromeDriver
Capabilities {acceptInsecureCerts: false, browserName: chrome, browserVersion: 83.0.4103.106, chrome: {chromedriverVersion: 83.0.4103.39 (ccbf011cb2d2b..., userDataDir: C:\Users\MASSIEL\AppData\Lo...}, goog:chromeOptions: {debuggerAddress: localhost:55253}, javascriptEnabled: true, networkConnectionEnabled: false, pageLoadStrategy: normal, platform: WINDOWS, platformName: WINDOWS, proxy: Proxy(), setWindowRect: true, strictFileInteractability: false, timeouts: {implicit: 0, pageLoad: 300000, script: 30000}, unhandledPromptBehavior: dismiss and notify, webauthn:virtualAuthenticators: true}
Session ID: d3c4cff5ff93c7590e25438724e67637
*** Element info: {Using=xpath, value=//div[@id="company"]/div/div/div/div/div/div}
at jdk.internal.reflect.GeneratedConstructorAccessor16.newInstance(Unknown Source)
at java.base/jdk.internal.reflect.DelegatingConstructorAccessorImpl.newInstance(DelegatingConstructorAccessorImpl.java:45)
at java.base/java.lang.reflect.Constructor.newInstanceWithCaller(Constructor.java:499)
at java.base/java.lang.reflect.Constructor.newInstance(Constructor.java:480)
at org.openqa.selenium.remote.http.W3CHttpResponseCodec.createException(W3CHttpResponseCodec.java:187)
at org.openqa.selenium.remote.http.W3CHttpResponseCodec.decode(W3CHttpResponseCodec.java:122)
at org.openqa.selenium.remote.http.W3CHttpResponseCodec.decode(W3CHttpResponseCodec.java:49)
at org.openqa.selenium.remote.HttpCommandExecutor.execute(HttpCommandExecutor.java:158)
at org.openqa.selenium.remote.service.DriverCommandExecutor.execute(DriverCommandExecutor.java:83)
at org.openqa.selenium.remote.RemoteWebDriver.execute(RemoteWebDriver.java:552)
at org.openqa.selenium.remote.RemoteWebDriver.findElement(RemoteWebDriver.java:323)
at org.openqa.selenium.remote.RemoteWebDriver.findElementByXPath(RemoteWebDriver.java:428)
at org.openqa.selenium.By$ByXPath.findElement(By.java:353)
at org.openqa.selenium.remote.RemoteWebDriver.findElement(RemoteWebDriver.java:315)
at org.openqa.selenium.support.pagefactory.DefaultElementLocator.findElement(DefaultElementLocator.java:69)
at org.openqa.selenium.support.pagefactory.internal.LocatingElementHandler.invoke(LocatingElementHandler.java:38)
at jdk.proxy2/jdk.proxy2.$Proxy12.getText(Unknown Source)
at com.sap.timp.pageObjectModel.TCC.BancoDeCreditoExtemporaneo.PainelBCE.ConfiguracaoEExecucao.PainelBCEConfiguracaoeExecucaoVisualizarPO.visualizar(PainelBCEConfiguracaoeExecucaoVisualizarPO.java:110)
at com.timp.test.TCC.BancoDeCreditoExtemporaneo.PainelBCE.ConfiguracaoEExecucao.PainelBCEConfiguracaoeExecucaoVisualizar.visualizar(PainelBCEConfiguracaoeExecucaoVisualizar.java:45)
at java.base/jdk.internal.reflect.NativeMethodAccessorImpl.invoke0(Native Method)
at java.base/jdk.internal.reflect.NativeMethodAccessorImpl.invoke(NativeMethodAccessorImpl.java:77)
at java.base/jdk.internal.reflect.DelegatingMethodAccessorImpl.invoke(DelegatingMethodAccessorImpl.java:43)
at java.base/java.lang.reflect.Method.invoke(Method.java:568)
at org.testng.internal.MethodInvocationHelper.invokeMethod(MethodInvocationHelper.java:124)
at org.testng.internal.Invoker.invokeMethod(Invoker.java:583)
at org.testng.internal.Invoker.invokeTestMethod(Invoker.java:719)
at org.testng.internal.Invoker.invokeTestMethods(Invoker.java:989)
at org.testng.internal.TestMethodWorker.invokeTestMethods(TestMethodWorker.java:125)
at org.testng.internal.TestMethodWorker.run(TestMethodWorker.java:109)
at org.testng.TestRunner.privateRun(TestRunner.java:648)
at org.testng.TestRunner.run(TestRunner.java:505)
at org.testng.SuiteRunner.runTest(SuiteRunner.java:455)
at org.testng.SuiteRunner.runSequentially(SuiteRunner.java:450)
at org.testng.SuiteRunner.privateRun(SuiteRunner.java:415)
at org.testng.SuiteRunner.run(SuiteRunner.java:364)
at org.testng.SuiteRunnerWorker.runSuite(SuiteRunnerWorker.java:52)
at org.testng.SuiteRunnerWorker.run(SuiteRunnerWorker.java:84)
at org.testng.TestNG.runSuitesSequentially(TestNG.java:1208)
at org.testng.TestNG.runSuitesLocally(TestNG.java:1137)
at org.testng.TestNG.runSuites(TestNG.java:1049)
at org.testng.TestNG.run(TestNG.java:1017)
at org.testng.remote.AbstractRemoteTestNG.run(AbstractRemoteTestNG.java:115)
at org.testng.remote.RemoteTestNG.initAndRun(RemoteTestNG.java:251)
at org.testng.remote.RemoteTestNG.main(RemoteTestNG.java:77)
]]>
            </full-stacktrace>
          </exception> <!-- org.openqa.selenium.NoSuchElementException -->
          <reporter-output>
          </reporter-output>
        </test-method> <!-- visualizar -->
        <test-method is-config="true" signature="afterClass()[pri:0, instance:com.timp.test.TCC.BancoDeCreditoExtemporaneo.PainelBCE.ConfiguracaoEExecucao.PainelBCEConfiguracaoeExecucaoVisualizar@10a9d961]" started-at="2022-05-29T22:33:31Z" name="afterClass" finished-at="2022-05-29T22:33:35Z" duration-ms="4217" status="PASS">
          <reporter-output>
          </reporter-output>
        </test-method> <!-- afterClass -->
      </class> <!-- com.timp.test.TCC.BancoDeCreditoExtemporaneo.PainelBCE.ConfiguracaoEExecucao.PainelBCEConfiguracaoeExecucaoVisualizar -->
      <class name="com.timp.test.TCC.BancoDeCreditoExtemporaneo.PainelBCE.ConfiguracaoEExecucao.PainelBCEConfiguracaoEExecucaoCriar">
        <test-method is-config="true" signature="beforeClass()[pri:0, instance:com.timp.test.TCC.BancoDeCreditoExtemporaneo.PainelBCE.ConfiguracaoEExecucao.PainelBCEConfiguracaoEExecucaoCriar@1800a575]" started-at="2022-05-29T22:21:46Z" name="beforeClass" finished-at="2022-05-29T22:22:25Z" duration-ms="38946" status="PASS">
          <reporter-output>
          </reporter-output>
        </test-method> <!-- beforeClass -->
        <test-method signature="criar()[pri:0, instance:com.timp.test.TCC.BancoDeCreditoExtemporaneo.PainelBCE.ConfiguracaoEExecucao.PainelBCEConfiguracaoEExecucaoCriar@1800a575]" started-at="2022-05-29T22:22:25Z" name="criar" finished-at="2022-05-29T22:25:04Z" duration-ms="158377" status="PASS">
          <reporter-output>
          </reporter-output>
        </test-method> <!-- criar -->
        <test-method is-config="true" signature="afterClass()[pri:0, instance:com.timp.test.TCC.BancoDeCreditoExtemporaneo.PainelBCE.ConfiguracaoEExecucao.PainelBCEConfiguracaoEExecucaoCriar@1800a575]" started-at="2022-05-29T22:25:04Z" name="afterClass" finished-at="2022-05-29T22:25:08Z" duration-ms="4196" status="PASS">
          <reporter-output>
          </reporter-output>
        </test-method> <!-- afterClass -->
      </class> <!-- com.timp.test.TCC.BancoDeCreditoExtemporaneo.PainelBCE.ConfiguracaoEExecucao.PainelBCEConfiguracaoEExecucaoCriar -->
    </test> <!-- Banco De Credito Extemporaneo > PainelBCE -->
    <test started-at="2022-05-29T22:46:20Z" name="Banco De Credito Extemporaneo &gt; PainelBCE &gt; Executados" finished-at="2022-05-29T23:15:53Z" duration-ms="1772652">
      <class name="com.timp.test.TCC.BancoDeCreditoExtemporaneo.PainelBCE.Executados.PainelBCEExecutadosExcluir">
        <test-method is-config="true" signature="beforeClass()[pri:0, instance:com.timp.test.TCC.BancoDeCreditoExtemporaneo.PainelBCE.Executados.PainelBCEExecutadosExcluir@6ccdb29f]" started-at="2022-05-29T23:12:23Z" name="beforeClass" finished-at="2022-05-29T23:13:37Z" duration-ms="74712" status="PASS">
          <reporter-output>
          </reporter-output>
        </test-method> <!-- beforeClass -->
        <test-method signature="excluir()[pri:0, instance:com.timp.test.TCC.BancoDeCreditoExtemporaneo.PainelBCE.Executados.PainelBCEExecutadosExcluir@6ccdb29f]" started-at="2022-05-29T23:13:37Z" name="excluir" finished-at="2022-05-29T23:15:49Z" duration-ms="131455" status="PASS">
          <reporter-output>
          </reporter-output>
        </test-method> <!-- excluir -->
        <test-method is-config="true" signature="afterClass()[pri:0, instance:com.timp.test.TCC.BancoDeCreditoExtemporaneo.PainelBCE.Executados.PainelBCEExecutadosExcluir@6ccdb29f]" started-at="2022-05-29T23:15:49Z" name="afterClass" finished-at="2022-05-29T23:15:53Z" duration-ms="4177" status="PASS">
          <reporter-output>
          </reporter-output>
        </test-method> <!-- afterClass -->
      </class> <!-- com.timp.test.TCC.BancoDeCreditoExtemporaneo.PainelBCE.Executados.PainelBCEExecutadosExcluir -->
      <class name="com.timp.test.TCC.BancoDeCreditoExtemporaneo.PainelBCE.Executados.PainelBCEExecutadosVisualizar">
        <test-method is-config="true" signature="beforeClass()[pri:0, instance:com.timp.test.TCC.BancoDeCreditoExtemporaneo.PainelBCE.Executados.PainelBCEExecutadosVisualizar@c9d0d6]" started-at="2022-05-29T23:01:47Z" name="beforeClass" finished-at="2022-05-29T23:02:55Z" duration-ms="67941" status="PASS">
          <reporter-output>
          </reporter-output>
        </test-method> <!-- beforeClass -->
        <test-method signature="visualizar()[pri:0, instance:com.timp.test.TCC.BancoDeCreditoExtemporaneo.PainelBCE.Executados.PainelBCEExecutadosVisualizar@c9d0d6]" started-at="2022-05-29T23:02:55Z" name="visualizar" finished-at="2022-05-29T23:12:18Z" duration-ms="562934" status="PASS">
          <reporter-output>
          </reporter-output>
        </test-method> <!-- visualizar -->
        <test-method is-config="true" signature="afterClass()[pri:0, instance:com.timp.test.TCC.BancoDeCreditoExtemporaneo.PainelBCE.Executados.PainelBCEExecutadosVisualizar@c9d0d6]" started-at="2022-05-29T23:12:18Z" name="afterClass" finished-at="2022-05-29T23:12:23Z" duration-ms="4300" status="PASS">
          <reporter-output>
          </reporter-output>
        </test-method> <!-- afterClass -->
      </class> <!-- com.timp.test.TCC.BancoDeCreditoExtemporaneo.PainelBCE.Executados.PainelBCEExecutadosVisualizar -->
      <class name="com.timp.test.TCC.BancoDeCreditoExtemporaneo.PainelBCE.Executados.PainelBCEExecutadosEditar">
        <test-method is-config="true" signature="beforeClass()[pri:0, instance:com.timp.test.TCC.BancoDeCreditoExtemporaneo.PainelBCE.Executados.PainelBCEExecutadosEditar@61fe30]" started-at="2022-05-29T22:46:20Z" name="beforeClass" finished-at="2022-05-29T22:47:16Z" duration-ms="55333" status="PASS">
          <reporter-output>
          </reporter-output>
        </test-method> <!-- beforeClass -->
        <test-method signature="editar()[pri:0, instance:com.timp.test.TCC.BancoDeCreditoExtemporaneo.PainelBCE.Executados.PainelBCEExecutadosEditar@61fe30]" started-at="2022-05-29T22:47:16Z" name="editar" finished-at="2022-05-29T23:01:43Z" duration-ms="867448" status="PASS">
          <reporter-output>
          </reporter-output>
        </test-method> <!-- editar -->
        <test-method is-config="true" signature="afterClass()[pri:0, instance:com.timp.test.TCC.BancoDeCreditoExtemporaneo.PainelBCE.Executados.PainelBCEExecutadosEditar@61fe30]" started-at="2022-05-29T23:01:43Z" name="afterClass" finished-at="2022-05-29T23:01:47Z" duration-ms="4340" status="PASS">
          <reporter-output>
          </reporter-output>
        </test-method> <!-- afterClass -->
      </class> <!-- com.timp.test.TCC.BancoDeCreditoExtemporaneo.PainelBCE.Executados.PainelBCEExecutadosEditar -->
    </test> <!-- Banco De Credito Extemporaneo > PainelBCE > Executados -->
    <test started-at="2022-05-29T23:15:53Z" name="Banco De Credito Tributaro &gt; Configuração de Banco de Crédito Tributário" finished-at="2022-05-29T23:25:33Z" duration-ms="579698">
      <class name="com.timp.test.TCC.BancoDeCréditoTributário.ConfiguraçãodeBancodeCréditoTributário.ConfiguraçãodeBancodeCréditoTributárioCriar">
        <test-method is-config="true" signature="beforeClass()[pri:0, instance:com.timp.test.TCC.BancoDeCréditoTributário.ConfiguraçãodeBancodeCréditoTributário.ConfiguraçãodeBancodeCréditoTributárioCriar@5d066c7d]" started-at="2022-05-29T23:15:53Z" name="beforeClass" finished-at="2022-05-29T23:16:45Z" duration-ms="51895" status="PASS">
          <reporter-output>
          </reporter-output>
        </test-method> <!-- beforeClass -->
        <test-method signature="criar()[pri:0, instance:com.timp.test.TCC.BancoDeCréditoTributário.ConfiguraçãodeBancodeCréditoTributário.ConfiguraçãodeBancodeCréditoTributárioCriar@5d066c7d]" started-at="2022-05-29T23:16:45Z" name="criar" finished-at="2022-05-29T23:20:51Z" duration-ms="245876" status="FAIL">
          <exception class="org.openqa.selenium.NoSuchElementException">
            <message>
              <![CDATA[no such element: Unable to locate element: {"method":"xpath","selector":"//li[text()="427 - A0205"]"}
  (Session info: chrome=83.0.4103.106)
For documentation on this error, please visit: https://www.seleniumhq.org/exceptions/no_such_element.html
Build info: version: '3.141.59', revision: 'e82be7d358', time: '2018-11-14T08:17:03'
System info: host: 'AGILE', ip: '192.168.0.110', os.name: 'Windows 10', os.arch: 'amd64', os.version: '10.0', java.version: '17.0.1'
Driver info: org.openqa.selenium.chrome.ChromeDriver
Capabilities {acceptInsecureCerts: false, browserName: chrome, browserVersion: 83.0.4103.106, chrome: {chromedriverVersion: 83.0.4103.39 (ccbf011cb2d2b..., userDataDir: C:\Users\MASSIEL\AppData\Lo...}, goog:chromeOptions: {debuggerAddress: localhost:62271}, javascriptEnabled: true, networkConnectionEnabled: false, pageLoadStrategy: normal, platform: WINDOWS, platformName: WINDOWS, proxy: Proxy(), setWindowRect: true, strictFileInteractability: false, timeouts: {implicit: 0, pageLoad: 300000, script: 30000}, unhandledPromptBehavior: dismiss and notify, webauthn:virtualAuthenticators: true}
Session ID: 46c0142deb8abf02e6aedf19c0cec706
*** Element info: {Using=xpath, value=//li[text()="427 - A0205"]}]]>
            </message>
            <full-stacktrace>
              <![CDATA[org.openqa.selenium.NoSuchElementException: no such element: Unable to locate element: {"method":"xpath","selector":"//li[text()="427 - A0205"]"}
  (Session info: chrome=83.0.4103.106)
For documentation on this error, please visit: https://www.seleniumhq.org/exceptions/no_such_element.html
Build info: version: '3.141.59', revision: 'e82be7d358', time: '2018-11-14T08:17:03'
System info: host: 'AGILE', ip: '192.168.0.110', os.name: 'Windows 10', os.arch: 'amd64', os.version: '10.0', java.version: '17.0.1'
Driver info: org.openqa.selenium.chrome.ChromeDriver
Capabilities {acceptInsecureCerts: false, browserName: chrome, browserVersion: 83.0.4103.106, chrome: {chromedriverVersion: 83.0.4103.39 (ccbf011cb2d2b..., userDataDir: C:\Users\MASSIEL\AppData\Lo...}, goog:chromeOptions: {debuggerAddress: localhost:62271}, javascriptEnabled: true, networkConnectionEnabled: false, pageLoadStrategy: normal, platform: WINDOWS, platformName: WINDOWS, proxy: Proxy(), setWindowRect: true, strictFileInteractability: false, timeouts: {implicit: 0, pageLoad: 300000, script: 30000}, unhandledPromptBehavior: dismiss and notify, webauthn:virtualAuthenticators: true}
Session ID: 46c0142deb8abf02e6aedf19c0cec706
*** Element info: {Using=xpath, value=//li[text()="427 - A0205"]}
at jdk.internal.reflect.GeneratedConstructorAccessor16.newInstance(Unknown Source)
at java.base/jdk.internal.reflect.DelegatingConstructorAccessorImpl.newInstance(DelegatingConstructorAccessorImpl.java:45)
at java.base/java.lang.reflect.Constructor.newInstanceWithCaller(Constructor.java:499)
at java.base/java.lang.reflect.Constructor.newInstance(Constructor.java:480)
at org.openqa.selenium.remote.http.W3CHttpResponseCodec.createException(W3CHttpResponseCodec.java:187)
at org.openqa.selenium.remote.http.W3CHttpResponseCodec.decode(W3CHttpResponseCodec.java:122)
at org.openqa.selenium.remote.http.W3CHttpResponseCodec.decode(W3CHttpResponseCodec.java:49)
at org.openqa.selenium.remote.HttpCommandExecutor.execute(HttpCommandExecutor.java:158)
at org.openqa.selenium.remote.service.DriverCommandExecutor.execute(DriverCommandExecutor.java:83)
at org.openqa.selenium.remote.RemoteWebDriver.execute(RemoteWebDriver.java:552)
at org.openqa.selenium.remote.RemoteWebDriver.findElement(RemoteWebDriver.java:323)
at org.openqa.selenium.remote.RemoteWebDriver.findElementByXPath(RemoteWebDriver.java:428)
at org.openqa.selenium.By$ByXPath.findElement(By.java:353)
at org.openqa.selenium.remote.RemoteWebDriver.findElement(RemoteWebDriver.java:315)
at org.openqa.selenium.support.pagefactory.DefaultElementLocator.findElement(DefaultElementLocator.java:69)
at org.openqa.selenium.support.pagefactory.internal.LocatingElementHandler.invoke(LocatingElementHandler.java:38)
at jdk.proxy2/jdk.proxy2.$Proxy12.click(Unknown Source)
at com.sap.timp.pageObjectModel.TCC.BancodeCréditoTributário.ConfiguraçãodeBancodeCréditoTributário.ConfiguraçãodeBancodeCréditoTributárioCriarPO.criar(ConfiguraçãodeBancodeCréditoTributárioCriarPO.java:329)
at com.timp.test.TCC.BancoDeCréditoTributário.ConfiguraçãodeBancodeCréditoTributário.ConfiguraçãodeBancodeCréditoTributárioCriar.criar(ConfiguraçãodeBancodeCréditoTributárioCriar.java:40)
at java.base/jdk.internal.reflect.NativeMethodAccessorImpl.invoke0(Native Method)
at java.base/jdk.internal.reflect.NativeMethodAccessorImpl.invoke(NativeMethodAccessorImpl.java:77)
at java.base/jdk.internal.reflect.DelegatingMethodAccessorImpl.invoke(DelegatingMethodAccessorImpl.java:43)
at java.base/java.lang.reflect.Method.invoke(Method.java:568)
at org.testng.internal.MethodInvocationHelper.invokeMethod(MethodInvocationHelper.java:124)
at org.testng.internal.Invoker.invokeMethod(Invoker.java:583)
at org.testng.internal.Invoker.invokeTestMethod(Invoker.java:719)
at org.testng.internal.Invoker.invokeTestMethods(Invoker.java:989)
at org.testng.internal.TestMethodWorker.invokeTestMethods(TestMethodWorker.java:125)
at org.testng.internal.TestMethodWorker.run(TestMethodWorker.java:109)
at org.testng.TestRunner.privateRun(TestRunner.java:648)
at org.testng.TestRunner.run(TestRunner.java:505)
at org.testng.SuiteRunner.runTest(SuiteRunner.java:455)
at org.testng.SuiteRunner.runSequentially(SuiteRunner.java:450)
at org.testng.SuiteRunner.privateRun(SuiteRunner.java:415)
at org.testng.SuiteRunner.run(SuiteRunner.java:364)
at org.testng.SuiteRunnerWorker.runSuite(SuiteRunnerWorker.java:52)
at org.testng.SuiteRunnerWorker.run(SuiteRunnerWorker.java:84)
at org.testng.TestNG.runSuitesSequentially(TestNG.java:1208)
at org.testng.TestNG.runSuitesLocally(TestNG.java:1137)
at org.testng.TestNG.runSuites(TestNG.java:1049)
at org.testng.TestNG.run(TestNG.java:1017)
at org.testng.remote.AbstractRemoteTestNG.run(AbstractRemoteTestNG.java:115)
at org.testng.remote.RemoteTestNG.initAndRun(RemoteTestNG.java:251)
at org.testng.remote.RemoteTestNG.main(RemoteTestNG.java:77)
]]>
            </full-stacktrace>
          </exception> <!-- org.openqa.selenium.NoSuchElementException -->
          <reporter-output>
          </reporter-output>
        </test-method> <!-- criar -->
        <test-method is-config="true" signature="afterClass()[pri:0, instance:com.timp.test.TCC.BancoDeCréditoTributário.ConfiguraçãodeBancodeCréditoTributário.ConfiguraçãodeBancodeCréditoTributárioCriar@5d066c7d]" started-at="2022-05-29T23:20:51Z" name="afterClass" finished-at="2022-05-29T23:20:51Z" duration-ms="0" status="PASS">
          <reporter-output>
          </reporter-output>
        </test-method> <!-- afterClass -->
      </class> <!-- com.timp.test.TCC.BancoDeCréditoTributário.ConfiguraçãodeBancodeCréditoTributário.ConfiguraçãodeBancodeCréditoTributárioCriar -->
      <class name="com.timp.test.TCC.BancoDeCréditoTributário.ConfiguraçãodeBancodeCréditoTributário.ConfiguraçãodeBancodeCréditoTributárioEditar">
        <test-method is-config="true" signature="beforeClass()[pri:0, instance:com.timp.test.TCC.BancoDeCréditoTributário.ConfiguraçãodeBancodeCréditoTributário.ConfiguraçãodeBancodeCréditoTributárioEditar@1e461e41]" started-at="2022-05-29T23:20:51Z" name="beforeClass" finished-at="2022-05-29T23:21:30Z" duration-ms="39541" status="PASS">
          <reporter-output>
          </reporter-output>
        </test-method> <!-- beforeClass -->
        <test-method signature="editar()[pri:0, instance:com.timp.test.TCC.BancoDeCréditoTributário.ConfiguraçãodeBancodeCréditoTributário.ConfiguraçãodeBancodeCréditoTributárioEditar@1e461e41]" started-at="2022-05-29T23:21:30Z" name="editar" finished-at="2022-05-29T23:23:18Z" duration-ms="107598" status="FAIL">
          <exception class="org.openqa.selenium.NoSuchElementException">
            <message>
              <![CDATA[no such element: Unable to locate element: {"method":"xpath","selector":"//div[@data-id="97"]/div[1]/div"}
  (Session info: chrome=83.0.4103.106)
For documentation on this error, please visit: https://www.seleniumhq.org/exceptions/no_such_element.html
Build info: version: '3.141.59', revision: 'e82be7d358', time: '2018-11-14T08:17:03'
System info: host: 'AGILE', ip: '192.168.0.110', os.name: 'Windows 10', os.arch: 'amd64', os.version: '10.0', java.version: '17.0.1'
Driver info: org.openqa.selenium.chrome.ChromeDriver
Capabilities {acceptInsecureCerts: false, browserName: chrome, browserVersion: 83.0.4103.106, chrome: {chromedriverVersion: 83.0.4103.39 (ccbf011cb2d2b..., userDataDir: C:\Users\MASSIEL\AppData\Lo...}, goog:chromeOptions: {debuggerAddress: localhost:55682}, javascriptEnabled: true, networkConnectionEnabled: false, pageLoadStrategy: normal, platform: WINDOWS, platformName: WINDOWS, proxy: Proxy(), setWindowRect: true, strictFileInteractability: false, timeouts: {implicit: 0, pageLoad: 300000, script: 30000}, unhandledPromptBehavior: dismiss and notify, webauthn:virtualAuthenticators: true}
Session ID: 5953535c8aee5d95467cb58c5b7158ad
*** Element info: {Using=xpath, value=//div[@data-id="97"]/div[1]/div}]]>
            </message>
            <full-stacktrace>
              <![CDATA[org.openqa.selenium.NoSuchElementException: no such element: Unable to locate element: {"method":"xpath","selector":"//div[@data-id="97"]/div[1]/div"}
  (Session info: chrome=83.0.4103.106)
For documentation on this error, please visit: https://www.seleniumhq.org/exceptions/no_such_element.html
Build info: version: '3.141.59', revision: 'e82be7d358', time: '2018-11-14T08:17:03'
System info: host: 'AGILE', ip: '192.168.0.110', os.name: 'Windows 10', os.arch: 'amd64', os.version: '10.0', java.version: '17.0.1'
Driver info: org.openqa.selenium.chrome.ChromeDriver
Capabilities {acceptInsecureCerts: false, browserName: chrome, browserVersion: 83.0.4103.106, chrome: {chromedriverVersion: 83.0.4103.39 (ccbf011cb2d2b..., userDataDir: C:\Users\MASSIEL\AppData\Lo...}, goog:chromeOptions: {debuggerAddress: localhost:55682}, javascriptEnabled: true, networkConnectionEnabled: false, pageLoadStrategy: normal, platform: WINDOWS, platformName: WINDOWS, proxy: Proxy(), setWindowRect: true, strictFileInteractability: false, timeouts: {implicit: 0, pageLoad: 300000, script: 30000}, unhandledPromptBehavior: dismiss and notify, webauthn:virtualAuthenticators: true}
Session ID: 5953535c8aee5d95467cb58c5b7158ad
*** Element info: {Using=xpath, value=//div[@data-id="97"]/div[1]/div}
at jdk.internal.reflect.GeneratedConstructorAccessor16.newInstance(Unknown Source)
at java.base/jdk.internal.reflect.DelegatingConstructorAccessorImpl.newInstance(DelegatingConstructorAccessorImpl.java:45)
at java.base/java.lang.reflect.Constructor.newInstanceWithCaller(Constructor.java:499)
at java.base/java.lang.reflect.Constructor.newInstance(Constructor.java:480)
at org.openqa.selenium.remote.http.W3CHttpResponseCodec.createException(W3CHttpResponseCodec.java:187)
at org.openqa.selenium.remote.http.W3CHttpResponseCodec.decode(W3CHttpResponseCodec.java:122)
at org.openqa.selenium.remote.http.W3CHttpResponseCodec.decode(W3CHttpResponseCodec.java:49)
at org.openqa.selenium.remote.HttpCommandExecutor.execute(HttpCommandExecutor.java:158)
at org.openqa.selenium.remote.service.DriverCommandExecutor.execute(DriverCommandExecutor.java:83)
at org.openqa.selenium.remote.RemoteWebDriver.execute(RemoteWebDriver.java:552)
at org.openqa.selenium.remote.RemoteWebDriver.findElement(RemoteWebDriver.java:323)
at org.openqa.selenium.remote.RemoteWebDriver.findElementByXPath(RemoteWebDriver.java:428)
at org.openqa.selenium.By$ByXPath.findElement(By.java:353)
at org.openqa.selenium.remote.RemoteWebDriver.findElement(RemoteWebDriver.java:315)
at com.sap.timp.pageObjectModel.TCC.BancodeCréditoTributário.ConfiguraçãodeBancodeCréditoTributário.ConfiguraçãodeBancodeCréditoTributárioEditarPO.Editar(ConfiguraçãodeBancodeCréditoTributárioEditarPO.java:86)
at com.timp.test.TCC.BancoDeCréditoTributário.ConfiguraçãodeBancodeCréditoTributário.ConfiguraçãodeBancodeCréditoTributárioEditar.editar(ConfiguraçãodeBancodeCréditoTributárioEditar.java:40)
at java.base/jdk.internal.reflect.NativeMethodAccessorImpl.invoke0(Native Method)
at java.base/jdk.internal.reflect.NativeMethodAccessorImpl.invoke(NativeMethodAccessorImpl.java:77)
at java.base/jdk.internal.reflect.DelegatingMethodAccessorImpl.invoke(DelegatingMethodAccessorImpl.java:43)
at java.base/java.lang.reflect.Method.invoke(Method.java:568)
at org.testng.internal.MethodInvocationHelper.invokeMethod(MethodInvocationHelper.java:124)
at org.testng.internal.Invoker.invokeMethod(Invoker.java:583)
at org.testng.internal.Invoker.invokeTestMethod(Invoker.java:719)
at org.testng.internal.Invoker.invokeTestMethods(Invoker.java:989)
at org.testng.internal.TestMethodWorker.invokeTestMethods(TestMethodWorker.java:125)
at org.testng.internal.TestMethodWorker.run(TestMethodWorker.java:109)
at org.testng.TestRunner.privateRun(TestRunner.java:648)
at org.testng.TestRunner.run(TestRunner.java:505)
at org.testng.SuiteRunner.runTest(SuiteRunner.java:455)
at org.testng.SuiteRunner.runSequentially(SuiteRunner.java:450)
at org.testng.SuiteRunner.privateRun(SuiteRunner.java:415)
at org.testng.SuiteRunner.run(SuiteRunner.java:364)
at org.testng.SuiteRunnerWorker.runSuite(SuiteRunnerWorker.java:52)
at org.testng.SuiteRunnerWorker.run(SuiteRunnerWorker.java:84)
at org.testng.TestNG.runSuitesSequentially(TestNG.java:1208)
at org.testng.TestNG.runSuitesLocally(TestNG.java:1137)
at org.testng.TestNG.runSuites(TestNG.java:1049)
at org.testng.TestNG.run(TestNG.java:1017)
at org.testng.remote.AbstractRemoteTestNG.run(AbstractRemoteTestNG.java:115)
at org.testng.remote.RemoteTestNG.initAndRun(RemoteTestNG.java:251)
at org.testng.remote.RemoteTestNG.main(RemoteTestNG.java:77)
]]>
            </full-stacktrace>
          </exception> <!-- org.openqa.selenium.NoSuchElementException -->
          <reporter-output>
          </reporter-output>
        </test-method> <!-- editar -->
        <test-method is-config="true" signature="afterClass()[pri:0, instance:com.timp.test.TCC.BancoDeCréditoTributário.ConfiguraçãodeBancodeCréditoTributário.ConfiguraçãodeBancodeCréditoTributárioEditar@1e461e41]" started-at="2022-05-29T23:23:18Z" name="afterClass" finished-at="2022-05-29T23:23:18Z" duration-ms="1" status="PASS">
          <reporter-output>
          </reporter-output>
        </test-method> <!-- afterClass -->
      </class> <!-- com.timp.test.TCC.BancoDeCréditoTributário.ConfiguraçãodeBancodeCréditoTributário.ConfiguraçãodeBancodeCréditoTributárioEditar -->
      <class name="com.timp.test.TCC.BancoDeCréditoTributário.ConfiguraçãodeBancodeCréditoTributário.ConfiguraçãodeBancodeCréditoTributárioExcluir">
        <test-method is-config="true" signature="beforeClass()[pri:0, instance:com.timp.test.TCC.BancoDeCréditoTributário.ConfiguraçãodeBancodeCréditoTributário.ConfiguraçãodeBancodeCréditoTributárioExcluir@5ba88be8]" started-at="2022-05-29T23:23:18Z" name="beforeClass" finished-at="2022-05-29T23:24:10Z" duration-ms="51917" status="PASS">
          <reporter-output>
          </reporter-output>
        </test-method> <!-- beforeClass -->
        <test-method signature="excluir()[pri:0, instance:com.timp.test.TCC.BancoDeCréditoTributário.ConfiguraçãodeBancodeCréditoTributário.ConfiguraçãodeBancodeCréditoTributárioExcluir@5ba88be8]" started-at="2022-05-29T23:24:10Z" name="excluir" finished-at="2022-05-29T23:25:32Z" duration-ms="82664" status="FAIL">
          <exception class="org.openqa.selenium.NoSuchElementException">
            <message>
              <![CDATA[no such element: Unable to locate element: {"method":"xpath","selector":"//div[@data-id="97"]/div[1]/div"}
  (Session info: chrome=83.0.4103.106)
For documentation on this error, please visit: https://www.seleniumhq.org/exceptions/no_such_element.html
Build info: version: '3.141.59', revision: 'e82be7d358', time: '2018-11-14T08:17:03'
System info: host: 'AGILE', ip: '192.168.0.110', os.name: 'Windows 10', os.arch: 'amd64', os.version: '10.0', java.version: '17.0.1'
Driver info: org.openqa.selenium.chrome.ChromeDriver
Capabilities {acceptInsecureCerts: false, browserName: chrome, browserVersion: 83.0.4103.106, chrome: {chromedriverVersion: 83.0.4103.39 (ccbf011cb2d2b..., userDataDir: C:\Users\MASSIEL\AppData\Lo...}, goog:chromeOptions: {debuggerAddress: localhost:52564}, javascriptEnabled: true, networkConnectionEnabled: false, pageLoadStrategy: normal, platform: WINDOWS, platformName: WINDOWS, proxy: Proxy(), setWindowRect: true, strictFileInteractability: false, timeouts: {implicit: 0, pageLoad: 300000, script: 30000}, unhandledPromptBehavior: dismiss and notify, webauthn:virtualAuthenticators: true}
Session ID: 137d935d2b423e2e325abb1ecb40a1f9
*** Element info: {Using=xpath, value=//div[@data-id="97"]/div[1]/div}]]>
            </message>
            <full-stacktrace>
              <![CDATA[org.openqa.selenium.NoSuchElementException: no such element: Unable to locate element: {"method":"xpath","selector":"//div[@data-id="97"]/div[1]/div"}
  (Session info: chrome=83.0.4103.106)
For documentation on this error, please visit: https://www.seleniumhq.org/exceptions/no_such_element.html
Build info: version: '3.141.59', revision: 'e82be7d358', time: '2018-11-14T08:17:03'
System info: host: 'AGILE', ip: '192.168.0.110', os.name: 'Windows 10', os.arch: 'amd64', os.version: '10.0', java.version: '17.0.1'
Driver info: org.openqa.selenium.chrome.ChromeDriver
Capabilities {acceptInsecureCerts: false, browserName: chrome, browserVersion: 83.0.4103.106, chrome: {chromedriverVersion: 83.0.4103.39 (ccbf011cb2d2b..., userDataDir: C:\Users\MASSIEL\AppData\Lo...}, goog:chromeOptions: {debuggerAddress: localhost:52564}, javascriptEnabled: true, networkConnectionEnabled: false, pageLoadStrategy: normal, platform: WINDOWS, platformName: WINDOWS, proxy: Proxy(), setWindowRect: true, strictFileInteractability: false, timeouts: {implicit: 0, pageLoad: 300000, script: 30000}, unhandledPromptBehavior: dismiss and notify, webauthn:virtualAuthenticators: true}
Session ID: 137d935d2b423e2e325abb1ecb40a1f9
*** Element info: {Using=xpath, value=//div[@data-id="97"]/div[1]/div}
at jdk.internal.reflect.GeneratedConstructorAccessor16.newInstance(Unknown Source)
at java.base/jdk.internal.reflect.DelegatingConstructorAccessorImpl.newInstance(DelegatingConstructorAccessorImpl.java:45)
at java.base/java.lang.reflect.Constructor.newInstanceWithCaller(Constructor.java:499)
at java.base/java.lang.reflect.Constructor.newInstance(Constructor.java:480)
at org.openqa.selenium.remote.http.W3CHttpResponseCodec.createException(W3CHttpResponseCodec.java:187)
at org.openqa.selenium.remote.http.W3CHttpResponseCodec.decode(W3CHttpResponseCodec.java:122)
at org.openqa.selenium.remote.http.W3CHttpResponseCodec.decode(W3CHttpResponseCodec.java:49)
at org.openqa.selenium.remote.HttpCommandExecutor.execute(HttpCommandExecutor.java:158)
at org.openqa.selenium.remote.service.DriverCommandExecutor.execute(DriverCommandExecutor.java:83)
at org.openqa.selenium.remote.RemoteWebDriver.execute(RemoteWebDriver.java:552)
at org.openqa.selenium.remote.RemoteWebDriver.findElement(RemoteWebDriver.java:323)
at org.openqa.selenium.remote.RemoteWebDriver.findElementByXPath(RemoteWebDriver.java:428)
at org.openqa.selenium.By$ByXPath.findElement(By.java:353)
at org.openqa.selenium.remote.RemoteWebDriver.findElement(RemoteWebDriver.java:315)
at com.sap.timp.pageObjectModel.TCC.BancodeCréditoTributário.ConfiguraçãodeBancodeCréditoTributário.ConfiguraçãodeBancodeCréditoTributárioExcluirPO.excluir(ConfiguraçãodeBancodeCréditoTributárioExcluirPO.java:80)
at com.timp.test.TCC.BancoDeCréditoTributário.ConfiguraçãodeBancodeCréditoTributário.ConfiguraçãodeBancodeCréditoTributárioExcluir.excluir(ConfiguraçãodeBancodeCréditoTributárioExcluir.java:39)
at java.base/jdk.internal.reflect.NativeMethodAccessorImpl.invoke0(Native Method)
at java.base/jdk.internal.reflect.NativeMethodAccessorImpl.invoke(NativeMethodAccessorImpl.java:77)
at java.base/jdk.internal.reflect.DelegatingMethodAccessorImpl.invoke(DelegatingMethodAccessorImpl.java:43)
at java.base/java.lang.reflect.Method.invoke(Method.java:568)
at org.testng.internal.MethodInvocationHelper.invokeMethod(MethodInvocationHelper.java:124)
at org.testng.internal.Invoker.invokeMethod(Invoker.java:583)
at org.testng.internal.Invoker.invokeTestMethod(Invoker.java:719)
at org.testng.internal.Invoker.invokeTestMethods(Invoker.java:989)
at org.testng.internal.TestMethodWorker.invokeTestMethods(TestMethodWorker.java:125)
at org.testng.internal.TestMethodWorker.run(TestMethodWorker.java:109)
at org.testng.TestRunner.privateRun(TestRunner.java:648)
at org.testng.TestRunner.run(TestRunner.java:505)
at org.testng.SuiteRunner.runTest(SuiteRunner.java:455)
at org.testng.SuiteRunner.runSequentially(SuiteRunner.java:450)
at org.testng.SuiteRunner.privateRun(SuiteRunner.java:415)
at org.testng.SuiteRunner.run(SuiteRunner.java:364)
at org.testng.SuiteRunnerWorker.runSuite(SuiteRunnerWorker.java:52)
at org.testng.SuiteRunnerWorker.run(SuiteRunnerWorker.java:84)
at org.testng.TestNG.runSuitesSequentially(TestNG.java:1208)
at org.testng.TestNG.runSuitesLocally(TestNG.java:1137)
at org.testng.TestNG.runSuites(TestNG.java:1049)
at org.testng.TestNG.run(TestNG.java:1017)
at org.testng.remote.AbstractRemoteTestNG.run(AbstractRemoteTestNG.java:115)
at org.testng.remote.RemoteTestNG.initAndRun(RemoteTestNG.java:251)
at org.testng.remote.RemoteTestNG.main(RemoteTestNG.java:77)
]]>
            </full-stacktrace>
          </exception> <!-- org.openqa.selenium.NoSuchElementException -->
          <reporter-output>
          </reporter-output>
        </test-method> <!-- excluir -->
        <test-method is-config="true" signature="afterClass()[pri:0, instance:com.timp.test.TCC.BancoDeCréditoTributário.ConfiguraçãodeBancodeCréditoTributário.ConfiguraçãodeBancodeCréditoTributárioExcluir@5ba88be8]" started-at="2022-05-29T23:25:32Z" name="afterClass" finished-at="2022-05-29T23:25:33Z" duration-ms="196" status="PASS">
          <reporter-output>
          </reporter-output>
        </test-method> <!-- afterClass -->
      </class> <!-- com.timp.test.TCC.BancoDeCréditoTributário.ConfiguraçãodeBancodeCréditoTributário.ConfiguraçãodeBancodeCréditoTributárioExcluir -->
    </test> <!-- Banco De Credito Tributaro > Configuração de Banco de Crédito Tributário -->
    <test started-at="2022-05-29T23:25:33Z" name="Banco De Credito Tributario &gt; Configuração de Layout de Painel" finished-at="2022-05-29T23:58:27Z" duration-ms="1974678">
      <class name="com.timp.test.TCC.BancoDeCréditoTributário.PainelPerDcomp.ConfiguraçãodeLayoutdePainel.ConfiguraçãodeLayoutdePainelCriarcomCópiaExcluir">
        <test-method is-config="true" signature="beforeClass()[pri:0, instance:com.timp.test.TCC.BancoDeCréditoTributário.PainelPerDcomp.ConfiguraçãodeLayoutdePainel.ConfiguraçãodeLayoutdePainelCriarcomCópiaExcluir@6581dc0a]" started-at="2022-05-29T23:29:07Z" name="beforeClass" finished-at="2022-05-29T23:30:08Z" duration-ms="60574" status="PASS">
          <reporter-output>
          </reporter-output>
        </test-method> <!-- beforeClass -->
        <test-method signature="criarComCopiaExcluir()[pri:0, instance:com.timp.test.TCC.BancoDeCréditoTributário.PainelPerDcomp.ConfiguraçãodeLayoutdePainel.ConfiguraçãodeLayoutdePainelCriarcomCópiaExcluir@6581dc0a]" started-at="2022-05-29T23:30:08Z" name="criarComCopiaExcluir" finished-at="2022-05-29T23:31:52Z" duration-ms="104429" status="FAIL">
          <exception class="org.openqa.selenium.NoSuchElementException">
            <message>
              <![CDATA[no such element: Unable to locate element: {"method":"xpath","selector":"//div[@data-id="68"]/div[1]/div"}
  (Session info: chrome=83.0.4103.106)
For documentation on this error, please visit: https://www.seleniumhq.org/exceptions/no_such_element.html
Build info: version: '3.141.59', revision: 'e82be7d358', time: '2018-11-14T08:17:03'
System info: host: 'AGILE', ip: '192.168.0.110', os.name: 'Windows 10', os.arch: 'amd64', os.version: '10.0', java.version: '17.0.1'
Driver info: org.openqa.selenium.chrome.ChromeDriver
Capabilities {acceptInsecureCerts: false, browserName: chrome, browserVersion: 83.0.4103.106, chrome: {chromedriverVersion: 83.0.4103.39 (ccbf011cb2d2b..., userDataDir: C:\Users\MASSIEL\AppData\Lo...}, goog:chromeOptions: {debuggerAddress: localhost:63466}, javascriptEnabled: true, networkConnectionEnabled: false, pageLoadStrategy: normal, platform: WINDOWS, platformName: WINDOWS, proxy: Proxy(), setWindowRect: true, strictFileInteractability: false, timeouts: {implicit: 0, pageLoad: 300000, script: 30000}, unhandledPromptBehavior: dismiss and notify, webauthn:virtualAuthenticators: true}
Session ID: b6def93898507390f4177168073e4b6b
*** Element info: {Using=xpath, value=//div[@data-id="68"]/div[1]/div}]]>
            </message>
            <full-stacktrace>
              <![CDATA[org.openqa.selenium.NoSuchElementException: no such element: Unable to locate element: {"method":"xpath","selector":"//div[@data-id="68"]/div[1]/div"}
  (Session info: chrome=83.0.4103.106)
For documentation on this error, please visit: https://www.seleniumhq.org/exceptions/no_such_element.html
Build info: version: '3.141.59', revision: 'e82be7d358', time: '2018-11-14T08:17:03'
System info: host: 'AGILE', ip: '192.168.0.110', os.name: 'Windows 10', os.arch: 'amd64', os.version: '10.0', java.version: '17.0.1'
Driver info: org.openqa.selenium.chrome.ChromeDriver
Capabilities {acceptInsecureCerts: false, browserName: chrome, browserVersion: 83.0.4103.106, chrome: {chromedriverVersion: 83.0.4103.39 (ccbf011cb2d2b..., userDataDir: C:\Users\MASSIEL\AppData\Lo...}, goog:chromeOptions: {debuggerAddress: localhost:63466}, javascriptEnabled: true, networkConnectionEnabled: false, pageLoadStrategy: normal, platform: WINDOWS, platformName: WINDOWS, proxy: Proxy(), setWindowRect: true, strictFileInteractability: false, timeouts: {implicit: 0, pageLoad: 300000, script: 30000}, unhandledPromptBehavior: dismiss and notify, webauthn:virtualAuthenticators: true}
Session ID: b6def93898507390f4177168073e4b6b
*** Element info: {Using=xpath, value=//div[@data-id="68"]/div[1]/div}
at jdk.internal.reflect.GeneratedConstructorAccessor16.newInstance(Unknown Source)
at java.base/jdk.internal.reflect.DelegatingConstructorAccessorImpl.newInstance(DelegatingConstructorAccessorImpl.java:45)
at java.base/java.lang.reflect.Constructor.newInstanceWithCaller(Constructor.java:499)
at java.base/java.lang.reflect.Constructor.newInstance(Constructor.java:480)
at org.openqa.selenium.remote.http.W3CHttpResponseCodec.createException(W3CHttpResponseCodec.java:187)
at org.openqa.selenium.remote.http.W3CHttpResponseCodec.decode(W3CHttpResponseCodec.java:122)
at org.openqa.selenium.remote.http.W3CHttpResponseCodec.decode(W3CHttpResponseCodec.java:49)
at org.openqa.selenium.remote.HttpCommandExecutor.execute(HttpCommandExecutor.java:158)
at org.openqa.selenium.remote.service.DriverCommandExecutor.execute(DriverCommandExecutor.java:83)
at org.openqa.selenium.remote.RemoteWebDriver.execute(RemoteWebDriver.java:552)
at org.openqa.selenium.remote.RemoteWebDriver.findElement(RemoteWebDriver.java:323)
at org.openqa.selenium.remote.RemoteWebDriver.findElementByXPath(RemoteWebDriver.java:428)
at org.openqa.selenium.By$ByXPath.findElement(By.java:353)
at org.openqa.selenium.remote.RemoteWebDriver.findElement(RemoteWebDriver.java:315)
at com.sap.timp.pageObjectModel.TCC.BancodeCréditoTributário.PainelPerDcomp.ConfiguraçãodeLayoutdePainel.ConfiguraçãodeLayoutdePainelCriarcomCópiaExcluirPO.criar(ConfiguraçãodeLayoutdePainelCriarcomCópiaExcluirPO.java:79)
at com.timp.test.TCC.BancoDeCréditoTributário.PainelPerDcomp.ConfiguraçãodeLayoutdePainel.ConfiguraçãodeLayoutdePainelCriarcomCópiaExcluir.criarComCopiaExcluir(ConfiguraçãodeLayoutdePainelCriarcomCópiaExcluir.java:40)
at java.base/jdk.internal.reflect.NativeMethodAccessorImpl.invoke0(Native Method)
at java.base/jdk.internal.reflect.NativeMethodAccessorImpl.invoke(NativeMethodAccessorImpl.java:77)
at java.base/jdk.internal.reflect.DelegatingMethodAccessorImpl.invoke(DelegatingMethodAccessorImpl.java:43)
at java.base/java.lang.reflect.Method.invoke(Method.java:568)
at org.testng.internal.MethodInvocationHelper.invokeMethod(MethodInvocationHelper.java:124)
at org.testng.internal.Invoker.invokeMethod(Invoker.java:583)
at org.testng.internal.Invoker.invokeTestMethod(Invoker.java:719)
at org.testng.internal.Invoker.invokeTestMethods(Invoker.java:989)
at org.testng.internal.TestMethodWorker.invokeTestMethods(TestMethodWorker.java:125)
at org.testng.internal.TestMethodWorker.run(TestMethodWorker.java:109)
at org.testng.TestRunner.privateRun(TestRunner.java:648)
at org.testng.TestRunner.run(TestRunner.java:505)
at org.testng.SuiteRunner.runTest(SuiteRunner.java:455)
at org.testng.SuiteRunner.runSequentially(SuiteRunner.java:450)
at org.testng.SuiteRunner.privateRun(SuiteRunner.java:415)
at org.testng.SuiteRunner.run(SuiteRunner.java:364)
at org.testng.SuiteRunnerWorker.runSuite(SuiteRunnerWorker.java:52)
at org.testng.SuiteRunnerWorker.run(SuiteRunnerWorker.java:84)
at org.testng.TestNG.runSuitesSequentially(TestNG.java:1208)
at org.testng.TestNG.runSuitesLocally(TestNG.java:1137)
at org.testng.TestNG.runSuites(TestNG.java:1049)
at org.testng.TestNG.run(TestNG.java:1017)
at org.testng.remote.AbstractRemoteTestNG.run(AbstractRemoteTestNG.java:115)
at org.testng.remote.RemoteTestNG.initAndRun(RemoteTestNG.java:251)
at org.testng.remote.RemoteTestNG.main(RemoteTestNG.java:77)
]]>
            </full-stacktrace>
          </exception> <!-- org.openqa.selenium.NoSuchElementException -->
          <reporter-output>
          </reporter-output>
        </test-method> <!-- criarComCopiaExcluir -->
        <test-method signature="excluir()[pri:0, instance:com.timp.test.TCC.BancoDeCréditoTributário.PainelPerDcomp.ConfiguraçãodeLayoutdePainel.ConfiguraçãodeLayoutdePainelCriarcomCópiaExcluir@6581dc0a]" started-at="2022-05-29T23:31:52Z" name="excluir" finished-at="2022-05-29T23:31:52Z" depends-on-methods="com.timp.test.TCC.BancoDeCréditoTributário.PainelPerDcomp.ConfiguraçãodeLayoutdePainel.ConfiguraçãodeLayoutdePainelCriarcomCópiaExcluir.criarComCopiaExcluir" duration-ms="0" status="SKIP">
          <exception class="java.lang.Throwable">
            <message>
              <![CDATA[Method ConfiguraçãodeLayoutdePainelCriarcomCópiaExcluir.excluir()[pri:0, instance:com.timp.test.TCC.BancoDeCréditoTributário.PainelPerDcomp.ConfiguraçãodeLayoutdePainel.ConfiguraçãodeLayoutdePainelCriarcomCópiaExcluir@6581dc0a] depends on not successfully finished methods]]>
            </message>
            <full-stacktrace>
              <![CDATA[java.lang.Throwable: Method ConfiguraçãodeLayoutdePainelCriarcomCópiaExcluir.excluir()[pri:0, instance:com.timp.test.TCC.BancoDeCréditoTributário.PainelPerDcomp.ConfiguraçãodeLayoutdePainel.ConfiguraçãodeLayoutdePainelCriarcomCópiaExcluir@6581dc0a] depends on not successfully finished methods
at org.testng.internal.Invoker.invokeTestMethods(Invoker.java:888)
at org.testng.internal.TestMethodWorker.invokeTestMethods(TestMethodWorker.java:125)
at org.testng.internal.TestMethodWorker.run(TestMethodWorker.java:109)
at org.testng.TestRunner.privateRun(TestRunner.java:648)
at org.testng.TestRunner.run(TestRunner.java:505)
at org.testng.SuiteRunner.runTest(SuiteRunner.java:455)
at org.testng.SuiteRunner.runSequentially(SuiteRunner.java:450)
at org.testng.SuiteRunner.privateRun(SuiteRunner.java:415)
at org.testng.SuiteRunner.run(SuiteRunner.java:364)
at org.testng.SuiteRunnerWorker.runSuite(SuiteRunnerWorker.java:52)
at org.testng.SuiteRunnerWorker.run(SuiteRunnerWorker.java:84)
at org.testng.TestNG.runSuitesSequentially(TestNG.java:1208)
at org.testng.TestNG.runSuitesLocally(TestNG.java:1137)
at org.testng.TestNG.runSuites(TestNG.java:1049)
at org.testng.TestNG.run(TestNG.java:1017)
at org.testng.remote.AbstractRemoteTestNG.run(AbstractRemoteTestNG.java:115)
at org.testng.remote.RemoteTestNG.initAndRun(RemoteTestNG.java:251)
at org.testng.remote.RemoteTestNG.main(RemoteTestNG.java:77)
]]>
            </full-stacktrace>
          </exception> <!-- java.lang.Throwable -->
          <reporter-output>
          </reporter-output>
        </test-method> <!-- excluir -->
        <test-method is-config="true" signature="afterClass()[pri:0, instance:com.timp.test.TCC.BancoDeCréditoTributário.PainelPerDcomp.ConfiguraçãodeLayoutdePainel.ConfiguraçãodeLayoutdePainelCriarcomCópiaExcluir@6581dc0a]" started-at="2022-05-29T23:31:52Z" name="afterClass" finished-at="2022-05-29T23:31:52Z" duration-ms="0" status="PASS">
          <reporter-output>
          </reporter-output>
        </test-method> <!-- afterClass -->
      </class> <!-- com.timp.test.TCC.BancoDeCréditoTributário.PainelPerDcomp.ConfiguraçãodeLayoutdePainel.ConfiguraçãodeLayoutdePainelCriarcomCópiaExcluir -->
      <class name="com.timp.test.TCC.BancoDeCréditoTributário.PainelPerDcomp.ConfiguraçãodeLayoutdePainel.ConfiguraçãodeLayoutdePainelExcluir">
        <test-method is-config="true" signature="beforeClass()[pri:0, instance:com.timp.test.TCC.BancoDeCréditoTributário.PainelPerDcomp.ConfiguraçãodeLayoutdePainel.ConfiguraçãodeLayoutdePainelExcluir@3fed2870]" started-at="2022-05-29T23:56:19Z" name="beforeClass" finished-at="2022-05-29T23:56:50Z" duration-ms="30512" status="PASS">
          <reporter-output>
          </reporter-output>
        </test-method> <!-- beforeClass -->
        <test-method signature="excluir()[pri:0, instance:com.timp.test.TCC.BancoDeCréditoTributário.PainelPerDcomp.ConfiguraçãodeLayoutdePainel.ConfiguraçãodeLayoutdePainelExcluir@3fed2870]" started-at="2022-05-29T23:56:50Z" name="excluir" finished-at="2022-05-29T23:58:23Z" duration-ms="93290" status="FAIL">
          <exception class="org.openqa.selenium.NoSuchElementException">
            <message>
              <![CDATA[no such element: Unable to locate element: {"method":"xpath","selector":"//div[@data-id="68"]/div[1]/div"}
  (Session info: chrome=83.0.4103.106)
For documentation on this error, please visit: https://www.seleniumhq.org/exceptions/no_such_element.html
Build info: version: '3.141.59', revision: 'e82be7d358', time: '2018-11-14T08:17:03'
System info: host: 'AGILE', ip: '192.168.0.110', os.name: 'Windows 10', os.arch: 'amd64', os.version: '10.0', java.version: '17.0.1'
Driver info: org.openqa.selenium.chrome.ChromeDriver
Capabilities {acceptInsecureCerts: false, browserName: chrome, browserVersion: 83.0.4103.106, chrome: {chromedriverVersion: 83.0.4103.39 (ccbf011cb2d2b..., userDataDir: C:\Users\MASSIEL\AppData\Lo...}, goog:chromeOptions: {debuggerAddress: localhost:60379}, javascriptEnabled: true, networkConnectionEnabled: false, pageLoadStrategy: normal, platform: WINDOWS, platformName: WINDOWS, proxy: Proxy(), setWindowRect: true, strictFileInteractability: false, timeouts: {implicit: 0, pageLoad: 300000, script: 30000}, unhandledPromptBehavior: dismiss and notify, webauthn:virtualAuthenticators: true}
Session ID: e3fda909ac990a22d8f3f86dc744af70
*** Element info: {Using=xpath, value=//div[@data-id="68"]/div[1]/div}]]>
            </message>
            <full-stacktrace>
              <![CDATA[org.openqa.selenium.NoSuchElementException: no such element: Unable to locate element: {"method":"xpath","selector":"//div[@data-id="68"]/div[1]/div"}
  (Session info: chrome=83.0.4103.106)
For documentation on this error, please visit: https://www.seleniumhq.org/exceptions/no_such_element.html
Build info: version: '3.141.59', revision: 'e82be7d358', time: '2018-11-14T08:17:03'
System info: host: 'AGILE', ip: '192.168.0.110', os.name: 'Windows 10', os.arch: 'amd64', os.version: '10.0', java.version: '17.0.1'
Driver info: org.openqa.selenium.chrome.ChromeDriver
Capabilities {acceptInsecureCerts: false, browserName: chrome, browserVersion: 83.0.4103.106, chrome: {chromedriverVersion: 83.0.4103.39 (ccbf011cb2d2b..., userDataDir: C:\Users\MASSIEL\AppData\Lo...}, goog:chromeOptions: {debuggerAddress: localhost:60379}, javascriptEnabled: true, networkConnectionEnabled: false, pageLoadStrategy: normal, platform: WINDOWS, platformName: WINDOWS, proxy: Proxy(), setWindowRect: true, strictFileInteractability: false, timeouts: {implicit: 0, pageLoad: 300000, script: 30000}, unhandledPromptBehavior: dismiss and notify, webauthn:virtualAuthenticators: true}
Session ID: e3fda909ac990a22d8f3f86dc744af70
*** Element info: {Using=xpath, value=//div[@data-id="68"]/div[1]/div}
at jdk.internal.reflect.GeneratedConstructorAccessor16.newInstance(Unknown Source)
at java.base/jdk.internal.reflect.DelegatingConstructorAccessorImpl.newInstance(DelegatingConstructorAccessorImpl.java:45)
at java.base/java.lang.reflect.Constructor.newInstanceWithCaller(Constructor.java:499)
at java.base/java.lang.reflect.Constructor.newInstance(Constructor.java:480)
at org.openqa.selenium.remote.http.W3CHttpResponseCodec.createException(W3CHttpResponseCodec.java:187)
at org.openqa.selenium.remote.http.W3CHttpResponseCodec.decode(W3CHttpResponseCodec.java:122)
at org.openqa.selenium.remote.http.W3CHttpResponseCodec.decode(W3CHttpResponseCodec.java:49)
at org.openqa.selenium.remote.HttpCommandExecutor.execute(HttpCommandExecutor.java:158)
at org.openqa.selenium.remote.service.DriverCommandExecutor.execute(DriverCommandExecutor.java:83)
at org.openqa.selenium.remote.RemoteWebDriver.execute(RemoteWebDriver.java:552)
at org.openqa.selenium.remote.RemoteWebDriver.findElement(RemoteWebDriver.java:323)
at org.openqa.selenium.remote.RemoteWebDriver.findElementByXPath(RemoteWebDriver.java:428)
at org.openqa.selenium.By$ByXPath.findElement(By.java:353)
at org.openqa.selenium.remote.RemoteWebDriver.findElement(RemoteWebDriver.java:315)
at com.sap.timp.pageObjectModel.TCC.BancodeCréditoTributário.PainelPerDcomp.ConfiguraçãodeLayoutdePainel.ConfiguraçãodeLayoutdePainelExcluirPO.excluir(ConfiguraçãodeLayoutdePainelExcluirPO.java:79)
at com.timp.test.TCC.BancoDeCréditoTributário.PainelPerDcomp.ConfiguraçãodeLayoutdePainel.ConfiguraçãodeLayoutdePainelExcluir.excluir(ConfiguraçãodeLayoutdePainelExcluir.java:40)
at java.base/jdk.internal.reflect.NativeMethodAccessorImpl.invoke0(Native Method)
at java.base/jdk.internal.reflect.NativeMethodAccessorImpl.invoke(NativeMethodAccessorImpl.java:77)
at java.base/jdk.internal.reflect.DelegatingMethodAccessorImpl.invoke(DelegatingMethodAccessorImpl.java:43)
at java.base/java.lang.reflect.Method.invoke(Method.java:568)
at org.testng.internal.MethodInvocationHelper.invokeMethod(MethodInvocationHelper.java:124)
at org.testng.internal.Invoker.invokeMethod(Invoker.java:583)
at org.testng.internal.Invoker.invokeTestMethod(Invoker.java:719)
at org.testng.internal.Invoker.invokeTestMethods(Invoker.java:989)
at org.testng.internal.TestMethodWorker.invokeTestMethods(TestMethodWorker.java:125)
at org.testng.internal.TestMethodWorker.run(TestMethodWorker.java:109)
at org.testng.TestRunner.privateRun(TestRunner.java:648)
at org.testng.TestRunner.run(TestRunner.java:505)
at org.testng.SuiteRunner.runTest(SuiteRunner.java:455)
at org.testng.SuiteRunner.runSequentially(SuiteRunner.java:450)
at org.testng.SuiteRunner.privateRun(SuiteRunner.java:415)
at org.testng.SuiteRunner.run(SuiteRunner.java:364)
[...]
Build info: version: '3.141.59', revision: 'e82be7d358', time: '2018-11-14T08:17:03'
System info: host: 'AGILE', ip: '192.168.0.110', os.name: 'Windows 10', os.arch: 'amd64', os.version: '10.0', java.version: '17.0.1'
Driver info: org.openqa.selenium.chrome.ChromeDriver
Capabilities {acceptInsecureCerts: false, browserName: chrome, browserVersion: 83.0.4103.106, chrome: {chromedriverVersion: 83.0.4103.39 (ccbf011cb2d2b..., userDataDir: C:\Users\MASSIEL\AppData\Lo...}, goog:chromeOptions: {debuggerAddress: localhost:51441}, javascriptEnabled: true, networkConnectionEnabled: false, pageLoadStrategy: normal, platform: WINDOWS, platformName: WINDOWS, proxy: Proxy(), setWindowRect: true, strictFileInteractability: false, timeouts: {implicit: 0, pageLoad: 300000, script: 30000}, unhandledPromptBehavior: dismiss and notify, webauthn:virtualAuthenticators: true}
Session ID: 763b8df029fa63b7566e13bcb26e4306]]>
            </message>
            <full-stacktrace>
              <![CDATA[org.openqa.selenium.TimeoutException: timeout: Timed out receiving message from renderer: 299.778
  (Session info: chrome=83.0.4103.106)
Build info: version: '3.141.59', revision: 'e82be7d358', time: '2018-11-14T08:17:03'
System info: host: 'AGILE', ip: '192.168.0.110', os.name: 'Windows 10', os.arch: 'amd64', os.version: '10.0', java.version: '17.0.1'
Driver info: org.openqa.selenium.chrome.ChromeDriver
Capabilities {acceptInsecureCerts: false, browserName: chrome, browserVersion: 83.0.4103.106, chrome: {chromedriverVersion: 83.0.4103.39 (ccbf011cb2d2b..., userDataDir: C:\Users\MASSIEL\AppData\Lo...}, goog:chromeOptions: {debuggerAddress: localhost:51441}, javascriptEnabled: true, networkConnectionEnabled: false, pageLoadStrategy: normal, platform: WINDOWS, platformName: WINDOWS, proxy: Proxy(), setWindowRect: true, strictFileInteractability: false, timeouts: {implicit: 0, pageLoad: 300000, script: 30000}, unhandledPromptBehavior: dismiss and notify, webauthn:virtualAuthenticators: true}
Session ID: 763b8df029fa63b7566e13bcb26e4306
at java.base/jdk.internal.reflect.NativeConstructorAccessorImpl.newInstance0(Native Method)
at java.base/jdk.internal.reflect.NativeConstructorAccessorImpl.newInstance(NativeConstructorAccessorImpl.java:77)
at java.base/jdk.internal.reflect.DelegatingConstructorAccessorImpl.newInstance(DelegatingConstructorAccessorImpl.java:45)
at java.base/java.lang.reflect.Constructor.newInstanceWithCaller(Constructor.java:499)
at java.base/java.lang.reflect.Constructor.newInstance(Constructor.java:480)
at org.openqa.selenium.remote.http.W3CHttpResponseCodec.createException(W3CHttpResponseCodec.java:187)
at org.openqa.selenium.remote.http.W3CHttpResponseCodec.decode(W3CHttpResponseCodec.java:122)
at org.openqa.selenium.remote.http.W3CHttpResponseCodec.decode(W3CHttpResponseCodec.java:49)
at org.openqa.selenium.remote.HttpCommandExecutor.execute(HttpCommandExecutor.java:158)
at org.openqa.selenium.remote.service.DriverCommandExecutor.execute(DriverCommandExecutor.java:83)
at org.openqa.selenium.remote.RemoteWebDriver.execute(RemoteWebDriver.java:552)
at org.openqa.selenium.remote.RemoteWebDriver.get(RemoteWebDriver.java:277)
at com.sap.timp.base.TestBaseSteven.initialization(TestBaseSteven.java:108)
at com.timp.test.TCC.BancoDeOcorrencias.Executados.BancodeOcorrênciasExecutadosEditar.beforeClass(BancodeOcorrênciasExecutadosEditar.java:24)
at java.base/jdk.internal.reflect.NativeMethodAccessorImpl.invoke0(Native Method)
at java.base/jdk.internal.reflect.NativeMethodAccessorImpl.invoke(NativeMethodAccessorImpl.java:77)
at java.base/jdk.internal.reflect.DelegatingMethodAccessorImpl.invoke(DelegatingMethodAccessorImpl.java:43)
at java.base/java.lang.reflect.Method.invoke(Method.java:568)
at org.testng.internal.MethodInvocationHelper.invokeMethod(MethodInvocationHelper.java:124)
at org.testng.internal.MethodInvocationHelper.invokeMethodConsideringTimeout(MethodInvocationHelper.java:59)
at org.testng.internal.Invoker.invokeConfigurationMethod(Invoker.java:458)
at org.testng.internal.Invoker.invokeConfigurations(Invoker.java:222)
at org.testng.internal.Invoker.invokeConfigurations(Invoker.java:142)
at org.testng.internal.TestMethodWorker.invokeBeforeClassMethods(TestMethodWorker.java:168)
at org.testng.internal.TestMethodWorker.run(TestMethodWorker.java:105)
at org.testng.TestRunner.privateRun(TestRunner.java:648)
at org.testng.TestRunner.run(TestRunner.java:505)
at org.testng.SuiteRunner.runTest(SuiteRunner.java:455)
at org.testng.SuiteRunner.runSequentially(SuiteRunner.java:450)
at org.testng.SuiteRunner.privateRun(SuiteRunner.java:415)
at org.testng.SuiteRunner.run(SuiteRunner.java:364)
at org.testng.SuiteRunnerWorker.runSuite(SuiteRunnerWorker.java:52)
at org.testng.SuiteRunnerWorker.run(SuiteRunnerWorker.java:84)
at org.testng.TestNG.runSuitesSequentially(TestNG.java:1208)
at org.testng.TestNG.runSuitesLocally(TestNG.java:1137)
at org.testng.TestNG.runSuites(TestNG.java:1049)
at org.testng.TestNG.run(TestNG.java:1017)
at org.testng.remote.AbstractRemoteTestNG.run(AbstractRemoteTestNG.java:115)
at org.testng.remote.RemoteTestNG.initAndRun(RemoteTestNG.java:251)
at org.testng.remote.RemoteTestNG.main(RemoteTestNG.java:77)
]]>
            </full-stacktrace>
          </exception> <!-- org.openqa.selenium.TimeoutException -->
          <reporter-output>
          </reporter-output>
        </test-method> <!-- executarEditar -->
        <test-method is-config="true" signature="afterClass()[pri:0, instance:com.timp.test.TCC.BancoDeOcorrencias.Executados.BancodeOcorrênciasExecutadosEditar@7fb95505]" started-at="2022-05-30T01:15:47Z" name="afterClass" finished-at="2022-05-30T01:15:47Z" duration-ms="0" status="SKIP">
          <reporter-output>
          </reporter-output>
        </test-method> <!-- afterClass -->
      </class> <!-- com.timp.test.TCC.BancoDeOcorrencias.Executados.BancodeOcorrênciasExecutadosEditar -->
      <class name="com.timp.test.TCC.BancoDeOcorrencias.Executados.BancodeOcorrenciasExecutadosVisualizar">
        <test-method is-config="true" signature="beforeClass()[pri:0, instance:com.timp.test.TCC.BancoDeOcorrencias.Executados.BancodeOcorrenciasExecutadosVisualizar@58be6e8]" started-at="2022-05-30T01:15:47Z" name="beforeClass" finished-at="2022-05-30T01:15:47Z" duration-ms="2" status="PASS">
          <reporter-output>
          </reporter-output>
        </test-method> <!-- beforeClass -->
        <test-method signature="f()[pri:0, instance:com.timp.test.TCC.BancoDeOcorrencias.Executados.BancodeOcorrenciasExecutadosVisualizar@58be6e8]" started-at="2022-05-30T01:15:47Z" name="f" finished-at="2022-05-30T01:15:47Z" duration-ms="6" status="PASS">
          <reporter-output>
          </reporter-output>
        </test-method> <!-- f -->
        <test-method is-config="true" signature="afterClass()[pri:0, instance:com.timp.test.TCC.BancoDeOcorrencias.Executados.BancodeOcorrenciasExecutadosVisualizar@58be6e8]" started-at="2022-05-30T01:15:47Z" name="afterClass" finished-at="2022-05-30T01:15:47Z" duration-ms="0" status="PASS">
          <reporter-output>
          </reporter-output>
        </test-method> <!-- afterClass -->
      </class> <!-- com.timp.test.TCC.BancoDeOcorrencias.Executados.BancodeOcorrenciasExecutadosVisualizar -->
      <class name="com.timp.test.TCC.BancoDeOcorrencias.ConfiguracaoEExecucao.ConfiguracaoEExecucaoExcluir">
        <test-method is-config="true" signature="beforeClass()[pri:0, instance:com.timp.test.TCC.BancoDeOcorrencias.ConfiguracaoEExecucao.ConfiguracaoEExecucaoExcluir@7331196b]" started-at="2022-05-30T01:15:47Z" name="beforeClass" finished-at="2022-05-30T01:20:52Z" duration-ms="305325" status="FAIL">
          <exception class="org.openqa.selenium.TimeoutException">
            <message>
              <![CDATA[timeout: Timed out receiving message from renderer: 299.799
  (Session info: chrome=83.0.4103.106)
Build info: version: '3.141.59', revision: 'e82be7d358', time: '2018-11-14T08:17:03'
System info: host: 'AGILE', ip: '192.168.0.110', os.name: 'Windows 10', os.arch: 'amd64', os.version: '10.0', java.version: '17.0.1'
Driver info: org.openqa.selenium.chrome.ChromeDriver
Capabilities {acceptInsecureCerts: false, browserName: chrome, browserVersion: 83.0.4103.106, chrome: {chromedriverVersion: 83.0.4103.39 (ccbf011cb2d2b..., userDataDir: C:\Users\MASSIEL\AppData\Lo...}, goog:chromeOptions: {debuggerAddress: localhost:50404}, javascriptEnabled: true, networkConnectionEnabled: false, pageLoadStrategy: normal, platform: WINDOWS, platformName: WINDOWS, proxy: Proxy(), setWindowRect: true, strictFileInteractability: false, timeouts: {implicit: 0, pageLoad: 300000, script: 30000}, unhandledPromptBehavior: dismiss and notify, webauthn:virtualAuthenticators: true}
Session ID: 756d2f7d5950e0997ae873f16ca9568c]]>
            </message>
            <full-stacktrace>
              <![CDATA[org.openqa.selenium.TimeoutException: timeout: Timed out receiving message from renderer: 299.799
  (Session info: chrome=83.0.4103.106)
Build info: version: '3.141.59', revision: 'e82be7d358', time: '2018-11-14T08:17:03'
System info: host: 'AGILE', ip: '192.168.0.110', os.name: 'Windows 10', os.arch: 'amd64', os.version: '10.0', java.version: '17.0.1'
Driver info: org.openqa.selenium.chrome.ChromeDriver
Capabilities {acceptInsecureCerts: false, browserName: chrome, browserVersion: 83.0.4103.106, chrome: {chromedriverVersion: 83.0.4103.39 (ccbf011cb2d2b..., userDataDir: C:\Users\MASSIEL\AppData\Lo...}, goog:chromeOptions: {debuggerAddress: localhost:50404}, javascriptEnabled: true, networkConnectionEnabled: false, pageLoadStrategy: normal, platform: WINDOWS, platformName: WINDOWS, proxy: Proxy(), setWindowRect: true, strictFileInteractability: false, timeouts: {implicit: 0, pageLoad: 300000, script: 30000}, unhandledPromptBehavior: dismiss and notify, webauthn:virtualAuthenticators: true}
Session ID: 756d2f7d5950e0997ae873f16ca9568c
at java.base/jdk.internal.reflect.NativeConstructorAccessorImpl.newInstance0(Native Method)
at java.base/jdk.internal.reflect.NativeConstructorAccessorImpl.newInstance(NativeConstructorAccessorImpl.java:77)
at java.base/jdk.internal.reflect.DelegatingConstructorAccessorImpl.newInstance(DelegatingConstructorAccessorImpl.java:45)
at java.base/java.lang.reflect.Constructor.newInstanceWithCaller(Constructor.java:499)
at java.base/java.lang.reflect.Constructor.newInstance(Constructor.java:480)
at org.openqa.selenium.remote.http.W3CHttpResponseCodec.createException(W3CHttpResponseCodec.java:187)
at org.openqa.selenium.remote.http.W3CHttpResponseCodec.decode(W3CHttpResponseCodec.java:122)
at org.openqa.selenium.remote.http.W3CHttpResponseCodec.decode(W3CHttpResponseCodec.java:49)
at org.openqa.selenium.remote.HttpCommandExecutor.execute(HttpCommandExecutor.java:158)
at org.openqa.selenium.remote.service.DriverCommandExecutor.execute(DriverCommandExecutor.java:83)
at org.openqa.selenium.remote.RemoteWebDriver.execute(RemoteWebDriver.java:552)
at org.openqa.selenium.remote.RemoteWebDriver.get(RemoteWebDriver.java:277)
at com.sap.timp.base.TestBaseSteven.initialization(TestBaseSteven.java:108)
at com.timp.test.TCC.BancoDeOcorrencias.ConfiguracaoEExecucao.ConfiguracaoEExecucaoExcluir.beforeClass(ConfiguracaoEExecucaoExcluir.java:23)
at java.base/jdk.internal.reflect.NativeMethodAccessorImpl.invoke0(Native Method)
at java.base/jdk.internal.reflect.NativeMethodAccessorImpl.invoke(NativeMethodAccessorImpl.java:77)
at java.base/jdk.internal.reflect.DelegatingMethodAccessorImpl.invoke(DelegatingMethodAccessorImpl.java:43)
at java.base/java.lang.reflect.Method.invoke(Method.java:568)
at org.testng.internal.MethodInvocationHelper.invokeMethod(MethodInvocationHelper.java:124)
at org.testng.internal.MethodInvocationHelper.invokeMethodConsideringTimeout(MethodInvocationHelper.java:59)
at org.testng.internal.Invoker.invokeConfigurationMethod(Invoker.java:458)
at org.testng.internal.Invoker.invokeConfigurations(Invoker.java:222)
at org.testng.internal.Invoker.invokeConfigurations(Invoker.java:142)
at org.testng.internal.TestMethodWorker.invokeBeforeClassMethods(TestMethodWorker.java:168)
at org.testng.internal.TestMethodWorker.run(TestMethodWorker.java:105)
at org.testng.TestRunner.privateRun(TestRunner.java:648)
at org.testng.TestRunner.run(TestRunner.java:505)
at org.testng.SuiteRunner.runTest(SuiteRunner.java:455)
at org.testng.SuiteRunner.runSequentially(SuiteRunner.java:450)
at org.testng.SuiteRunner.privateRun(SuiteRunner.java:415)
at org.testng.SuiteRunner.run(SuiteRunner.java:364)
at org.testng.SuiteRunnerWorker.runSuite(SuiteRunnerWorker.java:52)
at org.testng.SuiteRunnerWorker.run(SuiteRunnerWorker.java:84)
at org.testng.TestNG.runSuitesSequentially(TestNG.java:1208)
at org.testng.TestNG.runSuitesLocally(TestNG.java:1137)
at org.testng.TestNG.runSuites(TestNG.java:1049)
at org.testng.TestNG.run(TestNG.java:1017)
at org.testng.remote.AbstractRemoteTestNG.run(AbstractRemoteTestNG.java:115)
at org.testng.remote.RemoteTestNG.initAndRun(RemoteTestNG.java:251)
at org.testng.remote.RemoteTestNG.main(RemoteTestNG.java:77)
]]>
            </full-stacktrace>
          </exception> <!-- org.openqa.selenium.TimeoutException -->
          <reporter-output>
          </reporter-output>
        </test-method> <!-- beforeClass -->
        <test-method signature="excluirExecutar()[pri:0, instance:com.timp.test.TCC.BancoDeOcorrencias.ConfiguracaoEExecucao.ConfiguracaoEExecucaoExcluir@7331196b]" started-at="2022-05-30T01:20:52Z" name="excluirExecutar" finished-at="2022-05-30T01:20:52Z" duration-ms="0" status="SKIP">
          <exception class="org.openqa.selenium.TimeoutException">
            <message>
              <![CDATA[timeout: Timed out receiving message from renderer: 299.799
  (Session info: chrome=83.0.4103.106)
Build info: version: '3.141.59', revision: 'e82be7d358', time: '2018-11-14T08:17:03'
System info: host: 'AGILE', ip: '192.168.0.110', os.name: 'Windows 10', os.arch: 'amd64', os.version: '10.0', java.version: '17.0.1'
Driver info: org.openqa.selenium.chrome.ChromeDriver
Capabilities {acceptInsecureCerts: false, browserName: chrome, browserVersion: 83.0.4103.106, chrome: {chromedriverVersion: 83.0.4103.39 (ccbf011cb2d2b..., userDataDir: C:\Users\MASSIEL\AppData\Lo...}, goog:chromeOptions: {debuggerAddress: localhost:50404}, javascriptEnabled: true, networkConnectionEnabled: false, pageLoadStrategy: normal, platform: WINDOWS, platformName: WINDOWS, proxy: Proxy(), setWindowRect: true, strictFileInteractability: false, timeouts: {implicit: 0, pageLoad: 300000, script: 30000}, unhandledPromptBehavior: dismiss and notify, webauthn:virtualAuthenticators: true}
Session ID: 756d2f7d5950e0997ae873f16ca9568c]]>
            </message>
            <full-stacktrace>
              <![CDATA[org.openqa.selenium.TimeoutException: timeout: Timed out receiving message from renderer: 299.799
  (Session info: chrome=83.0.4103.106)
Build info: version: '3.141.59', revision: 'e82be7d358', time: '2018-11-14T08:17:03'
System info: host: 'AGILE', ip: '192.168.0.110', os.name: 'Windows 10', os.arch: 'amd64', os.version: '10.0', java.version: '17.0.1'
Driver info: org.openqa.selenium.chrome.ChromeDriver
Capabilities {acceptInsecureCerts: false, browserName: chrome, browserVersion: 83.0.4103.106, chrome: {chromedriverVersion: 83.0.4103.39 (ccbf011cb2d2b..., userDataDir: C:\Users\MASSIEL\AppData\Lo...}, goog:chromeOptions: {debuggerAddress: localhost:50404}, javascriptEnabled: true, networkConnectionEnabled: false, pageLoadStrategy: normal, platform: WINDOWS, platformName: WINDOWS, proxy: Proxy(), setWindowRect: true, strictFileInteractability: false, timeouts: {implicit: 0, pageLoad: 300000, script: 30000}, unhandledPromptBehavior: dismiss and notify, webauthn:virtualAuthenticators: true}
Session ID: 756d2f7d5950e0997ae873f16ca9568c
at java.base/jdk.internal.reflect.NativeConstructorAccessorImpl.newInstance0(Native Method)
at java.base/jdk.internal.reflect.NativeConstructorAccessorImpl.newInstance(NativeConstructorAccessorImpl.java:77)
at java.base/jdk.internal.reflect.DelegatingConstructorAccessorImpl.newInstance(DelegatingConstructorAccessorImpl.java:45)
at java.base/java.lang.reflect.Constructor.newInstanceWithCaller(Constructor.java:499)
at java.base/java.lang.reflect.Constructor.newInstance(Constructor.java:480)
at org.openqa.selenium.remote.http.W3CHttpResponseCodec.createException(W3CHttpResponseCodec.java:187)
at org.openqa.selenium.remote.http.W3CHttpResponseCodec.decode(W3CHttpResponseCodec.java:122)
at org.openqa.selenium.remote.http.W3CHttpResponseCodec.decode(W3CHttpResponseCodec.java:49)
at org.openqa.selenium.remote.HttpCommandExecutor.execute(HttpCommandExecutor.java:158)
at org.openqa.selenium.remote.service.DriverCommandExecutor.execute(DriverCommandExecutor.java:83)
at org.openqa.selenium.remote.RemoteWebDriver.execute(RemoteWebDriver.java:552)
at org.openqa.selenium.remote.RemoteWebDriver.get(RemoteWebDriver.java:277)
at com.sap.timp.base.TestBaseSteven.initialization(TestBaseSteven.java:108)
at com.timp.test.TCC.BancoDeOcorrencias.ConfiguracaoEExecucao.ConfiguracaoEExecucaoExcluir.beforeClass(ConfiguracaoEExecucaoExcluir.java:23)
at java.base/jdk.internal.reflect.NativeMethodAccessorImpl.invoke0(Native Method)
at java.base/jdk.internal.reflect.NativeMethodAccessorImpl.invoke(NativeMethodAccessorImpl.java:77)
at java.base/jdk.internal.reflect.DelegatingMethodAccessorImpl.invoke(DelegatingMethodAccessorImpl.java:43)
at java.base/java.lang.reflect.Method.invoke(Method.java:568)
at org.testng.internal.MethodInvocationHelper.invokeMethod(MethodInvocationHelper.java:124)
at org.testng.internal.MethodInvocationHelper.invokeMethodConsideringTimeout(MethodInvocationHelper.java:59)
at org.testng.internal.Invoker.invokeConfigurationMethod(Invoker.java:458)
at org.testng.internal.Invoker.invokeConfigurations(Invoker.java:222)
at org.testng.internal.Invoker.invokeConfigurations(Invoker.java:142)
at org.testng.internal.TestMethodWorker.invokeBeforeClassMethods(TestMethodWorker.java:168)
at org.testng.internal.TestMethodWorker.run(TestMethodWorker.java:105)
at org.testng.TestRunner.privateRun(TestRunner.java:648)
at org.testng.TestRunner.run(TestRunner.java:505)
at org.testng.SuiteRunner.runTest(SuiteRunner.java:455)
at org.testng.SuiteRunner.runSequentially(SuiteRunner.java:450)
at org.testng.SuiteRunner.privateRun(SuiteRunner.java:415)
at org.testng.SuiteRunner.run(SuiteRunner.java:364)
at org.testng.SuiteRunnerWorker.runSuite(SuiteRunnerWorker.java:52)
at org.testng.SuiteRunnerWorker.run(SuiteRunnerWorker.java:84)
at org.testng.TestNG.runSuitesSequentially(TestNG.java:1208)
at org.testng.TestNG.runSuitesLocally(TestNG.java:1137)
at org.testng.TestNG.runSuites(TestNG.java:1049)
at org.testng.TestNG.run(TestNG.java:1017)
at org.testng.remote.AbstractRemoteTestNG.run(AbstractRemoteTestNG.java:115)
at org.testng.remote.RemoteTestNG.initAndRun(RemoteTestNG.java:251)
at org.testng.remote.RemoteTestNG.main(RemoteTestNG.java:77)
]]>
            </full-stacktrace>
          </exception> <!-- org.openqa.selenium.TimeoutException -->
          <reporter-output>
          </reporter-output>
        </test-method> <!-- excluirExecutar -->
        <test-method is-config="true" signature="afterClass()[pri:0, instance:com.timp.test.TCC.BancoDeOcorrencias.ConfiguracaoEExecucao.ConfiguracaoEExecucaoExcluir@7331196b]" started-at="2022-05-30T01:20:52Z" name="afterClass" finished-at="2022-05-30T01:20:52Z" duration-ms="0" status="SKIP">
          <reporter-output>
          </reporter-output>
        </test-method> <!-- afterClass -->
      </class> <!-- com.timp.test.TCC.BancoDeOcorrencias.ConfiguracaoEExecucao.ConfiguracaoEExecucaoExcluir -->
    </test> <!-- Banco De Ocorrecias >  Executados -->
  </suite> <!-- Suite -->
</testng-results>
