<?xml version="1.0" encoding="UTF-8"?>
<testng-results ignored="0" total="1" passed="1" failed="0" skipped="0">
  <reporter-output>
  </reporter-output>
  <suite started-at="2023-02-14T04:34:38 BRT" name="Default suite" finished-at="2023-02-14T04:37:28 BRT" duration-ms="169242">
    <groups>
    </groups>
    <test started-at="2023-02-14T04:34:38 BRT" name="Default test" finished-at="2023-02-14T04:37:28 BRT" duration-ms="169242">
      <class name="com.timp.test.MDR.Ajustes.CodigosAjustes.CodigosAjustesCriar">
        <test-method is-config="true" signature="beforeClass()[pri:0, instance:com.timp.test.MDR.Ajustes.CodigosAjustes.CodigosAjustesCriar@26e356f0]" started-at="2023-02-14T04:34:38 BRT" name="beforeClass" finished-at="2023-02-14T04:34:51 BRT" duration-ms="13194" status="PASS">
          <reporter-output>
          </reporter-output>
        </test-method> <!-- beforeClass -->
        <test-method signature="criar()[pri:0, instance:com.timp.test.MDR.Ajustes.CodigosAjustes.CodigosAjustesCriar@26e356f0]" started-at="2023-02-14T04:34:52 BRT" name="criar" finished-at="2023-02-14T04:37:28 BRT" duration-ms="156011" status="PASS">
          <reporter-output>
          </reporter-output>
        </test-method> <!-- criar -->
        <test-method is-config="true" signature="afterClass()[pri:0, instance:com.timp.test.MDR.Ajustes.CodigosAjustes.CodigosAjustesCriar@26e356f0]" started-at="2023-02-14T04:37:28 BRT" name="afterClass" finished-at="2023-02-14T04:37:28 BRT" duration-ms="1" status="PASS">
          <reporter-output>
          </reporter-output>
        </test-method> <!-- afterClass -->
      </class> <!-- com.timp.test.MDR.Ajustes.CodigosAjustes.CodigosAjustesCriar -->
    </test> <!-- Default test -->
  </suite> <!-- Default suite -->
</testng-results>
