<?xml version="1.0" encoding="UTF-8"?>
<testng-results total="3" passed="3" failed="0" skipped="0">
  <reporter-output>
  </reporter-output>
  <suite started-at="2020-10-22T04:51:10Z" name="Default suite" finished-at="2020-10-22T04:52:10Z" duration-ms="60127">
    <groups>
    </groups>
    <test started-at="2020-10-22T04:51:10Z" name="Default test" finished-at="2020-10-22T04:52:10Z" duration-ms="60127">
      <class name="com.timp.test.MDR.Centralizacao.Saldos.SaldosFiltrarId">
        <test-method is-config="true" signature="beforeClass()[pri:0, instance:com.timp.test.MDR.Centralizacao.Saldos.SaldosFiltrarId@147a5d08]" started-at="2020-10-21T22:51:10Z" name="beforeClass" finished-at="2020-10-21T22:51:24Z" duration-ms="14267" status="PASS">
          <reporter-output>
          </reporter-output>
        </test-method> <!-- beforeClass -->
        <test-method signature="login()[pri:0, instance:com.timp.test.MDR.Centralizacao.Saldos.SaldosFiltrarId@147a5d08]" started-at="2020-10-21T22:51:24Z" name="login" finished-at="2020-10-21T22:51:33Z" duration-ms="8771" status="PASS">
          <reporter-output>
          </reporter-output>
        </test-method> <!-- login -->
        <test-method signature="acessarMDR()[pri:0, instance:com.timp.test.MDR.Centralizacao.Saldos.SaldosFiltrarId@147a5d08]" started-at="2020-10-21T22:51:33Z" name="acessarMDR" finished-at="2020-10-21T22:51:43Z" duration-ms="10322" status="PASS">
          <reporter-output>
          </reporter-output>
        </test-method> <!-- acessarMDR -->
        <test-method signature="FiltrarSaldosId()[pri:0, instance:com.timp.test.MDR.Centralizacao.Saldos.SaldosFiltrarId@147a5d08]" started-at="2020-10-21T22:51:43Z" name="FiltrarSaldosId" finished-at="2020-10-21T22:52:09Z" duration-ms="26465" status="PASS">
          <reporter-output>
          </reporter-output>
        </test-method> <!-- FiltrarSaldosId -->
        <test-method is-config="true" signature="afterClass()[pri:0, instance:com.timp.test.MDR.Centralizacao.Saldos.SaldosFiltrarId@147a5d08]" started-at="2020-10-21T22:52:09Z" name="afterClass" finished-at="2020-10-21T22:52:10Z" duration-ms="280" status="PASS">
          <reporter-output>
          </reporter-output>
        </test-method> <!-- afterClass -->
      </class> <!-- com.timp.test.MDR.Centralizacao.Saldos.SaldosFiltrarId -->
    </test> <!-- Default test -->
  </suite> <!-- Default suite -->
</testng-results>
