<?xml version="1.0" encoding="UTF-8"?>
<testng-results total="3" passed="3" failed="0" skipped="0">
  <reporter-output>
  </reporter-output>
  <suite started-at="2021-01-11T22:25:53Z" name="Default suite" finished-at="2021-01-11T22:31:42Z" duration-ms="349870">
    <groups>
    </groups>
    <test started-at="2021-01-11T22:25:53Z" name="Default test" finished-at="2021-01-11T22:31:42Z" duration-ms="349870">
      <class name="com.timp.test.BRE.RegrasDeAuditoriaN4.ParametrosGerais.RegrasDeAuditoriaN4LixeiraEmMassaMaisExcluirEmMassa">
        <test-method is-config="true" signature="beforeClass()[pri:0, instance:com.timp.test.BRE.RegrasDeAuditoriaN4.ParametrosGerais.RegrasDeAuditoriaN4LixeiraEmMassaMaisExcluirEmMassa@1530c739]" started-at="2021-01-11T19:25:53Z" name="beforeClass" finished-at="2021-01-11T19:26:05Z" duration-ms="12871" status="PASS">
          <reporter-output>
          </reporter-output>
        </test-method> <!-- beforeClass -->
        <test-method signature="login()[pri:0, instance:com.timp.test.BRE.RegrasDeAuditoriaN4.ParametrosGerais.RegrasDeAuditoriaN4LixeiraEmMassaMaisExcluirEmMassa@1530c739]" started-at="2021-01-11T19:26:05Z" name="login" finished-at="2021-01-11T19:26:13Z" duration-ms="7653" status="PASS">
          <reporter-output>
          </reporter-output>
        </test-method> <!-- login -->
        <test-method signature="acessarBRE()[pri:0, instance:com.timp.test.BRE.RegrasDeAuditoriaN4.ParametrosGerais.RegrasDeAuditoriaN4LixeiraEmMassaMaisExcluirEmMassa@1530c739]" started-at="2021-01-11T19:26:13Z" name="acessarBRE" finished-at="2021-01-11T19:26:31Z" duration-ms="18180" status="PASS">
          <reporter-output>
          </reporter-output>
        </test-method> <!-- acessarBRE -->
        <test-method signature="criar()[pri:0, instance:com.timp.test.BRE.RegrasDeAuditoriaN4.ParametrosGerais.RegrasDeAuditoriaN4LixeiraEmMassaMaisExcluirEmMassa@1530c739]" started-at="2021-01-11T19:26:31Z" name="criar" finished-at="2021-01-11T19:31:42Z" duration-ms="311143" status="PASS">
          <reporter-output>
          </reporter-output>
        </test-method> <!-- criar -->
        <test-method is-config="true" signature="afterClass()[pri:0, instance:com.timp.test.BRE.RegrasDeAuditoriaN4.ParametrosGerais.RegrasDeAuditoriaN4LixeiraEmMassaMaisExcluirEmMassa@1530c739]" started-at="2021-01-11T19:31:42Z" name="afterClass" finished-at="2021-01-11T19:31:42Z" duration-ms="0" status="PASS">
          <reporter-output>
          </reporter-output>
        </test-method> <!-- afterClass -->
      </class> <!-- com.timp.test.BRE.RegrasDeAuditoriaN4.ParametrosGerais.RegrasDeAuditoriaN4LixeiraEmMassaMaisExcluirEmMassa -->
    </test> <!-- Default test -->
  </suite> <!-- Default suite -->
</testng-results>
