<?xml version="1.0" encoding="UTF-8"?>
<testng-results skipped="0" failed="0" total="3" passed="3">
  <reporter-output>
  </reporter-output>
  <suite name="Default suite" duration-ms="116862" started-at="2020-07-28T17:19:36Z" finished-at="2020-07-28T17:21:33Z">
    <groups>
    </groups>
    <test name="Default test" duration-ms="116862" started-at="2020-07-28T17:19:36Z" finished-at="2020-07-28T17:21:33Z">
      <class name="com.timp.test.MDR.SequenciaAcesso.SequenciaEditar">
        <test-method status="PASS" signature="beforeClass()[pri:0, instance:com.timp.test.MDR.SequenciaAcesso.SequenciaEditar@8e0379d]" name="beforeClass" is-config="true" duration-ms="10874" started-at="2020-07-28T11:19:36Z" finished-at="2020-07-28T11:19:47Z">
          <reporter-output>
          </reporter-output>
        </test-method> <!-- beforeClass -->
        <test-method status="PASS" signature="login()[pri:0, instance:com.timp.test.MDR.SequenciaAcesso.SequenciaEditar@8e0379d]" name="login" duration-ms="6348" started-at="2020-07-28T11:19:47Z" finished-at="2020-07-28T11:19:53Z">
          <reporter-output>
          </reporter-output>
        </test-method> <!-- login -->
        <test-method status="PASS" signature="acessarMDR()[pri:0, instance:com.timp.test.MDR.SequenciaAcesso.SequenciaEditar@8e0379d]" name="acessarMDR" duration-ms="22574" started-at="2020-07-28T11:19:53Z" finished-at="2020-07-28T11:20:16Z">
          <reporter-output>
          </reporter-output>
        </test-method> <!-- acessarMDR -->
        <test-method status="PASS" signature="Editar()[pri:0, instance:com.timp.test.MDR.SequenciaAcesso.SequenciaEditar@8e0379d]" name="Editar" duration-ms="77048" started-at="2020-07-28T11:20:16Z" finished-at="2020-07-28T11:21:33Z">
          <reporter-output>
          </reporter-output>
        </test-method> <!-- Editar -->
      </class> <!-- com.timp.test.MDR.SequenciaAcesso.SequenciaEditar -->
    </test> <!-- Default test -->
  </suite> <!-- Default suite -->
</testng-results>
