<?xml version="1.0" encoding="UTF-8"?>
<testng-results ignored="0" total="2" passed="2" failed="0" skipped="0">
  <reporter-output>
  </reporter-output>
  <suite started-at="2023-05-10T21:11:27 UTC" name="Default suite" finished-at="2023-05-10T21:13:32 UTC" duration-ms="124853">
    <groups>
    </groups>
    <test started-at="2023-05-10T21:11:27 UTC" name="Default test" finished-at="2023-05-10T21:13:32 UTC" duration-ms="124853">
      <class name="com.timp.test.ATR.Estruturas.MapeamentoDeParametrosDeEntrada.MapeamentoDeParametrosDeEntradaExcluirEmMassa">
        <test-method is-config="true" signature="beforeClass()[pri:0, instance:com.timp.test.ATR.Estruturas.MapeamentoDeParametrosDeEntrada.MapeamentoDeParametrosDeEntradaExcluirEmMassa@26e356f0]" started-at="2023-05-10T21:11:27 UTC" name="beforeClass" finished-at="2023-05-10T21:11:30 UTC" duration-ms="3237" status="PASS">
          <reporter-output>
          </reporter-output>
        </test-method> <!-- beforeClass -->
        <test-method signature="criar()[pri:0, instance:com.timp.test.ATR.Estruturas.MapeamentoDeParametrosDeEntrada.MapeamentoDeParametrosDeEntradaExcluirEmMassa@26e356f0]" started-at="2023-05-10T21:11:30 UTC" name="criar" finished-at="2023-05-10T21:13:05 UTC" duration-ms="94633" status="PASS">
          <reporter-output>
          </reporter-output>
        </test-method> <!-- criar -->
        <test-method signature="excluir()[pri:0, instance:com.timp.test.ATR.Estruturas.MapeamentoDeParametrosDeEntrada.MapeamentoDeParametrosDeEntradaExcluirEmMassa@26e356f0]" started-at="2023-05-10T21:13:05 UTC" name="excluir" finished-at="2023-05-10T21:13:32 UTC" depends-on-methods="com.timp.test.ATR.Estruturas.MapeamentoDeParametrosDeEntrada.MapeamentoDeParametrosDeEntradaExcluirEmMassa.criar" duration-ms="26818" status="PASS">
          <reporter-output>
          </reporter-output>
        </test-method> <!-- excluir -->
        <test-method is-config="true" signature="afterClass()[pri:0, instance:com.timp.test.ATR.Estruturas.MapeamentoDeParametrosDeEntrada.MapeamentoDeParametrosDeEntradaExcluirEmMassa@26e356f0]" started-at="2023-05-10T21:13:32 UTC" name="afterClass" finished-at="2023-05-10T21:13:32 UTC" duration-ms="116" status="PASS">
          <reporter-output>
          </reporter-output>
        </test-method> <!-- afterClass -->
      </class> <!-- com.timp.test.ATR.Estruturas.MapeamentoDeParametrosDeEntrada.MapeamentoDeParametrosDeEntradaExcluirEmMassa -->
    </test> <!-- Default test -->
  </suite> <!-- Default suite -->
</testng-results>
