<?xml version="1.0" encoding="UTF-8"?>
<testng-results ignored="0" total="3" passed="3" failed="0" skipped="0">
  <reporter-output>
  </reporter-output>
  <suite started-at="2021-03-18T07:11:08Z" name="Default suite" finished-at="2021-03-18T07:13:32Z" duration-ms="144154">
    <groups>
    </groups>
    <test started-at="2021-03-18T07:11:08Z" name="Default test" finished-at="2021-03-18T07:13:32Z" duration-ms="144154">
      <class name="com.timp.test.DFG.Leiautes.Execucao.LeiautesExecucacoFuncionalidades4Pt4">
        <test-method is-config="true" signature="beforeClass()[pri:0, instance:com.timp.test.DFG.Leiautes.Execucao.LeiautesExecucacoFuncionalidades4Pt4@909217e]" started-at="2021-03-18T07:11:08Z" name="beforeClass" finished-at="2021-03-18T07:11:20Z" duration-ms="11610" status="PASS">
          <reporter-output>
          </reporter-output>
        </test-method> <!-- beforeClass -->
        <test-method signature="ingresar()[pri:0, instance:com.timp.test.DFG.Leiautes.Execucao.LeiautesExecucacoFuncionalidades4Pt4@909217e]" started-at="2021-03-18T07:11:20Z" name="ingresar" finished-at="2021-03-18T07:11:29Z" duration-ms="8757" status="PASS">
          <reporter-output>
          </reporter-output>
        </test-method> <!-- ingresar -->
        <test-method signature="mdrEntrar()[pri:1, instance:com.timp.test.DFG.Leiautes.Execucao.LeiautesExecucacoFuncionalidades4Pt4@909217e]" started-at="2021-03-18T07:11:29Z" name="mdrEntrar" finished-at="2021-03-18T07:11:45Z" duration-ms="15999" status="PASS">
          <reporter-output>
          </reporter-output>
        </test-method> <!-- mdrEntrar -->
        <test-method signature="sequenciaDeItemPorDocumento()[pri:2, instance:com.timp.test.DFG.Leiautes.Execucao.LeiautesExecucacoFuncionalidades4Pt4@909217e]" started-at="2021-03-18T07:11:45Z" name="sequenciaDeItemPorDocumento" finished-at="2021-03-18T07:13:32Z" duration-ms="107753" status="PASS">
          <reporter-output>
          </reporter-output>
        </test-method> <!-- sequenciaDeItemPorDocumento -->
        <test-method is-config="true" signature="afterClass()[pri:0, instance:com.timp.test.DFG.Leiautes.Execucao.LeiautesExecucacoFuncionalidades4Pt4@909217e]" started-at="2021-03-18T07:13:32Z" name="afterClass" finished-at="2021-03-18T07:13:32Z" duration-ms="0" status="PASS">
          <reporter-output>
          </reporter-output>
        </test-method> <!-- afterClass -->
      </class> <!-- com.timp.test.DFG.Leiautes.Execucao.LeiautesExecucacoFuncionalidades4Pt4 -->
    </test> <!-- Default test -->
  </suite> <!-- Default suite -->
</testng-results>
