<?xml version="1.0" encoding="UTF-8"?>
<testng-results total="3" passed="3" failed="0" skipped="0">
  <reporter-output>
  </reporter-output>
  <suite started-at="2020-12-29T16:17:41Z" name="Default suite" finished-at="2020-12-29T16:18:49Z" duration-ms="67676">
    <groups>
    </groups>
    <test started-at="2020-12-29T16:17:41Z" name="Default test" finished-at="2020-12-29T16:18:49Z" duration-ms="67676">
      <class name="com.timp.test.TBD.ConsultaDeDocumentos.ConsultaDeDocumentosFiltroPorID">
        <test-method is-config="true" signature="beforeClass()[pri:0, instance:com.timp.test.TBD.ConsultaDeDocumentos.ConsultaDeDocumentosFiltroPorID@6892b3b6]" started-at="2020-12-29T13:17:41Z" name="beforeClass" finished-at="2020-12-29T13:18:02Z" duration-ms="20464" status="PASS">
          <reporter-output>
          </reporter-output>
        </test-method> <!-- beforeClass -->
        <test-method signature="login()[pri:0, instance:com.timp.test.TBD.ConsultaDeDocumentos.ConsultaDeDocumentosFiltroPorID@6892b3b6]" started-at="2020-12-29T13:18:02Z" name="login" finished-at="2020-12-29T13:18:13Z" duration-ms="11808" status="PASS">
          <reporter-output>
          </reporter-output>
        </test-method> <!-- login -->
        <test-method signature="TBDEntrar()[pri:0, instance:com.timp.test.TBD.ConsultaDeDocumentos.ConsultaDeDocumentosFiltroPorID@6892b3b6]" started-at="2020-12-29T13:18:13Z" name="TBDEntrar" finished-at="2020-12-29T13:18:30Z" duration-ms="16587" status="PASS">
          <reporter-output>
          </reporter-output>
        </test-method> <!-- TBDEntrar -->
        <test-method signature="filtro()[pri:0, instance:com.timp.test.TBD.ConsultaDeDocumentos.ConsultaDeDocumentosFiltroPorID@6892b3b6]" started-at="2020-12-29T13:18:30Z" name="filtro" finished-at="2020-12-29T13:18:49Z" duration-ms="18798" status="PASS">
          <reporter-output>
          </reporter-output>
        </test-method> <!-- filtro -->
        <test-method is-config="true" signature="afterClass()[pri:0, instance:com.timp.test.TBD.ConsultaDeDocumentos.ConsultaDeDocumentosFiltroPorID@6892b3b6]" started-at="2020-12-29T13:18:49Z" name="afterClass" finished-at="2020-12-29T13:18:49Z" duration-ms="1" status="PASS">
          <reporter-output>
          </reporter-output>
        </test-method> <!-- afterClass -->
      </class> <!-- com.timp.test.TBD.ConsultaDeDocumentos.ConsultaDeDocumentosFiltroPorID -->
    </test> <!-- Default test -->
  </suite> <!-- Default suite -->
</testng-results>
