<?xml version="1.0" encoding="UTF-8"?>
<testng-results total="2" passed="2" failed="0" skipped="0">
  <reporter-output>
  </reporter-output>
  <suite started-at="2020-07-21T16:49:05Z" name="Default suite" finished-at="2020-07-21T16:50:09Z" duration-ms="64093">
    <groups>
    </groups>
    <test started-at="2020-07-21T16:49:05Z" name="Default test" finished-at="2020-07-21T16:50:09Z" duration-ms="64093">
      <class name="com.timp.test.BRB.BRBAcessar">
        <test-method is-config="true" signature="beforeClass()[pri:0, instance:com.timp.test.BRB.BRBAcessar@1b11171f]" started-at="2020-07-21T10:49:05Z" name="beforeClass" finished-at="2020-07-21T10:49:26Z" duration-ms="20851" status="PASS">
          <reporter-output>
          </reporter-output>
        </test-method> <!-- beforeClass -->
        <test-method signature="login()[pri:0, instance:com.timp.test.BRB.BRBAcessar@1b11171f]" started-at="2020-07-21T10:49:26Z" name="login" finished-at="2020-07-21T10:49:35Z" duration-ms="9692" status="PASS">
          <reporter-output>
          </reporter-output>
        </test-method> <!-- login -->
        <test-method signature="brbEntrar()[pri:0, instance:com.timp.test.BRB.BRBAcessar@1b11171f]" started-at="2020-07-21T10:49:35Z" name="brbEntrar" finished-at="2020-07-21T10:50:09Z" duration-ms="33178" status="PASS">
          <reporter-output>
          </reporter-output>
        </test-method> <!-- brbEntrar -->
        <test-method is-config="true" signature="afterClass()[pri:0, instance:com.timp.test.BRB.BRBAcessar@1b11171f]" started-at="2020-07-21T10:50:09Z" name="afterClass" finished-at="2020-07-21T10:50:09Z" duration-ms="332" status="PASS">
          <reporter-output>
          </reporter-output>
        </test-method> <!-- afterClass -->
      </class> <!-- com.timp.test.BRB.BRBAcessar -->
    </test> <!-- Default test -->
  </suite> <!-- Default suite -->
</testng-results>
