<?xml version="1.0" encoding="UTF-8"?>
<testng-results ignored="0" total="20" passed="20" failed="0" skipped="0">
  <reporter-output>
  </reporter-output>
  <suite started-at="2022-06-15T14:11:03 CST" name="Suite" finished-at="2022-06-15T14:55:03 CST" duration-ms="2640081">
    <groups>
    </groups>
    <test started-at="2022-06-15T14:11:03 CST" name="Parametros Gerais Hierarquia" finished-at="2022-06-15T14:22:53 CST" duration-ms="710130">
      <class name="com.timp.test.BCB.ParametrosGeraisHierarquia.Hierarquia.ParametrosGeraisHierarquiaVisualizar">
        <test-method is-config="true" signature="beforeClass()[pri:0, instance:com.timp.test.BCB.ParametrosGeraisHierarquia.Hierarquia.ParametrosGeraisHierarquiaVisualizar@73e9cf30]" started-at="2022-06-15T14:20:21 CST" name="beforeClass" finished-at="2022-06-15T14:20:31 CST" duration-ms="9994" status="PASS">
          <reporter-output>
          </reporter-output>
        </test-method> <!-- beforeClass -->
        <test-method signature="visualizar()[pri:0, instance:com.timp.test.BCB.ParametrosGeraisHierarquia.Hierarquia.ParametrosGeraisHierarquiaVisualizar@73e9cf30]" started-at="2022-06-15T14:20:31 CST" name="visualizar" finished-at="2022-06-15T14:21:39 CST" duration-ms="68000" status="PASS">
          <reporter-output>
          </reporter-output>
        </test-method> <!-- visualizar -->
        <test-method is-config="true" signature="afterClass()[pri:0, instance:com.timp.test.BCB.ParametrosGeraisHierarquia.Hierarquia.ParametrosGeraisHierarquiaVisualizar@73e9cf30]" started-at="2022-06-15T14:21:39 CST" name="afterClass" finished-at="2022-06-15T14:21:43 CST" duration-ms="4421" status="PASS">
          <reporter-output>
          </reporter-output>
        </test-method> <!-- afterClass -->
      </class> <!-- com.timp.test.BCB.ParametrosGeraisHierarquia.Hierarquia.ParametrosGeraisHierarquiaVisualizar -->
      <class name="com.timp.test.BCB.ParametrosGeraisHierarquia.Hierarquia.ParametrosGeraisHierarquiaRaiz">
        <test-method is-config="true" signature="beforeClass()[pri:0, instance:com.timp.test.BCB.ParametrosGeraisHierarquia.Hierarquia.ParametrosGeraisHierarquiaRaiz@771a660]" started-at="2022-06-15T14:21:43 CST" name="beforeClass" finished-at="2022-06-15T14:21:53 CST" duration-ms="10400" status="PASS">
          <reporter-output>
          </reporter-output>
        </test-method> <!-- beforeClass -->
        <test-method signature="criarConfiguracao()[pri:0, instance:com.timp.test.BCB.ParametrosGeraisHierarquia.Hierarquia.ParametrosGeraisHierarquiaRaiz@771a660]" started-at="2022-06-15T14:21:53 CST" name="criarConfiguracao" finished-at="2022-06-15T14:22:53 CST" duration-ms="59316" status="PASS">
          <reporter-output>
          </reporter-output>
        </test-method> <!-- criarConfiguracao -->
        <test-method is-config="true" signature="afterClass()[pri:0, instance:com.timp.test.BCB.ParametrosGeraisHierarquia.Hierarquia.ParametrosGeraisHierarquiaRaiz@771a660]" started-at="2022-06-15T14:22:53 CST" name="afterClass" finished-at="2022-06-15T14:22:53 CST" duration-ms="0" status="PASS">
          <reporter-output>
          </reporter-output>
        </test-method> <!-- afterClass -->
      </class> <!-- com.timp.test.BCB.ParametrosGeraisHierarquia.Hierarquia.ParametrosGeraisHierarquiaRaiz -->
      <class name="com.timp.test.BCB.ParametrosGeraisHierarquia.Hierarquia.ParametrosGeraisHierarquiaCriarComCópia">
        <test-method is-config="true" signature="beforeClass()[pri:0, instance:com.timp.test.BCB.ParametrosGeraisHierarquia.Hierarquia.ParametrosGeraisHierarquiaCriarComCópia@7db12bb6]" started-at="2022-06-15T14:13:31 CST" name="beforeClass" finished-at="2022-06-15T14:13:43 CST" duration-ms="12178" status="PASS">
          <reporter-output>
          </reporter-output>
        </test-method> <!-- beforeClass -->
        <test-method signature="criarConfiguracaoHierarquia()[pri:0, instance:com.timp.test.BCB.ParametrosGeraisHierarquia.Hierarquia.ParametrosGeraisHierarquiaCriarComCópia@7db12bb6]" started-at="2022-06-15T14:13:43 CST" name="criarConfiguracaoHierarquia" finished-at="2022-06-15T14:15:13 CST" duration-ms="90170" status="PASS">
          <reporter-output>
          </reporter-output>
        </test-method> <!-- criarConfiguracaoHierarquia -->
        <test-method signature="Excluir()[pri:1, instance:com.timp.test.BCB.ParametrosGeraisHierarquia.Hierarquia.ParametrosGeraisHierarquiaCriarComCópia@7db12bb6]" started-at="2022-06-15T14:15:13 CST" name="Excluir" finished-at="2022-06-15T14:15:56 CST" duration-ms="43318" status="PASS">
          <reporter-output>
          </reporter-output>
        </test-method> <!-- Excluir -->
        <test-method signature="Lixeria()[pri:2, instance:com.timp.test.BCB.ParametrosGeraisHierarquia.Hierarquia.ParametrosGeraisHierarquiaCriarComCópia@7db12bb6]" started-at="2022-06-15T14:15:56 CST" name="Lixeria" finished-at="2022-06-15T14:16:52 CST" duration-ms="55090" status="PASS">
          <reporter-output>
          </reporter-output>
        </test-method> <!-- Lixeria -->
        <test-method is-config="true" signature="afterClass()[pri:0, instance:com.timp.test.BCB.ParametrosGeraisHierarquia.Hierarquia.ParametrosGeraisHierarquiaCriarComCópia@7db12bb6]" started-at="2022-06-15T14:16:52 CST" name="afterClass" finished-at="2022-06-15T14:16:52 CST" duration-ms="39" status="PASS">
          <reporter-output>
          </reporter-output>
        </test-method> <!-- afterClass -->
      </class> <!-- com.timp.test.BCB.ParametrosGeraisHierarquia.Hierarquia.ParametrosGeraisHierarquiaCriarComCópia -->
      <class name="com.timp.test.BCB.ParametrosGeraisHierarquia.Hierarquia.ParametrosGeraisHierarquiaEditar">
        <test-method is-config="true" signature="beforeClass()[pri:0, instance:com.timp.test.BCB.ParametrosGeraisHierarquia.Hierarquia.ParametrosGeraisHierarquiaEditar@783a467b]" started-at="2022-06-15T14:16:52 CST" name="beforeClass" finished-at="2022-06-15T14:17:02 CST" duration-ms="10225" status="PASS">
          <reporter-output>
          </reporter-output>
        </test-method> <!-- beforeClass -->
        <test-method signature="editar()[pri:0, instance:com.timp.test.BCB.ParametrosGeraisHierarquia.Hierarquia.ParametrosGeraisHierarquiaEditar@783a467b]" started-at="2022-06-15T14:17:02 CST" name="editar" finished-at="2022-06-15T14:18:58 CST" duration-ms="116039" status="PASS">
          <reporter-output>
          </reporter-output>
        </test-method> <!-- editar -->
        <test-method is-config="true" signature="afterClass()[pri:0, instance:com.timp.test.BCB.ParametrosGeraisHierarquia.Hierarquia.ParametrosGeraisHierarquiaEditar@783a467b]" started-at="2022-06-15T14:18:58 CST" name="afterClass" finished-at="2022-06-15T14:19:02 CST" duration-ms="4430" status="PASS">
          <reporter-output>
          </reporter-output>
        </test-method> <!-- afterClass -->
      </class> <!-- com.timp.test.BCB.ParametrosGeraisHierarquia.Hierarquia.ParametrosGeraisHierarquiaEditar -->
      <class name="com.timp.test.BCB.ParametrosGeraisHierarquia.Hierarquia.ParametrosGeraisHierarquiaDetalhe">
        <test-method is-config="true" signature="beforeClass()[pri:0, instance:com.timp.test.BCB.ParametrosGeraisHierarquia.Hierarquia.ParametrosGeraisHierarquiaDetalhe@272113c4]" started-at="2022-06-15T14:19:02 CST" name="beforeClass" finished-at="2022-06-15T14:19:13 CST" duration-ms="10377" status="PASS">
          <reporter-output>
          </reporter-output>
        </test-method> <!-- beforeClass -->
        <test-method signature="criarConfiguracaoHierarquia()[pri:0, instance:com.timp.test.BCB.ParametrosGeraisHierarquia.Hierarquia.ParametrosGeraisHierarquiaDetalhe@272113c4]" started-at="2022-06-15T14:19:13 CST" name="criarConfiguracaoHierarquia" finished-at="2022-06-15T14:20:21 CST" duration-ms="67940" status="PASS">
          <reporter-output>
          </reporter-output>
        </test-method> <!-- criarConfiguracaoHierarquia -->
        <test-method is-config="true" signature="afterClass()[pri:0, instance:com.timp.test.BCB.ParametrosGeraisHierarquia.Hierarquia.ParametrosGeraisHierarquiaDetalhe@272113c4]" started-at="2022-06-15T14:20:21 CST" name="afterClass" finished-at="2022-06-15T14:20:21 CST" duration-ms="57" status="PASS">
          <reporter-output>
          </reporter-output>
        </test-method> <!-- afterClass -->
      </class> <!-- com.timp.test.BCB.ParametrosGeraisHierarquia.Hierarquia.ParametrosGeraisHierarquiaDetalhe -->
      <class name="com.timp.test.BCB.ParametrosGeraisHierarquia.Hierarquia.ParametrosGeraisHierarquiaCriar">
        <test-method is-config="true" signature="beforeClass()[pri:0, instance:com.timp.test.BCB.ParametrosGeraisHierarquia.Hierarquia.ParametrosGeraisHierarquiaCriar@13fd2ccd]" started-at="2022-06-15T14:11:03 CST" name="beforeClass" finished-at="2022-06-15T14:11:14 CST" duration-ms="11020" status="PASS">
          <reporter-output>
          </reporter-output>
        </test-method> <!-- beforeClass -->
        <test-method signature="criarConfiguracaoHierarquia()[pri:0, instance:com.timp.test.BCB.ParametrosGeraisHierarquia.Hierarquia.ParametrosGeraisHierarquiaCriar@13fd2ccd]" started-at="2022-06-15T14:11:14 CST" name="criarConfiguracaoHierarquia" finished-at="2022-06-15T14:13:26 CST" duration-ms="132669" status="PASS">
          <reporter-output>
          </reporter-output>
        </test-method> <!-- criarConfiguracaoHierarquia -->
        <test-method is-config="true" signature="afterClass()[pri:0, instance:com.timp.test.BCB.ParametrosGeraisHierarquia.Hierarquia.ParametrosGeraisHierarquiaCriar@13fd2ccd]" started-at="2022-06-15T14:13:26 CST" name="afterClass" finished-at="2022-06-15T14:13:31 CST" duration-ms="4394" status="PASS">
          <reporter-output>
          </reporter-output>
        </test-method> <!-- afterClass -->
      </class> <!-- com.timp.test.BCB.ParametrosGeraisHierarquia.Hierarquia.ParametrosGeraisHierarquiaCriar -->
    </test> <!-- Parametros Gerais Hierarquia -->
    <test started-at="2022-06-15T14:22:53 CST" name="Parametros Gerais Configuracao Configuracao" finished-at="2022-06-15T14:47:52 CST" duration-ms="1499440">
      <class name="com.timp.test.BCB.ParametrosGeraisConfiguracao.Configuracao.ParametrosGeraisConfiguraçãoConfiguraçãoCriar">
        <test-method is-config="true" signature="beforeClass()[pri:0, instance:com.timp.test.BCB.ParametrosGeraisConfiguracao.Configuracao.ParametrosGeraisConfiguraçãoConfiguraçãoCriar@2e8c1c9b]" started-at="2022-06-15T14:22:53 CST" name="beforeClass" finished-at="2022-06-15T14:23:03 CST" duration-ms="10152" status="PASS">
          <reporter-output>
          </reporter-output>
        </test-method> <!-- beforeClass -->
        <test-method signature="criarConfiguracao()[pri:0, instance:com.timp.test.BCB.ParametrosGeraisConfiguracao.Configuracao.ParametrosGeraisConfiguraçãoConfiguraçãoCriar@2e8c1c9b]" started-at="2022-06-15T14:23:03 CST" name="criarConfiguracao" finished-at="2022-06-15T14:25:31 CST" duration-ms="148413" status="PASS">
          <reporter-output>
          </reporter-output>
        </test-method> <!-- criarConfiguracao -->
        <test-method is-config="true" signature="afterClass()[pri:0, instance:com.timp.test.BCB.ParametrosGeraisConfiguracao.Configuracao.ParametrosGeraisConfiguraçãoConfiguraçãoCriar@2e8c1c9b]" started-at="2022-06-15T14:25:31 CST" name="afterClass" finished-at="2022-06-15T14:25:36 CST" duration-ms="4395" status="PASS">
          <reporter-output>
          </reporter-output>
        </test-method> <!-- afterClass -->
      </class> <!-- com.timp.test.BCB.ParametrosGeraisConfiguracao.Configuracao.ParametrosGeraisConfiguraçãoConfiguraçãoCriar -->
      <class name="com.timp.test.BCB.ParametrosGeraisConfiguracao.Configuracao.ParametrosGeraisConfiguraçãoConfiguraçãoCriarComCópia">
        <test-method is-config="true" signature="beforeClass()[pri:0, instance:com.timp.test.BCB.ParametrosGeraisConfiguracao.Configuracao.ParametrosGeraisConfiguraçãoConfiguraçãoCriarComCópia@1530c739]" started-at="2022-06-15T14:25:36 CST" name="beforeClass" finished-at="2022-06-15T14:25:46 CST" duration-ms="10159" status="PASS">
          <reporter-output>
          </reporter-output>
        </test-method> <!-- beforeClass -->
        <test-method signature="criarConfiguracaoHierarquia()[pri:0, instance:com.timp.test.BCB.ParametrosGeraisConfiguracao.Configuracao.ParametrosGeraisConfiguraçãoConfiguraçãoCriarComCópia@1530c739]" started-at="2022-06-15T14:25:46 CST" name="criarConfiguracaoHierarquia" finished-at="2022-06-15T14:28:02 CST" duration-ms="136505" status="PASS">
          <reporter-output>
          </reporter-output>
        </test-method> <!-- criarConfiguracaoHierarquia -->
        <test-method signature="excluirr()[pri:0, instance:com.timp.test.BCB.ParametrosGeraisConfiguracao.Configuracao.ParametrosGeraisConfiguraçãoConfiguraçãoCriarComCópia@1530c739]" started-at="2022-06-15T14:28:03 CST" name="excluirr" finished-at="2022-06-15T14:29:00 CST" depends-on-methods="com.timp.test.BCB.ParametrosGeraisConfiguracao.Configuracao.ParametrosGeraisConfiguraçãoConfiguraçãoCriarComCópia.criarConfiguracaoHierarquia" duration-ms="57238" status="PASS">
          <reporter-output>
          </reporter-output>
        </test-method> <!-- excluirr -->
        <test-method is-config="true" signature="afterClass()[pri:0, instance:com.timp.test.BCB.ParametrosGeraisConfiguracao.Configuracao.ParametrosGeraisConfiguraçãoConfiguraçãoCriarComCópia@1530c739]" started-at="2022-06-15T14:29:00 CST" name="afterClass" finished-at="2022-06-15T14:29:04 CST" duration-ms="4389" status="PASS">
          <reporter-output>
          </reporter-output>
        </test-method> <!-- afterClass -->
      </class> <!-- com.timp.test.BCB.ParametrosGeraisConfiguracao.Configuracao.ParametrosGeraisConfiguraçãoConfiguraçãoCriarComCópia -->
      <class name="com.timp.test.BCB.ParametrosGeraisConfiguracao.Configuracao.ParametrosGeraisConfiguraçãoConfiguraçãoVisualizar">
        <test-method is-config="true" signature="beforeClass()[pri:0, instance:com.timp.test.BCB.ParametrosGeraisConfiguracao.Configuracao.ParametrosGeraisConfiguraçãoConfiguraçãoVisualizar@6e9175d8]" started-at="2022-06-15T14:33:59 CST" name="beforeClass" finished-at="2022-06-15T14:34:10 CST" duration-ms="11288" status="PASS">
          <reporter-output>
          </reporter-output>
        </test-method> <!-- beforeClass -->
        <test-method signature="visualizar()[pri:0, instance:com.timp.test.BCB.ParametrosGeraisConfiguracao.Configuracao.ParametrosGeraisConfiguraçãoConfiguraçãoVisualizar@6e9175d8]" started-at="2022-06-15T14:34:10 CST" name="visualizar" finished-at="2022-06-15T14:36:10 CST" duration-ms="120232" status="PASS">
          <reporter-output>
          </reporter-output>
        </test-method> <!-- visualizar -->
        <test-method is-config="true" signature="afterClass()[pri:0, instance:com.timp.test.BCB.ParametrosGeraisConfiguracao.Configuracao.ParametrosGeraisConfiguraçãoConfiguraçãoVisualizar@6e9175d8]" started-at="2022-06-15T14:36:10 CST" name="afterClass" finished-at="2022-06-15T14:36:10 CST" duration-ms="1" status="PASS">
          <reporter-output>
          </reporter-output>
        </test-method> <!-- afterClass -->
      </class> <!-- com.timp.test.BCB.ParametrosGeraisConfiguracao.Configuracao.ParametrosGeraisConfiguraçãoConfiguraçãoVisualizar -->
      <class name="com.timp.test.BCB.ParametrosGeraisConfiguracao.Configuracao.ParametrosGeraisConfiguraçãoConfiguraçãoFavoritos">
        <test-method is-config="true" signature="beforeClass()[pri:0, instance:com.timp.test.BCB.ParametrosGeraisConfiguracao.Configuracao.ParametrosGeraisConfiguraçãoConfiguraçãoFavoritos@15bb5034]" started-at="2022-06-15T14:37:59 CST" name="beforeClass" finished-at="2022-06-15T14:38:24 CST" duration-ms="25125" status="PASS">
          <reporter-output>
          </reporter-output>
        </test-method> <!-- beforeClass -->
        <test-method signature="criarConfiguracao()[pri:0, instance:com.timp.test.BCB.ParametrosGeraisConfiguracao.Configuracao.ParametrosGeraisConfiguraçãoConfiguraçãoFavoritos@15bb5034]" started-at="2022-06-15T14:38:24 CST" name="criarConfiguracao" finished-at="2022-06-15T14:40:30 CST" duration-ms="126242" status="PASS">
          <reporter-output>
          </reporter-output>
        </test-method> <!-- criarConfiguracao -->
        <test-method is-config="true" signature="afterClass()[pri:0, instance:com.timp.test.BCB.ParametrosGeraisConfiguracao.Configuracao.ParametrosGeraisConfiguraçãoConfiguraçãoFavoritos@15bb5034]" started-at="2022-06-15T14:40:30 CST" name="afterClass" finished-at="2022-06-15T14:40:35 CST" duration-ms="4432" status="PASS">
          <reporter-output>
          </reporter-output>
        </test-method> <!-- afterClass -->
      </class> <!-- com.timp.test.BCB.ParametrosGeraisConfiguracao.Configuracao.ParametrosGeraisConfiguraçãoConfiguraçãoFavoritos -->
      <class name="com.timp.test.BCB.ParametrosGeraisConfiguracao.Configuracao.ParametrosGeraisConfiguraçãoConfiguraçãoFiltrosAvancados">
        <test-method is-config="true" signature="beforeClass()[pri:0, instance:com.timp.test.BCB.ParametrosGeraisConfiguracao.Configuracao.ParametrosGeraisConfiguraçãoConfiguraçãoFiltrosAvancados@4b741d6d]" started-at="2022-06-15T14:40:35 CST" name="beforeClass" finished-at="2022-06-15T14:40:48 CST" duration-ms="13813" status="PASS">
          <reporter-output>
          </reporter-output>
        </test-method> <!-- beforeClass -->
        <test-method signature="criarConfiguracao()[pri:0, instance:com.timp.test.BCB.ParametrosGeraisConfiguracao.Configuracao.ParametrosGeraisConfiguraçãoConfiguraçãoFiltrosAvancados@4b741d6d]" started-at="2022-06-15T14:40:48 CST" name="criarConfiguracao" finished-at="2022-06-15T14:43:24 CST" duration-ms="156151" status="PASS">
          <reporter-output>
          </reporter-output>
        </test-method> <!-- criarConfiguracao -->
        <test-method is-config="true" signature="afterClass()[pri:0, instance:com.timp.test.BCB.ParametrosGeraisConfiguracao.Configuracao.ParametrosGeraisConfiguraçãoConfiguraçãoFiltrosAvancados@4b741d6d]" started-at="2022-06-15T14:43:24 CST" name="afterClass" finished-at="2022-06-15T14:43:29 CST" duration-ms="4410" status="PASS">
          <reporter-output>
          </reporter-output>
        </test-method> <!-- afterClass -->
      </class> <!-- com.timp.test.BCB.ParametrosGeraisConfiguracao.Configuracao.ParametrosGeraisConfiguraçãoConfiguraçãoFiltrosAvancados -->
      <class name="com.timp.test.BCB.ParametrosGeraisConfiguracao.Configuracao.ParametrosGeraisConfiguraçãoConfiguraçãoRaiz">
        <test-method is-config="true" signature="beforeClass()[pri:0, instance:com.timp.test.BCB.ParametrosGeraisConfiguracao.Configuracao.ParametrosGeraisConfiguraçãoConfiguraçãoRaiz@7d0b7e3c]" started-at="2022-06-15T14:36:10 CST" name="beforeClass" finished-at="2022-06-15T14:36:42 CST" duration-ms="32107" status="PASS">
          <reporter-output>
          </reporter-output>
        </test-method> <!-- beforeClass -->
        <test-method signature="criarConfiguracao()[pri:0, instance:com.timp.test.BCB.ParametrosGeraisConfiguracao.Configuracao.ParametrosGeraisConfiguraçãoConfiguraçãoRaiz@7d0b7e3c]" started-at="2022-06-15T14:36:42 CST" name="criarConfiguracao" finished-at="2022-06-15T14:37:54 CST" duration-ms="71892" status="PASS">
          <reporter-output>
          </reporter-output>
        </test-method> <!-- criarConfiguracao -->
        <test-method is-config="true" signature="afterClass()[pri:0, instance:com.timp.test.BCB.ParametrosGeraisConfiguracao.Configuracao.ParametrosGeraisConfiguraçãoConfiguraçãoRaiz@7d0b7e3c]" started-at="2022-06-15T14:37:54 CST" name="afterClass" finished-at="2022-06-15T14:37:59 CST" duration-ms="4413" status="PASS">
          <reporter-output>
          </reporter-output>
        </test-method> <!-- afterClass -->
      </class> <!-- com.timp.test.BCB.ParametrosGeraisConfiguracao.Configuracao.ParametrosGeraisConfiguraçãoConfiguraçãoRaiz -->
      <class name="com.timp.test.BCB.ParametrosGeraisConfiguracao.Configuracao.ParametrosGeraisConfiguraçãoConfiguraçãoLixeiraExcluirDefinitivamente">
        <test-method is-config="true" signature="beforeClass()[pri:0, instance:com.timp.test.BCB.ParametrosGeraisConfiguracao.Configuracao.ParametrosGeraisConfiguraçãoConfiguraçãoLixeiraExcluirDefinitivamente@2eae8e6e]" started-at="2022-06-15T14:43:29 CST" name="beforeClass" finished-at="2022-06-15T14:43:39 CST" duration-ms="10337" status="PASS">
          <reporter-output>
          </reporter-output>
        </test-method> <!-- beforeClass -->
        <test-method signature="criarConfiguracao()[pri:2, instance:com.timp.test.BCB.ParametrosGeraisConfiguracao.Configuracao.ParametrosGeraisConfiguraçãoConfiguraçãoLixeiraExcluirDefinitivamente@2eae8e6e]" started-at="2022-06-15T14:43:39 CST" name="criarConfiguracao" finished-at="2022-06-15T14:47:48 CST" duration-ms="248686" status="PASS">
          <reporter-output>
          </reporter-output>
        </test-method> <!-- criarConfiguracao -->
        <test-method is-config="true" signature="afterClass()[pri:0, instance:com.timp.test.BCB.ParametrosGeraisConfiguracao.Configuracao.ParametrosGeraisConfiguraçãoConfiguraçãoLixeiraExcluirDefinitivamente@2eae8e6e]" started-at="2022-06-15T14:47:48 CST" name="afterClass" finished-at="2022-06-15T14:47:52 CST" duration-ms="4402" status="PASS">
          <reporter-output>
          </reporter-output>
        </test-method> <!-- afterClass -->
      </class> <!-- com.timp.test.BCB.ParametrosGeraisConfiguracao.Configuracao.ParametrosGeraisConfiguraçãoConfiguraçãoLixeiraExcluirDefinitivamente -->
      <class name="com.timp.test.BCB.ParametrosGeraisConfiguracao.Configuracao.ParametrosGeraisConfiguraçãoConfiguraçãoDetalhes">
        <test-method is-config="true" signature="beforeClass()[pri:0, instance:com.timp.test.BCB.ParametrosGeraisConfiguracao.Configuracao.ParametrosGeraisConfiguraçãoConfiguraçãoDetalhes@78e4deb0]" started-at="2022-06-15T14:31:44 CST" name="beforeClass" finished-at="2022-06-15T14:31:57 CST" duration-ms="12654" status="PASS">
          <reporter-output>
          </reporter-output>
        </test-method> <!-- beforeClass -->
        <test-method signature="detalhes()[pri:0, instance:com.timp.test.BCB.ParametrosGeraisConfiguracao.Configuracao.ParametrosGeraisConfiguraçãoConfiguraçãoDetalhes@78e4deb0]" started-at="2022-06-15T14:31:57 CST" name="detalhes" finished-at="2022-06-15T14:33:59 CST" duration-ms="121655" status="PASS">
          <reporter-output>
          </reporter-output>
        </test-method> <!-- detalhes -->
        <test-method is-config="true" signature="afterClass()[pri:0, instance:com.timp.test.BCB.ParametrosGeraisConfiguracao.Configuracao.ParametrosGeraisConfiguraçãoConfiguraçãoDetalhes@78e4deb0]" started-at="2022-06-15T14:33:59 CST" name="afterClass" finished-at="2022-06-15T14:33:59 CST" duration-ms="1" status="PASS">
          <reporter-output>
          </reporter-output>
        </test-method> <!-- afterClass -->
      </class> <!-- com.timp.test.BCB.ParametrosGeraisConfiguracao.Configuracao.ParametrosGeraisConfiguraçãoConfiguraçãoDetalhes -->
      <class name="com.timp.test.BCB.ParametrosGeraisConfiguracao.Configuracao.ParametrosGeraisConfiguraçãoConfiguraçãoEditar">
        <test-method is-config="true" signature="beforeClass()[pri:0, instance:com.timp.test.BCB.ParametrosGeraisConfiguracao.Configuracao.ParametrosGeraisConfiguraçãoConfiguraçãoEditar@5b1669c0]" started-at="2022-06-15T14:29:04 CST" name="beforeClass" finished-at="2022-06-15T14:29:14 CST" duration-ms="10139" status="PASS">
          <reporter-output>
          </reporter-output>
        </test-method> <!-- beforeClass -->
        <test-method signature="editar()[pri:0, instance:com.timp.test.BCB.ParametrosGeraisConfiguracao.Configuracao.ParametrosGeraisConfiguraçãoConfiguraçãoEditar@5b1669c0]" started-at="2022-06-15T14:29:14 CST" name="editar" finished-at="2022-06-15T14:31:44 CST" duration-ms="150187" status="PASS">
          <reporter-output>
          </reporter-output>
        </test-method> <!-- editar -->
        <test-method is-config="true" signature="afterClass()[pri:0, instance:com.timp.test.BCB.ParametrosGeraisConfiguracao.Configuracao.ParametrosGeraisConfiguraçãoConfiguraçãoEditar@5b1669c0]" started-at="2022-06-15T14:31:44 CST" name="afterClass" finished-at="2022-06-15T14:31:44 CST" duration-ms="0" status="PASS">
          <reporter-output>
          </reporter-output>
        </test-method> <!-- afterClass -->
      </class> <!-- com.timp.test.BCB.ParametrosGeraisConfiguracao.Configuracao.ParametrosGeraisConfiguraçãoConfiguraçãoEditar -->
    </test> <!-- Parametros Gerais Configuracao Configuracao -->
    <test started-at="2022-06-15T14:47:52 CST" name="Parametros Gerais Hierarquia Excluir" finished-at="2022-06-15T14:55:03 CST" duration-ms="430456">
      <class name="com.timp.test.BCB.ParametrosGeraisHierarquia.Hierarquia.ParametrosGeraisHierarquiaExcluirSelectFlag">
        <test-method is-config="true" signature="beforeClass()[pri:0, instance:com.timp.test.BCB.ParametrosGeraisHierarquia.Hierarquia.ParametrosGeraisHierarquiaExcluirSelectFlag@563f38c4]" started-at="2022-06-15T14:47:52 CST" name="beforeClass" finished-at="2022-06-15T14:48:27 CST" duration-ms="34583" status="PASS">
          <reporter-output>
          </reporter-output>
        </test-method> <!-- beforeClass -->
        <test-method signature="excluir()[pri:0, instance:com.timp.test.BCB.ParametrosGeraisHierarquia.Hierarquia.ParametrosGeraisHierarquiaExcluirSelectFlag@563f38c4]" started-at="2022-06-15T14:48:27 CST" name="excluir" finished-at="2022-06-15T14:53:27 CST" duration-ms="300584" status="PASS">
          <reporter-output>
          </reporter-output>
        </test-method> <!-- excluir -->
        <test-method is-config="true" signature="afterClass()[pri:0, instance:com.timp.test.BCB.ParametrosGeraisHierarquia.Hierarquia.ParametrosGeraisHierarquiaExcluirSelectFlag@563f38c4]" started-at="2022-06-15T14:53:27 CST" name="afterClass" finished-at="2022-06-15T14:53:32 CST" duration-ms="4470" status="PASS">
          <reporter-output>
          </reporter-output>
        </test-method> <!-- afterClass -->
      </class> <!-- com.timp.test.BCB.ParametrosGeraisHierarquia.Hierarquia.ParametrosGeraisHierarquiaExcluirSelectFlag -->
      <class name="com.timp.test.BCB.ParametrosGeraisHierarquia.Hierarquia.ParametrosGeraisHierarquiaLixeira">
        <test-method is-config="true" signature="beforeClass()[pri:0, instance:com.timp.test.BCB.ParametrosGeraisHierarquia.Hierarquia.ParametrosGeraisHierarquiaLixeira@543295b0]" started-at="2022-06-15T14:53:32 CST" name="beforeClass" finished-at="2022-06-15T14:53:42 CST" duration-ms="10479" status="PASS">
          <reporter-output>
          </reporter-output>
        </test-method> <!-- beforeClass -->
        <test-method signature="excluir()[pri:0, instance:com.timp.test.BCB.ParametrosGeraisHierarquia.Hierarquia.ParametrosGeraisHierarquiaLixeira@543295b0]" started-at="2022-06-15T14:53:42 CST" name="excluir" finished-at="2022-06-15T14:55:03 CST" duration-ms="80338" status="PASS">
          <reporter-output>
          </reporter-output>
        </test-method> <!-- excluir -->
        <test-method is-config="true" signature="afterClass()[pri:0, instance:com.timp.test.BCB.ParametrosGeraisHierarquia.Hierarquia.ParametrosGeraisHierarquiaLixeira@543295b0]" started-at="2022-06-15T14:55:03 CST" name="afterClass" finished-at="2022-06-15T14:55:03 CST" duration-ms="0" status="PASS">
          <reporter-output>
          </reporter-output>
        </test-method> <!-- afterClass -->
      </class> <!-- com.timp.test.BCB.ParametrosGeraisHierarquia.Hierarquia.ParametrosGeraisHierarquiaLixeira -->
    </test> <!-- Parametros Gerais Hierarquia Excluir -->
  </suite> <!-- Suite -->
</testng-results>
