<?xml version="1.0" encoding="UTF-8"?>
<testng-results ignored="0" total="3" passed="3" failed="0" skipped="0">
  <reporter-output>
  </reporter-output>
  <suite started-at="2021-02-19T21:37:43Z" name="Default suite" finished-at="2021-02-19T21:39:25Z" duration-ms="102104">
    <groups>
    </groups>
    <test started-at="2021-02-19T21:37:43Z" name="Default test" finished-at="2021-02-19T21:39:25Z" duration-ms="102104">
      <class name="com.timp.test.BRE.Lixeira.ParametrosGerais.LixeiraExcluir">
        <test-method is-config="true" signature="beforeClass()[pri:0, instance:com.timp.test.BRE.Lixeira.ParametrosGerais.LixeiraExcluir@3d246ea3]" started-at="2021-02-19T21:37:43Z" name="beforeClass" finished-at="2021-02-19T21:37:59Z" duration-ms="15896" status="PASS">
          <reporter-output>
          </reporter-output>
        </test-method> <!-- beforeClass -->
        <test-method signature="login()[pri:0, instance:com.timp.test.BRE.Lixeira.ParametrosGerais.LixeiraExcluir@3d246ea3]" started-at="2021-02-19T21:37:59Z" name="login" finished-at="2021-02-19T21:38:08Z" duration-ms="8890" status="PASS">
          <reporter-output>
          </reporter-output>
        </test-method> <!-- login -->
        <test-method signature="acessarBRE()[pri:1, instance:com.timp.test.BRE.Lixeira.ParametrosGerais.LixeiraExcluir@3d246ea3]" started-at="2021-02-19T21:38:08Z" name="acessarBRE" finished-at="2021-02-19T21:38:25Z" duration-ms="17214" status="PASS">
          <reporter-output>
          </reporter-output>
        </test-method> <!-- acessarBRE -->
        <test-method signature="criar()[pri:2, instance:com.timp.test.BRE.Lixeira.ParametrosGerais.LixeiraExcluir@3d246ea3]" started-at="2021-02-19T21:38:25Z" name="criar" finished-at="2021-02-19T21:39:25Z" duration-ms="60001" status="PASS">
          <reporter-output>
          </reporter-output>
        </test-method> <!-- criar -->
        <test-method is-config="true" signature="afterClass()[pri:0, instance:com.timp.test.BRE.Lixeira.ParametrosGerais.LixeiraExcluir@3d246ea3]" started-at="2021-02-19T21:39:25Z" name="afterClass" finished-at="2021-02-19T21:39:25Z" duration-ms="0" status="PASS">
          <reporter-output>
          </reporter-output>
        </test-method> <!-- afterClass -->
      </class> <!-- com.timp.test.BRE.Lixeira.ParametrosGerais.LixeiraExcluir -->
    </test> <!-- Default test -->
  </suite> <!-- Default suite -->
</testng-results>
