<?xml version="1.0" encoding="UTF-8"?>
<testng-results ignored="0" total="5" passed="5" failed="0" skipped="0">
  <reporter-output>
  </reporter-output>
  <suite started-at="2023-06-05T21:44:50 UTC" name="Default suite" finished-at="2023-06-05T21:48:52 UTC" duration-ms="241929">
    <groups>
    </groups>
    <test started-at="2023-06-05T21:44:50 UTC" name="Default test" finished-at="2023-06-05T21:48:52 UTC" duration-ms="241929">
      <class name="com.timp.test.ADM.Configuracao.ConfiguracaoDeTributos.ConfiguracaoDeTipoTributo.ConfiguracaoDeTipoTributotodasFunc">
        <test-method is-config="true" signature="beforeClass()[pri:0, instance:com.timp.test.ADM.Configuracao.ConfiguracaoDeTributos.ConfiguracaoDeTipoTributo.ConfiguracaoDeTipoTributotodasFunc@7c711375]" started-at="2023-06-05T21:44:50 UTC" name="beforeClass" finished-at="2023-06-05T21:44:53 UTC" duration-ms="2931" status="PASS">
          <reporter-output>
          </reporter-output>
        </test-method> <!-- beforeClass -->
        <test-method signature="criar()[pri:0, instance:com.timp.test.ADM.Configuracao.ConfiguracaoDeTributos.ConfiguracaoDeTipoTributo.ConfiguracaoDeTipoTributotodasFunc@7c711375]" started-at="2023-06-05T21:44:53 UTC" name="criar" finished-at="2023-06-05T21:45:59 UTC" duration-ms="65848" status="PASS">
          <reporter-output>
          </reporter-output>
        </test-method> <!-- criar -->
        <test-method signature="editar()[pri:1, instance:com.timp.test.ADM.Configuracao.ConfiguracaoDeTributos.ConfiguracaoDeTipoTributo.ConfiguracaoDeTipoTributotodasFunc@7c711375]" started-at="2023-06-05T21:45:59 UTC" name="editar" finished-at="2023-06-05T21:46:38 UTC" duration-ms="39459" status="PASS">
          <reporter-output>
          </reporter-output>
        </test-method> <!-- editar -->
        <test-method signature="filtro()[pri:2, instance:com.timp.test.ADM.Configuracao.ConfiguracaoDeTributos.ConfiguracaoDeTipoTributo.ConfiguracaoDeTipoTributotodasFunc@7c711375]" started-at="2023-06-05T21:46:38 UTC" name="filtro" finished-at="2023-06-05T21:47:20 UTC" duration-ms="42202" status="PASS">
          <reporter-output>
          </reporter-output>
        </test-method> <!-- filtro -->
        <test-method signature="Visualizar()[pri:3, instance:com.timp.test.ADM.Configuracao.ConfiguracaoDeTributos.ConfiguracaoDeTipoTributo.ConfiguracaoDeTipoTributotodasFunc@7c711375]" started-at="2023-06-05T21:47:20 UTC" name="Visualizar" finished-at="2023-06-05T21:48:15 UTC" duration-ms="54852" status="PASS">
          <reporter-output>
          </reporter-output>
        </test-method> <!-- Visualizar -->
        <test-method signature="excluir()[pri:4, instance:com.timp.test.ADM.Configuracao.ConfiguracaoDeTributos.ConfiguracaoDeTipoTributo.ConfiguracaoDeTipoTributotodasFunc@7c711375]" started-at="2023-06-05T21:48:15 UTC" name="excluir" finished-at="2023-06-05T21:48:52 UTC" duration-ms="36594" status="PASS">
          <reporter-output>
          </reporter-output>
        </test-method> <!-- excluir -->
        <test-method is-config="true" signature="afterClass()[pri:0, instance:com.timp.test.ADM.Configuracao.ConfiguracaoDeTributos.ConfiguracaoDeTipoTributo.ConfiguracaoDeTipoTributotodasFunc@7c711375]" started-at="2023-06-05T21:48:52 UTC" name="afterClass" finished-at="2023-06-05T21:48:52 UTC" duration-ms="1" status="PASS">
          <reporter-output>
          </reporter-output>
        </test-method> <!-- afterClass -->
      </class> <!-- com.timp.test.ADM.Configuracao.ConfiguracaoDeTributos.ConfiguracaoDeTipoTributo.ConfiguracaoDeTipoTributotodasFunc -->
    </test> <!-- Default test -->
  </suite> <!-- Default suite -->
</testng-results>
