<?xml version="1.0" encoding="UTF-8"?>
<testng-results ignored="0" total="3" passed="3" failed="0" skipped="0">
  <reporter-output>
  </reporter-output>
  <suite started-at="2021-08-27T14:34:21Z" name="Default suite" finished-at="2021-08-27T14:35:20Z" duration-ms="59336">
    <groups>
    </groups>
    <test started-at="2021-08-27T14:34:21Z" name="Default test" finished-at="2021-08-27T14:35:20Z" duration-ms="59336">
      <class name="com.timp.test.BPMA.AtivadorDeProcessos.AtivadorDeProcessosPesquisaPorNomeDoProcesso">
        <test-method is-config="true" signature="beforeClass()[pri:0, instance:com.timp.test.BPMA.AtivadorDeProcessos.AtivadorDeProcessosPesquisaPorNomeDoProcesso@1838ccb8]" started-at="2021-08-27T14:34:21Z" name="beforeClass" finished-at="2021-08-27T14:34:42Z" duration-ms="21069" status="PASS">
          <reporter-output>
          </reporter-output>
        </test-method> <!-- beforeClass -->
        <test-method signature="login()[pri:0, instance:com.timp.test.BPMA.AtivadorDeProcessos.AtivadorDeProcessosPesquisaPorNomeDoProcesso@1838ccb8]" started-at="2021-08-27T14:34:42Z" name="login" finished-at="2021-08-27T14:34:50Z" duration-ms="7826" status="PASS">
          <reporter-output>
          </reporter-output>
        </test-method> <!-- login -->
        <test-method signature="acessarBPMA()[pri:1, instance:com.timp.test.BPMA.AtivadorDeProcessos.AtivadorDeProcessosPesquisaPorNomeDoProcesso@1838ccb8]" started-at="2021-08-27T14:34:50Z" name="acessarBPMA" finished-at="2021-08-27T14:35:09Z" duration-ms="19009" status="PASS">
          <reporter-output>
          </reporter-output>
        </test-method> <!-- acessarBPMA -->
        <test-method signature="criar()[pri:2, instance:com.timp.test.BPMA.AtivadorDeProcessos.AtivadorDeProcessosPesquisaPorNomeDoProcesso@1838ccb8]" started-at="2021-08-27T14:35:09Z" name="criar" finished-at="2021-08-27T14:35:20Z" duration-ms="11416" status="PASS">
          <reporter-output>
          </reporter-output>
        </test-method> <!-- criar -->
        <test-method is-config="true" signature="afterClass()[pri:0, instance:com.timp.test.BPMA.AtivadorDeProcessos.AtivadorDeProcessosPesquisaPorNomeDoProcesso@1838ccb8]" started-at="2021-08-27T14:35:20Z" name="afterClass" finished-at="2021-08-27T14:35:20Z" duration-ms="0" status="PASS">
          <reporter-output>
          </reporter-output>
        </test-method> <!-- afterClass -->
      </class> <!-- com.timp.test.BPMA.AtivadorDeProcessos.AtivadorDeProcessosPesquisaPorNomeDoProcesso -->
    </test> <!-- Default test -->
  </suite> <!-- Default suite -->
</testng-results>
