<?xml version="1.0" encoding="UTF-8"?>
<testng-results skipped="0" failed="0" total="3" passed="3">
  <reporter-output>
  </reporter-output>
  <suite name="Default suite" duration-ms="97419" started-at="2020-08-29T01:43:42Z" finished-at="2020-08-29T01:45:20Z">
    <groups>
    </groups>
    <test name="Default test" duration-ms="97419" started-at="2020-08-29T01:43:42Z" finished-at="2020-08-29T01:45:20Z">
      <class name="com.timp.test.MDR.SCANC.ProdutosSCANCDetalhes">
        <test-method status="PASS" signature="beforeClass()[pri:0, instance:com.timp.test.MDR.SCANC.ProdutosSCANCDetalhes@3b2cf7ab]" name="beforeClass" is-config="true" duration-ms="20244" started-at="2020-08-28T19:43:42Z" finished-at="2020-08-28T19:44:02Z">
          <reporter-output>
          </reporter-output>
        </test-method> <!-- beforeClass -->
        <test-method status="PASS" signature="login()[pri:0, instance:com.timp.test.MDR.SCANC.ProdutosSCANCDetalhes@3b2cf7ab]" name="login" duration-ms="11294" started-at="2020-08-28T19:44:02Z" finished-at="2020-08-28T19:44:14Z">
          <reporter-output>
          </reporter-output>
        </test-method> <!-- login -->
        <test-method status="PASS" signature="acessarMDR()[pri:0, instance:com.timp.test.MDR.SCANC.ProdutosSCANCDetalhes@3b2cf7ab]" name="acessarMDR" duration-ms="16101" started-at="2020-08-28T19:44:14Z" finished-at="2020-08-28T19:44:30Z">
          <reporter-output>
          </reporter-output>
        </test-method> <!-- acessarMDR -->
        <test-method status="PASS" signature="detalhes()[pri:0, instance:com.timp.test.MDR.SCANC.ProdutosSCANCDetalhes@3b2cf7ab]" name="detalhes" duration-ms="49747" started-at="2020-08-28T19:44:30Z" finished-at="2020-08-28T19:45:20Z">
          <reporter-output>
          </reporter-output>
        </test-method> <!-- detalhes -->
      </class> <!-- com.timp.test.MDR.SCANC.ProdutosSCANCDetalhes -->
    </test> <!-- Default test -->
  </suite> <!-- Default suite -->
</testng-results>
