<?xml version="1.0" encoding="UTF-8"?>
<testng-results ignored="0" total="32" passed="25" failed="6" skipped="1">
  <reporter-output>
  </reporter-output>
  <suite started-at="2023-03-23T01:49:46 UTC" name="Suite" finished-at="2023-03-23T02:55:19 UTC" duration-ms="3932653">
    <groups>
    </groups>
    <test started-at="2023-03-23T01:49:46 UTC" name="Novo Relatorio" finished-at="2023-03-23T01:54:04 UTC" duration-ms="258424">
      <class name="com.timp.test.BRB.NovoRelatorio">
        <test-method is-config="true" signature="beforeClass()[pri:0, instance:com.timp.test.BRB.NovoRelatorio@61001b64]" started-at="2023-03-23T01:49:46 UTC" name="beforeClass" finished-at="2023-03-23T01:49:49 UTC" duration-ms="2986" status="PASS">
          <reporter-output>
          </reporter-output>
        </test-method> <!-- beforeClass -->
        <test-method signature="novoRelatorio()[pri:0, instance:com.timp.test.BRB.NovoRelatorio@61001b64]" started-at="2023-03-23T01:49:49 UTC" name="novoRelatorio" finished-at="2023-03-23T01:54:04 UTC" duration-ms="255299" status="PASS">
          <reporter-output>
          </reporter-output>
        </test-method> <!-- novoRelatorio -->
        <test-method is-config="true" signature="afterClass()[pri:0, instance:com.timp.test.BRB.NovoRelatorio@61001b64]" started-at="2023-03-23T01:54:04 UTC" name="afterClass" finished-at="2023-03-23T01:54:04 UTC" duration-ms="102" status="PASS">
          <reporter-output>
          </reporter-output>
        </test-method> <!-- afterClass -->
      </class> <!-- com.timp.test.BRB.NovoRelatorio -->
    </test> <!-- Novo Relatorio -->
    <test started-at="2023-03-23T01:54:05 UTC" name="Adicionar Columnas" finished-at="2023-03-23T01:58:59 UTC" duration-ms="294214">
      <class name="com.timp.test.BRB.AdicionarColunas">
        <test-method is-config="true" signature="beforeClass()[pri:0, instance:com.timp.test.BRB.AdicionarColunas@f09733f]" started-at="2023-03-23T01:54:05 UTC" name="beforeClass" finished-at="2023-03-23T01:54:07 UTC" duration-ms="2346" status="PASS">
          <reporter-output>
          </reporter-output>
        </test-method> <!-- beforeClass -->
        <test-method signature="adicionarColunas()[pri:0, instance:com.timp.test.BRB.AdicionarColunas@f09733f]" started-at="2023-03-23T01:54:07 UTC" name="adicionarColunas" finished-at="2023-03-23T01:58:59 UTC" duration-ms="291866" status="PASS">
          <reporter-output>
          </reporter-output>
        </test-method> <!-- adicionarColunas -->
        <test-method is-config="true" signature="afterClass()[pri:0, instance:com.timp.test.BRB.AdicionarColunas@f09733f]" started-at="2023-03-23T01:58:59 UTC" name="afterClass" finished-at="2023-03-23T01:58:59 UTC" duration-ms="0" status="PASS">
          <reporter-output>
          </reporter-output>
        </test-method> <!-- afterClass -->
      </class> <!-- com.timp.test.BRB.AdicionarColunas -->
    </test> <!-- Adicionar Columnas -->
    <test started-at="2023-03-23T01:58:59 UTC" name="PublicoEPrivado" finished-at="2023-03-23T02:00:49 UTC" duration-ms="110545">
      <class name="com.timp.test.BRB.PublicoEPrivado">
        <test-method is-config="true" signature="beforeClass()[pri:0, instance:com.timp.test.BRB.PublicoEPrivado@1ffaf86]" started-at="2023-03-23T01:58:59 UTC" name="beforeClass" finished-at="2023-03-23T01:59:01 UTC" duration-ms="2302" status="PASS">
          <reporter-output>
          </reporter-output>
        </test-method> <!-- beforeClass -->
        <test-method signature="publicoYPRivado()[pri:0, instance:com.timp.test.BRB.PublicoEPrivado@1ffaf86]" started-at="2023-03-23T01:59:01 UTC" name="publicoYPRivado" finished-at="2023-03-23T02:00:49 UTC" duration-ms="108164" status="FAIL">
          <exception class="org.openqa.selenium.ElementClickInterceptedException">
            <message>
              <![CDATA[element click intercepted: Element <button tabindex="0" class="library-toolbar-button btn trans ">...</button> is not clickable at point (525, 83). Other element would receive the click: <div class="base-loader-container" style="opacity: 0.301426;">...</div>
  (Session info: chrome=110.0.5481.180)
Build info: version: '3.141.59', revision: 'e82be7d358', time: '2018-11-14T08:17:03'
System info: host: 'EC2AMAZ-8HCHO4G', ip: '10.0.0.249', os.name: 'Windows Server 2019', os.arch: 'amd64', os.version: '10.0', java.version: '17.0.4.1'
Driver info: org.openqa.selenium.chrome.ChromeDriver
Capabilities {acceptInsecureCerts: false, browserName: chrome, browserVersion: 110.0.5481.180, chrome: {chromedriverVersion: 110.0.5481.77 (65ed616c6e8e..., userDataDir: C:\Users\user_ta\AppData\Lo...}, goog:chromeOptions: {debuggerAddress: localhost:63023}, javascriptEnabled: true, networkConnectionEnabled: false, pageLoadStrategy: normal, platform: WINDOWS, platformName: WINDOWS, proxy: Proxy(), setWindowRect: true, strictFileInteractability: false, timeouts: {implicit: 0, pageLoad: 300000, script: 30000}, unhandledPromptBehavior: dismiss and notify, webauthn:extension:credBlob: true, webauthn:extension:largeBlob: true, webauthn:virtualAuthenticators: true}
Session ID: 19da2dc718966df362a7181464c8e4b2]]>
            </message>
            <full-stacktrace>
              <![CDATA[org.openqa.selenium.ElementClickInterceptedException: element click intercepted: Element <button tabindex="0" class="library-toolbar-button btn trans ">...</button> is not clickable at point (525, 83). Other element would receive the click: <div class="base-loader-container" style="opacity: 0.301426;">...</div>
  (Session info: chrome=110.0.5481.180)
Build info: version: '3.141.59', revision: 'e82be7d358', time: '2018-11-14T08:17:03'
System info: host: 'EC2AMAZ-8HCHO4G', ip: '10.0.0.249', os.name: 'Windows Server 2019', os.arch: 'amd64', os.version: '10.0', java.version: '17.0.4.1'
Driver info: org.openqa.selenium.chrome.ChromeDriver
Capabilities {acceptInsecureCerts: false, browserName: chrome, browserVersion: 110.0.5481.180, chrome: {chromedriverVersion: 110.0.5481.77 (65ed616c6e8e..., userDataDir: C:\Users\user_ta\AppData\Lo...}, goog:chromeOptions: {debuggerAddress: localhost:63023}, javascriptEnabled: true, networkConnectionEnabled: false, pageLoadStrategy: normal, platform: WINDOWS, platformName: WINDOWS, proxy: Proxy(), setWindowRect: true, strictFileInteractability: false, timeouts: {implicit: 0, pageLoad: 300000, script: 30000}, unhandledPromptBehavior: dismiss and notify, webauthn:extension:credBlob: true, webauthn:extension:largeBlob: true, webauthn:virtualAuthenticators: true}
Session ID: 19da2dc718966df362a7181464c8e4b2
at java.base/jdk.internal.reflect.NativeConstructorAccessorImpl.newInstance0(Native Method)
at java.base/jdk.internal.reflect.NativeConstructorAccessorImpl.newInstance(NativeConstructorAccessorImpl.java:77)
at java.base/jdk.internal.reflect.DelegatingConstructorAccessorImpl.newInstance(DelegatingConstructorAccessorImpl.java:45)
at java.base/java.lang.reflect.Constructor.newInstanceWithCaller(Constructor.java:499)
at java.base/java.lang.reflect.Constructor.newInstance(Constructor.java:480)
at org.openqa.selenium.remote.http.W3CHttpResponseCodec.createException(W3CHttpResponseCodec.java:187)
at org.openqa.selenium.remote.http.W3CHttpResponseCodec.decode(W3CHttpResponseCodec.java:122)
at org.openqa.selenium.remote.http.W3CHttpResponseCodec.decode(W3CHttpResponseCodec.java:49)
at org.openqa.selenium.remote.HttpCommandExecutor.execute(HttpCommandExecutor.java:158)
at org.openqa.selenium.remote.service.DriverCommandExecutor.execute(DriverCommandExecutor.java:83)
at org.openqa.selenium.remote.RemoteWebDriver.execute(RemoteWebDriver.java:552)
at org.openqa.selenium.remote.RemoteWebElement.execute(RemoteWebElement.java:285)
at org.openqa.selenium.remote.RemoteWebElement.click(RemoteWebElement.java:84)
at jdk.internal.reflect.GeneratedMethodAccessor1.invoke(Unknown Source)
at java.base/jdk.internal.reflect.DelegatingMethodAccessorImpl.invoke(DelegatingMethodAccessorImpl.java:43)
at java.base/java.lang.reflect.Method.invoke(Method.java:568)
at org.openqa.selenium.support.pagefactory.internal.LocatingElementHandler.invoke(LocatingElementHandler.java:51)
at jdk.proxy2/jdk.proxy2.$Proxy11.click(Unknown Source)
at com.sap.timp.pageObjectModel.BRB.PublicoYPRivadoPO.privadoEditor(PublicoYPRivadoPO.java:123)
at com.timp.test.BRB.PublicoEPrivado.publicoYPRivado(PublicoEPrivado.java:49)
at java.base/jdk.internal.reflect.NativeMethodAccessorImpl.invoke0(Native Method)
at java.base/jdk.internal.reflect.NativeMethodAccessorImpl.invoke(NativeMethodAccessorImpl.java:77)
at java.base/jdk.internal.reflect.DelegatingMethodAccessorImpl.invoke(DelegatingMethodAccessorImpl.java:43)
at java.base/java.lang.reflect.Method.invoke(Method.java:568)
at org.testng.internal.invokers.MethodInvocationHelper.invokeMethod(MethodInvocationHelper.java:135)
at org.testng.internal.invokers.TestInvoker.invokeMethod(TestInvoker.java:673)
at org.testng.internal.invokers.TestInvoker.invokeTestMethod(TestInvoker.java:220)
at org.testng.internal.invokers.MethodRunner.runInSequence(MethodRunner.java:50)
at org.testng.internal.invokers.TestInvoker$MethodInvocationAgent.invoke(TestInvoker.java:945)
at org.testng.internal.invokers.TestInvoker.invokeTestMethods(TestInvoker.java:193)
at org.testng.internal.invokers.TestMethodWorker.invokeTestMethods(TestMethodWorker.java:146)
at org.testng.internal.invokers.TestMethodWorker.run(TestMethodWorker.java:128)
at java.base/java.util.ArrayList.forEach(ArrayList.java:1511)
at org.testng.TestRunner.privateRun(TestRunner.java:808)
at org.testng.TestRunner.run(TestRunner.java:603)
at org.testng.SuiteRunner.runTest(SuiteRunner.java:429)
at org.testng.SuiteRunner.runSequentially(SuiteRunner.java:423)
at org.testng.SuiteRunner.privateRun(SuiteRunner.java:383)
at org.testng.SuiteRunner.run(SuiteRunner.java:326)
at org.testng.SuiteRunnerWorker.runSuite(SuiteRunnerWorker.java:52)
at org.testng.SuiteRunnerWorker.run(SuiteRunnerWorker.java:95)
at org.testng.TestNG.runSuitesSequentially(TestNG.java:1249)
at org.testng.TestNG.runSuitesLocally(TestNG.java:1169)
at org.testng.TestNG.runSuites(TestNG.java:1092)
at org.testng.TestNG.run(TestNG.java:1060)
at org.testng.remote.AbstractRemoteTestNG.run(AbstractRemoteTestNG.java:115)
at org.testng.remote.RemoteTestNG.initAndRun(RemoteTestNG.java:251)
at org.testng.remote.RemoteTestNG.main(RemoteTestNG.java:77)
]]>
            </full-stacktrace>
          </exception> <!-- org.openqa.selenium.ElementClickInterceptedException -->
          <reporter-output>
          </reporter-output>
        </test-method> <!-- publicoYPRivado -->
        <test-method is-config="true" signature="afterClass()[pri:0, instance:com.timp.test.BRB.PublicoEPrivado@1ffaf86]" started-at="2023-03-23T02:00:49 UTC" name="afterClass" finished-at="2023-03-23T02:00:49 UTC" duration-ms="76" status="PASS">
          <reporter-output>
          </reporter-output>
        </test-method> <!-- afterClass -->
      </class> <!-- com.timp.test.BRB.PublicoEPrivado -->
    </test> <!-- PublicoEPrivado -->
    <test started-at="2023-03-23T02:00:49 UTC" name="ExcluirColuna" finished-at="2023-03-23T02:04:13 UTC" duration-ms="204069">
      <class name="com.timp.test.BRB.ExcluirColuna">
        <test-method is-config="true" signature="beforeClass()[pri:0, instance:com.timp.test.BRB.ExcluirColuna@1a6d8329]" started-at="2023-03-23T02:00:49 UTC" name="beforeClass" finished-at="2023-03-23T02:00:52 UTC" duration-ms="2216" status="PASS">
          <reporter-output>
          </reporter-output>
        </test-method> <!-- beforeClass -->
        <test-method signature="excluirColunaDragNDrop()[pri:0, instance:com.timp.test.BRB.ExcluirColuna@1a6d8329]" started-at="2023-03-23T02:00:52 UTC" name="excluirColunaDragNDrop" finished-at="2023-03-23T02:02:59 UTC" duration-ms="127339" status="PASS">
          <reporter-output>
          </reporter-output>
        </test-method> <!-- excluirColunaDragNDrop -->
        <test-method signature="excluirColunaOpcao()[pri:1, instance:com.timp.test.BRB.ExcluirColuna@1a6d8329]" started-at="2023-03-23T02:02:59 UTC" name="excluirColunaOpcao" finished-at="2023-03-23T02:04:13 UTC" duration-ms="74428" status="PASS">
          <reporter-output>
          </reporter-output>
        </test-method> <!-- excluirColunaOpcao -->
        <test-method is-config="true" signature="afterClass()[pri:0, instance:com.timp.test.BRB.ExcluirColuna@1a6d8329]" started-at="2023-03-23T02:04:13 UTC" name="afterClass" finished-at="2023-03-23T02:04:13 UTC" duration-ms="81" status="PASS">
          <reporter-output>
          </reporter-output>
        </test-method> <!-- afterClass -->
      </class> <!-- com.timp.test.BRB.ExcluirColuna -->
    </test> <!-- ExcluirColuna -->
    <test started-at="2023-03-23T02:04:13 UTC" name="EditarRelatorio" finished-at="2023-03-23T02:05:57 UTC" duration-ms="103407">
      <class name="com.timp.test.BRB.EditarRelatorio">
        <test-method is-config="true" signature="beforeClass()[pri:0, instance:com.timp.test.BRB.EditarRelatorio@2e385cce]" started-at="2023-03-23T02:04:13 UTC" name="beforeClass" finished-at="2023-03-23T02:04:16 UTC" duration-ms="2264" status="PASS">
          <reporter-output>
          </reporter-output>
        </test-method> <!-- beforeClass -->
        <test-method signature="editar()[pri:0, instance:com.timp.test.BRB.EditarRelatorio@2e385cce]" started-at="2023-03-23T02:04:16 UTC" name="editar" finished-at="2023-03-23T02:05:57 UTC" duration-ms="101062" status="PASS">
          <reporter-output>
          </reporter-output>
        </test-method> <!-- editar -->
        <test-method is-config="true" signature="afterClass()[pri:0, instance:com.timp.test.BRB.EditarRelatorio@2e385cce]" started-at="2023-03-23T02:05:57 UTC" name="afterClass" finished-at="2023-03-23T02:05:57 UTC" duration-ms="79" status="PASS">
          <reporter-output>
          </reporter-output>
        </test-method> <!-- afterClass -->
      </class> <!-- com.timp.test.BRB.EditarRelatorio -->
    </test> <!-- EditarRelatorio -->
    <test started-at="2023-03-23T02:05:57 UTC" name="FiltrosRelatorio" finished-at="2023-03-23T02:11:27 UTC" duration-ms="330377">
      <class name="com.timp.test.BRB.FiltrosRelatorio">
        <test-method is-config="true" signature="beforeClass()[pri:0, instance:com.timp.test.BRB.FiltrosRelatorio@6d4d66d2]" started-at="2023-03-23T02:05:57 UTC" name="beforeClass" finished-at="2023-03-23T02:05:59 UTC" duration-ms="2248" status="PASS">
          <reporter-output>
          </reporter-output>
        </test-method> <!-- beforeClass -->
        <test-method signature="AfiltrosEditor()[pri:0, instance:com.timp.test.BRB.FiltrosRelatorio@6d4d66d2]" started-at="2023-03-23T02:05:59 UTC" name="AfiltrosEditor" finished-at="2023-03-23T02:09:00 UTC" duration-ms="180993" status="PASS">
          <reporter-output>
          </reporter-output>
        </test-method> <!-- AfiltrosEditor -->
        <test-method signature="BfiltrosBiblioteca()[pri:0, instance:com.timp.test.BRB.FiltrosRelatorio@6d4d66d2]" started-at="2023-03-23T02:09:00 UTC" name="BfiltrosBiblioteca" finished-at="2023-03-23T02:10:56 UTC" depends-on-methods="com.timp.test.BRB.FiltrosRelatorio.AfiltrosEditor" duration-ms="115771" status="PASS">
          <reporter-output>
          </reporter-output>
        </test-method> <!-- BfiltrosBiblioteca -->
        <test-method signature="CasignarValores()[pri:0, instance:com.timp.test.BRB.FiltrosRelatorio@6d4d66d2]" started-at="2023-03-23T02:10:56 UTC" name="CasignarValores" finished-at="2023-03-23T02:11:27 UTC" depends-on-methods="com.timp.test.BRB.FiltrosRelatorio.BfiltrosBiblioteca" duration-ms="31273" status="PASS">
          <reporter-output>
          </reporter-output>
        </test-method> <!-- CasignarValores -->
        <test-method is-config="true" signature="afterClass()[pri:0, instance:com.timp.test.BRB.FiltrosRelatorio@6d4d66d2]" started-at="2023-03-23T02:11:27 UTC" name="afterClass" finished-at="2023-03-23T02:11:27 UTC" duration-ms="85" status="PASS">
          <reporter-output>
          </reporter-output>
        </test-method> <!-- afterClass -->
      </class> <!-- com.timp.test.BRB.FiltrosRelatorio -->
    </test> <!-- FiltrosRelatorio -->
    <test started-at="2023-03-23T02:11:27 UTC" name="CriarComCopia" finished-at="2023-03-23T02:14:32 UTC" duration-ms="184913">
      <class name="com.timp.test.BRB.CriarComCopia">
        <test-method is-config="true" signature="beforeClass()[pri:0, instance:com.timp.test.BRB.CriarComCopia@2eae8e6e]" started-at="2023-03-23T02:11:27 UTC" name="beforeClass" finished-at="2023-03-23T02:11:30 UTC" duration-ms="2437" status="PASS">
          <reporter-output>
          </reporter-output>
        </test-method> <!-- beforeClass -->
        <test-method signature="criarCopia()[pri:0, instance:com.timp.test.BRB.CriarComCopia@2eae8e6e]" started-at="2023-03-23T02:11:30 UTC" name="criarCopia" finished-at="2023-03-23T02:14:32 UTC" duration-ms="182475" status="PASS">
          <reporter-output>
          </reporter-output>
        </test-method> <!-- criarCopia -->
        <test-method is-config="true" signature="afterClass()[pri:0, instance:com.timp.test.BRB.CriarComCopia@2eae8e6e]" started-at="2023-03-23T02:14:32 UTC" name="afterClass" finished-at="2023-03-23T02:14:32 UTC" duration-ms="1" status="PASS">
          <reporter-output>
          </reporter-output>
        </test-method> <!-- afterClass -->
      </class> <!-- com.timp.test.BRB.CriarComCopia -->
    </test> <!-- CriarComCopia -->
    <test started-at="2023-03-23T02:14:32 UTC" name="AtivarCorrecao" finished-at="2023-03-23T02:16:06 UTC" duration-ms="93940">
      <class name="com.timp.test.BRB.AtivarCorrecao">
        <test-method is-config="true" signature="beforeClass()[pri:0, instance:com.timp.test.BRB.AtivarCorrecao@27406a17]" started-at="2023-03-23T02:14:32 UTC" name="beforeClass" finished-at="2023-03-23T02:14:34 UTC" duration-ms="2330" status="PASS">
          <reporter-output>
          </reporter-output>
        </test-method> <!-- beforeClass -->
        <test-method signature="ativarCorreccion()[pri:0, instance:com.timp.test.BRB.AtivarCorrecao@27406a17]" started-at="2023-03-23T02:14:34 UTC" name="ativarCorreccion" finished-at="2023-03-23T02:16:06 UTC" duration-ms="91527" status="PASS">
          <reporter-output>
          </reporter-output>
        </test-method> <!-- ativarCorreccion -->
        <test-method is-config="true" signature="afterClass()[pri:0, instance:com.timp.test.BRB.AtivarCorrecao@27406a17]" started-at="2023-03-23T02:16:06 UTC" name="afterClass" finished-at="2023-03-23T02:16:06 UTC" duration-ms="82" status="PASS">
          <reporter-output>
          </reporter-output>
        </test-method> <!-- afterClass -->
      </class> <!-- com.timp.test.BRB.AtivarCorrecao -->
    </test> <!-- AtivarCorrecao -->
    <test started-at="2023-03-23T02:16:06 UTC" name="AtivarComentario" finished-at="2023-03-23T02:17:33 UTC" duration-ms="86738">
      <class name="com.timp.test.BRB.AtivarComentario">
        <test-method is-config="true" signature="beforeClass()[pri:0, instance:com.timp.test.BRB.AtivarComentario@543295b0]" started-at="2023-03-23T02:16:06 UTC" name="beforeClass" finished-at="2023-03-23T02:16:08 UTC" duration-ms="2285" status="PASS">
          <reporter-output>
          </reporter-output>
        </test-method> <!-- beforeClass -->
        <test-method signature="ativarComentarios()[pri:0, instance:com.timp.test.BRB.AtivarComentario@543295b0]" started-at="2023-03-23T02:16:08 UTC" name="ativarComentarios" finished-at="2023-03-23T02:17:33 UTC" duration-ms="84370" status="PASS">
          <reporter-output>
          </reporter-output>
        </test-method> <!-- ativarComentarios -->
        <test-method is-config="true" signature="afterClass()[pri:0, instance:com.timp.test.BRB.AtivarComentario@543295b0]" started-at="2023-03-23T02:17:33 UTC" name="afterClass" finished-at="2023-03-23T02:17:33 UTC" duration-ms="82" status="PASS">
          <reporter-output>
          </reporter-output>
        </test-method> <!-- afterClass -->
      </class> <!-- com.timp.test.BRB.AtivarComentario -->
    </test> <!-- AtivarComentario -->
    <test started-at="2023-03-23T02:17:33 UTC" name="RenomearColuna" finished-at="2023-03-23T02:19:17 UTC" duration-ms="104688">
      <class name="com.timp.test.BRB.RenomearColuna">
        <test-method is-config="true" signature="beforeClass()[pri:0, instance:com.timp.test.BRB.RenomearColuna@235ecd9f]" started-at="2023-03-23T02:17:33 UTC" name="beforeClass" finished-at="2023-03-23T02:17:35 UTC" duration-ms="2325" status="PASS">
          <reporter-output>
          </reporter-output>
        </test-method> <!-- beforeClass -->
        <test-method signature="renomearColuna()[pri:0, instance:com.timp.test.BRB.RenomearColuna@235ecd9f]" started-at="2023-03-23T02:17:35 UTC" name="renomearColuna" finished-at="2023-03-23T02:19:17 UTC" duration-ms="102274" status="PASS">
          <reporter-output>
          </reporter-output>
        </test-method> <!-- renomearColuna -->
        <test-method is-config="true" signature="afterClass()[pri:0, instance:com.timp.test.BRB.RenomearColuna@235ecd9f]" started-at="2023-03-23T02:19:17 UTC" name="afterClass" finished-at="2023-03-23T02:19:17 UTC" duration-ms="87" status="PASS">
          <reporter-output>
          </reporter-output>
        </test-method> <!-- afterClass -->
      </class> <!-- com.timp.test.BRB.RenomearColuna -->
    </test> <!-- RenomearColuna -->
    <test started-at="2023-03-23T02:19:17 UTC" name="Formula" finished-at="2023-03-23T02:22:20 UTC" duration-ms="182887">
      <class name="com.timp.test.BRB.Formula">
        <test-method is-config="true" signature="beforeClass()[pri:0, instance:com.timp.test.BRB.Formula@663c9e7a]" started-at="2023-03-23T02:19:17 UTC" name="beforeClass" finished-at="2023-03-23T02:19:20 UTC" duration-ms="2192" status="PASS">
          <reporter-output>
          </reporter-output>
        </test-method> <!-- beforeClass -->
        <test-method signature="formulaColuna()[pri:0, instance:com.timp.test.BRB.Formula@663c9e7a]" started-at="2023-03-23T02:19:20 UTC" name="formulaColuna" finished-at="2023-03-23T02:20:22 UTC" duration-ms="62270" status="PASS">
          <reporter-output>
          </reporter-output>
        </test-method> <!-- formulaColuna -->
        <test-method signature="formulaBoton()[pri:0, instance:com.timp.test.BRB.Formula@663c9e7a]" started-at="2023-03-23T02:20:22 UTC" name="formulaBoton" finished-at="2023-03-23T02:22:03 UTC" depends-on-methods="com.timp.test.BRB.Formula.formulaColuna" duration-ms="101088" status="PASS">
          <reporter-output>
          </reporter-output>
        </test-method> <!-- formulaBoton -->
        <test-method signature="aplicar()[pri:0, instance:com.timp.test.BRB.Formula@663c9e7a]" started-at="2023-03-23T02:22:03 UTC" name="aplicar" finished-at="2023-03-23T02:22:20 UTC" depends-on-methods="com.timp.test.BRB.Formula.formulaBoton" duration-ms="17243" status="PASS">
          <reporter-output>
          </reporter-output>
        </test-method> <!-- aplicar -->
        <test-method is-config="true" signature="afterClass()[pri:0, instance:com.timp.test.BRB.Formula@663c9e7a]" started-at="2023-03-23T02:22:20 UTC" name="afterClass" finished-at="2023-03-23T02:22:20 UTC" duration-ms="89" status="PASS">
          <reporter-output>
          </reporter-output>
        </test-method> <!-- afterClass -->
      </class> <!-- com.timp.test.BRB.Formula -->
    </test> <!-- Formula -->
    <test started-at="2023-03-23T02:22:20 UTC" name="AgrupadoPeloCampo" finished-at="2023-03-23T02:25:35 UTC" duration-ms="194177">
      <class name="com.timp.test.BRB.AgrupadoPeloCampo">
        <test-method is-config="true" signature="beforeClass()[pri:0, instance:com.timp.test.BRB.AgrupadoPeloCampo@548d708a]" started-at="2023-03-23T02:22:20 UTC" name="beforeClass" finished-at="2023-03-23T02:22:23 UTC" duration-ms="2376" status="PASS">
          <reporter-output>
          </reporter-output>
        </test-method> <!-- beforeClass -->
        <test-method signature="agrupadoPeloCampo()[pri:0, instance:com.timp.test.BRB.AgrupadoPeloCampo@548d708a]" started-at="2023-03-23T02:22:23 UTC" name="agrupadoPeloCampo" finished-at="2023-03-23T02:25:35 UTC" duration-ms="191798" status="PASS">
          <reporter-output>
          </reporter-output>
        </test-method> <!-- agrupadoPeloCampo -->
        <test-method is-config="true" signature="afterClass()[pri:0, instance:com.timp.test.BRB.AgrupadoPeloCampo@548d708a]" started-at="2023-03-23T02:25:35 UTC" name="afterClass" finished-at="2023-03-23T02:25:35 UTC" duration-ms="1" status="PASS">
          <reporter-output>
          </reporter-output>
        </test-method> <!-- afterClass -->
      </class> <!-- com.timp.test.BRB.AgrupadoPeloCampo -->
    </test> <!-- AgrupadoPeloCampo -->
    <test started-at="2023-03-23T02:25:35 UTC" name="CampoOutput" finished-at="2023-03-23T02:27:13 UTC" duration-ms="98276">
      <class name="com.timp.test.BRB.CampoOutput">
        <test-method is-config="true" signature="beforeClass()[pri:0, instance:com.timp.test.BRB.CampoOutput@742ff096]" started-at="2023-03-23T02:25:35 UTC" name="beforeClass" finished-at="2023-03-23T02:25:37 UTC" duration-ms="2356" status="PASS">
          <reporter-output>
          </reporter-output>
        </test-method> <!-- beforeClass -->
        <test-method signature="campoOutput()[pri:0, instance:com.timp.test.BRB.CampoOutput@742ff096]" started-at="2023-03-23T02:25:37 UTC" name="campoOutput" finished-at="2023-03-23T02:27:13 UTC" duration-ms="95832" status="PASS">
          <reporter-output>
          </reporter-output>
        </test-method> <!-- campoOutput -->
        <test-method is-config="true" signature="afterClass()[pri:0, instance:com.timp.test.BRB.CampoOutput@742ff096]" started-at="2023-03-23T02:27:13 UTC" name="afterClass" finished-at="2023-03-23T02:27:13 UTC" duration-ms="86" status="PASS">
          <reporter-output>
          </reporter-output>
        </test-method> <!-- afterClass -->
      </class> <!-- com.timp.test.BRB.CampoOutput -->
    </test> <!-- CampoOutput -->
    <test started-at="2023-03-23T02:27:13 UTC" name="FormatacaoEVariante" finished-at="2023-03-23T02:30:21 UTC" duration-ms="188025">
      <class name="com.timp.test.BRB.FormatacaoEVariante">
        <test-method is-config="true" signature="beforeClass()[pri:0, instance:com.timp.test.BRB.FormatacaoEVariante@4c60d6e9]" started-at="2023-03-23T02:27:13 UTC" name="beforeClass" finished-at="2023-03-23T02:27:15 UTC" duration-ms="2256" status="PASS">
          <reporter-output>
          </reporter-output>
        </test-method> <!-- beforeClass -->
        <test-method signature="formatacaoEVariante()[pri:0, instance:com.timp.test.BRB.FormatacaoEVariante@4c60d6e9]" started-at="2023-03-23T02:27:15 UTC" name="formatacaoEVariante" finished-at="2023-03-23T02:30:21 UTC" duration-ms="185676" status="FAIL">
          <exception class="org.openqa.selenium.NoSuchElementException">
            <message>
              <![CDATA[no such element: Unable to locate element: {"method":"xpath","selector":"//div[@data-column="193" and contains(@aria-label, "Linha: 2-")]/div[2]"}
  (Session info: chrome=110.0.5481.180)
For documentation on this error, please visit: https://www.seleniumhq.org/exceptions/no_such_element.html
Build info: version: '3.141.59', revision: 'e82be7d358', time: '2018-11-14T08:17:03'
System info: host: 'EC2AMAZ-8HCHO4G', ip: '10.0.0.249', os.name: 'Windows Server 2019', os.arch: 'amd64', os.version: '10.0', java.version: '17.0.4.1'
Driver info: org.openqa.selenium.chrome.ChromeDriver
Capabilities {acceptInsecureCerts: false, browserName: chrome, browserVersion: 110.0.5481.180, chrome: {chromedriverVersion: 110.0.5481.77 (65ed616c6e8e..., userDataDir: C:\Users\user_ta\AppData\Lo...}, goog:chromeOptions: {debuggerAddress: localhost:65024}, javascriptEnabled: true, networkConnectionEnabled: false, pageLoadStrategy: normal, platform: WINDOWS, platformName: WINDOWS, proxy: Proxy(), setWindowRect: true, strictFileInteractability: false, timeouts: {implicit: 0, pageLoad: 300000, script: 30000}, unhandledPromptBehavior: dismiss and notify, webauthn:extension:credBlob: true, webauthn:extension:largeBlob: true, webauthn:virtualAuthenticators: true}
Session ID: e8e3b68daac439c3abfd2f0adf8207dc
*** Element info: {Using=xpath, value=//div[@data-column="193" and contains(@aria-label, "Linha: 2-")]/div[2]}]]>
            </message>
            <full-stacktrace>
              <![CDATA[org.openqa.selenium.NoSuchElementException: no such element: Unable to locate element: {"method":"xpath","selector":"//div[@data-column="193" and contains(@aria-label, "Linha: 2-")]/div[2]"}
  (Session info: chrome=110.0.5481.180)
For documentation on this error, please visit: https://www.seleniumhq.org/exceptions/no_such_element.html
Build info: version: '3.141.59', revision: 'e82be7d358', time: '2018-11-14T08:17:03'
System info: host: 'EC2AMAZ-8HCHO4G', ip: '10.0.0.249', os.name: 'Windows Server 2019', os.arch: 'amd64', os.version: '10.0', java.version: '17.0.4.1'
Driver info: org.openqa.selenium.chrome.ChromeDriver
Capabilities {acceptInsecureCerts: false, browserName: chrome, browserVersion: 110.0.5481.180, chrome: {chromedriverVersion: 110.0.5481.77 (65ed616c6e8e..., userDataDir: C:\Users\user_ta\AppData\Lo...}, goog:chromeOptions: {debuggerAddress: localhost:65024}, javascriptEnabled: true, networkConnectionEnabled: false, pageLoadStrategy: normal, platform: WINDOWS, platformName: WINDOWS, proxy: Proxy(), setWindowRect: true, strictFileInteractability: false, timeouts: {implicit: 0, pageLoad: 300000, script: 30000}, unhandledPromptBehavior: dismiss and notify, webauthn:extension:credBlob: true, webauthn:extension:largeBlob: true, webauthn:virtualAuthenticators: true}
Session ID: e8e3b68daac439c3abfd2f0adf8207dc
*** Element info: {Using=xpath, value=//div[@data-column="193" and contains(@aria-label, "Linha: 2-")]/div[2]}
at jdk.internal.reflect.GeneratedConstructorAccessor16.newInstance(Unknown Source)
at java.base/jdk.internal.reflect.DelegatingConstructorAccessorImpl.newInstance(DelegatingConstructorAccessorImpl.java:45)
at java.base/java.lang.reflect.Constructor.newInstanceWithCaller(Constructor.java:499)
at java.base/java.lang.reflect.Constructor.newInstance(Constructor.java:480)
at org.openqa.selenium.remote.http.W3CHttpResponseCodec.createException(W3CHttpResponseCodec.java:187)
at org.openqa.selenium.remote.http.W3CHttpResponseCodec.decode(W3CHttpResponseCodec.java:122)
at org.openqa.selenium.remote.http.W3CHttpResponseCodec.decode(W3CHttpResponseCodec.java:49)
at org.openqa.selenium.remote.HttpCommandExecutor.execute(HttpCommandExecutor.java:158)
at org.openqa.selenium.remote.service.DriverCommandExecutor.execute(DriverCommandExecutor.java:83)
at org.openqa.selenium.remote.RemoteWebDriver.execute(RemoteWebDriver.java:552)
at org.openqa.selenium.remote.RemoteWebDriver.findElement(RemoteWebDriver.java:323)
at org.openqa.selenium.remote.RemoteWebDriver.findElementByXPath(RemoteWebDriver.java:428)
at org.openqa.selenium.By$ByXPath.findElement(By.java:353)
at org.openqa.selenium.remote.RemoteWebDriver.findElement(RemoteWebDriver.java:315)
at org.openqa.selenium.support.pagefactory.DefaultElementLocator.findElement(DefaultElementLocator.java:69)
at org.openqa.selenium.support.pagefactory.internal.LocatingElementHandler.invoke(LocatingElementHandler.java:38)
at jdk.proxy2/jdk.proxy2.$Proxy11.getCssValue(Unknown Source)
at com.sap.timp.pageObjectModel.BRB.FormatacaoEVariantePO.salvarVariante(FormatacaoEVariantePO.java:395)
at com.timp.test.BRB.FormatacaoEVariante.formatacaoEVariante(FormatacaoEVariante.java:57)
at java.base/jdk.internal.reflect.NativeMethodAccessorImpl.invoke0(Native Method)
at java.base/jdk.internal.reflect.NativeMethodAccessorImpl.invoke(NativeMethodAccessorImpl.java:77)
at java.base/jdk.internal.reflect.DelegatingMethodAccessorImpl.invoke(DelegatingMethodAccessorImpl.java:43)
at java.base/java.lang.reflect.Method.invoke(Method.java:568)
at org.testng.internal.invokers.MethodInvocationHelper.invokeMethod(MethodInvocationHelper.java:135)
at org.testng.internal.invokers.TestInvoker.invokeMethod(TestInvoker.java:673)
at org.testng.internal.invokers.TestInvoker.invokeTestMethod(TestInvoker.java:220)
at org.testng.internal.invokers.MethodRunner.runInSequence(MethodRunner.java:50)
at org.testng.internal.invokers.TestInvoker$MethodInvocationAgent.invoke(TestInvoker.java:945)
at org.testng.internal.invokers.TestInvoker.invokeTestMethods(TestInvoker.java:193)
at org.testng.internal.invokers.TestMethodWorker.invokeTestMethods(TestMethodWorker.java:146)
at org.testng.internal.invokers.TestMethodWorker.run(TestMethodWorker.java:128)
at java.base/java.util.ArrayList.forEach(ArrayList.java:1511)
at org.testng.TestRunner.privateRun(TestRunner.java:808)
at org.testng.TestRunner.run(TestRunner.java:603)
at org.testng.SuiteRunner.runTest(SuiteRunner.java:429)
at org.testng.SuiteRunner.runSequentially(SuiteRunner.java:423)
at org.testng.SuiteRunner.privateRun(SuiteRunner.java:383)
at org.testng.SuiteRunner.run(SuiteRunner.java:326)
at org.testng.SuiteRunnerWorker.runSuite(SuiteRunnerWorker.java:52)
at org.testng.SuiteRunnerWorker.run(SuiteRunnerWorker.java:95)
at org.testng.TestNG.runSuitesSequentially(TestNG.java:1249)
at org.testng.TestNG.runSuitesLocally(TestNG.java:1169)
at org.testng.TestNG.runSuites(TestNG.java:1092)
at org.testng.TestNG.run(TestNG.java:1060)
at org.testng.remote.AbstractRemoteTestNG.run(AbstractRemoteTestNG.java:115)
at org.testng.remote.RemoteTestNG.initAndRun(RemoteTestNG.java:251)
at org.testng.remote.RemoteTestNG.main(RemoteTestNG.java:77)
]]>
            </full-stacktrace>
          </exception> <!-- org.openqa.selenium.NoSuchElementException -->
          <reporter-output>
          </reporter-output>
        </test-method> <!-- formatacaoEVariante -->
        <test-method is-config="true" signature="afterClass()[pri:0, instance:com.timp.test.BRB.FormatacaoEVariante@4c60d6e9]" started-at="2023-03-23T02:30:21 UTC" name="afterClass" finished-at="2023-03-23T02:30:21 UTC" duration-ms="91" status="PASS">
          <reporter-output>
          </reporter-output>
        </test-method> <!-- afterClass -->
      </class> <!-- com.timp.test.BRB.FormatacaoEVariante -->
    </test> <!-- FormatacaoEVariante -->
    <test started-at="2023-03-23T02:30:21 UTC" name="FiltroColunas" finished-at="2023-03-23T02:33:00 UTC" duration-ms="159063">
      <class name="com.timp.test.BRB.FiltroColunas">
        <test-method is-config="true" signature="beforeClass()[pri:0, instance:com.timp.test.BRB.FiltroColunas@8519cb4]" started-at="2023-03-23T02:30:21 UTC" name="beforeClass" finished-at="2023-03-23T02:30:23 UTC" duration-ms="2341" status="PASS">
          <reporter-output>
          </reporter-output>
        </test-method> <!-- beforeClass -->
        <test-method signature="filtroConFerramenta1()[pri:0, instance:com.timp.test.BRB.FiltroColunas@8519cb4]" started-at="2023-03-23T02:30:23 UTC" name="filtroConFerramenta1" finished-at="2023-03-23T02:32:32 UTC" duration-ms="128653" status="PASS">
          <reporter-output>
          </reporter-output>
        </test-method> <!-- filtroConFerramenta1 -->
        <test-method signature="filtroConFerramenta2()[pri:0, instance:com.timp.test.BRB.FiltroColunas@8519cb4]" started-at="2023-03-23T02:32:32 UTC" name="filtroConFerramenta2" finished-at="2023-03-23T02:33:00 UTC" duration-ms="28065" status="PASS">
          <reporter-output>
          </reporter-output>
        </test-method> <!-- filtroConFerramenta2 -->
        <test-method is-config="true" signature="afterClass()[pri:0, instance:com.timp.test.BRB.FiltroColunas@8519cb4]" started-at="2023-03-23T02:33:00 UTC" name="afterClass" finished-at="2023-03-23T02:33:00 UTC" duration-ms="0" status="PASS">
          <reporter-output>
          </reporter-output>
        </test-method> <!-- afterClass -->
      </class> <!-- com.timp.test.BRB.FiltroColunas -->
    </test> <!-- FiltroColunas -->
    <test started-at="2023-03-23T02:33:00 UTC" name="GruposAvancados" finished-at="2023-03-23T02:35:09 UTC" duration-ms="129527">
      <class name="com.timp.test.BRB.GruposAvancados">
        <test-method is-config="true" signature="beforeClass()[pri:0, instance:com.timp.test.BRB.GruposAvancados@72035809]" started-at="2023-03-23T02:33:00 UTC" name="beforeClass" finished-at="2023-03-23T02:33:02 UTC" duration-ms="2229" status="PASS">
          <reporter-output>
          </reporter-output>
        </test-method> <!-- beforeClass -->
        <test-method signature="gruposAvanzados()[pri:0, instance:com.timp.test.BRB.GruposAvancados@72035809]" started-at="2023-03-23T02:33:02 UTC" name="gruposAvanzados" finished-at="2023-03-23T02:35:09 UTC" duration-ms="127294" status="FAIL">
          <exception class="org.openqa.selenium.ElementNotInteractableException">
            <message>
              <![CDATA[element not interactable
  (Session info: chrome=110.0.5481.180)
Build info: version: '3.141.59', revision: 'e82be7d358', time: '2018-11-14T08:17:03'
System info: host: 'EC2AMAZ-8HCHO4G', ip: '10.0.0.249', os.name: 'Windows Server 2019', os.arch: 'amd64', os.version: '10.0', java.version: '17.0.4.1'
Driver info: org.openqa.selenium.chrome.ChromeDriver
Capabilities {acceptInsecureCerts: false, browserName: chrome, browserVersion: 110.0.5481.180, chrome: {chromedriverVersion: 110.0.5481.77 (65ed616c6e8e..., userDataDir: C:\Users\user_ta\AppData\Lo...}, goog:chromeOptions: {debuggerAddress: localhost:65400}, javascriptEnabled: true, networkConnectionEnabled: false, pageLoadStrategy: normal, platform: WINDOWS, platformName: WINDOWS, proxy: Proxy(), setWindowRect: true, strictFileInteractability: false, timeouts: {implicit: 0, pageLoad: 300000, script: 30000}, unhandledPromptBehavior: dismiss and notify, webauthn:extension:credBlob: true, webauthn:extension:largeBlob: true, webauthn:virtualAuthenticators: true}
Session ID: 422cea62b137461837e58d14aea30b24]]>
            </message>
            <full-stacktrace>
              <![CDATA[org.openqa.selenium.ElementNotInteractableException: element not interactable
  (Session info: chrome=110.0.5481.180)
Build info: version: '3.141.59', revision: 'e82be7d358', time: '2018-11-14T08:17:03'
System info: host: 'EC2AMAZ-8HCHO4G', ip: '10.0.0.249', os.name: 'Windows Server 2019', os.arch: 'amd64', os.version: '10.0', java.version: '17.0.4.1'
Driver info: org.openqa.selenium.chrome.ChromeDriver
Capabilities {acceptInsecureCerts: false, browserName: chrome, browserVersion: 110.0.5481.180, chrome: {chromedriverVersion: 110.0.5481.77 (65ed616c6e8e..., userDataDir: C:\Users\user_ta\AppData\Lo...}, goog:chromeOptions: {debuggerAddress: localhost:65400}, javascriptEnabled: true, networkConnectionEnabled: false, pageLoadStrategy: normal, platform: WINDOWS, platformName: WINDOWS, proxy: Proxy(), setWindowRect: true, strictFileInteractability: false, timeouts: {implicit: 0, pageLoad: 300000, script: 30000}, unhandledPromptBehavior: dismiss and notify, webauthn:extension:credBlob: true, webauthn:extension:largeBlob: true, webauthn:virtualAuthenticators: true}
Session ID: 422cea62b137461837e58d14aea30b24
at java.base/jdk.internal.reflect.NativeConstructorAccessorImpl.newInstance0(Native Method)
at java.base/jdk.internal.reflect.NativeConstructorAccessorImpl.newInstance(NativeConstructorAccessorImpl.java:77)
at java.base/jdk.internal.reflect.DelegatingConstructorAccessorImpl.newInstance(DelegatingConstructorAccessorImpl.java:45)
at java.base/java.lang.reflect.Constructor.newInstanceWithCaller(Constructor.java:499)
at java.base/java.lang.reflect.Constructor.newInstance(Constructor.java:480)
at org.openqa.selenium.remote.http.W3CHttpResponseCodec.createException(W3CHttpResponseCodec.java:187)
at org.openqa.selenium.remote.http.W3CHttpResponseCodec.decode(W3CHttpResponseCodec.java:122)
at org.openqa.selenium.remote.http.W3CHttpResponseCodec.decode(W3CHttpResponseCodec.java:49)
at org.openqa.selenium.remote.HttpCommandExecutor.execute(HttpCommandExecutor.java:158)
at org.openqa.selenium.remote.service.DriverCommandExecutor.execute(DriverCommandExecutor.java:83)
at org.openqa.selenium.remote.RemoteWebDriver.execute(RemoteWebDriver.java:552)
at org.openqa.selenium.remote.RemoteWebElement.execute(RemoteWebElement.java:285)
at org.openqa.selenium.remote.RemoteWebElement.sendKeys(RemoteWebElement.java:106)
at jdk.internal.reflect.GeneratedMethodAccessor2.invoke(Unknown Source)
at java.base/jdk.internal.reflect.DelegatingMethodAccessorImpl.invoke(DelegatingMethodAccessorImpl.java:43)
at java.base/java.lang.reflect.Method.invoke(Method.java:568)
at org.openqa.selenium.support.pagefactory.internal.LocatingElementHandler.invoke(LocatingElementHandler.java:51)
at jdk.proxy2/jdk.proxy2.$Proxy11.sendKeys(Unknown Source)
at com.sap.timp.pageObjectModel.BRB.GruposAvanzadosPO.gruposAvanzadosAplicar(GruposAvanzadosPO.java:186)
at com.timp.test.BRB.GruposAvancados.gruposAvanzados(GruposAvancados.java:46)
at java.base/jdk.internal.reflect.NativeMethodAccessorImpl.invoke0(Native Method)
at java.base/jdk.internal.reflect.NativeMethodAccessorImpl.invoke(NativeMethodAccessorImpl.java:77)
at java.base/jdk.internal.reflect.DelegatingMethodAccessorImpl.invoke(DelegatingMethodAccessorImpl.java:43)
at java.base/java.lang.reflect.Method.invoke(Method.java:568)
at org.testng.internal.invokers.MethodInvocationHelper.invokeMethod(MethodInvocationHelper.java:135)
at org.testng.internal.invokers.TestInvoker.invokeMethod(TestInvoker.java:673)
at org.testng.internal.invokers.TestInvoker.invokeTestMethod(TestInvoker.java:220)
at org.testng.internal.invokers.MethodRunner.runInSequence(MethodRunner.java:50)
at org.testng.internal.invokers.TestInvoker$MethodInvocationAgent.invoke(TestInvoker.java:945)
at org.testng.internal.invokers.TestInvoker.invokeTestMethods(TestInvoker.java:193)
at org.testng.internal.invokers.TestMethodWorker.invokeTestMethods(TestMethodWorker.java:146)
at org.testng.internal.invokers.TestMethodWorker.run(TestMethodWorker.java:128)
at java.base/java.util.ArrayList.forEach(ArrayList.java:1511)
at org.testng.TestRunner.privateRun(TestRunner.java:808)
at org.testng.TestRunner.run(TestRunner.java:603)
at org.testng.SuiteRunner.runTest(SuiteRunner.java:429)
at org.testng.SuiteRunner.runSequentially(SuiteRunner.java:423)
at org.testng.SuiteRunner.privateRun(SuiteRunner.java:383)
at org.testng.SuiteRunner.run(SuiteRunner.java:326)
at org.testng.SuiteRunnerWorker.runSuite(SuiteRunnerWorker.java:52)
at org.testng.SuiteRunnerWorker.run(SuiteRunnerWorker.java:95)
at org.testng.TestNG.runSuitesSequentially(TestNG.java:1249)
at org.testng.TestNG.runSuitesLocally(TestNG.java:1169)
at org.testng.TestNG.runSuites(TestNG.java:1092)
at org.testng.TestNG.run(TestNG.java:1060)
at org.testng.remote.AbstractRemoteTestNG.run(AbstractRemoteTestNG.java:115)
at org.testng.remote.RemoteTestNG.initAndRun(RemoteTestNG.java:251)
at org.testng.remote.RemoteTestNG.main(RemoteTestNG.java:77)
]]>
            </full-stacktrace>
          </exception> <!-- org.openqa.selenium.ElementNotInteractableException -->
          <reporter-output>
          </reporter-output>
        </test-method> <!-- gruposAvanzados -->
        <test-method signature="eliminarGrupos()[pri:0, instance:com.timp.test.BRB.GruposAvancados@72035809]" started-at="2023-03-23T02:35:09 UTC" name="eliminarGrupos" finished-at="2023-03-23T02:35:09 UTC" depends-on-methods="com.timp.test.BRB.GruposAvancados.gruposAvanzados" duration-ms="0" status="SKIP">
          <exception class="java.lang.Throwable">
            <message>
              <![CDATA[Method com.timp.test.BRB.GruposAvancados.eliminarGrupos() on instance com.timp.test.BRB.GruposAvancados@72035809 depends on not successfully finished methods 
[com.timp.test.BRB.GruposAvancados.gruposAvanzados() on instance com.timp.test.BRB.GruposAvancados@72035809]]]>
            </message>
            <full-stacktrace>
              <![CDATA[java.lang.Throwable: Method com.timp.test.BRB.GruposAvancados.eliminarGrupos() on instance com.timp.test.BRB.GruposAvancados@72035809 depends on not successfully finished methods 
[com.timp.test.BRB.GruposAvancados.gruposAvanzados() on instance com.timp.test.BRB.GruposAvancados@72035809]
at org.testng.internal.invokers.TestInvoker.invokeTestMethods(TestInvoker.java:149)
at org.testng.internal.invokers.TestMethodWorker.invokeTestMethods(TestMethodWorker.java:146)
at org.testng.internal.invokers.TestMethodWorker.run(TestMethodWorker.java:128)
at java.base/java.util.ArrayList.forEach(ArrayList.java:1511)
at org.testng.TestRunner.privateRun(TestRunner.java:808)
at org.testng.TestRunner.run(TestRunner.java:603)
at org.testng.SuiteRunner.runTest(SuiteRunner.java:429)
at org.testng.SuiteRunner.runSequentially(SuiteRunner.java:423)
at org.testng.SuiteRunner.privateRun(SuiteRunner.java:383)
at org.testng.SuiteRunner.run(SuiteRunner.java:326)
at org.testng.SuiteRunnerWorker.runSuite(SuiteRunnerWorker.java:52)
at org.testng.SuiteRunnerWorker.run(SuiteRunnerWorker.java:95)
at org.testng.TestNG.runSuitesSequentially(TestNG.java:1249)
at org.testng.TestNG.runSuitesLocally(TestNG.java:1169)
at org.testng.TestNG.runSuites(TestNG.java:1092)
at org.testng.TestNG.run(TestNG.java:1060)
at org.testng.remote.AbstractRemoteTestNG.run(AbstractRemoteTestNG.java:115)
at org.testng.remote.RemoteTestNG.initAndRun(RemoteTestNG.java:251)
at org.testng.remote.RemoteTestNG.main(RemoteTestNG.java:77)
]]>
            </full-stacktrace>
          </exception> <!-- java.lang.Throwable -->
          <reporter-output>
          </reporter-output>
        </test-method> <!-- eliminarGrupos -->
        <test-method is-config="true" signature="afterClass()[pri:0, instance:com.timp.test.BRB.GruposAvancados@72035809]" started-at="2023-03-23T02:35:09 UTC" name="afterClass" finished-at="2023-03-23T02:35:09 UTC" duration-ms="1" status="PASS">
          <reporter-output>
          </reporter-output>
        </test-method> <!-- afterClass -->
      </class> <!-- com.timp.test.BRB.GruposAvancados -->
    </test> <!-- GruposAvancados -->
    <test started-at="2023-03-23T02:35:09 UTC" name="CrescenteEDecrescente" finished-at="2023-03-23T02:37:08 UTC" duration-ms="118599">
      <class name="com.timp.test.BRB.CrescenteEDecrescente">
        <test-method is-config="true" signature="beforeClass()[pri:0, instance:com.timp.test.BRB.CrescenteEDecrescente@5e2c3d18]" started-at="2023-03-23T02:35:09 UTC" name="beforeClass" finished-at="2023-03-23T02:35:12 UTC" duration-ms="2337" status="PASS">
          <reporter-output>
          </reporter-output>
        </test-method> <!-- beforeClass -->
        <test-method signature="crescenteEDecrescente()[pri:0, instance:com.timp.test.BRB.CrescenteEDecrescente@5e2c3d18]" started-at="2023-03-23T02:35:12 UTC" name="crescenteEDecrescente" finished-at="2023-03-23T02:37:08 UTC" duration-ms="116260" status="FAIL">
          <exception class="java.lang.NumberFormatException">
            <message>
              <![CDATA[For input string: "0,00"]]>
            </message>
            <full-stacktrace>
              <![CDATA[java.lang.NumberFormatException: For input string: "0,00"
at java.base/jdk.internal.math.FloatingDecimal.readJavaFormatString(FloatingDecimal.java:2054)
at java.base/jdk.internal.math.FloatingDecimal.parseDouble(FloatingDecimal.java:110)
at java.base/java.lang.Double.parseDouble(Double.java:651)
at java.base/java.lang.Double.valueOf(Double.java:614)
at com.sap.timp.pageObjectModel.BRB.CrescenteEDecrescentePO.crescente(CrescenteEDecrescentePO.java:88)
at com.timp.test.BRB.CrescenteEDecrescente.crescenteEDecrescente(CrescenteEDecrescente.java:46)
at java.base/jdk.internal.reflect.NativeMethodAccessorImpl.invoke0(Native Method)
at java.base/jdk.internal.reflect.NativeMethodAccessorImpl.invoke(NativeMethodAccessorImpl.java:77)
at java.base/jdk.internal.reflect.DelegatingMethodAccessorImpl.invoke(DelegatingMethodAccessorImpl.java:43)
at java.base/java.lang.reflect.Method.invoke(Method.java:568)
at org.testng.internal.invokers.MethodInvocationHelper.invokeMethod(MethodInvocationHelper.java:135)
at org.testng.internal.invokers.TestInvoker.invokeMethod(TestInvoker.java:673)
at org.testng.internal.invokers.TestInvoker.invokeTestMethod(TestInvoker.java:220)
at org.testng.internal.invokers.MethodRunner.runInSequence(MethodRunner.java:50)
at org.testng.internal.invokers.TestInvoker$MethodInvocationAgent.invoke(TestInvoker.java:945)
at org.testng.internal.invokers.TestInvoker.invokeTestMethods(TestInvoker.java:193)
at org.testng.internal.invokers.TestMethodWorker.invokeTestMethods(TestMethodWorker.java:146)
at org.testng.internal.invokers.TestMethodWorker.run(TestMethodWorker.java:128)
at java.base/java.util.ArrayList.forEach(ArrayList.java:1511)
at org.testng.TestRunner.privateRun(TestRunner.java:808)
at org.testng.TestRunner.run(TestRunner.java:603)
at org.testng.SuiteRunner.runTest(SuiteRunner.java:429)
at org.testng.SuiteRunner.runSequentially(SuiteRunner.java:423)
at org.testng.SuiteRunner.privateRun(SuiteRunner.java:383)
at org.testng.SuiteRunner.run(SuiteRunner.java:326)
at org.testng.SuiteRunnerWorker.runSuite(SuiteRunnerWorker.java:52)
at org.testng.SuiteRunnerWorker.run(SuiteRunnerWorker.java:95)
at org.testng.TestNG.runSuitesSequentially(TestNG.java:1249)
at org.testng.TestNG.runSuitesLocally(TestNG.java:1169)
at org.testng.TestNG.runSuites(TestNG.java:1092)
at org.testng.TestNG.run(TestNG.java:1060)
at org.testng.remote.AbstractRemoteTestNG.run(AbstractRemoteTestNG.java:115)
at org.testng.remote.RemoteTestNG.initAndRun(RemoteTestNG.java:251)
at org.testng.remote.RemoteTestNG.main(RemoteTestNG.java:77)
]]>
            </full-stacktrace>
          </exception> <!-- java.lang.NumberFormatException -->
          <reporter-output>
          </reporter-output>
        </test-method> <!-- crescenteEDecrescente -->
        <test-method is-config="true" signature="afterClass()[pri:0, instance:com.timp.test.BRB.CrescenteEDecrescente@5e2c3d18]" started-at="2023-03-23T02:37:08 UTC" name="afterClass" finished-at="2023-03-23T02:37:08 UTC" duration-ms="0" status="PASS">
          <reporter-output>
          </reporter-output>
        </test-method> <!-- afterClass -->
      </class> <!-- com.timp.test.BRB.CrescenteEDecrescente -->
    </test> <!-- CrescenteEDecrescente -->
    <test started-at="2023-03-23T02:37:08 UTC" name="ComentarioListaSuspensa" finished-at="2023-03-23T02:42:10 UTC" duration-ms="302117">
      <class name="com.timp.test.BRB.ComentarioListaSuspensa">
        <test-method is-config="true" signature="beforeClass()[pri:0, instance:com.timp.test.BRB.ComentarioListaSuspensa@16eb3ea3]" started-at="2023-03-23T02:37:08 UTC" name="beforeClass" finished-at="2023-03-23T02:37:10 UTC" duration-ms="2283" status="PASS">
          <reporter-output>
          </reporter-output>
        </test-method> <!-- beforeClass -->
        <test-method signature="listaSuspensa()[pri:0, instance:com.timp.test.BRB.ComentarioListaSuspensa@16eb3ea3]" started-at="2023-03-23T02:37:10 UTC" name="listaSuspensa" finished-at="2023-03-23T02:42:10 UTC" duration-ms="299831" status="PASS">
          <reporter-output>
          </reporter-output>
        </test-method> <!-- listaSuspensa -->
        <test-method is-config="true" signature="afterClass()[pri:0, instance:com.timp.test.BRB.ComentarioListaSuspensa@16eb3ea3]" started-at="2023-03-23T02:42:10 UTC" name="afterClass" finished-at="2023-03-23T02:42:10 UTC" duration-ms="0" status="PASS">
          <reporter-output>
          </reporter-output>
        </test-method> <!-- afterClass -->
      </class> <!-- com.timp.test.BRB.ComentarioListaSuspensa -->
    </test> <!-- ComentarioListaSuspensa -->
    <test started-at="2023-03-23T02:42:10 UTC" name="ComentarioLibre" finished-at="2023-03-23T02:44:46 UTC" duration-ms="155609">
      <class name="com.timp.test.BRB.ComentarioLibre">
        <test-method is-config="true" signature="beforeClass()[pri:0, instance:com.timp.test.BRB.ComentarioLibre@353352b6]" started-at="2023-03-23T02:42:10 UTC" name="beforeClass" finished-at="2023-03-23T02:42:13 UTC" duration-ms="2383" status="PASS">
          <reporter-output>
          </reporter-output>
        </test-method> <!-- beforeClass -->
        <test-method signature="comentarioLibre()[pri:0, instance:com.timp.test.BRB.ComentarioLibre@353352b6]" started-at="2023-03-23T02:42:13 UTC" name="comentarioLibre" finished-at="2023-03-23T02:44:46 UTC" duration-ms="153224" status="FAIL">
          <exception class="org.openqa.selenium.NoSuchElementException">
            <message>
              <![CDATA[no such element: Unable to locate element: {"method":"xpath","selector":"//div[@data-column="n5" and contains(@aria-label, "Linha: 1-")]/div/div/div/div/input"}
  (Session info: chrome=110.0.5481.180)
For documentation on this error, please visit: https://www.seleniumhq.org/exceptions/no_such_element.html
Build info: version: '3.141.59', revision: 'e82be7d358', time: '2018-11-14T08:17:03'
System info: host: 'EC2AMAZ-8HCHO4G', ip: '10.0.0.249', os.name: 'Windows Server 2019', os.arch: 'amd64', os.version: '10.0', java.version: '17.0.4.1'
Driver info: org.openqa.selenium.chrome.ChromeDriver
Capabilities {acceptInsecureCerts: false, browserName: chrome, browserVersion: 110.0.5481.180, chrome: {chromedriverVersion: 110.0.5481.77 (65ed616c6e8e..., userDataDir: C:\Users\user_ta\AppData\Lo...}, goog:chromeOptions: {debuggerAddress: localhost:49192}, javascriptEnabled: true, networkConnectionEnabled: false, pageLoadStrategy: normal, platform: WINDOWS, platformName: WINDOWS, proxy: Proxy(), setWindowRect: true, strictFileInteractability: false, timeouts: {implicit: 0, pageLoad: 300000, script: 30000}, unhandledPromptBehavior: dismiss and notify, webauthn:extension:credBlob: true, webauthn:extension:largeBlob: true, webauthn:virtualAuthenticators: true}
Session ID: 1d660caa5ce313108e813213bf08aafd
*** Element info: {Using=xpath, value=//div[@data-column="n5" and contains(@aria-label, "Linha: 1-")]/div/div/div/div/input}]]>
            </message>
            <full-stacktrace>
              <![CDATA[org.openqa.selenium.NoSuchElementException: no such element: Unable to locate element: {"method":"xpath","selector":"//div[@data-column="n5" and contains(@aria-label, "Linha: 1-")]/div/div/div/div/input"}
  (Session info: chrome=110.0.5481.180)
For documentation on this error, please visit: https://www.seleniumhq.org/exceptions/no_such_element.html
Build info: version: '3.141.59', revision: 'e82be7d358', time: '2018-11-14T08:17:03'
System info: host: 'EC2AMAZ-8HCHO4G', ip: '10.0.0.249', os.name: 'Windows Server 2019', os.arch: 'amd64', os.version: '10.0', java.version: '17.0.4.1'
Driver info: org.openqa.selenium.chrome.ChromeDriver
Capabilities {acceptInsecureCerts: false, browserName: chrome, browserVersion: 110.0.5481.180, chrome: {chromedriverVersion: 110.0.5481.77 (65ed616c6e8e..., userDataDir: C:\Users\user_ta\AppData\Lo...}, goog:chromeOptions: {debuggerAddress: localhost:49192}, javascriptEnabled: true, networkConnectionEnabled: false, pageLoadStrategy: normal, platform: WINDOWS, platformName: WINDOWS, proxy: Proxy(), setWindowRect: true, strictFileInteractability: false, timeouts: {implicit: 0, pageLoad: 300000, script: 30000}, unhandledPromptBehavior: dismiss and notify, webauthn:extension:credBlob: true, webauthn:extension:largeBlob: true, webauthn:virtualAuthenticators: true}
Session ID: 1d660caa5ce313108e813213bf08aafd
*** Element info: {Using=xpath, value=//div[@data-column="n5" and contains(@aria-label, "Linha: 1-")]/div/div/div/div/input}
at jdk.internal.reflect.GeneratedConstructorAccessor16.newInstance(Unknown Source)
at java.base/jdk.internal.reflect.DelegatingConstructorAccessorImpl.newInstance(DelegatingConstructorAccessorImpl.java:45)
at java.base/java.lang.reflect.Constructor.newInstanceWithCaller(Constructor.java:499)
at java.base/java.lang.reflect.Constructor.newInstance(Constructor.java:480)
at org.openqa.selenium.remote.http.W3CHttpResponseCodec.createException(W3CHttpResponseCodec.java:187)
at org.openqa.selenium.remote.http.W3CHttpResponseCodec.decode(W3CHttpResponseCodec.java:122)
at org.openqa.selenium.remote.http.W3CHttpResponseCodec.decode(W3CHttpResponseCodec.java:49)
at org.openqa.selenium.remote.HttpCommandExecutor.execute(HttpCommandExecutor.java:158)
at org.openqa.selenium.remote.service.DriverCommandExecutor.execute(DriverCommandExecutor.java:83)
at org.openqa.selenium.remote.RemoteWebDriver.execute(RemoteWebDriver.java:552)
at org.openqa.selenium.remote.RemoteWebDriver.findElement(RemoteWebDriver.java:323)
at org.openqa.selenium.remote.RemoteWebDriver.findElementByXPath(RemoteWebDriver.java:428)
at org.openqa.selenium.By$ByXPath.findElement(By.java:353)
at org.openqa.selenium.remote.RemoteWebDriver.findElement(RemoteWebDriver.java:315)
at com.sap.timp.pageObjectModel.BRB.ComentarioLibrePO.aplicarComentarioLibre(ComentarioLibrePO.java:155)
at com.timp.test.BRB.ComentarioLibre.comentarioLibre(ComentarioLibre.java:47)
at java.base/jdk.internal.reflect.NativeMethodAccessorImpl.invoke0(Native Method)
at java.base/jdk.internal.reflect.NativeMethodAccessorImpl.invoke(NativeMethodAccessorImpl.java:77)
at java.base/jdk.internal.reflect.DelegatingMethodAccessorImpl.invoke(DelegatingMethodAccessorImpl.java:43)
at java.base/java.lang.reflect.Method.invoke(Method.java:568)
at org.testng.internal.invokers.MethodInvocationHelper.invokeMethod(MethodInvocationHelper.java:135)
at org.testng.internal.invokers.TestInvoker.invokeMethod(TestInvoker.java:673)
at org.testng.internal.invokers.TestInvoker.invokeTestMethod(TestInvoker.java:220)
at org.testng.internal.invokers.MethodRunner.runInSequence(MethodRunner.java:50)
at org.testng.internal.invokers.TestInvoker$MethodInvocationAgent.invoke(TestInvoker.java:945)
at org.testng.internal.invokers.TestInvoker.invokeTestMethods(TestInvoker.java:193)
at org.testng.internal.invokers.TestMethodWorker.invokeTestMethods(TestMethodWorker.java:146)
at org.testng.internal.invokers.TestMethodWorker.run(TestMethodWorker.java:128)
at java.base/java.util.ArrayList.forEach(ArrayList.java:1511)
at org.testng.TestRunner.privateRun(TestRunner.java:808)
at org.testng.TestRunner.run(TestRunner.java:603)
at org.testng.SuiteRunner.runTest(SuiteRunner.java:429)
at org.testng.SuiteRunner.runSequentially(SuiteRunner.java:423)
at org.testng.SuiteRunner.privateRun(SuiteRunner.java:383)
at org.testng.SuiteRunner.run(SuiteRunner.java:326)
at org.testng.SuiteRunnerWorker.runSuite(SuiteRunnerWorker.java:52)
at org.testng.SuiteRunnerWorker.run(SuiteRunnerWorker.java:95)
at org.testng.TestNG.runSuitesSequentially(TestNG.java:1249)
at org.testng.TestNG.runSuitesLocally(TestNG.java:1169)
at org.testng.TestNG.runSuites(TestNG.java:1092)
at org.testng.TestNG.run(TestNG.java:1060)
at org.testng.remote.AbstractRemoteTestNG.run(AbstractRemoteTestNG.java:115)
at org.testng.remote.RemoteTestNG.initAndRun(RemoteTestNG.java:251)
at org.testng.remote.RemoteTestNG.main(RemoteTestNG.java:77)
]]>
            </full-stacktrace>
          </exception> <!-- org.openqa.selenium.NoSuchElementException -->
          <reporter-output>
          </reporter-output>
        </test-method> <!-- comentarioLibre -->
        <test-method is-config="true" signature="afterClass()[pri:0, instance:com.timp.test.BRB.ComentarioLibre@353352b6]" started-at="2023-03-23T02:44:46 UTC" name="afterClass" finished-at="2023-03-23T02:44:46 UTC" duration-ms="0" status="PASS">
          <reporter-output>
          </reporter-output>
        </test-method> <!-- afterClass -->
      </class> <!-- com.timp.test.BRB.ComentarioLibre -->
    </test> <!-- ComentarioLibre -->
    <test started-at="2023-03-23T02:44:46 UTC" name="Visualizar" finished-at="2023-03-23T02:45:38 UTC" duration-ms="52084">
      <class name="com.timp.test.BRB.Visualizar">
        <test-method is-config="true" signature="beforeClass()[pri:0, instance:com.timp.test.BRB.Visualizar@5386659f]" started-at="2023-03-23T02:44:46 UTC" name="beforeClass" finished-at="2023-03-23T02:44:48 UTC" duration-ms="2303" status="PASS">
          <reporter-output>
          </reporter-output>
        </test-method> <!-- beforeClass -->
        <test-method signature="visualizar()[pri:0, instance:com.timp.test.BRB.Visualizar@5386659f]" started-at="2023-03-23T02:44:48 UTC" name="visualizar" finished-at="2023-03-23T02:45:38 UTC" duration-ms="49778" status="PASS">
          <reporter-output>
          </reporter-output>
        </test-method> <!-- visualizar -->
        <test-method is-config="true" signature="afterClass()[pri:0, instance:com.timp.test.BRB.Visualizar@5386659f]" started-at="2023-03-23T02:45:38 UTC" name="afterClass" finished-at="2023-03-23T02:45:38 UTC" duration-ms="1" status="PASS">
          <reporter-output>
          </reporter-output>
        </test-method> <!-- afterClass -->
      </class> <!-- com.timp.test.BRB.Visualizar -->
    </test> <!-- Visualizar -->
    <test started-at="2023-03-23T02:45:38 UTC" name="ExcluirRelatorio" finished-at="2023-03-23T02:47:57 UTC" duration-ms="139053">
      <class name="com.timp.test.BRB.ExcluirRelatorio">
        <test-method is-config="true" signature="beforeClass()[pri:0, instance:com.timp.test.BRB.ExcluirRelatorio@268f106e]" started-at="2023-03-23T02:45:38 UTC" name="beforeClass" finished-at="2023-03-23T02:45:40 UTC" duration-ms="2382" status="PASS">
          <reporter-output>
          </reporter-output>
        </test-method> <!-- beforeClass -->
        <test-method signature="eliminar()[pri:0, instance:com.timp.test.BRB.ExcluirRelatorio@268f106e]" started-at="2023-03-23T02:45:40 UTC" name="eliminar" finished-at="2023-03-23T02:47:10 UTC" duration-ms="89284" status="PASS">
          <reporter-output>
          </reporter-output>
        </test-method> <!-- eliminar -->
        <test-method signature="eliminarLixeira()[pri:0, instance:com.timp.test.BRB.ExcluirRelatorio@268f106e]" started-at="2023-03-23T02:47:10 UTC" name="eliminarLixeira" finished-at="2023-03-23T02:47:57 UTC" depends-on-methods="com.timp.test.BRB.ExcluirRelatorio.eliminar" duration-ms="47384" status="PASS">
          <reporter-output>
          </reporter-output>
        </test-method> <!-- eliminarLixeira -->
        <test-method is-config="true" signature="afterClass()[pri:0, instance:com.timp.test.BRB.ExcluirRelatorio@268f106e]" started-at="2023-03-23T02:47:57 UTC" name="afterClass" finished-at="2023-03-23T02:47:57 UTC" duration-ms="0" status="PASS">
          <reporter-output>
          </reporter-output>
        </test-method> <!-- afterClass -->
      </class> <!-- com.timp.test.BRB.ExcluirRelatorio -->
    </test> <!-- ExcluirRelatorio -->
    <test started-at="2023-03-23T02:47:57 UTC" name="Output Automatico" finished-at="2023-03-23T02:51:19 UTC" duration-ms="202082">
      <class name="com.timp.test.BRB.OutputAutomatico">
        <test-method is-config="true" signature="beforeClass()[pri:0, instance:com.timp.test.BRB.OutputAutomatico@7c137fd5]" started-at="2023-03-23T02:47:57 UTC" name="beforeClass" finished-at="2023-03-23T02:47:59 UTC" duration-ms="2243" status="PASS">
          <reporter-output>
          </reporter-output>
        </test-method> <!-- beforeClass -->
        <test-method signature="outputAutomatico()[pri:0, instance:com.timp.test.BRB.OutputAutomatico@7c137fd5]" started-at="2023-03-23T02:47:59 UTC" name="outputAutomatico" finished-at="2023-03-23T02:51:19 UTC" duration-ms="199837" status="PASS">
          <reporter-output>
          </reporter-output>
        </test-method> <!-- outputAutomatico -->
        <test-method is-config="true" signature="afterClass()[pri:0, instance:com.timp.test.BRB.OutputAutomatico@7c137fd5]" started-at="2023-03-23T02:51:19 UTC" name="afterClass" finished-at="2023-03-23T02:51:19 UTC" duration-ms="0" status="PASS">
          <reporter-output>
          </reporter-output>
        </test-method> <!-- afterClass -->
      </class> <!-- com.timp.test.BRB.OutputAutomatico -->
    </test> <!-- Output Automatico -->
    <test started-at="2023-03-23T02:51:19 UTC" name="Output Referencia" finished-at="2023-03-23T02:54:22 UTC" duration-ms="182740">
      <class name="com.timp.test.BRB.OutputdeReferencia">
        <test-method is-config="true" signature="beforeClass()[pri:0, instance:com.timp.test.BRB.OutputdeReferencia@4d1c005e]" started-at="2023-03-23T02:51:19 UTC" name="beforeClass" finished-at="2023-03-23T02:51:22 UTC" duration-ms="2493" status="PASS">
          <reporter-output>
          </reporter-output>
        </test-method> <!-- beforeClass -->
        <test-method signature="outputReferencia()[pri:0, instance:com.timp.test.BRB.OutputdeReferencia@4d1c005e]" started-at="2023-03-23T02:51:22 UTC" name="outputReferencia" finished-at="2023-03-23T02:54:22 UTC" duration-ms="180246" status="PASS">
          <reporter-output>
          </reporter-output>
        </test-method> <!-- outputReferencia -->
        <test-method is-config="true" signature="afterClass()[pri:0, instance:com.timp.test.BRB.OutputdeReferencia@4d1c005e]" started-at="2023-03-23T02:54:22 UTC" name="afterClass" finished-at="2023-03-23T02:54:22 UTC" duration-ms="0" status="PASS">
          <reporter-output>
          </reporter-output>
        </test-method> <!-- afterClass -->
      </class> <!-- com.timp.test.BRB.OutputdeReferencia -->
    </test> <!-- Output Referencia -->
    <test started-at="2023-03-23T02:54:22 UTC" name="Atribucao De Regra (Regra)" finished-at="2023-03-23T02:55:19 UTC" duration-ms="56903">
      <class name="com.timp.test.BRB.AtribuicaodeRegra">
        <test-method is-config="true" signature="beforeClass()[pri:0, instance:com.timp.test.BRB.AtribuicaodeRegra@59402b8f]" started-at="2023-03-23T02:54:22 UTC" name="beforeClass" finished-at="2023-03-23T02:54:24 UTC" duration-ms="2418" status="PASS">
          <reporter-output>
          </reporter-output>
        </test-method> <!-- beforeClass -->
        <test-method signature="editar()[pri:0, instance:com.timp.test.BRB.AtribuicaodeRegra@59402b8f]" started-at="2023-03-23T02:54:24 UTC" name="editar" finished-at="2023-03-23T02:55:19 UTC" duration-ms="54313" status="FAIL">
          <exception class="org.openqa.selenium.NoSuchElementException">
            <message>
              <![CDATA[no such element: Unable to locate element: {"method":"xpath","selector":"//span[text()="Atribuir Regra"]"}
  (Session info: chrome=110.0.5481.180)
For documentation on this error, please visit: https://www.seleniumhq.org/exceptions/no_such_element.html
Build info: version: '3.141.59', revision: 'e82be7d358', time: '2018-11-14T08:17:03'
System info: host: 'EC2AMAZ-8HCHO4G', ip: '10.0.0.249', os.name: 'Windows Server 2019', os.arch: 'amd64', os.version: '10.0', java.version: '17.0.4.1'
Driver info: org.openqa.selenium.chrome.ChromeDriver
Capabilities {acceptInsecureCerts: false, browserName: chrome, browserVersion: 110.0.5481.180, chrome: {chromedriverVersion: 110.0.5481.77 (65ed616c6e8e..., userDataDir: C:\Users\user_ta\AppData\Lo...}, goog:chromeOptions: {debuggerAddress: localhost:49763}, javascriptEnabled: true, networkConnectionEnabled: false, pageLoadStrategy: normal, platform: WINDOWS, platformName: WINDOWS, proxy: Proxy(), setWindowRect: true, strictFileInteractability: false, timeouts: {implicit: 0, pageLoad: 300000, script: 30000}, unhandledPromptBehavior: dismiss and notify, webauthn:extension:credBlob: true, webauthn:extension:largeBlob: true, webauthn:virtualAuthenticators: true}
Session ID: fe9235aa528787dc39a317b02af5f349
*** Element info: {Using=xpath, value=//span[text()="Atribuir Regra"]}]]>
            </message>
            <full-stacktrace>
              <![CDATA[org.openqa.selenium.NoSuchElementException: no such element: Unable to locate element: {"method":"xpath","selector":"//span[text()="Atribuir Regra"]"}
  (Session info: chrome=110.0.5481.180)
For documentation on this error, please visit: https://www.seleniumhq.org/exceptions/no_such_element.html
Build info: version: '3.141.59', revision: 'e82be7d358', time: '2018-11-14T08:17:03'
System info: host: 'EC2AMAZ-8HCHO4G', ip: '10.0.0.249', os.name: 'Windows Server 2019', os.arch: 'amd64', os.version: '10.0', java.version: '17.0.4.1'
Driver info: org.openqa.selenium.chrome.ChromeDriver
Capabilities {acceptInsecureCerts: false, browserName: chrome, browserVersion: 110.0.5481.180, chrome: {chromedriverVersion: 110.0.5481.77 (65ed616c6e8e..., userDataDir: C:\Users\user_ta\AppData\Lo...}, goog:chromeOptions: {debuggerAddress: localhost:49763}, javascriptEnabled: true, networkConnectionEnabled: false, pageLoadStrategy: normal, platform: WINDOWS, platformName: WINDOWS, proxy: Proxy(), setWindowRect: true, strictFileInteractability: false, timeouts: {implicit: 0, pageLoad: 300000, script: 30000}, unhandledPromptBehavior: dismiss and notify, webauthn:extension:credBlob: true, webauthn:extension:largeBlob: true, webauthn:virtualAuthenticators: true}
Session ID: fe9235aa528787dc39a317b02af5f349
*** Element info: {Using=xpath, value=//span[text()="Atribuir Regra"]}
at jdk.internal.reflect.GeneratedConstructorAccessor16.newInstance(Unknown Source)
at java.base/jdk.internal.reflect.DelegatingConstructorAccessorImpl.newInstance(DelegatingConstructorAccessorImpl.java:45)
at java.base/java.lang.reflect.Constructor.newInstanceWithCaller(Constructor.java:499)
at java.base/java.lang.reflect.Constructor.newInstance(Constructor.java:480)
at org.openqa.selenium.remote.http.W3CHttpResponseCodec.createException(W3CHttpResponseCodec.java:187)
at org.openqa.selenium.remote.http.W3CHttpResponseCodec.decode(W3CHttpResponseCodec.java:122)
at org.openqa.selenium.remote.http.W3CHttpResponseCodec.decode(W3CHttpResponseCodec.java:49)
at org.openqa.selenium.remote.HttpCommandExecutor.execute(HttpCommandExecutor.java:158)
at org.openqa.selenium.remote.service.DriverCommandExecutor.execute(DriverCommandExecutor.java:83)
at org.openqa.selenium.remote.RemoteWebDriver.execute(RemoteWebDriver.java:552)
at org.openqa.selenium.remote.RemoteWebDriver.findElement(RemoteWebDriver.java:323)
at org.openqa.selenium.remote.RemoteWebDriver.findElementByXPath(RemoteWebDriver.java:428)
at org.openqa.selenium.By$ByXPath.findElement(By.java:353)
at org.openqa.selenium.remote.RemoteWebDriver.findElement(RemoteWebDriver.java:315)
at org.openqa.selenium.support.pagefactory.DefaultElementLocator.findElement(DefaultElementLocator.java:69)
at org.openqa.selenium.support.pagefactory.internal.LocatingElementHandler.invoke(LocatingElementHandler.java:38)
at jdk.proxy2/jdk.proxy2.$Proxy11.click(Unknown Source)
at com.sap.timp.pageObjectModel.BRB.AtribuicaodeRegraPO.editar(AtribuicaodeRegraPO.java:151)
at com.timp.test.BRB.AtribuicaodeRegra.editar(AtribuicaodeRegra.java:42)
at java.base/jdk.internal.reflect.NativeMethodAccessorImpl.invoke0(Native Method)
at java.base/jdk.internal.reflect.NativeMethodAccessorImpl.invoke(NativeMethodAccessorImpl.java:77)
at java.base/jdk.internal.reflect.DelegatingMethodAccessorImpl.invoke(DelegatingMethodAccessorImpl.java:43)
at java.base/java.lang.reflect.Method.invoke(Method.java:568)
at org.testng.internal.invokers.MethodInvocationHelper.invokeMethod(MethodInvocationHelper.java:135)
at org.testng.internal.invokers.TestInvoker.invokeMethod(TestInvoker.java:673)
at org.testng.internal.invokers.TestInvoker.invokeTestMethod(TestInvoker.java:220)
at org.testng.internal.invokers.MethodRunner.runInSequence(MethodRunner.java:50)
at org.testng.internal.invokers.TestInvoker$MethodInvocationAgent.invoke(TestInvoker.java:945)
at org.testng.internal.invokers.TestInvoker.invokeTestMethods(TestInvoker.java:193)
at org.testng.internal.invokers.TestMethodWorker.invokeTestMethods(TestMethodWorker.java:146)
at org.testng.internal.invokers.TestMethodWorker.run(TestMethodWorker.java:128)
at java.base/java.util.ArrayList.forEach(ArrayList.java:1511)
at org.testng.TestRunner.privateRun(TestRunner.java:808)
at org.testng.TestRunner.run(TestRunner.java:603)
at org.testng.SuiteRunner.runTest(SuiteRunner.java:429)
at org.testng.SuiteRunner.runSequentially(SuiteRunner.java:423)
at org.testng.SuiteRunner.privateRun(SuiteRunner.java:383)
at org.testng.SuiteRunner.run(SuiteRunner.java:326)
at org.testng.SuiteRunnerWorker.runSuite(SuiteRunnerWorker.java:52)
at org.testng.SuiteRunnerWorker.run(SuiteRunnerWorker.java:95)
at org.testng.TestNG.runSuitesSequentially(TestNG.java:1249)
at org.testng.TestNG.runSuitesLocally(TestNG.java:1169)
at org.testng.TestNG.runSuites(TestNG.java:1092)
at org.testng.TestNG.run(TestNG.java:1060)
at org.testng.remote.AbstractRemoteTestNG.run(AbstractRemoteTestNG.java:115)
at org.testng.remote.RemoteTestNG.initAndRun(RemoteTestNG.java:251)
at org.testng.remote.RemoteTestNG.main(RemoteTestNG.java:77)
]]>
            </full-stacktrace>
          </exception> <!-- org.openqa.selenium.NoSuchElementException -->
          <reporter-output>
          </reporter-output>
        </test-method> <!-- editar -->
        <test-method is-config="true" signature="afterClass()[pri:0, instance:com.timp.test.BRB.AtribuicaodeRegra@59402b8f]" started-at="2023-03-23T02:55:19 UTC" name="afterClass" finished-at="2023-03-23T02:55:19 UTC" duration-ms="170" status="PASS">
          <reporter-output>
          </reporter-output>
        </test-method> <!-- afterClass -->
      </class> <!-- com.timp.test.BRB.AtribuicaodeRegra -->
    </test> <!-- Atribucao De Regra (Regra) -->
  </suite> <!-- Suite -->
</testng-results>
