<?xml version="1.0" encoding="UTF-8"?>
<testng-results skipped="0" failed="0" total="3" passed="3">
  <reporter-output>
  </reporter-output>
  <suite name="Default suite" duration-ms="152950" started-at="2020-11-30T16:47:07Z" finished-at="2020-11-30T16:49:40Z">
    <groups>
    </groups>
    <test name="Default test" duration-ms="152950" started-at="2020-11-30T16:47:07Z" finished-at="2020-11-30T16:49:40Z">
      <class name="com.timp.test.BRE.RegrasDeMensagens.ParametrosGerais.RegrasDeMensagensEditar">
        <test-method status="PASS" signature="beforeClass()[pri:0, instance:com.timp.test.BRE.RegrasDeMensagens.ParametrosGerais.RegrasDeMensagensEditar@3a079870]" name="beforeClass" is-config="true" duration-ms="14383" started-at="2020-11-30T10:47:07Z" finished-at="2020-11-30T10:47:21Z">
          <reporter-output>
          </reporter-output>
        </test-method> <!-- beforeClass -->
        <test-method status="PASS" signature="login()[pri:0, instance:com.timp.test.BRE.RegrasDeMensagens.ParametrosGerais.RegrasDeMensagensEditar@3a079870]" name="login" duration-ms="10310" started-at="2020-11-30T10:47:21Z" finished-at="2020-11-30T10:47:32Z">
          <reporter-output>
          </reporter-output>
        </test-method> <!-- login -->
        <test-method status="PASS" signature="acessarBRE()[pri:0, instance:com.timp.test.BRE.RegrasDeMensagens.ParametrosGerais.RegrasDeMensagensEditar@3a079870]" name="acessarBRE" duration-ms="15554" started-at="2020-11-30T10:47:32Z" finished-at="2020-11-30T10:47:47Z">
          <reporter-output>
          </reporter-output>
        </test-method> <!-- acessarBRE -->
        <test-method status="PASS" signature="editar()[pri:0, instance:com.timp.test.BRE.RegrasDeMensagens.ParametrosGerais.RegrasDeMensagensEditar@3a079870]" name="editar" duration-ms="108245" started-at="2020-11-30T10:47:47Z" finished-at="2020-11-30T10:49:35Z">
          <reporter-output>
          </reporter-output>
        </test-method> <!-- editar -->
        <test-method status="PASS" signature="afterClass()[pri:0, instance:com.timp.test.BRE.RegrasDeMensagens.ParametrosGerais.RegrasDeMensagensEditar@3a079870]" name="afterClass" is-config="true" duration-ms="4427" started-at="2020-11-30T10:49:35Z" finished-at="2020-11-30T10:49:40Z">
          <reporter-output>
          </reporter-output>
        </test-method> <!-- afterClass -->
      </class> <!-- com.timp.test.BRE.RegrasDeMensagens.ParametrosGerais.RegrasDeMensagensEditar -->
    </test> <!-- Default test -->
  </suite> <!-- Default suite -->
</testng-results>
