<?xml version="1.0" encoding="UTF-8"?>
<testng-results ignored="0" total="2" passed="2" failed="0" skipped="0">
  <reporter-output>
  </reporter-output>
  <suite started-at="2021-06-10T15:21:13Z" name="Default suite" finished-at="2021-06-10T15:23:47Z" duration-ms="153942">
    <groups>
    </groups>
    <test started-at="2021-06-10T15:21:13Z" name="Default test" finished-at="2021-06-10T15:23:47Z" duration-ms="153942">
      <class name="com.timp.test.ATR.Tributos.AgrupamentoDeTributos.AgrupamentoDeTributosExcluirEmMassa">
        <test-method is-config="true" signature="beforeClass()[pri:0, instance:com.timp.test.ATR.Tributos.AgrupamentoDeTributos.AgrupamentoDeTributosExcluirEmMassa@2892dae4]" started-at="2021-06-10T15:21:13Z" name="beforeClass" finished-at="2021-06-10T15:21:29Z" duration-ms="16185" status="PASS">
          <reporter-output>
          </reporter-output>
        </test-method> <!-- beforeClass -->
        <test-method signature="criar()[pri:0, instance:com.timp.test.ATR.Tributos.AgrupamentoDeTributos.AgrupamentoDeTributosExcluirEmMassa@2892dae4]" started-at="2021-06-10T15:21:29Z" name="criar" finished-at="2021-06-10T15:23:19Z" duration-ms="109357" status="PASS">
          <reporter-output>
          </reporter-output>
        </test-method> <!-- criar -->
        <test-method signature="Excluir()[pri:0, instance:com.timp.test.ATR.Tributos.AgrupamentoDeTributos.AgrupamentoDeTributosExcluirEmMassa@2892dae4]" started-at="2021-06-10T15:23:19Z" name="Excluir" finished-at="2021-06-10T15:23:43Z" depends-on-methods="com.timp.test.ATR.Tributos.AgrupamentoDeTributos.AgrupamentoDeTributosExcluirEmMassa.criar" duration-ms="23961" status="PASS">
          <reporter-output>
          </reporter-output>
        </test-method> <!-- Excluir -->
        <test-method is-config="true" signature="afterClass()[pri:0, instance:com.timp.test.ATR.Tributos.AgrupamentoDeTributos.AgrupamentoDeTributosExcluirEmMassa@2892dae4]" started-at="2021-06-10T15:23:43Z" name="afterClass" finished-at="2021-06-10T15:23:47Z" duration-ms="4396" status="PASS">
          <reporter-output>
          </reporter-output>
        </test-method> <!-- afterClass -->
      </class> <!-- com.timp.test.ATR.Tributos.AgrupamentoDeTributos.AgrupamentoDeTributosExcluirEmMassa -->
    </test> <!-- Default test -->
  </suite> <!-- Default suite -->
</testng-results>
