<?xml version="1.0" encoding="UTF-8"?>
<testng-results skipped="0" failed="0" total="6" passed="6">
  <reporter-output>
  </reporter-output>
  <suite name="Suite de testes" duration-ms="173281" started-at="2020-08-03T17:06:37Z" finished-at="2020-08-03T17:09:30Z">
    <groups>
    </groups>
    <test name="FunctionalTests" duration-ms="173281" started-at="2020-08-03T17:06:37Z" finished-at="2020-08-03T17:09:30Z">
      <class name="com.timp.test.BRB.testNg.NovoRelatorio">
        <test-method status="PASS" signature="beforeClass()[pri:0, instance:com.timp.test.BRB.testNg.NovoRelatorio@5419f379]" name="beforeClass" is-config="true" duration-ms="36265" started-at="2020-08-03T11:06:37Z" finished-at="2020-08-03T11:07:13Z">
          <reporter-output>
          </reporter-output>
        </test-method> <!-- beforeClass -->
        <test-method status="PASS" signature="login()[pri:0, instance:com.timp.test.BRB.testNg.NovoRelatorio@5419f379]" name="login" duration-ms="13024" started-at="2020-08-03T11:07:13Z" finished-at="2020-08-03T11:07:26Z">
          <reporter-output>
          </reporter-output>
        </test-method> <!-- login -->
        <test-method status="PASS" signature="brbEntrar()[pri:0, instance:com.timp.test.BRB.testNg.NovoRelatorio@5419f379]" name="brbEntrar" duration-ms="24180" started-at="2020-08-03T11:07:26Z" finished-at="2020-08-03T11:07:51Z">
          <reporter-output>
          </reporter-output>
        </test-method> <!-- brbEntrar -->
        <test-method status="PASS" signature="novoRelatorio()[pri:0, instance:com.timp.test.BRB.testNg.NovoRelatorio@5419f379]" name="novoRelatorio" duration-ms="46227" started-at="2020-08-03T11:07:51Z" finished-at="2020-08-03T11:08:37Z">
          <reporter-output>
          </reporter-output>
        </test-method> <!-- novoRelatorio -->
        <test-method status="PASS" signature="colunas()[pri:0, instance:com.timp.test.BRB.testNg.NovoRelatorio@5419f379]" name="colunas" duration-ms="53572" started-at="2020-08-03T11:08:37Z" finished-at="2020-08-03T11:09:30Z">
          <reporter-output>
          </reporter-output>
        </test-method> <!-- colunas -->
        <test-method status="PASS" signature="afterClass()[pri:0, instance:com.timp.test.BRB.testNg.NovoRelatorio@5419f379]" name="afterClass" is-config="true" duration-ms="0" started-at="2020-08-03T11:09:30Z" finished-at="2020-08-03T11:09:30Z">
          <reporter-output>
          </reporter-output>
        </test-method> <!-- afterClass -->
      </class> <!-- com.timp.test.BRB.testNg.NovoRelatorio -->
      <class name="com.timp.test.BRB.testNg.BRBAcessar">
        <test-method status="PASS" signature="beforeClass()[pri:0, instance:com.timp.test.BRB.testNg.BRBAcessar@7823a2f9]" name="beforeClass" is-config="true" duration-ms="35626" started-at="2020-08-03T11:06:37Z" finished-at="2020-08-03T11:07:13Z">
          <reporter-output>
          </reporter-output>
        </test-method> <!-- beforeClass -->
        <test-method status="PASS" signature="login()[pri:0, instance:com.timp.test.BRB.testNg.BRBAcessar@7823a2f9]" name="login" duration-ms="13655" started-at="2020-08-03T11:07:13Z" finished-at="2020-08-03T11:07:26Z">
          <reporter-output>
          </reporter-output>
        </test-method> <!-- login -->
        <test-method status="PASS" signature="brbEntrar()[pri:0, instance:com.timp.test.BRB.testNg.BRBAcessar@7823a2f9]" name="brbEntrar" duration-ms="24203" started-at="2020-08-03T11:07:26Z" finished-at="2020-08-03T11:07:51Z">
          <reporter-output>
          </reporter-output>
        </test-method> <!-- brbEntrar -->
        <test-method status="PASS" signature="afterClass()[pri:0, instance:com.timp.test.BRB.testNg.BRBAcessar@7823a2f9]" name="afterClass" is-config="true" duration-ms="0" started-at="2020-08-03T11:07:51Z" finished-at="2020-08-03T11:07:51Z">
          <reporter-output>
          </reporter-output>
        </test-method> <!-- afterClass -->
      </class> <!-- com.timp.test.BRB.testNg.BRBAcessar -->
    </test> <!-- FunctionalTests -->
  </suite> <!-- Suite de testes -->
</testng-results>
