<?xml version="1.0" encoding="UTF-8"?>
<testng-results ignored="0" total="3" passed="3" failed="0" skipped="0">
  <reporter-output>
  </reporter-output>
  <suite started-at="2021-03-22T01:35:07Z" name="Default suite" finished-at="2021-03-22T01:36:27Z" duration-ms="79770">
    <groups>
    </groups>
    <test started-at="2021-03-22T01:35:07Z" name="Default test" finished-at="2021-03-22T01:36:27Z" duration-ms="79770">
      <class name="com.timp.test.TDK.Kpis.Lixeira.LixeiraFiltroPorID">
        <test-method is-config="true" signature="beforeClass()[pri:0, instance:com.timp.test.TDK.Kpis.Lixeira.LixeiraFiltroPorID@301eda63]" started-at="2021-03-22T01:35:07Z" name="beforeClass" finished-at="2021-03-22T01:35:23Z" duration-ms="15572" status="PASS">
          <reporter-output>
          </reporter-output>
        </test-method> <!-- beforeClass -->
        <test-method signature="login()[pri:0, instance:com.timp.test.TDK.Kpis.Lixeira.LixeiraFiltroPorID@301eda63]" started-at="2021-03-22T01:35:23Z" name="login" finished-at="2021-03-22T01:35:32Z" duration-ms="8918" status="PASS">
          <reporter-output>
          </reporter-output>
        </test-method> <!-- login -->
        <test-method signature="acessarTDK()[pri:1, instance:com.timp.test.TDK.Kpis.Lixeira.LixeiraFiltroPorID@301eda63]" started-at="2021-03-22T01:35:32Z" name="acessarTDK" finished-at="2021-03-22T01:36:02Z" duration-ms="30393" status="PASS">
          <reporter-output>
          </reporter-output>
        </test-method> <!-- acessarTDK -->
        <test-method signature="filtro()[pri:2, instance:com.timp.test.TDK.Kpis.Lixeira.LixeiraFiltroPorID@301eda63]" started-at="2021-03-22T01:36:02Z" name="filtro" finished-at="2021-03-22T01:36:27Z" duration-ms="24852" status="PASS">
          <reporter-output>
          </reporter-output>
        </test-method> <!-- filtro -->
        <test-method is-config="true" signature="afterClass()[pri:0, instance:com.timp.test.TDK.Kpis.Lixeira.LixeiraFiltroPorID@301eda63]" started-at="2021-03-22T01:36:27Z" name="afterClass" finished-at="2021-03-22T01:36:27Z" duration-ms="1" status="PASS">
          <reporter-output>
          </reporter-output>
        </test-method> <!-- afterClass -->
      </class> <!-- com.timp.test.TDK.Kpis.Lixeira.LixeiraFiltroPorID -->
    </test> <!-- Default test -->
  </suite> <!-- Default suite -->
</testng-results>
