<?xml version="1.0" encoding="UTF-8"?>
<testng-results ignored="0" total="1" passed="1" failed="0" skipped="0">
  <reporter-output>
  </reporter-output>
  <suite started-at="2021-05-26T13:57:09Z" name="Default suite" finished-at="2021-05-26T13:58:43Z" duration-ms="94659">
    <groups>
    </groups>
    <test started-at="2021-05-26T13:57:09Z" name="Default test" finished-at="2021-05-26T13:58:43Z" duration-ms="94659">
      <class name="com.timp.test.MDR.TaxasDeConversao.TaxasDeConversaoCriar">
        <test-method is-config="true" signature="beforeClass()[pri:0, instance:com.timp.test.MDR.TaxasDeConversao.TaxasDeConversaoCriar@13b13b5d]" started-at="2021-05-26T13:57:09Z" name="beforeClass" finished-at="2021-05-26T13:57:23Z" duration-ms="14482" status="PASS">
          <reporter-output>
          </reporter-output>
        </test-method> <!-- beforeClass -->
        <test-method signature="criar()[pri:0, instance:com.timp.test.MDR.TaxasDeConversao.TaxasDeConversaoCriar@13b13b5d]" started-at="2021-05-26T13:57:23Z" name="criar" finished-at="2021-05-26T13:58:43Z" duration-ms="79667" status="PASS">
          <reporter-output>
          </reporter-output>
        </test-method> <!-- criar -->
        <test-method is-config="true" signature="afterClass()[pri:0, instance:com.timp.test.MDR.TaxasDeConversao.TaxasDeConversaoCriar@13b13b5d]" started-at="2021-05-26T13:58:43Z" name="afterClass" finished-at="2021-05-26T13:58:43Z" duration-ms="474" status="PASS">
          <reporter-output>
          </reporter-output>
        </test-method> <!-- afterClass -->
      </class> <!-- com.timp.test.MDR.TaxasDeConversao.TaxasDeConversaoCriar -->
    </test> <!-- Default test -->
  </suite> <!-- Default suite -->
</testng-results>
