<?xml version="1.0" encoding="UTF-8"?>
<testng-results skipped="0" failed="0" total="3" passed="3">
  <reporter-output>
  </reporter-output>
  <suite name="Default suite" duration-ms="86539" started-at="2020-08-04T17:54:22Z" finished-at="2020-08-04T17:55:48Z">
    <groups>
    </groups>
    <test name="Default test" duration-ms="86539" started-at="2020-08-04T17:54:22Z" finished-at="2020-08-04T17:55:48Z">
      <class name="com.timp.test.MDR.TabelasApoioSped.CodigoTipoCredito.CodigoTipoCreditoCriar">
        <test-method status="PASS" signature="beforeClass()[pri:0, instance:com.timp.test.MDR.TabelasApoioSped.CodigoTipoCredito.CodigoTipoCreditoCriar@35083305]" name="beforeClass" is-config="true" duration-ms="11756" started-at="2020-08-04T11:54:22Z" finished-at="2020-08-04T11:54:34Z">
          <reporter-output>
          </reporter-output>
        </test-method> <!-- beforeClass -->
        <test-method status="PASS" signature="login()[pri:0, instance:com.timp.test.MDR.TabelasApoioSped.CodigoTipoCredito.CodigoTipoCreditoCriar@35083305]" name="login" duration-ms="5904" started-at="2020-08-04T11:54:34Z" finished-at="2020-08-04T11:54:39Z">
          <reporter-output>
          </reporter-output>
        </test-method> <!-- login -->
        <test-method status="PASS" signature="acessarMDR()[pri:0, instance:com.timp.test.MDR.TabelasApoioSped.CodigoTipoCredito.CodigoTipoCreditoCriar@35083305]" name="acessarMDR" duration-ms="7832" started-at="2020-08-04T11:54:39Z" finished-at="2020-08-04T11:54:47Z">
          <reporter-output>
          </reporter-output>
        </test-method> <!-- acessarMDR -->
        <test-method status="PASS" signature="criar()[pri:0, instance:com.timp.test.MDR.TabelasApoioSped.CodigoTipoCredito.CodigoTipoCreditoCriar@35083305]" name="criar" duration-ms="61025" started-at="2020-08-04T11:54:47Z" finished-at="2020-08-04T11:55:48Z">
          <reporter-output>
          </reporter-output>
        </test-method> <!-- criar -->
      </class> <!-- com.timp.test.MDR.TabelasApoioSped.CodigoTipoCredito.CodigoTipoCreditoCriar -->
    </test> <!-- Default test -->
  </suite> <!-- Default suite -->
</testng-results>
