<?xml version="1.0" encoding="UTF-8"?>
<testng-results skipped="0" failed="0" total="3" passed="3">
  <reporter-output>
  </reporter-output>
  <suite name="Default suite" duration-ms="46211" started-at="2020-12-24T16:16:14Z" finished-at="2020-12-24T16:17:00Z">
    <groups>
    </groups>
    <test name="Default test" duration-ms="46211" started-at="2020-12-24T16:16:14Z" finished-at="2020-12-24T16:17:00Z">
      <class name="com.timp.test.TBD.Configuração.TipoDeDocumento.FiltroPorID">
        <test-method status="PASS" signature="beforeClass()[pri:0, instance:com.timp.test.TBD.Configuração.TipoDeDocumento.FiltroPorID@f2f2cc1]" name="beforeClass" is-config="true" duration-ms="11554" started-at="2020-12-24T10:16:14Z" finished-at="2020-12-24T10:16:25Z">
          <reporter-output>
          </reporter-output>
        </test-method> <!-- beforeClass -->
        <test-method status="PASS" signature="login()[pri:0, instance:com.timp.test.TBD.Configuração.TipoDeDocumento.FiltroPorID@f2f2cc1]" name="login" duration-ms="7809" started-at="2020-12-24T10:16:25Z" finished-at="2020-12-24T10:16:33Z">
          <reporter-output>
          </reporter-output>
        </test-method> <!-- login -->
        <test-method status="PASS" signature="acessarTCC()[pri:0, instance:com.timp.test.TBD.Configuração.TipoDeDocumento.FiltroPorID@f2f2cc1]" name="acessarTCC" duration-ms="14091" started-at="2020-12-24T10:16:33Z" finished-at="2020-12-24T10:16:47Z">
          <reporter-output>
          </reporter-output>
        </test-method> <!-- acessarTCC -->
        <test-method status="PASS" signature="filtro()[pri:0, instance:com.timp.test.TBD.Configuração.TipoDeDocumento.FiltroPorID@f2f2cc1]" name="filtro" duration-ms="12657" started-at="2020-12-24T10:16:47Z" finished-at="2020-12-24T10:17:00Z">
          <reporter-output>
          </reporter-output>
        </test-method> <!-- filtro -->
        <test-method status="PASS" signature="afterClass()[pri:0, instance:com.timp.test.TBD.Configuração.TipoDeDocumento.FiltroPorID@f2f2cc1]" name="afterClass" is-config="true" duration-ms="73" started-at="2020-12-24T10:17:00Z" finished-at="2020-12-24T10:17:00Z">
          <reporter-output>
          </reporter-output>
        </test-method> <!-- afterClass -->
      </class> <!-- com.timp.test.TBD.Configuração.TipoDeDocumento.FiltroPorID -->
    </test> <!-- Default test -->
  </suite> <!-- Default suite -->
</testng-results>
