<?xml version="1.0" encoding="UTF-8"?>
<testng-results ignored="0" total="1" passed="1" failed="0" skipped="0">
  <reporter-output>
  </reporter-output>
  <suite started-at="2023-01-25T13:16:14 BRT" name="Default suite" finished-at="2023-01-25T13:20:02 BRT" duration-ms="228211">
    <groups>
    </groups>
    <test started-at="2023-01-25T13:16:14 BRT" name="Default test" finished-at="2023-01-25T13:20:02 BRT" duration-ms="228211">
      <class name="com.timp.test.BRB.NovoRelatorio">
        <test-method is-config="true" signature="beforeClass()[pri:0, instance:com.timp.test.BRB.NovoRelatorio@54a7079e]" started-at="2023-01-25T13:16:14 BRT" name="beforeClass" finished-at="2023-01-25T13:16:42 BRT" duration-ms="27668" status="PASS">
          <reporter-output>
          </reporter-output>
        </test-method> <!-- beforeClass -->
        <test-method signature="novoRelatorio()[pri:0, instance:com.timp.test.BRB.NovoRelatorio@54a7079e]" started-at="2023-01-25T13:16:42 BRT" name="novoRelatorio" finished-at="2023-01-25T13:19:58 BRT" duration-ms="196062" status="PASS">
          <reporter-output>
          </reporter-output>
        </test-method> <!-- novoRelatorio -->
        <test-method is-config="true" signature="afterClass()[pri:0, instance:com.timp.test.BRB.NovoRelatorio@54a7079e]" started-at="2023-01-25T13:19:58 BRT" name="afterClass" finished-at="2023-01-25T13:20:02 BRT" duration-ms="4439" status="PASS">
          <reporter-output>
          </reporter-output>
        </test-method> <!-- afterClass -->
      </class> <!-- com.timp.test.BRB.NovoRelatorio -->
    </test> <!-- Default test -->
  </suite> <!-- Default suite -->
</testng-results>
