<?xml version="1.0" encoding="UTF-8"?>
<testng-results skipped="0" failed="0" total="3" passed="3">
  <reporter-output>
  </reporter-output>
  <suite name="Default suite" duration-ms="80022" started-at="2020-08-07T02:01:54Z" finished-at="2020-08-07T02:03:14Z">
    <groups>
    </groups>
    <test name="Default test" duration-ms="80022" started-at="2020-08-07T02:01:54Z" finished-at="2020-08-07T02:03:14Z">
      <class name="com.timp.test.MDR.Centralizacao.Tributos.TributosExcluir">
        <test-method status="PASS" signature="beforeClass()[pri:0, instance:com.timp.test.MDR.Centralizacao.Tributos.TributosExcluir@55a1c291]" name="beforeClass" is-config="true" duration-ms="12073" started-at="2020-08-06T20:01:54Z" finished-at="2020-08-06T20:02:06Z">
          <reporter-output>
          </reporter-output>
        </test-method> <!-- beforeClass -->
        <test-method status="PASS" signature="login()[pri:0, instance:com.timp.test.MDR.Centralizacao.Tributos.TributosExcluir@55a1c291]" name="login" duration-ms="6709" started-at="2020-08-06T20:02:06Z" finished-at="2020-08-06T20:02:13Z">
          <reporter-output>
          </reporter-output>
        </test-method> <!-- login -->
        <test-method status="PASS" signature="acessarMDR()[pri:0, instance:com.timp.test.MDR.Centralizacao.Tributos.TributosExcluir@55a1c291]" name="acessarMDR" duration-ms="8856" started-at="2020-08-06T20:02:13Z" finished-at="2020-08-06T20:02:21Z">
          <reporter-output>
          </reporter-output>
        </test-method> <!-- acessarMDR -->
        <test-method status="PASS" signature="tributosExcluir()[pri:0, instance:com.timp.test.MDR.Centralizacao.Tributos.TributosExcluir@55a1c291]" name="tributosExcluir" duration-ms="52371" started-at="2020-08-06T20:02:21Z" finished-at="2020-08-06T20:03:14Z">
          <reporter-output>
          </reporter-output>
        </test-method> <!-- tributosExcluir -->
        <test-method status="PASS" signature="afterClass()[pri:0, instance:com.timp.test.MDR.Centralizacao.Tributos.TributosExcluir@55a1c291]" name="afterClass" is-config="true" duration-ms="0" started-at="2020-08-06T20:03:14Z" finished-at="2020-08-06T20:03:14Z">
          <reporter-output>
          </reporter-output>
        </test-method> <!-- afterClass -->
      </class> <!-- com.timp.test.MDR.Centralizacao.Tributos.TributosExcluir -->
    </test> <!-- Default test -->
  </suite> <!-- Default suite -->
</testng-results>
