<?xml version="1.0" encoding="UTF-8"?>
<testng-results total="9" passed="9" failed="0" skipped="0">
  <reporter-output>
  </reporter-output>
  <suite started-at="2021-01-09T17:09:49Z" name="Default suite" finished-at="2021-01-09T17:15:35Z" duration-ms="346670">
    <groups>
    </groups>
    <test started-at="2021-01-09T17:09:49Z" name="Default test" finished-at="2021-01-09T17:15:35Z" duration-ms="346670">
      <class name="com.timp.test.DFG.Leiautes.LeiautesExecucaoFuncionalidades4">
        <test-method is-config="true" signature="beforeClass()[pri:0, instance:com.timp.test.DFG.Leiautes.LeiautesExecucaoFuncionalidades4@53251a66]" started-at="2021-01-09T11:09:49Z" name="beforeClass" finished-at="2021-01-09T11:10:04Z" duration-ms="14732" status="PASS">
          <reporter-output>
          </reporter-output>
        </test-method> <!-- beforeClass -->
        <test-method signature="ingresar()[pri:0, instance:com.timp.test.DFG.Leiautes.LeiautesExecucaoFuncionalidades4@53251a66]" started-at="2021-01-09T11:10:04Z" name="ingresar" finished-at="2021-01-09T11:10:15Z" duration-ms="11092" status="PASS">
          <reporter-output>
          </reporter-output>
        </test-method> <!-- ingresar -->
        <test-method signature="mdrEntrar()[pri:0, instance:com.timp.test.DFG.Leiautes.LeiautesExecucaoFuncionalidades4@53251a66]" started-at="2021-01-09T11:10:15Z" name="mdrEntrar" finished-at="2021-01-09T11:10:36Z" duration-ms="21195" status="PASS">
          <reporter-output>
          </reporter-output>
        </test-method> <!-- mdrEntrar -->
        <test-method signature="dataInicialDeReferencia()[pri:0, instance:com.timp.test.DFG.Leiautes.LeiautesExecucaoFuncionalidades4@53251a66]" started-at="2021-01-09T11:10:36Z" name="dataInicialDeReferencia" finished-at="2021-01-09T11:12:21Z" duration-ms="105493" status="PASS">
          <reporter-output>
          </reporter-output>
        </test-method> <!-- dataInicialDeReferencia -->
        <test-method signature="saltodeLinha()[pri:0, instance:com.timp.test.DFG.Leiautes.LeiautesExecucaoFuncionalidades4@53251a66]" started-at="2021-01-09T11:12:21Z" name="saltodeLinha" finished-at="2021-01-09T11:12:40Z" duration-ms="19043" status="PASS">
          <reporter-output>
          </reporter-output>
        </test-method> <!-- saltodeLinha -->
        <test-method signature="dataFinalDeReferencia()[pri:0, instance:com.timp.test.DFG.Leiautes.LeiautesExecucaoFuncionalidades4@53251a66]" started-at="2021-01-09T11:12:40Z" name="dataFinalDeReferencia" finished-at="2021-01-09T11:13:18Z" duration-ms="37651" status="PASS">
          <reporter-output>
          </reporter-output>
        </test-method> <!-- dataFinalDeReferencia -->
        <test-method signature="versao()[pri:0, instance:com.timp.test.DFG.Leiautes.LeiautesExecucaoFuncionalidades4@53251a66]" started-at="2021-01-09T11:13:18Z" name="versao" finished-at="2021-01-09T11:13:42Z" duration-ms="23834" status="PASS">
          <reporter-output>
          </reporter-output>
        </test-method> <!-- versao -->
        <test-method signature="horaDaExecucao()[pri:0, instance:com.timp.test.DFG.Leiautes.LeiautesExecucaoFuncionalidades4@53251a66]" started-at="2021-01-09T11:13:42Z" name="horaDaExecucao" finished-at="2021-01-09T11:14:20Z" duration-ms="38224" status="PASS">
          <reporter-output>
          </reporter-output>
        </test-method> <!-- horaDaExecucao -->
        <test-method signature="dataDaExecucao()[pri:0, instance:com.timp.test.DFG.Leiautes.LeiautesExecucaoFuncionalidades4@53251a66]" started-at="2021-01-09T11:14:20Z" name="dataDaExecucao" finished-at="2021-01-09T11:14:58Z" duration-ms="37651" status="PASS">
          <reporter-output>
          </reporter-output>
        </test-method> <!-- dataDaExecucao -->
        <test-method signature="periodoDaReferencia()[pri:0, instance:com.timp.test.DFG.Leiautes.LeiautesExecucaoFuncionalidades4@53251a66]" started-at="2021-01-09T11:14:58Z" name="periodoDaReferencia" finished-at="2021-01-09T11:15:35Z" duration-ms="37701" status="PASS">
          <reporter-output>
          </reporter-output>
        </test-method> <!-- periodoDaReferencia -->
        <test-method is-config="true" signature="afterClass()[pri:0, instance:com.timp.test.DFG.Leiautes.LeiautesExecucaoFuncionalidades4@53251a66]" started-at="2021-01-09T11:15:35Z" name="afterClass" finished-at="2021-01-09T11:15:35Z" duration-ms="0" status="PASS">
          <reporter-output>
          </reporter-output>
        </test-method> <!-- afterClass -->
      </class> <!-- com.timp.test.DFG.Leiautes.LeiautesExecucaoFuncionalidades4 -->
    </test> <!-- Default test -->
  </suite> <!-- Default suite -->
</testng-results>
