<?xml version="1.0" encoding="UTF-8"?>
<testng-results ignored="0" total="23" passed="20" failed="3" skipped="0">
  <reporter-output>
  </reporter-output>
  <suite started-at="2021-04-06T19:31:13Z" name="Default suite" finished-at="2021-04-06T19:50:28Z" duration-ms="1155452">
    <groups>
    </groups>
    <test started-at="2021-04-06T19:31:13Z" name="Default test" finished-at="2021-04-06T19:50:28Z" duration-ms="1155452">
      <class name="com.timp.test.DFG.Leiautes.LeiautesExecucaoFuncionalidades2">
        <test-method is-config="true" signature="beforeClass()[pri:0, instance:com.timp.test.DFG.Leiautes.LeiautesExecucaoFuncionalidades2@4681c175]" started-at="2021-04-06T19:31:13Z" name="beforeClass" finished-at="2021-04-06T19:31:24Z" duration-ms="11347" status="PASS">
          <reporter-output>
          </reporter-output>
        </test-method> <!-- beforeClass -->
        <test-method signature="ingresar()[pri:0, instance:com.timp.test.DFG.Leiautes.LeiautesExecucaoFuncionalidades2@4681c175]" started-at="2021-04-06T19:31:24Z" name="ingresar" finished-at="2021-04-06T19:31:32Z" duration-ms="8249" status="PASS">
          <reporter-output>
          </reporter-output>
        </test-method> <!-- ingresar -->
        <test-method signature="mdrEntrar()[pri:1, instance:com.timp.test.DFG.Leiautes.LeiautesExecucaoFuncionalidades2@4681c175]" started-at="2021-04-06T19:31:32Z" name="mdrEntrar" finished-at="2021-04-06T19:31:55Z" duration-ms="22268" status="PASS">
          <reporter-output>
          </reporter-output>
        </test-method> <!-- mdrEntrar -->
        <test-method signature="criar()[pri:2, instance:com.timp.test.DFG.Leiautes.LeiautesExecucaoFuncionalidades2@4681c175]" started-at="2021-04-06T19:31:55Z" name="criar" finished-at="2021-04-06T19:34:07Z" duration-ms="132368" status="PASS">
          <reporter-output>
          </reporter-output>
        </test-method> <!-- criar -->
        <test-method signature="BRE()[pri:3, instance:com.timp.test.DFG.Leiautes.LeiautesExecucaoFuncionalidades2@4681c175]" started-at="2021-04-06T19:34:07Z" name="BRE" finished-at="2021-04-06T19:36:26Z" duration-ms="138662" status="PASS">
          <reporter-output>
          </reporter-output>
        </test-method> <!-- BRE -->
        <test-method signature="EditarDFG()[pri:3, instance:com.timp.test.DFG.Leiautes.LeiautesExecucaoFuncionalidades2@4681c175]" started-at="2021-04-06T19:36:26Z" name="EditarDFG" finished-at="2021-04-06T19:38:18Z" duration-ms="112543" status="PASS">
          <reporter-output>
          </reporter-output>
        </test-method> <!-- EditarDFG -->
        <test-method signature="regraOcultacao()[pri:4, instance:com.timp.test.DFG.Leiautes.LeiautesExecucaoFuncionalidades2@4681c175]" started-at="2021-04-06T19:38:18Z" name="regraOcultacao" finished-at="2021-04-06T19:39:06Z" duration-ms="47277" status="PASS">
          <reporter-output>
          </reporter-output>
        </test-method> <!-- regraOcultacao -->
        <test-method signature="totalDeBloco()[pri:5, instance:com.timp.test.DFG.Leiautes.LeiautesExecucaoFuncionalidades2@4681c175]" started-at="2021-04-06T19:39:06Z" name="totalDeBloco" finished-at="2021-04-06T19:39:27Z" duration-ms="21550" status="PASS">
          <reporter-output>
          </reporter-output>
        </test-method> <!-- totalDeBloco -->
        <test-method signature="totalDeRegistro()[pri:6, instance:com.timp.test.DFG.Leiautes.LeiautesExecucaoFuncionalidades2@4681c175]" started-at="2021-04-06T19:39:27Z" name="totalDeRegistro" finished-at="2021-04-06T19:39:46Z" duration-ms="19362" status="PASS">
          <reporter-output>
          </reporter-output>
        </test-method> <!-- totalDeRegistro -->
        <test-method signature="totalDeForma()[pri:7, instance:com.timp.test.DFG.Leiautes.LeiautesExecucaoFuncionalidades2@4681c175]" started-at="2021-04-06T19:39:46Z" name="totalDeForma" finished-at="2021-04-06T19:39:55Z" duration-ms="8781" status="PASS">
          <reporter-output>
          </reporter-output>
        </test-method> <!-- totalDeForma -->
        <test-method signature="concatenacao()[pri:8, instance:com.timp.test.DFG.Leiautes.LeiautesExecucaoFuncionalidades2@4681c175]" started-at="2021-04-06T19:39:55Z" name="concatenacao" finished-at="2021-04-06T19:40:22Z" duration-ms="26962" status="PASS">
          <reporter-output>
          </reporter-output>
        </test-method> <!-- concatenacao -->
        <test-method signature="contadorDeRegistro()[pri:9, instance:com.timp.test.DFG.Leiautes.LeiautesExecucaoFuncionalidades2@4681c175]" started-at="2021-04-06T19:40:22Z" name="contadorDeRegistro" finished-at="2021-04-06T19:40:52Z" duration-ms="29615" status="PASS">
          <reporter-output>
          </reporter-output>
        </test-method> <!-- contadorDeRegistro -->
        <test-method signature="criarConfiguracao()[pri:10, instance:com.timp.test.DFG.Leiautes.LeiautesExecucaoFuncionalidades2@4681c175]" started-at="2021-04-06T19:40:52Z" name="criarConfiguracao" finished-at="2021-04-06T19:42:16Z" duration-ms="83937" status="PASS">
          <reporter-output>
          </reporter-output>
        </test-method> <!-- criarConfiguracao -->
        <test-method signature="execucao()[pri:11, instance:com.timp.test.DFG.Leiautes.LeiautesExecucaoFuncionalidades2@4681c175]" started-at="2021-04-06T19:42:16Z" name="execucao" finished-at="2021-04-06T19:43:47Z" duration-ms="91028" status="PASS">
          <reporter-output>
          </reporter-output>
        </test-method> <!-- execucao -->
        <test-method signature="verificacaoBloco1()[pri:12, instance:com.timp.test.DFG.Leiautes.LeiautesExecucaoFuncionalidades2@4681c175]" started-at="2021-04-06T19:43:47Z" name="verificacaoBloco1" finished-at="2021-04-06T19:43:47Z" duration-ms="72" status="FAIL">
          <exception class="java.lang.NumberFormatException">
            <message>
              <![CDATA[empty String]]>
            </message>
            <full-stacktrace>
              <![CDATA[java.lang.NumberFormatException: empty String
at java.base/jdk.internal.math.FloatingDecimal.readJavaFormatString(FloatingDecimal.java:1842)
at java.base/jdk.internal.math.FloatingDecimal.parseDouble(FloatingDecimal.java:110)
at java.base/java.lang.Double.parseDouble(Double.java:549)
at java.base/java.lang.Double.<init>(Double.java:631)
at com.sap.timp.base.TestBaseSteven.convertToDouble(TestBaseSteven.java:368)
at com.sap.timp.pageObjectModel.DFG.Leiautes.LeiautesExecucaoFuncionalidades2PO.verificaoDadosBloco1(LeiautesExecucaoFuncionalidades2PO.java:1864)
at com.timp.test.DFG.Leiautes.LeiautesExecucaoFuncionalidades2.verificacaoBloco1(LeiautesExecucaoFuncionalidades2.java:159)
at java.base/jdk.internal.reflect.NativeMethodAccessorImpl.invoke0(Native Method)
at java.base/jdk.internal.reflect.NativeMethodAccessorImpl.invoke(NativeMethodAccessorImpl.java:62)
at java.base/jdk.internal.reflect.DelegatingMethodAccessorImpl.invoke(DelegatingMethodAccessorImpl.java:43)
at java.base/java.lang.reflect.Method.invoke(Method.java:564)
at org.testng.internal.MethodInvocationHelper.invokeMethod(MethodInvocationHelper.java:124)
at org.testng.internal.Invoker.invokeMethod(Invoker.java:583)
at org.testng.internal.Invoker.invokeTestMethod(Invoker.java:719)
at org.testng.internal.Invoker.invokeTestMethods(Invoker.java:989)
at org.testng.internal.TestMethodWorker.invokeTestMethods(TestMethodWorker.java:125)
at org.testng.internal.TestMethodWorker.run(TestMethodWorker.java:109)
at org.testng.TestRunner.privateRun(TestRunner.java:648)
at org.testng.TestRunner.run(TestRunner.java:505)
at org.testng.SuiteRunner.runTest(SuiteRunner.java:455)
at org.testng.SuiteRunner.runSequentially(SuiteRunner.java:450)
at org.testng.SuiteRunner.privateRun(SuiteRunner.java:415)
at org.testng.SuiteRunner.run(SuiteRunner.java:364)
at org.testng.SuiteRunnerWorker.runSuite(SuiteRunnerWorker.java:52)
at org.testng.SuiteRunnerWorker.run(SuiteRunnerWorker.java:84)
at org.testng.TestNG.runSuitesSequentially(TestNG.java:1208)
at org.testng.TestNG.runSuitesLocally(TestNG.java:1137)
at org.testng.TestNG.runSuites(TestNG.java:1049)
at org.testng.TestNG.run(TestNG.java:1017)
at org.testng.remote.AbstractRemoteTestNG.run(AbstractRemoteTestNG.java:115)
at org.testng.remote.RemoteTestNG.initAndRun(RemoteTestNG.java:251)
at org.testng.remote.RemoteTestNG.main(RemoteTestNG.java:77)
]]>
            </full-stacktrace>
          </exception> <!-- java.lang.NumberFormatException -->
          <reporter-output>
          </reporter-output>
        </test-method> <!-- verificacaoBloco1 -->
        <test-method signature="verificacaoBloco2()[pri:13, instance:com.timp.test.DFG.Leiautes.LeiautesExecucaoFuncionalidades2@4681c175]" started-at="2021-04-06T19:43:47Z" name="verificacaoBloco2" finished-at="2021-04-06T19:43:53Z" duration-ms="6233" status="PASS">
          <reporter-output>
          </reporter-output>
        </test-method> <!-- verificacaoBloco2 -->
        <test-method signature="verificacaoBloco3()[pri:14, instance:com.timp.test.DFG.Leiautes.LeiautesExecucaoFuncionalidades2@4681c175]" started-at="2021-04-06T19:43:53Z" name="verificacaoBloco3" finished-at="2021-04-06T19:44:15Z" duration-ms="21693" status="PASS">
          <reporter-output>
          </reporter-output>
        </test-method> <!-- verificacaoBloco3 -->
        <test-method signature="verificacaoBloco4()[pri:15, instance:com.timp.test.DFG.Leiautes.LeiautesExecucaoFuncionalidades2@4681c175]" started-at="2021-04-06T19:44:15Z" name="verificacaoBloco4" finished-at="2021-04-06T19:44:36Z" duration-ms="21624" status="PASS">
          <reporter-output>
          </reporter-output>
        </test-method> <!-- verificacaoBloco4 -->
        <test-method signature="verificacaoBloco5()[pri:16, instance:com.timp.test.DFG.Leiautes.LeiautesExecucaoFuncionalidades2@4681c175]" started-at="2021-04-06T19:44:36Z" name="verificacaoBloco5" finished-at="2021-04-06T19:45:10Z" duration-ms="33716" status="PASS">
          <reporter-output>
          </reporter-output>
        </test-method> <!-- verificacaoBloco5 -->
        <test-method signature="verificacaoBloco6()[pri:17, instance:com.timp.test.DFG.Leiautes.LeiautesExecucaoFuncionalidades2@4681c175]" started-at="2021-04-06T19:45:10Z" name="verificacaoBloco6" finished-at="2021-04-06T19:45:16Z" duration-ms="6216" status="FAIL">
          <exception class="java.lang.AssertionError">
            <message>
              <![CDATA[Os resultados não são acorde aos filtros expected [true] but found [false]]]>
            </message>
            <full-stacktrace>
              <![CDATA[java.lang.AssertionError: Os resultados não são acorde aos filtros expected [true] but found [false]
at org.testng.Assert.fail(Assert.java:96)
at org.testng.Assert.failNotEquals(Assert.java:776)
at org.testng.Assert.assertTrue(Assert.java:44)
at com.timp.test.DFG.Leiautes.LeiautesExecucaoFuncionalidades2.verificacaoBloco6(LeiautesExecucaoFuncionalidades2.java:222)
at java.base/jdk.internal.reflect.NativeMethodAccessorImpl.invoke0(Native Method)
at java.base/jdk.internal.reflect.NativeMethodAccessorImpl.invoke(NativeMethodAccessorImpl.java:62)
at java.base/jdk.internal.reflect.DelegatingMethodAccessorImpl.invoke(DelegatingMethodAccessorImpl.java:43)
at java.base/java.lang.reflect.Method.invoke(Method.java:564)
at org.testng.internal.MethodInvocationHelper.invokeMethod(MethodInvocationHelper.java:124)
at org.testng.internal.Invoker.invokeMethod(Invoker.java:583)
at org.testng.internal.Invoker.invokeTestMethod(Invoker.java:719)
at org.testng.internal.Invoker.invokeTestMethods(Invoker.java:989)
at org.testng.internal.TestMethodWorker.invokeTestMethods(TestMethodWorker.java:125)
at org.testng.internal.TestMethodWorker.run(TestMethodWorker.java:109)
at org.testng.TestRunner.privateRun(TestRunner.java:648)
at org.testng.TestRunner.run(TestRunner.java:505)
at org.testng.SuiteRunner.runTest(SuiteRunner.java:455)
at org.testng.SuiteRunner.runSequentially(SuiteRunner.java:450)
at org.testng.SuiteRunner.privateRun(SuiteRunner.java:415)
at org.testng.SuiteRunner.run(SuiteRunner.java:364)
at org.testng.SuiteRunnerWorker.runSuite(SuiteRunnerWorker.java:52)
at org.testng.SuiteRunnerWorker.run(SuiteRunnerWorker.java:84)
at org.testng.TestNG.runSuitesSequentially(TestNG.java:1208)
at org.testng.TestNG.runSuitesLocally(TestNG.java:1137)
at org.testng.TestNG.runSuites(TestNG.java:1049)
at org.testng.TestNG.run(TestNG.java:1017)
at org.testng.remote.AbstractRemoteTestNG.run(AbstractRemoteTestNG.java:115)
at org.testng.remote.RemoteTestNG.initAndRun(RemoteTestNG.java:251)
at org.testng.remote.RemoteTestNG.main(RemoteTestNG.java:77)
]]>
            </full-stacktrace>
          </exception> <!-- java.lang.AssertionError -->
          <reporter-output>
          </reporter-output>
        </test-method> <!-- verificacaoBloco6 -->
        <test-method signature="verificacaoBloco7()[pri:18, instance:com.timp.test.DFG.Leiautes.LeiautesExecucaoFuncionalidades2@4681c175]" started-at="2021-04-06T19:45:16Z" name="verificacaoBloco7" finished-at="2021-04-06T19:45:23Z" duration-ms="6179" status="PASS">
          <reporter-output>
          </reporter-output>
        </test-method> <!-- verificacaoBloco7 -->
        <test-method signature="excluirConfiguracao()[pri:19, instance:com.timp.test.DFG.Leiautes.LeiautesExecucaoFuncionalidades2@4681c175]" started-at="2021-04-06T19:45:23Z" name="excluirConfiguracao" finished-at="2021-04-06T19:46:55Z" duration-ms="92875" status="PASS">
          <reporter-output>
          </reporter-output>
        </test-method> <!-- excluirConfiguracao -->
        <test-method signature="excluirDFG()[pri:20, instance:com.timp.test.DFG.Leiautes.LeiautesExecucaoFuncionalidades2@4681c175]" started-at="2021-04-06T19:46:55Z" name="excluirDFG" finished-at="2021-04-06T19:48:32Z" duration-ms="96110" status="FAIL">
          <exception class="org.openqa.selenium.ElementNotInteractableException">
            <message>
              <![CDATA[element not interactable
  (Session info: chrome=83.0.4103.106)
Build info: version: '3.141.59', revision: 'e82be7d358', time: '2018-11-14T08:17:03'
System info: host: 'DESKTOP-BNBDMGT', ip: '192.168.1.43', os.name: 'Windows 10', os.arch: 'amd64', os.version: '10.0', java.version: '14.0.1'
Driver info: org.openqa.selenium.chrome.ChromeDriver
Capabilities {acceptInsecureCerts: false, browserName: chrome, browserVersion: 83.0.4103.106, chrome: {chromedriverVersion: 83.0.4103.39 (ccbf011cb2d2b..., userDataDir: C:\Users\ymass\AppData\Loca...}, goog:chromeOptions: {debuggerAddress: localhost:53235}, javascriptEnabled: true, networkConnectionEnabled: false, pageLoadStrategy: normal, platform: WINDOWS, platformName: WINDOWS, proxy: Proxy(), setWindowRect: true, strictFileInteractability: false, timeouts: {implicit: 0, pageLoad: 300000, script: 30000}, unhandledPromptBehavior: dismiss and notify, webauthn:virtualAuthenticators: true}
Session ID: 2b21c02116242a36acfe255aa5351faa]]>
            </message>
            <full-stacktrace>
              <![CDATA[org.openqa.selenium.ElementNotInteractableException: element not interactable
  (Session info: chrome=83.0.4103.106)
Build info: version: '3.141.59', revision: 'e82be7d358', time: '2018-11-14T08:17:03'
System info: host: 'DESKTOP-BNBDMGT', ip: '192.168.1.43', os.name: 'Windows 10', os.arch: 'amd64', os.version: '10.0', java.version: '14.0.1'
Driver info: org.openqa.selenium.chrome.ChromeDriver
Capabilities {acceptInsecureCerts: false, browserName: chrome, browserVersion: 83.0.4103.106, chrome: {chromedriverVersion: 83.0.4103.39 (ccbf011cb2d2b..., userDataDir: C:\Users\ymass\AppData\Loca...}, goog:chromeOptions: {debuggerAddress: localhost:53235}, javascriptEnabled: true, networkConnectionEnabled: false, pageLoadStrategy: normal, platform: WINDOWS, platformName: WINDOWS, proxy: Proxy(), setWindowRect: true, strictFileInteractability: false, timeouts: {implicit: 0, pageLoad: 300000, script: 30000}, unhandledPromptBehavior: dismiss and notify, webauthn:virtualAuthenticators: true}
Session ID: 2b21c02116242a36acfe255aa5351faa
at java.base/jdk.internal.reflect.NativeConstructorAccessorImpl.newInstance0(Native Method)
at java.base/jdk.internal.reflect.NativeConstructorAccessorImpl.newInstance(NativeConstructorAccessorImpl.java:62)
at java.base/jdk.internal.reflect.DelegatingConstructorAccessorImpl.newInstance(DelegatingConstructorAccessorImpl.java:45)
at java.base/java.lang.reflect.Constructor.newInstanceWithCaller(Constructor.java:500)
at java.base/java.lang.reflect.Constructor.newInstance(Constructor.java:481)
at org.openqa.selenium.remote.http.W3CHttpResponseCodec.createException(W3CHttpResponseCodec.java:187)
at org.openqa.selenium.remote.http.W3CHttpResponseCodec.decode(W3CHttpResponseCodec.java:122)
at org.openqa.selenium.remote.http.W3CHttpResponseCodec.decode(W3CHttpResponseCodec.java:49)
at org.openqa.selenium.remote.HttpCommandExecutor.execute(HttpCommandExecutor.java:158)
at org.openqa.selenium.remote.service.DriverCommandExecutor.execute(DriverCommandExecutor.java:83)
at org.openqa.selenium.remote.RemoteWebDriver.execute(RemoteWebDriver.java:552)
at org.openqa.selenium.remote.RemoteWebElement.execute(RemoteWebElement.java:285)
at org.openqa.selenium.remote.RemoteWebElement.click(RemoteWebElement.java:84)
at jdk.internal.reflect.GeneratedMethodAccessor1.invoke(Unknown Source)
at java.base/jdk.internal.reflect.DelegatingMethodAccessorImpl.invoke(DelegatingMethodAccessorImpl.java:43)
at java.base/java.lang.reflect.Method.invoke(Method.java:564)
at org.openqa.selenium.support.pagefactory.internal.LocatingElementHandler.invoke(LocatingElementHandler.java:51)
at com.sun.proxy.$Proxy12.click(Unknown Source)
at com.sap.timp.pageObjectModel.DFG.Leiautes.LeiautesExecucaoFuncionalidades2PO.excluirDFG(LeiautesExecucaoFuncionalidades2PO.java:2330)
at com.timp.test.DFG.Leiautes.LeiautesExecucaoFuncionalidades2.excluirDFG(LeiautesExecucaoFuncionalidades2.java:255)
at java.base/jdk.internal.reflect.NativeMethodAccessorImpl.invoke0(Native Method)
at java.base/jdk.internal.reflect.NativeMethodAccessorImpl.invoke(NativeMethodAccessorImpl.java:62)
at java.base/jdk.internal.reflect.DelegatingMethodAccessorImpl.invoke(DelegatingMethodAccessorImpl.java:43)
at java.base/java.lang.reflect.Method.invoke(Method.java:564)
at org.testng.internal.MethodInvocationHelper.invokeMethod(MethodInvocationHelper.java:124)
at org.testng.internal.Invoker.invokeMethod(Invoker.java:583)
at org.testng.internal.Invoker.invokeTestMethod(Invoker.java:719)
at org.testng.internal.Invoker.invokeTestMethods(Invoker.java:989)
at org.testng.internal.TestMethodWorker.invokeTestMethods(TestMethodWorker.java:125)
at org.testng.internal.TestMethodWorker.run(TestMethodWorker.java:109)
at org.testng.TestRunner.privateRun(TestRunner.java:648)
at org.testng.TestRunner.run(TestRunner.java:505)
at org.testng.SuiteRunner.runTest(SuiteRunner.java:455)
at org.testng.SuiteRunner.runSequentially(SuiteRunner.java:450)
at org.testng.SuiteRunner.privateRun(SuiteRunner.java:415)
at org.testng.SuiteRunner.run(SuiteRunner.java:364)
at org.testng.SuiteRunnerWorker.runSuite(SuiteRunnerWorker.java:52)
at org.testng.SuiteRunnerWorker.run(SuiteRunnerWorker.java:84)
at org.testng.TestNG.runSuitesSequentially(TestNG.java:1208)
at org.testng.TestNG.runSuitesLocally(TestNG.java:1137)
at org.testng.TestNG.runSuites(TestNG.java:1049)
at org.testng.TestNG.run(TestNG.java:1017)
at org.testng.remote.AbstractRemoteTestNG.run(AbstractRemoteTestNG.java:115)
at org.testng.remote.RemoteTestNG.initAndRun(RemoteTestNG.java:251)
at org.testng.remote.RemoteTestNG.main(RemoteTestNG.java:77)
]]>
            </full-stacktrace>
          </exception> <!-- org.openqa.selenium.ElementNotInteractableException -->
          <reporter-output>
          </reporter-output>
        </test-method> <!-- excluirDFG -->
        <test-method signature="excluirBRE()[pri:21, instance:com.timp.test.DFG.Leiautes.LeiautesExecucaoFuncionalidades2@4681c175]" started-at="2021-04-06T19:48:32Z" name="excluirBRE" finished-at="2021-04-06T19:50:28Z" duration-ms="116730" status="PASS">
          <reporter-output>
          </reporter-output>
        </test-method> <!-- excluirBRE -->
        <test-method is-config="true" signature="afterClass()[pri:0, instance:com.timp.test.DFG.Leiautes.LeiautesExecucaoFuncionalidades2@4681c175]" started-at="2021-04-06T19:50:28Z" name="afterClass" finished-at="2021-04-06T19:50:28Z" duration-ms="0" status="PASS">
          <reporter-output>
          </reporter-output>
        </test-method> <!-- afterClass -->
      </class> <!-- com.timp.test.DFG.Leiautes.LeiautesExecucaoFuncionalidades2 -->
    </test> <!-- Default test -->
  </suite> <!-- Default suite -->
</testng-results>
