<?xml version="1.0" encoding="UTF-8"?>
<testng-results total="3" passed="3" failed="0" skipped="0">
  <reporter-output>
  </reporter-output>
  <suite started-at="2021-02-02T21:09:02Z" name="Default suite" finished-at="2021-02-02T21:10:19Z" duration-ms="77922">
    <groups>
    </groups>
    <test started-at="2021-02-02T21:09:02Z" name="Default test" finished-at="2021-02-02T21:10:19Z" duration-ms="77922">
      <class name="com.timp.test.MDR.Siscoserv.RegistroRVS.RegistroRVSVisualizar">
        <test-method is-config="true" signature="beforeClass()[pri:0, instance:com.timp.test.MDR.Siscoserv.RegistroRVS.RegistroRVSVisualizar@18e36d14]" started-at="2021-02-02T15:09:02Z" name="beforeClass" finished-at="2021-02-02T15:09:13Z" duration-ms="11828" status="PASS">
          <reporter-output>
          </reporter-output>
        </test-method> <!-- beforeClass -->
        <test-method signature="login()[pri:0, instance:com.timp.test.MDR.Siscoserv.RegistroRVS.RegistroRVSVisualizar@18e36d14]" started-at="2021-02-02T15:09:13Z" name="login" finished-at="2021-02-02T15:09:20Z" duration-ms="6998" status="PASS">
          <reporter-output>
          </reporter-output>
        </test-method> <!-- login -->
        <test-method signature="acessarMDR()[pri:0, instance:com.timp.test.MDR.Siscoserv.RegistroRVS.RegistroRVSVisualizar@18e36d14]" started-at="2021-02-02T15:09:20Z" name="acessarMDR" finished-at="2021-02-02T15:09:43Z" duration-ms="22680" status="PASS">
          <reporter-output>
          </reporter-output>
        </test-method> <!-- acessarMDR -->
        <test-method signature="Visualizar()[pri:0, instance:com.timp.test.MDR.Siscoserv.RegistroRVS.RegistroRVSVisualizar@18e36d14]" started-at="2021-02-02T15:09:43Z" name="Visualizar" finished-at="2021-02-02T15:10:19Z" duration-ms="36399" status="PASS">
          <reporter-output>
          </reporter-output>
        </test-method> <!-- Visualizar -->
        <test-method is-config="true" signature="afterClass()[pri:0, instance:com.timp.test.MDR.Siscoserv.RegistroRVS.RegistroRVSVisualizar@18e36d14]" started-at="2021-02-02T15:10:19Z" name="afterClass" finished-at="2021-02-02T15:10:19Z" duration-ms="0" status="PASS">
          <reporter-output>
          </reporter-output>
        </test-method> <!-- afterClass -->
      </class> <!-- com.timp.test.MDR.Siscoserv.RegistroRVS.RegistroRVSVisualizar -->
    </test> <!-- Default test -->
  </suite> <!-- Default suite -->
</testng-results>
