<?xml version="1.0" encoding="UTF-8"?>
<testng-results skipped="0" failed="0" total="3" passed="3">
  <reporter-output>
  </reporter-output>
  <suite name="Default suite" duration-ms="112145" started-at="2021-02-05T20:15:27Z" finished-at="2021-02-05T20:17:19Z">
    <groups>
    </groups>
    <test name="Default test" duration-ms="112145" started-at="2021-02-05T20:15:27Z" finished-at="2021-02-05T20:17:19Z">
      <class name="com.timp.test.TPC.ParâmetrosGeraisDetalhes">
        <test-method status="PASS" signature="beforeClass()[pri:0, instance:com.timp.test.TPC.ParâmetrosGeraisDetalhes@3a079870]" name="beforeClass" is-config="true" duration-ms="16078" started-at="2021-02-05T14:15:27Z" finished-at="2021-02-05T14:15:43Z">
          <reporter-output>
          </reporter-output>
        </test-method> <!-- beforeClass -->
        <test-method status="PASS" signature="ingresar()[pri:0, instance:com.timp.test.TPC.ParâmetrosGeraisDetalhes@3a079870]" name="ingresar" duration-ms="17112" started-at="2021-02-05T14:15:43Z" finished-at="2021-02-05T14:16:00Z">
          <reporter-output>
          </reporter-output>
        </test-method> <!-- ingresar -->
        <test-method status="PASS" signature="ingresarTPC()[pri:0, instance:com.timp.test.TPC.ParâmetrosGeraisDetalhes@3a079870]" name="ingresarTPC" duration-ms="30367" started-at="2021-02-05T14:16:00Z" finished-at="2021-02-05T14:16:30Z">
          <reporter-output>
          </reporter-output>
        </test-method> <!-- ingresarTPC -->
        <test-method status="PASS" signature="detalhes()[pri:0, instance:com.timp.test.TPC.ParâmetrosGeraisDetalhes@3a079870]" name="detalhes" duration-ms="48561" started-at="2021-02-05T14:16:30Z" finished-at="2021-02-05T14:17:19Z">
          <reporter-output>
          </reporter-output>
        </test-method> <!-- detalhes -->
        <test-method status="PASS" signature="afterClass()[pri:0, instance:com.timp.test.TPC.ParâmetrosGeraisDetalhes@3a079870]" name="afterClass" is-config="true" duration-ms="0" started-at="2021-02-05T14:17:19Z" finished-at="2021-02-05T14:17:19Z">
          <reporter-output>
          </reporter-output>
        </test-method> <!-- afterClass -->
      </class> <!-- com.timp.test.TPC.ParâmetrosGeraisDetalhes -->
    </test> <!-- Default test -->
  </suite> <!-- Default suite -->
</testng-results>
