<?xml version="1.0" encoding="UTF-8"?>
<testng-results total="3" passed="3" failed="0" skipped="0">
  <reporter-output>
  </reporter-output>
  <suite started-at="2020-12-11T01:16:14Z" name="Default suite" finished-at="2020-12-11T01:19:35Z" duration-ms="201021">
    <groups>
    </groups>
    <test started-at="2020-12-11T01:16:14Z" name="Default test" finished-at="2020-12-11T01:19:35Z" duration-ms="201021">
      <class name="com.timp.test.BPMA.Processo.ParametrosGerais.ParametrosGeraisCriarProcesoRecorrente">
        <test-method is-config="true" signature="beforeClass()[pri:0, instance:com.timp.test.BPMA.Processo.ParametrosGerais.ParametrosGeraisCriarProcesoRecorrente@76a4ebf2]" started-at="2020-12-10T19:16:14Z" name="beforeClass" finished-at="2020-12-10T19:16:51Z" duration-ms="37376" status="PASS">
          <reporter-output>
          </reporter-output>
        </test-method> <!-- beforeClass -->
        <test-method signature="login()[pri:0, instance:com.timp.test.BPMA.Processo.ParametrosGerais.ParametrosGeraisCriarProcesoRecorrente@76a4ebf2]" started-at="2020-12-10T19:16:51Z" name="login" finished-at="2020-12-10T19:17:05Z" duration-ms="13609" status="PASS">
          <reporter-output>
          </reporter-output>
        </test-method> <!-- login -->
        <test-method signature="BPMAEntrar()[pri:0, instance:com.timp.test.BPMA.Processo.ParametrosGerais.ParametrosGeraisCriarProcesoRecorrente@76a4ebf2]" started-at="2020-12-10T19:17:05Z" name="BPMAEntrar" finished-at="2020-12-10T19:17:39Z" duration-ms="34462" status="PASS">
          <reporter-output>
          </reporter-output>
        </test-method> <!-- BPMAEntrar -->
        <test-method signature="criar()[pri:0, instance:com.timp.test.BPMA.Processo.ParametrosGerais.ParametrosGeraisCriarProcesoRecorrente@76a4ebf2]" started-at="2020-12-10T19:17:39Z" name="criar" finished-at="2020-12-10T19:19:35Z" duration-ms="115556" status="PASS">
          <reporter-output>
          </reporter-output>
        </test-method> <!-- criar -->
        <test-method is-config="true" signature="afterClass()[pri:0, instance:com.timp.test.BPMA.Processo.ParametrosGerais.ParametrosGeraisCriarProcesoRecorrente@76a4ebf2]" started-at="2020-12-10T19:19:35Z" name="afterClass" finished-at="2020-12-10T19:19:35Z" duration-ms="0" status="PASS">
          <reporter-output>
          </reporter-output>
        </test-method> <!-- afterClass -->
      </class> <!-- com.timp.test.BPMA.Processo.ParametrosGerais.ParametrosGeraisCriarProcesoRecorrente -->
    </test> <!-- Default test -->
  </suite> <!-- Default suite -->
</testng-results>
