<?xml version="1.0" encoding="UTF-8"?>
<testng-results skipped="0" failed="0" total="3" passed="3">
  <reporter-output>
  </reporter-output>
  <suite name="Default suite" duration-ms="97994" started-at="2020-07-31T22:29:13Z" finished-at="2020-07-31T22:30:51Z">
    <groups>
    </groups>
    <test name="Default test" duration-ms="97994" started-at="2020-07-31T22:29:13Z" finished-at="2020-07-31T22:30:51Z">
      <class name="com.timp.test.MDR.Centralizacao.EstornoCreditoEditar">
        <test-method status="PASS" signature="beforeClass()[pri:0, instance:com.timp.test.MDR.Centralizacao.EstornoCreditoEditar@8e0379d]" name="beforeClass" is-config="true" duration-ms="16571" started-at="2020-07-31T19:29:13Z" finished-at="2020-07-31T19:29:29Z">
          <reporter-output>
          </reporter-output>
        </test-method> <!-- beforeClass -->
        <test-method status="PASS" signature="login()[pri:0, instance:com.timp.test.MDR.Centralizacao.EstornoCreditoEditar@8e0379d]" name="login" duration-ms="9184" started-at="2020-07-31T19:29:29Z" finished-at="2020-07-31T19:29:39Z">
          <reporter-output>
          </reporter-output>
        </test-method> <!-- login -->
        <test-method status="PASS" signature="acessarMDR()[pri:0, instance:com.timp.test.MDR.Centralizacao.EstornoCreditoEditar@8e0379d]" name="acessarMDR" duration-ms="11525" started-at="2020-07-31T19:29:39Z" finished-at="2020-07-31T19:29:50Z">
          <reporter-output>
          </reporter-output>
        </test-method> <!-- acessarMDR -->
        <test-method status="PASS" signature="editar()[pri:0, instance:com.timp.test.MDR.Centralizacao.EstornoCreditoEditar@8e0379d]" name="editar" duration-ms="60674" started-at="2020-07-31T19:29:50Z" finished-at="2020-07-31T19:30:51Z">
          <reporter-output>
          </reporter-output>
        </test-method> <!-- editar -->
      </class> <!-- com.timp.test.MDR.Centralizacao.EstornoCreditoEditar -->
    </test> <!-- Default test -->
  </suite> <!-- Default suite -->
</testng-results>
