<?xml version="1.0" encoding="UTF-8"?>
<testng-results ignored="0" total="1" passed="1" failed="0" skipped="0">
  <reporter-output>
  </reporter-output>
  <suite started-at="2021-04-09T03:39:18Z" name="Default suite" finished-at="2021-04-09T03:40:41Z" duration-ms="83323">
    <groups>
    </groups>
    <test started-at="2021-04-09T03:39:18Z" name="Default test" finished-at="2021-04-09T03:40:41Z" duration-ms="83323">
      <class name="com.timp.test.MDR.PrecoDeTransferencia.ParametrosModeloDeApuracaoTP.ParametrosModeloDeApuracaoTPExcluir">
        <test-method is-config="true" signature="beforeClass()[pri:0, instance:com.timp.test.MDR.PrecoDeTransferencia.ParametrosModeloDeApuracaoTP.ParametrosModeloDeApuracaoTPExcluir@20f5281c]" started-at="2021-04-09T03:39:18Z" name="beforeClass" finished-at="2021-04-09T03:39:29Z" duration-ms="11475" status="PASS">
          <reporter-output>
          </reporter-output>
        </test-method> <!-- beforeClass -->
        <test-method signature="excluir()[pri:0, instance:com.timp.test.MDR.PrecoDeTransferencia.ParametrosModeloDeApuracaoTP.ParametrosModeloDeApuracaoTPExcluir@20f5281c]" started-at="2021-04-09T03:39:29Z" name="excluir" finished-at="2021-04-09T03:40:41Z" duration-ms="71816" status="PASS">
          <reporter-output>
          </reporter-output>
        </test-method> <!-- excluir -->
        <test-method is-config="true" signature="afterClass()[pri:0, instance:com.timp.test.MDR.PrecoDeTransferencia.ParametrosModeloDeApuracaoTP.ParametrosModeloDeApuracaoTPExcluir@20f5281c]" started-at="2021-04-09T03:40:41Z" name="afterClass" finished-at="2021-04-09T03:40:41Z" duration-ms="0" status="PASS">
          <reporter-output>
          </reporter-output>
        </test-method> <!-- afterClass -->
      </class> <!-- com.timp.test.MDR.PrecoDeTransferencia.ParametrosModeloDeApuracaoTP.ParametrosModeloDeApuracaoTPExcluir -->
    </test> <!-- Default test -->
  </suite> <!-- Default suite -->
</testng-results>
