<?xml version="1.0" encoding="UTF-8"?>
<testng-results total="3" passed="3" failed="0" skipped="0">
  <reporter-output>
  </reporter-output>
  <suite started-at="2021-01-25T17:35:31Z" name="Default suite" finished-at="2021-01-25T17:36:57Z" duration-ms="86022">
    <groups>
    </groups>
    <test started-at="2021-01-25T17:35:31Z" name="Default test" finished-at="2021-01-25T17:36:57Z" duration-ms="86022">
      <class name="com.timp.test.MDR.TabelasComplementaresParaObrigaçoesAcessorias.AgrupadorDeCFOP.AgrupadorDeCFOPExcluir">
        <test-method is-config="true" signature="beforeClass()[pri:0, instance:com.timp.test.MDR.TabelasComplementaresParaObrigaçoesAcessorias.AgrupadorDeCFOP.AgrupadorDeCFOPExcluir@58ea606c]" started-at="2021-01-25T14:35:31Z" name="beforeClass" finished-at="2021-01-25T14:35:45Z" duration-ms="13263" status="PASS">
          <reporter-output>
          </reporter-output>
        </test-method> <!-- beforeClass -->
        <test-method signature="login()[pri:0, instance:com.timp.test.MDR.TabelasComplementaresParaObrigaçoesAcessorias.AgrupadorDeCFOP.AgrupadorDeCFOPExcluir@58ea606c]" started-at="2021-01-25T14:35:45Z" name="login" finished-at="2021-01-25T14:35:52Z" duration-ms="7823" status="PASS">
          <reporter-output>
          </reporter-output>
        </test-method> <!-- login -->
        <test-method signature="acessarMDR()[pri:0, instance:com.timp.test.MDR.TabelasComplementaresParaObrigaçoesAcessorias.AgrupadorDeCFOP.AgrupadorDeCFOPExcluir@58ea606c]" started-at="2021-01-25T14:35:52Z" name="acessarMDR" finished-at="2021-01-25T14:36:21Z" duration-ms="28499" status="PASS">
          <reporter-output>
          </reporter-output>
        </test-method> <!-- acessarMDR -->
        <test-method signature="excluir()[pri:0, instance:com.timp.test.MDR.TabelasComplementaresParaObrigaçoesAcessorias.AgrupadorDeCFOP.AgrupadorDeCFOPExcluir@58ea606c]" started-at="2021-01-25T14:36:21Z" name="excluir" finished-at="2021-01-25T14:36:57Z" duration-ms="36243" status="PASS">
          <reporter-output>
          </reporter-output>
        </test-method> <!-- excluir -->
        <test-method is-config="true" signature="afterClass()[pri:0, instance:com.timp.test.MDR.TabelasComplementaresParaObrigaçoesAcessorias.AgrupadorDeCFOP.AgrupadorDeCFOPExcluir@58ea606c]" started-at="2021-01-25T14:36:57Z" name="afterClass" finished-at="2021-01-25T14:36:57Z" duration-ms="159" status="PASS">
          <reporter-output>
          </reporter-output>
        </test-method> <!-- afterClass -->
      </class> <!-- com.timp.test.MDR.TabelasComplementaresParaObrigaçoesAcessorias.AgrupadorDeCFOP.AgrupadorDeCFOPExcluir -->
    </test> <!-- Default test -->
  </suite> <!-- Default suite -->
</testng-results>
