<?xml version="1.0" encoding="UTF-8"?>
<testng-results ignored="0" total="2" passed="2" failed="0" skipped="0">
  <reporter-output>
  </reporter-output>
  <suite started-at="2021-03-15T23:04:51Z" name="Default suite" finished-at="2021-03-15T23:09:29Z" duration-ms="277189">
    <groups>
    </groups>
    <test started-at="2021-03-15T23:04:51Z" name="Default test" finished-at="2021-03-15T23:09:29Z" duration-ms="277189">
      <class name="com.timp.test.MDR.Antecipacao.AntecipacaoExcluirMassa">
        <test-method is-config="true" signature="beforeClass()[pri:0, instance:com.timp.test.MDR.Antecipacao.AntecipacaoExcluirMassa@413d1baf]" started-at="2021-03-15T23:04:51Z" name="beforeClass" finished-at="2021-03-15T23:05:06Z" duration-ms="14445" status="PASS">
          <reporter-output>
          </reporter-output>
        </test-method> <!-- beforeClass -->
        <test-method signature="criar()[pri:0, instance:com.timp.test.MDR.Antecipacao.AntecipacaoExcluirMassa@413d1baf]" started-at="2021-03-15T23:05:06Z" name="criar" finished-at="2021-03-15T23:09:01Z" duration-ms="234653" status="PASS">
          <reporter-output>
          </reporter-output>
        </test-method> <!-- criar -->
        <test-method signature="excluir()[pri:0, instance:com.timp.test.MDR.Antecipacao.AntecipacaoExcluirMassa@413d1baf]" started-at="2021-03-15T23:09:01Z" name="excluir" finished-at="2021-03-15T23:09:29Z" depends-on-methods="com.timp.test.MDR.Antecipacao.AntecipacaoExcluirMassa.criar" duration-ms="28070" status="PASS">
          <reporter-output>
          </reporter-output>
        </test-method> <!-- excluir -->
        <test-method is-config="true" signature="afterClass()[pri:0, instance:com.timp.test.MDR.Antecipacao.AntecipacaoExcluirMassa@413d1baf]" started-at="2021-03-15T23:09:29Z" name="afterClass" finished-at="2021-03-15T23:09:29Z" duration-ms="0" status="PASS">
          <reporter-output>
          </reporter-output>
        </test-method> <!-- afterClass -->
      </class> <!-- com.timp.test.MDR.Antecipacao.AntecipacaoExcluirMassa -->
    </test> <!-- Default test -->
  </suite> <!-- Default suite -->
</testng-results>
