<?xml version="1.0" encoding="UTF-8"?>
<testng-results skipped="0" failed="0" total="3" passed="3">
  <reporter-output>
  </reporter-output>
  <suite name="Default suite" duration-ms="183691" started-at="2021-01-04T16:48:25Z" finished-at="2021-01-04T16:51:29Z">
    <groups>
    </groups>
    <test name="Default test" duration-ms="183691" started-at="2021-01-04T16:48:25Z" finished-at="2021-01-04T16:51:29Z">
      <class name="com.timp.test.DFG.Leiautes.LeiautesExecucaoFuncionalidades2">
        <test-method status="PASS" signature="beforeClass()[pri:0, instance:com.timp.test.DFG.Leiautes.LeiautesExecucaoFuncionalidades2@f2f2cc1]" name="beforeClass" is-config="true" duration-ms="16391" started-at="2021-01-04T10:48:25Z" finished-at="2021-01-04T10:48:42Z">
          <reporter-output>
          </reporter-output>
        </test-method> <!-- beforeClass -->
        <test-method status="PASS" signature="ingresar()[pri:0, instance:com.timp.test.DFG.Leiautes.LeiautesExecucaoFuncionalidades2@f2f2cc1]" name="ingresar" duration-ms="10601" started-at="2021-01-04T10:48:42Z" finished-at="2021-01-04T10:48:52Z">
          <reporter-output>
          </reporter-output>
        </test-method> <!-- ingresar -->
        <test-method status="PASS" signature="mdrEntrar()[pri:0, instance:com.timp.test.DFG.Leiautes.LeiautesExecucaoFuncionalidades2@f2f2cc1]" name="mdrEntrar" duration-ms="29156" started-at="2021-01-04T10:48:52Z" finished-at="2021-01-04T10:49:22Z">
          <reporter-output>
          </reporter-output>
        </test-method> <!-- mdrEntrar -->
        <test-method status="PASS" signature="EditarDFG()[pri:0, instance:com.timp.test.DFG.Leiautes.LeiautesExecucaoFuncionalidades2@f2f2cc1]" name="EditarDFG" duration-ms="127527" started-at="2021-01-04T10:49:22Z" finished-at="2021-01-04T10:51:29Z">
          <reporter-output>
          </reporter-output>
        </test-method> <!-- EditarDFG -->
        <test-method status="PASS" signature="afterClass()[pri:0, instance:com.timp.test.DFG.Leiautes.LeiautesExecucaoFuncionalidades2@f2f2cc1]" name="afterClass" is-config="true" duration-ms="1" started-at="2021-01-04T10:51:29Z" finished-at="2021-01-04T10:51:29Z">
          <reporter-output>
          </reporter-output>
        </test-method> <!-- afterClass -->
      </class> <!-- com.timp.test.DFG.Leiautes.LeiautesExecucaoFuncionalidades2 -->
    </test> <!-- Default test -->
  </suite> <!-- Default suite -->
</testng-results>
