<?xml version="1.0" encoding="UTF-8"?>
<testng-results skipped="0" failed="0" total="3" passed="3">
  <reporter-output>
  </reporter-output>
  <suite name="Default suite" duration-ms="227393" started-at="2020-10-08T14:16:27Z" finished-at="2020-10-08T14:20:15Z">
    <groups>
    </groups>
    <test name="Default test" duration-ms="227393" started-at="2020-10-08T14:16:27Z" finished-at="2020-10-08T14:20:15Z">
      <class name="com.timp.test.MDR.RegistroECAC.RegistroECACExcluir">
        <test-method status="PASS" signature="beforeClass()[pri:0, instance:com.timp.test.MDR.RegistroECAC.RegistroECACExcluir@3a079870]" name="beforeClass" is-config="true" duration-ms="72999" started-at="2020-10-08T11:16:27Z" finished-at="2020-10-08T11:17:40Z">
          <reporter-output>
          </reporter-output>
        </test-method> <!-- beforeClass -->
        <test-method status="PASS" signature="login()[pri:0, instance:com.timp.test.MDR.RegistroECAC.RegistroECACExcluir@3a079870]" name="login" duration-ms="30382" started-at="2020-10-08T11:17:40Z" finished-at="2020-10-08T11:18:11Z">
          <reporter-output>
          </reporter-output>
        </test-method> <!-- login -->
        <test-method status="PASS" signature="acessarMDR()[pri:0, instance:com.timp.test.MDR.RegistroECAC.RegistroECACExcluir@3a079870]" name="acessarMDR" duration-ms="28807" started-at="2020-10-08T11:18:11Z" finished-at="2020-10-08T11:18:39Z">
          <reporter-output>
          </reporter-output>
        </test-method> <!-- acessarMDR -->
        <test-method status="PASS" signature="excluir()[pri:0, instance:com.timp.test.MDR.RegistroECAC.RegistroECACExcluir@3a079870]" name="excluir" duration-ms="90875" started-at="2020-10-08T11:18:39Z" finished-at="2020-10-08T11:20:10Z">
          <reporter-output>
          </reporter-output>
        </test-method> <!-- excluir -->
        <test-method status="PASS" signature="afterClass()[pri:0, instance:com.timp.test.MDR.RegistroECAC.RegistroECACExcluir@3a079870]" name="afterClass" is-config="true" duration-ms="4292" started-at="2020-10-08T11:20:10Z" finished-at="2020-10-08T11:20:15Z">
          <reporter-output>
          </reporter-output>
        </test-method> <!-- afterClass -->
      </class> <!-- com.timp.test.MDR.RegistroECAC.RegistroECACExcluir -->
    </test> <!-- Default test -->
  </suite> <!-- Default suite -->
</testng-results>
