<?xml version="1.0" encoding="UTF-8"?>
<testng-results total="3" passed="3" failed="0" skipped="0">
  <reporter-output>
  </reporter-output>
  <suite started-at="2020-08-01T07:22:15Z" name="Default suite" finished-at="2020-08-01T07:25:13Z" duration-ms="177907">
    <groups>
    </groups>
    <test started-at="2020-08-01T07:22:15Z" name="Default test" finished-at="2020-08-01T07:25:13Z" duration-ms="177907">
      <class name="com.timp.test.MDR.CenariosCorrecao.CenariosCorrecaoFiltrosAvanzados">
        <test-method is-config="true" signature="beforeClass()[pri:0, instance:com.timp.test.MDR.CenariosCorrecao.CenariosCorrecaoFiltrosAvanzados@428640fa]" started-at="2020-08-01T01:22:15Z" name="beforeClass" finished-at="2020-08-01T01:22:35Z" duration-ms="20087" status="PASS">
          <reporter-output>
          </reporter-output>
        </test-method> <!-- beforeClass -->
        <test-method signature="login()[pri:0, instance:com.timp.test.MDR.CenariosCorrecao.CenariosCorrecaoFiltrosAvanzados@428640fa]" started-at="2020-08-01T01:22:35Z" name="login" finished-at="2020-08-01T01:22:46Z" duration-ms="10978" status="PASS">
          <reporter-output>
          </reporter-output>
        </test-method> <!-- login -->
        <test-method signature="acessarMDR()[pri:0, instance:com.timp.test.MDR.CenariosCorrecao.CenariosCorrecaoFiltrosAvanzados@428640fa]" started-at="2020-08-01T01:22:46Z" name="acessarMDR" finished-at="2020-08-01T01:23:22Z" duration-ms="35506" status="PASS">
          <reporter-output>
          </reporter-output>
        </test-method> <!-- acessarMDR -->
        <test-method signature="cenariosCorrecaoFiltros()[pri:0, instance:com.timp.test.MDR.CenariosCorrecao.CenariosCorrecaoFiltrosAvanzados@428640fa]" started-at="2020-08-01T01:23:22Z" name="cenariosCorrecaoFiltros" finished-at="2020-08-01T01:25:13Z" duration-ms="111294" status="PASS">
          <reporter-output>
          </reporter-output>
        </test-method> <!-- cenariosCorrecaoFiltros -->
        <test-method is-config="true" signature="afterClass()[pri:0, instance:com.timp.test.MDR.CenariosCorrecao.CenariosCorrecaoFiltrosAvanzados@428640fa]" started-at="2020-08-01T01:25:13Z" name="afterClass" finished-at="2020-08-01T01:25:13Z" duration-ms="1" status="PASS">
          <reporter-output>
          </reporter-output>
        </test-method> <!-- afterClass -->
      </class> <!-- com.timp.test.MDR.CenariosCorrecao.CenariosCorrecaoFiltrosAvanzados -->
    </test> <!-- Default test -->
  </suite> <!-- Default suite -->
</testng-results>
