<?xml version="1.0" encoding="UTF-8"?>
<testng-results ignored="0" total="3" passed="3" failed="0" skipped="0">
  <reporter-output>
  </reporter-output>
  <suite started-at="2021-03-10T21:15:01Z" name="Default suite" finished-at="2021-03-10T21:17:50Z" duration-ms="169485">
    <groups>
    </groups>
    <test started-at="2021-03-10T21:15:01Z" name="Default test" finished-at="2021-03-10T21:17:50Z" duration-ms="169485">
      <class name="com.timp.test.TCC.BancoDeOcorrencias.ConfiguracaoEExecucao.ConfiguraçãoeExecuçãoFiltrosavançados">
        <test-method is-config="true" signature="beforeClass()[pri:0, instance:com.timp.test.TCC.BancoDeOcorrencias.ConfiguracaoEExecucao.ConfiguraçãoeExecuçãoFiltrosavançados@5552768b]" started-at="2021-03-10T21:15:01Z" name="beforeClass" finished-at="2021-03-10T21:15:17Z" duration-ms="16142" status="PASS">
          <reporter-output>
          </reporter-output>
        </test-method> <!-- beforeClass -->
        <test-method signature="login()[pri:0, instance:com.timp.test.TCC.BancoDeOcorrencias.ConfiguracaoEExecucao.ConfiguraçãoeExecuçãoFiltrosavançados@5552768b]" started-at="2021-03-10T21:15:17Z" name="login" finished-at="2021-03-10T21:15:24Z" duration-ms="7440" status="PASS">
          <reporter-output>
          </reporter-output>
        </test-method> <!-- login -->
        <test-method signature="acessarMDR()[pri:1, instance:com.timp.test.TCC.BancoDeOcorrencias.ConfiguracaoEExecucao.ConfiguraçãoeExecuçãoFiltrosavançados@5552768b]" started-at="2021-03-10T21:15:24Z" name="acessarMDR" finished-at="2021-03-10T21:16:00Z" duration-ms="35662" status="PASS">
          <reporter-output>
          </reporter-output>
        </test-method> <!-- acessarMDR -->
        <test-method signature="filtros()[pri:2, instance:com.timp.test.TCC.BancoDeOcorrencias.ConfiguracaoEExecucao.ConfiguraçãoeExecuçãoFiltrosavançados@5552768b]" started-at="2021-03-10T21:16:00Z" name="filtros" finished-at="2021-03-10T21:17:50Z" duration-ms="110203" status="PASS">
          <reporter-output>
          </reporter-output>
        </test-method> <!-- filtros -->
        <test-method is-config="true" signature="afterClass()[pri:0, instance:com.timp.test.TCC.BancoDeOcorrencias.ConfiguracaoEExecucao.ConfiguraçãoeExecuçãoFiltrosavançados@5552768b]" started-at="2021-03-10T21:17:50Z" name="afterClass" finished-at="2021-03-10T21:17:50Z" duration-ms="1" status="PASS">
          <reporter-output>
          </reporter-output>
        </test-method> <!-- afterClass -->
      </class> <!-- com.timp.test.TCC.BancoDeOcorrencias.ConfiguracaoEExecucao.ConfiguraçãoeExecuçãoFiltrosavançados -->
    </test> <!-- Default test -->
  </suite> <!-- Default suite -->
</testng-results>
