<?xml version="1.0" encoding="UTF-8"?>
<testng-results skipped="0" failed="0" total="3" passed="3">
  <reporter-output>
  </reporter-output>
  <suite name="Default suite" duration-ms="112793" started-at="2020-08-26T13:40:15Z" finished-at="2020-08-26T13:42:08Z">
    <groups>
    </groups>
    <test name="Default test" duration-ms="112793" started-at="2020-08-26T13:40:15Z" finished-at="2020-08-26T13:42:08Z">
      <class name="com.timp.test.MDR.TabelasComplementaresParaObrigaçoesAcessorias.AgrupadorDeCFOP.AgrupadorDeCFOPCriar">
        <test-method status="PASS" signature="beforeClass()[pri:0, instance:com.timp.test.MDR.TabelasComplementaresParaObrigaçoesAcessorias.AgrupadorDeCFOP.AgrupadorDeCFOPCriar@8e0379d]" name="beforeClass" is-config="true" duration-ms="22358" started-at="2020-08-26T10:40:15Z" finished-at="2020-08-26T10:40:37Z">
          <reporter-output>
          </reporter-output>
        </test-method> <!-- beforeClass -->
        <test-method status="PASS" signature="login()[pri:0, instance:com.timp.test.MDR.TabelasComplementaresParaObrigaçoesAcessorias.AgrupadorDeCFOP.AgrupadorDeCFOPCriar@8e0379d]" name="login" duration-ms="9369" started-at="2020-08-26T10:40:37Z" finished-at="2020-08-26T10:40:46Z">
          <reporter-output>
          </reporter-output>
        </test-method> <!-- login -->
        <test-method status="PASS" signature="acessarMDR()[pri:0, instance:com.timp.test.MDR.TabelasComplementaresParaObrigaçoesAcessorias.AgrupadorDeCFOP.AgrupadorDeCFOPCriar@8e0379d]" name="acessarMDR" duration-ms="11216" started-at="2020-08-26T10:40:47Z" finished-at="2020-08-26T10:40:58Z">
          <reporter-output>
          </reporter-output>
        </test-method> <!-- acessarMDR -->
        <test-method status="PASS" signature="criar()[pri:0, instance:com.timp.test.MDR.TabelasComplementaresParaObrigaçoesAcessorias.AgrupadorDeCFOP.AgrupadorDeCFOPCriar@8e0379d]" name="criar" duration-ms="69821" started-at="2020-08-26T10:40:58Z" finished-at="2020-08-26T10:42:08Z">
          <reporter-output>
          </reporter-output>
        </test-method> <!-- criar -->
      </class> <!-- com.timp.test.MDR.TabelasComplementaresParaObrigaçoesAcessorias.AgrupadorDeCFOP.AgrupadorDeCFOPCriar -->
    </test> <!-- Default test -->
  </suite> <!-- Default suite -->
</testng-results>
