<?xml version="1.0" encoding="UTF-8"?>
<testng-results skipped="0" failed="0" total="3" passed="3">
  <reporter-output>
  </reporter-output>
  <suite name="Default suite" duration-ms="111755" started-at="2020-08-21T16:27:59Z" finished-at="2020-08-21T16:29:51Z">
    <groups>
    </groups>
    <test name="Default test" duration-ms="111755" started-at="2020-08-21T16:27:59Z" finished-at="2020-08-21T16:29:51Z">
      <class name="com.timp.test.MDR.TabelasApoioSped.ObservaçoesdoDocumentoFiscal.ObserbaçoesdoDocumentoFiscalExcluir">
        <test-method status="PASS" signature="beforeClass()[pri:0, instance:com.timp.test.MDR.TabelasApoioSped.ObservaçoesdoDocumentoFiscal.ObserbaçoesdoDocumentoFiscalExcluir@35083305]" name="beforeClass" is-config="true" duration-ms="16290" started-at="2020-08-21T10:27:59Z" finished-at="2020-08-21T10:28:15Z">
          <reporter-output>
          </reporter-output>
        </test-method> <!-- beforeClass -->
        <test-method status="PASS" signature="login()[pri:0, instance:com.timp.test.MDR.TabelasApoioSped.ObservaçoesdoDocumentoFiscal.ObserbaçoesdoDocumentoFiscalExcluir@35083305]" name="login" duration-ms="7875" started-at="2020-08-21T10:28:15Z" finished-at="2020-08-21T10:28:23Z">
          <reporter-output>
          </reporter-output>
        </test-method> <!-- login -->
        <test-method status="PASS" signature="acessarMDR()[pri:0, instance:com.timp.test.MDR.TabelasApoioSped.ObservaçoesdoDocumentoFiscal.ObserbaçoesdoDocumentoFiscalExcluir@35083305]" name="acessarMDR" duration-ms="28434" started-at="2020-08-21T10:28:23Z" finished-at="2020-08-21T10:28:52Z">
          <reporter-output>
          </reporter-output>
        </test-method> <!-- acessarMDR -->
        <test-method status="PASS" signature="excluir()[pri:0, instance:com.timp.test.MDR.TabelasApoioSped.ObservaçoesdoDocumentoFiscal.ObserbaçoesdoDocumentoFiscalExcluir@35083305]" name="excluir" duration-ms="59143" started-at="2020-08-21T10:28:52Z" finished-at="2020-08-21T10:29:51Z">
          <reporter-output>
          </reporter-output>
        </test-method> <!-- excluir -->
      </class> <!-- com.timp.test.MDR.TabelasApoioSped.ObservaçoesdoDocumentoFiscal.ObserbaçoesdoDocumentoFiscalExcluir -->
    </test> <!-- Default test -->
  </suite> <!-- Default suite -->
</testng-results>
