<?xml version="1.0" encoding="UTF-8"?>
<testng-results total="3" passed="3" failed="0" skipped="0">
  <reporter-output>
  </reporter-output>
  <suite started-at="2020-10-22T20:50:06Z" name="Default suite" finished-at="2020-10-22T20:52:06Z" duration-ms="120719">
    <groups>
    </groups>
    <test started-at="2020-10-22T20:50:06Z" name="Default test" finished-at="2020-10-22T20:52:06Z" duration-ms="120719">
      <class name="com.timp.test.MDR.Siscoserv.RegistroRP.RegistroRPEditar">
        <test-method is-config="true" signature="beforeClass()[pri:0, instance:com.timp.test.MDR.Siscoserv.RegistroRP.RegistroRPEditar@f78a47e]" started-at="2020-10-22T17:50:06Z" name="beforeClass" finished-at="2020-10-22T17:50:20Z" duration-ms="14128" status="PASS">
          <reporter-output>
          </reporter-output>
        </test-method> <!-- beforeClass -->
        <test-method signature="login()[pri:0, instance:com.timp.test.MDR.Siscoserv.RegistroRP.RegistroRPEditar@f78a47e]" started-at="2020-10-22T17:50:20Z" name="login" finished-at="2020-10-22T17:50:28Z" duration-ms="8517" status="PASS">
          <reporter-output>
          </reporter-output>
        </test-method> <!-- login -->
        <test-method signature="acessarMDR()[pri:0, instance:com.timp.test.MDR.Siscoserv.RegistroRP.RegistroRPEditar@f78a47e]" started-at="2020-10-22T17:50:28Z" name="acessarMDR" finished-at="2020-10-22T17:50:39Z" duration-ms="10401" status="PASS">
          <reporter-output>
          </reporter-output>
        </test-method> <!-- acessarMDR -->
        <test-method signature="editar()[pri:0, instance:com.timp.test.MDR.Siscoserv.RegistroRP.RegistroRPEditar@f78a47e]" started-at="2020-10-22T17:50:39Z" name="editar" finished-at="2020-10-22T17:52:06Z" duration-ms="87577" status="PASS">
          <reporter-output>
          </reporter-output>
        </test-method> <!-- editar -->
        <test-method is-config="true" signature="afterClass()[pri:0, instance:com.timp.test.MDR.Siscoserv.RegistroRP.RegistroRPEditar@f78a47e]" started-at="2020-10-22T17:52:06Z" name="afterClass" finished-at="2020-10-22T17:52:06Z" duration-ms="81" status="PASS">
          <reporter-output>
          </reporter-output>
        </test-method> <!-- afterClass -->
      </class> <!-- com.timp.test.MDR.Siscoserv.RegistroRP.RegistroRPEditar -->
    </test> <!-- Default test -->
  </suite> <!-- Default suite -->
</testng-results>
