<?xml version="1.0" encoding="UTF-8"?>
<testng-results ignored="0" total="1" passed="1" failed="0" skipped="0">
  <reporter-output>
  </reporter-output>
  <suite started-at="2023-05-25T16:05:06 UTC" name="Default suite" finished-at="2023-05-25T16:10:20 UTC" duration-ms="313825">
    <groups>
    </groups>
    <test started-at="2023-05-25T16:05:06 UTC" name="Default test" finished-at="2023-05-25T16:10:20 UTC" duration-ms="313825">
      <class name="com.timp.test.BRB.CrescenteEDecrescente">
        <test-method is-config="true" signature="beforeClass()[pri:0, instance:com.timp.test.BRB.CrescenteEDecrescente@61001b64]" started-at="2023-05-25T16:05:06 UTC" name="beforeClass" finished-at="2023-05-25T16:05:09 UTC" duration-ms="3319" status="PASS">
          <reporter-output>
          </reporter-output>
        </test-method> <!-- beforeClass -->
        <test-method signature="crescenteEDecrescente()[pri:0, instance:com.timp.test.BRB.CrescenteEDecrescente@61001b64]" started-at="2023-05-25T16:05:09 UTC" name="crescenteEDecrescente" finished-at="2023-05-25T16:10:20 UTC" duration-ms="310464" status="PASS">
          <reporter-output>
          </reporter-output>
        </test-method> <!-- crescenteEDecrescente -->
        <test-method is-config="true" signature="afterClass()[pri:0, instance:com.timp.test.BRB.CrescenteEDecrescente@61001b64]" started-at="2023-05-25T16:10:20 UTC" name="afterClass" finished-at="2023-05-25T16:10:20 UTC" duration-ms="1" status="PASS">
          <reporter-output>
          </reporter-output>
        </test-method> <!-- afterClass -->
      </class> <!-- com.timp.test.BRB.CrescenteEDecrescente -->
    </test> <!-- Default test -->
  </suite> <!-- Default suite -->
</testng-results>
