<?xml version="1.0" encoding="UTF-8"?>
<testng-results skipped="0" failed="0" total="3" passed="3">
  <reporter-output>
  </reporter-output>
  <suite name="Default suite" duration-ms="80456" started-at="2020-07-27T23:11:30Z" finished-at="2020-07-27T23:12:51Z">
    <groups>
    </groups>
    <test name="Default test" duration-ms="80456" started-at="2020-07-27T23:11:30Z" finished-at="2020-07-27T23:12:51Z">
      <class name="com.timp.test.MDR.SequenciaAcesso.SequenciaEditar">
        <test-method status="PASS" signature="beforeClass()[pri:0, instance:com.timp.test.MDR.SequenciaAcesso.SequenciaEditar@8e0379d]" name="beforeClass" is-config="true" duration-ms="15614" started-at="2020-07-27T20:11:30Z" finished-at="2020-07-27T20:11:46Z">
          <reporter-output>
          </reporter-output>
        </test-method> <!-- beforeClass -->
        <test-method status="PASS" signature="login()[pri:0, instance:com.timp.test.MDR.SequenciaAcesso.SequenciaEditar@8e0379d]" name="login" duration-ms="8856" started-at="2020-07-27T20:11:46Z" finished-at="2020-07-27T20:11:55Z">
          <reporter-output>
          </reporter-output>
        </test-method> <!-- login -->
        <test-method status="PASS" signature="acessarMDR()[pri:0, instance:com.timp.test.MDR.SequenciaAcesso.SequenciaEditar@8e0379d]" name="acessarMDR" duration-ms="11465" started-at="2020-07-27T20:11:55Z" finished-at="2020-07-27T20:12:06Z">
          <reporter-output>
          </reporter-output>
        </test-method> <!-- acessarMDR -->
        <test-method status="PASS" signature="Editar()[pri:0, instance:com.timp.test.MDR.SequenciaAcesso.SequenciaEditar@8e0379d]" name="Editar" duration-ms="44492" started-at="2020-07-27T20:12:06Z" finished-at="2020-07-27T20:12:51Z">
          <reporter-output>
          </reporter-output>
        </test-method> <!-- Editar -->
      </class> <!-- com.timp.test.MDR.SequenciaAcesso.SequenciaEditar -->
    </test> <!-- Default test -->
  </suite> <!-- Default suite -->
</testng-results>
