<?xml version="1.0" encoding="UTF-8"?>
<testng-results total="3" passed="3" failed="0" skipped="0">
  <reporter-output>
  </reporter-output>
  <suite started-at="2020-10-23T20:50:50Z" name="Default suite" finished-at="2020-10-23T20:52:07Z" duration-ms="77040">
    <groups>
    </groups>
    <test started-at="2020-10-23T20:50:50Z" name="Default test" finished-at="2020-10-23T20:52:07Z" duration-ms="77040">
      <class name="com.timp.test.MDR.Siscoserv.RegistroRVS.RegistroRVSExcluir">
        <test-method is-config="true" signature="beforeClass()[pri:0, instance:com.timp.test.MDR.Siscoserv.RegistroRVS.RegistroRVSExcluir@f78a47e]" started-at="2020-10-23T17:50:50Z" name="beforeClass" finished-at="2020-10-23T17:51:02Z" duration-ms="11986" status="PASS">
          <reporter-output>
          </reporter-output>
        </test-method> <!-- beforeClass -->
        <test-method signature="login()[pri:0, instance:com.timp.test.MDR.Siscoserv.RegistroRVS.RegistroRVSExcluir@f78a47e]" started-at="2020-10-23T17:51:02Z" name="login" finished-at="2020-10-23T17:51:09Z" duration-ms="7410" status="PASS">
          <reporter-output>
          </reporter-output>
        </test-method> <!-- login -->
        <test-method signature="acessarMDR()[pri:0, instance:com.timp.test.MDR.Siscoserv.RegistroRVS.RegistroRVSExcluir@f78a47e]" started-at="2020-10-23T17:51:09Z" name="acessarMDR" finished-at="2020-10-23T17:51:31Z" duration-ms="21739" status="PASS">
          <reporter-output>
          </reporter-output>
        </test-method> <!-- acessarMDR -->
        <test-method signature="excluir()[pri:0, instance:com.timp.test.MDR.Siscoserv.RegistroRVS.RegistroRVSExcluir@f78a47e]" started-at="2020-10-23T17:51:31Z" name="excluir" finished-at="2020-10-23T17:52:06Z" duration-ms="35843" status="PASS">
          <reporter-output>
          </reporter-output>
        </test-method> <!-- excluir -->
        <test-method is-config="true" signature="afterClass()[pri:0, instance:com.timp.test.MDR.Siscoserv.RegistroRVS.RegistroRVSExcluir@f78a47e]" started-at="2020-10-23T17:52:06Z" name="afterClass" finished-at="2020-10-23T17:52:07Z" duration-ms="48" status="PASS">
          <reporter-output>
          </reporter-output>
        </test-method> <!-- afterClass -->
      </class> <!-- com.timp.test.MDR.Siscoserv.RegistroRVS.RegistroRVSExcluir -->
    </test> <!-- Default test -->
  </suite> <!-- Default suite -->
</testng-results>
