<?xml version="1.0" encoding="UTF-8"?>
<testng-results ignored="0" total="1" passed="1" failed="0" skipped="0">
  <reporter-output>
  </reporter-output>
  <suite started-at="2021-03-23T17:27:24Z" name="Default suite" finished-at="2021-03-23T17:28:55Z" duration-ms="90254">
    <groups>
    </groups>
    <test started-at="2021-03-23T17:27:24Z" name="Default test" finished-at="2021-03-23T17:28:55Z" duration-ms="90254">
      <class name="com.timp.test.TCM.Configuracao.ModeloDeDados.ConfiguracaoModeloDeDadosExcluir">
        <test-method is-config="true" signature="beforeClass()[pri:0, instance:com.timp.test.TCM.Configuracao.ModeloDeDados.ConfiguracaoModeloDeDadosExcluir@1bd39d3c]" started-at="2021-03-23T17:27:24Z" name="beforeClass" finished-at="2021-03-23T17:27:38Z" duration-ms="13273" status="PASS">
          <reporter-output>
          </reporter-output>
        </test-method> <!-- beforeClass -->
        <test-method signature="excluir()[pri:1, instance:com.timp.test.TCM.Configuracao.ModeloDeDados.ConfiguracaoModeloDeDadosExcluir@1bd39d3c]" started-at="2021-03-23T17:27:38Z" name="excluir" finished-at="2021-03-23T17:28:54Z" duration-ms="76724" status="PASS">
          <reporter-output>
          </reporter-output>
        </test-method> <!-- excluir -->
        <test-method is-config="true" signature="afterClass()[pri:0, instance:com.timp.test.TCM.Configuracao.ModeloDeDados.ConfiguracaoModeloDeDadosExcluir@1bd39d3c]" started-at="2021-03-23T17:28:54Z" name="afterClass" finished-at="2021-03-23T17:28:55Z" duration-ms="171" status="PASS">
          <reporter-output>
          </reporter-output>
        </test-method> <!-- afterClass -->
      </class> <!-- com.timp.test.TCM.Configuracao.ModeloDeDados.ConfiguracaoModeloDeDadosExcluir -->
    </test> <!-- Default test -->
  </suite> <!-- Default suite -->
</testng-results>
