<?xml version="1.0" encoding="UTF-8"?>
<testng-results total="3" passed="3" failed="0" skipped="0">
  <reporter-output>
  </reporter-output>
  <suite started-at="2020-11-25T03:55:43Z" name="Default suite" finished-at="2020-11-25T03:57:05Z" duration-ms="81510">
    <groups>
    </groups>
    <test started-at="2020-11-25T03:55:43Z" name="Default test" finished-at="2020-11-25T03:57:05Z" duration-ms="81510">
      <class name="com.timp.test.BCB.ParametrosGeraisHierarquiaLixeira">
        <test-method is-config="true" signature="beforeClass()[pri:0, instance:com.timp.test.BCB.ParametrosGeraisHierarquiaLixeira@6ee4d9ab]" started-at="2020-11-24T21:55:43Z" name="beforeClass" finished-at="2020-11-24T21:55:58Z" duration-ms="14526" status="PASS">
          <reporter-output>
          </reporter-output>
        </test-method> <!-- beforeClass -->
        <test-method signature="login()[pri:0, instance:com.timp.test.BCB.ParametrosGeraisHierarquiaLixeira@6ee4d9ab]" started-at="2020-11-24T21:55:58Z" name="login" finished-at="2020-11-24T21:56:08Z" duration-ms="10096" status="PASS">
          <reporter-output>
          </reporter-output>
        </test-method> <!-- login -->
        <test-method signature="brbEntrar()[pri:0, instance:com.timp.test.BCB.ParametrosGeraisHierarquiaLixeira@6ee4d9ab]" started-at="2020-11-24T21:56:08Z" name="brbEntrar" finished-at="2020-11-24T21:56:23Z" duration-ms="14567" status="PASS">
          <reporter-output>
          </reporter-output>
        </test-method> <!-- brbEntrar -->
        <test-method signature="excluir()[pri:0, instance:com.timp.test.BCB.ParametrosGeraisHierarquiaLixeira@6ee4d9ab]" started-at="2020-11-24T21:56:23Z" name="excluir" finished-at="2020-11-24T21:57:05Z" duration-ms="42298" status="PASS">
          <reporter-output>
          </reporter-output>
        </test-method> <!-- excluir -->
        <test-method is-config="true" signature="afterClass()[pri:0, instance:com.timp.test.BCB.ParametrosGeraisHierarquiaLixeira@6ee4d9ab]" started-at="2020-11-24T21:57:05Z" name="afterClass" finished-at="2020-11-24T21:57:05Z" duration-ms="0" status="PASS">
          <reporter-output>
          </reporter-output>
        </test-method> <!-- afterClass -->
      </class> <!-- com.timp.test.BCB.ParametrosGeraisHierarquiaLixeira -->
    </test> <!-- Default test -->
  </suite> <!-- Default suite -->
</testng-results>
