<?xml version="1.0" encoding="UTF-8"?>
<testng-results ignored="0" total="3" passed="3" failed="0" skipped="0">
  <reporter-output>
  </reporter-output>
  <suite started-at="2021-02-23T00:49:52Z" name="Default suite" finished-at="2021-02-23T00:54:30Z" duration-ms="277302">
    <groups>
    </groups>
    <test started-at="2021-02-23T00:49:52Z" name="Default test" finished-at="2021-02-23T00:54:30Z" duration-ms="277302">
      <class name="com.timp.test.CALENDAR.TarefasMultiplasEstagios">
        <test-method is-config="true" signature="beforeClass()[pri:0, instance:com.timp.test.CALENDAR.TarefasMultiplasEstagios@38604b81]" started-at="2021-02-23T00:49:52Z" name="beforeClass" finished-at="2021-02-23T00:51:41Z" duration-ms="109212" status="PASS">
          <reporter-output>
          </reporter-output>
        </test-method> <!-- beforeClass -->
        <test-method signature="login()[pri:0, instance:com.timp.test.CALENDAR.TarefasMultiplasEstagios@38604b81]" started-at="2021-02-23T00:51:42Z" name="login" finished-at="2021-02-23T00:52:05Z" duration-ms="23421" status="PASS">
          <reporter-output>
          </reporter-output>
        </test-method> <!-- login -->
        <test-method signature="BPMAEntrar()[pri:1, instance:com.timp.test.CALENDAR.TarefasMultiplasEstagios@38604b81]" started-at="2021-02-23T00:52:05Z" name="BPMAEntrar" finished-at="2021-02-23T00:52:45Z" duration-ms="39761" status="PASS">
          <reporter-output>
          </reporter-output>
        </test-method> <!-- BPMAEntrar -->
        <test-method signature="criar()[pri:2, instance:com.timp.test.CALENDAR.TarefasMultiplasEstagios@38604b81]" started-at="2021-02-23T00:52:45Z" name="criar" finished-at="2021-02-23T00:54:30Z" duration-ms="104832" status="PASS">
          <reporter-output>
          </reporter-output>
        </test-method> <!-- criar -->
        <test-method is-config="true" signature="afterClass()[pri:0, instance:com.timp.test.CALENDAR.TarefasMultiplasEstagios@38604b81]" started-at="2021-02-23T00:54:30Z" name="afterClass" finished-at="2021-02-23T00:54:30Z" duration-ms="1" status="PASS">
          <reporter-output>
          </reporter-output>
        </test-method> <!-- afterClass -->
      </class> <!-- com.timp.test.CALENDAR.TarefasMultiplasEstagios -->
    </test> <!-- Default test -->
  </suite> <!-- Default suite -->
</testng-results>
