<?xml version="1.0" encoding="UTF-8"?>
<testng-results ignored="0" total="1" passed="1" failed="0" skipped="0">
  <reporter-output>
  </reporter-output>
  <suite started-at="2021-03-16T11:23:32Z" name="Default suite" finished-at="2021-03-16T11:24:52Z" duration-ms="80034">
    <groups>
    </groups>
    <test started-at="2021-03-16T11:23:32Z" name="Default test" finished-at="2021-03-16T11:24:52Z" duration-ms="80034">
      <class name="com.timp.test.MDR.TabelasComplementaresParaObrigaçoesAcessorias.CodigoDIPAM.CodigoDIPAMExcluir">
        <test-method is-config="true" signature="beforeClass()[pri:0, instance:com.timp.test.MDR.TabelasComplementaresParaObrigaçoesAcessorias.CodigoDIPAM.CodigoDIPAMExcluir@36d585c]" started-at="2021-03-16T11:23:32Z" name="beforeClass" finished-at="2021-03-16T11:23:43Z" duration-ms="11599" status="PASS">
          <reporter-output>
          </reporter-output>
        </test-method> <!-- beforeClass -->
        <test-method signature="excluir()[pri:0, instance:com.timp.test.MDR.TabelasComplementaresParaObrigaçoesAcessorias.CodigoDIPAM.CodigoDIPAMExcluir@36d585c]" started-at="2021-03-16T11:23:43Z" name="excluir" finished-at="2021-03-16T11:24:51Z" duration-ms="68205" status="PASS">
          <reporter-output>
          </reporter-output>
        </test-method> <!-- excluir -->
        <test-method is-config="true" signature="afterClass()[pri:0, instance:com.timp.test.MDR.TabelasComplementaresParaObrigaçoesAcessorias.CodigoDIPAM.CodigoDIPAMExcluir@36d585c]" started-at="2021-03-16T11:24:51Z" name="afterClass" finished-at="2021-03-16T11:24:52Z" duration-ms="201" status="PASS">
          <reporter-output>
          </reporter-output>
        </test-method> <!-- afterClass -->
      </class> <!-- com.timp.test.MDR.TabelasComplementaresParaObrigaçoesAcessorias.CodigoDIPAM.CodigoDIPAMExcluir -->
    </test> <!-- Default test -->
  </suite> <!-- Default suite -->
</testng-results>
