<?xml version="1.0" encoding="UTF-8"?>
<testng-results skipped="0" failed="0" ignored="0" total="1" passed="1">
  <reporter-output>
  </reporter-output>
  <suite name="Default suite" duration-ms="174290" started-at="2021-03-02T21:33:02Z" finished-at="2021-03-02T21:35:57Z">
    <groups>
    </groups>
    <test name="Default test" duration-ms="174290" started-at="2021-03-02T21:33:02Z" finished-at="2021-03-02T21:35:57Z">
      <class name="com.timp.test.BRE.RegrasDeMensagens.ParametrosGerais.RegrasDeMensagensEditar">
        <test-method status="PASS" signature="beforeClass()[pri:0, instance:com.timp.test.BRE.RegrasDeMensagens.ParametrosGerais.RegrasDeMensagensEditar@78b729e6]" name="beforeClass" is-config="true" duration-ms="12885" started-at="2021-03-02T21:33:02Z" finished-at="2021-03-02T21:33:15Z">
          <reporter-output>
          </reporter-output>
        </test-method> <!-- beforeClass -->
        <test-method status="PASS" signature="editar()[pri:0, instance:com.timp.test.BRE.RegrasDeMensagens.ParametrosGerais.RegrasDeMensagensEditar@78b729e6]" name="editar" duration-ms="161379" started-at="2021-03-02T21:33:15Z" finished-at="2021-03-02T21:35:57Z">
          <reporter-output>
          </reporter-output>
        </test-method> <!-- editar -->
        <test-method status="PASS" signature="afterClass()[pri:0, instance:com.timp.test.BRE.RegrasDeMensagens.ParametrosGerais.RegrasDeMensagensEditar@78b729e6]" name="afterClass" is-config="true" duration-ms="1" started-at="2021-03-02T21:35:57Z" finished-at="2021-03-02T21:35:57Z">
          <reporter-output>
          </reporter-output>
        </test-method> <!-- afterClass -->
      </class> <!-- com.timp.test.BRE.RegrasDeMensagens.ParametrosGerais.RegrasDeMensagensEditar -->
    </test> <!-- Default test -->
  </suite> <!-- Default suite -->
</testng-results>
