<?xml version="1.0" encoding="UTF-8"?>
<testng-results ignored="0" total="18" passed="17" failed="1" skipped="0">
  <reporter-output>
  </reporter-output>
  <suite started-at="2023-02-17T20:05:22 UTC" name="Suite" finished-at="2023-02-17T20:28:32 UTC" duration-ms="1389990">
    <groups>
    </groups>
    <test started-at="2023-02-17T20:05:22 UTC" name=" ATR - ESTRUCTURAS -  RELACIONAMIENTO DE ESTRUCTURAS " finished-at="2023-02-17T20:17:28 UTC" duration-ms="726491">
      <class name="com.timp.test.ATR.Estruturas.RelacionamentoEstruturas.RelacionamentoEstruturasFiltroPorIdMasLimpiarFiltros">
        <test-method is-config="true" signature="beforeClass()[pri:0, instance:com.timp.test.ATR.Estruturas.RelacionamentoEstruturas.RelacionamentoEstruturasFiltroPorIdMasLimpiarFiltros@272113c4]" started-at="2023-02-17T20:11:58 UTC" name="beforeClass" finished-at="2023-02-17T20:12:01 UTC" duration-ms="3327" status="PASS">
          <reporter-output>
          </reporter-output>
        </test-method> <!-- beforeClass -->
        <test-method signature="filtrarPorIdMasLimpiarFiltros()[pri:0, instance:com.timp.test.ATR.Estruturas.RelacionamentoEstruturas.RelacionamentoEstruturasFiltroPorIdMasLimpiarFiltros@272113c4]" started-at="2023-02-17T20:12:01 UTC" name="filtrarPorIdMasLimpiarFiltros" finished-at="2023-02-17T20:12:48 UTC" duration-ms="46731" status="PASS">
          <reporter-output>
          </reporter-output>
        </test-method> <!-- filtrarPorIdMasLimpiarFiltros -->
        <test-method is-config="true" signature="afterClass()[pri:0, instance:com.timp.test.ATR.Estruturas.RelacionamentoEstruturas.RelacionamentoEstruturasFiltroPorIdMasLimpiarFiltros@272113c4]" started-at="2023-02-17T20:12:48 UTC" name="afterClass" finished-at="2023-02-17T20:12:48 UTC" duration-ms="415" status="PASS">
          <reporter-output>
          </reporter-output>
        </test-method> <!-- afterClass -->
      </class> <!-- com.timp.test.ATR.Estruturas.RelacionamentoEstruturas.RelacionamentoEstruturasFiltroPorIdMasLimpiarFiltros -->
      <class name="com.timp.test.ATR.Estruturas.RelacionamentoEstruturas.RelacionamentoEstruturasEditar">
        <test-method is-config="true" signature="beforeClass()[pri:0, instance:com.timp.test.ATR.Estruturas.RelacionamentoEstruturas.RelacionamentoEstruturasEditar@53aac487]" started-at="2023-02-17T20:07:03 UTC" name="beforeClass" finished-at="2023-02-17T20:07:07 UTC" duration-ms="3598" status="PASS">
          <reporter-output>
          </reporter-output>
        </test-method> <!-- beforeClass -->
        <test-method signature="EditarRelacionamento()[pri:0, instance:com.timp.test.ATR.Estruturas.RelacionamentoEstruturas.RelacionamentoEstruturasEditar@53aac487]" started-at="2023-02-17T20:07:07 UTC" name="EditarRelacionamento" finished-at="2023-02-17T20:08:33 UTC" duration-ms="86100" status="FAIL">
          <exception class="org.openqa.selenium.NoSuchElementException">
            <message>
              <![CDATA[no such element: Unable to locate element: {"method":"xpath","selector":"//div[@class="fieldRow-wrapper"][3]/div/div[1]/div/div[1]/input"}
  (Session info: chrome=110.0.5481.100)
For documentation on this error, please visit: https://www.seleniumhq.org/exceptions/no_such_element.html
Build info: version: '3.141.59', revision: 'e82be7d358', time: '2018-11-14T08:17:03'
System info: host: 'EC2AMAZ-8HCHO4G', ip: '10.0.0.31', os.name: 'Windows Server 2019', os.arch: 'amd64', os.version: '10.0', java.version: '17.0.4.1'
Driver info: org.openqa.selenium.chrome.ChromeDriver
Capabilities {acceptInsecureCerts: false, browserName: chrome, browserVersion: 110.0.5481.100, chrome: {chromedriverVersion: 110.0.5481.77 (65ed616c6e8e..., userDataDir: C:\Users\user_ta\AppData\Lo...}, goog:chromeOptions: {debuggerAddress: localhost:51994}, javascriptEnabled: true, networkConnectionEnabled: false, pageLoadStrategy: normal, platform: WINDOWS, platformName: WINDOWS, proxy: Proxy(), setWindowRect: true, strictFileInteractability: false, timeouts: {implicit: 0, pageLoad: 300000, script: 30000}, unhandledPromptBehavior: dismiss and notify, webauthn:extension:credBlob: true, webauthn:extension:largeBlob: true, webauthn:virtualAuthenticators: true}
Session ID: 7492464fd2b35d7a490227c64dd2aeb4
*** Element info: {Using=xpath, value=//div[@class="fieldRow-wrapper"][3]/div/div[1]/div/div[1]/input}]]>
            </message>
            <full-stacktrace>
              <![CDATA[org.openqa.selenium.NoSuchElementException: no such element: Unable to locate element: {"method":"xpath","selector":"//div[@class="fieldRow-wrapper"][3]/div/div[1]/div/div[1]/input"}
  (Session info: chrome=110.0.5481.100)
For documentation on this error, please visit: https://www.seleniumhq.org/exceptions/no_such_element.html
Build info: version: '3.141.59', revision: 'e82be7d358', time: '2018-11-14T08:17:03'
System info: host: 'EC2AMAZ-8HCHO4G', ip: '10.0.0.31', os.name: 'Windows Server 2019', os.arch: 'amd64', os.version: '10.0', java.version: '17.0.4.1'
Driver info: org.openqa.selenium.chrome.ChromeDriver
Capabilities {acceptInsecureCerts: false, browserName: chrome, browserVersion: 110.0.5481.100, chrome: {chromedriverVersion: 110.0.5481.77 (65ed616c6e8e..., userDataDir: C:\Users\user_ta\AppData\Lo...}, goog:chromeOptions: {debuggerAddress: localhost:51994}, javascriptEnabled: true, networkConnectionEnabled: false, pageLoadStrategy: normal, platform: WINDOWS, platformName: WINDOWS, proxy: Proxy(), setWindowRect: true, strictFileInteractability: false, timeouts: {implicit: 0, pageLoad: 300000, script: 30000}, unhandledPromptBehavior: dismiss and notify, webauthn:extension:credBlob: true, webauthn:extension:largeBlob: true, webauthn:virtualAuthenticators: true}
Session ID: 7492464fd2b35d7a490227c64dd2aeb4
*** Element info: {Using=xpath, value=//div[@class="fieldRow-wrapper"][3]/div/div[1]/div/div[1]/input}
at jdk.internal.reflect.GeneratedConstructorAccessor16.newInstance(Unknown Source)
at java.base/jdk.internal.reflect.DelegatingConstructorAccessorImpl.newInstance(DelegatingConstructorAccessorImpl.java:45)
at java.base/java.lang.reflect.Constructor.newInstanceWithCaller(Constructor.java:499)
at java.base/java.lang.reflect.Constructor.newInstance(Constructor.java:480)
at org.openqa.selenium.remote.http.W3CHttpResponseCodec.createException(W3CHttpResponseCodec.java:187)
at org.openqa.selenium.remote.http.W3CHttpResponseCodec.decode(W3CHttpResponseCodec.java:122)
at org.openqa.selenium.remote.http.W3CHttpResponseCodec.decode(W3CHttpResponseCodec.java:49)
at org.openqa.selenium.remote.HttpCommandExecutor.execute(HttpCommandExecutor.java:158)
at org.openqa.selenium.remote.service.DriverCommandExecutor.execute(DriverCommandExecutor.java:83)
at org.openqa.selenium.remote.RemoteWebDriver.execute(RemoteWebDriver.java:552)
at org.openqa.selenium.remote.RemoteWebDriver.findElement(RemoteWebDriver.java:323)
at org.openqa.selenium.remote.RemoteWebDriver.findElementByXPath(RemoteWebDriver.java:428)
at org.openqa.selenium.By$ByXPath.findElement(By.java:353)
at org.openqa.selenium.remote.RemoteWebDriver.findElement(RemoteWebDriver.java:315)
at org.openqa.selenium.support.pagefactory.DefaultElementLocator.findElement(DefaultElementLocator.java:69)
at org.openqa.selenium.support.pagefactory.internal.LocatingElementHandler.invoke(LocatingElementHandler.java:38)
at jdk.proxy2/jdk.proxy2.$Proxy11.getAttribute(Unknown Source)
at com.sap.timp.pageObjectModel.ATR.Estruturas.RelacionamentoEstruturas.RelacionamentoEstruturasEditarPO.editar(RelacionamentoEstruturasEditarPO.java:191)
at com.timp.test.ATR.Estruturas.RelacionamentoEstruturas.RelacionamentoEstruturasEditar.EditarRelacionamento(RelacionamentoEstruturasEditar.java:47)
at java.base/jdk.internal.reflect.NativeMethodAccessorImpl.invoke0(Native Method)
at java.base/jdk.internal.reflect.NativeMethodAccessorImpl.invoke(NativeMethodAccessorImpl.java:77)
at java.base/jdk.internal.reflect.DelegatingMethodAccessorImpl.invoke(DelegatingMethodAccessorImpl.java:43)
at java.base/java.lang.reflect.Method.invoke(Method.java:568)
at org.testng.internal.invokers.MethodInvocationHelper.invokeMethod(MethodInvocationHelper.java:135)
at org.testng.internal.invokers.TestInvoker.invokeMethod(TestInvoker.java:673)
at org.testng.internal.invokers.TestInvoker.invokeTestMethod(TestInvoker.java:220)
at org.testng.internal.invokers.MethodRunner.runInSequence(MethodRunner.java:50)
at org.testng.internal.invokers.TestInvoker$MethodInvocationAgent.invoke(TestInvoker.java:945)
at org.testng.internal.invokers.TestInvoker.invokeTestMethods(TestInvoker.java:193)
at org.testng.internal.invokers.TestMethodWorker.invokeTestMethods(TestMethodWorker.java:146)
at org.testng.internal.invokers.TestMethodWorker.run(TestMethodWorker.java:128)
at java.base/java.util.ArrayList.forEach(ArrayList.java:1511)
at org.testng.TestRunner.privateRun(TestRunner.java:808)
at org.testng.TestRunner.run(TestRunner.java:603)
at org.testng.SuiteRunner.runTest(SuiteRunner.java:429)
at org.testng.SuiteRunner.runSequentially(SuiteRunner.java:423)
at org.testng.SuiteRunner.privateRun(SuiteRunner.java:383)
at org.testng.SuiteRunner.run(SuiteRunner.java:326)
at org.testng.SuiteRunnerWorker.runSuite(SuiteRunnerWorker.java:52)
at org.testng.SuiteRunnerWorker.run(SuiteRunnerWorker.java:95)
at org.testng.TestNG.runSuitesSequentially(TestNG.java:1249)
at org.testng.TestNG.runSuitesLocally(TestNG.java:1169)
at org.testng.TestNG.runSuites(TestNG.java:1092)
at org.testng.TestNG.run(TestNG.java:1060)
at org.testng.remote.AbstractRemoteTestNG.run(AbstractRemoteTestNG.java:115)
at org.testng.remote.RemoteTestNG.initAndRun(RemoteTestNG.java:251)
at org.testng.remote.RemoteTestNG.main(RemoteTestNG.java:77)
]]>
            </full-stacktrace>
          </exception> <!-- org.openqa.selenium.NoSuchElementException -->
          <reporter-output>
          </reporter-output>
        </test-method> <!-- EditarRelacionamento -->
        <test-method is-config="true" signature="afterClass()[pri:0, instance:com.timp.test.ATR.Estruturas.RelacionamentoEstruturas.RelacionamentoEstruturasEditar@53aac487]" started-at="2023-02-17T20:08:33 UTC" name="afterClass" finished-at="2023-02-17T20:08:33 UTC" duration-ms="636" status="PASS">
          <reporter-output>
          </reporter-output>
        </test-method> <!-- afterClass -->
      </class> <!-- com.timp.test.ATR.Estruturas.RelacionamentoEstruturas.RelacionamentoEstruturasEditar -->
      <class name="com.timp.test.ATR.Estruturas.RelacionamentoEstruturas.RelacionamentoEstruturasExcluirEmMassa">
        <test-method is-config="true" signature="beforeClass()[pri:0, instance:com.timp.test.ATR.Estruturas.RelacionamentoEstruturas.RelacionamentoEstruturasExcluirEmMassa@771a660]" started-at="2023-02-17T20:13:45 UTC" name="beforeClass" finished-at="2023-02-17T20:13:49 UTC" duration-ms="3619" status="PASS">
          <reporter-output>
          </reporter-output>
        </test-method> <!-- beforeClass -->
        <test-method signature="criarRelacionamento()[pri:0, instance:com.timp.test.ATR.Estruturas.RelacionamentoEstruturas.RelacionamentoEstruturasExcluirEmMassa@771a660]" started-at="2023-02-17T20:13:49 UTC" name="criarRelacionamento" finished-at="2023-02-17T20:16:49 UTC" duration-ms="179881" status="PASS">
          <reporter-output>
          </reporter-output>
        </test-method> <!-- criarRelacionamento -->
        <test-method signature="excluirMassa()[pri:0, instance:com.timp.test.ATR.Estruturas.RelacionamentoEstruturas.RelacionamentoEstruturasExcluirEmMassa@771a660]" started-at="2023-02-17T20:16:49 UTC" name="excluirMassa" finished-at="2023-02-17T20:17:28 UTC" depends-on-methods="com.timp.test.ATR.Estruturas.RelacionamentoEstruturas.RelacionamentoEstruturasExcluirEmMassa.criarRelacionamento" duration-ms="39328" status="PASS">
          <reporter-output>
          </reporter-output>
        </test-method> <!-- excluirMassa -->
        <test-method is-config="true" signature="afterClass()[pri:0, instance:com.timp.test.ATR.Estruturas.RelacionamentoEstruturas.RelacionamentoEstruturasExcluirEmMassa@771a660]" started-at="2023-02-17T20:17:28 UTC" name="afterClass" finished-at="2023-02-17T20:17:28 UTC" duration-ms="1" status="PASS">
          <reporter-output>
          </reporter-output>
        </test-method> <!-- afterClass -->
      </class> <!-- com.timp.test.ATR.Estruturas.RelacionamentoEstruturas.RelacionamentoEstruturasExcluirEmMassa -->
      <class name="com.timp.test.ATR.Estruturas.RelacionamentoEstruturas.RelacionamentoEstruturasExcluir">
        <test-method is-config="true" signature="beforeClass()[pri:0, instance:com.timp.test.ATR.Estruturas.RelacionamentoEstruturas.RelacionamentoEstruturasExcluir@73e9cf30]" started-at="2023-02-17T20:12:48 UTC" name="beforeClass" finished-at="2023-02-17T20:12:52 UTC" duration-ms="3448" status="PASS">
          <reporter-output>
          </reporter-output>
        </test-method> <!-- beforeClass -->
        <test-method signature="excluir()[pri:0, instance:com.timp.test.ATR.Estruturas.RelacionamentoEstruturas.RelacionamentoEstruturasExcluir@73e9cf30]" started-at="2023-02-17T20:12:52 UTC" name="excluir" finished-at="2023-02-17T20:13:45 UTC" duration-ms="52801" status="PASS">
          <reporter-output>
          </reporter-output>
        </test-method> <!-- excluir -->
        <test-method is-config="true" signature="afterClass()[pri:0, instance:com.timp.test.ATR.Estruturas.RelacionamentoEstruturas.RelacionamentoEstruturasExcluir@73e9cf30]" started-at="2023-02-17T20:13:45 UTC" name="afterClass" finished-at="2023-02-17T20:13:45 UTC" duration-ms="553" status="PASS">
          <reporter-output>
          </reporter-output>
        </test-method> <!-- afterClass -->
      </class> <!-- com.timp.test.ATR.Estruturas.RelacionamentoEstruturas.RelacionamentoEstruturasExcluir -->
      <class name="com.timp.test.ATR.Estruturas.RelacionamentoEstruturas.RelacionamentoEstruturasVisualizar">
        <test-method is-config="true" signature="beforeClass()[pri:0, instance:com.timp.test.ATR.Estruturas.RelacionamentoEstruturas.RelacionamentoEstruturasVisualizar@52b1beb6]" started-at="2023-02-17T20:08:33 UTC" name="beforeClass" finished-at="2023-02-17T20:08:37 UTC" duration-ms="3294" status="PASS">
          <reporter-output>
          </reporter-output>
        </test-method> <!-- beforeClass -->
        <test-method signature="VisualizarRelacionamento()[pri:0, instance:com.timp.test.ATR.Estruturas.RelacionamentoEstruturas.RelacionamentoEstruturasVisualizar@52b1beb6]" started-at="2023-02-17T20:08:37 UTC" name="VisualizarRelacionamento" finished-at="2023-02-17T20:09:47 UTC" duration-ms="69940" status="PASS">
          <reporter-output>
          </reporter-output>
        </test-method> <!-- VisualizarRelacionamento -->
        <test-method is-config="true" signature="afterClass()[pri:0, instance:com.timp.test.ATR.Estruturas.RelacionamentoEstruturas.RelacionamentoEstruturasVisualizar@52b1beb6]" started-at="2023-02-17T20:09:47 UTC" name="afterClass" finished-at="2023-02-17T20:09:47 UTC" duration-ms="1" status="PASS">
          <reporter-output>
          </reporter-output>
        </test-method> <!-- afterClass -->
      </class> <!-- com.timp.test.ATR.Estruturas.RelacionamentoEstruturas.RelacionamentoEstruturasVisualizar -->
      <class name="com.timp.test.ATR.Estruturas.RelacionamentoEstruturas.RelacionamentoEstruturasCriarComCopia">
        <test-method is-config="true" signature="beforeClass()[pri:0, instance:com.timp.test.ATR.Estruturas.RelacionamentoEstruturas.RelacionamentoEstruturasCriarComCopia@783a467b]" started-at="2023-02-17T20:09:47 UTC" name="beforeClass" finished-at="2023-02-17T20:09:51 UTC" duration-ms="4435" status="PASS">
          <reporter-output>
          </reporter-output>
        </test-method> <!-- beforeClass -->
        <test-method signature="criarCopia()[pri:0, instance:com.timp.test.ATR.Estruturas.RelacionamentoEstruturas.RelacionamentoEstruturasCriarComCopia@783a467b]" started-at="2023-02-17T20:09:51 UTC" name="criarCopia" finished-at="2023-02-17T20:11:13 UTC" duration-ms="81434" status="PASS">
          <reporter-output>
          </reporter-output>
        </test-method> <!-- criarCopia -->
        <test-method signature="editarCopia()[pri:0, instance:com.timp.test.ATR.Estruturas.RelacionamentoEstruturas.RelacionamentoEstruturasCriarComCopia@783a467b]" started-at="2023-02-17T20:11:13 UTC" name="editarCopia" finished-at="2023-02-17T20:11:35 UTC" depends-on-methods="com.timp.test.ATR.Estruturas.RelacionamentoEstruturas.RelacionamentoEstruturasCriarComCopia.criarCopia" duration-ms="22683" status="PASS">
          <reporter-output>
          </reporter-output>
        </test-method> <!-- editarCopia -->
        <test-method signature="excluirCopia()[pri:0, instance:com.timp.test.ATR.Estruturas.RelacionamentoEstruturas.RelacionamentoEstruturasCriarComCopia@783a467b]" started-at="2023-02-17T20:11:35 UTC" name="excluirCopia" finished-at="2023-02-17T20:11:57 UTC" depends-on-methods="com.timp.test.ATR.Estruturas.RelacionamentoEstruturas.RelacionamentoEstruturasCriarComCopia.editarCopia" duration-ms="21945" status="PASS">
          <reporter-output>
          </reporter-output>
        </test-method> <!-- excluirCopia -->
        <test-method is-config="true" signature="afterClass()[pri:0, instance:com.timp.test.ATR.Estruturas.RelacionamentoEstruturas.RelacionamentoEstruturasCriarComCopia@783a467b]" started-at="2023-02-17T20:11:57 UTC" name="afterClass" finished-at="2023-02-17T20:11:58 UTC" duration-ms="767" status="PASS">
          <reporter-output>
          </reporter-output>
        </test-method> <!-- afterClass -->
      </class> <!-- com.timp.test.ATR.Estruturas.RelacionamentoEstruturas.RelacionamentoEstruturasCriarComCopia -->
      <class name="com.timp.test.ATR.Estruturas.RelacionamentoEstruturas.RelacionamentoEstruturasCriar">
        <test-method is-config="true" signature="beforeClass()[pri:0, instance:com.timp.test.ATR.Estruturas.RelacionamentoEstruturas.RelacionamentoEstruturasCriar@4efac082]" started-at="2023-02-17T20:05:22 UTC" name="beforeClass" finished-at="2023-02-17T20:05:26 UTC" duration-ms="4751" status="PASS">
          <reporter-output>
          </reporter-output>
        </test-method> <!-- beforeClass -->
        <test-method signature="criarRelacionamento()[pri:0, instance:com.timp.test.ATR.Estruturas.RelacionamentoEstruturas.RelacionamentoEstruturasCriar@4efac082]" started-at="2023-02-17T20:05:26 UTC" name="criarRelacionamento" finished-at="2023-02-17T20:07:03 UTC" duration-ms="96477" status="PASS">
          <reporter-output>
          </reporter-output>
        </test-method> <!-- criarRelacionamento -->
        <test-method is-config="true" signature="afterClass()[pri:0, instance:com.timp.test.ATR.Estruturas.RelacionamentoEstruturas.RelacionamentoEstruturasCriar@4efac082]" started-at="2023-02-17T20:07:03 UTC" name="afterClass" finished-at="2023-02-17T20:07:03 UTC" duration-ms="208" status="PASS">
          <reporter-output>
          </reporter-output>
        </test-method> <!-- afterClass -->
      </class> <!-- com.timp.test.ATR.Estruturas.RelacionamentoEstruturas.RelacionamentoEstruturasCriar -->
    </test> <!--  ATR - ESTRUCTURAS -  RELACIONAMIENTO DE ESTRUCTURAS  -->
    <test started-at="2023-02-17T20:17:28 UTC" name=" ATR - TRIBUTOS - AGRUPAMENTO DE TRIBUTOS " finished-at="2023-02-17T20:28:32 UTC" duration-ms="663339">
      <class name="com.timp.test.ATR.Tributos.AgrupamentoDeTributos.AgrupamentoDeTributosCriar">
        <test-method is-config="true" signature="beforeClass()[pri:0, instance:com.timp.test.ATR.Tributos.AgrupamentoDeTributos.AgrupamentoDeTributosCriar@8f2ef19]" started-at="2023-02-17T20:17:28 UTC" name="beforeClass" finished-at="2023-02-17T20:17:31 UTC" duration-ms="3230" status="PASS">
          <reporter-output>
          </reporter-output>
        </test-method> <!-- beforeClass -->
        <test-method signature="criar()[pri:0, instance:com.timp.test.ATR.Tributos.AgrupamentoDeTributos.AgrupamentoDeTributosCriar@8f2ef19]" started-at="2023-02-17T20:17:31 UTC" name="criar" finished-at="2023-02-17T20:18:51 UTC" duration-ms="79717" status="PASS">
          <reporter-output>
          </reporter-output>
        </test-method> <!-- criar -->
        <test-method is-config="true" signature="afterClass()[pri:0, instance:com.timp.test.ATR.Tributos.AgrupamentoDeTributos.AgrupamentoDeTributosCriar@8f2ef19]" started-at="2023-02-17T20:18:51 UTC" name="afterClass" finished-at="2023-02-17T20:18:53 UTC" duration-ms="2251" status="PASS">
          <reporter-output>
          </reporter-output>
        </test-method> <!-- afterClass -->
      </class> <!-- com.timp.test.ATR.Tributos.AgrupamentoDeTributos.AgrupamentoDeTributosCriar -->
      <class name="com.timp.test.ATR.Tributos.AgrupamentoDeTributos.AgrupamentoDeTributosExcluirEmMassa">
        <test-method is-config="true" signature="beforeClass()[pri:0, instance:com.timp.test.ATR.Tributos.AgrupamentoDeTributos.AgrupamentoDeTributosExcluirEmMassa@25ce9dc4]" started-at="2023-02-17T20:26:03 UTC" name="beforeClass" finished-at="2023-02-17T20:26:06 UTC" duration-ms="3376" status="PASS">
          <reporter-output>
          </reporter-output>
        </test-method> <!-- beforeClass -->
        <test-method signature="criar()[pri:0, instance:com.timp.test.ATR.Tributos.AgrupamentoDeTributos.AgrupamentoDeTributosExcluirEmMassa@25ce9dc4]" started-at="2023-02-17T20:26:06 UTC" name="criar" finished-at="2023-02-17T20:28:06 UTC" duration-ms="119643" status="PASS">
          <reporter-output>
          </reporter-output>
        </test-method> <!-- criar -->
        <test-method signature="Excluir()[pri:0, instance:com.timp.test.ATR.Tributos.AgrupamentoDeTributos.AgrupamentoDeTributosExcluirEmMassa@25ce9dc4]" started-at="2023-02-17T20:28:06 UTC" name="Excluir" finished-at="2023-02-17T20:28:32 UTC" depends-on-methods="com.timp.test.ATR.Tributos.AgrupamentoDeTributos.AgrupamentoDeTributosExcluirEmMassa.criar" duration-ms="26030" status="PASS">
          <reporter-output>
          </reporter-output>
        </test-method> <!-- Excluir -->
        <test-method is-config="true" signature="afterClass()[pri:0, instance:com.timp.test.ATR.Tributos.AgrupamentoDeTributos.AgrupamentoDeTributosExcluirEmMassa@25ce9dc4]" started-at="2023-02-17T20:28:32 UTC" name="afterClass" finished-at="2023-02-17T20:28:32 UTC" duration-ms="1" status="PASS">
          <reporter-output>
          </reporter-output>
        </test-method> <!-- afterClass -->
      </class> <!-- com.timp.test.ATR.Tributos.AgrupamentoDeTributos.AgrupamentoDeTributosExcluirEmMassa -->
      <class name="com.timp.test.ATR.Tributos.AgrupamentoDeTributos.AgrupamentoDeTributosDetalhes">
        <test-method is-config="true" signature="beforeClass()[pri:0, instance:com.timp.test.ATR.Tributos.AgrupamentoDeTributos.AgrupamentoDeTributosDetalhes@2cf3d63b]" started-at="2023-02-17T20:20:37 UTC" name="beforeClass" finished-at="2023-02-17T20:20:40 UTC" duration-ms="2966" status="PASS">
          <reporter-output>
          </reporter-output>
        </test-method> <!-- beforeClass -->
        <test-method signature="detalhes()[pri:0, instance:com.timp.test.ATR.Tributos.AgrupamentoDeTributos.AgrupamentoDeTributosDetalhes@2cf3d63b]" started-at="2023-02-17T20:20:40 UTC" name="detalhes" finished-at="2023-02-17T20:21:43 UTC" duration-ms="63026" status="PASS">
          <reporter-output>
          </reporter-output>
        </test-method> <!-- detalhes -->
        <test-method is-config="true" signature="afterClass()[pri:0, instance:com.timp.test.ATR.Tributos.AgrupamentoDeTributos.AgrupamentoDeTributosDetalhes@2cf3d63b]" started-at="2023-02-17T20:21:43 UTC" name="afterClass" finished-at="2023-02-17T20:21:46 UTC" duration-ms="2228" status="PASS">
          <reporter-output>
          </reporter-output>
        </test-method> <!-- afterClass -->
      </class> <!-- com.timp.test.ATR.Tributos.AgrupamentoDeTributos.AgrupamentoDeTributosDetalhes -->
      <class name="com.timp.test.ATR.Tributos.AgrupamentoDeTributos.AgrupamentoDeTributosExcluir">
        <test-method is-config="true" signature="beforeClass()[pri:0, instance:com.timp.test.ATR.Tributos.AgrupamentoDeTributos.AgrupamentoDeTributosExcluir@173ed316]" started-at="2023-02-17T20:25:03 UTC" name="beforeClass" finished-at="2023-02-17T20:25:07 UTC" duration-ms="3487" status="PASS">
          <reporter-output>
          </reporter-output>
        </test-method> <!-- beforeClass -->
        <test-method signature="excluir()[pri:0, instance:com.timp.test.ATR.Tributos.AgrupamentoDeTributos.AgrupamentoDeTributosExcluir@173ed316]" started-at="2023-02-17T20:25:07 UTC" name="excluir" finished-at="2023-02-17T20:26:02 UTC" duration-ms="55399" status="PASS">
          <reporter-output>
          </reporter-output>
        </test-method> <!-- excluir -->
        <test-method is-config="true" signature="afterClass()[pri:0, instance:com.timp.test.ATR.Tributos.AgrupamentoDeTributos.AgrupamentoDeTributosExcluir@173ed316]" started-at="2023-02-17T20:26:02 UTC" name="afterClass" finished-at="2023-02-17T20:26:03 UTC" duration-ms="241" status="PASS">
          <reporter-output>
          </reporter-output>
        </test-method> <!-- afterClass -->
      </class> <!-- com.timp.test.ATR.Tributos.AgrupamentoDeTributos.AgrupamentoDeTributosExcluir -->
      <class name="com.timp.test.ATR.Tributos.AgrupamentoDeTributos.AgrupamentoDeTributosEditar">
        <test-method is-config="true" signature="beforeClass()[pri:0, instance:com.timp.test.ATR.Tributos.AgrupamentoDeTributos.AgrupamentoDeTributosEditar@470734c3]" started-at="2023-02-17T20:18:53 UTC" name="beforeClass" finished-at="2023-02-17T20:18:56 UTC" duration-ms="2922" status="PASS">
          <reporter-output>
          </reporter-output>
        </test-method> <!-- beforeClass -->
        <test-method signature="editar()[pri:0, instance:com.timp.test.ATR.Tributos.AgrupamentoDeTributos.AgrupamentoDeTributosEditar@470734c3]" started-at="2023-02-17T20:18:56 UTC" name="editar" finished-at="2023-02-17T20:20:37 UTC" duration-ms="101125" status="PASS">
          <reporter-output>
          </reporter-output>
        </test-method> <!-- editar -->
        <test-method is-config="true" signature="afterClass()[pri:0, instance:com.timp.test.ATR.Tributos.AgrupamentoDeTributos.AgrupamentoDeTributosEditar@470734c3]" started-at="2023-02-17T20:20:37 UTC" name="afterClass" finished-at="2023-02-17T20:20:37 UTC" duration-ms="1" status="PASS">
          <reporter-output>
          </reporter-output>
        </test-method> <!-- afterClass -->
      </class> <!-- com.timp.test.ATR.Tributos.AgrupamentoDeTributos.AgrupamentoDeTributosEditar -->
      <class name="com.timp.test.ATR.Tributos.AgrupamentoDeTributos.AgrupamentoDeTributosCriarComCopia">
        <test-method is-config="true" signature="beforeClass()[pri:0, instance:com.timp.test.ATR.Tributos.AgrupamentoDeTributos.AgrupamentoDeTributosCriarComCopia@69e153c5]" started-at="2023-02-17T20:22:46 UTC" name="beforeClass" finished-at="2023-02-17T20:22:49 UTC" duration-ms="3162" status="PASS">
          <reporter-output>
          </reporter-output>
        </test-method> <!-- beforeClass -->
        <test-method signature="criarcopia()[pri:0, instance:com.timp.test.ATR.Tributos.AgrupamentoDeTributos.AgrupamentoDeTributosCriarComCopia@69e153c5]" started-at="2023-02-17T20:22:49 UTC" name="criarcopia" finished-at="2023-02-17T20:25:02 UTC" duration-ms="132291" status="PASS">
          <reporter-output>
          </reporter-output>
        </test-method> <!-- criarcopia -->
        <test-method is-config="true" signature="afterClass()[pri:0, instance:com.timp.test.ATR.Tributos.AgrupamentoDeTributos.AgrupamentoDeTributosCriarComCopia@69e153c5]" started-at="2023-02-17T20:25:02 UTC" name="afterClass" finished-at="2023-02-17T20:25:03 UTC" duration-ms="1773" status="PASS">
          <reporter-output>
          </reporter-output>
        </test-method> <!-- afterClass -->
      </class> <!-- com.timp.test.ATR.Tributos.AgrupamentoDeTributos.AgrupamentoDeTributosCriarComCopia -->
      <class name="com.timp.test.ATR.Tributos.AgrupamentoDeTributos.AgrupamentoDeTributosVer">
        <test-method is-config="true" signature="beforeClass()[pri:0, instance:com.timp.test.ATR.Tributos.AgrupamentoDeTributos.AgrupamentoDeTributosVer@7674f035]" started-at="2023-02-17T20:21:46 UTC" name="beforeClass" finished-at="2023-02-17T20:21:49 UTC" duration-ms="2794" status="PASS">
          <reporter-output>
          </reporter-output>
        </test-method> <!-- beforeClass -->
        <test-method signature="visualizar()[pri:0, instance:com.timp.test.ATR.Tributos.AgrupamentoDeTributos.AgrupamentoDeTributosVer@7674f035]" started-at="2023-02-17T20:21:49 UTC" name="visualizar" finished-at="2023-02-17T20:22:44 UTC" duration-ms="55770" status="PASS">
          <reporter-output>
          </reporter-output>
        </test-method> <!-- visualizar -->
        <test-method is-config="true" signature="afterClass()[pri:0, instance:com.timp.test.ATR.Tributos.AgrupamentoDeTributos.AgrupamentoDeTributosVer@7674f035]" started-at="2023-02-17T20:22:44 UTC" name="afterClass" finished-at="2023-02-17T20:22:46 UTC" duration-ms="1872" status="PASS">
          <reporter-output>
          </reporter-output>
        </test-method> <!-- afterClass -->
      </class> <!-- com.timp.test.ATR.Tributos.AgrupamentoDeTributos.AgrupamentoDeTributosVer -->
    </test> <!--  ATR - TRIBUTOS - AGRUPAMENTO DE TRIBUTOS  -->
  </suite> <!-- Suite -->
</testng-results>
