<?xml version="1.0" encoding="UTF-8"?>
<testng-results ignored="0" total="3" passed="3" failed="0" skipped="0">
  <reporter-output>
  </reporter-output>
  <suite started-at="2021-03-19T19:03:14Z" name="Default suite" finished-at="2021-03-19T19:04:53Z" duration-ms="98952">
    <groups>
    </groups>
    <test started-at="2021-03-19T19:03:14Z" name="Default test" finished-at="2021-03-19T19:04:53Z" duration-ms="98952">
      <class name="com.timp.test.TDK.Kpis.Lixeira.KpisLixeiraExcluirEmMassa">
        <test-method is-config="true" signature="beforeClass()[pri:0, instance:com.timp.test.TDK.Kpis.Lixeira.KpisLixeiraExcluirEmMassa@3f67593e]" started-at="2021-03-19T19:03:14Z" name="beforeClass" finished-at="2021-03-19T19:03:27Z" duration-ms="13270" status="PASS">
          <reporter-output>
          </reporter-output>
        </test-method> <!-- beforeClass -->
        <test-method signature="login()[pri:0, instance:com.timp.test.TDK.Kpis.Lixeira.KpisLixeiraExcluirEmMassa@3f67593e]" started-at="2021-03-19T19:03:27Z" name="login" finished-at="2021-03-19T19:03:37Z" duration-ms="9781" status="PASS">
          <reporter-output>
          </reporter-output>
        </test-method> <!-- login -->
        <test-method signature="acessarTDK()[pri:1, instance:com.timp.test.TDK.Kpis.Lixeira.KpisLixeiraExcluirEmMassa@3f67593e]" started-at="2021-03-19T19:03:37Z" name="acessarTDK" finished-at="2021-03-19T19:03:58Z" duration-ms="20614" status="PASS">
          <reporter-output>
          </reporter-output>
        </test-method> <!-- acessarTDK -->
        <test-method signature="excluir()[pri:2, instance:com.timp.test.TDK.Kpis.Lixeira.KpisLixeiraExcluirEmMassa@3f67593e]" started-at="2021-03-19T19:03:58Z" name="excluir" finished-at="2021-03-19T19:04:53Z" duration-ms="55046" status="PASS">
          <reporter-output>
          </reporter-output>
        </test-method> <!-- excluir -->
        <test-method is-config="true" signature="afterClass()[pri:0, instance:com.timp.test.TDK.Kpis.Lixeira.KpisLixeiraExcluirEmMassa@3f67593e]" started-at="2021-03-19T19:04:53Z" name="afterClass" finished-at="2021-03-19T19:04:53Z" duration-ms="200" status="PASS">
          <reporter-output>
          </reporter-output>
        </test-method> <!-- afterClass -->
      </class> <!-- com.timp.test.TDK.Kpis.Lixeira.KpisLixeiraExcluirEmMassa -->
    </test> <!-- Default test -->
  </suite> <!-- Default suite -->
</testng-results>
