<?xml version="1.0" encoding="UTF-8"?>
<testng-results total="3" passed="3" failed="0" skipped="0">
  <reporter-output>
  </reporter-output>
  <suite started-at="2020-12-10T06:30:15Z" name="Default suite" finished-at="2020-12-10T06:31:57Z" duration-ms="102418">
    <groups>
    </groups>
    <test started-at="2020-12-10T06:30:15Z" name="Default test" finished-at="2020-12-10T06:31:57Z" duration-ms="102418">
      <class name="com.timp.test.MDR.TabelasComplementaresParaObrigaçoesAcessorias.TabelaServicos.TabelaServicosVisualizar">
        <test-method is-config="true" signature="beforeClass()[pri:0, instance:com.timp.test.MDR.TabelasComplementaresParaObrigaçoesAcessorias.TabelaServicos.TabelaServicosVisualizar@1ed4ae0f]" started-at="2020-12-10T00:30:15Z" name="beforeClass" finished-at="2020-12-10T00:30:39Z" duration-ms="24238" status="PASS">
          <reporter-output>
          </reporter-output>
        </test-method> <!-- beforeClass -->
        <test-method signature="login()[pri:0, instance:com.timp.test.MDR.TabelasComplementaresParaObrigaçoesAcessorias.TabelaServicos.TabelaServicosVisualizar@1ed4ae0f]" started-at="2020-12-10T00:30:39Z" name="login" finished-at="2020-12-10T00:30:48Z" duration-ms="9009" status="PASS">
          <reporter-output>
          </reporter-output>
        </test-method> <!-- login -->
        <test-method signature="acessarMDR()[pri:0, instance:com.timp.test.MDR.TabelasComplementaresParaObrigaçoesAcessorias.TabelaServicos.TabelaServicosVisualizar@1ed4ae0f]" started-at="2020-12-10T00:30:48Z" name="acessarMDR" finished-at="2020-12-10T00:31:08Z" duration-ms="19944" status="PASS">
          <reporter-output>
          </reporter-output>
        </test-method> <!-- acessarMDR -->
        <test-method signature="visualizar()[pri:0, instance:com.timp.test.MDR.TabelasComplementaresParaObrigaçoesAcessorias.TabelaServicos.TabelaServicosVisualizar@1ed4ae0f]" started-at="2020-12-10T00:31:08Z" name="visualizar" finished-at="2020-12-10T00:31:57Z" duration-ms="49196" status="PASS">
          <reporter-output>
          </reporter-output>
        </test-method> <!-- visualizar -->
        <test-method is-config="true" signature="afterClass()[pri:0, instance:com.timp.test.MDR.TabelasComplementaresParaObrigaçoesAcessorias.TabelaServicos.TabelaServicosVisualizar@1ed4ae0f]" started-at="2020-12-10T00:31:57Z" name="afterClass" finished-at="2020-12-10T00:31:57Z" duration-ms="0" status="PASS">
          <reporter-output>
          </reporter-output>
        </test-method> <!-- afterClass -->
      </class> <!-- com.timp.test.MDR.TabelasComplementaresParaObrigaçoesAcessorias.TabelaServicos.TabelaServicosVisualizar -->
    </test> <!-- Default test -->
  </suite> <!-- Default suite -->
</testng-results>
