<?xml version="1.0" encoding="UTF-8"?>
<testng-results skipped="0" failed="0" total="3" passed="3">
  <reporter-output>
  </reporter-output>
  <suite name="Default suite" duration-ms="131143" started-at="2020-09-29T13:16:04Z" finished-at="2020-09-29T13:18:15Z">
    <groups>
    </groups>
    <test name="Default test" duration-ms="131143" started-at="2020-09-29T13:16:04Z" finished-at="2020-09-29T13:18:15Z">
      <class name="com.timp.test.MDR.PrecoDeTransferencia.ModeloDeApuracaoTP.ModeloDeApuracaoTPEditar">
        <test-method status="PASS" signature="beforeClass()[pri:0, instance:com.timp.test.MDR.PrecoDeTransferencia.ModeloDeApuracaoTP.ModeloDeApuracaoTPEditar@436a4e4b]" name="beforeClass" is-config="true" duration-ms="15887" started-at="2020-09-29T10:16:04Z" finished-at="2020-09-29T10:16:20Z">
          <reporter-output>
          </reporter-output>
        </test-method> <!-- beforeClass -->
        <test-method status="PASS" signature="login()[pri:0, instance:com.timp.test.MDR.PrecoDeTransferencia.ModeloDeApuracaoTP.ModeloDeApuracaoTPEditar@436a4e4b]" name="login" duration-ms="10604" started-at="2020-09-29T10:16:20Z" finished-at="2020-09-29T10:16:31Z">
          <reporter-output>
          </reporter-output>
        </test-method> <!-- login -->
        <test-method status="PASS" signature="acessarMDR()[pri:0, instance:com.timp.test.MDR.PrecoDeTransferencia.ModeloDeApuracaoTP.ModeloDeApuracaoTPEditar@436a4e4b]" name="acessarMDR" duration-ms="12010" started-at="2020-09-29T10:16:31Z" finished-at="2020-09-29T10:16:43Z">
          <reporter-output>
          </reporter-output>
        </test-method> <!-- acessarMDR -->
        <test-method status="PASS" signature="editar()[pri:0, instance:com.timp.test.MDR.PrecoDeTransferencia.ModeloDeApuracaoTP.ModeloDeApuracaoTPEditar@436a4e4b]" name="editar" duration-ms="92612" started-at="2020-09-29T10:16:43Z" finished-at="2020-09-29T10:18:15Z">
          <reporter-output>
          </reporter-output>
        </test-method> <!-- editar -->
      </class> <!-- com.timp.test.MDR.PrecoDeTransferencia.ModeloDeApuracaoTP.ModeloDeApuracaoTPEditar -->
    </test> <!-- Default test -->
  </suite> <!-- Default suite -->
</testng-results>
