<?xml version="1.0" encoding="UTF-8"?>
<testng-results skipped="0" failed="0" total="3" passed="3">
  <reporter-output>
  </reporter-output>
  <suite name="Default suite" duration-ms="100453" started-at="2020-08-26T00:45:43Z" finished-at="2020-08-26T00:47:24Z">
    <groups>
    </groups>
    <test name="Default test" duration-ms="100453" started-at="2020-08-26T00:45:43Z" finished-at="2020-08-26T00:47:24Z">
      <class name="com.timp.test.MDR.LimiteCompetencia.LimiteCompetenciaExcluir">
        <test-method status="PASS" signature="beforeClass()[pri:0, instance:com.timp.test.MDR.LimiteCompetencia.LimiteCompetenciaExcluir@3b2cf7ab]" name="beforeClass" is-config="true" duration-ms="14056" started-at="2020-08-25T18:45:43Z" finished-at="2020-08-25T18:45:57Z">
          <reporter-output>
          </reporter-output>
        </test-method> <!-- beforeClass -->
        <test-method status="PASS" signature="login()[pri:0, instance:com.timp.test.MDR.LimiteCompetencia.LimiteCompetenciaExcluir@3b2cf7ab]" name="login" duration-ms="6785" started-at="2020-08-25T18:45:57Z" finished-at="2020-08-25T18:46:04Z">
          <reporter-output>
          </reporter-output>
        </test-method> <!-- login -->
        <test-method status="PASS" signature="acessarMDR()[pri:0, instance:com.timp.test.MDR.LimiteCompetencia.LimiteCompetenciaExcluir@3b2cf7ab]" name="acessarMDR" duration-ms="25520" started-at="2020-08-25T18:46:04Z" finished-at="2020-08-25T18:46:29Z">
          <reporter-output>
          </reporter-output>
        </test-method> <!-- acessarMDR -->
        <test-method status="PASS" signature="criar()[pri:0, instance:com.timp.test.MDR.LimiteCompetencia.LimiteCompetenciaExcluir@3b2cf7ab]" name="criar" duration-ms="54077" started-at="2020-08-25T18:46:29Z" finished-at="2020-08-25T18:47:24Z">
          <reporter-output>
          </reporter-output>
        </test-method> <!-- criar -->
      </class> <!-- com.timp.test.MDR.LimiteCompetencia.LimiteCompetenciaExcluir -->
    </test> <!-- Default test -->
  </suite> <!-- Default suite -->
</testng-results>
