<?xml version="1.0" encoding="UTF-8"?>
<testng-results total="3" passed="2" failed="1" skipped="0">
  <reporter-output>
  </reporter-output>
  <suite started-at="2021-02-08T11:19:41Z" name="Default suite" finished-at="2021-02-08T11:21:40Z" duration-ms="118586">
    <groups>
    </groups>
    <test started-at="2021-02-08T11:19:41Z" name="Default test" finished-at="2021-02-08T11:21:40Z" duration-ms="118586">
      <class name="com.timp.test.DFG.Leiautes.Execucao.LeiautesExecucacoFuncionalidades4Pt5">
        <test-method is-config="true" signature="beforeClass()[pri:0, instance:com.timp.test.DFG.Leiautes.Execucao.LeiautesExecucacoFuncionalidades4Pt5@68e5eea7]" started-at="2021-02-08T08:19:41Z" name="beforeClass" finished-at="2021-02-08T08:19:57Z" duration-ms="15888" status="PASS">
          <reporter-output>
          </reporter-output>
        </test-method> <!-- beforeClass -->
        <test-method signature="ingresar()[pri:0, instance:com.timp.test.DFG.Leiautes.Execucao.LeiautesExecucacoFuncionalidades4Pt5@68e5eea7]" started-at="2021-02-08T08:19:57Z" name="ingresar" finished-at="2021-02-08T08:20:05Z" duration-ms="8334" status="PASS">
          <reporter-output>
          </reporter-output>
        </test-method> <!-- ingresar -->
        <test-method signature="mdrEntrar()[pri:0, instance:com.timp.test.DFG.Leiautes.Execucao.LeiautesExecucacoFuncionalidades4Pt5@68e5eea7]" started-at="2021-02-08T08:20:05Z" name="mdrEntrar" finished-at="2021-02-08T08:20:25Z" duration-ms="20166" status="PASS">
          <reporter-output>
          </reporter-output>
        </test-method> <!-- mdrEntrar -->
        <test-method signature="sequenciaDeItemPorDocumento()[pri:0, instance:com.timp.test.DFG.Leiautes.Execucao.LeiautesExecucacoFuncionalidades4Pt5@68e5eea7]" started-at="2021-02-08T08:20:25Z" name="sequenciaDeItemPorDocumento" finished-at="2021-02-08T08:21:40Z" duration-ms="74134" status="FAIL">
          <exception class="org.openqa.selenium.WebDriverException">
            <message>
              <![CDATA[chrome not reachable
  (Session info: chrome=83.0.4103.106)
Build info: version: '3.141.59', revision: 'e82be7d358', time: '2018-11-14T08:17:03'
System info: host: 'CRISTHIAN-VASQU', ip: '192.168.254.1', os.name: 'Windows 10', os.arch: 'amd64', os.version: '10.0', java.version: '11.0.8'
Driver info: org.openqa.selenium.chrome.ChromeDriver
Capabilities {acceptInsecureCerts: false, browserName: chrome, browserVersion: 83.0.4103.106, chrome: {chromedriverVersion: 83.0.4103.39 (ccbf011cb2d2b..., userDataDir: C:\Users\CRISTH~1\AppData\L...}, goog:chromeOptions: {debuggerAddress: localhost:59548}, javascriptEnabled: true, networkConnectionEnabled: false, pageLoadStrategy: normal, platform: WINDOWS, platformName: WINDOWS, proxy: Proxy(), setWindowRect: true, strictFileInteractability: false, timeouts: {implicit: 0, pageLoad: 300000, script: 30000}, unhandledPromptBehavior: dismiss and notify, webauthn:virtualAuthenticators: true}
Session ID: 31bcf9a0590fbe15ef0c8050e81dcb3f
*** Element info: {Using=xpath, value=//div[@class="overlay loader dark"]}]]>
            </message>
            <full-stacktrace>
              <![CDATA[org.openqa.selenium.WebDriverException: chrome not reachable
  (Session info: chrome=83.0.4103.106)
Build info: version: '3.141.59', revision: 'e82be7d358', time: '2018-11-14T08:17:03'
System info: host: 'CRISTHIAN-VASQU', ip: '192.168.254.1', os.name: 'Windows 10', os.arch: 'amd64', os.version: '10.0', java.version: '11.0.8'
Driver info: org.openqa.selenium.chrome.ChromeDriver
Capabilities {acceptInsecureCerts: false, browserName: chrome, browserVersion: 83.0.4103.106, chrome: {chromedriverVersion: 83.0.4103.39 (ccbf011cb2d2b..., userDataDir: C:\Users\CRISTH~1\AppData\L...}, goog:chromeOptions: {debuggerAddress: localhost:59548}, javascriptEnabled: true, networkConnectionEnabled: false, pageLoadStrategy: normal, platform: WINDOWS, platformName: WINDOWS, proxy: Proxy(), setWindowRect: true, strictFileInteractability: false, timeouts: {implicit: 0, pageLoad: 300000, script: 30000}, unhandledPromptBehavior: dismiss and notify, webauthn:virtualAuthenticators: true}
Session ID: 31bcf9a0590fbe15ef0c8050e81dcb3f
*** Element info: {Using=xpath, value=//div[@class="overlay loader dark"]}
	at java.base/jdk.internal.reflect.NativeConstructorAccessorImpl.newInstance0(Native Method)
	at java.base/jdk.internal.reflect.NativeConstructorAccessorImpl.newInstance(NativeConstructorAccessorImpl.java:62)
	at java.base/jdk.internal.reflect.DelegatingConstructorAccessorImpl.newInstance(DelegatingConstructorAccessorImpl.java:45)
	at java.base/java.lang.reflect.Constructor.newInstance(Constructor.java:490)
	at org.openqa.selenium.remote.http.W3CHttpResponseCodec.createException(W3CHttpResponseCodec.java:187)
	at org.openqa.selenium.remote.http.W3CHttpResponseCodec.decode(W3CHttpResponseCodec.java:122)
	at org.openqa.selenium.remote.http.W3CHttpResponseCodec.decode(W3CHttpResponseCodec.java:49)
	at org.openqa.selenium.remote.HttpCommandExecutor.execute(HttpCommandExecutor.java:158)
	at org.openqa.selenium.remote.service.DriverCommandExecutor.execute(DriverCommandExecutor.java:83)
	at org.openqa.selenium.remote.RemoteWebDriver.execute(RemoteWebDriver.java:552)
	at org.openqa.selenium.remote.RemoteWebDriver.findElement(RemoteWebDriver.java:323)
	at org.openqa.selenium.remote.RemoteWebDriver.findElementByXPath(RemoteWebDriver.java:428)
	at org.openqa.selenium.By$ByXPath.findElement(By.java:353)
	at org.openqa.selenium.remote.RemoteWebDriver.findElement(RemoteWebDriver.java:315)
	at org.openqa.selenium.support.ui.ExpectedConditions$20.apply(ExpectedConditions.java:577)
	at org.openqa.selenium.support.ui.ExpectedConditions$20.apply(ExpectedConditions.java:573)
	at org.openqa.selenium.support.ui.FluentWait.until(FluentWait.java:249)
	at com.sap.timp.base.TestBaseSteven.invisibilityOfElement(TestBaseSteven.java:290)
	at com.sap.timp.pageObjectModel.DFG.Leiautes.Execucao.LeiautesExecucacoFuncionalidades4Pt5PO.sequenciaDeItemPorDocumento(LeiautesExecucacoFuncionalidades4Pt5PO.java:364)
	at com.timp.test.DFG.Leiautes.Execucao.LeiautesExecucacoFuncionalidades4Pt5.sequenciaDeItemPorDocumento(LeiautesExecucacoFuncionalidades4Pt5.java:49)
	at java.base/jdk.internal.reflect.NativeMethodAccessorImpl.invoke0(Native Method)
	at java.base/jdk.internal.reflect.NativeMethodAccessorImpl.invoke(NativeMethodAccessorImpl.java:62)
	at java.base/jdk.internal.reflect.DelegatingMethodAccessorImpl.invoke(DelegatingMethodAccessorImpl.java:43)
	at java.base/java.lang.reflect.Method.invoke(Method.java:566)
	at org.testng.internal.MethodInvocationHelper.invokeMethod(MethodInvocationHelper.java:80)
	at org.testng.internal.Invoker.invokeMethod(Invoker.java:714)
	at org.testng.internal.Invoker.invokeTestMethod(Invoker.java:901)
	at org.testng.internal.Invoker.invokeTestMethods(Invoker.java:1231)
	at org.testng.internal.TestMethodWorker.invokeTestMethods(TestMethodWorker.java:127)
	at org.testng.internal.TestMethodWorker.run(TestMethodWorker.java:111)
	at org.testng.TestRunner.privateRun(TestRunner.java:767)
	at org.testng.TestRunner.run(TestRunner.java:617)
	at org.testng.SuiteRunner.runTest(SuiteRunner.java:334)
	at org.testng.SuiteRunner.runSequentially(SuiteRunner.java:329)
	at org.testng.SuiteRunner.privateRun(SuiteRunner.java:291)
	at org.testng.SuiteRunner.run(SuiteRunner.java:240)
	at org.testng.SuiteRunnerWorker.runSuite(SuiteRunnerWorker.java:52)
	at org.testng.SuiteRunnerWorker.run(SuiteRunnerWorker.java:86)
	at org.testng.TestNG.runSuitesSequentially(TestNG.java:1198)
	at org.testng.TestNG.runSuitesLocally(TestNG.java:1123)
	at org.testng.TestNG.run(TestNG.java:1031)
	at org.testng.remote.AbstractRemoteTestNG.run(AbstractRemoteTestNG.java:115)
	at org.testng.remote.RemoteTestNG.initAndRun(RemoteTestNG.java:251)
	at org.testng.remote.RemoteTestNG.main(RemoteTestNG.java:77)
]]>
            </full-stacktrace>
          </exception> <!-- org.openqa.selenium.WebDriverException -->
          <reporter-output>
          </reporter-output>
        </test-method> <!-- sequenciaDeItemPorDocumento -->
        <test-method is-config="true" signature="afterClass()[pri:0, instance:com.timp.test.DFG.Leiautes.Execucao.LeiautesExecucacoFuncionalidades4Pt5@68e5eea7]" started-at="2021-02-08T08:21:40Z" name="afterClass" finished-at="2021-02-08T08:21:40Z" duration-ms="0" status="PASS">
          <reporter-output>
          </reporter-output>
        </test-method> <!-- afterClass -->
      </class> <!-- com.timp.test.DFG.Leiautes.Execucao.LeiautesExecucacoFuncionalidades4Pt5 -->
    </test> <!-- Default test -->
  </suite> <!-- Default suite -->
</testng-results>
