<?xml version="1.0" encoding="UTF-8"?>
<testng-results skipped="0" failed="0" total="3" passed="3">
  <reporter-output>
  </reporter-output>
  <suite name="Default suite" duration-ms="87141" started-at="2020-07-25T00:04:22Z" finished-at="2020-07-25T00:05:50Z">
    <groups>
    </groups>
    <test name="Default test" duration-ms="87141" started-at="2020-07-25T00:04:22Z" finished-at="2020-07-25T00:05:50Z">
      <class name="com.timp.test.MDR.CEP.Municipio.MunicipioVisualizar">
        <test-method status="PASS" signature="beforeClass()[pri:0, instance:com.timp.test.MDR.CEP.Municipio.MunicipioVisualizar@35083305]" name="beforeClass" is-config="true" duration-ms="10540" started-at="2020-07-24T18:04:22Z" finished-at="2020-07-24T18:04:33Z">
          <reporter-output>
          </reporter-output>
        </test-method> <!-- beforeClass -->
        <test-method status="PASS" signature="login()[pri:0, instance:com.timp.test.MDR.CEP.Municipio.MunicipioVisualizar@35083305]" name="login" duration-ms="5891" started-at="2020-07-24T18:04:33Z" finished-at="2020-07-24T18:04:39Z">
          <reporter-output>
          </reporter-output>
        </test-method> <!-- login -->
        <test-method status="PASS" signature="acessarMDR()[pri:0, instance:com.timp.test.MDR.CEP.Municipio.MunicipioVisualizar@35083305]" name="acessarMDR" duration-ms="29253" started-at="2020-07-24T18:04:39Z" finished-at="2020-07-24T18:05:08Z">
          <reporter-output>
          </reporter-output>
        </test-method> <!-- acessarMDR -->
        <test-method status="PASS" signature="visualizar()[pri:0, instance:com.timp.test.MDR.CEP.Municipio.MunicipioVisualizar@35083305]" name="visualizar" duration-ms="41444" started-at="2020-07-24T18:05:08Z" finished-at="2020-07-24T18:05:50Z">
          <reporter-output>
          </reporter-output>
        </test-method> <!-- visualizar -->
      </class> <!-- com.timp.test.MDR.CEP.Municipio.MunicipioVisualizar -->
    </test> <!-- Default test -->
  </suite> <!-- Default suite -->
</testng-results>
