<?xml version="1.0" encoding="UTF-8"?>
<testng-results ignored="0" total="66" passed="49" failed="14" skipped="3">
  <reporter-output>
  </reporter-output>
  <suite started-at="2021-11-30T06:30:44Z" name="Suite" finished-at="2021-11-30T10:05:52Z" duration-ms="12907929">
    <groups>
    </groups>
    <test started-at="2021-11-30T06:30:44Z" name="TabelaMunicipiosIBGE" finished-at="2021-11-30T06:53:59Z" duration-ms="1394985">
      <class name="com.timp.test.MDR.TabelasComplementaresParaObrigaçoesAcessorias.TabelaMunicipiosIBGE.TabelaMunicipioIBGEEditar">
        <test-method is-config="true" signature="beforeClass()[pri:0, instance:com.timp.test.MDR.TabelasComplementaresParaObrigaçoesAcessorias.TabelaMunicipiosIBGE.TabelaMunicipioIBGEEditar@7e5c856f]" started-at="2021-11-30T06:43:31Z" name="beforeClass" finished-at="2021-11-30T06:43:55Z" duration-ms="24333" status="PASS">
          <reporter-output>
          </reporter-output>
        </test-method> <!-- beforeClass -->
        <test-method signature="editar()[pri:0, instance:com.timp.test.MDR.TabelasComplementaresParaObrigaçoesAcessorias.TabelaMunicipiosIBGE.TabelaMunicipioIBGEEditar@7e5c856f]" started-at="2021-11-30T06:43:55Z" name="editar" finished-at="2021-11-30T06:47:00Z" duration-ms="184698" status="PASS">
          <reporter-output>
          </reporter-output>
        </test-method> <!-- editar -->
        <test-method is-config="true" signature="afterClass()[pri:0, instance:com.timp.test.MDR.TabelasComplementaresParaObrigaçoesAcessorias.TabelaMunicipiosIBGE.TabelaMunicipioIBGEEditar@7e5c856f]" started-at="2021-11-30T06:47:00Z" name="afterClass" finished-at="2021-11-30T06:47:00Z" duration-ms="46" status="PASS">
          <reporter-output>
          </reporter-output>
        </test-method> <!-- afterClass -->
      </class> <!-- com.timp.test.MDR.TabelasComplementaresParaObrigaçoesAcessorias.TabelaMunicipiosIBGE.TabelaMunicipioIBGEEditar -->
      <class name="com.timp.test.MDR.TabelasComplementaresParaObrigaçoesAcessorias.TabelaMunicipiosIBGE.TabelaMunicipioIBGECriar">
        <test-method is-config="true" signature="beforeClass()[pri:0, instance:com.timp.test.MDR.TabelasComplementaresParaObrigaçoesAcessorias.TabelaMunicipiosIBGE.TabelaMunicipioIBGECriar@12d2ce03]" started-at="2021-11-30T06:30:44Z" name="beforeClass" finished-at="2021-11-30T06:30:57Z" duration-ms="12837" status="PASS">
          <reporter-output>
          </reporter-output>
        </test-method> <!-- beforeClass -->
        <test-method signature="criar()[pri:0, instance:com.timp.test.MDR.TabelasComplementaresParaObrigaçoesAcessorias.TabelaMunicipiosIBGE.TabelaMunicipioIBGECriar@12d2ce03]" started-at="2021-11-30T06:30:57Z" name="criar" finished-at="2021-11-30T06:43:26Z" duration-ms="749270" status="PASS">
          <reporter-output>
          </reporter-output>
        </test-method> <!-- criar -->
        <test-method is-config="true" signature="afterClass()[pri:0, instance:com.timp.test.MDR.TabelasComplementaresParaObrigaçoesAcessorias.TabelaMunicipiosIBGE.TabelaMunicipioIBGECriar@12d2ce03]" started-at="2021-11-30T06:43:26Z" name="afterClass" finished-at="2021-11-30T06:43:31Z" duration-ms="4467" status="PASS">
          <reporter-output>
          </reporter-output>
        </test-method> <!-- afterClass -->
      </class> <!-- com.timp.test.MDR.TabelasComplementaresParaObrigaçoesAcessorias.TabelaMunicipiosIBGE.TabelaMunicipioIBGECriar -->
      <class name="com.timp.test.MDR.TabelasComplementaresParaObrigaçoesAcessorias.TabelaMunicipiosIBGE.TabelaMunicipioIBGEDetalhes">
        <test-method is-config="true" signature="beforeClass()[pri:0, instance:com.timp.test.MDR.TabelasComplementaresParaObrigaçoesAcessorias.TabelaMunicipiosIBGE.TabelaMunicipioIBGEDetalhes@413f69cc]" started-at="2021-11-30T06:47:00Z" name="beforeClass" finished-at="2021-11-30T06:47:22Z" duration-ms="21733" status="PASS">
          <reporter-output>
          </reporter-output>
        </test-method> <!-- beforeClass -->
        <test-method signature="detalhes()[pri:0, instance:com.timp.test.MDR.TabelasComplementaresParaObrigaçoesAcessorias.TabelaMunicipiosIBGE.TabelaMunicipioIBGEDetalhes@413f69cc]" started-at="2021-11-30T06:47:22Z" name="detalhes" finished-at="2021-11-30T06:49:21Z" duration-ms="119875" status="PASS">
          <reporter-output>
          </reporter-output>
        </test-method> <!-- detalhes -->
        <test-method is-config="true" signature="afterClass()[pri:0, instance:com.timp.test.MDR.TabelasComplementaresParaObrigaçoesAcessorias.TabelaMunicipiosIBGE.TabelaMunicipioIBGEDetalhes@413f69cc]" started-at="2021-11-30T06:49:21Z" name="afterClass" finished-at="2021-11-30T06:49:21Z" duration-ms="37" status="PASS">
          <reporter-output>
          </reporter-output>
        </test-method> <!-- afterClass -->
      </class> <!-- com.timp.test.MDR.TabelasComplementaresParaObrigaçoesAcessorias.TabelaMunicipiosIBGE.TabelaMunicipioIBGEDetalhes -->
      <class name="com.timp.test.MDR.TabelasComplementaresParaObrigaçoesAcessorias.TabelaMunicipiosIBGE.TabelaMunicipioIBGEVisualizar">
        <test-method is-config="true" signature="beforeClass()[pri:0, instance:com.timp.test.MDR.TabelasComplementaresParaObrigaçoesAcessorias.TabelaMunicipiosIBGE.TabelaMunicipioIBGEVisualizar@1f53a5dc]" started-at="2021-11-30T06:49:21Z" name="beforeClass" finished-at="2021-11-30T06:49:40Z" duration-ms="18687" status="PASS">
          <reporter-output>
          </reporter-output>
        </test-method> <!-- beforeClass -->
        <test-method signature="visualizar()[pri:0, instance:com.timp.test.MDR.TabelasComplementaresParaObrigaçoesAcessorias.TabelaMunicipiosIBGE.TabelaMunicipioIBGEVisualizar@1f53a5dc]" started-at="2021-11-30T06:49:40Z" name="visualizar" finished-at="2021-11-30T06:51:30Z" duration-ms="109632" status="PASS">
          <reporter-output>
          </reporter-output>
        </test-method> <!-- visualizar -->
        <test-method is-config="true" signature="afterClass()[pri:0, instance:com.timp.test.MDR.TabelasComplementaresParaObrigaçoesAcessorias.TabelaMunicipiosIBGE.TabelaMunicipioIBGEVisualizar@1f53a5dc]" started-at="2021-11-30T06:51:30Z" name="afterClass" finished-at="2021-11-30T06:51:34Z" duration-ms="4416" status="PASS">
          <reporter-output>
          </reporter-output>
        </test-method> <!-- afterClass -->
      </class> <!-- com.timp.test.MDR.TabelasComplementaresParaObrigaçoesAcessorias.TabelaMunicipiosIBGE.TabelaMunicipioIBGEVisualizar -->
      <class name="com.timp.test.MDR.TabelasComplementaresParaObrigaçoesAcessorias.TabelaMunicipiosIBGE.TabelaMunicipioIBGEExcluir">
        <test-method is-config="true" signature="beforeClass()[pri:0, instance:com.timp.test.MDR.TabelasComplementaresParaObrigaçoesAcessorias.TabelaMunicipiosIBGE.TabelaMunicipioIBGEExcluir@1b75c2e3]" started-at="2021-11-30T06:51:34Z" name="beforeClass" finished-at="2021-11-30T06:51:54Z" duration-ms="20023" status="PASS">
          <reporter-output>
          </reporter-output>
        </test-method> <!-- beforeClass -->
        <test-method signature="excluir()[pri:0, instance:com.timp.test.MDR.TabelasComplementaresParaObrigaçoesAcessorias.TabelaMunicipiosIBGE.TabelaMunicipioIBGEExcluir@1b75c2e3]" started-at="2021-11-30T06:51:54Z" name="excluir" finished-at="2021-11-30T06:53:59Z" duration-ms="124859" status="PASS">
          <reporter-output>
          </reporter-output>
        </test-method> <!-- excluir -->
        <test-method is-config="true" signature="afterClass()[pri:0, instance:com.timp.test.MDR.TabelasComplementaresParaObrigaçoesAcessorias.TabelaMunicipiosIBGE.TabelaMunicipioIBGEExcluir@1b75c2e3]" started-at="2021-11-30T06:53:59Z" name="afterClass" finished-at="2021-11-30T06:53:59Z" duration-ms="44" status="PASS">
          <reporter-output>
          </reporter-output>
        </test-method> <!-- afterClass -->
      </class> <!-- com.timp.test.MDR.TabelasComplementaresParaObrigaçoesAcessorias.TabelaMunicipiosIBGE.TabelaMunicipioIBGEExcluir -->
    </test> <!-- TabelaMunicipiosIBGE -->
    <test started-at="2021-11-30T06:53:59Z" name="TabelaOutrosDebitos" finished-at="2021-11-30T07:08:25Z" duration-ms="865599">
      <class name="com.timp.test.MDR.TabelasComplementaresParaObrigaçoesAcessorias.TabelaOutrosDebitos.TabelaOutrosDebitosExcluirEmMassa">
        <test-method is-config="true" signature="beforeClass()[pri:0, instance:com.timp.test.MDR.TabelasComplementaresParaObrigaçoesAcessorias.TabelaOutrosDebitos.TabelaOutrosDebitosExcluirEmMassa@8576fa0]" started-at="2021-11-30T07:05:14Z" name="beforeClass" finished-at="2021-11-30T07:05:28Z" duration-ms="13663" status="PASS">
          <reporter-output>
          </reporter-output>
        </test-method> <!-- beforeClass -->
        <test-method signature="criar()[pri:0, instance:com.timp.test.MDR.TabelasComplementaresParaObrigaçoesAcessorias.TabelaOutrosDebitos.TabelaOutrosDebitosExcluirEmMassa@8576fa0]" started-at="2021-11-30T07:05:28Z" name="criar" finished-at="2021-11-30T07:07:44Z" duration-ms="136152" status="PASS">
          <reporter-output>
          </reporter-output>
        </test-method> <!-- criar -->
        <test-method signature="excluirEmMassa()[pri:0, instance:com.timp.test.MDR.TabelasComplementaresParaObrigaçoesAcessorias.TabelaOutrosDebitos.TabelaOutrosDebitosExcluirEmMassa@8576fa0]" started-at="2021-11-30T07:07:44Z" name="excluirEmMassa" finished-at="2021-11-30T07:08:25Z" depends-on-methods="com.timp.test.MDR.TabelasComplementaresParaObrigaçoesAcessorias.TabelaOutrosDebitos.TabelaOutrosDebitosExcluirEmMassa.criar" duration-ms="40755" status="PASS">
          <reporter-output>
          </reporter-output>
        </test-method> <!-- excluirEmMassa -->
        <test-method is-config="true" signature="afterClass()[pri:0, instance:com.timp.test.MDR.TabelasComplementaresParaObrigaçoesAcessorias.TabelaOutrosDebitos.TabelaOutrosDebitosExcluirEmMassa@8576fa0]" started-at="2021-11-30T07:08:25Z" name="afterClass" finished-at="2021-11-30T07:08:25Z" duration-ms="41" status="PASS">
          <reporter-output>
          </reporter-output>
        </test-method> <!-- afterClass -->
      </class> <!-- com.timp.test.MDR.TabelasComplementaresParaObrigaçoesAcessorias.TabelaOutrosDebitos.TabelaOutrosDebitosExcluirEmMassa -->
      <class name="com.timp.test.MDR.TabelasComplementaresParaObrigaçoesAcessorias.TabelaOutrosDebitos.TabelaOutrosDebitosDetalhes">
        <test-method is-config="true" signature="beforeClass()[pri:0, instance:com.timp.test.MDR.TabelasComplementaresParaObrigaçoesAcessorias.TabelaOutrosDebitos.TabelaOutrosDebitosDetalhes@492691d7]" started-at="2021-11-30T06:58:30Z" name="beforeClass" finished-at="2021-11-30T06:58:45Z" duration-ms="15448" status="PASS">
          <reporter-output>
          </reporter-output>
        </test-method> <!-- beforeClass -->
        <test-method signature="detalhes()[pri:0, instance:com.timp.test.MDR.TabelasComplementaresParaObrigaçoesAcessorias.TabelaOutrosDebitos.TabelaOutrosDebitosDetalhes@492691d7]" started-at="2021-11-30T06:58:45Z" name="detalhes" finished-at="2021-11-30T07:00:34Z" duration-ms="108611" status="PASS">
          <reporter-output>
          </reporter-output>
        </test-method> <!-- detalhes -->
        <test-method is-config="true" signature="afterClass()[pri:0, instance:com.timp.test.MDR.TabelasComplementaresParaObrigaçoesAcessorias.TabelaOutrosDebitos.TabelaOutrosDebitosDetalhes@492691d7]" started-at="2021-11-30T07:00:34Z" name="afterClass" finished-at="2021-11-30T07:00:38Z" duration-ms="4428" status="PASS">
          <reporter-output>
          </reporter-output>
        </test-method> <!-- afterClass -->
      </class> <!-- com.timp.test.MDR.TabelasComplementaresParaObrigaçoesAcessorias.TabelaOutrosDebitos.TabelaOutrosDebitosDetalhes -->
      <class name="com.timp.test.MDR.TabelasComplementaresParaObrigaçoesAcessorias.TabelaOutrosDebitos.TabelaOutrosDebitosCriar">
        <test-method is-config="true" signature="beforeClass()[pri:0, instance:com.timp.test.MDR.TabelasComplementaresParaObrigaçoesAcessorias.TabelaOutrosDebitos.TabelaOutrosDebitosCriar@7a55af6b]" started-at="2021-11-30T06:53:59Z" name="beforeClass" finished-at="2021-11-30T06:54:16Z" duration-ms="17115" status="PASS">
          <reporter-output>
          </reporter-output>
        </test-method> <!-- beforeClass -->
        <test-method signature="criar()[pri:0, instance:com.timp.test.MDR.TabelasComplementaresParaObrigaçoesAcessorias.TabelaOutrosDebitos.TabelaOutrosDebitosCriar@7a55af6b]" started-at="2021-11-30T06:54:16Z" name="criar" finished-at="2021-11-30T06:55:52Z" duration-ms="95365" status="PASS">
          <reporter-output>
          </reporter-output>
        </test-method> <!-- criar -->
        <test-method is-config="true" signature="afterClass()[pri:0, instance:com.timp.test.MDR.TabelasComplementaresParaObrigaçoesAcessorias.TabelaOutrosDebitos.TabelaOutrosDebitosCriar@7a55af6b]" started-at="2021-11-30T06:55:52Z" name="afterClass" finished-at="2021-11-30T06:55:56Z" duration-ms="4421" status="PASS">
          <reporter-output>
          </reporter-output>
        </test-method> <!-- afterClass -->
      </class> <!-- com.timp.test.MDR.TabelasComplementaresParaObrigaçoesAcessorias.TabelaOutrosDebitos.TabelaOutrosDebitosCriar -->
      <class name="com.timp.test.MDR.TabelasComplementaresParaObrigaçoesAcessorias.TabelaOutrosDebitos.TabelaOutrosDebitosExcluir">
        <test-method is-config="true" signature="beforeClass()[pri:0, instance:com.timp.test.MDR.TabelasComplementaresParaObrigaçoesAcessorias.TabelaOutrosDebitos.TabelaOutrosDebitosExcluir@558bdf1f]" started-at="2021-11-30T07:02:51Z" name="beforeClass" finished-at="2021-11-30T07:03:04Z" duration-ms="12225" status="PASS">
          <reporter-output>
          </reporter-output>
        </test-method> <!-- beforeClass -->
        <test-method signature="excluir()[pri:0, instance:com.timp.test.MDR.TabelasComplementaresParaObrigaçoesAcessorias.TabelaOutrosDebitos.TabelaOutrosDebitosExcluir@558bdf1f]" started-at="2021-11-30T07:03:04Z" name="excluir" finished-at="2021-11-30T07:05:10Z" duration-ms="126254" status="PASS">
          <reporter-output>
          </reporter-output>
        </test-method> <!-- excluir -->
        <test-method is-config="true" signature="afterClass()[pri:0, instance:com.timp.test.MDR.TabelasComplementaresParaObrigaçoesAcessorias.TabelaOutrosDebitos.TabelaOutrosDebitosExcluir@558bdf1f]" started-at="2021-11-30T07:05:10Z" name="afterClass" finished-at="2021-11-30T07:05:14Z" duration-ms="4386" status="PASS">
          <reporter-output>
          </reporter-output>
        </test-method> <!-- afterClass -->
      </class> <!-- com.timp.test.MDR.TabelasComplementaresParaObrigaçoesAcessorias.TabelaOutrosDebitos.TabelaOutrosDebitosExcluir -->
      <class name="com.timp.test.MDR.TabelasComplementaresParaObrigaçoesAcessorias.TabelaOutrosDebitos.TabelaOutosDebitosEditar">
        <test-method is-config="true" signature="beforeClass()[pri:0, instance:com.timp.test.MDR.TabelasComplementaresParaObrigaçoesAcessorias.TabelaOutrosDebitos.TabelaOutosDebitosEditar@3d9c13b5]" started-at="2021-11-30T06:55:56Z" name="beforeClass" finished-at="2021-11-30T06:56:19Z" duration-ms="23081" status="PASS">
          <reporter-output>
          </reporter-output>
        </test-method> <!-- beforeClass -->
        <test-method signature="editar()[pri:0, instance:com.timp.test.MDR.TabelasComplementaresParaObrigaçoesAcessorias.TabelaOutrosDebitos.TabelaOutosDebitosEditar@3d9c13b5]" started-at="2021-11-30T06:56:19Z" name="editar" finished-at="2021-11-30T06:58:29Z" duration-ms="130274" status="PASS">
          <reporter-output>
          </reporter-output>
        </test-method> <!-- editar -->
        <test-method is-config="true" signature="afterClass()[pri:0, instance:com.timp.test.MDR.TabelasComplementaresParaObrigaçoesAcessorias.TabelaOutrosDebitos.TabelaOutosDebitosEditar@3d9c13b5]" started-at="2021-11-30T06:58:29Z" name="afterClass" finished-at="2021-11-30T06:58:30Z" duration-ms="44" status="PASS">
          <reporter-output>
          </reporter-output>
        </test-method> <!-- afterClass -->
      </class> <!-- com.timp.test.MDR.TabelasComplementaresParaObrigaçoesAcessorias.TabelaOutrosDebitos.TabelaOutosDebitosEditar -->
      <class name="com.timp.test.MDR.TabelasComplementaresParaObrigaçoesAcessorias.TabelaOutrosDebitos.TabelaOutrosDebitosVisualizar">
        <test-method is-config="true" signature="beforeClass()[pri:0, instance:com.timp.test.MDR.TabelasComplementaresParaObrigaçoesAcessorias.TabelaOutrosDebitos.TabelaOutrosDebitosVisualizar@27216cd]" started-at="2021-11-30T07:00:38Z" name="beforeClass" finished-at="2021-11-30T07:00:50Z" duration-ms="11718" status="PASS">
          <reporter-output>
          </reporter-output>
        </test-method> <!-- beforeClass -->
        <test-method signature="visualizar()[pri:0, instance:com.timp.test.MDR.TabelasComplementaresParaObrigaçoesAcessorias.TabelaOutrosDebitos.TabelaOutrosDebitosVisualizar@27216cd]" started-at="2021-11-30T07:00:50Z" name="visualizar" finished-at="2021-11-30T07:02:51Z" duration-ms="121564" status="PASS">
          <reporter-output>
          </reporter-output>
        </test-method> <!-- visualizar -->
        <test-method is-config="true" signature="afterClass()[pri:0, instance:com.timp.test.MDR.TabelasComplementaresParaObrigaçoesAcessorias.TabelaOutrosDebitos.TabelaOutrosDebitosVisualizar@27216cd]" started-at="2021-11-30T07:02:51Z" name="afterClass" finished-at="2021-11-30T07:02:51Z" duration-ms="43" status="PASS">
          <reporter-output>
          </reporter-output>
        </test-method> <!-- afterClass -->
      </class> <!-- com.timp.test.MDR.TabelasComplementaresParaObrigaçoesAcessorias.TabelaOutrosDebitos.TabelaOutrosDebitosVisualizar -->
    </test> <!-- TabelaOutrosDebitos -->
    <test started-at="2021-11-30T07:08:25Z" name="TabelaReceitasCreditoFiscalAntecipado" finished-at="2021-11-30T07:22:35Z" duration-ms="850527">
      <class name="com.timp.test.MDR.TabelasComplementaresParaObrigaçoesAcessorias.TabelaReceitasCreditoFiscalAntecipado.TabelaReceitasCreditoFiscalAntecipadoExcluir">
        <test-method is-config="true" signature="beforeClass()[pri:0, instance:com.timp.test.MDR.TabelasComplementaresParaObrigaçoesAcessorias.TabelaReceitasCreditoFiscalAntecipado.TabelaReceitasCreditoFiscalAntecipadoExcluir@73cd37c0]" started-at="2021-11-30T07:17:25Z" name="beforeClass" finished-at="2021-11-30T07:17:47Z" duration-ms="21813" status="PASS">
          <reporter-output>
          </reporter-output>
        </test-method> <!-- beforeClass -->
        <test-method signature="excluir()[pri:0, instance:com.timp.test.MDR.TabelasComplementaresParaObrigaçoesAcessorias.TabelaReceitasCreditoFiscalAntecipado.TabelaReceitasCreditoFiscalAntecipadoExcluir@73cd37c0]" started-at="2021-11-30T07:17:47Z" name="excluir" finished-at="2021-11-30T07:19:40Z" duration-ms="112643" status="PASS">
          <reporter-output>
          </reporter-output>
        </test-method> <!-- excluir -->
        <test-method is-config="true" signature="afterClass()[pri:0, instance:com.timp.test.MDR.TabelasComplementaresParaObrigaçoesAcessorias.TabelaReceitasCreditoFiscalAntecipado.TabelaReceitasCreditoFiscalAntecipadoExcluir@73cd37c0]" started-at="2021-11-30T07:19:40Z" name="afterClass" finished-at="2021-11-30T07:19:40Z" duration-ms="45" status="PASS">
          <reporter-output>
          </reporter-output>
        </test-method> <!-- afterClass -->
      </class> <!-- com.timp.test.MDR.TabelasComplementaresParaObrigaçoesAcessorias.TabelaReceitasCreditoFiscalAntecipado.TabelaReceitasCreditoFiscalAntecipadoExcluir -->
      <class name="com.timp.test.MDR.TabelasComplementaresParaObrigaçoesAcessorias.TabelaReceitasCreditoFiscalAntecipado.TabelaReceitasCreditoFiscalAntecipadoVisualizar">
        <test-method is-config="true" signature="beforeClass()[pri:0, instance:com.timp.test.MDR.TabelasComplementaresParaObrigaçoesAcessorias.TabelaReceitasCreditoFiscalAntecipado.TabelaReceitasCreditoFiscalAntecipadoVisualizar@5505ae1a]" started-at="2021-11-30T07:15:32Z" name="beforeClass" finished-at="2021-11-30T07:15:49Z" duration-ms="16354" status="PASS">
          <reporter-output>
          </reporter-output>
        </test-method> <!-- beforeClass -->
        <test-method signature="visualizar()[pri:0, instance:com.timp.test.MDR.TabelasComplementaresParaObrigaçoesAcessorias.TabelaReceitasCreditoFiscalAntecipado.TabelaReceitasCreditoFiscalAntecipadoVisualizar@5505ae1a]" started-at="2021-11-30T07:15:49Z" name="visualizar" finished-at="2021-11-30T07:17:25Z" duration-ms="96654" status="PASS">
          <reporter-output>
          </reporter-output>
        </test-method> <!-- visualizar -->
        <test-method is-config="true" signature="afterClass()[pri:0, instance:com.timp.test.MDR.TabelasComplementaresParaObrigaçoesAcessorias.TabelaReceitasCreditoFiscalAntecipado.TabelaReceitasCreditoFiscalAntecipadoVisualizar@5505ae1a]" started-at="2021-11-30T07:17:25Z" name="afterClass" finished-at="2021-11-30T07:17:25Z" duration-ms="44" status="PASS">
          <reporter-output>
          </reporter-output>
        </test-method> <!-- afterClass -->
      </class> <!-- com.timp.test.MDR.TabelasComplementaresParaObrigaçoesAcessorias.TabelaReceitasCreditoFiscalAntecipado.TabelaReceitasCreditoFiscalAntecipadoVisualizar -->
      <class name="com.timp.test.MDR.TabelasComplementaresParaObrigaçoesAcessorias.TabelaReceitasCreditoFiscalAntecipado.TabelaReceitasCreditoFiscalAntecipadoDetalhes">
        <test-method is-config="true" signature="beforeClass()[pri:0, instance:com.timp.test.MDR.TabelasComplementaresParaObrigaçoesAcessorias.TabelaReceitasCreditoFiscalAntecipado.TabelaReceitasCreditoFiscalAntecipadoDetalhes@416c58f5]" started-at="2021-11-30T07:13:00Z" name="beforeClass" finished-at="2021-11-30T07:13:24Z" duration-ms="24079" status="PASS">
          <reporter-output>
          </reporter-output>
        </test-method> <!-- beforeClass -->
        <test-method signature="detalhes()[pri:0, instance:com.timp.test.MDR.TabelasComplementaresParaObrigaçoesAcessorias.TabelaReceitasCreditoFiscalAntecipado.TabelaReceitasCreditoFiscalAntecipadoDetalhes@416c58f5]" started-at="2021-11-30T07:13:24Z" name="detalhes" finished-at="2021-11-30T07:15:28Z" duration-ms="124092" status="PASS">
          <reporter-output>
          </reporter-output>
        </test-method> <!-- detalhes -->
        <test-method is-config="true" signature="afterClass()[pri:0, instance:com.timp.test.MDR.TabelasComplementaresParaObrigaçoesAcessorias.TabelaReceitasCreditoFiscalAntecipado.TabelaReceitasCreditoFiscalAntecipadoDetalhes@416c58f5]" started-at="2021-11-30T07:15:28Z" name="afterClass" finished-at="2021-11-30T07:15:32Z" duration-ms="4411" status="PASS">
          <reporter-output>
          </reporter-output>
        </test-method> <!-- afterClass -->
      </class> <!-- com.timp.test.MDR.TabelasComplementaresParaObrigaçoesAcessorias.TabelaReceitasCreditoFiscalAntecipado.TabelaReceitasCreditoFiscalAntecipadoDetalhes -->
      <class name="com.timp.test.MDR.TabelasComplementaresParaObrigaçoesAcessorias.TabelaReceitasCreditoFiscalAntecipado.TabelaReceitasCreditoFiscalAntecipadoEditar">
        <test-method is-config="true" signature="beforeClass()[pri:0, instance:com.timp.test.MDR.TabelasComplementaresParaObrigaçoesAcessorias.TabelaReceitasCreditoFiscalAntecipado.TabelaReceitasCreditoFiscalAntecipadoEditar@3b7d3a38]" started-at="2021-11-30T07:10:30Z" name="beforeClass" finished-at="2021-11-30T07:10:55Z" duration-ms="25443" status="PASS">
          <reporter-output>
          </reporter-output>
        </test-method> <!-- beforeClass -->
        <test-method signature="editar()[pri:0, instance:com.timp.test.MDR.TabelasComplementaresParaObrigaçoesAcessorias.TabelaReceitasCreditoFiscalAntecipado.TabelaReceitasCreditoFiscalAntecipadoEditar@3b7d3a38]" started-at="2021-11-30T07:10:55Z" name="editar" finished-at="2021-11-30T07:13:00Z" duration-ms="124602" status="PASS">
          <reporter-output>
          </reporter-output>
        </test-method> <!-- editar -->
        <test-method is-config="true" signature="afterClass()[pri:0, instance:com.timp.test.MDR.TabelasComplementaresParaObrigaçoesAcessorias.TabelaReceitasCreditoFiscalAntecipado.TabelaReceitasCreditoFiscalAntecipadoEditar@3b7d3a38]" started-at="2021-11-30T07:13:00Z" name="afterClass" finished-at="2021-11-30T07:13:00Z" duration-ms="52" status="PASS">
          <reporter-output>
          </reporter-output>
        </test-method> <!-- afterClass -->
      </class> <!-- com.timp.test.MDR.TabelasComplementaresParaObrigaçoesAcessorias.TabelaReceitasCreditoFiscalAntecipado.TabelaReceitasCreditoFiscalAntecipadoEditar -->
      <class name="com.timp.test.MDR.TabelasComplementaresParaObrigaçoesAcessorias.TabelaReceitasCreditoFiscalAntecipado.TabelaReceitasCreditoFiscalAntecipadoExcluirEmMassa">
        <test-method is-config="true" signature="beforeClass()[pri:0, instance:com.timp.test.MDR.TabelasComplementaresParaObrigaçoesAcessorias.TabelaReceitasCreditoFiscalAntecipado.TabelaReceitasCreditoFiscalAntecipadoExcluirEmMassa@21337f7b]" started-at="2021-11-30T07:19:40Z" name="beforeClass" finished-at="2021-11-30T07:19:55Z" duration-ms="14763" status="PASS">
          <reporter-output>
          </reporter-output>
        </test-method> <!-- beforeClass -->
        <test-method signature="criar()[pri:0, instance:com.timp.test.MDR.TabelasComplementaresParaObrigaçoesAcessorias.TabelaReceitasCreditoFiscalAntecipado.TabelaReceitasCreditoFiscalAntecipadoExcluirEmMassa@21337f7b]" started-at="2021-11-30T07:19:55Z" name="criar" finished-at="2021-11-30T07:21:53Z" duration-ms="118421" status="PASS">
          <reporter-output>
          </reporter-output>
        </test-method> <!-- criar -->
        <test-method signature="excluirEmMassa()[pri:0, instance:com.timp.test.MDR.TabelasComplementaresParaObrigaçoesAcessorias.TabelaReceitasCreditoFiscalAntecipado.TabelaReceitasCreditoFiscalAntecipadoExcluirEmMassa@21337f7b]" started-at="2021-11-30T07:21:53Z" name="excluirEmMassa" finished-at="2021-11-30T07:22:31Z" depends-on-methods="com.timp.test.MDR.TabelasComplementaresParaObrigaçoesAcessorias.TabelaReceitasCreditoFiscalAntecipado.TabelaReceitasCreditoFiscalAntecipadoExcluirEmMassa.criar" duration-ms="37818" status="PASS">
          <reporter-output>
          </reporter-output>
        </test-method> <!-- excluirEmMassa -->
        <test-method is-config="true" signature="afterClass()[pri:0, instance:com.timp.test.MDR.TabelasComplementaresParaObrigaçoesAcessorias.TabelaReceitasCreditoFiscalAntecipado.TabelaReceitasCreditoFiscalAntecipadoExcluirEmMassa@21337f7b]" started-at="2021-11-30T07:22:31Z" name="afterClass" finished-at="2021-11-30T07:22:35Z" duration-ms="4394" status="PASS">
          <reporter-output>
          </reporter-output>
        </test-method> <!-- afterClass -->
      </class> <!-- com.timp.test.MDR.TabelasComplementaresParaObrigaçoesAcessorias.TabelaReceitasCreditoFiscalAntecipado.TabelaReceitasCreditoFiscalAntecipadoExcluirEmMassa -->
      <class name="com.timp.test.MDR.TabelasComplementaresParaObrigaçoesAcessorias.TabelaReceitasCreditoFiscalAntecipado.TabelaReceitasCreditoFiscalAntecipadoCriar">
        <test-method is-config="true" signature="beforeClass()[pri:0, instance:com.timp.test.MDR.TabelasComplementaresParaObrigaçoesAcessorias.TabelaReceitasCreditoFiscalAntecipado.TabelaReceitasCreditoFiscalAntecipadoCriar@1046d517]" started-at="2021-11-30T07:08:25Z" name="beforeClass" finished-at="2021-11-30T07:08:43Z" duration-ms="18310" status="PASS">
          <reporter-output>
          </reporter-output>
        </test-method> <!-- beforeClass -->
        <test-method signature="criar()[pri:0, instance:com.timp.test.MDR.TabelasComplementaresParaObrigaçoesAcessorias.TabelaReceitasCreditoFiscalAntecipado.TabelaReceitasCreditoFiscalAntecipadoCriar@1046d517]" started-at="2021-11-30T07:08:43Z" name="criar" finished-at="2021-11-30T07:10:25Z" duration-ms="102200" status="PASS">
          <reporter-output>
          </reporter-output>
        </test-method> <!-- criar -->
        <test-method is-config="true" signature="afterClass()[pri:0, instance:com.timp.test.MDR.TabelasComplementaresParaObrigaçoesAcessorias.TabelaReceitasCreditoFiscalAntecipado.TabelaReceitasCreditoFiscalAntecipadoCriar@1046d517]" started-at="2021-11-30T07:10:25Z" name="afterClass" finished-at="2021-11-30T07:10:30Z" duration-ms="4386" status="PASS">
          <reporter-output>
          </reporter-output>
        </test-method> <!-- afterClass -->
      </class> <!-- com.timp.test.MDR.TabelasComplementaresParaObrigaçoesAcessorias.TabelaReceitasCreditoFiscalAntecipado.TabelaReceitasCreditoFiscalAntecipadoCriar -->
    </test> <!-- TabelaReceitasCreditoFiscalAntecipado -->
    <test started-at="2021-11-30T07:22:35Z" name="TabelaDaReceitasPermitidas" finished-at="2021-11-30T07:41:23Z" duration-ms="1127684">
      <class name="com.timp.test.MDR.TabelasComplementaresParaObrigaçoesAcessorias.TabelaDaReceitasPermitidas.TabelaReceitasPermitidasEditar">
        <test-method is-config="true" signature="beforeClass()[pri:0, instance:com.timp.test.MDR.TabelasComplementaresParaObrigaçoesAcessorias.TabelaDaReceitasPermitidas.TabelaReceitasPermitidasEditar@363a52f]" started-at="2021-11-30T07:25:40Z" name="beforeClass" finished-at="2021-11-30T07:26:03Z" duration-ms="23206" status="PASS">
          <reporter-output>
          </reporter-output>
        </test-method> <!-- beforeClass -->
        <test-method signature="editar()[pri:0, instance:com.timp.test.MDR.TabelasComplementaresParaObrigaçoesAcessorias.TabelaDaReceitasPermitidas.TabelaReceitasPermitidasEditar@363a52f]" started-at="2021-11-30T07:26:03Z" name="editar" finished-at="2021-11-30T07:29:12Z" duration-ms="188985" status="PASS">
          <reporter-output>
          </reporter-output>
        </test-method> <!-- editar -->
        <test-method is-config="true" signature="afterClass()[pri:0, instance:com.timp.test.MDR.TabelasComplementaresParaObrigaçoesAcessorias.TabelaDaReceitasPermitidas.TabelaReceitasPermitidasEditar@363a52f]" started-at="2021-11-30T07:29:12Z" name="afterClass" finished-at="2021-11-30T07:29:12Z" duration-ms="47" status="PASS">
          <reporter-output>
          </reporter-output>
        </test-method> <!-- afterClass -->
      </class> <!-- com.timp.test.MDR.TabelasComplementaresParaObrigaçoesAcessorias.TabelaDaReceitasPermitidas.TabelaReceitasPermitidasEditar -->
      <class name="com.timp.test.MDR.TabelasComplementaresParaObrigaçoesAcessorias.TabelaDaReceitasPermitidas.TabelaReceitasPermitidasDetalhes">
        <test-method is-config="true" signature="beforeClass()[pri:0, instance:com.timp.test.MDR.TabelasComplementaresParaObrigaçoesAcessorias.TabelaDaReceitasPermitidas.TabelaReceitasPermitidasDetalhes@60856961]" started-at="2021-11-30T07:29:12Z" name="beforeClass" finished-at="2021-11-30T07:29:40Z" duration-ms="28307" status="PASS">
          <reporter-output>
          </reporter-output>
        </test-method> <!-- beforeClass -->
        <test-method signature="Detalhes()[pri:0, instance:com.timp.test.MDR.TabelasComplementaresParaObrigaçoesAcessorias.TabelaDaReceitasPermitidas.TabelaReceitasPermitidasDetalhes@60856961]" started-at="2021-11-30T07:29:40Z" name="Detalhes" finished-at="2021-11-30T07:31:47Z" duration-ms="127207" status="PASS">
          <reporter-output>
          </reporter-output>
        </test-method> <!-- Detalhes -->
        <test-method is-config="true" signature="afterClass()[pri:0, instance:com.timp.test.MDR.TabelasComplementaresParaObrigaçoesAcessorias.TabelaDaReceitasPermitidas.TabelaReceitasPermitidasDetalhes@60856961]" started-at="2021-11-30T07:31:47Z" name="afterClass" finished-at="2021-11-30T07:31:52Z" duration-ms="4442" status="PASS">
          <reporter-output>
          </reporter-output>
        </test-method> <!-- afterClass -->
      </class> <!-- com.timp.test.MDR.TabelasComplementaresParaObrigaçoesAcessorias.TabelaDaReceitasPermitidas.TabelaReceitasPermitidasDetalhes -->
      <class name="com.timp.test.MDR.TabelasComplementaresParaObrigaçoesAcessorias.TabelaDaReceitasPermitidas.TabelaReceitasPermitidasExcluirEmMassa">
        <test-method is-config="true" signature="beforeClass()[pri:0, instance:com.timp.test.MDR.TabelasComplementaresParaObrigaçoesAcessorias.TabelaDaReceitasPermitidas.TabelaReceitasPermitidasExcluirEmMassa@141e5bef]" started-at="2021-11-30T07:38:41Z" name="beforeClass" finished-at="2021-11-30T07:38:55Z" duration-ms="13492" status="PASS">
          <reporter-output>
          </reporter-output>
        </test-method> <!-- beforeClass -->
        <test-method signature="criar()[pri:0, instance:com.timp.test.MDR.TabelasComplementaresParaObrigaçoesAcessorias.TabelaDaReceitasPermitidas.TabelaReceitasPermitidasExcluirEmMassa@141e5bef]" started-at="2021-11-30T07:38:55Z" name="criar" finished-at="2021-11-30T07:40:48Z" duration-ms="113706" status="PASS">
          <reporter-output>
          </reporter-output>
        </test-method> <!-- criar -->
        <test-method signature="excluirEmMassa()[pri:0, instance:com.timp.test.MDR.TabelasComplementaresParaObrigaçoesAcessorias.TabelaDaReceitasPermitidas.TabelaReceitasPermitidasExcluirEmMassa@141e5bef]" started-at="2021-11-30T07:40:48Z" name="excluirEmMassa" finished-at="2021-11-30T07:41:23Z" depends-on-methods="com.timp.test.MDR.TabelasComplementaresParaObrigaçoesAcessorias.TabelaDaReceitasPermitidas.TabelaReceitasPermitidasExcluirEmMassa.criar" duration-ms="34529" status="PASS">
          <reporter-output>
          </reporter-output>
        </test-method> <!-- excluirEmMassa -->
        <test-method is-config="true" signature="afterClass()[pri:0, instance:com.timp.test.MDR.TabelasComplementaresParaObrigaçoesAcessorias.TabelaDaReceitasPermitidas.TabelaReceitasPermitidasExcluirEmMassa@141e5bef]" started-at="2021-11-30T07:41:23Z" name="afterClass" finished-at="2021-11-30T07:41:23Z" duration-ms="50" status="PASS">
          <reporter-output>
          </reporter-output>
        </test-method> <!-- afterClass -->
      </class> <!-- com.timp.test.MDR.TabelasComplementaresParaObrigaçoesAcessorias.TabelaDaReceitasPermitidas.TabelaReceitasPermitidasExcluirEmMassa -->
      <class name="com.timp.test.MDR.TabelasComplementaresParaObrigaçoesAcessorias.TabelaDaReceitasPermitidas.TabelaReceitasPermitidasExcluir">
        <test-method is-config="true" signature="beforeClass()[pri:0, instance:com.timp.test.MDR.TabelasComplementaresParaObrigaçoesAcessorias.TabelaDaReceitasPermitidas.TabelaReceitasPermitidasExcluir@a4add54]" started-at="2021-11-30T07:36:07Z" name="beforeClass" finished-at="2021-11-30T07:36:25Z" duration-ms="18166" status="PASS">
          <reporter-output>
          </reporter-output>
        </test-method> <!-- beforeClass -->
        <test-method signature="excluir()[pri:0, instance:com.timp.test.MDR.TabelasComplementaresParaObrigaçoesAcessorias.TabelaDaReceitasPermitidas.TabelaReceitasPermitidasExcluir@a4add54]" started-at="2021-11-30T07:36:25Z" name="excluir" finished-at="2021-11-30T07:38:37Z" duration-ms="131646" status="PASS">
          <reporter-output>
          </reporter-output>
        </test-method> <!-- excluir -->
        <test-method is-config="true" signature="afterClass()[pri:0, instance:com.timp.test.MDR.TabelasComplementaresParaObrigaçoesAcessorias.TabelaDaReceitasPermitidas.TabelaReceitasPermitidasExcluir@a4add54]" started-at="2021-11-30T07:38:37Z" name="afterClass" finished-at="2021-11-30T07:38:41Z" duration-ms="4414" status="PASS">
          <reporter-output>
          </reporter-output>
        </test-method> <!-- afterClass -->
      </class> <!-- com.timp.test.MDR.TabelasComplementaresParaObrigaçoesAcessorias.TabelaDaReceitasPermitidas.TabelaReceitasPermitidasExcluir -->
      <class name="com.timp.test.MDR.TabelasComplementaresParaObrigaçoesAcessorias.TabelaDaReceitasPermitidas.TabelaReceitasPermitidasCriar">
        <test-method is-config="true" signature="beforeClass()[pri:0, instance:com.timp.test.MDR.TabelasComplementaresParaObrigaçoesAcessorias.TabelaDaReceitasPermitidas.TabelaReceitasPermitidasCriar@5ddf0d24]" started-at="2021-11-30T07:22:35Z" name="beforeClass" finished-at="2021-11-30T07:22:47Z" duration-ms="12120" status="PASS">
          <reporter-output>
          </reporter-output>
        </test-method> <!-- beforeClass -->
        <test-method signature="criar()[pri:0, instance:com.timp.test.MDR.TabelasComplementaresParaObrigaçoesAcessorias.TabelaDaReceitasPermitidas.TabelaReceitasPermitidasCriar@5ddf0d24]" started-at="2021-11-30T07:22:47Z" name="criar" finished-at="2021-11-30T07:25:35Z" duration-ms="167679" status="PASS">
          <reporter-output>
          </reporter-output>
        </test-method> <!-- criar -->
        <test-method is-config="true" signature="afterClass()[pri:0, instance:com.timp.test.MDR.TabelasComplementaresParaObrigaçoesAcessorias.TabelaDaReceitasPermitidas.TabelaReceitasPermitidasCriar@5ddf0d24]" started-at="2021-11-30T07:25:35Z" name="afterClass" finished-at="2021-11-30T07:25:40Z" duration-ms="4446" status="PASS">
          <reporter-output>
          </reporter-output>
        </test-method> <!-- afterClass -->
      </class> <!-- com.timp.test.MDR.TabelasComplementaresParaObrigaçoesAcessorias.TabelaDaReceitasPermitidas.TabelaReceitasPermitidasCriar -->
      <class name="com.timp.test.MDR.TabelasComplementaresParaObrigaçoesAcessorias.TabelaDaReceitasPermitidas.TabelaReceitasPermitidasVisualizar">
        <test-method is-config="true" signature="beforeClass()[pri:0, instance:com.timp.test.MDR.TabelasComplementaresParaObrigaçoesAcessorias.TabelaDaReceitasPermitidas.TabelaReceitasPermitidasVisualizar@2fd953a6]" started-at="2021-11-30T07:31:52Z" name="beforeClass" finished-at="2021-11-30T07:32:04Z" duration-ms="12134" status="PASS">
          <reporter-output>
          </reporter-output>
        </test-method> <!-- beforeClass -->
        <test-method signature="visualizar()[pri:0, instance:com.timp.test.MDR.TabelasComplementaresParaObrigaçoesAcessorias.TabelaDaReceitasPermitidas.TabelaReceitasPermitidasVisualizar@2fd953a6]" started-at="2021-11-30T07:32:04Z" name="visualizar" finished-at="2021-11-30T07:36:07Z" duration-ms="243059" status="PASS">
          <reporter-output>
          </reporter-output>
        </test-method> <!-- visualizar -->
        <test-method is-config="true" signature="afterClass()[pri:0, instance:com.timp.test.MDR.TabelasComplementaresParaObrigaçoesAcessorias.TabelaDaReceitasPermitidas.TabelaReceitasPermitidasVisualizar@2fd953a6]" started-at="2021-11-30T07:36:07Z" name="afterClass" finished-at="2021-11-30T07:36:07Z" duration-ms="44" status="PASS">
          <reporter-output>
          </reporter-output>
        </test-method> <!-- afterClass -->
      </class> <!-- com.timp.test.MDR.TabelasComplementaresParaObrigaçoesAcessorias.TabelaDaReceitasPermitidas.TabelaReceitasPermitidasVisualizar -->
    </test> <!-- TabelaDaReceitasPermitidas -->
    <test started-at="2021-11-30T07:41:23Z" name="TabelaServicos" finished-at="2021-11-30T07:58:06Z" duration-ms="1002747">
      <class name="com.timp.test.MDR.TabelasComplementaresParaObrigaçoesAcessorias.TabelaServicos.TabelaServicosEditar">
        <test-method is-config="true" signature="beforeClass()[pri:0, instance:com.timp.test.MDR.TabelasComplementaresParaObrigaçoesAcessorias.TabelaServicos.TabelaServicosEditar@1e097d59]" started-at="2021-11-30T07:43:46Z" name="beforeClass" finished-at="2021-11-30T07:44:01Z" duration-ms="15153" status="PASS">
          <reporter-output>
          </reporter-output>
        </test-method> <!-- beforeClass -->
        <test-method signature="editar()[pri:0, instance:com.timp.test.MDR.TabelasComplementaresParaObrigaçoesAcessorias.TabelaServicos.TabelaServicosEditar@1e097d59]" started-at="2021-11-30T07:44:01Z" name="editar" finished-at="2021-11-30T07:46:43Z" duration-ms="161225" status="PASS">
          <reporter-output>
          </reporter-output>
        </test-method> <!-- editar -->
        <test-method is-config="true" signature="afterClass()[pri:0, instance:com.timp.test.MDR.TabelasComplementaresParaObrigaçoesAcessorias.TabelaServicos.TabelaServicosEditar@1e097d59]" started-at="2021-11-30T07:46:43Z" name="afterClass" finished-at="2021-11-30T07:46:43Z" duration-ms="86" status="PASS">
          <reporter-output>
          </reporter-output>
        </test-method> <!-- afterClass -->
      </class> <!-- com.timp.test.MDR.TabelasComplementaresParaObrigaçoesAcessorias.TabelaServicos.TabelaServicosEditar -->
      <class name="com.timp.test.MDR.TabelasComplementaresParaObrigaçoesAcessorias.TabelaServicos.TabelaServicosDetalhes">
        <test-method is-config="true" signature="beforeClass()[pri:0, instance:com.timp.test.MDR.TabelasComplementaresParaObrigaçoesAcessorias.TabelaServicos.TabelaServicosDetalhes@673be18f]" started-at="2021-11-30T07:46:43Z" name="beforeClass" finished-at="2021-11-30T07:47:08Z" duration-ms="25411" status="PASS">
          <reporter-output>
          </reporter-output>
        </test-method> <!-- beforeClass -->
        <test-method signature="detalhes()[pri:0, instance:com.timp.test.MDR.TabelasComplementaresParaObrigaçoesAcessorias.TabelaServicos.TabelaServicosDetalhes@673be18f]" started-at="2021-11-30T07:47:08Z" name="detalhes" finished-at="2021-11-30T07:48:40Z" duration-ms="91516" status="PASS">
          <reporter-output>
          </reporter-output>
        </test-method> <!-- detalhes -->
        <test-method is-config="true" signature="afterClass()[pri:0, instance:com.timp.test.MDR.TabelasComplementaresParaObrigaçoesAcessorias.TabelaServicos.TabelaServicosDetalhes@673be18f]" started-at="2021-11-30T07:48:40Z" name="afterClass" finished-at="2021-11-30T07:48:40Z" duration-ms="49" status="PASS">
          <reporter-output>
          </reporter-output>
        </test-method> <!-- afterClass -->
      </class> <!-- com.timp.test.MDR.TabelasComplementaresParaObrigaçoesAcessorias.TabelaServicos.TabelaServicosDetalhes -->
      <class name="com.timp.test.MDR.TabelasComplementaresParaObrigaçoesAcessorias.TabelaServicos.TabelaServicosVisualizar">
        <test-method is-config="true" signature="beforeClass()[pri:0, instance:com.timp.test.MDR.TabelasComplementaresParaObrigaçoesAcessorias.TabelaServicos.TabelaServicosVisualizar@6581dc0a]" started-at="2021-11-30T07:48:40Z" name="beforeClass" finished-at="2021-11-30T07:49:03Z" duration-ms="23196" status="PASS">
          <reporter-output>
          </reporter-output>
        </test-method> <!-- beforeClass -->
        <test-method signature="visualizar()[pri:0, instance:com.timp.test.MDR.TabelasComplementaresParaObrigaçoesAcessorias.TabelaServicos.TabelaServicosVisualizar@6581dc0a]" started-at="2021-11-30T07:49:03Z" name="visualizar" finished-at="2021-11-30T07:50:40Z" duration-ms="96701" status="PASS">
          <reporter-output>
          </reporter-output>
        </test-method> <!-- visualizar -->
        <test-method is-config="true" signature="afterClass()[pri:0, instance:com.timp.test.MDR.TabelasComplementaresParaObrigaçoesAcessorias.TabelaServicos.TabelaServicosVisualizar@6581dc0a]" started-at="2021-11-30T07:50:40Z" name="afterClass" finished-at="2021-11-30T07:50:40Z" duration-ms="50" status="PASS">
          <reporter-output>
          </reporter-output>
        </test-method> <!-- afterClass -->
      </class> <!-- com.timp.test.MDR.TabelasComplementaresParaObrigaçoesAcessorias.TabelaServicos.TabelaServicosVisualizar -->
      <class name="com.timp.test.MDR.TabelasComplementaresParaObrigaçoesAcessorias.TabelaServicos.TabelaServicosExcluir">
        <test-method is-config="true" signature="beforeClass()[pri:0, instance:com.timp.test.MDR.TabelasComplementaresParaObrigaçoesAcessorias.TabelaServicos.TabelaServicosExcluir@39de3d36]" started-at="2021-11-30T07:50:40Z" name="beforeClass" finished-at="2021-11-30T07:50:54Z" duration-ms="14126" status="PASS">
          <reporter-output>
          </reporter-output>
        </test-method> <!-- beforeClass -->
        <test-method signature="excluir()[pri:0, instance:com.timp.test.MDR.TabelasComplementaresParaObrigaçoesAcessorias.TabelaServicos.TabelaServicosExcluir@39de3d36]" started-at="2021-11-30T07:50:54Z" name="excluir" finished-at="2021-11-30T07:52:42Z" duration-ms="108117" status="PASS">
          <reporter-output>
          </reporter-output>
        </test-method> <!-- excluir -->
        <test-method is-config="true" signature="afterClass()[pri:0, instance:com.timp.test.MDR.TabelasComplementaresParaObrigaçoesAcessorias.TabelaServicos.TabelaServicosExcluir@39de3d36]" started-at="2021-11-30T07:52:42Z" name="afterClass" finished-at="2021-11-30T07:52:42Z" duration-ms="47" status="PASS">
          <reporter-output>
          </reporter-output>
        </test-method> <!-- afterClass -->
      </class> <!-- com.timp.test.MDR.TabelasComplementaresParaObrigaçoesAcessorias.TabelaServicos.TabelaServicosExcluir -->
      <class name="com.timp.test.MDR.TabelasComplementaresParaObrigaçoesAcessorias.TabelaServicos.TabelaServicosCriar">
        <test-method is-config="true" signature="beforeClass()[pri:0, instance:com.timp.test.MDR.TabelasComplementaresParaObrigaçoesAcessorias.TabelaServicos.TabelaServicosCriar@5bf0fe62]" started-at="2021-11-30T07:41:23Z" name="beforeClass" finished-at="2021-11-30T07:41:41Z" duration-ms="17647" status="PASS">
          <reporter-output>
          </reporter-output>
        </test-method> <!-- beforeClass -->
        <test-method signature="criar()[pri:0, instance:com.timp.test.MDR.TabelasComplementaresParaObrigaçoesAcessorias.TabelaServicos.TabelaServicosCriar@5bf0fe62]" started-at="2021-11-30T07:41:41Z" name="criar" finished-at="2021-11-30T07:43:42Z" duration-ms="121114" status="PASS">
          <reporter-output>
          </reporter-output>
        </test-method> <!-- criar -->
        <test-method is-config="true" signature="afterClass()[pri:0, instance:com.timp.test.MDR.TabelasComplementaresParaObrigaçoesAcessorias.TabelaServicos.TabelaServicosCriar@5bf0fe62]" started-at="2021-11-30T07:43:42Z" name="afterClass" finished-at="2021-11-30T07:43:46Z" duration-ms="4391" status="PASS">
          <reporter-output>
          </reporter-output>
        </test-method> <!-- afterClass -->
      </class> <!-- com.timp.test.MDR.TabelasComplementaresParaObrigaçoesAcessorias.TabelaServicos.TabelaServicosCriar -->
      <class name="com.timp.test.MDR.TabelasComplementaresParaObrigaçoesAcessorias.TabelaServicos.TabelaServicosExcluirEmMassa">
        <test-method is-config="true" signature="beforeClass()[pri:0, instance:com.timp.test.MDR.TabelasComplementaresParaObrigaçoesAcessorias.TabelaServicos.TabelaServicosExcluirEmMassa@6ce86ce1]" started-at="2021-11-30T07:52:42Z" name="beforeClass" finished-at="2021-11-30T07:53:06Z" duration-ms="24562" status="PASS">
          <reporter-output>
          </reporter-output>
        </test-method> <!-- beforeClass -->
        <test-method signature="criar()[pri:0, instance:com.timp.test.MDR.TabelasComplementaresParaObrigaçoesAcessorias.TabelaServicos.TabelaServicosExcluirEmMassa@6ce86ce1]" started-at="2021-11-30T07:53:06Z" name="criar" finished-at="2021-11-30T07:58:01Z" duration-ms="294878" status="FAIL">
          <exception class="java.lang.AssertionError">
            <message>
              <![CDATA[O registro não foi eliminado com sucesso expected [true] but found [false]]]>
            </message>
            <full-stacktrace>
              <![CDATA[java.lang.AssertionError: O registro não foi eliminado com sucesso expected [true] but found [false]
at org.testng.Assert.fail(Assert.java:96)
at org.testng.Assert.failNotEquals(Assert.java:776)
at org.testng.Assert.assertTrue(Assert.java:44)
at com.timp.test.MDR.TabelasComplementaresParaObrigaçoesAcessorias.TabelaServicos.TabelaServicosExcluirEmMassa.criar(TabelaServicosExcluirEmMassa.java:56)
at java.base/jdk.internal.reflect.NativeMethodAccessorImpl.invoke0(Native Method)
at java.base/jdk.internal.reflect.NativeMethodAccessorImpl.invoke(NativeMethodAccessorImpl.java:77)
at java.base/jdk.internal.reflect.DelegatingMethodAccessorImpl.invoke(DelegatingMethodAccessorImpl.java:43)
at java.base/java.lang.reflect.Method.invoke(Method.java:568)
at org.testng.internal.MethodInvocationHelper.invokeMethod(MethodInvocationHelper.java:124)
at org.testng.internal.Invoker.invokeMethod(Invoker.java:583)
at org.testng.internal.Invoker.invokeTestMethod(Invoker.java:719)
at org.testng.internal.Invoker.invokeTestMethods(Invoker.java:989)
at org.testng.internal.TestMethodWorker.invokeTestMethods(TestMethodWorker.java:125)
at org.testng.internal.TestMethodWorker.run(TestMethodWorker.java:109)
at org.testng.TestRunner.privateRun(TestRunner.java:648)
at org.testng.TestRunner.run(TestRunner.java:505)
at org.testng.SuiteRunner.runTest(SuiteRunner.java:455)
at org.testng.SuiteRunner.runSequentially(SuiteRunner.java:450)
at org.testng.SuiteRunner.privateRun(SuiteRunner.java:415)
at org.testng.SuiteRunner.run(SuiteRunner.java:364)
at org.testng.SuiteRunnerWorker.runSuite(SuiteRunnerWorker.java:52)
at org.testng.SuiteRunnerWorker.run(SuiteRunnerWorker.java:84)
at org.testng.TestNG.runSuitesSequentially(TestNG.java:1208)
at org.testng.TestNG.runSuitesLocally(TestNG.java:1137)
at org.testng.TestNG.runSuites(TestNG.java:1049)
at org.testng.TestNG.run(TestNG.java:1017)
at org.testng.remote.AbstractRemoteTestNG.run(AbstractRemoteTestNG.java:115)
at org.testng.remote.RemoteTestNG.initAndRun(RemoteTestNG.java:251)
at org.testng.remote.RemoteTestNG.main(RemoteTestNG.java:77)
]]>
            </full-stacktrace>
          </exception> <!-- java.lang.AssertionError -->
          <reporter-output>
          </reporter-output>
        </test-method> <!-- criar -->
        <test-method is-config="true" signature="afterClass()[pri:0, instance:com.timp.test.MDR.TabelasComplementaresParaObrigaçoesAcessorias.TabelaServicos.TabelaServicosExcluirEmMassa@6ce86ce1]" started-at="2021-11-30T07:58:01Z" name="afterClass" finished-at="2021-11-30T07:58:06Z" duration-ms="4468" status="PASS">
          <reporter-output>
          </reporter-output>
        </test-method> <!-- afterClass -->
      </class> <!-- com.timp.test.MDR.TabelasComplementaresParaObrigaçoesAcessorias.TabelaServicos.TabelaServicosExcluirEmMassa -->
    </test> <!-- TabelaServicos -->
    <test started-at="2021-11-30T07:58:06Z" name="TipoDeTributoContaContabil" finished-at="2021-11-30T08:06:22Z" duration-ms="496105">
      <class name="com.timp.test.MDR.TipoDeTributoContaContabil.TipoDeTributoContaContabilEditar">
        <test-method is-config="true" signature="beforeClass()[pri:0, instance:com.timp.test.MDR.TipoDeTributoContaContabil.TipoDeTributoContaContabilEditar@38234a38]" started-at="2021-11-30T08:01:13Z" name="beforeClass" finished-at="2021-11-30T08:01:33Z" duration-ms="20286" status="PASS">
          <reporter-output>
          </reporter-output>
        </test-method> <!-- beforeClass -->
        <test-method signature="editar()[pri:0, instance:com.timp.test.MDR.TipoDeTributoContaContabil.TipoDeTributoContaContabilEditar@38234a38]" started-at="2021-11-30T08:01:33Z" name="editar" finished-at="2021-11-30T08:02:58Z" duration-ms="85588" status="FAIL">
          <exception class="org.openqa.selenium.NoSuchElementException">
            <message>
              <![CDATA[no such element: Unable to locate element: {"method":"xpath","selector":"//div[@data-id="1"]/div[1]/div"}
  (Session info: chrome=83.0.4103.61)
For documentation on this error, please visit: https://www.seleniumhq.org/exceptions/no_such_element.html
Build info: version: '3.141.59', revision: 'e82be7d358', time: '2018-11-14T08:17:03'
System info: host: 'DESKTOP-M23FVFN', ip: '192.168.0.106', os.name: 'Windows 10', os.arch: 'amd64', os.version: '10.0', java.version: '17.0.1'
Driver info: org.openqa.selenium.chrome.ChromeDriver
Capabilities {acceptInsecureCerts: false, browserName: chrome, browserVersion: 83.0.4103.61, chrome: {chromedriverVersion: 83.0.4103.39 (ccbf011cb2d2b..., userDataDir: C:\Users\Massiel\AppData\Lo...}, goog:chromeOptions: {debuggerAddress: localhost:59443}, javascriptEnabled: true, networkConnectionEnabled: false, pageLoadStrategy: normal, platform: WINDOWS, platformName: WINDOWS, proxy: Proxy(), setWindowRect: true, strictFileInteractability: false, timeouts: {implicit: 0, pageLoad: 300000, script: 30000}, unhandledPromptBehavior: dismiss and notify, webauthn:virtualAuthenticators: true}
Session ID: 347c3808a6b86095946d461a66ac4e1f
*** Element info: {Using=xpath, value=//div[@data-id="1"]/div[1]/div}]]>
            </message>
            <full-stacktrace>
              <![CDATA[org.openqa.selenium.NoSuchElementException: no such element: Unable to locate element: {"method":"xpath","selector":"//div[@data-id="1"]/div[1]/div"}
  (Session info: chrome=83.0.4103.61)
For documentation on this error, please visit: https://www.seleniumhq.org/exceptions/no_such_element.html
Build info: version: '3.141.59', revision: 'e82be7d358', time: '2018-11-14T08:17:03'
System info: host: 'DESKTOP-M23FVFN', ip: '192.168.0.106', os.name: 'Windows 10', os.arch: 'amd64', os.version: '10.0', java.version: '17.0.1'
Driver info: org.openqa.selenium.chrome.ChromeDriver
Capabilities {acceptInsecureCerts: false, browserName: chrome, browserVersion: 83.0.4103.61, chrome: {chromedriverVersion: 83.0.4103.39 (ccbf011cb2d2b..., userDataDir: C:\Users\Massiel\AppData\Lo...}, goog:chromeOptions: {debuggerAddress: localhost:59443}, javascriptEnabled: true, networkConnectionEnabled: false, pageLoadStrategy: normal, platform: WINDOWS, platformName: WINDOWS, proxy: Proxy(), setWindowRect: true, strictFileInteractability: false, timeouts: {implicit: 0, pageLoad: 300000, script: 30000}, unhandledPromptBehavior: dismiss and notify, webauthn:virtualAuthenticators: true}
Session ID: 347c3808a6b86095946d461a66ac4e1f
*** Element info: {Using=xpath, value=//div[@data-id="1"]/div[1]/div}
at jdk.internal.reflect.GeneratedConstructorAccessor19.newInstance(Unknown Source)
at java.base/jdk.internal.reflect.DelegatingConstructorAccessorImpl.newInstance(DelegatingConstructorAccessorImpl.java:45)
at java.base/java.lang.reflect.Constructor.newInstanceWithCaller(Constructor.java:499)
at java.base/java.lang.reflect.Constructor.newInstance(Constructor.java:480)
at org.openqa.selenium.remote.http.W3CHttpResponseCodec.createException(W3CHttpResponseCodec.java:187)
at org.openqa.selenium.remote.http.W3CHttpResponseCodec.decode(W3CHttpResponseCodec.java:122)
at org.openqa.selenium.remote.http.W3CHttpResponseCodec.decode(W3CHttpResponseCodec.java:49)
at org.openqa.selenium.remote.HttpCommandExecutor.execute(HttpCommandExecutor.java:158)
at org.openqa.selenium.remote.service.DriverCommandExecutor.execute(DriverCommandExecutor.java:83)
at org.openqa.selenium.remote.RemoteWebDriver.execute(RemoteWebDriver.java:552)
at org.openqa.selenium.remote.RemoteWebDriver.findElement(RemoteWebDriver.java:323)
at org.openqa.selenium.remote.RemoteWebDriver.findElementByXPath(RemoteWebDriver.java:428)
at org.openqa.selenium.By$ByXPath.findElement(By.java:353)
at org.openqa.selenium.remote.RemoteWebDriver.findElement(RemoteWebDriver.java:315)
at com.sap.timp.pageObjectModel.MDR.TipoDeTributoContaContabil.TipoDeTributoContaContabilEditarPO.editar(TipoDeTributoContaContabilEditarPO.java:67)
at com.timp.test.MDR.TipoDeTributoContaContabil.TipoDeTributoContaContabilEditar.editar(TipoDeTributoContaContabilEditar.java:42)
at java.base/jdk.internal.reflect.NativeMethodAccessorImpl.invoke0(Native Method)
at java.base/jdk.internal.reflect.NativeMethodAccessorImpl.invoke(NativeMethodAccessorImpl.java:77)
at java.base/jdk.internal.reflect.DelegatingMethodAccessorImpl.invoke(DelegatingMethodAccessorImpl.java:43)
at java.base/java.lang.reflect.Method.invoke(Method.java:568)
at org.testng.internal.MethodInvocationHelper.invokeMethod(MethodInvocationHelper.java:124)
at org.testng.internal.Invoker.invokeMethod(Invoker.java:583)
at org.testng.internal.Invoker.invokeTestMethod(Invoker.java:719)
at org.testng.internal.Invoker.invokeTestMethods(Invoker.java:989)
at org.testng.internal.TestMethodWorker.invokeTestMethods(TestMethodWorker.java:125)
at org.testng.internal.TestMethodWorker.run(TestMethodWorker.java:109)
at org.testng.TestRunner.privateRun(TestRunner.java:648)
at org.testng.TestRunner.run(TestRunner.java:505)
at org.testng.SuiteRunner.runTest(SuiteRunner.java:455)
at org.testng.SuiteRunner.runSequentially(SuiteRunner.java:450)
at org.testng.SuiteRunner.privateRun(SuiteRunner.java:415)
at org.testng.SuiteRunner.run(SuiteRunner.java:364)
at org.testng.SuiteRunnerWorker.runSuite(SuiteRunnerWorker.java:52)
at org.testng.SuiteRunnerWorker.run(SuiteRunnerWorker.java:84)
at org.testng.TestNG.runSuitesSequentially(TestNG.java:1208)
at org.testng.TestNG.runSuitesLocally(TestNG.java:1137)
at org.testng.TestNG.runSuites(TestNG.java:1049)
at org.testng.TestNG.run(TestNG.java:1017)
at org.testng.remote.AbstractRemoteTestNG.run(AbstractRemoteTestNG.java:115)
at org.testng.remote.RemoteTestNG.initAndRun(RemoteTestNG.java:251)
at org.testng.remote.RemoteTestNG.main(RemoteTestNG.java:77)
]]>
            </full-stacktrace>
          </exception> <!-- org.openqa.selenium.NoSuchElementException -->
          <reporter-output>
          </reporter-output>
        </test-method> <!-- editar -->
        <test-method is-config="true" signature="afterClass()[pri:0, instance:com.timp.test.MDR.TipoDeTributoContaContabil.TipoDeTributoContaContabilEditar@38234a38]" started-at="2021-11-30T08:02:58Z" name="afterClass" finished-at="2021-11-30T08:03:03Z" duration-ms="4407" status="PASS">
          <reporter-output>
          </reporter-output>
        </test-method> <!-- afterClass -->
      </class> <!-- com.timp.test.MDR.TipoDeTributoContaContabil.TipoDeTributoContaContabilEditar -->
      <class name="com.timp.test.MDR.TipoDeTributoContaContabil.TipoDeTributoContaContabiExcluirMassa">
        <test-method is-config="true" signature="beforeClass()[pri:0, instance:com.timp.test.MDR.TipoDeTributoContaContabil.TipoDeTributoContaContabiExcluirMassa@602e0143]" started-at="2021-11-30T08:04:16Z" name="beforeClass" finished-at="2021-11-30T08:04:41Z" duration-ms="25756" status="PASS">
          <reporter-output>
          </reporter-output>
        </test-method> <!-- beforeClass -->
        <test-method signature="criar()[pri:0, instance:com.timp.test.MDR.TipoDeTributoContaContabil.TipoDeTributoContaContabiExcluirMassa@602e0143]" started-at="2021-11-30T08:04:41Z" name="criar" finished-at="2021-11-30T08:06:22Z" duration-ms="100621" status="FAIL">
          <exception class="org.openqa.selenium.NoSuchElementException">
            <message>
              <![CDATA[no such element: Unable to locate element: {"method":"xpath","selector":"//input[@placeholder="Preencher Data de Inicio de Vigência"]"}
  (Session info: chrome=83.0.4103.61)
For documentation on this error, please visit: https://www.seleniumhq.org/exceptions/no_such_element.html
Build info: version: '3.141.59', revision: 'e82be7d358', time: '2018-11-14T08:17:03'
System info: host: 'DESKTOP-M23FVFN', ip: '192.168.0.106', os.name: 'Windows 10', os.arch: 'amd64', os.version: '10.0', java.version: '17.0.1'
Driver info: org.openqa.selenium.chrome.ChromeDriver
Capabilities {acceptInsecureCerts: false, browserName: chrome, browserVersion: 83.0.4103.61, chrome: {chromedriverVersion: 83.0.4103.39 (ccbf011cb2d2b..., userDataDir: C:\Users\Massiel\AppData\Lo...}, goog:chromeOptions: {debuggerAddress: localhost:59585}, javascriptEnabled: true, networkConnectionEnabled: false, pageLoadStrategy: normal, platform: WINDOWS, platformName: WINDOWS, proxy: Proxy(), setWindowRect: true, strictFileInteractability: false, timeouts: {implicit: 0, pageLoad: 300000, script: 30000}, unhandledPromptBehavior: dismiss and notify, webauthn:virtualAuthenticators: true}
Session ID: 853fb8fc6e340ea717f8e122d48cbb7a
*** Element info: {Using=xpath, value=//input[@placeholder="Preencher Data de Inicio de Vigência"]}]]>
            </message>
            <full-stacktrace>
              <![CDATA[org.openqa.selenium.NoSuchElementException: no such element: Unable to locate element: {"method":"xpath","selector":"//input[@placeholder="Preencher Data de Inicio de Vigência"]"}
  (Session info: chrome=83.0.4103.61)
For documentation on this error, please visit: https://www.seleniumhq.org/exceptions/no_such_element.html
Build info: version: '3.141.59', revision: 'e82be7d358', time: '2018-11-14T08:17:03'
System info: host: 'DESKTOP-M23FVFN', ip: '192.168.0.106', os.name: 'Windows 10', os.arch: 'amd64', os.version: '10.0', java.version: '17.0.1'
Driver info: org.openqa.selenium.chrome.ChromeDriver
Capabilities {acceptInsecureCerts: false, browserName: chrome, browserVersion: 83.0.4103.61, chrome: {chromedriverVersion: 83.0.4103.39 (ccbf011cb2d2b..., userDataDir: C:\Users\Massiel\AppData\Lo...}, goog:chromeOptions: {debuggerAddress: localhost:59585}, javascriptEnabled: true, networkConnectionEnabled: false, pageLoadStrategy: normal, platform: WINDOWS, platformName: WINDOWS, proxy: Proxy(), setWindowRect: true, strictFileInteractability: false, timeouts: {implicit: 0, pageLoad: 300000, script: 30000}, unhandledPromptBehavior: dismiss and notify, webauthn:virtualAuthenticators: true}
Session ID: 853fb8fc6e340ea717f8e122d48cbb7a
*** Element info: {Using=xpath, value=//input[@placeholder="Preencher Data de Inicio de Vigência"]}
at jdk.internal.reflect.GeneratedConstructorAccessor19.newInstance(Unknown Source)
at java.base/jdk.internal.reflect.DelegatingConstructorAccessorImpl.newInstance(DelegatingConstructorAccessorImpl.java:45)
at java.base/java.lang.reflect.Constructor.newInstanceWithCaller(Constructor.java:499)
at java.base/java.lang.reflect.Constructor.newInstance(Constructor.java:480)
at org.openqa.selenium.remote.http.W3CHttpResponseCodec.createException(W3CHttpResponseCodec.java:187)
at org.openqa.selenium.remote.http.W3CHttpResponseCodec.decode(W3CHttpResponseCodec.java:122)
at org.openqa.selenium.remote.http.W3CHttpResponseCodec.decode(W3CHttpResponseCodec.java:49)
at org.openqa.selenium.remote.HttpCommandExecutor.execute(HttpCommandExecutor.java:158)
at org.openqa.selenium.remote.service.DriverCommandExecutor.execute(DriverCommandExecutor.java:83)
at org.openqa.selenium.remote.RemoteWebDriver.execute(RemoteWebDriver.java:552)
at org.openqa.selenium.remote.RemoteWebDriver.findElement(RemoteWebDriver.java:323)
at org.openqa.selenium.remote.RemoteWebDriver.findElementByXPath(RemoteWebDriver.java:428)
at org.openqa.selenium.By$ByXPath.findElement(By.java:353)
at org.openqa.selenium.remote.RemoteWebDriver.findElement(RemoteWebDriver.java:315)
at org.openqa.selenium.support.pagefactory.DefaultElementLocator.findElement(DefaultElementLocator.java:69)
at org.openqa.selenium.support.pagefactory.internal.LocatingElementHandler.invoke(LocatingElementHandler.java:38)
at jdk.proxy2/jdk.proxy2.$Proxy12.sendKeys(Unknown Source)
at com.sap.timp.pageObjectModel.MDR.TipoDeTributoContaContabil.TipoDeTributoContaContabiExcluirMassaPO.criar(TipoDeTributoContaContabiExcluirMassaPO.java:119)
at com.timp.test.MDR.TipoDeTributoContaContabil.TipoDeTributoContaContabiExcluirMassa.criar(TipoDeTributoContaContabiExcluirMassa.java:44)
at java.base/jdk.internal.reflect.NativeMethodAccessorImpl.invoke0(Native Method)
at java.base/jdk.internal.reflect.NativeMethodAccessorImpl.invoke(NativeMethodAccessorImpl.java:77)
at java.base/jdk.internal.reflect.DelegatingMethodAccessorImpl.invoke(DelegatingMethodAccessorImpl.java:43)
at java.base/java.lang.reflect.Method.invoke(Method.java:568)
at org.testng.internal.MethodInvocationHelper.invokeMethod(MethodInvocationHelper.java:124)
at org.testng.internal.Invoker.invokeMethod(Invoker.java:583)
at org.testng.internal.Invoker.invokeTestMethod(Invoker.java:719)
at org.testng.internal.Invoker.invokeTestMethods(Invoker.java:989)
at org.testng.internal.TestMethodWorker.invokeTestMethods(TestMethodWorker.java:125)
at org.testng.internal.TestMethodWorker.run(TestMethodWorker.java:109)
at org.testng.TestRunner.privateRun(TestRunner.java:648)
at org.testng.TestRunner.run(TestRunner.java:505)
at org.testng.SuiteRunner.runTest(SuiteRunner.java:455)
at org.testng.SuiteRunner.runSequentially(SuiteRunner.java:450)
at org.testng.SuiteRunner.privateRun(SuiteRunner.java:415)
at org.testng.SuiteRunner.run(SuiteRunner.java:364)
at org.testng.SuiteRunnerWorker.runSuite(SuiteRunnerWorker.java:52)
at org.testng.SuiteRunnerWorker.run(SuiteRunnerWorker.java:84)
at org.testng.TestNG.runSuitesSequentially(TestNG.java:1208)
at org.testng.TestNG.runSuitesLocally(TestNG.java:1137)
at org.testng.TestNG.runSuites(TestNG.java:1049)
at org.testng.TestNG.run(TestNG.java:1017)
at org.testng.remote.AbstractRemoteTestNG.run(AbstractRemoteTestNG.java:115)
at org.testng.remote.RemoteTestNG.initAndRun(RemoteTestNG.java:251)
at org.testng.remote.RemoteTestNG.main(RemoteTestNG.java:77)
]]>
            </full-stacktrace>
          </exception> <!-- org.openqa.selenium.NoSuchElementException -->
          <reporter-output>
          </reporter-output>
        </test-method> <!-- criar -->
        <test-method signature="excluir()[pri:0, instance:com.timp.test.MDR.TipoDeTributoContaContabil.TipoDeTributoContaContabiExcluirMassa@602e0143]" started-at="2021-11-30T08:06:22Z" name="excluir" finished-at="2021-11-30T08:06:22Z" depends-on-methods="com.timp.test.MDR.TipoDeTributoContaContabil.TipoDeTributoContaContabiExcluirMassa.criar" duration-ms="0" status="SKIP">
          <exception class="java.lang.Throwable">
            <message>
              <![CDATA[Method TipoDeTributoContaContabiExcluirMassa.excluir()[pri:0, instance:com.timp.test.MDR.TipoDeTributoContaContabil.TipoDeTributoContaContabiExcluirMassa@602e0143] depends on not successfully finished methods]]>
            </message>
            <full-stacktrace>
              <![CDATA[java.lang.Throwable: Method TipoDeTributoContaContabiExcluirMassa.excluir()[pri:0, instance:com.timp.test.MDR.TipoDeTributoContaContabil.TipoDeTributoContaContabiExcluirMassa@602e0143] depends on not successfully finished methods
at org.testng.internal.Invoker.invokeTestMethods(Invoker.java:888)
at org.testng.internal.TestMethodWorker.invokeTestMethods(TestMethodWorker.java:125)
at org.testng.internal.TestMethodWorker.run(TestMethodWorker.java:109)
at org.testng.TestRunner.privateRun(TestRunner.java:648)
at org.testng.TestRunner.run(TestRunner.java:505)
at org.testng.SuiteRunner.runTest(SuiteRunner.java:455)
at org.testng.SuiteRunner.runSequentially(SuiteRunner.java:450)
at org.testng.SuiteRunner.privateRun(SuiteRunner.java:415)
at org.testng.SuiteRunner.run(SuiteRunner.java:364)
at org.testng.SuiteRunnerWorker.runSuite(SuiteRunnerWorker.java:52)
at org.testng.SuiteRunnerWorker.run(SuiteRunnerWorker.java:84)
at org.testng.TestNG.runSuitesSequentially(TestNG.java:1208)
at org.testng.TestNG.runSuitesLocally(TestNG.java:1137)
at org.testng.TestNG.runSuites(TestNG.java:1049)
at org.testng.TestNG.run(TestNG.java:1017)
at org.testng.remote.AbstractRemoteTestNG.run(AbstractRemoteTestNG.java:115)
at org.testng.remote.RemoteTestNG.initAndRun(RemoteTestNG.java:251)
at org.testng.remote.RemoteTestNG.main(RemoteTestNG.java:77)
]]>
            </full-stacktrace>
          </exception> <!-- java.lang.Throwable -->
          <reporter-output>
          </reporter-output>
        </test-method> <!-- excluir -->
        <test-method is-config="true" signature="afterClass()[pri:0, instance:com.timp.test.MDR.TipoDeTributoContaContabil.TipoDeTributoContaContabiExcluirMassa@602e0143]" started-at="2021-11-30T08:06:22Z" name="afterClass" finished-at="2021-11-30T08:06:22Z" duration-ms="1" status="PASS">
          <reporter-output>
          </reporter-output>
        </test-method> <!-- afterClass -->
      </class> <!-- com.timp.test.MDR.TipoDeTributoContaContabil.TipoDeTributoContaContabiExcluirMassa -->
      <class name="com.timp.test.MDR.TipoDeTributoContaContabil.TipoDeTributoContaContabilCriar">
        <test-method is-config="true" signature="beforeClass()[pri:0, instance:com.timp.test.MDR.TipoDeTributoContaContabil.TipoDeTributoContaContabilCriar@484094a5]" started-at="2021-11-30T07:58:06Z" name="beforeClass" finished-at="2021-11-30T07:58:32Z" duration-ms="25940" status="PASS">
          <reporter-output>
          </reporter-output>
        </test-method> <!-- beforeClass -->
        <test-method signature="criar()[pri:0, instance:com.timp.test.MDR.TipoDeTributoContaContabil.TipoDeTributoContaContabilCriar@484094a5]" started-at="2021-11-30T07:58:32Z" name="criar" finished-at="2021-11-30T08:01:13Z" duration-ms="160838" status="FAIL">
          <exception class="org.openqa.selenium.NoSuchElementException">
            <message>
              <![CDATA[no such element: Unable to locate element: {"method":"xpath","selector":"//input[@placeholder="Preencher Data de Inicio de Vigência"]"}
  (Session info: chrome=83.0.4103.61)
For documentation on this error, please visit: https://www.seleniumhq.org/exceptions/no_such_element.html
Build info: version: '3.141.59', revision: 'e82be7d358', time: '2018-11-14T08:17:03'
System info: host: 'DESKTOP-M23FVFN', ip: '192.168.0.106', os.name: 'Windows 10', os.arch: 'amd64', os.version: '10.0', java.version: '17.0.1'
Driver info: org.openqa.selenium.chrome.ChromeDriver
Capabilities {acceptInsecureCerts: false, browserName: chrome, browserVersion: 83.0.4103.61, chrome: {chromedriverVersion: 83.0.4103.39 (ccbf011cb2d2b..., userDataDir: C:\Users\Massiel\AppData\Lo...}, goog:chromeOptions: {debuggerAddress: localhost:59300}, javascriptEnabled: true, networkConnectionEnabled: false, pageLoadStrategy: normal, platform: WINDOWS, platformName: WINDOWS, proxy: Proxy(), setWindowRect: true, strictFileInteractability: false, timeouts: {implicit: 0, pageLoad: 300000, script: 30000}, unhandledPromptBehavior: dismiss and notify, webauthn:virtualAuthenticators: true}
Session ID: ba1a3d105fcd38ee04270808426f737f
*** Element info: {Using=xpath, value=//input[@placeholder="Preencher Data de Inicio de Vigência"]}]]>
            </message>
            <full-stacktrace>
              <![CDATA[org.openqa.selenium.NoSuchElementException: no such element: Unable to locate element: {"method":"xpath","selector":"//input[@placeholder="Preencher Data de Inicio de Vigência"]"}
  (Session info: chrome=83.0.4103.61)
For documentation on this error, please visit: https://www.seleniumhq.org/exceptions/no_such_element.html
Build info: version: '3.141.59', revision: 'e82be7d358', time: '2018-11-14T08:17:03'
System info: host: 'DESKTOP-M23FVFN', ip: '192.168.0.106', os.name: 'Windows 10', os.arch: 'amd64', os.version: '10.0', java.version: '17.0.1'
Driver info: org.openqa.selenium.chrome.ChromeDriver
Capabilities {acceptInsecureCerts: false, browserName: chrome, browserVersion: 83.0.4103.61, chrome: {chromedriverVersion: 83.0.4103.39 (ccbf011cb2d2b..., userDataDir: C:\Users\Massiel\AppData\Lo...}, goog:chromeOptions: {debuggerAddress: localhost:59300}, javascriptEnabled: true, networkConnectionEnabled: false, pageLoadStrategy: normal, platform: WINDOWS, platformName: WINDOWS, proxy: Proxy(), setWindowRect: true, strictFileInteractability: false, timeouts: {implicit: 0, pageLoad: 300000, script: 30000}, unhandledPromptBehavior: dismiss and notify, webauthn:virtualAuthenticators: true}
Session ID: ba1a3d105fcd38ee04270808426f737f
*** Element info: {Using=xpath, value=//input[@placeholder="Preencher Data de Inicio de Vigência"]}
at jdk.internal.reflect.GeneratedConstructorAccessor19.newInstance(Unknown Source)
at java.base/jdk.internal.reflect.DelegatingConstructorAccessorImpl.newInstance(DelegatingConstructorAccessorImpl.java:45)
at java.base/java.lang.reflect.Constructor.newInstanceWithCaller(Constructor.java:499)
at java.base/java.lang.reflect.Constructor.newInstance(Constructor.java:480)
at org.openqa.selenium.remote.http.W3CHttpResponseCodec.createException(W3CHttpResponseCodec.java:187)
at org.openqa.selenium.remote.http.W3CHttpResponseCodec.decode(W3CHttpResponseCodec.java:122)
at org.openqa.selenium.remote.http.W3CHttpResponseCodec.decode(W3CHttpResponseCodec.java:49)
at org.openqa.selenium.remote.HttpCommandExecutor.execute(HttpCommandExecutor.java:158)
at org.openqa.selenium.remote.service.DriverCommandExecutor.execute(DriverCommandExecutor.java:83)
at org.openqa.selenium.remote.RemoteWebDriver.execute(RemoteWebDriver.java:552)
at org.openqa.selenium.remote.RemoteWebDriver.findElement(RemoteWebDriver.java:323)
at org.openqa.selenium.remote.RemoteWebDriver.findElementByXPath(RemoteWebDriver.java:428)
at org.openqa.selenium.By$ByXPath.findElement(By.java:353)
at org.openqa.selenium.remote.RemoteWebDriver.findElement(RemoteWebDriver.java:315)
at org.openqa.selenium.support.pagefactory.DefaultElementLocator.findElement(DefaultElementLocator.java:69)
at org.openqa.selenium.support.pagefactory.internal.LocatingElementHandler.invoke(LocatingElementHandler.java:38)
at jdk.proxy2/jdk.proxy2.$Proxy12.sendKeys(Unknown Source)
at com.sap.timp.pageObjectModel.MDR.TipoDeTributoContaContabil.TipoDeTributoContaContabilCriarPO.criar(TipoDeTributoContaContabilCriarPO.java:113)
at com.timp.test.MDR.TipoDeTributoContaContabil.TipoDeTributoContaContabilCriar.criar(TipoDeTributoContaContabilCriar.java:39)
at java.base/jdk.internal.reflect.NativeMethodAccessorImpl.invoke0(Native Method)
at java.base/jdk.internal.reflect.NativeMethodAccessorImpl.invoke(NativeMethodAccessorImpl.java:77)
at java.base/jdk.internal.reflect.DelegatingMethodAccessorImpl.invoke(DelegatingMethodAccessorImpl.java:43)
at java.base/java.lang.reflect.Method.invoke(Method.java:568)
at org.testng.internal.MethodInvocationHelper.invokeMethod(MethodInvocationHelper.java:124)
at org.testng.internal.Invoker.invokeMethod(Invoker.java:583)
at org.testng.internal.Invoker.invokeTestMethod(Invoker.java:719)
at org.testng.internal.Invoker.invokeTestMethods(Invoker.java:989)
at org.testng.internal.TestMethodWorker.invokeTestMethods(TestMethodWorker.java:125)
at org.testng.internal.TestMethodWorker.run(TestMethodWorker.java:109)
at org.testng.TestRunner.privateRun(TestRunner.java:648)
at org.testng.TestRunner.run(TestRunner.java:505)
at org.testng.SuiteRunner.runTest(SuiteRunner.java:455)
at org.testng.SuiteRunner.runSequentially(SuiteRunner.java:450)
at org.testng.SuiteRunner.privateRun(SuiteRunner.java:415)
at org.testng.SuiteRunner.run(SuiteRunner.java:364)
at org.testng.SuiteRunnerWorker.runSuite(SuiteRunnerWorker.java:52)
at org.testng.SuiteRunnerWorker.run(SuiteRunnerWorker.java:84)
at org.testng.TestNG.runSuitesSequentially(TestNG.java:1208)
at org.testng.TestNG.runSuitesLocally(TestNG.java:1137)
at org.testng.TestNG.runSuites(TestNG.java:1049)
at org.testng.TestNG.run(TestNG.java:1017)
at org.testng.remote.AbstractRemoteTestNG.run(AbstractRemoteTestNG.java:115)
at org.testng.remote.RemoteTestNG.initAndRun(RemoteTestNG.java:251)
at org.testng.remote.RemoteTestNG.main(RemoteTestNG.java:77)
]]>
            </full-stacktrace>
          </exception> <!-- org.openqa.selenium.NoSuchElementException -->
          <reporter-output>
          </reporter-output>
        </test-method> <!-- criar -->
        <test-method is-config="true" signature="afterClass()[pri:0, instance:com.timp.test.MDR.TipoDeTributoContaContabil.TipoDeTributoContaContabilCriar@484094a5]" started-at="2021-11-30T08:01:13Z" name="afterClass" finished-at="2021-11-30T08:01:13Z" duration-ms="0" status="PASS">
          <reporter-output>
          </reporter-output>
        </test-method> <!-- afterClass -->
      </class> <!-- com.timp.test.MDR.TipoDeTributoContaContabil.TipoDeTributoContaContabilCriar -->
      <class name="com.timp.test.MDR.TipoDeTributoContaContabil.TipoDeTributoContaContabilExcluir">
        <test-method is-config="true" signature="beforeClass()[pri:0, instance:com.timp.test.MDR.TipoDeTributoContaContabil.TipoDeTributoContaContabilExcluir@63fbfaeb]" started-at="2021-11-30T08:03:03Z" name="beforeClass" finished-at="2021-11-30T08:03:17Z" duration-ms="14283" status="PASS">
          <reporter-output>
          </reporter-output>
        </test-method> <!-- beforeClass -->
        <test-method signature="excluir()[pri:0, instance:com.timp.test.MDR.TipoDeTributoContaContabil.TipoDeTributoContaContabilExcluir@63fbfaeb]" started-at="2021-11-30T08:03:17Z" name="excluir" finished-at="2021-11-30T08:04:11Z" duration-ms="53973" status="FAIL">
          <exception class="org.openqa.selenium.NoSuchElementException">
            <message>
              <![CDATA[no such element: Unable to locate element: {"method":"xpath","selector":"//div[@data-id="1"]/div[1]/div"}
  (Session info: chrome=83.0.4103.61)
For documentation on this error, please visit: https://www.seleniumhq.org/exceptions/no_such_element.html
Build info: version: '3.141.59', revision: 'e82be7d358', time: '2018-11-14T08:17:03'
System info: host: 'DESKTOP-M23FVFN', ip: '192.168.0.106', os.name: 'Windows 10', os.arch: 'amd64', os.version: '10.0', java.version: '17.0.1'
Driver info: org.openqa.selenium.chrome.ChromeDriver
Capabilities {acceptInsecureCerts: false, browserName: chrome, browserVersion: 83.0.4103.61, chrome: {chromedriverVersion: 83.0.4103.39 (ccbf011cb2d2b..., userDataDir: C:\Users\Massiel\AppData\Lo...}, goog:chromeOptions: {debuggerAddress: localhost:59489}, javascriptEnabled: true, networkConnectionEnabled: false, pageLoadStrategy: normal, platform: WINDOWS, platformName: WINDOWS, proxy: Proxy(), setWindowRect: true, strictFileInteractability: false, timeouts: {implicit: 0, pageLoad: 300000, script: 30000}, unhandledPromptBehavior: dismiss and notify, webauthn:virtualAuthenticators: true}
Session ID: 1f0a5e58b917b4556b96098b9e078b4b
*** Element info: {Using=xpath, value=//div[@data-id="1"]/div[1]/div}]]>
            </message>
            <full-stacktrace>
              <![CDATA[org.openqa.selenium.NoSuchElementException: no such element: Unable to locate element: {"method":"xpath","selector":"//div[@data-id="1"]/div[1]/div"}
  (Session info: chrome=83.0.4103.61)
For documentation on this error, please visit: https://www.seleniumhq.org/exceptions/no_such_element.html
Build info: version: '3.141.59', revision: 'e82be7d358', time: '2018-11-14T08:17:03'
System info: host: 'DESKTOP-M23FVFN', ip: '192.168.0.106', os.name: 'Windows 10', os.arch: 'amd64', os.version: '10.0', java.version: '17.0.1'
Driver info: org.openqa.selenium.chrome.ChromeDriver
Capabilities {acceptInsecureCerts: false, browserName: chrome, browserVersion: 83.0.4103.61, chrome: {chromedriverVersion: 83.0.4103.39 (ccbf011cb2d2b..., userDataDir: C:\Users\Massiel\AppData\Lo...}, goog:chromeOptions: {debuggerAddress: localhost:59489}, javascriptEnabled: true, networkConnectionEnabled: false, pageLoadStrategy: normal, platform: WINDOWS, platformName: WINDOWS, proxy: Proxy(), setWindowRect: true, strictFileInteractability: false, timeouts: {implicit: 0, pageLoad: 300000, script: 30000}, unhandledPromptBehavior: dismiss and notify, webauthn:virtualAuthenticators: true}
Session ID: 1f0a5e58b917b4556b96098b9e078b4b
[...]
        <test-method is-config="true" signature="beforeClass()[pri:0, instance:com.timp.test.MDR.PrecoDeTransferencia.ModeloDeApuracaoTP.ModeloDeApuracaoTPExcluir@2766ca9d]" started-at="2021-11-30T08:43:12Z" name="beforeClass" finished-at="2021-11-30T08:44:02Z" duration-ms="49603" status="PASS">
          <reporter-output>
          </reporter-output>
        </test-method> <!-- beforeClass -->
        <test-method signature="excluir()[pri:0, instance:com.timp.test.MDR.PrecoDeTransferencia.ModeloDeApuracaoTP.ModeloDeApuracaoTPExcluir@2766ca9d]" started-at="2021-11-30T08:44:02Z" name="excluir" finished-at="2021-11-30T08:46:38Z" duration-ms="156326" status="PASS">
          <reporter-output>
          </reporter-output>
        </test-method> <!-- excluir -->
        <test-method is-config="true" signature="afterClass()[pri:0, instance:com.timp.test.MDR.PrecoDeTransferencia.ModeloDeApuracaoTP.ModeloDeApuracaoTPExcluir@2766ca9d]" started-at="2021-11-30T08:46:38Z" name="afterClass" finished-at="2021-11-30T08:46:43Z" duration-ms="4379" status="PASS">
          <reporter-output>
          </reporter-output>
        </test-method> <!-- afterClass -->
      </class> <!-- com.timp.test.MDR.PrecoDeTransferencia.ModeloDeApuracaoTP.ModeloDeApuracaoTPExcluir -->
    </test> <!-- ModeloDeApuracaoTP -->
    <test started-at="2021-11-30T08:49:52Z" name="ParametrosModeloDeApuracaoTP" finished-at="2021-11-30T10:05:52Z" duration-ms="4560105">
      <class name="com.timp.test.MDR.PrecoDeTransferencia.ParametrosModeloDeApuracaoTP.ParametrosModeloDeApuracaoTPEditar">
        <test-method is-config="true" signature="beforeClass()[pri:0, instance:com.timp.test.MDR.PrecoDeTransferencia.ParametrosModeloDeApuracaoTP.ParametrosModeloDeApuracaoTPEditar@73194df]" started-at="2021-11-30T08:52:28Z" name="beforeClass" finished-at="2021-11-30T08:52:47Z" duration-ms="18214" status="PASS">
          <reporter-output>
          </reporter-output>
        </test-method> <!-- beforeClass -->
        <test-method signature="editar()[pri:0, instance:com.timp.test.MDR.PrecoDeTransferencia.ParametrosModeloDeApuracaoTP.ParametrosModeloDeApuracaoTPEditar@73194df]" started-at="2021-11-30T08:52:47Z" name="editar" finished-at="2021-11-30T09:54:42Z" duration-ms="3714997" status="FAIL">
          <exception class="org.openqa.selenium.TimeoutException">
            <message>
              <![CDATA[Expected condition failed: waiting for element to be clickable: Proxy element for: DefaultElementLocator 'By.xpath: //button[text()="Sim"]' (tried for 3600 second(s) with 500 milliseconds interval)]]>
            </message>
            <full-stacktrace>
              <![CDATA[org.openqa.selenium.TimeoutException: Expected condition failed: waiting for element to be clickable: Proxy element for: DefaultElementLocator 'By.xpath: //button[text()="Sim"]' (tried for 3600 second(s) with 500 milliseconds interval)
at org.openqa.selenium.support.ui.WebDriverWait.timeoutException(WebDriverWait.java:95)
at org.openqa.selenium.support.ui.FluentWait.until(FluentWait.java:272)
at com.sap.timp.base.TestBaseSteven.waitExpectElement(TestBaseSteven.java:282)
at com.sap.timp.pageObjectModel.MDR.PrecoDeTransferencia.ParametrosModeloDeApuracaoTP.ParametrosModeloDeApuracaoTPEditarPO.editar(ParametrosModeloDeApuracaoTPEditarPO.java:121)
at com.timp.test.MDR.PrecoDeTransferencia.ParametrosModeloDeApuracaoTP.ParametrosModeloDeApuracaoTPEditar.editar(ParametrosModeloDeApuracaoTPEditar.java:39)
at java.base/jdk.internal.reflect.NativeMethodAccessorImpl.invoke0(Native Method)
at java.base/jdk.internal.reflect.NativeMethodAccessorImpl.invoke(NativeMethodAccessorImpl.java:77)
at java.base/jdk.internal.reflect.DelegatingMethodAccessorImpl.invoke(DelegatingMethodAccessorImpl.java:43)
at java.base/java.lang.reflect.Method.invoke(Method.java:568)
at org.testng.internal.MethodInvocationHelper.invokeMethod(MethodInvocationHelper.java:124)
at org.testng.internal.Invoker.invokeMethod(Invoker.java:583)
at org.testng.internal.Invoker.invokeTestMethod(Invoker.java:719)
at org.testng.internal.Invoker.invokeTestMethods(Invoker.java:989)
at org.testng.internal.TestMethodWorker.invokeTestMethods(TestMethodWorker.java:125)
at org.testng.internal.TestMethodWorker.run(TestMethodWorker.java:109)
at org.testng.TestRunner.privateRun(TestRunner.java:648)
at org.testng.TestRunner.run(TestRunner.java:505)
at org.testng.SuiteRunner.runTest(SuiteRunner.java:455)
at org.testng.SuiteRunner.runSequentially(SuiteRunner.java:450)
at org.testng.SuiteRunner.privateRun(SuiteRunner.java:415)
at org.testng.SuiteRunner.run(SuiteRunner.java:364)
at org.testng.SuiteRunnerWorker.runSuite(SuiteRunnerWorker.java:52)
at org.testng.SuiteRunnerWorker.run(SuiteRunnerWorker.java:84)
at org.testng.TestNG.runSuitesSequentially(TestNG.java:1208)
at org.testng.TestNG.runSuitesLocally(TestNG.java:1137)
at org.testng.TestNG.runSuites(TestNG.java:1049)
at org.testng.TestNG.run(TestNG.java:1017)
at org.testng.remote.AbstractRemoteTestNG.run(AbstractRemoteTestNG.java:115)
at org.testng.remote.RemoteTestNG.initAndRun(RemoteTestNG.java:251)
at org.testng.remote.RemoteTestNG.main(RemoteTestNG.java:77)
Caused by: org.openqa.selenium.NoSuchElementException: no such element: Unable to locate element: {"method":"xpath","selector":"//button[text()="Sim"]"}
  (Session info: chrome=83.0.4103.61)
For documentation on this error, please visit: https://www.seleniumhq.org/exceptions/no_such_element.html
Build info: version: '3.141.59', revision: 'e82be7d358', time: '2018-11-14T08:17:03'
System info: host: 'DESKTOP-M23FVFN', ip: '192.168.0.106', os.name: 'Windows 10', os.arch: 'amd64', os.version: '10.0', java.version: '17.0.1'
Driver info: org.openqa.selenium.chrome.ChromeDriver
Capabilities {acceptInsecureCerts: false, browserName: chrome, browserVersion: 83.0.4103.61, chrome: {chromedriverVersion: 83.0.4103.39 (ccbf011cb2d2b..., userDataDir: C:\Users\Massiel\AppData\Lo...}, goog:chromeOptions: {debuggerAddress: localhost:61071}, javascriptEnabled: true, networkConnectionEnabled: false, pageLoadStrategy: normal, platform: WINDOWS, platformName: WINDOWS, proxy: Proxy(), setWindowRect: true, strictFileInteractability: false, timeouts: {implicit: 0, pageLoad: 300000, script: 30000}, unhandledPromptBehavior: dismiss and notify, webauthn:virtualAuthenticators: true}
Session ID: e711d56f1fac324b663693ea096a10f9
*** Element info: {Using=xpath, value=//button[text()="Sim"]}
at jdk.internal.reflect.GeneratedConstructorAccessor19.newInstance(Unknown Source)
at java.base/jdk.internal.reflect.DelegatingConstructorAccessorImpl.newInstance(DelegatingConstructorAccessorImpl.java:45)
at java.base/java.lang.reflect.Constructor.newInstanceWithCaller(Constructor.java:499)
at java.base/java.lang.reflect.Constructor.newInstance(Constructor.java:480)
at org.openqa.selenium.remote.http.W3CHttpResponseCodec.createException(W3CHttpResponseCodec.java:187)
at org.openqa.selenium.remote.http.W3CHttpResponseCodec.decode(W3CHttpResponseCodec.java:122)
at org.openqa.selenium.remote.http.W3CHttpResponseCodec.decode(W3CHttpResponseCodec.java:49)
at org.openqa.selenium.remote.HttpCommandExecutor.execute(HttpCommandExecutor.java:158)
at org.openqa.selenium.remote.service.DriverCommandExecutor.execute(DriverCommandExecutor.java:83)
at org.openqa.selenium.remote.RemoteWebDriver.execute(RemoteWebDriver.java:552)
at org.openqa.selenium.remote.RemoteWebDriver.findElement(RemoteWebDriver.java:323)
at org.openqa.selenium.remote.RemoteWebDriver.findElementByXPath(RemoteWebDriver.java:428)
at org.openqa.selenium.By$ByXPath.findElement(By.java:353)
at org.openqa.selenium.remote.RemoteWebDriver.findElement(RemoteWebDriver.java:315)
at org.openqa.selenium.support.pagefactory.DefaultElementLocator.findElement(DefaultElementLocator.java:69)
at org.openqa.selenium.support.pagefactory.internal.LocatingElementHandler.invoke(LocatingElementHandler.java:38)
at jdk.proxy2/jdk.proxy2.$Proxy12.isDisplayed(Unknown Source)
at org.openqa.selenium.support.ui.ExpectedConditions.elementIfVisible(ExpectedConditions.java:314)
at org.openqa.selenium.support.ui.ExpectedConditions.access$000(ExpectedConditions.java:43)
at org.openqa.selenium.support.ui.ExpectedConditions$10.apply(ExpectedConditions.java:300)
at org.openqa.selenium.support.ui.ExpectedConditions$10.apply(ExpectedConditions.java:297)
at org.openqa.selenium.support.ui.ExpectedConditions$23.apply(ExpectedConditions.java:670)
at org.openqa.selenium.support.ui.ExpectedConditions$23.apply(ExpectedConditions.java:666)
at org.openqa.selenium.support.ui.FluentWait.until(FluentWait.java:249)
... 28 more
]]>
            </full-stacktrace>
          </exception> <!-- org.openqa.selenium.TimeoutException -->
          <reporter-output>
          </reporter-output>
        </test-method> <!-- editar -->
        <test-method is-config="true" signature="afterClass()[pri:0, instance:com.timp.test.MDR.PrecoDeTransferencia.ParametrosModeloDeApuracaoTP.ParametrosModeloDeApuracaoTPEditar@73194df]" started-at="2021-11-30T09:54:42Z" name="afterClass" finished-at="2021-11-30T09:54:42Z" duration-ms="0" status="PASS">
          <reporter-output>
          </reporter-output>
        </test-method> <!-- afterClass -->
      </class> <!-- com.timp.test.MDR.PrecoDeTransferencia.ParametrosModeloDeApuracaoTP.ParametrosModeloDeApuracaoTPEditar -->
      <class name="com.timp.test.MDR.PrecoDeTransferencia.ParametrosModeloDeApuracaoTP.ParametroModeloApuracaoTPFiltroID">
        <test-method is-config="true" signature="beforeClass()[pri:0, instance:com.timp.test.MDR.PrecoDeTransferencia.ParametrosModeloDeApuracaoTP.ParametroModeloApuracaoTPFiltroID@3c9c0d96]" started-at="2021-11-30T09:56:37Z" name="beforeClass" finished-at="2021-11-30T09:56:51Z" duration-ms="13924" status="PASS">
          <reporter-output>
          </reporter-output>
        </test-method> <!-- beforeClass -->
        <test-method signature="filtro()[pri:0, instance:com.timp.test.MDR.PrecoDeTransferencia.ParametrosModeloDeApuracaoTP.ParametroModeloApuracaoTPFiltroID@3c9c0d96]" started-at="2021-11-30T09:56:51Z" name="filtro" finished-at="2021-11-30T09:59:07Z" duration-ms="136222" status="PASS">
          <reporter-output>
          </reporter-output>
        </test-method> <!-- filtro -->
        <test-method is-config="true" signature="afterClass()[pri:0, instance:com.timp.test.MDR.PrecoDeTransferencia.ParametrosModeloDeApuracaoTP.ParametroModeloApuracaoTPFiltroID@3c9c0d96]" started-at="2021-11-30T09:59:07Z" name="afterClass" finished-at="2021-11-30T09:59:12Z" duration-ms="4416" status="PASS">
          <reporter-output>
          </reporter-output>
        </test-method> <!-- afterClass -->
      </class> <!-- com.timp.test.MDR.PrecoDeTransferencia.ParametrosModeloDeApuracaoTP.ParametroModeloApuracaoTPFiltroID -->
      <class name="com.timp.test.MDR.PrecoDeTransferencia.ParametrosModeloDeApuracaoTP.ParametrosModeloDeApuracaoTPDetalhes">
        <test-method is-config="true" signature="beforeClass()[pri:0, instance:com.timp.test.MDR.PrecoDeTransferencia.ParametrosModeloDeApuracaoTP.ParametrosModeloDeApuracaoTPDetalhes@6eb2384f]" started-at="2021-11-30T09:54:42Z" name="beforeClass" finished-at="2021-11-30T09:54:58Z" duration-ms="15905" status="PASS">
          <reporter-output>
          </reporter-output>
        </test-method> <!-- beforeClass -->
        <test-method signature="Detalhes()[pri:0, instance:com.timp.test.MDR.PrecoDeTransferencia.ParametrosModeloDeApuracaoTP.ParametrosModeloDeApuracaoTPDetalhes@6eb2384f]" started-at="2021-11-30T09:54:58Z" name="Detalhes" finished-at="2021-11-30T09:56:37Z" duration-ms="99466" status="PASS">
          <reporter-output>
          </reporter-output>
        </test-method> <!-- Detalhes -->
        <test-method is-config="true" signature="afterClass()[pri:0, instance:com.timp.test.MDR.PrecoDeTransferencia.ParametrosModeloDeApuracaoTP.ParametrosModeloDeApuracaoTPDetalhes@6eb2384f]" started-at="2021-11-30T09:56:37Z" name="afterClass" finished-at="2021-11-30T09:56:37Z" duration-ms="59" status="PASS">
          <reporter-output>
          </reporter-output>
        </test-method> <!-- afterClass -->
      </class> <!-- com.timp.test.MDR.PrecoDeTransferencia.ParametrosModeloDeApuracaoTP.ParametrosModeloDeApuracaoTPDetalhes -->
      <class name="com.timp.test.MDR.PrecoDeTransferencia.ParametrosModeloDeApuracaoTP.ParametrosModeloDeApuracaoTPExcluir">
        <test-method is-config="true" signature="beforeClass()[pri:0, instance:com.timp.test.MDR.PrecoDeTransferencia.ParametrosModeloDeApuracaoTP.ParametrosModeloDeApuracaoTPExcluir@3a4621bd]" started-at="2021-11-30T09:59:12Z" name="beforeClass" finished-at="2021-11-30T09:59:26Z" duration-ms="14602" status="PASS">
          <reporter-output>
          </reporter-output>
        </test-method> <!-- beforeClass -->
        <test-method signature="excluir()[pri:0, instance:com.timp.test.MDR.PrecoDeTransferencia.ParametrosModeloDeApuracaoTP.ParametrosModeloDeApuracaoTPExcluir@3a4621bd]" started-at="2021-11-30T09:59:26Z" name="excluir" finished-at="2021-11-30T10:02:52Z" duration-ms="205508" status="FAIL">
          <exception class="java.lang.AssertionError">
            <message>
              <![CDATA[O registro não foi eliminado com sucesso expected [true] but found [false]]]>
            </message>
            <full-stacktrace>
              <![CDATA[java.lang.AssertionError: O registro não foi eliminado com sucesso expected [true] but found [false]
at org.testng.Assert.fail(Assert.java:96)
at org.testng.Assert.failNotEquals(Assert.java:776)
at org.testng.Assert.assertTrue(Assert.java:44)
at com.timp.test.MDR.PrecoDeTransferencia.ParametrosModeloDeApuracaoTP.ParametrosModeloDeApuracaoTPExcluir.excluir(ParametrosModeloDeApuracaoTPExcluir.java:40)
at java.base/jdk.internal.reflect.NativeMethodAccessorImpl.invoke0(Native Method)
at java.base/jdk.internal.reflect.NativeMethodAccessorImpl.invoke(NativeMethodAccessorImpl.java:77)
at java.base/jdk.internal.reflect.DelegatingMethodAccessorImpl.invoke(DelegatingMethodAccessorImpl.java:43)
at java.base/java.lang.reflect.Method.invoke(Method.java:568)
at org.testng.internal.MethodInvocationHelper.invokeMethod(MethodInvocationHelper.java:124)
at org.testng.internal.Invoker.invokeMethod(Invoker.java:583)
at org.testng.internal.Invoker.invokeTestMethod(Invoker.java:719)
at org.testng.internal.Invoker.invokeTestMethods(Invoker.java:989)
at org.testng.internal.TestMethodWorker.invokeTestMethods(TestMethodWorker.java:125)
at org.testng.internal.TestMethodWorker.run(TestMethodWorker.java:109)
at org.testng.TestRunner.privateRun(TestRunner.java:648)
at org.testng.TestRunner.run(TestRunner.java:505)
at org.testng.SuiteRunner.runTest(SuiteRunner.java:455)
at org.testng.SuiteRunner.runSequentially(SuiteRunner.java:450)
at org.testng.SuiteRunner.privateRun(SuiteRunner.java:415)
at org.testng.SuiteRunner.run(SuiteRunner.java:364)
at org.testng.SuiteRunnerWorker.runSuite(SuiteRunnerWorker.java:52)
at org.testng.SuiteRunnerWorker.run(SuiteRunnerWorker.java:84)
at org.testng.TestNG.runSuitesSequentially(TestNG.java:1208)
at org.testng.TestNG.runSuitesLocally(TestNG.java:1137)
at org.testng.TestNG.runSuites(TestNG.java:1049)
at org.testng.TestNG.run(TestNG.java:1017)
at org.testng.remote.AbstractRemoteTestNG.run(AbstractRemoteTestNG.java:115)
at org.testng.remote.RemoteTestNG.initAndRun(RemoteTestNG.java:251)
at org.testng.remote.RemoteTestNG.main(RemoteTestNG.java:77)
]]>
            </full-stacktrace>
          </exception> <!-- java.lang.AssertionError -->
          <reporter-output>
          </reporter-output>
        </test-method> <!-- excluir -->
        <test-method is-config="true" signature="afterClass()[pri:0, instance:com.timp.test.MDR.PrecoDeTransferencia.ParametrosModeloDeApuracaoTP.ParametrosModeloDeApuracaoTPExcluir@3a4621bd]" started-at="2021-11-30T10:02:52Z" name="afterClass" finished-at="2021-11-30T10:02:52Z" duration-ms="1" status="PASS">
          <reporter-output>
          </reporter-output>
        </test-method> <!-- afterClass -->
      </class> <!-- com.timp.test.MDR.PrecoDeTransferencia.ParametrosModeloDeApuracaoTP.ParametrosModeloDeApuracaoTPExcluir -->
      <class name="com.timp.test.MDR.PrecoDeTransferencia.ParametrosModeloDeApuracaoTP.ParametrosModeloDeApuracaoTPCriar">
        <test-method is-config="true" signature="beforeClass()[pri:0, instance:com.timp.test.MDR.PrecoDeTransferencia.ParametrosModeloDeApuracaoTP.ParametrosModeloDeApuracaoTPCriar@32a68f4f]" started-at="2021-11-30T08:49:52Z" name="beforeClass" finished-at="2021-11-30T08:50:11Z" duration-ms="19218" status="PASS">
          <reporter-output>
          </reporter-output>
        </test-method> <!-- beforeClass -->
        <test-method signature="criar()[pri:0, instance:com.timp.test.MDR.PrecoDeTransferencia.ParametrosModeloDeApuracaoTP.ParametrosModeloDeApuracaoTPCriar@32a68f4f]" started-at="2021-11-30T08:50:11Z" name="criar" finished-at="2021-11-30T08:52:24Z" duration-ms="132862" status="PASS">
          <reporter-output>
          </reporter-output>
        </test-method> <!-- criar -->
        <test-method is-config="true" signature="afterClass()[pri:0, instance:com.timp.test.MDR.PrecoDeTransferencia.ParametrosModeloDeApuracaoTP.ParametrosModeloDeApuracaoTPCriar@32a68f4f]" started-at="2021-11-30T08:52:24Z" name="afterClass" finished-at="2021-11-30T08:52:28Z" duration-ms="4390" status="PASS">
          <reporter-output>
          </reporter-output>
        </test-method> <!-- afterClass -->
      </class> <!-- com.timp.test.MDR.PrecoDeTransferencia.ParametrosModeloDeApuracaoTP.ParametrosModeloDeApuracaoTPCriar -->
      <class name="com.timp.test.MDR.PrecoDeTransferencia.ParametrosModeloDeApuracaoTP.ParametrosModeloDeApuracaoTPExcluirEmMasa">
        <test-method is-config="true" signature="beforeClass()[pri:0, instance:com.timp.test.MDR.PrecoDeTransferencia.ParametrosModeloDeApuracaoTP.ParametrosModeloDeApuracaoTPExcluirEmMasa@31dadd46]" started-at="2021-11-30T10:02:52Z" name="beforeClass" finished-at="2021-11-30T10:03:07Z" duration-ms="15451" status="PASS">
          <reporter-output>
          </reporter-output>
        </test-method> <!-- beforeClass -->
        <test-method signature="criar()[pri:0, instance:com.timp.test.MDR.PrecoDeTransferencia.ParametrosModeloDeApuracaoTP.ParametrosModeloDeApuracaoTPExcluirEmMasa@31dadd46]" started-at="2021-11-30T10:03:07Z" name="criar" finished-at="2021-11-30T10:05:18Z" duration-ms="130818" status="PASS">
          <reporter-output>
          </reporter-output>
        </test-method> <!-- criar -->
        <test-method signature="excluirEmMasa()[pri:0, instance:com.timp.test.MDR.PrecoDeTransferencia.ParametrosModeloDeApuracaoTP.ParametrosModeloDeApuracaoTPExcluirEmMasa@31dadd46]" started-at="2021-11-30T10:05:18Z" name="excluirEmMasa" finished-at="2021-11-30T10:05:52Z" depends-on-methods="com.timp.test.MDR.PrecoDeTransferencia.ParametrosModeloDeApuracaoTP.ParametrosModeloDeApuracaoTPExcluirEmMasa.criar" duration-ms="33984" status="PASS">
          <reporter-output>
          </reporter-output>
        </test-method> <!-- excluirEmMasa -->
        <test-method is-config="true" signature="afterClass()[pri:0, instance:com.timp.test.MDR.PrecoDeTransferencia.ParametrosModeloDeApuracaoTP.ParametrosModeloDeApuracaoTPExcluirEmMasa@31dadd46]" started-at="2021-11-30T10:05:52Z" name="afterClass" finished-at="2021-11-30T10:05:52Z" duration-ms="59" status="PASS">
          <reporter-output>
          </reporter-output>
        </test-method> <!-- afterClass -->
      </class> <!-- com.timp.test.MDR.PrecoDeTransferencia.ParametrosModeloDeApuracaoTP.ParametrosModeloDeApuracaoTPExcluirEmMasa -->
    </test> <!-- ParametrosModeloDeApuracaoTP -->
  </suite> <!-- Suite -->
</testng-results>
