<?xml version="1.0" encoding="UTF-8"?>
<testng-results skipped="0" failed="3" total="23" passed="20">
  <reporter-output>
  </reporter-output>
  <suite name="Default suite" duration-ms="1021173" started-at="2021-01-06T19:29:14Z" finished-at="2021-01-06T19:46:15Z">
    <groups>
    </groups>
    <test name="Default test" duration-ms="1021173" started-at="2021-01-06T19:29:14Z" finished-at="2021-01-06T19:46:15Z">
      <class name="com.timp.test.DFG.Leiautes.LeiautesExecucaoFuncionalidades2">
        <test-method status="PASS" signature="beforeClass()[pri:0, instance:com.timp.test.DFG.Leiautes.LeiautesExecucaoFuncionalidades2@3a079870]" name="beforeClass" is-config="true" duration-ms="13718" started-at="2021-01-06T13:29:14Z" finished-at="2021-01-06T13:29:28Z">
          <reporter-output>
          </reporter-output>
        </test-method> <!-- beforeClass -->
        <test-method status="PASS" signature="ingresar()[pri:0, instance:com.timp.test.DFG.Leiautes.LeiautesExecucaoFuncionalidades2@3a079870]" name="ingresar" duration-ms="6845" started-at="2021-01-06T13:29:28Z" finished-at="2021-01-06T13:29:34Z">
          <reporter-output>
          </reporter-output>
        </test-method> <!-- ingresar -->
        <test-method status="PASS" signature="mdrEntrar()[pri:0, instance:com.timp.test.DFG.Leiautes.LeiautesExecucaoFuncionalidades2@3a079870]" name="mdrEntrar" duration-ms="15853" started-at="2021-01-06T13:29:34Z" finished-at="2021-01-06T13:29:50Z">
          <reporter-output>
          </reporter-output>
        </test-method> <!-- mdrEntrar -->
        <test-method status="PASS" signature="criar()[pri:0, instance:com.timp.test.DFG.Leiautes.LeiautesExecucaoFuncionalidades2@3a079870]" name="criar" duration-ms="141808" started-at="2021-01-06T13:29:50Z" finished-at="2021-01-06T13:32:12Z">
          <reporter-output>
          </reporter-output>
        </test-method> <!-- criar -->
        <test-method status="PASS" signature="BRE()[pri:0, instance:com.timp.test.DFG.Leiautes.LeiautesExecucaoFuncionalidades2@3a079870]" name="BRE" duration-ms="111568" started-at="2021-01-06T13:32:12Z" finished-at="2021-01-06T13:34:04Z">
          <reporter-output>
          </reporter-output>
        </test-method> <!-- BRE -->
        <test-method status="PASS" signature="EditarDFG()[pri:0, instance:com.timp.test.DFG.Leiautes.LeiautesExecucaoFuncionalidades2@3a079870]" name="EditarDFG" duration-ms="91513" started-at="2021-01-06T13:34:04Z" finished-at="2021-01-06T13:35:35Z">
          <reporter-output>
          </reporter-output>
        </test-method> <!-- EditarDFG -->
        <test-method status="PASS" signature="regraOcultacao()[pri:0, instance:com.timp.test.DFG.Leiautes.LeiautesExecucaoFuncionalidades2@3a079870]" name="regraOcultacao" duration-ms="47456" started-at="2021-01-06T13:35:35Z" finished-at="2021-01-06T13:36:23Z">
          <reporter-output>
          </reporter-output>
        </test-method> <!-- regraOcultacao -->
        <test-method status="PASS" signature="totalDeBloco()[pri:0, instance:com.timp.test.DFG.Leiautes.LeiautesExecucaoFuncionalidades2@3a079870]" name="totalDeBloco" duration-ms="23429" started-at="2021-01-06T13:36:23Z" finished-at="2021-01-06T13:36:46Z">
          <reporter-output>
          </reporter-output>
        </test-method> <!-- totalDeBloco -->
        <test-method status="PASS" signature="totalDeRegistro()[pri:0, instance:com.timp.test.DFG.Leiautes.LeiautesExecucaoFuncionalidades2@3a079870]" name="totalDeRegistro" duration-ms="21425" started-at="2021-01-06T13:36:46Z" finished-at="2021-01-06T13:37:08Z">
          <reporter-output>
          </reporter-output>
        </test-method> <!-- totalDeRegistro -->
        <test-method status="PASS" signature="totalDeForma()[pri:0, instance:com.timp.test.DFG.Leiautes.LeiautesExecucaoFuncionalidades2@3a079870]" name="totalDeForma" duration-ms="9376" started-at="2021-01-06T13:37:08Z" finished-at="2021-01-06T13:37:17Z">
          <reporter-output>
          </reporter-output>
        </test-method> <!-- totalDeForma -->
        <test-method status="PASS" signature="concatenacao()[pri:0, instance:com.timp.test.DFG.Leiautes.LeiautesExecucaoFuncionalidades2@3a079870]" name="concatenacao" duration-ms="27677" started-at="2021-01-06T13:37:17Z" finished-at="2021-01-06T13:37:45Z">
          <reporter-output>
          </reporter-output>
        </test-method> <!-- concatenacao -->
        <test-method status="PASS" signature="contadorDeRegistro()[pri:0, instance:com.timp.test.DFG.Leiautes.LeiautesExecucaoFuncionalidades2@3a079870]" name="contadorDeRegistro" duration-ms="27498" started-at="2021-01-06T13:37:45Z" finished-at="2021-01-06T13:38:12Z">
          <reporter-output>
          </reporter-output>
        </test-method> <!-- contadorDeRegistro -->
        <test-method status="PASS" signature="criarConfiguracao()[pri:0, instance:com.timp.test.DFG.Leiautes.LeiautesExecucaoFuncionalidades2@3a079870]" name="criarConfiguracao" duration-ms="70120" started-at="2021-01-06T13:38:12Z" finished-at="2021-01-06T13:39:22Z">
          <reporter-output>
          </reporter-output>
        </test-method> <!-- criarConfiguracao -->
        <test-method status="PASS" signature="execucao()[pri:0, instance:com.timp.test.DFG.Leiautes.LeiautesExecucaoFuncionalidades2@3a079870]" name="execucao" duration-ms="87898" started-at="2021-01-06T13:39:22Z" finished-at="2021-01-06T13:40:50Z">
          <reporter-output>
          </reporter-output>
        </test-method> <!-- execucao -->
        <test-method status="FAIL" signature="verificacaoBloco1()[pri:0, instance:com.timp.test.DFG.Leiautes.LeiautesExecucaoFuncionalidades2@3a079870]" name="verificacaoBloco1" duration-ms="3543" started-at="2021-01-06T13:40:50Z" finished-at="2021-01-06T13:40:54Z">
          <exception class="java.lang.AssertionError">
            <message>
              <![CDATA[Os resultados não são acorde aos filtros expected [true] but found [false]]]>
            </message>
            <full-stacktrace>
              <![CDATA[java.lang.AssertionError: Os resultados não são acorde aos filtros expected [true] but found [false]
	at org.testng.Assert.fail(Assert.java:94)
	at org.testng.Assert.failNotEquals(Assert.java:494)
	at org.testng.Assert.assertTrue(Assert.java:42)
	at com.timp.test.DFG.Leiautes.LeiautesExecucaoFuncionalidades2.verificacaoBloco1(LeiautesExecucaoFuncionalidades2.java:163)
	at sun.reflect.NativeMethodAccessorImpl.invoke0(Native Method)
	at sun.reflect.NativeMethodAccessorImpl.invoke(Unknown Source)
	at sun.reflect.DelegatingMethodAccessorImpl.invoke(Unknown Source)
	at java.lang.reflect.Method.invoke(Unknown Source)
	at org.testng.internal.MethodInvocationHelper.invokeMethod(MethodInvocationHelper.java:80)
	at org.testng.internal.Invoker.invokeMethod(Invoker.java:714)
	at org.testng.internal.Invoker.invokeTestMethod(Invoker.java:901)
	at org.testng.internal.Invoker.invokeTestMethods(Invoker.java:1231)
	at org.testng.internal.TestMethodWorker.invokeTestMethods(TestMethodWorker.java:127)
	at org.testng.internal.TestMethodWorker.run(TestMethodWorker.java:111)
	at org.testng.TestRunner.privateRun(TestRunner.java:767)
	at org.testng.TestRunner.run(TestRunner.java:617)
	at org.testng.SuiteRunner.runTest(SuiteRunner.java:334)
	at org.testng.SuiteRunner.runSequentially(SuiteRunner.java:329)
	at org.testng.SuiteRunner.privateRun(SuiteRunner.java:291)
	at org.testng.SuiteRunner.run(SuiteRunner.java:240)
	at org.testng.SuiteRunnerWorker.runSuite(SuiteRunnerWorker.java:52)
	at org.testng.SuiteRunnerWorker.run(SuiteRunnerWorker.java:86)
	at org.testng.TestNG.runSuitesSequentially(TestNG.java:1198)
	at org.testng.TestNG.runSuitesLocally(TestNG.java:1123)
	at org.testng.TestNG.run(TestNG.java:1031)
	at org.testng.remote.AbstractRemoteTestNG.run(AbstractRemoteTestNG.java:115)
	at org.testng.remote.RemoteTestNG.initAndRun(RemoteTestNG.java:251)
	at org.testng.remote.RemoteTestNG.main(RemoteTestNG.java:77)
]]>
            </full-stacktrace>
          </exception> <!-- java.lang.AssertionError -->
          <reporter-output>
          </reporter-output>
        </test-method> <!-- verificacaoBloco1 -->
        <test-method status="PASS" signature="verificacaoBloco2()[pri:0, instance:com.timp.test.DFG.Leiautes.LeiautesExecucaoFuncionalidades2@3a079870]" name="verificacaoBloco2" duration-ms="7931" started-at="2021-01-06T13:40:54Z" finished-at="2021-01-06T13:41:02Z">
          <reporter-output>
          </reporter-output>
        </test-method> <!-- verificacaoBloco2 -->
        <test-method status="PASS" signature="verificacaoBloco3()[pri:0, instance:com.timp.test.DFG.Leiautes.LeiautesExecucaoFuncionalidades2@3a079870]" name="verificacaoBloco3" duration-ms="23819" started-at="2021-01-06T13:41:02Z" finished-at="2021-01-06T13:41:25Z">
          <reporter-output>
          </reporter-output>
        </test-method> <!-- verificacaoBloco3 -->
        <test-method status="PASS" signature="verificacaoBloco4()[pri:0, instance:com.timp.test.DFG.Leiautes.LeiautesExecucaoFuncionalidades2@3a079870]" name="verificacaoBloco4" duration-ms="23772" started-at="2021-01-06T13:41:25Z" finished-at="2021-01-06T13:41:49Z">
          <reporter-output>
          </reporter-output>
        </test-method> <!-- verificacaoBloco4 -->
        <test-method status="PASS" signature="verificacaoBloco5()[pri:0, instance:com.timp.test.DFG.Leiautes.LeiautesExecucaoFuncionalidades2@3a079870]" name="verificacaoBloco5" duration-ms="34395" started-at="2021-01-06T13:41:49Z" finished-at="2021-01-06T13:42:24Z">
          <reporter-output>
          </reporter-output>
        </test-method> <!-- verificacaoBloco5 -->
        <test-method status="FAIL" signature="verificacaoBloco6()[pri:0, instance:com.timp.test.DFG.Leiautes.LeiautesExecucaoFuncionalidades2@3a079870]" name="verificacaoBloco6" duration-ms="6253" started-at="2021-01-06T13:42:24Z" finished-at="2021-01-06T13:42:30Z">
          <exception class="java.lang.AssertionError">
            <message>
              <![CDATA[Os resultados não são acorde aos filtros expected [true] but found [false]]]>
            </message>
            <full-stacktrace>
              <![CDATA[java.lang.AssertionError: Os resultados não são acorde aos filtros expected [true] but found [false]
	at org.testng.Assert.fail(Assert.java:94)
	at org.testng.Assert.failNotEquals(Assert.java:494)
	at org.testng.Assert.assertTrue(Assert.java:42)
	at com.timp.test.DFG.Leiautes.LeiautesExecucaoFuncionalidades2.verificacaoBloco6(LeiautesExecucaoFuncionalidades2.java:223)
	at sun.reflect.NativeMethodAccessorImpl.invoke0(Native Method)
	at sun.reflect.NativeMethodAccessorImpl.invoke(Unknown Source)
	at sun.reflect.DelegatingMethodAccessorImpl.invoke(Unknown Source)
	at java.lang.reflect.Method.invoke(Unknown Source)
	at org.testng.internal.MethodInvocationHelper.invokeMethod(MethodInvocationHelper.java:80)
	at org.testng.internal.Invoker.invokeMethod(Invoker.java:714)
	at org.testng.internal.Invoker.invokeTestMethod(Invoker.java:901)
	at org.testng.internal.Invoker.invokeTestMethods(Invoker.java:1231)
	at org.testng.internal.TestMethodWorker.invokeTestMethods(TestMethodWorker.java:127)
	at org.testng.internal.TestMethodWorker.run(TestMethodWorker.java:111)
	at org.testng.TestRunner.privateRun(TestRunner.java:767)
	at org.testng.TestRunner.run(TestRunner.java:617)
	at org.testng.SuiteRunner.runTest(SuiteRunner.java:334)
	at org.testng.SuiteRunner.runSequentially(SuiteRunner.java:329)
	at org.testng.SuiteRunner.privateRun(SuiteRunner.java:291)
	at org.testng.SuiteRunner.run(SuiteRunner.java:240)
	at org.testng.SuiteRunnerWorker.runSuite(SuiteRunnerWorker.java:52)
	at org.testng.SuiteRunnerWorker.run(SuiteRunnerWorker.java:86)
	at org.testng.TestNG.runSuitesSequentially(TestNG.java:1198)
	at org.testng.TestNG.runSuitesLocally(TestNG.java:1123)
	at org.testng.TestNG.run(TestNG.java:1031)
	at org.testng.remote.AbstractRemoteTestNG.run(AbstractRemoteTestNG.java:115)
	at org.testng.remote.RemoteTestNG.initAndRun(RemoteTestNG.java:251)
	at org.testng.remote.RemoteTestNG.main(RemoteTestNG.java:77)
]]>
            </full-stacktrace>
          </exception> <!-- java.lang.AssertionError -->
          <reporter-output>
          </reporter-output>
        </test-method> <!-- verificacaoBloco6 -->
        <test-method status="PASS" signature="verificacaoBloco7()[pri:0, instance:com.timp.test.DFG.Leiautes.LeiautesExecucaoFuncionalidades2@3a079870]" name="verificacaoBloco7" duration-ms="6266" started-at="2021-01-06T13:42:30Z" finished-at="2021-01-06T13:42:36Z">
          <reporter-output>
          </reporter-output>
        </test-method> <!-- verificacaoBloco7 -->
        <test-method status="PASS" signature="excluirConfiguracao()[pri:0, instance:com.timp.test.DFG.Leiautes.LeiautesExecucaoFuncionalidades2@3a079870]" name="excluirConfiguracao" duration-ms="68710" started-at="2021-01-06T13:42:36Z" finished-at="2021-01-06T13:43:45Z">
          <reporter-output>
          </reporter-output>
        </test-method> <!-- excluirConfiguracao -->
        <test-method status="FAIL" signature="excluirDFG()[pri:0, instance:com.timp.test.DFG.Leiautes.LeiautesExecucaoFuncionalidades2@3a079870]" name="excluirDFG" duration-ms="50919" started-at="2021-01-06T13:43:45Z" finished-at="2021-01-06T13:44:36Z">
          <exception class="org.openqa.selenium.ElementNotInteractableException">
            <message>
              <![CDATA[element not interactable
  (Session info: chrome=83.0.4103.106)
Build info: version: '3.141.59', revision: 'e82be7d358', time: '2018-11-14T08:17:03'
System info: host: 'LITOSOLER', ip: '192.168.0.18', os.name: 'Windows 10', os.arch: 'amd64', os.version: '10.0', java.version: '1.8.0_251'
Driver info: org.openqa.selenium.chrome.ChromeDriver
Capabilities {acceptInsecureCerts: false, browserName: chrome, browserVersion: 83.0.4103.106, chrome: {chromedriverVersion: 83.0.4103.39 (ccbf011cb2d2b..., userDataDir: C:\Users\AGILES~1\AppData\L...}, goog:chromeOptions: {debuggerAddress: localhost:56973}, javascriptEnabled: true, networkConnectionEnabled: false, pageLoadStrategy: normal, platform: WINDOWS, platformName: WINDOWS, proxy: Proxy(), setWindowRect: true, strictFileInteractability: false, timeouts: {implicit: 0, pageLoad: 300000, script: 30000}, unhandledPromptBehavior: dismiss and notify, webauthn:virtualAuthenticators: true}
Session ID: 2cd9c99ffc765030755eff0f8f11b29f]]>
            </message>
            <full-stacktrace>
              <![CDATA[org.openqa.selenium.ElementNotInteractableException: element not interactable
  (Session info: chrome=83.0.4103.106)
Build info: version: '3.141.59', revision: 'e82be7d358', time: '2018-11-14T08:17:03'
System info: host: 'LITOSOLER', ip: '192.168.0.18', os.name: 'Windows 10', os.arch: 'amd64', os.version: '10.0', java.version: '1.8.0_251'
Driver info: org.openqa.selenium.chrome.ChromeDriver
Capabilities {acceptInsecureCerts: false, browserName: chrome, browserVersion: 83.0.4103.106, chrome: {chromedriverVersion: 83.0.4103.39 (ccbf011cb2d2b..., userDataDir: C:\Users\AGILES~1\AppData\L...}, goog:chromeOptions: {debuggerAddress: localhost:56973}, javascriptEnabled: true, networkConnectionEnabled: false, pageLoadStrategy: normal, platform: WINDOWS, platformName: WINDOWS, proxy: Proxy(), setWindowRect: true, strictFileInteractability: false, timeouts: {implicit: 0, pageLoad: 300000, script: 30000}, unhandledPromptBehavior: dismiss and notify, webauthn:virtualAuthenticators: true}
Session ID: 2cd9c99ffc765030755eff0f8f11b29f
	at sun.reflect.NativeConstructorAccessorImpl.newInstance0(Native Method)
	at sun.reflect.NativeConstructorAccessorImpl.newInstance(Unknown Source)
	at sun.reflect.DelegatingConstructorAccessorImpl.newInstance(Unknown Source)
	at java.lang.reflect.Constructor.newInstance(Unknown Source)
	at org.openqa.selenium.remote.http.W3CHttpResponseCodec.createException(W3CHttpResponseCodec.java:187)
	at org.openqa.selenium.remote.http.W3CHttpResponseCodec.decode(W3CHttpResponseCodec.java:122)
	at org.openqa.selenium.remote.http.W3CHttpResponseCodec.decode(W3CHttpResponseCodec.java:49)
	at org.openqa.selenium.remote.HttpCommandExecutor.execute(HttpCommandExecutor.java:158)
	at org.openqa.selenium.remote.service.DriverCommandExecutor.execute(DriverCommandExecutor.java:83)
	at org.openqa.selenium.remote.RemoteWebDriver.execute(RemoteWebDriver.java:552)
	at org.openqa.selenium.remote.RemoteWebElement.execute(RemoteWebElement.java:285)
	at org.openqa.selenium.remote.RemoteWebElement.click(RemoteWebElement.java:84)
	at sun.reflect.GeneratedMethodAccessor1.invoke(Unknown Source)
	at sun.reflect.DelegatingMethodAccessorImpl.invoke(Unknown Source)
	at java.lang.reflect.Method.invoke(Unknown Source)
	at org.openqa.selenium.support.pagefactory.internal.LocatingElementHandler.invoke(LocatingElementHandler.java:51)
	at com.sun.proxy.$Proxy9.click(Unknown Source)
	at com.sap.timp.pageObjectModel.DFG.Leiautes.LeiautesExecucaoFuncionalidades2PO.excluirDFG(LeiautesExecucaoFuncionalidades2PO.java:2316)
	at com.timp.test.DFG.Leiautes.LeiautesExecucaoFuncionalidades2.excluirDFG(LeiautesExecucaoFuncionalidades2.java:256)
	at sun.reflect.NativeMethodAccessorImpl.invoke0(Native Method)
	at sun.reflect.NativeMethodAccessorImpl.invoke(Unknown Source)
	at sun.reflect.DelegatingMethodAccessorImpl.invoke(Unknown Source)
	at java.lang.reflect.Method.invoke(Unknown Source)
	at org.testng.internal.MethodInvocationHelper.invokeMethod(MethodInvocationHelper.java:80)
	at org.testng.internal.Invoker.invokeMethod(Invoker.java:714)
	at org.testng.internal.Invoker.invokeTestMethod(Invoker.java:901)
	at org.testng.internal.Invoker.invokeTestMethods(Invoker.java:1231)
	at org.testng.internal.TestMethodWorker.invokeTestMethods(TestMethodWorker.java:127)
	at org.testng.internal.TestMethodWorker.run(TestMethodWorker.java:111)
	at org.testng.TestRunner.privateRun(TestRunner.java:767)
	at org.testng.TestRunner.run(TestRunner.java:617)
	at org.testng.SuiteRunner.runTest(SuiteRunner.java:334)
	at org.testng.SuiteRunner.runSequentially(SuiteRunner.java:329)
	at org.testng.SuiteRunner.privateRun(SuiteRunner.java:291)
	at org.testng.SuiteRunner.run(SuiteRunner.java:240)
	at org.testng.SuiteRunnerWorker.runSuite(SuiteRunnerWorker.java:52)
	at org.testng.SuiteRunnerWorker.run(SuiteRunnerWorker.java:86)
	at org.testng.TestNG.runSuitesSequentially(TestNG.java:1198)
	at org.testng.TestNG.runSuitesLocally(TestNG.java:1123)
	at org.testng.TestNG.run(TestNG.java:1031)
	at org.testng.remote.AbstractRemoteTestNG.run(AbstractRemoteTestNG.java:115)
	at org.testng.remote.RemoteTestNG.initAndRun(RemoteTestNG.java:251)
	at org.testng.remote.RemoteTestNG.main(RemoteTestNG.java:77)
]]>
            </full-stacktrace>
          </exception> <!-- org.openqa.selenium.ElementNotInteractableException -->
          <reporter-output>
          </reporter-output>
        </test-method> <!-- excluirDFG -->
        <test-method status="PASS" signature="excluirBRE()[pri:0, instance:com.timp.test.DFG.Leiautes.LeiautesExecucaoFuncionalidades2@3a079870]" name="excluirBRE" duration-ms="99345" started-at="2021-01-06T13:44:36Z" finished-at="2021-01-06T13:46:15Z">
          <reporter-output>
          </reporter-output>
        </test-method> <!-- excluirBRE -->
        <test-method status="PASS" signature="afterClass()[pri:0, instance:com.timp.test.DFG.Leiautes.LeiautesExecucaoFuncionalidades2@3a079870]" name="afterClass" is-config="true" duration-ms="0" started-at="2021-01-06T13:46:15Z" finished-at="2021-01-06T13:46:15Z">
          <reporter-output>
          </reporter-output>
        </test-method> <!-- afterClass -->
      </class> <!-- com.timp.test.DFG.Leiautes.LeiautesExecucaoFuncionalidades2 -->
    </test> <!-- Default test -->
  </suite> <!-- Default suite -->
</testng-results>
