<?xml version="1.0" encoding="UTF-8"?>
<testng-results total="4" passed="2" failed="2" skipped="0">
  <reporter-output>
  </reporter-output>
  <suite started-at="2020-11-08T23:57:09Z" name="Default suite" finished-at="2020-11-09T00:00:45Z" duration-ms="216707">
    <groups>
    </groups>
    <test started-at="2020-11-08T23:57:09Z" name="Default test" finished-at="2020-11-09T00:00:45Z" duration-ms="216707">
      <class name="com.timp.test.BCB.ParametrosGeraisConfiguraçãoConfiguraçãoCriarComCópia">
        <test-method is-config="true" signature="beforeClass()[pri:0, instance:com.timp.test.BCB.ParametrosGeraisConfiguraçãoConfiguraçãoCriarComCópia@ed7f8b4]" started-at="2020-11-08T20:57:09Z" name="beforeClass" finished-at="2020-11-08T20:57:27Z" duration-ms="18552" status="PASS">
          <reporter-output>
          </reporter-output>
        </test-method> <!-- beforeClass -->
        <test-method signature="login()[pri:0, instance:com.timp.test.BCB.ParametrosGeraisConfiguraçãoConfiguraçãoCriarComCópia@ed7f8b4]" started-at="2020-11-08T20:57:27Z" name="login" finished-at="2020-11-08T20:57:37Z" duration-ms="9603" status="PASS">
          <reporter-output>
          </reporter-output>
        </test-method> <!-- login -->
        <test-method signature="brbEntrar()[pri:0, instance:com.timp.test.BCB.ParametrosGeraisConfiguraçãoConfiguraçãoCriarComCópia@ed7f8b4]" started-at="2020-11-08T20:57:37Z" name="brbEntrar" finished-at="2020-11-08T20:57:59Z" duration-ms="21810" status="PASS">
          <reporter-output>
          </reporter-output>
        </test-method> <!-- brbEntrar -->
        <test-method signature="criarConfiguracaoHierarquia()[pri:0, instance:com.timp.test.BCB.ParametrosGeraisConfiguraçãoConfiguraçãoCriarComCópia@ed7f8b4]" started-at="2020-11-08T20:57:59Z" name="criarConfiguracaoHierarquia" finished-at="2020-11-08T21:00:07Z" duration-ms="127953" status="FAIL">
          <exception class="java.lang.AssertionError">
            <message>
              <![CDATA[Os Subniveis não foram adicinados com sucesso expected [true] but found [false]]]>
            </message>
            <full-stacktrace>
              <![CDATA[java.lang.AssertionError: Os Subniveis não foram adicinados com sucesso expected [true] but found [false]
	at org.testng.Assert.fail(Assert.java:94)
	at org.testng.Assert.failNotEquals(Assert.java:494)
	at org.testng.Assert.assertTrue(Assert.java:42)
	at com.timp.test.BCB.ParametrosGeraisConfiguraçãoConfiguraçãoCriarComCópia.criarConfiguracaoHierarquia(ParametrosGeraisConfiguraçãoConfiguraçãoCriarComCópia.java:62)
	at java.base/jdk.internal.reflect.NativeMethodAccessorImpl.invoke0(Native Method)
	at java.base/jdk.internal.reflect.NativeMethodAccessorImpl.invoke(NativeMethodAccessorImpl.java:62)
	at java.base/jdk.internal.reflect.DelegatingMethodAccessorImpl.invoke(DelegatingMethodAccessorImpl.java:43)
	at java.base/java.lang.reflect.Method.invoke(Method.java:566)
	at org.testng.internal.MethodInvocationHelper.invokeMethod(MethodInvocationHelper.java:80)
	at org.testng.internal.Invoker.invokeMethod(Invoker.java:714)
	at org.testng.internal.Invoker.invokeTestMethod(Invoker.java:901)
	at org.testng.internal.Invoker.invokeTestMethods(Invoker.java:1231)
	at org.testng.internal.TestMethodWorker.invokeTestMethods(TestMethodWorker.java:127)
	at org.testng.internal.TestMethodWorker.run(TestMethodWorker.java:111)
	at org.testng.TestRunner.privateRun(TestRunner.java:767)
	at org.testng.TestRunner.run(TestRunner.java:617)
	at org.testng.SuiteRunner.runTest(SuiteRunner.java:334)
	at org.testng.SuiteRunner.runSequentially(SuiteRunner.java:329)
	at org.testng.SuiteRunner.privateRun(SuiteRunner.java:291)
	at org.testng.SuiteRunner.run(SuiteRunner.java:240)
	at org.testng.SuiteRunnerWorker.runSuite(SuiteRunnerWorker.java:52)
	at org.testng.SuiteRunnerWorker.run(SuiteRunnerWorker.java:86)
	at org.testng.TestNG.runSuitesSequentially(TestNG.java:1198)
	at org.testng.TestNG.runSuitesLocally(TestNG.java:1123)
	at org.testng.TestNG.run(TestNG.java:1031)
	at org.testng.remote.AbstractRemoteTestNG.run(AbstractRemoteTestNG.java:115)
	at org.testng.remote.RemoteTestNG.initAndRun(RemoteTestNG.java:251)
	at org.testng.remote.RemoteTestNG.main(RemoteTestNG.java:77)
]]>
            </full-stacktrace>
          </exception> <!-- java.lang.AssertionError -->
          <reporter-output>
          </reporter-output>
        </test-method> <!-- criarConfiguracaoHierarquia -->
        <test-method signature="excluirr()[pri:0, instance:com.timp.test.BCB.ParametrosGeraisConfiguraçãoConfiguraçãoCriarComCópia@ed7f8b4]" started-at="2020-11-08T21:00:07Z" name="excluirr" finished-at="2020-11-08T21:00:45Z" duration-ms="38764" status="FAIL">
          <exception class="org.openqa.selenium.NoSuchElementException">
            <message>
              <![CDATA[no such element: Unable to locate element: {"method":"xpath","selector":"//div[contains(@class,"tbody")]/div[contains(@class,"tr") and @data-id][2]/div[3]/div"}
  (Session info: chrome=86.0.4240.183)
For documentation on this error, please visit: https://www.seleniumhq.org/exceptions/no_such_element.html
Build info: version: '3.141.59', revision: 'e82be7d358', time: '2018-11-14T08:17:03'
System info: host: 'CRISTHIAN-VASQU', ip: '169.254.139.242', os.name: 'Windows 10', os.arch: 'amd64', os.version: '10.0', java.version: '11.0.8'
Driver info: org.openqa.selenium.chrome.ChromeDriver
Capabilities {acceptInsecureCerts: false, browserName: chrome, browserVersion: 86.0.4240.183, chrome: {chromedriverVersion: 86.0.4240.22 (398b0743353ff..., userDataDir: C:\Users\CRISTH~1\AppData\L...}, goog:chromeOptions: {debuggerAddress: localhost:54097}, javascriptEnabled: true, networkConnectionEnabled: false, pageLoadStrategy: normal, platform: WINDOWS, platformName: WINDOWS, proxy: Proxy(), setWindowRect: true, strictFileInteractability: false, timeouts: {implicit: 0, pageLoad: 300000, script: 30000}, unhandledPromptBehavior: dismiss and notify, webauthn:virtualAuthenticators: true}
Session ID: f2eb4a5cdc1c6b6b50cccea4f483a7d7
*** Element info: {Using=xpath, value=//div[contains(@class,"tbody")]/div[contains(@class,"tr") and @data-id][2]/div[3]/div}]]>
            </message>
            <full-stacktrace>
              <![CDATA[org.openqa.selenium.NoSuchElementException: no such element: Unable to locate element: {"method":"xpath","selector":"//div[contains(@class,"tbody")]/div[contains(@class,"tr") and @data-id][2]/div[3]/div"}
  (Session info: chrome=86.0.4240.183)
For documentation on this error, please visit: https://www.seleniumhq.org/exceptions/no_such_element.html
Build info: version: '3.141.59', revision: 'e82be7d358', time: '2018-11-14T08:17:03'
System info: host: 'CRISTHIAN-VASQU', ip: '169.254.139.242', os.name: 'Windows 10', os.arch: 'amd64', os.version: '10.0', java.version: '11.0.8'
Driver info: org.openqa.selenium.chrome.ChromeDriver
Capabilities {acceptInsecureCerts: false, browserName: chrome, browserVersion: 86.0.4240.183, chrome: {chromedriverVersion: 86.0.4240.22 (398b0743353ff..., userDataDir: C:\Users\CRISTH~1\AppData\L...}, goog:chromeOptions: {debuggerAddress: localhost:54097}, javascriptEnabled: true, networkConnectionEnabled: false, pageLoadStrategy: normal, platform: WINDOWS, platformName: WINDOWS, proxy: Proxy(), setWindowRect: true, strictFileInteractability: false, timeouts: {implicit: 0, pageLoad: 300000, script: 30000}, unhandledPromptBehavior: dismiss and notify, webauthn:virtualAuthenticators: true}
Session ID: f2eb4a5cdc1c6b6b50cccea4f483a7d7
*** Element info: {Using=xpath, value=//div[contains(@class,"tbody")]/div[contains(@class,"tr") and @data-id][2]/div[3]/div}
	at jdk.internal.reflect.GeneratedConstructorAccessor12.newInstance(Unknown Source)
	at java.base/jdk.internal.reflect.DelegatingConstructorAccessorImpl.newInstance(DelegatingConstructorAccessorImpl.java:45)
	at java.base/java.lang.reflect.Constructor.newInstance(Constructor.java:490)
	at org.openqa.selenium.remote.http.W3CHttpResponseCodec.createException(W3CHttpResponseCodec.java:187)
	at org.openqa.selenium.remote.http.W3CHttpResponseCodec.decode(W3CHttpResponseCodec.java:122)
	at org.openqa.selenium.remote.http.W3CHttpResponseCodec.decode(W3CHttpResponseCodec.java:49)
	at org.openqa.selenium.remote.HttpCommandExecutor.execute(HttpCommandExecutor.java:158)
	at org.openqa.selenium.remote.service.DriverCommandExecutor.execute(DriverCommandExecutor.java:83)
	at org.openqa.selenium.remote.RemoteWebDriver.execute(RemoteWebDriver.java:552)
	at org.openqa.selenium.remote.RemoteWebDriver.findElement(RemoteWebDriver.java:323)
	at org.openqa.selenium.remote.RemoteWebDriver.findElementByXPath(RemoteWebDriver.java:428)
	at org.openqa.selenium.By$ByXPath.findElement(By.java:353)
	at org.openqa.selenium.remote.RemoteWebDriver.findElement(RemoteWebDriver.java:315)
	at com.sap.timp.pageObjectModel.BCB.ParametrosGeraisConfiguraçãoConfiguraçãoCriarComCópiaPO.excluir(ParametrosGeraisConfiguraçãoConfiguraçãoCriarComCópiaPO.java:162)
	at com.timp.test.BCB.ParametrosGeraisConfiguraçãoConfiguraçãoCriarComCópia.excluirr(ParametrosGeraisConfiguraçãoConfiguraçãoCriarComCópia.java:70)
	at java.base/jdk.internal.reflect.NativeMethodAccessorImpl.invoke0(Native Method)
	at java.base/jdk.internal.reflect.NativeMethodAccessorImpl.invoke(NativeMethodAccessorImpl.java:62)
	at java.base/jdk.internal.reflect.DelegatingMethodAccessorImpl.invoke(DelegatingMethodAccessorImpl.java:43)
	at java.base/java.lang.reflect.Method.invoke(Method.java:566)
	at org.testng.internal.MethodInvocationHelper.invokeMethod(MethodInvocationHelper.java:80)
	at org.testng.internal.Invoker.invokeMethod(Invoker.java:714)
	at org.testng.internal.Invoker.invokeTestMethod(Invoker.java:901)
	at org.testng.internal.Invoker.invokeTestMethods(Invoker.java:1231)
	at org.testng.internal.TestMethodWorker.invokeTestMethods(TestMethodWorker.java:127)
	at org.testng.internal.TestMethodWorker.run(TestMethodWorker.java:111)
	at org.testng.TestRunner.privateRun(TestRunner.java:767)
	at org.testng.TestRunner.run(TestRunner.java:617)
	at org.testng.SuiteRunner.runTest(SuiteRunner.java:334)
	at org.testng.SuiteRunner.runSequentially(SuiteRunner.java:329)
	at org.testng.SuiteRunner.privateRun(SuiteRunner.java:291)
	at org.testng.SuiteRunner.run(SuiteRunner.java:240)
	at org.testng.SuiteRunnerWorker.runSuite(SuiteRunnerWorker.java:52)
	at org.testng.SuiteRunnerWorker.run(SuiteRunnerWorker.java:86)
	at org.testng.TestNG.runSuitesSequentially(TestNG.java:1198)
	at org.testng.TestNG.runSuitesLocally(TestNG.java:1123)
	at org.testng.TestNG.run(TestNG.java:1031)
	at org.testng.remote.AbstractRemoteTestNG.run(AbstractRemoteTestNG.java:115)
	at org.testng.remote.RemoteTestNG.initAndRun(RemoteTestNG.java:251)
	at org.testng.remote.RemoteTestNG.main(RemoteTestNG.java:77)
]]>
            </full-stacktrace>
          </exception> <!-- org.openqa.selenium.NoSuchElementException -->
          <reporter-output>
          </reporter-output>
        </test-method> <!-- excluirr -->
        <test-method is-config="true" signature="afterClass()[pri:0, instance:com.timp.test.BCB.ParametrosGeraisConfiguraçãoConfiguraçãoCriarComCópia@ed7f8b4]" started-at="2020-11-08T21:00:45Z" name="afterClass" finished-at="2020-11-08T21:00:45Z" duration-ms="0" status="PASS">
          <reporter-output>
          </reporter-output>
        </test-method> <!-- afterClass -->
      </class> <!-- com.timp.test.BCB.ParametrosGeraisConfiguraçãoConfiguraçãoCriarComCópia -->
    </test> <!-- Default test -->
  </suite> <!-- Default suite -->
</testng-results>
