<?xml version="1.0" encoding="UTF-8"?>
<testng-results skipped="0" failed="0" total="3" passed="3">
  <reporter-output>
  </reporter-output>
  <suite name="Default suite" duration-ms="79915" started-at="2020-07-27T18:50:00Z" finished-at="2020-07-27T18:51:20Z">
    <groups>
    </groups>
    <test name="Default test" duration-ms="79915" started-at="2020-07-27T18:50:00Z" finished-at="2020-07-27T18:51:20Z">
      <class name="com.timp.test.MDR.SequenciaAcesso.SequenciaCriar">
        <test-method status="PASS" signature="beforeClass()[pri:0, instance:com.timp.test.MDR.SequenciaAcesso.SequenciaCriar@8e0379d]" name="beforeClass" is-config="true" duration-ms="16264" started-at="2020-07-27T15:50:00Z" finished-at="2020-07-27T15:50:16Z">
          <reporter-output>
          </reporter-output>
        </test-method> <!-- beforeClass -->
        <test-method status="PASS" signature="login()[pri:0, instance:com.timp.test.MDR.SequenciaAcesso.SequenciaCriar@8e0379d]" name="login" duration-ms="9533" started-at="2020-07-27T15:50:16Z" finished-at="2020-07-27T15:50:26Z">
          <reporter-output>
          </reporter-output>
        </test-method> <!-- login -->
        <test-method status="PASS" signature="acessarMDR()[pri:0, instance:com.timp.test.MDR.SequenciaAcesso.SequenciaCriar@8e0379d]" name="acessarMDR" duration-ms="11824" started-at="2020-07-27T15:50:26Z" finished-at="2020-07-27T15:50:38Z">
          <reporter-output>
          </reporter-output>
        </test-method> <!-- acessarMDR -->
        <test-method status="PASS" signature="criar()[pri:0, instance:com.timp.test.MDR.SequenciaAcesso.SequenciaCriar@8e0379d]" name="criar" duration-ms="42267" started-at="2020-07-27T15:50:38Z" finished-at="2020-07-27T15:51:20Z">
          <reporter-output>
          </reporter-output>
        </test-method> <!-- criar -->
      </class> <!-- com.timp.test.MDR.SequenciaAcesso.SequenciaCriar -->
    </test> <!-- Default test -->
  </suite> <!-- Default suite -->
</testng-results>
