<?xml version="1.0" encoding="UTF-8"?>
<testng-results skipped="0" failed="0" total="3" passed="3">
  <reporter-output>
  </reporter-output>
  <suite name="Default suite" duration-ms="158465" started-at="2020-11-13T16:17:09Z" finished-at="2020-11-13T16:19:47Z">
    <groups>
    </groups>
    <test name="Default test" duration-ms="158465" started-at="2020-11-13T16:17:09Z" finished-at="2020-11-13T16:19:47Z">
      <class name="com.timp.test.MDR.TabelasApoioESocial.Tabela21.NaturezaJuridicaExcluir">
        <test-method status="PASS" signature="beforeClass()[pri:0, instance:com.timp.test.MDR.TabelasApoioESocial.Tabela21.NaturezaJuridicaExcluir@f2f2cc1]" name="beforeClass" is-config="true" duration-ms="23384" started-at="2020-11-13T10:17:09Z" finished-at="2020-11-13T10:17:32Z">
          <reporter-output>
          </reporter-output>
        </test-method> <!-- beforeClass -->
        <test-method status="PASS" signature="login()[pri:0, instance:com.timp.test.MDR.TabelasApoioESocial.Tabela21.NaturezaJuridicaExcluir@f2f2cc1]" name="login" duration-ms="9019" started-at="2020-11-13T10:17:32Z" finished-at="2020-11-13T10:17:41Z">
          <reporter-output>
          </reporter-output>
        </test-method> <!-- login -->
        <test-method status="PASS" signature="acessarMDR()[pri:0, instance:com.timp.test.MDR.TabelasApoioESocial.Tabela21.NaturezaJuridicaExcluir@f2f2cc1]" name="acessarMDR" duration-ms="84499" started-at="2020-11-13T10:17:41Z" finished-at="2020-11-13T10:19:06Z">
          <reporter-output>
          </reporter-output>
        </test-method> <!-- acessarMDR -->
        <test-method status="PASS" signature="excluir()[pri:0, instance:com.timp.test.MDR.TabelasApoioESocial.Tabela21.NaturezaJuridicaExcluir@f2f2cc1]" name="excluir" duration-ms="41424" started-at="2020-11-13T10:19:06Z" finished-at="2020-11-13T10:19:47Z">
          <reporter-output>
          </reporter-output>
        </test-method> <!-- excluir -->
        <test-method status="PASS" signature="afterClass()[pri:0, instance:com.timp.test.MDR.TabelasApoioESocial.Tabela21.NaturezaJuridicaExcluir@f2f2cc1]" name="afterClass" is-config="true" duration-ms="127" started-at="2020-11-13T10:19:47Z" finished-at="2020-11-13T10:19:47Z">
          <reporter-output>
          </reporter-output>
        </test-method> <!-- afterClass -->
      </class> <!-- com.timp.test.MDR.TabelasApoioESocial.Tabela21.NaturezaJuridicaExcluir -->
    </test> <!-- Default test -->
  </suite> <!-- Default suite -->
</testng-results>
