<?xml version="1.0" encoding="UTF-8"?>
<testng-results ignored="0" total="1" passed="1" failed="0" skipped="0">
  <reporter-output>
  </reporter-output>
  <suite started-at="2021-03-09T21:15:00Z" name="Default suite" finished-at="2021-03-09T21:16:03Z" duration-ms="63165">
    <groups>
    </groups>
    <test started-at="2021-03-09T21:15:00Z" name="Default test" finished-at="2021-03-09T21:16:03Z" duration-ms="63165">
      <class name="com.timp.test.MDR.TabelasApoioESocial.Tabela05.TiposDeRegistroDetalhes">
        <test-method is-config="true" signature="beforeClass()[pri:0, instance:com.timp.test.MDR.TabelasApoioESocial.Tabela05.TiposDeRegistroDetalhes@20f5281c]" started-at="2021-03-09T21:15:00Z" name="beforeClass" finished-at="2021-03-09T21:15:13Z" duration-ms="12740" status="PASS">
          <reporter-output>
          </reporter-output>
        </test-method> <!-- beforeClass -->
        <test-method signature="detalhe()[pri:0, instance:com.timp.test.MDR.TabelasApoioESocial.Tabela05.TiposDeRegistroDetalhes@20f5281c]" started-at="2021-03-09T21:15:13Z" name="detalhe" finished-at="2021-03-09T21:16:03Z" duration-ms="50383" status="PASS">
          <reporter-output>
          </reporter-output>
        </test-method> <!-- detalhe -->
        <test-method is-config="true" signature="afterClass()[pri:0, instance:com.timp.test.MDR.TabelasApoioESocial.Tabela05.TiposDeRegistroDetalhes@20f5281c]" started-at="2021-03-09T21:16:03Z" name="afterClass" finished-at="2021-03-09T21:16:03Z" duration-ms="0" status="PASS">
          <reporter-output>
          </reporter-output>
        </test-method> <!-- afterClass -->
      </class> <!-- com.timp.test.MDR.TabelasApoioESocial.Tabela05.TiposDeRegistroDetalhes -->
    </test> <!-- Default test -->
  </suite> <!-- Default suite -->
</testng-results>
