<?xml version="1.0" encoding="UTF-8"?>
<testng-results total="3" passed="3" failed="0" skipped="0">
  <reporter-output>
  </reporter-output>
  <suite started-at="2021-01-25T21:57:54Z" name="Default suite" finished-at="2021-01-25T21:59:32Z" duration-ms="97955">
    <groups>
    </groups>
    <test started-at="2021-01-25T21:57:54Z" name="Default test" finished-at="2021-01-25T21:59:32Z" duration-ms="97955">
      <class name="com.timp.test.MDR.TabelasApoioESocial.Tabela01.CategoriasDeTrabalhadoresVisualizar">
        <test-method is-config="true" signature="beforeClass()[pri:0, instance:com.timp.test.MDR.TabelasApoioESocial.Tabela01.CategoriasDeTrabalhadoresVisualizar@5b1669c0]" started-at="2021-01-25T18:57:54Z" name="beforeClass" finished-at="2021-01-25T18:58:10Z" duration-ms="15754" status="PASS">
          <reporter-output>
          </reporter-output>
        </test-method> <!-- beforeClass -->
        <test-method signature="login()[pri:0, instance:com.timp.test.MDR.TabelasApoioESocial.Tabela01.CategoriasDeTrabalhadoresVisualizar@5b1669c0]" started-at="2021-01-25T18:58:10Z" name="login" finished-at="2021-01-25T18:58:19Z" duration-ms="9609" status="PASS">
          <reporter-output>
          </reporter-output>
        </test-method> <!-- login -->
        <test-method signature="acessarMDR()[pri:0, instance:com.timp.test.MDR.TabelasApoioESocial.Tabela01.CategoriasDeTrabalhadoresVisualizar@5b1669c0]" started-at="2021-01-25T18:58:19Z" name="acessarMDR" finished-at="2021-01-25T18:58:49Z" duration-ms="29692" status="PASS">
          <reporter-output>
          </reporter-output>
        </test-method> <!-- acessarMDR -->
        <test-method signature="Visualizar()[pri:0, instance:com.timp.test.MDR.TabelasApoioESocial.Tabela01.CategoriasDeTrabalhadoresVisualizar@5b1669c0]" started-at="2021-01-25T18:58:49Z" name="Visualizar" finished-at="2021-01-25T18:59:28Z" duration-ms="38553" status="PASS">
          <reporter-output>
          </reporter-output>
        </test-method> <!-- Visualizar -->
        <test-method is-config="true" signature="afterClass()[pri:0, instance:com.timp.test.MDR.TabelasApoioESocial.Tabela01.CategoriasDeTrabalhadoresVisualizar@5b1669c0]" started-at="2021-01-25T18:59:28Z" name="afterClass" finished-at="2021-01-25T18:59:32Z" duration-ms="4327" status="PASS">
          <reporter-output>
          </reporter-output>
        </test-method> <!-- afterClass -->
      </class> <!-- com.timp.test.MDR.TabelasApoioESocial.Tabela01.CategoriasDeTrabalhadoresVisualizar -->
    </test> <!-- Default test -->
  </suite> <!-- Default suite -->
</testng-results>
