<?xml version="1.0" encoding="UTF-8"?>
<testng-results skipped="0" failed="0" total="3" passed="3">
  <reporter-output>
  </reporter-output>
  <suite name="Default suite" duration-ms="72339" started-at="2020-07-31T18:55:51Z" finished-at="2020-07-31T18:57:03Z">
    <groups>
    </groups>
    <test name="Default test" duration-ms="72339" started-at="2020-07-31T18:55:51Z" finished-at="2020-07-31T18:57:03Z">
      <class name="com.timp.test.MDR.CodigoContabilizacao.CodigoContabalizacaoVisualizar">
        <test-method status="PASS" signature="beforeClass()[pri:0, instance:com.timp.test.MDR.CodigoContabilizacao.CodigoContabalizacaoVisualizar@8e0379d]" name="beforeClass" is-config="true" duration-ms="17760" started-at="2020-07-31T15:55:51Z" finished-at="2020-07-31T15:56:09Z">
          <reporter-output>
          </reporter-output>
        </test-method> <!-- beforeClass -->
        <test-method status="PASS" signature="login()[pri:0, instance:com.timp.test.MDR.CodigoContabilizacao.CodigoContabalizacaoVisualizar@8e0379d]" name="login" duration-ms="9135" started-at="2020-07-31T15:56:09Z" finished-at="2020-07-31T15:56:18Z">
          <reporter-output>
          </reporter-output>
        </test-method> <!-- login -->
        <test-method status="PASS" signature="acessarMDR()[pri:0, instance:com.timp.test.MDR.CodigoContabilizacao.CodigoContabalizacaoVisualizar@8e0379d]" name="acessarMDR" duration-ms="11309" started-at="2020-07-31T15:56:18Z" finished-at="2020-07-31T15:56:29Z">
          <reporter-output>
          </reporter-output>
        </test-method> <!-- acessarMDR -->
        <test-method status="PASS" signature="Visualizar()[pri:0, instance:com.timp.test.MDR.CodigoContabilizacao.CodigoContabalizacaoVisualizar@8e0379d]" name="Visualizar" duration-ms="34110" started-at="2020-07-31T15:56:29Z" finished-at="2020-07-31T15:57:03Z">
          <reporter-output>
          </reporter-output>
        </test-method> <!-- Visualizar -->
      </class> <!-- com.timp.test.MDR.CodigoContabilizacao.CodigoContabalizacaoVisualizar -->
    </test> <!-- Default test -->
  </suite> <!-- Default suite -->
</testng-results>
