<?xml version="1.0" encoding="UTF-8"?>
<testng-results ignored="0" total="3" passed="2" failed="1" skipped="0">
  <reporter-output>
  </reporter-output>
  <suite started-at="2021-03-16T18:19:22Z" name="Default suite" finished-at="2021-03-16T18:20:53Z" duration-ms="91100">
    <groups>
    </groups>
    <test started-at="2021-03-16T18:19:22Z" name="Default test" finished-at="2021-03-16T18:20:53Z" duration-ms="91100">
      <class name="com.timp.test.ADM.Configuração.ManuaisDeComponente.ManuaisDeComponenteExcluir">
        <test-method is-config="true" signature="beforeClass()[pri:0, instance:com.timp.test.ADM.Configuração.ManuaisDeComponente.ManuaisDeComponenteExcluir@5552768b]" started-at="2021-03-16T18:19:22Z" name="beforeClass" finished-at="2021-03-16T18:19:37Z" duration-ms="15039" status="PASS">
          <reporter-output>
          </reporter-output>
        </test-method> <!-- beforeClass -->
        <test-method signature="login()[pri:0, instance:com.timp.test.ADM.Configuração.ManuaisDeComponente.ManuaisDeComponenteExcluir@5552768b]" started-at="2021-03-16T18:19:37Z" name="login" finished-at="2021-03-16T18:19:47Z" duration-ms="10692" status="PASS">
          <reporter-output>
          </reporter-output>
        </test-method> <!-- login -->
        <test-method signature="AcessarADM()[pri:1, instance:com.timp.test.ADM.Configuração.ManuaisDeComponente.ManuaisDeComponenteExcluir@5552768b]" started-at="2021-03-16T18:19:47Z" name="AcessarADM" finished-at="2021-03-16T18:20:02Z" duration-ms="14916" status="PASS">
          <reporter-output>
          </reporter-output>
        </test-method> <!-- AcessarADM -->
        <test-method signature="Excluir()[pri:2, instance:com.timp.test.ADM.Configuração.ManuaisDeComponente.ManuaisDeComponenteExcluir@5552768b]" started-at="2021-03-16T18:20:02Z" name="Excluir" finished-at="2021-03-16T18:20:53Z" duration-ms="50411" status="FAIL">
          <exception class="java.lang.NumberFormatException">
            <message>
              <![CDATA[For input string: "TSB"]]>
            </message>
            <full-stacktrace>
              <![CDATA[java.lang.NumberFormatException: For input string: "TSB"
at java.base/java.lang.NumberFormatException.forInputString(NumberFormatException.java:65)
at java.base/java.lang.Integer.parseInt(Integer.java:652)
at java.base/java.lang.Integer.<init>(Integer.java:1105)
at com.sap.timp.base.TestBaseSteven.convertToInt(TestBaseSteven.java:407)
at com.sap.timp.pageObjectModel.ADM.Configuração.ManuaisDeComponente.ManuaisDeComponenteExcluirPO.exluir(ManuaisDeComponenteExcluirPO.java:128)
at com.timp.test.ADM.Configuração.ManuaisDeComponente.ManuaisDeComponenteExcluir.Excluir(ManuaisDeComponenteExcluir.java:51)
at java.base/jdk.internal.reflect.NativeMethodAccessorImpl.invoke0(Native Method)
at java.base/jdk.internal.reflect.NativeMethodAccessorImpl.invoke(NativeMethodAccessorImpl.java:62)
at java.base/jdk.internal.reflect.DelegatingMethodAccessorImpl.invoke(DelegatingMethodAccessorImpl.java:43)
at java.base/java.lang.reflect.Method.invoke(Method.java:566)
at org.testng.internal.MethodInvocationHelper.invokeMethod(MethodInvocationHelper.java:124)
at org.testng.internal.Invoker.invokeMethod(Invoker.java:583)
at org.testng.internal.Invoker.invokeTestMethod(Invoker.java:719)
at org.testng.internal.Invoker.invokeTestMethods(Invoker.java:989)
at org.testng.internal.TestMethodWorker.invokeTestMethods(TestMethodWorker.java:125)
at org.testng.internal.TestMethodWorker.run(TestMethodWorker.java:109)
at org.testng.TestRunner.privateRun(TestRunner.java:648)
at org.testng.TestRunner.run(TestRunner.java:505)
at org.testng.SuiteRunner.runTest(SuiteRunner.java:455)
at org.testng.SuiteRunner.runSequentially(SuiteRunner.java:450)
at org.testng.SuiteRunner.privateRun(SuiteRunner.java:415)
at org.testng.SuiteRunner.run(SuiteRunner.java:364)
at org.testng.SuiteRunnerWorker.runSuite(SuiteRunnerWorker.java:52)
at org.testng.SuiteRunnerWorker.run(SuiteRunnerWorker.java:84)
at org.testng.TestNG.runSuitesSequentially(TestNG.java:1208)
at org.testng.TestNG.runSuitesLocally(TestNG.java:1137)
at org.testng.TestNG.runSuites(TestNG.java:1049)
at org.testng.TestNG.run(TestNG.java:1017)
at org.testng.remote.AbstractRemoteTestNG.run(AbstractRemoteTestNG.java:115)
at org.testng.remote.RemoteTestNG.initAndRun(RemoteTestNG.java:251)
at org.testng.remote.RemoteTestNG.main(RemoteTestNG.java:77)
]]>
            </full-stacktrace>
          </exception> <!-- java.lang.NumberFormatException -->
          <reporter-output>
          </reporter-output>
        </test-method> <!-- Excluir -->
        <test-method is-config="true" signature="afterClass()[pri:0, instance:com.timp.test.ADM.Configuração.ManuaisDeComponente.ManuaisDeComponenteExcluir@5552768b]" started-at="2021-03-16T18:20:53Z" name="afterClass" finished-at="2021-03-16T18:20:53Z" duration-ms="0" status="PASS">
          <reporter-output>
          </reporter-output>
        </test-method> <!-- afterClass -->
      </class> <!-- com.timp.test.ADM.Configuração.ManuaisDeComponente.ManuaisDeComponenteExcluir -->
    </test> <!-- Default test -->
  </suite> <!-- Default suite -->
</testng-results>
