<?xml version="1.0" encoding="UTF-8"?>
<testng-results total="3" passed="3" failed="0" skipped="0">
  <reporter-output>
  </reporter-output>
  <suite started-at="2021-01-06T04:59:12Z" name="Default suite" finished-at="2021-01-06T05:00:39Z" duration-ms="87593">
    <groups>
    </groups>
    <test started-at="2021-01-06T04:59:12Z" name="Default test" finished-at="2021-01-06T05:00:39Z" duration-ms="87593">
      <class name="com.timp.test.DFG.AN4.AN4Funcionalidades">
        <test-method is-config="true" signature="beforeClass()[pri:0, instance:com.timp.test.DFG.AN4.AN4Funcionalidades@7d0b7e3c]" started-at="2021-01-05T22:59:12Z" name="beforeClass" finished-at="2021-01-05T22:59:26Z" duration-ms="14506" status="PASS">
          <reporter-output>
          </reporter-output>
        </test-method> <!-- beforeClass -->
        <test-method signature="ingresar()[pri:0, instance:com.timp.test.DFG.AN4.AN4Funcionalidades@7d0b7e3c]" started-at="2021-01-05T22:59:26Z" name="ingresar" finished-at="2021-01-05T22:59:33Z" duration-ms="6721" status="PASS">
          <reporter-output>
          </reporter-output>
        </test-method> <!-- ingresar -->
        <test-method signature="AN4IdDFG()[pri:0, instance:com.timp.test.DFG.AN4.AN4Funcionalidades@7d0b7e3c]" started-at="2021-01-05T22:59:33Z" name="AN4IdDFG" finished-at="2021-01-05T23:00:00Z" duration-ms="27361" status="PASS">
          <reporter-output>
          </reporter-output>
        </test-method> <!-- AN4IdDFG -->
        <test-method signature="executarDFG()[pri:0, instance:com.timp.test.DFG.AN4.AN4Funcionalidades@7d0b7e3c]" started-at="2021-01-05T23:00:00Z" name="executarDFG" finished-at="2021-01-05T23:00:39Z" duration-ms="38987" status="PASS">
          <reporter-output>
          </reporter-output>
        </test-method> <!-- executarDFG -->
        <test-method is-config="true" signature="afterClass()[pri:0, instance:com.timp.test.DFG.AN4.AN4Funcionalidades@7d0b7e3c]" started-at="2021-01-05T23:00:39Z" name="afterClass" finished-at="2021-01-05T23:00:39Z" duration-ms="1" status="PASS">
          <reporter-output>
          </reporter-output>
        </test-method> <!-- afterClass -->
      </class> <!-- com.timp.test.DFG.AN4.AN4Funcionalidades -->
    </test> <!-- Default test -->
  </suite> <!-- Default suite -->
</testng-results>
