<?xml version="1.0" encoding="UTF-8"?>
<testng-results skipped="0" failed="0" total="3" passed="3">
  <reporter-output>
  </reporter-output>
  <suite name="Default suite" duration-ms="129969" started-at="2020-07-24T22:13:45Z" finished-at="2020-07-24T22:15:55Z">
    <groups>
    </groups>
    <test name="Default test" duration-ms="129969" started-at="2020-07-24T22:13:45Z" finished-at="2020-07-24T22:15:55Z">
      <class name="com.timp.test.MDR.CadastroDerex.CadastroResponsavel.ResponsavelMovimentoCriar">
        <test-method status="PASS" signature="beforeClass()[pri:0, instance:com.timp.test.MDR.CadastroDerex.CadastroResponsavel.ResponsavelMovimentoCriar@35083305]" name="beforeClass" is-config="true" duration-ms="10371" started-at="2020-07-24T16:13:45Z" finished-at="2020-07-24T16:13:55Z">
          <reporter-output>
          </reporter-output>
        </test-method> <!-- beforeClass -->
        <test-method status="PASS" signature="login()[pri:0, instance:com.timp.test.MDR.CadastroDerex.CadastroResponsavel.ResponsavelMovimentoCriar@35083305]" name="login" duration-ms="6094" started-at="2020-07-24T16:13:55Z" finished-at="2020-07-24T16:14:01Z">
          <reporter-output>
          </reporter-output>
        </test-method> <!-- login -->
        <test-method status="PASS" signature="acessarMDR()[pri:0, instance:com.timp.test.MDR.CadastroDerex.CadastroResponsavel.ResponsavelMovimentoCriar@35083305]" name="acessarMDR" duration-ms="21861" started-at="2020-07-24T16:14:01Z" finished-at="2020-07-24T16:14:23Z">
          <reporter-output>
          </reporter-output>
        </test-method> <!-- acessarMDR -->
        <test-method status="PASS" signature="visualizar()[pri:0, instance:com.timp.test.MDR.CadastroDerex.CadastroResponsavel.ResponsavelMovimentoCriar@35083305]" name="visualizar" duration-ms="91630" started-at="2020-07-24T16:14:23Z" finished-at="2020-07-24T16:15:55Z">
          <reporter-output>
          </reporter-output>
        </test-method> <!-- visualizar -->
      </class> <!-- com.timp.test.MDR.CadastroDerex.CadastroResponsavel.ResponsavelMovimentoCriar -->
    </test> <!-- Default test -->
  </suite> <!-- Default suite -->
</testng-results>
