<?xml version="1.0" encoding="UTF-8"?>
<testng-results total="3" passed="3" failed="0" skipped="0">
  <reporter-output>
  </reporter-output>
  <suite started-at="2021-01-08T06:17:29Z" name="Default suite" finished-at="2021-01-08T06:19:06Z" duration-ms="96645">
    <groups>
    </groups>
    <test started-at="2021-01-08T06:17:29Z" name="Default test" finished-at="2021-01-08T06:19:06Z" duration-ms="96645">
      <class name="com.timp.test.BRE.RegrasDeAuditoriaN4.ParametrosGerais.RegrasDeAuditoriaN4Visualizar">
        <test-method is-config="true" signature="beforeClass()[pri:0, instance:com.timp.test.BRE.RegrasDeAuditoriaN4.ParametrosGerais.RegrasDeAuditoriaN4Visualizar@1530c739]" started-at="2021-01-08T03:17:29Z" name="beforeClass" finished-at="2021-01-08T03:17:43Z" duration-ms="13837" status="PASS">
          <reporter-output>
          </reporter-output>
        </test-method> <!-- beforeClass -->
        <test-method signature="login()[pri:0, instance:com.timp.test.BRE.RegrasDeAuditoriaN4.ParametrosGerais.RegrasDeAuditoriaN4Visualizar@1530c739]" started-at="2021-01-08T03:17:43Z" name="login" finished-at="2021-01-08T03:17:52Z" duration-ms="8223" status="PASS">
          <reporter-output>
          </reporter-output>
        </test-method> <!-- login -->
        <test-method signature="acessarBRE()[pri:0, instance:com.timp.test.BRE.RegrasDeAuditoriaN4.ParametrosGerais.RegrasDeAuditoriaN4Visualizar@1530c739]" started-at="2021-01-08T03:17:52Z" name="acessarBRE" finished-at="2021-01-08T03:18:09Z" duration-ms="17197" status="PASS">
          <reporter-output>
          </reporter-output>
        </test-method> <!-- acessarBRE -->
        <test-method signature="visualizar()[pri:0, instance:com.timp.test.BRE.RegrasDeAuditoriaN4.ParametrosGerais.RegrasDeAuditoriaN4Visualizar@1530c739]" started-at="2021-01-08T03:18:09Z" name="visualizar" finished-at="2021-01-08T03:19:06Z" duration-ms="57335" status="PASS">
          <reporter-output>
          </reporter-output>
        </test-method> <!-- visualizar -->
        <test-method is-config="true" signature="afterClass()[pri:0, instance:com.timp.test.BRE.RegrasDeAuditoriaN4.ParametrosGerais.RegrasDeAuditoriaN4Visualizar@1530c739]" started-at="2021-01-08T03:19:06Z" name="afterClass" finished-at="2021-01-08T03:19:06Z" duration-ms="1" status="PASS">
          <reporter-output>
          </reporter-output>
        </test-method> <!-- afterClass -->
      </class> <!-- com.timp.test.BRE.RegrasDeAuditoriaN4.ParametrosGerais.RegrasDeAuditoriaN4Visualizar -->
    </test> <!-- Default test -->
  </suite> <!-- Default suite -->
</testng-results>
