<?xml version="1.0" encoding="UTF-8"?>
<testng-results skipped="0" failed="0" total="3" passed="3">
  <reporter-output>
  </reporter-output>
  <suite name="Default suite" duration-ms="110398" started-at="2020-09-28T20:25:46Z" finished-at="2020-09-28T20:27:36Z">
    <groups>
    </groups>
    <test name="Default test" duration-ms="110398" started-at="2020-09-28T20:25:46Z" finished-at="2020-09-28T20:27:36Z">
      <class name="com.timp.test.MDR.EventosESocial.S1200RemuneracaoDeTrabalhador.S1200RemuneracaoDeTrabalhadorExcluir">
        <test-method status="PASS" signature="beforeClass()[pri:0, instance:com.timp.test.MDR.EventosESocial.S1200RemuneracaoDeTrabalhador.S1200RemuneracaoDeTrabalhadorExcluir@436a4e4b]" name="beforeClass" is-config="true" duration-ms="18326" started-at="2020-09-28T17:25:46Z" finished-at="2020-09-28T17:26:04Z">
          <reporter-output>
          </reporter-output>
        </test-method> <!-- beforeClass -->
        <test-method status="PASS" signature="login()[pri:0, instance:com.timp.test.MDR.EventosESocial.S1200RemuneracaoDeTrabalhador.S1200RemuneracaoDeTrabalhadorExcluir@436a4e4b]" name="login" duration-ms="11066" started-at="2020-09-28T17:26:04Z" finished-at="2020-09-28T17:26:15Z">
          <reporter-output>
          </reporter-output>
        </test-method> <!-- login -->
        <test-method status="PASS" signature="acessarMDR()[pri:0, instance:com.timp.test.MDR.EventosESocial.S1200RemuneracaoDeTrabalhador.S1200RemuneracaoDeTrabalhadorExcluir@436a4e4b]" name="acessarMDR" duration-ms="12561" started-at="2020-09-28T17:26:15Z" finished-at="2020-09-28T17:26:28Z">
          <reporter-output>
          </reporter-output>
        </test-method> <!-- acessarMDR -->
        <test-method status="PASS" signature="excluir()[pri:0, instance:com.timp.test.MDR.EventosESocial.S1200RemuneracaoDeTrabalhador.S1200RemuneracaoDeTrabalhadorExcluir@436a4e4b]" name="excluir" duration-ms="68417" started-at="2020-09-28T17:26:28Z" finished-at="2020-09-28T17:27:36Z">
          <reporter-output>
          </reporter-output>
        </test-method> <!-- excluir -->
      </class> <!-- com.timp.test.MDR.EventosESocial.S1200RemuneracaoDeTrabalhador.S1200RemuneracaoDeTrabalhadorExcluir -->
    </test> <!-- Default test -->
  </suite> <!-- Default suite -->
</testng-results>
