<?xml version="1.0" encoding="UTF-8"?>
<testng-results total="3" passed="3" failed="0" skipped="0">
  <reporter-output>
  </reporter-output>
  <suite started-at="2021-02-17T16:39:33Z" name="Default suite" finished-at="2021-02-17T16:41:32Z" duration-ms="118864">
    <groups>
    </groups>
    <test started-at="2021-02-17T16:39:33Z" name="Default test" finished-at="2021-02-17T16:41:32Z" duration-ms="118864">
      <class name="com.timp.test.TFP.Configurações.Bloqueios.SubPeriodo.BloqueioSubPeriodoEditar">
        <test-method is-config="true" signature="beforeClass()[pri:0, instance:com.timp.test.TFP.Configurações.Bloqueios.SubPeriodo.BloqueioSubPeriodoEditar@6e9175d8]" started-at="2021-02-17T13:39:33Z" name="beforeClass" finished-at="2021-02-17T13:39:46Z" duration-ms="13587" status="PASS">
          <reporter-output>
          </reporter-output>
        </test-method> <!-- beforeClass -->
        <test-method signature="login()[pri:0, instance:com.timp.test.TFP.Configurações.Bloqueios.SubPeriodo.BloqueioSubPeriodoEditar@6e9175d8]" started-at="2021-02-17T13:39:46Z" name="login" finished-at="2021-02-17T13:39:55Z" duration-ms="8360" status="PASS">
          <reporter-output>
          </reporter-output>
        </test-method> <!-- login -->
        <test-method signature="TFPEntrar()[pri:0, instance:com.timp.test.TFP.Configurações.Bloqueios.SubPeriodo.BloqueioSubPeriodoEditar@6e9175d8]" started-at="2021-02-17T13:39:55Z" name="TFPEntrar" finished-at="2021-02-17T13:40:17Z" duration-ms="22023" status="PASS">
          <reporter-output>
          </reporter-output>
        </test-method> <!-- TFPEntrar -->
        <test-method signature="editar()[pri:0, instance:com.timp.test.TFP.Configurações.Bloqueios.SubPeriodo.BloqueioSubPeriodoEditar@6e9175d8]" started-at="2021-02-17T13:40:17Z" name="editar" finished-at="2021-02-17T13:41:32Z" duration-ms="74870" status="PASS">
          <reporter-output>
          </reporter-output>
        </test-method> <!-- editar -->
        <test-method is-config="true" signature="afterClass()[pri:0, instance:com.timp.test.TFP.Configurações.Bloqueios.SubPeriodo.BloqueioSubPeriodoEditar@6e9175d8]" started-at="2021-02-17T13:41:32Z" name="afterClass" finished-at="2021-02-17T13:41:32Z" duration-ms="1" status="PASS">
          <reporter-output>
          </reporter-output>
        </test-method> <!-- afterClass -->
      </class> <!-- com.timp.test.TFP.Configurações.Bloqueios.SubPeriodo.BloqueioSubPeriodoEditar -->
    </test> <!-- Default test -->
  </suite> <!-- Default suite -->
</testng-results>
