<?xml version="1.0" encoding="UTF-8"?>
<testng-results ignored="0" total="2" passed="2" failed="0" skipped="0">
  <reporter-output>
  </reporter-output>
  <suite started-at="2021-03-28T23:14:29Z" name="Default suite" finished-at="2021-03-28T23:16:44Z" duration-ms="134604">
    <groups>
    </groups>
    <test started-at="2021-03-28T23:14:29Z" name="Default test" finished-at="2021-03-28T23:16:44Z" duration-ms="134604">
      <class name="com.timp.test.MDR.TipoDeTributoContaContabil.TipoDeTributoContaContabiExcluirMassa">
        <test-method is-config="true" signature="beforeClass()[pri:0, instance:com.timp.test.MDR.TipoDeTributoContaContabil.TipoDeTributoContaContabiExcluirMassa@33bc72d1]" started-at="2021-03-28T23:14:29Z" name="beforeClass" finished-at="2021-03-28T23:14:46Z" duration-ms="16872" status="PASS">
          <reporter-output>
          </reporter-output>
        </test-method> <!-- beforeClass -->
        <test-method signature="criar()[pri:0, instance:com.timp.test.MDR.TipoDeTributoContaContabil.TipoDeTributoContaContabiExcluirMassa@33bc72d1]" started-at="2021-03-28T23:14:46Z" name="criar" finished-at="2021-03-28T23:16:18Z" duration-ms="92400" status="PASS">
          <reporter-output>
          </reporter-output>
        </test-method> <!-- criar -->
        <test-method signature="excluir()[pri:0, instance:com.timp.test.MDR.TipoDeTributoContaContabil.TipoDeTributoContaContabiExcluirMassa@33bc72d1]" started-at="2021-03-28T23:16:18Z" name="excluir" finished-at="2021-03-28T23:16:44Z" depends-on-methods="com.timp.test.MDR.TipoDeTributoContaContabil.TipoDeTributoContaContabiExcluirMassa.criar" duration-ms="25306" status="PASS">
          <reporter-output>
          </reporter-output>
        </test-method> <!-- excluir -->
        <test-method is-config="true" signature="afterClass()[pri:0, instance:com.timp.test.MDR.TipoDeTributoContaContabil.TipoDeTributoContaContabiExcluirMassa@33bc72d1]" started-at="2021-03-28T23:16:44Z" name="afterClass" finished-at="2021-03-28T23:16:44Z" duration-ms="0" status="PASS">
          <reporter-output>
          </reporter-output>
        </test-method> <!-- afterClass -->
      </class> <!-- com.timp.test.MDR.TipoDeTributoContaContabil.TipoDeTributoContaContabiExcluirMassa -->
    </test> <!-- Default test -->
  </suite> <!-- Default suite -->
</testng-results>
