<?xml version="1.0" encoding="UTF-8"?>
<testng-results total="3" passed="3" failed="0" skipped="0">
  <reporter-output>
  </reporter-output>
  <suite started-at="2021-02-02T17:51:05Z" name="Default suite" finished-at="2021-02-02T17:52:31Z" duration-ms="86334">
    <groups>
    </groups>
    <test started-at="2021-02-02T17:51:05Z" name="Default test" finished-at="2021-02-02T17:52:31Z" duration-ms="86334">
      <class name="com.timp.test.MDR.TabelasApoioESocial.Tabela17.DescriçãoDeNatDeLesãoVisualizar">
        <test-method is-config="true" signature="beforeClass()[pri:0, instance:com.timp.test.MDR.TabelasApoioESocial.Tabela17.DescriçãoDeNatDeLesãoVisualizar@68e5eea7]" started-at="2021-02-02T14:51:05Z" name="beforeClass" finished-at="2021-02-02T14:51:18Z" duration-ms="12943" status="PASS">
          <reporter-output>
          </reporter-output>
        </test-method> <!-- beforeClass -->
        <test-method signature="ingresar()[pri:0, instance:com.timp.test.MDR.TabelasApoioESocial.Tabela17.DescriçãoDeNatDeLesãoVisualizar@68e5eea7]" started-at="2021-02-02T14:51:18Z" name="ingresar" finished-at="2021-02-02T14:51:26Z" duration-ms="7569" status="PASS">
          <reporter-output>
          </reporter-output>
        </test-method> <!-- ingresar -->
        <test-method signature="mdrEntrar()[pri:0, instance:com.timp.test.MDR.TabelasApoioESocial.Tabela17.DescriçãoDeNatDeLesãoVisualizar@68e5eea7]" started-at="2021-02-02T14:51:26Z" name="mdrEntrar" finished-at="2021-02-02T14:51:50Z" duration-ms="23987" status="PASS">
          <reporter-output>
          </reporter-output>
        </test-method> <!-- mdrEntrar -->
        <test-method signature="visualizar()[pri:0, instance:com.timp.test.MDR.TabelasApoioESocial.Tabela17.DescriçãoDeNatDeLesãoVisualizar@68e5eea7]" started-at="2021-02-02T14:51:50Z" name="visualizar" finished-at="2021-02-02T14:52:27Z" duration-ms="37382" status="PASS">
          <reporter-output>
          </reporter-output>
        </test-method> <!-- visualizar -->
        <test-method is-config="true" signature="afterClass()[pri:0, instance:com.timp.test.MDR.TabelasApoioESocial.Tabela17.DescriçãoDeNatDeLesãoVisualizar@68e5eea7]" started-at="2021-02-02T14:52:27Z" name="afterClass" finished-at="2021-02-02T14:52:31Z" duration-ms="4428" status="PASS">
          <reporter-output>
          </reporter-output>
        </test-method> <!-- afterClass -->
      </class> <!-- com.timp.test.MDR.TabelasApoioESocial.Tabela17.DescriçãoDeNatDeLesãoVisualizar -->
    </test> <!-- Default test -->
  </suite> <!-- Default suite -->
</testng-results>
