<?xml version="1.0" encoding="UTF-8"?>
<testng-results skipped="0" failed="0" total="3" passed="3">
  <reporter-output>
  </reporter-output>
  <suite name="Default suite" duration-ms="51916" started-at="2020-07-23T20:00:49Z" finished-at="2020-07-23T20:01:41Z">
    <groups>
    </groups>
    <test name="Default test" duration-ms="51916" started-at="2020-07-23T20:00:49Z" finished-at="2020-07-23T20:01:41Z">
      <class name="com.timp.test.BRB.EditarPrueba">
        <test-method status="PASS" signature="beforeClass()[pri:0, instance:com.timp.test.BRB.EditarPrueba@341b80b2]" name="beforeClass" is-config="true" duration-ms="11546" started-at="2020-07-23T14:00:49Z" finished-at="2020-07-23T14:01:01Z">
          <reporter-output>
          </reporter-output>
        </test-method> <!-- beforeClass -->
        <test-method status="PASS" signature="login()[pri:0, instance:com.timp.test.BRB.EditarPrueba@341b80b2]" name="login" duration-ms="5524" started-at="2020-07-23T14:01:01Z" finished-at="2020-07-23T14:01:07Z">
          <reporter-output>
          </reporter-output>
        </test-method> <!-- login -->
        <test-method status="PASS" signature="brbEntrar()[pri:0, instance:com.timp.test.BRB.EditarPrueba@341b80b2]" name="brbEntrar" duration-ms="13669" started-at="2020-07-23T14:01:07Z" finished-at="2020-07-23T14:01:20Z">
          <reporter-output>
          </reporter-output>
        </test-method> <!-- brbEntrar -->
        <test-method status="PASS" signature="editar()[pri:0, instance:com.timp.test.BRB.EditarPrueba@341b80b2]" name="editar" duration-ms="21160" started-at="2020-07-23T14:01:20Z" finished-at="2020-07-23T14:01:41Z">
          <reporter-output>
          </reporter-output>
        </test-method> <!-- editar -->
        <test-method status="PASS" signature="afterClass()[pri:0, instance:com.timp.test.BRB.EditarPrueba@341b80b2]" name="afterClass" is-config="true" duration-ms="1" started-at="2020-07-23T14:01:41Z" finished-at="2020-07-23T14:01:41Z">
          <reporter-output>
          </reporter-output>
        </test-method> <!-- afterClass -->
      </class> <!-- com.timp.test.BRB.EditarPrueba -->
    </test> <!-- Default test -->
  </suite> <!-- Default suite -->
</testng-results>
