<?xml version="1.0" encoding="UTF-8"?>
<testng-results total="3" passed="3" failed="0" skipped="0">
  <reporter-output>
  </reporter-output>
  <suite started-at="2020-12-28T14:32:41Z" name="Default suite" finished-at="2020-12-28T14:35:08Z" duration-ms="147143">
    <groups>
    </groups>
    <test started-at="2020-12-28T14:32:41Z" name="Default test" finished-at="2020-12-28T14:35:08Z" duration-ms="147143">
      <class name="com.timp.test.MDR.CodigoReceita.CodigoReceitaExcluirEmMassa">
        <test-method is-config="true" signature="beforeClass()[pri:0, instance:com.timp.test.MDR.CodigoReceita.CodigoReceitaExcluirEmMassa@4416d64f]" started-at="2020-12-28T08:32:41Z" name="beforeClass" finished-at="2020-12-28T08:32:55Z" duration-ms="13895" status="PASS">
          <reporter-output>
          </reporter-output>
        </test-method> <!-- beforeClass -->
        <test-method signature="login()[pri:0, instance:com.timp.test.MDR.CodigoReceita.CodigoReceitaExcluirEmMassa@4416d64f]" started-at="2020-12-28T08:32:55Z" name="login" finished-at="2020-12-28T08:33:04Z" duration-ms="8703" status="PASS">
          <reporter-output>
          </reporter-output>
        </test-method> <!-- login -->
        <test-method signature="acessarMDR()[pri:0, instance:com.timp.test.MDR.CodigoReceita.CodigoReceitaExcluirEmMassa@4416d64f]" started-at="2020-12-28T08:33:04Z" name="acessarMDR" finished-at="2020-12-28T08:33:20Z" duration-ms="16232" status="PASS">
          <reporter-output>
          </reporter-output>
        </test-method> <!-- acessarMDR -->
        <test-method signature="criar()[pri:0, instance:com.timp.test.MDR.CodigoReceita.CodigoReceitaExcluirEmMassa@4416d64f]" started-at="2020-12-28T08:33:20Z" name="criar" finished-at="2020-12-28T08:35:08Z" duration-ms="108290" status="PASS">
          <reporter-output>
          </reporter-output>
        </test-method> <!-- criar -->
        <test-method is-config="true" signature="afterClass()[pri:0, instance:com.timp.test.MDR.CodigoReceita.CodigoReceitaExcluirEmMassa@4416d64f]" started-at="2020-12-28T08:35:08Z" name="afterClass" finished-at="2020-12-28T08:35:08Z" duration-ms="1" status="PASS">
          <reporter-output>
          </reporter-output>
        </test-method> <!-- afterClass -->
      </class> <!-- com.timp.test.MDR.CodigoReceita.CodigoReceitaExcluirEmMassa -->
    </test> <!-- Default test -->
  </suite> <!-- Default suite -->
</testng-results>
