<?xml version="1.0" encoding="UTF-8"?>
<testng-results total="3" passed="3" failed="0" skipped="0">
  <reporter-output>
  </reporter-output>
  <suite started-at="2021-01-18T16:48:11Z" name="Default suite" finished-at="2021-01-18T16:51:02Z" duration-ms="171016">
    <groups>
    </groups>
    <test started-at="2021-01-18T16:48:11Z" name="Default test" finished-at="2021-01-18T16:51:02Z" duration-ms="171016">
      <class name="com.timp.test.TCC.GestaoDeCreditoTributarioICMS.ConfiguracaoEExecucaoRegistro1200.ConfiguracaoEExecucaoRegistro1200Executar">
        <test-method is-config="true" signature="beforeClass()[pri:0, instance:com.timp.test.TCC.GestaoDeCreditoTributarioICMS.ConfiguracaoEExecucaoRegistro1200.ConfiguracaoEExecucaoRegistro1200Executar@2cf3d63b]" started-at="2021-01-18T10:48:11Z" name="beforeClass" finished-at="2021-01-18T10:48:26Z" duration-ms="14472" status="PASS">
          <reporter-output>
          </reporter-output>
        </test-method> <!-- beforeClass -->
        <test-method signature="login()[pri:0, instance:com.timp.test.TCC.GestaoDeCreditoTributarioICMS.ConfiguracaoEExecucaoRegistro1200.ConfiguracaoEExecucaoRegistro1200Executar@2cf3d63b]" started-at="2021-01-18T10:48:26Z" name="login" finished-at="2021-01-18T10:48:33Z" duration-ms="7690" status="PASS">
          <reporter-output>
          </reporter-output>
        </test-method> <!-- login -->
        <test-method signature="acessarTCC()[pri:0, instance:com.timp.test.TCC.GestaoDeCreditoTributarioICMS.ConfiguracaoEExecucaoRegistro1200.ConfiguracaoEExecucaoRegistro1200Executar@2cf3d63b]" started-at="2021-01-18T10:48:33Z" name="acessarTCC" finished-at="2021-01-18T10:48:55Z" duration-ms="21991" status="PASS">
          <reporter-output>
          </reporter-output>
        </test-method> <!-- acessarTCC -->
        <test-method signature="Exceutar()[pri:0, instance:com.timp.test.TCC.GestaoDeCreditoTributarioICMS.ConfiguracaoEExecucaoRegistro1200.ConfiguracaoEExecucaoRegistro1200Executar@2cf3d63b]" started-at="2021-01-18T10:48:55Z" name="Exceutar" finished-at="2021-01-18T10:51:02Z" duration-ms="126848" status="PASS">
          <reporter-output>
          </reporter-output>
        </test-method> <!-- Exceutar -->
        <test-method is-config="true" signature="afterClass()[pri:0, instance:com.timp.test.TCC.GestaoDeCreditoTributarioICMS.ConfiguracaoEExecucaoRegistro1200.ConfiguracaoEExecucaoRegistro1200Executar@2cf3d63b]" started-at="2021-01-18T10:51:02Z" name="afterClass" finished-at="2021-01-18T10:51:02Z" duration-ms="0" status="PASS">
          <reporter-output>
          </reporter-output>
        </test-method> <!-- afterClass -->
      </class> <!-- com.timp.test.TCC.GestaoDeCreditoTributarioICMS.ConfiguracaoEExecucaoRegistro1200.ConfiguracaoEExecucaoRegistro1200Executar -->
    </test> <!-- Default test -->
  </suite> <!-- Default suite -->
</testng-results>
