<?xml version="1.0" encoding="UTF-8"?>
<testng-results skipped="0" failed="0" total="3" passed="3">
  <reporter-output>
  </reporter-output>
  <suite name="Default suite" duration-ms="104078" started-at="2020-07-27T15:39:10Z" finished-at="2020-07-27T15:40:54Z">
    <groups>
    </groups>
    <test name="Default test" duration-ms="104078" started-at="2020-07-27T15:39:10Z" finished-at="2020-07-27T15:40:54Z">
      <class name="com.timp.test.MDR.SequenciaAcesso.SequenciaCriar">
        <test-method status="PASS" signature="beforeClass()[pri:0, instance:com.timp.test.MDR.SequenciaAcesso.SequenciaCriar@8e0379d]" name="beforeClass" is-config="true" duration-ms="18999" started-at="2020-07-27T12:39:10Z" finished-at="2020-07-27T12:39:29Z">
          <reporter-output>
          </reporter-output>
        </test-method> <!-- beforeClass -->
        <test-method status="PASS" signature="login()[pri:0, instance:com.timp.test.MDR.SequenciaAcesso.SequenciaCriar@8e0379d]" name="login" duration-ms="12023" started-at="2020-07-27T12:39:29Z" finished-at="2020-07-27T12:39:41Z">
          <reporter-output>
          </reporter-output>
        </test-method> <!-- login -->
        <test-method status="PASS" signature="acessarMDR()[pri:0, instance:com.timp.test.MDR.SequenciaAcesso.SequenciaCriar@8e0379d]" name="acessarMDR" duration-ms="14343" started-at="2020-07-27T12:39:41Z" finished-at="2020-07-27T12:39:56Z">
          <reporter-output>
          </reporter-output>
        </test-method> <!-- acessarMDR -->
        <test-method status="PASS" signature="criar()[pri:0, instance:com.timp.test.MDR.SequenciaAcesso.SequenciaCriar@8e0379d]" name="criar" duration-ms="58685" started-at="2020-07-27T12:39:56Z" finished-at="2020-07-27T12:40:54Z">
          <reporter-output>
          </reporter-output>
        </test-method> <!-- criar -->
      </class> <!-- com.timp.test.MDR.SequenciaAcesso.SequenciaCriar -->
    </test> <!-- Default test -->
  </suite> <!-- Default suite -->
</testng-results>
