<?xml version="1.0" encoding="UTF-8"?>
<testng-results skipped="0" failed="0" total="3" passed="3">
  <reporter-output>
  </reporter-output>
  <suite name="Default suite" duration-ms="133868" started-at="2020-09-14T22:56:09Z" finished-at="2020-09-14T22:58:23Z">
    <groups>
    </groups>
    <test name="Default test" duration-ms="133868" started-at="2020-09-14T22:56:09Z" finished-at="2020-09-14T22:58:23Z">
      <class name="com.timp.test.MDR.ParametrosContabilizacao.MapeamentoContabil.MapeamentoContabilCriar">
        <test-method status="PASS" signature="beforeClass()[pri:0, instance:com.timp.test.MDR.ParametrosContabilizacao.MapeamentoContabil.MapeamentoContabilCriar@3b2cf7ab]" name="beforeClass" is-config="true" duration-ms="15071" started-at="2020-09-14T16:56:09Z" finished-at="2020-09-14T16:56:25Z">
          <reporter-output>
          </reporter-output>
        </test-method> <!-- beforeClass -->
        <test-method status="PASS" signature="login()[pri:0, instance:com.timp.test.MDR.ParametrosContabilizacao.MapeamentoContabil.MapeamentoContabilCriar@3b2cf7ab]" name="login" duration-ms="9171" started-at="2020-09-14T16:56:25Z" finished-at="2020-09-14T16:56:34Z">
          <reporter-output>
          </reporter-output>
        </test-method> <!-- login -->
        <test-method status="PASS" signature="acessarMDR()[pri:0, instance:com.timp.test.MDR.ParametrosContabilizacao.MapeamentoContabil.MapeamentoContabilCriar@3b2cf7ab]" name="acessarMDR" duration-ms="28498" started-at="2020-09-14T16:56:34Z" finished-at="2020-09-14T16:57:02Z">
          <reporter-output>
          </reporter-output>
        </test-method> <!-- acessarMDR -->
        <test-method status="PASS" signature="criar()[pri:0, instance:com.timp.test.MDR.ParametrosContabilizacao.MapeamentoContabil.MapeamentoContabilCriar@3b2cf7ab]" name="criar" duration-ms="81117" started-at="2020-09-14T16:57:02Z" finished-at="2020-09-14T16:58:23Z">
          <reporter-output>
          </reporter-output>
        </test-method> <!-- criar -->
      </class> <!-- com.timp.test.MDR.ParametrosContabilizacao.MapeamentoContabil.MapeamentoContabilCriar -->
    </test> <!-- Default test -->
  </suite> <!-- Default suite -->
</testng-results>
