<?xml version="1.0" encoding="UTF-8"?>
<testng-results total="3" passed="3" failed="0" skipped="0">
  <reporter-output>
  </reporter-output>
  <suite started-at="2021-01-14T23:09:28Z" name="Default suite" finished-at="2021-01-14T23:11:05Z" duration-ms="97610">
    <groups>
    </groups>
    <test started-at="2021-01-14T23:09:28Z" name="Default test" finished-at="2021-01-14T23:11:05Z" duration-ms="97610">
      <class name="com.timp.test.TCC.BancoDeCreditoExtemporaneo.ConfiguracaoEExecucao.ConfiguracaoEExecucaoVisualizar">
        <test-method is-config="true" signature="beforeClass()[pri:0, instance:com.timp.test.TCC.BancoDeCreditoExtemporaneo.ConfiguracaoEExecucao.ConfiguracaoEExecucaoVisualizar@5a5338df]" started-at="2021-01-14T17:09:28Z" name="beforeClass" finished-at="2021-01-14T17:09:41Z" duration-ms="13053" status="PASS">
          <reporter-output>
          </reporter-output>
        </test-method> <!-- beforeClass -->
        <test-method signature="login()[pri:0, instance:com.timp.test.TCC.BancoDeCreditoExtemporaneo.ConfiguracaoEExecucao.ConfiguracaoEExecucaoVisualizar@5a5338df]" started-at="2021-01-14T17:09:41Z" name="login" finished-at="2021-01-14T17:09:50Z" duration-ms="9448" status="PASS">
          <reporter-output>
          </reporter-output>
        </test-method> <!-- login -->
        <test-method signature="acessarTCC()[pri:0, instance:com.timp.test.TCC.BancoDeCreditoExtemporaneo.ConfiguracaoEExecucao.ConfiguracaoEExecucaoVisualizar@5a5338df]" started-at="2021-01-14T17:09:50Z" name="acessarTCC" finished-at="2021-01-14T17:10:10Z" duration-ms="19905" status="PASS">
          <reporter-output>
          </reporter-output>
        </test-method> <!-- acessarTCC -->
        <test-method signature="visualizar()[pri:0, instance:com.timp.test.TCC.BancoDeCreditoExtemporaneo.ConfiguracaoEExecucao.ConfiguracaoEExecucaoVisualizar@5a5338df]" started-at="2021-01-14T17:10:10Z" name="visualizar" finished-at="2021-01-14T17:11:05Z" duration-ms="55181" status="PASS">
          <reporter-output>
          </reporter-output>
        </test-method> <!-- visualizar -->
        <test-method is-config="true" signature="afterClass()[pri:0, instance:com.timp.test.TCC.BancoDeCreditoExtemporaneo.ConfiguracaoEExecucao.ConfiguracaoEExecucaoVisualizar@5a5338df]" started-at="2021-01-14T17:11:05Z" name="afterClass" finished-at="2021-01-14T17:11:05Z" duration-ms="1" status="PASS">
          <reporter-output>
          </reporter-output>
        </test-method> <!-- afterClass -->
      </class> <!-- com.timp.test.TCC.BancoDeCreditoExtemporaneo.ConfiguracaoEExecucao.ConfiguracaoEExecucaoVisualizar -->
    </test> <!-- Default test -->
  </suite> <!-- Default suite -->
</testng-results>
