<?xml version="1.0" encoding="UTF-8"?>
<testng-results total="3" passed="3" failed="0" skipped="0">
  <reporter-output>
  </reporter-output>
  <suite started-at="2021-01-14T03:06:25Z" name="Default suite" finished-at="2021-01-14T03:08:58Z" duration-ms="152622">
    <groups>
    </groups>
    <test started-at="2021-01-14T03:06:25Z" name="Default test" finished-at="2021-01-14T03:08:58Z" duration-ms="152622">
      <class name="com.timp.test.BRE.RegrasdeAuditoriaN2.RegrasDeAuditoriaN2CriarComCopia">
        <test-method is-config="true" signature="beforeClass()[pri:0, instance:com.timp.test.BRE.RegrasdeAuditoriaN2.RegrasDeAuditoriaN2CriarComCopia@5a5338df]" started-at="2021-01-13T21:06:25Z" name="beforeClass" finished-at="2021-01-13T21:06:40Z" duration-ms="14911" status="PASS">
          <reporter-output>
          </reporter-output>
        </test-method> <!-- beforeClass -->
        <test-method signature="login()[pri:0, instance:com.timp.test.BRE.RegrasdeAuditoriaN2.RegrasDeAuditoriaN2CriarComCopia@5a5338df]" started-at="2021-01-13T21:06:40Z" name="login" finished-at="2021-01-13T21:06:48Z" duration-ms="7834" status="PASS">
          <reporter-output>
          </reporter-output>
        </test-method> <!-- login -->
        <test-method signature="acessarBRE()[pri:0, instance:com.timp.test.BRE.RegrasdeAuditoriaN2.RegrasDeAuditoriaN2CriarComCopia@5a5338df]" started-at="2021-01-13T21:06:48Z" name="acessarBRE" finished-at="2021-01-13T21:07:01Z" duration-ms="13386" status="PASS">
          <reporter-output>
          </reporter-output>
        </test-method> <!-- acessarBRE -->
        <test-method signature="criarComCopia()[pri:0, instance:com.timp.test.BRE.RegrasdeAuditoriaN2.RegrasDeAuditoriaN2CriarComCopia@5a5338df]" started-at="2021-01-13T21:07:01Z" name="criarComCopia" finished-at="2021-01-13T21:08:58Z" duration-ms="116473" status="PASS">
          <reporter-output>
          </reporter-output>
        </test-method> <!-- criarComCopia -->
        <test-method is-config="true" signature="afterClass()[pri:0, instance:com.timp.test.BRE.RegrasdeAuditoriaN2.RegrasDeAuditoriaN2CriarComCopia@5a5338df]" started-at="2021-01-13T21:08:58Z" name="afterClass" finished-at="2021-01-13T21:08:58Z" duration-ms="0" status="PASS">
          <reporter-output>
          </reporter-output>
        </test-method> <!-- afterClass -->
      </class> <!-- com.timp.test.BRE.RegrasdeAuditoriaN2.RegrasDeAuditoriaN2CriarComCopia -->
    </test> <!-- Default test -->
  </suite> <!-- Default suite -->
</testng-results>
