<?xml version="1.0" encoding="UTF-8"?>
<testng-results skipped="0" failed="0" total="3" passed="3">
  <reporter-output>
  </reporter-output>
  <suite name="Default suite" duration-ms="112876" started-at="2020-10-13T00:12:10Z" finished-at="2020-10-13T00:14:03Z">
    <groups>
    </groups>
    <test name="Default test" duration-ms="112876" started-at="2020-10-13T00:12:10Z" finished-at="2020-10-13T00:14:03Z">
      <class name="com.timp.test.MDR.ControleDeCreditoTributario.StatusParaBCE.StatusParaBCEExcluir">
        <test-method status="PASS" signature="beforeClass()[pri:0, instance:com.timp.test.MDR.ControleDeCreditoTributario.StatusParaBCE.StatusParaBCEExcluir@f2f2cc1]" name="beforeClass" is-config="true" duration-ms="11219" started-at="2020-10-12T18:12:10Z" finished-at="2020-10-12T18:12:21Z">
          <reporter-output>
          </reporter-output>
        </test-method> <!-- beforeClass -->
        <test-method status="PASS" signature="login()[pri:0, instance:com.timp.test.MDR.ControleDeCreditoTributario.StatusParaBCE.StatusParaBCEExcluir@f2f2cc1]" name="login" duration-ms="6491" started-at="2020-10-12T18:12:21Z" finished-at="2020-10-12T18:12:28Z">
          <reporter-output>
          </reporter-output>
        </test-method> <!-- login -->
        <test-method status="PASS" signature="acessarMDR()[pri:0, instance:com.timp.test.MDR.ControleDeCreditoTributario.StatusParaBCE.StatusParaBCEExcluir@f2f2cc1]" name="acessarMDR" duration-ms="25233" started-at="2020-10-12T18:12:28Z" finished-at="2020-10-12T18:12:53Z">
          <reporter-output>
          </reporter-output>
        </test-method> <!-- acessarMDR -->
        <test-method status="PASS" signature="excluir()[pri:0, instance:com.timp.test.MDR.ControleDeCreditoTributario.StatusParaBCE.StatusParaBCEExcluir@f2f2cc1]" name="excluir" duration-ms="69919" started-at="2020-10-12T18:12:53Z" finished-at="2020-10-12T18:14:03Z">
          <reporter-output>
          </reporter-output>
        </test-method> <!-- excluir -->
        <test-method status="PASS" signature="afterClass()[pri:0, instance:com.timp.test.MDR.ControleDeCreditoTributario.StatusParaBCE.StatusParaBCEExcluir@f2f2cc1]" name="afterClass" is-config="true" duration-ms="0" started-at="2020-10-12T18:14:03Z" finished-at="2020-10-12T18:14:03Z">
          <reporter-output>
          </reporter-output>
        </test-method> <!-- afterClass -->
      </class> <!-- com.timp.test.MDR.ControleDeCreditoTributario.StatusParaBCE.StatusParaBCEExcluir -->
    </test> <!-- Default test -->
  </suite> <!-- Default suite -->
</testng-results>
