<?xml version="1.0" encoding="UTF-8"?>
<testng-results total="3" passed="3" failed="0" skipped="0">
  <reporter-output>
  </reporter-output>
  <suite started-at="2020-11-26T19:15:37Z" name="Default suite" finished-at="2020-11-26T19:19:27Z" duration-ms="230043">
    <groups>
    </groups>
    <test started-at="2020-11-26T19:15:37Z" name="Default test" finished-at="2020-11-26T19:19:27Z" duration-ms="230043">
      <class name="com.timp.test.BRE.RegrasDeNegocio.RegrasDeNegocioCriar">
        <test-method is-config="true" signature="beforeClass()[pri:0, instance:com.timp.test.BRE.RegrasDeNegocio.RegrasDeNegocioCriar@6d4d66d2]" started-at="2020-11-26T16:15:37Z" name="beforeClass" finished-at="2020-11-26T16:15:58Z" duration-ms="21119" status="PASS">
          <reporter-output>
          </reporter-output>
        </test-method> <!-- beforeClass -->
        <test-method signature="login()[pri:0, instance:com.timp.test.BRE.RegrasDeNegocio.RegrasDeNegocioCriar@6d4d66d2]" started-at="2020-11-26T16:15:58Z" name="login" finished-at="2020-11-26T16:16:14Z" duration-ms="15104" status="PASS">
          <reporter-output>
          </reporter-output>
        </test-method> <!-- login -->
        <test-method signature="acessarBRE()[pri:0, instance:com.timp.test.BRE.RegrasDeNegocio.RegrasDeNegocioCriar@6d4d66d2]" started-at="2020-11-26T16:16:14Z" name="acessarBRE" finished-at="2020-11-26T16:16:29Z" duration-ms="15643" status="PASS">
          <reporter-output>
          </reporter-output>
        </test-method> <!-- acessarBRE -->
        <test-method signature="criar()[pri:0, instance:com.timp.test.BRE.RegrasDeNegocio.RegrasDeNegocioCriar@6d4d66d2]" started-at="2020-11-26T16:16:29Z" name="criar" finished-at="2020-11-26T16:19:27Z" duration-ms="178156" status="PASS">
          <reporter-output>
          </reporter-output>
        </test-method> <!-- criar -->
        <test-method is-config="true" signature="afterClass()[pri:0, instance:com.timp.test.BRE.RegrasDeNegocio.RegrasDeNegocioCriar@6d4d66d2]" started-at="2020-11-26T16:19:27Z" name="afterClass" finished-at="2020-11-26T16:19:27Z" duration-ms="1" status="PASS">
          <reporter-output>
          </reporter-output>
        </test-method> <!-- afterClass -->
      </class> <!-- com.timp.test.BRE.RegrasDeNegocio.RegrasDeNegocioCriar -->
    </test> <!-- Default test -->
  </suite> <!-- Default suite -->
</testng-results>
