<?xml version="1.0" encoding="UTF-8"?>
<testng-results total="3" passed="3" failed="0" skipped="0">
  <reporter-output>
  </reporter-output>
  <suite started-at="2020-11-02T14:55:14Z" name="Default suite" finished-at="2020-11-02T14:57:57Z" duration-ms="162802">
    <groups>
    </groups>
    <test started-at="2020-11-02T14:55:14Z" name="Default test" finished-at="2020-11-02T14:57:57Z" duration-ms="162802">
      <class name="com.timp.test.MDR.LivrosFiscais.ParametrosParaLivroICMSST.ParametrosParaLivroICMSSTCriar">
        <test-method is-config="true" signature="beforeClass()[pri:0, instance:com.timp.test.MDR.LivrosFiscais.ParametrosParaLivroICMSST.ParametrosParaLivroICMSSTCriar@2a7f1f10]" started-at="2020-11-02T08:55:14Z" name="beforeClass" finished-at="2020-11-02T08:55:26Z" duration-ms="11546" status="PASS">
          <reporter-output>
          </reporter-output>
        </test-method> <!-- beforeClass -->
        <test-method signature="login()[pri:0, instance:com.timp.test.MDR.LivrosFiscais.ParametrosParaLivroICMSST.ParametrosParaLivroICMSSTCriar@2a7f1f10]" started-at="2020-11-02T08:55:26Z" name="login" finished-at="2020-11-02T08:55:31Z" duration-ms="5743" status="PASS">
          <reporter-output>
          </reporter-output>
        </test-method> <!-- login -->
        <test-method signature="acessarMDR()[pri:0, instance:com.timp.test.MDR.LivrosFiscais.ParametrosParaLivroICMSST.ParametrosParaLivroICMSSTCriar@2a7f1f10]" started-at="2020-11-02T08:55:31Z" name="acessarMDR" finished-at="2020-11-02T08:55:48Z" duration-ms="16464" status="PASS">
          <reporter-output>
          </reporter-output>
        </test-method> <!-- acessarMDR -->
        <test-method signature="criar()[pri:0, instance:com.timp.test.MDR.LivrosFiscais.ParametrosParaLivroICMSST.ParametrosParaLivroICMSSTCriar@2a7f1f10]" started-at="2020-11-02T08:55:48Z" name="criar" finished-at="2020-11-02T08:57:57Z" duration-ms="129024" status="PASS">
          <reporter-output>
          </reporter-output>
        </test-method> <!-- criar -->
        <test-method is-config="true" signature="afterClass()[pri:0, instance:com.timp.test.MDR.LivrosFiscais.ParametrosParaLivroICMSST.ParametrosParaLivroICMSSTCriar@2a7f1f10]" started-at="2020-11-02T08:57:57Z" name="afterClass" finished-at="2020-11-02T08:57:57Z" duration-ms="1" status="PASS">
          <reporter-output>
          </reporter-output>
        </test-method> <!-- afterClass -->
      </class> <!-- com.timp.test.MDR.LivrosFiscais.ParametrosParaLivroICMSST.ParametrosParaLivroICMSSTCriar -->
    </test> <!-- Default test -->
  </suite> <!-- Default suite -->
</testng-results>
