<?xml version="1.0" encoding="UTF-8"?>
<testng-results total="8" passed="8" failed="0" skipped="0">
  <reporter-output>
  </reporter-output>
  <suite started-at="2021-01-15T00:19:41Z" name="Default suite" finished-at="2021-01-15T00:28:34Z" duration-ms="532561">
    <groups>
    </groups>
    <test started-at="2021-01-15T00:19:41Z" name="Default test" finished-at="2021-01-15T00:28:34Z" duration-ms="532561">
      <class name="com.timp.test.DFG.LeiautesExecução.LeiautesExecuçãoFuncionalidades">
        <test-method is-config="true" signature="beforeClass()[pri:0, instance:com.timp.test.DFG.LeiautesExecução.LeiautesExecuçãoFuncionalidades@76b1e9b8]" started-at="2021-01-14T18:19:41Z" name="beforeClass" finished-at="2021-01-14T18:20:03Z" duration-ms="21199" status="PASS">
          <reporter-output>
          </reporter-output>
        </test-method> <!-- beforeClass -->
        <test-method signature="ingresar()[pri:0, instance:com.timp.test.DFG.LeiautesExecução.LeiautesExecuçãoFuncionalidades@76b1e9b8]" started-at="2021-01-14T18:20:03Z" name="ingresar" finished-at="2021-01-14T18:20:14Z" duration-ms="11266" status="PASS">
          <reporter-output>
          </reporter-output>
        </test-method> <!-- ingresar -->
        <test-method signature="DFGEntrar()[pri:0, instance:com.timp.test.DFG.LeiautesExecução.LeiautesExecuçãoFuncionalidades@76b1e9b8]" started-at="2021-01-14T18:20:14Z" name="DFGEntrar" finished-at="2021-01-14T18:20:34Z" duration-ms="20317" status="PASS">
          <reporter-output>
          </reporter-output>
        </test-method> <!-- DFGEntrar -->
        <test-method signature="RaizID()[pri:0, instance:com.timp.test.DFG.LeiautesExecução.LeiautesExecuçãoFuncionalidades@76b1e9b8]" started-at="2021-01-14T18:20:34Z" name="RaizID" finished-at="2021-01-14T18:20:44Z" duration-ms="10212" status="PASS">
          <reporter-output>
          </reporter-output>
        </test-method> <!-- RaizID -->
        <test-method signature="CriarLeiaute()[pri:0, instance:com.timp.test.DFG.LeiautesExecução.LeiautesExecuçãoFuncionalidades@76b1e9b8]" started-at="2021-01-14T18:20:44Z" name="CriarLeiaute" finished-at="2021-01-14T18:22:44Z" duration-ms="119717" status="PASS">
          <reporter-output>
          </reporter-output>
        </test-method> <!-- CriarLeiaute -->
        <test-method signature="bloco()[pri:0, instance:com.timp.test.DFG.LeiautesExecução.LeiautesExecuçãoFuncionalidades@76b1e9b8]" started-at="2021-01-14T18:22:44Z" name="bloco" finished-at="2021-01-14T18:23:44Z" duration-ms="59561" status="PASS">
          <reporter-output>
          </reporter-output>
        </test-method> <!-- bloco -->
        <test-method signature="relaciona()[pri:0, instance:com.timp.test.DFG.LeiautesExecução.LeiautesExecuçãoFuncionalidades@76b1e9b8]" started-at="2021-01-14T18:23:44Z" name="relaciona" finished-at="2021-01-14T18:26:48Z" duration-ms="183887" status="PASS">
          <reporter-output>
          </reporter-output>
        </test-method> <!-- relaciona -->
        <test-method signature="ListarRegistros()[pri:0, instance:com.timp.test.DFG.LeiautesExecução.LeiautesExecuçãoFuncionalidades@76b1e9b8]" started-at="2021-01-14T18:26:48Z" name="ListarRegistros" finished-at="2021-01-14T18:27:12Z" duration-ms="24426" status="PASS">
          <reporter-output>
          </reporter-output>
        </test-method> <!-- ListarRegistros -->
        <test-method signature="TotaldeLinhasAgrupadas()[pri:0, instance:com.timp.test.DFG.LeiautesExecução.LeiautesExecuçãoFuncionalidades@76b1e9b8]" started-at="2021-01-14T18:27:12Z" name="TotaldeLinhasAgrupadas" finished-at="2021-01-14T18:28:34Z" duration-ms="81947" status="PASS">
          <reporter-output>
          </reporter-output>
        </test-method> <!-- TotaldeLinhasAgrupadas -->
        <test-method is-config="true" signature="afterClass()[pri:0, instance:com.timp.test.DFG.LeiautesExecução.LeiautesExecuçãoFuncionalidades@76b1e9b8]" started-at="2021-01-14T18:28:34Z" name="afterClass" finished-at="2021-01-14T18:28:34Z" duration-ms="1" status="PASS">
          <reporter-output>
          </reporter-output>
        </test-method> <!-- afterClass -->
      </class> <!-- com.timp.test.DFG.LeiautesExecução.LeiautesExecuçãoFuncionalidades -->
    </test> <!-- Default test -->
  </suite> <!-- Default suite -->
</testng-results>
