<?xml version="1.0" encoding="UTF-8"?>
<testng-results total="15" passed="14" failed="1" skipped="0">
  <reporter-output>
  </reporter-output>
  <suite started-at="2020-12-28T16:01:01Z" name="Default suite" finished-at="2020-12-28T16:11:02Z" duration-ms="600056">
    <groups>
    </groups>
    <test started-at="2020-12-28T16:01:01Z" name="Default test" finished-at="2020-12-28T16:11:02Z" duration-ms="600056">
      <class name="com.timp.test.DFG.SPED.ECF.ECFFuncionalidades">
        <test-method is-config="true" signature="beforeClass()[pri:0, instance:com.timp.test.DFG.SPED.ECF.ECFFuncionalidades@8f2ef19]" started-at="2020-12-28T10:01:01Z" name="beforeClass" finished-at="2020-12-28T10:01:15Z" duration-ms="13411" status="PASS">
          <reporter-output>
          </reporter-output>
        </test-method> <!-- beforeClass -->
        <test-method signature="ingresar()[pri:0, instance:com.timp.test.DFG.SPED.ECF.ECFFuncionalidades@8f2ef19]" started-at="2020-12-28T10:01:15Z" name="ingresar" finished-at="2020-12-28T10:01:21Z" duration-ms="6328" status="PASS">
          <reporter-output>
          </reporter-output>
        </test-method> <!-- ingresar -->
        <test-method signature="mdrEntrar()[pri:0, instance:com.timp.test.DFG.SPED.ECF.ECFFuncionalidades@8f2ef19]" started-at="2020-12-28T10:01:21Z" name="mdrEntrar" finished-at="2020-12-28T10:01:36Z" duration-ms="14958" status="PASS">
          <reporter-output>
          </reporter-output>
        </test-method> <!-- mdrEntrar -->
        <test-method signature="ID()[pri:0, instance:com.timp.test.DFG.SPED.ECF.ECFFuncionalidades@8f2ef19]" started-at="2020-12-28T10:01:36Z" name="ID" finished-at="2020-12-28T10:02:42Z" duration-ms="66085" status="PASS">
          <reporter-output>
          </reporter-output>
        </test-method> <!-- ID -->
        <test-method signature="criar()[pri:0, instance:com.timp.test.DFG.SPED.ECF.ECFFuncionalidades@8f2ef19]" started-at="2020-12-28T10:02:42Z" name="criar" finished-at="2020-12-28T10:04:40Z" duration-ms="117766" status="PASS">
          <reporter-output>
          </reporter-output>
        </test-method> <!-- criar -->
        <test-method signature="editar()[pri:0, instance:com.timp.test.DFG.SPED.ECF.ECFFuncionalidades@8f2ef19]" started-at="2020-12-28T10:04:40Z" name="editar" finished-at="2020-12-28T10:05:21Z" duration-ms="41128" status="FAIL">
          <exception class="java.lang.AssertionError">
            <message>
              <![CDATA[O valor do campo não foi editado expected [true] but found [false]]]>
            </message>
            <full-stacktrace>
              <![CDATA[java.lang.AssertionError: O valor do campo não foi editado expected [true] but found [false]
	at org.testng.Assert.fail(Assert.java:94)
	at org.testng.Assert.failNotEquals(Assert.java:494)
	at org.testng.Assert.assertTrue(Assert.java:42)
	at com.timp.test.DFG.SPED.ECF.ECFFuncionalidades.editar(ECFFuncionalidades.java:62)
	at java.base/jdk.internal.reflect.NativeMethodAccessorImpl.invoke0(Native Method)
	at java.base/jdk.internal.reflect.NativeMethodAccessorImpl.invoke(NativeMethodAccessorImpl.java:62)
	at java.base/jdk.internal.reflect.DelegatingMethodAccessorImpl.invoke(DelegatingMethodAccessorImpl.java:43)
	at java.base/java.lang.reflect.Method.invoke(Method.java:564)
	at org.testng.internal.MethodInvocationHelper.invokeMethod(MethodInvocationHelper.java:80)
	at org.testng.internal.Invoker.invokeMethod(Invoker.java:714)
	at org.testng.internal.Invoker.invokeTestMethod(Invoker.java:901)
	at org.testng.internal.Invoker.invokeTestMethods(Invoker.java:1231)
	at org.testng.internal.TestMethodWorker.invokeTestMethods(TestMethodWorker.java:127)
	at org.testng.internal.TestMethodWorker.run(TestMethodWorker.java:111)
	at org.testng.TestRunner.privateRun(TestRunner.java:767)
	at org.testng.TestRunner.run(TestRunner.java:617)
	at org.testng.SuiteRunner.runTest(SuiteRunner.java:334)
	at org.testng.SuiteRunner.runSequentially(SuiteRunner.java:329)
	at org.testng.SuiteRunner.privateRun(SuiteRunner.java:291)
	at org.testng.SuiteRunner.run(SuiteRunner.java:240)
	at org.testng.SuiteRunnerWorker.runSuite(SuiteRunnerWorker.java:52)
	at org.testng.SuiteRunnerWorker.run(SuiteRunnerWorker.java:86)
	at org.testng.TestNG.runSuitesSequentially(TestNG.java:1198)
	at org.testng.TestNG.runSuitesLocally(TestNG.java:1123)
	at org.testng.TestNG.run(TestNG.java:1031)
	at org.testng.remote.AbstractRemoteTestNG.run(AbstractRemoteTestNG.java:115)
	at org.testng.remote.RemoteTestNG.initAndRun(RemoteTestNG.java:251)
	at org.testng.remote.RemoteTestNG.main(RemoteTestNG.java:77)
]]>
            </full-stacktrace>
          </exception> <!-- java.lang.AssertionError -->
          <reporter-output>
          </reporter-output>
        </test-method> <!-- editar -->
        <test-method signature="informacao()[pri:0, instance:com.timp.test.DFG.SPED.ECF.ECFFuncionalidades@8f2ef19]" started-at="2020-12-28T10:05:21Z" name="informacao" finished-at="2020-12-28T10:05:51Z" duration-ms="29914" status="PASS">
          <reporter-output>
          </reporter-output>
        </test-method> <!-- informacao -->
        <test-method signature="visualizar()[pri:0, instance:com.timp.test.DFG.SPED.ECF.ECFFuncionalidades@8f2ef19]" started-at="2020-12-28T10:05:51Z" name="visualizar" finished-at="2020-12-28T10:06:14Z" duration-ms="22889" status="PASS">
          <reporter-output>
          </reporter-output>
        </test-method> <!-- visualizar -->
        <test-method signature="criarBlocos()[pri:0, instance:com.timp.test.DFG.SPED.ECF.ECFFuncionalidades@8f2ef19]" started-at="2020-12-28T10:06:14Z" name="criarBlocos" finished-at="2020-12-28T10:06:37Z" duration-ms="22522" status="PASS">
          <reporter-output>
          </reporter-output>
        </test-method> <!-- criarBlocos -->
        <test-method signature="editarBlocos()[pri:0, instance:com.timp.test.DFG.SPED.ECF.ECFFuncionalidades@8f2ef19]" started-at="2020-12-28T10:06:37Z" name="editarBlocos" finished-at="2020-12-28T10:06:57Z" duration-ms="20500" status="PASS">
          <reporter-output>
          </reporter-output>
        </test-method> <!-- editarBlocos -->
        <test-method signature="InformacaoBlocos()[pri:0, instance:com.timp.test.DFG.SPED.ECF.ECFFuncionalidades@8f2ef19]" started-at="2020-12-28T10:06:57Z" name="InformacaoBlocos" finished-at="2020-12-28T10:07:16Z" duration-ms="18412" status="PASS">
          <reporter-output>
          </reporter-output>
        </test-method> <!-- InformacaoBlocos -->
        <test-method signature="visualizarBlocos()[pri:0, instance:com.timp.test.DFG.SPED.ECF.ECFFuncionalidades@8f2ef19]" started-at="2020-12-28T10:07:16Z" name="visualizarBlocos" finished-at="2020-12-28T10:07:34Z" duration-ms="18658" status="PASS">
          <reporter-output>
          </reporter-output>
        </test-method> <!-- visualizarBlocos -->
        <test-method signature="executarBlocos()[pri:0, instance:com.timp.test.DFG.SPED.ECF.ECFFuncionalidades@8f2ef19]" started-at="2020-12-28T10:07:34Z" name="executarBlocos" finished-at="2020-12-28T10:09:39Z" duration-ms="124569" status="PASS">
          <reporter-output>
          </reporter-output>
        </test-method> <!-- executarBlocos -->
        <test-method signature="visualizarAN3()[pri:0, instance:com.timp.test.DFG.SPED.ECF.ECFFuncionalidades@8f2ef19]" started-at="2020-12-28T10:09:39Z" name="visualizarAN3" finished-at="2020-12-28T10:10:17Z" duration-ms="38097" status="PASS">
          <reporter-output>
          </reporter-output>
        </test-method> <!-- visualizarAN3 -->
        <test-method signature="visualizarActualizacao()[pri:0, instance:com.timp.test.DFG.SPED.ECF.ECFFuncionalidades@8f2ef19]" started-at="2020-12-28T10:10:17Z" name="visualizarActualizacao" finished-at="2020-12-28T10:10:28Z" duration-ms="11441" status="PASS">
          <reporter-output>
          </reporter-output>
        </test-method> <!-- visualizarActualizacao -->
        <test-method signature="Gravar()[pri:0, instance:com.timp.test.DFG.SPED.ECF.ECFFuncionalidades@8f2ef19]" started-at="2020-12-28T10:10:28Z" name="Gravar" finished-at="2020-12-28T10:11:02Z" duration-ms="33030" status="PASS">
          <reporter-output>
          </reporter-output>
        </test-method> <!-- Gravar -->
        <test-method is-config="true" signature="afterClass()[pri:0, instance:com.timp.test.DFG.SPED.ECF.ECFFuncionalidades@8f2ef19]" started-at="2020-12-28T10:11:02Z" name="afterClass" finished-at="2020-12-28T10:11:02Z" duration-ms="1" status="PASS">
          <reporter-output>
          </reporter-output>
        </test-method> <!-- afterClass -->
      </class> <!-- com.timp.test.DFG.SPED.ECF.ECFFuncionalidades -->
    </test> <!-- Default test -->
  </suite> <!-- Default suite -->
</testng-results>
