<?xml version="1.0" encoding="UTF-8"?>
<testng-results ignored="0" total="8" passed="6" failed="2" skipped="0">
  <reporter-output>
  </reporter-output>
  <suite started-at="2022-08-17T14:41:26 CST" name="Suite" finished-at="2022-08-17T15:18:33 CST" duration-ms="2227685">
    <groups>
    </groups>
    <test started-at="2022-08-17T14:41:26 CST" name="DFG - Configuracao " finished-at="2022-08-17T15:18:33 CST" duration-ms="2227685">
      <class name="com.timp.test.DFG.Configuracoes.ConfiguracoesExecutar">
        <test-method is-config="true" signature="beforeClass()[pri:0, instance:com.timp.test.DFG.Configuracoes.ConfiguracoesExecutar@70e9c95d]" started-at="2022-08-17T15:02:33 CST" name="beforeClass" finished-at="2022-08-17T15:03:31 CST" duration-ms="57483" status="PASS">
          <reporter-output>
          </reporter-output>
        </test-method> <!-- beforeClass -->
        <test-method signature="executar()[pri:0, instance:com.timp.test.DFG.Configuracoes.ConfiguracoesExecutar@70e9c95d]" started-at="2022-08-17T15:03:31 CST" name="executar" finished-at="2022-08-17T15:04:49 CST" duration-ms="78638" status="FAIL">
          <exception class="org.openqa.selenium.NoSuchElementException">
            <message>
              <![CDATA[no such element: Unable to locate element: {"method":"xpath","selector":"//div[contains(@class,"tbody")]/div[contains(@class,"tr") and @data-id][0]/div[5]/div"}
  (Session info: chrome=83.0.4103.61)
For documentation on this error, please visit: https://www.seleniumhq.org/exceptions/no_such_element.html
Build info: version: '3.141.59', revision: 'e82be7d358', time: '2018-11-14T08:17:03'
System info: host: 'DESKTOP-M23FVFN', ip: '192.168.0.107', os.name: 'Windows 10', os.arch: 'amd64', os.version: '10.0', java.version: '17.0.1'
Driver info: org.openqa.selenium.chrome.ChromeDriver
Capabilities {acceptInsecureCerts: false, browserName: chrome, browserVersion: 83.0.4103.61, chrome: {chromedriverVersion: 83.0.4103.39 (ccbf011cb2d2b..., userDataDir: C:\Users\Massiel\AppData\Lo...}, goog:chromeOptions: {debuggerAddress: localhost:62210}, javascriptEnabled: true, networkConnectionEnabled: false, pageLoadStrategy: normal, platform: WINDOWS, platformName: WINDOWS, proxy: Proxy(), setWindowRect: true, strictFileInteractability: false, timeouts: {implicit: 0, pageLoad: 300000, script: 30000}, unhandledPromptBehavior: dismiss and notify, webauthn:virtualAuthenticators: true}
Session ID: a365987faa70038ca87057567771f7ed
*** Element info: {Using=xpath, value=//div[contains(@class,"tbody")]/div[contains(@class,"tr") and @data-id][0]/div[5]/div}]]>
            </message>
            <full-stacktrace>
              <![CDATA[org.openqa.selenium.NoSuchElementException: no such element: Unable to locate element: {"method":"xpath","selector":"//div[contains(@class,"tbody")]/div[contains(@class,"tr") and @data-id][0]/div[5]/div"}
  (Session info: chrome=83.0.4103.61)
For documentation on this error, please visit: https://www.seleniumhq.org/exceptions/no_such_element.html
Build info: version: '3.141.59', revision: 'e82be7d358', time: '2018-11-14T08:17:03'
System info: host: 'DESKTOP-M23FVFN', ip: '192.168.0.107', os.name: 'Windows 10', os.arch: 'amd64', os.version: '10.0', java.version: '17.0.1'
Driver info: org.openqa.selenium.chrome.ChromeDriver
Capabilities {acceptInsecureCerts: false, browserName: chrome, browserVersion: 83.0.4103.61, chrome: {chromedriverVersion: 83.0.4103.39 (ccbf011cb2d2b..., userDataDir: C:\Users\Massiel\AppData\Lo...}, goog:chromeOptions: {debuggerAddress: localhost:62210}, javascriptEnabled: true, networkConnectionEnabled: false, pageLoadStrategy: normal, platform: WINDOWS, platformName: WINDOWS, proxy: Proxy(), setWindowRect: true, strictFileInteractability: false, timeouts: {implicit: 0, pageLoad: 300000, script: 30000}, unhandledPromptBehavior: dismiss and notify, webauthn:virtualAuthenticators: true}
Session ID: a365987faa70038ca87057567771f7ed
*** Element info: {Using=xpath, value=//div[contains(@class,"tbody")]/div[contains(@class,"tr") and @data-id][0]/div[5]/div}
at jdk.internal.reflect.GeneratedConstructorAccessor16.newInstance(Unknown Source)
at java.base/jdk.internal.reflect.DelegatingConstructorAccessorImpl.newInstance(DelegatingConstructorAccessorImpl.java:45)
at java.base/java.lang.reflect.Constructor.newInstanceWithCaller(Constructor.java:499)
at java.base/java.lang.reflect.Constructor.newInstance(Constructor.java:480)
at org.openqa.selenium.remote.http.W3CHttpResponseCodec.createException(W3CHttpResponseCodec.java:187)
at org.openqa.selenium.remote.http.W3CHttpResponseCodec.decode(W3CHttpResponseCodec.java:122)
at org.openqa.selenium.remote.http.W3CHttpResponseCodec.decode(W3CHttpResponseCodec.java:49)
at org.openqa.selenium.remote.HttpCommandExecutor.execute(HttpCommandExecutor.java:158)
at org.openqa.selenium.remote.service.DriverCommandExecutor.execute(DriverCommandExecutor.java:83)
at org.openqa.selenium.remote.RemoteWebDriver.execute(RemoteWebDriver.java:552)
at org.openqa.selenium.remote.RemoteWebDriver.findElement(RemoteWebDriver.java:323)
at org.openqa.selenium.remote.RemoteWebDriver.findElementByXPath(RemoteWebDriver.java:428)
at org.openqa.selenium.By$ByXPath.findElement(By.java:353)
at org.openqa.selenium.remote.RemoteWebDriver.findElement(RemoteWebDriver.java:315)
at com.sap.timp.pageObjectModel.DFG.Configuracoes.ConfiguracoesExecutarPO.Executar(ConfiguracoesExecutarPO.java:120)
at com.timp.test.DFG.Configuracoes.ConfiguracoesExecutar.executar(ConfiguracoesExecutar.java:46)
at java.base/jdk.internal.reflect.NativeMethodAccessorImpl.invoke0(Native Method)
at java.base/jdk.internal.reflect.NativeMethodAccessorImpl.invoke(NativeMethodAccessorImpl.java:77)
at java.base/jdk.internal.reflect.DelegatingMethodAccessorImpl.invoke(DelegatingMethodAccessorImpl.java:43)
at java.base/java.lang.reflect.Method.invoke(Method.java:568)
at org.testng.internal.invokers.MethodInvocationHelper.invokeMethod(MethodInvocationHelper.java:135)
at org.testng.internal.invokers.TestInvoker.invokeMethod(TestInvoker.java:673)
at org.testng.internal.invokers.TestInvoker.invokeTestMethod(TestInvoker.java:220)
at org.testng.internal.invokers.MethodRunner.runInSequence(MethodRunner.java:50)
at org.testng.internal.invokers.TestInvoker$MethodInvocationAgent.invoke(TestInvoker.java:945)
at org.testng.internal.invokers.TestInvoker.invokeTestMethods(TestInvoker.java:193)
at org.testng.internal.invokers.TestMethodWorker.invokeTestMethods(TestMethodWorker.java:146)
at org.testng.internal.invokers.TestMethodWorker.run(TestMethodWorker.java:128)
at java.base/java.util.ArrayList.forEach(ArrayList.java:1511)
at org.testng.TestRunner.privateRun(TestRunner.java:808)
at org.testng.TestRunner.run(TestRunner.java:603)
at org.testng.SuiteRunner.runTest(SuiteRunner.java:429)
at org.testng.SuiteRunner.runSequentially(SuiteRunner.java:423)
at org.testng.SuiteRunner.privateRun(SuiteRunner.java:383)
at org.testng.SuiteRunner.run(SuiteRunner.java:326)
at org.testng.SuiteRunnerWorker.runSuite(SuiteRunnerWorker.java:52)
at org.testng.SuiteRunnerWorker.run(SuiteRunnerWorker.java:95)
at org.testng.TestNG.runSuitesSequentially(TestNG.java:1249)
at org.testng.TestNG.runSuitesLocally(TestNG.java:1169)
at org.testng.TestNG.runSuites(TestNG.java:1092)
at org.testng.TestNG.run(TestNG.java:1060)
at org.testng.remote.AbstractRemoteTestNG.run(AbstractRemoteTestNG.java:115)
at org.testng.remote.RemoteTestNG.initAndRun(RemoteTestNG.java:251)
at org.testng.remote.RemoteTestNG.main(RemoteTestNG.java:77)
]]>
            </full-stacktrace>
          </exception> <!-- org.openqa.selenium.NoSuchElementException -->
          <reporter-output>
          </reporter-output>
        </test-method> <!-- executar -->
        <test-method is-config="true" signature="afterClass()[pri:0, instance:com.timp.test.DFG.Configuracoes.ConfiguracoesExecutar@70e9c95d]" started-at="2022-08-17T15:04:49 CST" name="afterClass" finished-at="2022-08-17T15:04:49 CST" duration-ms="0" status="PASS">
          <reporter-output>
          </reporter-output>
        </test-method> <!-- afterClass -->
      </class> <!-- com.timp.test.DFG.Configuracoes.ConfiguracoesExecutar -->
      <class name="com.timp.test.DFG.Configuracoes.ConfiguracoesCriar">
        <test-method is-config="true" signature="beforeClass()[pri:0, instance:com.timp.test.DFG.Configuracoes.ConfiguracoesCriar@942a29c]" started-at="2022-08-17T14:41:26 CST" name="beforeClass" finished-at="2022-08-17T14:42:53 CST" duration-ms="87463" status="PASS">
          <reporter-output>
          </reporter-output>
        </test-method> <!-- beforeClass -->
        <test-method signature="criar()[pri:0, instance:com.timp.test.DFG.Configuracoes.ConfiguracoesCriar@942a29c]" started-at="2022-08-17T14:42:53 CST" name="criar" finished-at="2022-08-17T14:49:51 CST" duration-ms="417701" status="PASS">
          <reporter-output>
          </reporter-output>
        </test-method> <!-- criar -->
        <test-method is-config="true" signature="afterClass()[pri:0, instance:com.timp.test.DFG.Configuracoes.ConfiguracoesCriar@942a29c]" started-at="2022-08-17T14:49:51 CST" name="afterClass" finished-at="2022-08-17T14:49:51 CST" duration-ms="0" status="PASS">
          <reporter-output>
          </reporter-output>
        </test-method> <!-- afterClass -->
      </class> <!-- com.timp.test.DFG.Configuracoes.ConfiguracoesCriar -->
      <class name="com.timp.test.DFG.Configuracoes.ConfiguracoesCriarGrerenciarMoverPasta">
        <test-method is-config="true" signature="beforeClass()[pri:0, instance:com.timp.test.DFG.Configuracoes.ConfiguracoesCriarGrerenciarMoverPasta@576d5deb]" started-at="2022-08-17T14:49:51 CST" name="beforeClass" finished-at="2022-08-17T14:50:46 CST" duration-ms="55480" status="PASS">
          <reporter-output>
          </reporter-output>
        </test-method> <!-- beforeClass -->
        <test-method signature="criarGerenciarMoverPasta()[pri:0, instance:com.timp.test.DFG.Configuracoes.ConfiguracoesCriarGrerenciarMoverPasta@576d5deb]" started-at="2022-08-17T14:50:46 CST" name="criarGerenciarMoverPasta" finished-at="2022-08-17T14:54:55 CST" duration-ms="249090" status="FAIL">
          <exception class="org.openqa.selenium.NoSuchElementException">
            <message>
              <![CDATA[no such element: Unable to locate element: {"method":"xpath","selector":"//div[@class="dialog-content medium"]/div/div/table/tbody/tr[1]/td[2]/div/div/div/input"}
  (Session info: chrome=83.0.4103.61)
For documentation on this error, please visit: https://www.seleniumhq.org/exceptions/no_such_element.html
Build info: version: '3.141.59', revision: 'e82be7d358', time: '2018-11-14T08:17:03'
System info: host: 'DESKTOP-M23FVFN', ip: '192.168.0.107', os.name: 'Windows 10', os.arch: 'amd64', os.version: '10.0', java.version: '17.0.1'
Driver info: org.openqa.selenium.chrome.ChromeDriver
Capabilities {acceptInsecureCerts: false, browserName: chrome, browserVersion: 83.0.4103.61, chrome: {chromedriverVersion: 83.0.4103.39 (ccbf011cb2d2b..., userDataDir: C:\Users\Massiel\AppData\Lo...}, goog:chromeOptions: {debuggerAddress: localhost:62054}, javascriptEnabled: true, networkConnectionEnabled: false, pageLoadStrategy: normal, platform: WINDOWS, platformName: WINDOWS, proxy: Proxy(), setWindowRect: true, strictFileInteractability: false, timeouts: {implicit: 0, pageLoad: 300000, script: 30000}, unhandledPromptBehavior: dismiss and notify, webauthn:virtualAuthenticators: true}
Session ID: d6e1899cf6ee87b788fedb6f69ae4635
*** Element info: {Using=xpath, value=//div[@class="dialog-content medium"]/div/div/table/tbody/tr[1]/td[2]/div/div/div/input}]]>
            </message>
            <full-stacktrace>
              <![CDATA[org.openqa.selenium.NoSuchElementException: no such element: Unable to locate element: {"method":"xpath","selector":"//div[@class="dialog-content medium"]/div/div/table/tbody/tr[1]/td[2]/div/div/div/input"}
  (Session info: chrome=83.0.4103.61)
For documentation on this error, please visit: https://www.seleniumhq.org/exceptions/no_such_element.html
Build info: version: '3.141.59', revision: 'e82be7d358', time: '2018-11-14T08:17:03'
System info: host: 'DESKTOP-M23FVFN', ip: '192.168.0.107', os.name: 'Windows 10', os.arch: 'amd64', os.version: '10.0', java.version: '17.0.1'
Driver info: org.openqa.selenium.chrome.ChromeDriver
Capabilities {acceptInsecureCerts: false, browserName: chrome, browserVersion: 83.0.4103.61, chrome: {chromedriverVersion: 83.0.4103.39 (ccbf011cb2d2b..., userDataDir: C:\Users\Massiel\AppData\Lo...}, goog:chromeOptions: {debuggerAddress: localhost:62054}, javascriptEnabled: true, networkConnectionEnabled: false, pageLoadStrategy: normal, platform: WINDOWS, platformName: WINDOWS, proxy: Proxy(), setWindowRect: true, strictFileInteractability: false, timeouts: {implicit: 0, pageLoad: 300000, script: 30000}, unhandledPromptBehavior: dismiss and notify, webauthn:virtualAuthenticators: true}
Session ID: d6e1899cf6ee87b788fedb6f69ae4635
*** Element info: {Using=xpath, value=//div[@class="dialog-content medium"]/div/div/table/tbody/tr[1]/td[2]/div/div/div/input}
at jdk.internal.reflect.GeneratedConstructorAccessor16.newInstance(Unknown Source)
at java.base/jdk.internal.reflect.DelegatingConstructorAccessorImpl.newInstance(DelegatingConstructorAccessorImpl.java:45)
at java.base/java.lang.reflect.Constructor.newInstanceWithCaller(Constructor.java:499)
at java.base/java.lang.reflect.Constructor.newInstance(Constructor.java:480)
at org.openqa.selenium.remote.http.W3CHttpResponseCodec.createException(W3CHttpResponseCodec.java:187)
at org.openqa.selenium.remote.http.W3CHttpResponseCodec.decode(W3CHttpResponseCodec.java:122)
at org.openqa.selenium.remote.http.W3CHttpResponseCodec.decode(W3CHttpResponseCodec.java:49)
at org.openqa.selenium.remote.HttpCommandExecutor.execute(HttpCommandExecutor.java:158)
at org.openqa.selenium.remote.service.DriverCommandExecutor.execute(DriverCommandExecutor.java:83)
at org.openqa.selenium.remote.RemoteWebDriver.execute(RemoteWebDriver.java:552)
at org.openqa.selenium.remote.RemoteWebDriver.findElement(RemoteWebDriver.java:323)
at org.openqa.selenium.remote.RemoteWebDriver.findElementByXPath(RemoteWebDriver.java:428)
at org.openqa.selenium.By$ByXPath.findElement(By.java:353)
at org.openqa.selenium.remote.RemoteWebDriver.findElement(RemoteWebDriver.java:315)
at org.openqa.selenium.support.pagefactory.DefaultElementLocator.findElement(DefaultElementLocator.java:69)
at org.openqa.selenium.support.pagefactory.internal.LocatingElementHandler.invoke(LocatingElementHandler.java:38)
at jdk.proxy2/jdk.proxy2.$Proxy11.clear(Unknown Source)
at com.sap.timp.pageObjectModel.DFG.Configuracoes.ConfiguracoesCriarGrerenciarMoverPastaPO.criarGerenciarMoverPasta(ConfiguracoesCriarGrerenciarMoverPastaPO.java:295)
at com.timp.test.DFG.Configuracoes.ConfiguracoesCriarGrerenciarMoverPasta.criarGerenciarMoverPasta(ConfiguracoesCriarGrerenciarMoverPasta.java:40)
at java.base/jdk.internal.reflect.NativeMethodAccessorImpl.invoke0(Native Method)
at java.base/jdk.internal.reflect.NativeMethodAccessorImpl.invoke(NativeMethodAccessorImpl.java:77)
at java.base/jdk.internal.reflect.DelegatingMethodAccessorImpl.invoke(DelegatingMethodAccessorImpl.java:43)
at java.base/java.lang.reflect.Method.invoke(Method.java:568)
at org.testng.internal.invokers.MethodInvocationHelper.invokeMethod(MethodInvocationHelper.java:135)
at org.testng.internal.invokers.TestInvoker.invokeMethod(TestInvoker.java:673)
at org.testng.internal.invokers.TestInvoker.invokeTestMethod(TestInvoker.java:220)
at org.testng.internal.invokers.MethodRunner.runInSequence(MethodRunner.java:50)
at org.testng.internal.invokers.TestInvoker$MethodInvocationAgent.invoke(TestInvoker.java:945)
at org.testng.internal.invokers.TestInvoker.invokeTestMethods(TestInvoker.java:193)
at org.testng.internal.invokers.TestMethodWorker.invokeTestMethods(TestMethodWorker.java:146)
at org.testng.internal.invokers.TestMethodWorker.run(TestMethodWorker.java:128)
at java.base/java.util.ArrayList.forEach(ArrayList.java:1511)
at org.testng.TestRunner.privateRun(TestRunner.java:808)
at org.testng.TestRunner.run(TestRunner.java:603)
at org.testng.SuiteRunner.runTest(SuiteRunner.java:429)
at org.testng.SuiteRunner.runSequentially(SuiteRunner.java:423)
at org.testng.SuiteRunner.privateRun(SuiteRunner.java:383)
at org.testng.SuiteRunner.run(SuiteRunner.java:326)
at org.testng.SuiteRunnerWorker.runSuite(SuiteRunnerWorker.java:52)
at org.testng.SuiteRunnerWorker.run(SuiteRunnerWorker.java:95)
at org.testng.TestNG.runSuitesSequentially(TestNG.java:1249)
at org.testng.TestNG.runSuitesLocally(TestNG.java:1169)
at org.testng.TestNG.runSuites(TestNG.java:1092)
at org.testng.TestNG.run(TestNG.java:1060)
at org.testng.remote.AbstractRemoteTestNG.run(AbstractRemoteTestNG.java:115)
at org.testng.remote.RemoteTestNG.initAndRun(RemoteTestNG.java:251)
at org.testng.remote.RemoteTestNG.main(RemoteTestNG.java:77)
]]>
            </full-stacktrace>
          </exception> <!-- org.openqa.selenium.NoSuchElementException -->
          <reporter-output>
          </reporter-output>
        </test-method> <!-- criarGerenciarMoverPasta -->
        <test-method is-config="true" signature="afterClass()[pri:0, instance:com.timp.test.DFG.Configuracoes.ConfiguracoesCriarGrerenciarMoverPasta@576d5deb]" started-at="2022-08-17T14:54:55 CST" name="afterClass" finished-at="2022-08-17T14:54:55 CST" duration-ms="0" status="PASS">
          <reporter-output>
          </reporter-output>
        </test-method> <!-- afterClass -->
      </class> <!-- com.timp.test.DFG.Configuracoes.ConfiguracoesCriarGrerenciarMoverPasta -->
      <class name="com.timp.test.DFG.Configuracoes.ConfiguracoesLixeiraMasRestaurar">
        <test-method is-config="true" signature="beforeClass()[pri:0, instance:com.timp.test.DFG.Configuracoes.ConfiguracoesLixeiraMasRestaurar@a38c7fe]" started-at="2022-08-17T15:09:42 CST" name="beforeClass" finished-at="2022-08-17T15:10:59 CST" duration-ms="76821" status="PASS">
          <reporter-output>
          </reporter-output>
        </test-method> <!-- beforeClass -->
        <test-method signature="lixeiraMasRestaurar()[pri:0, instance:com.timp.test.DFG.Configuracoes.ConfiguracoesLixeiraMasRestaurar@a38c7fe]" started-at="2022-08-17T15:10:59 CST" name="lixeiraMasRestaurar" finished-at="2022-08-17T15:13:40 CST" duration-ms="161048" status="PASS">
          <reporter-output>
          </reporter-output>
        </test-method> <!-- lixeiraMasRestaurar -->
        <test-method is-config="true" signature="afterClass()[pri:0, instance:com.timp.test.DFG.Configuracoes.ConfiguracoesLixeiraMasRestaurar@a38c7fe]" started-at="2022-08-17T15:13:40 CST" name="afterClass" finished-at="2022-08-17T15:13:44 CST" duration-ms="4422" status="PASS">
          <reporter-output>
          </reporter-output>
        </test-method> <!-- afterClass -->
      </class> <!-- com.timp.test.DFG.Configuracoes.ConfiguracoesLixeiraMasRestaurar -->
      <class name="com.timp.test.DFG.Configuracoes.ConfiguracoesEditar">
        <test-method is-config="true" signature="beforeClass()[pri:0, instance:com.timp.test.DFG.Configuracoes.ConfiguracoesEditar@5d534f5d]" started-at="2022-08-17T14:54:55 CST" name="beforeClass" finished-at="2022-08-17T14:55:40 CST" duration-ms="44667" status="PASS">
          <reporter-output>
          </reporter-output>
        </test-method> <!-- beforeClass -->
        <test-method signature="criar()[pri:0, instance:com.timp.test.DFG.Configuracoes.ConfiguracoesEditar@5d534f5d]" started-at="2022-08-17T14:55:40 CST" name="criar" finished-at="2022-08-17T14:59:18 CST" duration-ms="218118" status="PASS">
          <reporter-output>
          </reporter-output>
        </test-method> <!-- criar -->
        <test-method is-config="true" signature="afterClass()[pri:0, instance:com.timp.test.DFG.Configuracoes.ConfiguracoesEditar@5d534f5d]" started-at="2022-08-17T14:59:18 CST" name="afterClass" finished-at="2022-08-17T14:59:18 CST" duration-ms="63" status="PASS">
          <reporter-output>
          </reporter-output>
        </test-method> <!-- afterClass -->
      </class> <!-- com.timp.test.DFG.Configuracoes.ConfiguracoesEditar -->
      <class name="com.timp.test.DFG.Configuracoes.ConfiguracoesLixeiraExcluir">
        <test-method is-config="true" signature="beforeClass()[pri:0, instance:com.timp.test.DFG.Configuracoes.ConfiguracoesLixeiraExcluir@6fdbe764]" started-at="2022-08-17T15:13:44 CST" name="beforeClass" finished-at="2022-08-17T15:14:20 CST" duration-ms="35223" status="PASS">
          <reporter-output>
          </reporter-output>
        </test-method> <!-- beforeClass -->
        <test-method signature="Lixeria()[pri:0, instance:com.timp.test.DFG.Configuracoes.ConfiguracoesLixeiraExcluir@6fdbe764]" started-at="2022-08-17T15:14:20 CST" name="Lixeria" finished-at="2022-08-17T15:18:29 CST" duration-ms="249158" status="PASS">
          <reporter-output>
          </reporter-output>
        </test-method> <!-- Lixeria -->
        <test-method is-config="true" signature="afterClass()[pri:0, instance:com.timp.test.DFG.Configuracoes.ConfiguracoesLixeiraExcluir@6fdbe764]" started-at="2022-08-17T15:18:29 CST" name="afterClass" finished-at="2022-08-17T15:18:33 CST" duration-ms="4374" status="PASS">
          <reporter-output>
          </reporter-output>
        </test-method> <!-- afterClass -->
      </class> <!-- com.timp.test.DFG.Configuracoes.ConfiguracoesLixeiraExcluir -->
      <class name="com.timp.test.DFG.Configuracoes.ConfiguracoesVisualizar">
        <test-method is-config="true" signature="beforeClass()[pri:0, instance:com.timp.test.DFG.Configuracoes.ConfiguracoesVisualizar@4d5650ae]" started-at="2022-08-17T15:04:49 CST" name="beforeClass" finished-at="2022-08-17T15:05:47 CST" duration-ms="57327" status="PASS">
          <reporter-output>
          </reporter-output>
        </test-method> <!-- beforeClass -->
        <test-method signature="criar()[pri:0, instance:com.timp.test.DFG.Configuracoes.ConfiguracoesVisualizar@4d5650ae]" started-at="2022-08-17T15:05:47 CST" name="criar" finished-at="2022-08-17T15:09:42 CST" duration-ms="235461" status="PASS">
          <reporter-output>
          </reporter-output>
        </test-method> <!-- criar -->
        <test-method is-config="true" signature="afterClass()[pri:0, instance:com.timp.test.DFG.Configuracoes.ConfiguracoesVisualizar@4d5650ae]" started-at="2022-08-17T15:09:42 CST" name="afterClass" finished-at="2022-08-17T15:09:42 CST" duration-ms="43" status="PASS">
          <reporter-output>
          </reporter-output>
        </test-method> <!-- afterClass -->
      </class> <!-- com.timp.test.DFG.Configuracoes.ConfiguracoesVisualizar -->
      <class name="com.timp.test.DFG.Configuracoes.ConfiguracoesFavoritos">
        <test-method is-config="true" signature="beforeClass()[pri:0, instance:com.timp.test.DFG.Configuracoes.ConfiguracoesFavoritos@2e3967ea]" started-at="2022-08-17T14:59:18 CST" name="beforeClass" finished-at="2022-08-17T15:00:14 CST" duration-ms="56158" status="PASS">
          <reporter-output>
          </reporter-output>
        </test-method> <!-- beforeClass -->
        <test-method signature="favoritos()[pri:0, instance:com.timp.test.DFG.Configuracoes.ConfiguracoesFavoritos@2e3967ea]" started-at="2022-08-17T15:00:14 CST" name="favoritos" finished-at="2022-08-17T15:02:29 CST" duration-ms="134487" status="PASS">
          <reporter-output>
          </reporter-output>
        </test-method> <!-- favoritos -->
        <test-method is-config="true" signature="afterClass()[pri:0, instance:com.timp.test.DFG.Configuracoes.ConfiguracoesFavoritos@2e3967ea]" started-at="2022-08-17T15:02:29 CST" name="afterClass" finished-at="2022-08-17T15:02:33 CST" duration-ms="4416" status="PASS">
          <reporter-output>
          </reporter-output>
        </test-method> <!-- afterClass -->
      </class> <!-- com.timp.test.DFG.Configuracoes.ConfiguracoesFavoritos -->
    </test> <!-- DFG - Configuracao  -->
  </suite> <!-- Suite -->
</testng-results>
