<?xml version="1.0" encoding="UTF-8"?>
<testng-results total="3" passed="3" failed="0" skipped="0">
  <reporter-output>
  </reporter-output>
  <suite started-at="2020-10-21T20:42:16Z" name="Default suite" finished-at="2020-10-21T20:43:40Z" duration-ms="83895">
    <groups>
    </groups>
    <test started-at="2020-10-21T20:42:16Z" name="Default test" finished-at="2020-10-21T20:43:40Z" duration-ms="83895">
      <class name="com.timp.test.MDR.Siscoserv.RegistroRAS.RegistroRASExcluir">
        <test-method is-config="true" signature="beforeClass()[pri:0, instance:com.timp.test.MDR.Siscoserv.RegistroRAS.RegistroRASExcluir@f78a47e]" started-at="2020-10-21T17:42:16Z" name="beforeClass" finished-at="2020-10-21T17:42:29Z" duration-ms="12713" status="PASS">
          <reporter-output>
          </reporter-output>
        </test-method> <!-- beforeClass -->
        <test-method signature="login()[pri:0, instance:com.timp.test.MDR.Siscoserv.RegistroRAS.RegistroRASExcluir@f78a47e]" started-at="2020-10-21T17:42:29Z" name="login" finished-at="2020-10-21T17:42:37Z" duration-ms="8130" status="PASS">
          <reporter-output>
          </reporter-output>
        </test-method> <!-- login -->
        <test-method signature="acessarMDR()[pri:0, instance:com.timp.test.MDR.Siscoserv.RegistroRAS.RegistroRASExcluir@f78a47e]" started-at="2020-10-21T17:42:37Z" name="acessarMDR" finished-at="2020-10-21T17:43:00Z" duration-ms="22959" status="PASS">
          <reporter-output>
          </reporter-output>
        </test-method> <!-- acessarMDR -->
        <test-method signature="excluir()[pri:0, instance:com.timp.test.MDR.Siscoserv.RegistroRAS.RegistroRASExcluir@f78a47e]" started-at="2020-10-21T17:43:00Z" name="excluir" finished-at="2020-10-21T17:43:36Z" duration-ms="35762" status="PASS">
          <reporter-output>
          </reporter-output>
        </test-method> <!-- excluir -->
        <test-method is-config="true" signature="afterClass()[pri:0, instance:com.timp.test.MDR.Siscoserv.RegistroRAS.RegistroRASExcluir@f78a47e]" started-at="2020-10-21T17:43:36Z" name="afterClass" finished-at="2020-10-21T17:43:40Z" duration-ms="4319" status="PASS">
          <reporter-output>
          </reporter-output>
        </test-method> <!-- afterClass -->
      </class> <!-- com.timp.test.MDR.Siscoserv.RegistroRAS.RegistroRASExcluir -->
    </test> <!-- Default test -->
  </suite> <!-- Default suite -->
</testng-results>
