<?xml version="1.0" encoding="UTF-8"?>
<testng-results skipped="0" failed="1" total="11" passed="10">
  <reporter-output>
  </reporter-output>
  <suite name="Default suite" duration-ms="454845" started-at="2020-12-19T01:01:28Z" finished-at="2020-12-19T01:09:03Z">
    <groups>
    </groups>
    <test name="Default test" duration-ms="454845" started-at="2020-12-19T01:01:28Z" finished-at="2020-12-19T01:09:03Z">
      <class name="com.timp.test.DFG.SPED.ESocial.S1210.S1210GerarDadosDoEventoCriar">
        <test-method status="PASS" signature="beforeClass()[pri:0, instance:com.timp.test.DFG.SPED.ESocial.S1210.S1210GerarDadosDoEventoCriar@3a079870]" name="beforeClass" is-config="true" duration-ms="16680" started-at="2020-12-18T19:01:28Z" finished-at="2020-12-18T19:01:45Z">
          <reporter-output>
          </reporter-output>
        </test-method> <!-- beforeClass -->
        <test-method status="PASS" signature="ingresar()[pri:0, instance:com.timp.test.DFG.SPED.ESocial.S1210.S1210GerarDadosDoEventoCriar@3a079870]" name="ingresar" duration-ms="11354" started-at="2020-12-18T19:01:45Z" finished-at="2020-12-18T19:01:56Z">
          <reporter-output>
          </reporter-output>
        </test-method> <!-- ingresar -->
        <test-method status="PASS" signature="mdrEntrar()[pri:0, instance:com.timp.test.DFG.SPED.ESocial.S1210.S1210GerarDadosDoEventoCriar@3a079870]" name="mdrEntrar" duration-ms="40475" started-at="2020-12-18T19:01:56Z" finished-at="2020-12-18T19:02:37Z">
          <reporter-output>
          </reporter-output>
        </test-method> <!-- mdrEntrar -->
        <test-method status="PASS" signature="criarS1200()[pri:0, instance:com.timp.test.DFG.SPED.ESocial.S1210.S1210GerarDadosDoEventoCriar@3a079870]" name="criarS1200" duration-ms="94226" started-at="2020-12-18T19:02:37Z" finished-at="2020-12-18T19:04:11Z">
          <reporter-output>
          </reporter-output>
        </test-method> <!-- criarS1200 -->
        <test-method status="PASS" signature="editarS1200()[pri:0, instance:com.timp.test.DFG.SPED.ESocial.S1210.S1210GerarDadosDoEventoCriar@3a079870]" name="editarS1200" duration-ms="43166" started-at="2020-12-18T19:04:11Z" finished-at="2020-12-18T19:04:54Z">
          <reporter-output>
          </reporter-output>
        </test-method> <!-- editarS1200 -->
        <test-method status="PASS" signature="informacaoS1200()[pri:0, instance:com.timp.test.DFG.SPED.ESocial.S1210.S1210GerarDadosDoEventoCriar@3a079870]" name="informacaoS1200" duration-ms="17236" started-at="2020-12-18T19:04:54Z" finished-at="2020-12-18T19:05:11Z">
          <reporter-output>
          </reporter-output>
        </test-method> <!-- informacaoS1200 -->
        <test-method status="PASS" signature="visualizarS1200()[pri:0, instance:com.timp.test.DFG.SPED.ESocial.S1210.S1210GerarDadosDoEventoCriar@3a079870]" name="visualizarS1200" duration-ms="19711" started-at="2020-12-18T19:05:11Z" finished-at="2020-12-18T19:05:31Z">
          <reporter-output>
          </reporter-output>
        </test-method> <!-- visualizarS1200 -->
        <test-method status="PASS" signature="executarS1200()[pri:0, instance:com.timp.test.DFG.SPED.ESocial.S1210.S1210GerarDadosDoEventoCriar@3a079870]" name="executarS1200" duration-ms="87687" started-at="2020-12-18T19:05:31Z" finished-at="2020-12-18T19:06:59Z">
          <reporter-output>
          </reporter-output>
        </test-method> <!-- executarS1200 -->
        <test-method status="PASS" signature="visualizarAtualizacoesBlocoApuracao()[pri:0, instance:com.timp.test.DFG.SPED.ESocial.S1210.S1210GerarDadosDoEventoCriar@3a079870]" name="visualizarAtualizacoesBlocoApuracao" duration-ms="14008" started-at="2020-12-18T19:06:59Z" finished-at="2020-12-18T19:07:13Z">
          <reporter-output>
          </reporter-output>
        </test-method> <!-- visualizarAtualizacoesBlocoApuracao -->
        <test-method status="PASS" signature="arquivosVerificar()[pri:0, instance:com.timp.test.DFG.SPED.ESocial.S1210.S1210GerarDadosDoEventoCriar@3a079870]" name="arquivosVerificar" duration-ms="39119" started-at="2020-12-18T19:07:13Z" finished-at="2020-12-18T19:07:52Z">
          <reporter-output>
          </reporter-output>
        </test-method> <!-- arquivosVerificar -->
        <test-method status="FAIL" signature="verificarInsert()[pri:0, instance:com.timp.test.DFG.SPED.ESocial.S1210.S1210GerarDadosDoEventoCriar@3a079870]" name="verificarInsert" duration-ms="52463" started-at="2020-12-18T19:07:52Z" finished-at="2020-12-18T19:08:44Z">
          <exception class="java.lang.AssertionError">
            <message>
              <![CDATA[O registro não foi criado com sucesso expected [true] but found [false]]]>
            </message>
            <full-stacktrace>
              <![CDATA[java.lang.AssertionError: O registro não foi criado com sucesso expected [true] but found [false]
	at org.testng.Assert.fail(Assert.java:94)
	at org.testng.Assert.failNotEquals(Assert.java:494)
	at org.testng.Assert.assertTrue(Assert.java:42)
	at com.timp.test.DFG.SPED.ESocial.S1210.S1210GerarDadosDoEventoCriar.verificarInsert(S1210GerarDadosDoEventoCriar.java:129)
	at sun.reflect.NativeMethodAccessorImpl.invoke0(Native Method)
	at sun.reflect.NativeMethodAccessorImpl.invoke(Unknown Source)
	at sun.reflect.DelegatingMethodAccessorImpl.invoke(Unknown Source)
	at java.lang.reflect.Method.invoke(Unknown Source)
	at org.testng.internal.MethodInvocationHelper.invokeMethod(MethodInvocationHelper.java:80)
	at org.testng.internal.Invoker.invokeMethod(Invoker.java:714)
	at org.testng.internal.Invoker.invokeTestMethod(Invoker.java:901)
	at org.testng.internal.Invoker.invokeTestMethods(Invoker.java:1231)
	at org.testng.internal.TestMethodWorker.invokeTestMethods(TestMethodWorker.java:127)
	at org.testng.internal.TestMethodWorker.run(TestMethodWorker.java:111)
	at org.testng.TestRunner.privateRun(TestRunner.java:767)
	at org.testng.TestRunner.run(TestRunner.java:617)
	at org.testng.SuiteRunner.runTest(SuiteRunner.java:334)
	at org.testng.SuiteRunner.runSequentially(SuiteRunner.java:329)
	at org.testng.SuiteRunner.privateRun(SuiteRunner.java:291)
	at org.testng.SuiteRunner.run(SuiteRunner.java:240)
	at org.testng.SuiteRunnerWorker.runSuite(SuiteRunnerWorker.java:52)
	at org.testng.SuiteRunnerWorker.run(SuiteRunnerWorker.java:86)
	at org.testng.TestNG.runSuitesSequentially(TestNG.java:1198)
	at org.testng.TestNG.runSuitesLocally(TestNG.java:1123)
	at org.testng.TestNG.run(TestNG.java:1031)
	at org.testng.remote.AbstractRemoteTestNG.run(AbstractRemoteTestNG.java:115)
	at org.testng.remote.RemoteTestNG.initAndRun(RemoteTestNG.java:251)
	at org.testng.remote.RemoteTestNG.main(RemoteTestNG.java:77)
]]>
            </full-stacktrace>
          </exception> <!-- java.lang.AssertionError -->
          <reporter-output>
          </reporter-output>
        </test-method> <!-- verificarInsert -->
        <test-method status="PASS" signature="enviarInsert()[pri:0, instance:com.timp.test.DFG.SPED.ESocial.S1210.S1210GerarDadosDoEventoCriar@3a079870]" name="enviarInsert" duration-ms="18697" started-at="2020-12-18T19:08:44Z" finished-at="2020-12-18T19:09:03Z">
          <reporter-output>
          </reporter-output>
        </test-method> <!-- enviarInsert -->
        <test-method status="PASS" signature="afterClass()[pri:0, instance:com.timp.test.DFG.SPED.ESocial.S1210.S1210GerarDadosDoEventoCriar@3a079870]" name="afterClass" is-config="true" duration-ms="0" started-at="2020-12-18T19:09:03Z" finished-at="2020-12-18T19:09:03Z">
          <reporter-output>
          </reporter-output>
        </test-method> <!-- afterClass -->
      </class> <!-- com.timp.test.DFG.SPED.ESocial.S1210.S1210GerarDadosDoEventoCriar -->
    </test> <!-- Default test -->
  </suite> <!-- Default suite -->
</testng-results>
