<?xml version="1.0" encoding="UTF-8"?>
<testng-results ignored="0" total="8" passed="8" failed="0" skipped="0">
  <reporter-output>
  </reporter-output>
  <suite started-at="2023-06-05T18:39:57 UTC" name="Default suite" finished-at="2023-06-05T18:49:19 UTC" duration-ms="562206">
    <groups>
    </groups>
    <test started-at="2023-06-05T18:39:57 UTC" name="Default test" finished-at="2023-06-05T18:49:19 UTC" duration-ms="562206">
      <class name="com.timp.test.ATR.Tributos.AgrupamentoDeTributos.AgrupamentoDeTributosTodasFunc">
        <test-method is-config="true" signature="beforeClass()[pri:0, instance:com.timp.test.ATR.Tributos.AgrupamentoDeTributos.AgrupamentoDeTributosTodasFunc@3a44431a]" started-at="2023-06-05T18:39:57 UTC" name="beforeClass" finished-at="2023-06-05T18:39:59 UTC" duration-ms="2863" status="PASS">
          <reporter-output>
          </reporter-output>
        </test-method> <!-- beforeClass -->
        <test-method signature="criar()[pri:0, instance:com.timp.test.ATR.Tributos.AgrupamentoDeTributos.AgrupamentoDeTributosTodasFunc@3a44431a]" started-at="2023-06-05T18:40:00 UTC" name="criar" finished-at="2023-06-05T18:41:14 UTC" duration-ms="74409" status="PASS">
          <reporter-output>
          </reporter-output>
        </test-method> <!-- criar -->
        <test-method signature="criarcopia()[pri:1, instance:com.timp.test.ATR.Tributos.AgrupamentoDeTributos.AgrupamentoDeTributosTodasFunc@3a44431a]" started-at="2023-06-05T18:41:14 UTC" name="criarcopia" finished-at="2023-06-05T18:43:14 UTC" duration-ms="119743" status="PASS">
          <reporter-output>
          </reporter-output>
        </test-method> <!-- criarcopia -->
        <test-method signature="detalle()[pri:2, instance:com.timp.test.ATR.Tributos.AgrupamentoDeTributos.AgrupamentoDeTributosTodasFunc@3a44431a]" started-at="2023-06-05T18:43:14 UTC" name="detalle" finished-at="2023-06-05T18:44:00 UTC" duration-ms="46098" status="PASS">
          <reporter-output>
          </reporter-output>
        </test-method> <!-- detalle -->
        <test-method signature="editar()[pri:3, instance:com.timp.test.ATR.Tributos.AgrupamentoDeTributos.AgrupamentoDeTributosTodasFunc@3a44431a]" started-at="2023-06-05T18:44:00 UTC" name="editar" finished-at="2023-06-05T18:45:33 UTC" duration-ms="93707" status="PASS">
          <reporter-output>
          </reporter-output>
        </test-method> <!-- editar -->
        <test-method signature="visualizar()[pri:4, instance:com.timp.test.ATR.Tributos.AgrupamentoDeTributos.AgrupamentoDeTributosTodasFunc@3a44431a]" started-at="2023-06-05T18:45:33 UTC" name="visualizar" finished-at="2023-06-05T18:46:21 UTC" duration-ms="47562" status="PASS">
          <reporter-output>
          </reporter-output>
        </test-method> <!-- visualizar -->
        <test-method signature="excluir()[pri:5, instance:com.timp.test.ATR.Tributos.AgrupamentoDeTributos.AgrupamentoDeTributosTodasFunc@3a44431a]" started-at="2023-06-05T18:46:21 UTC" name="excluir" finished-at="2023-06-05T18:47:08 UTC" duration-ms="47319" status="PASS">
          <reporter-output>
          </reporter-output>
        </test-method> <!-- excluir -->
        <test-method signature="criarMassa()[pri:6, instance:com.timp.test.ATR.Tributos.AgrupamentoDeTributos.AgrupamentoDeTributosTodasFunc@3a44431a]" started-at="2023-06-05T18:47:08 UTC" name="criarMassa" finished-at="2023-06-05T18:48:53 UTC" duration-ms="104433" status="PASS">
          <reporter-output>
          </reporter-output>
        </test-method> <!-- criarMassa -->
        <test-method signature="Excluir()[pri:0, instance:com.timp.test.ATR.Tributos.AgrupamentoDeTributos.AgrupamentoDeTributosTodasFunc@3a44431a]" started-at="2023-06-05T18:48:53 UTC" name="Excluir" finished-at="2023-06-05T18:49:19 UTC" depends-on-methods="com.timp.test.ATR.Tributos.AgrupamentoDeTributos.AgrupamentoDeTributosTodasFunc.criarMassa" duration-ms="26027" status="PASS">
          <reporter-output>
          </reporter-output>
        </test-method> <!-- Excluir -->
        <test-method is-config="true" signature="afterClass()[pri:0, instance:com.timp.test.ATR.Tributos.AgrupamentoDeTributos.AgrupamentoDeTributosTodasFunc@3a44431a]" started-at="2023-06-05T18:49:19 UTC" name="afterClass" finished-at="2023-06-05T18:49:19 UTC" duration-ms="1" status="PASS">
          <reporter-output>
          </reporter-output>
        </test-method> <!-- afterClass -->
      </class> <!-- com.timp.test.ATR.Tributos.AgrupamentoDeTributos.AgrupamentoDeTributosTodasFunc -->
    </test> <!-- Default test -->
  </suite> <!-- Default suite -->
</testng-results>
