<?xml version="1.0" encoding="UTF-8"?>
<testng-results ignored="0" total="3" passed="3" failed="0" skipped="0">
  <reporter-output>
  </reporter-output>
  <suite started-at="2023-07-17T19:52:00 UTC" name="Default suite" finished-at="2023-07-17T19:52:34 UTC" duration-ms="33586">
    <groups>
    </groups>
    <test started-at="2023-07-17T19:52:00 UTC" name="Default test" finished-at="2023-07-17T19:52:34 UTC" duration-ms="33586">
      <class name="com.timp.test.LOG.LogDeAções.LogDeAçõesDetalhes">
        <test-method is-config="true" signature="beforeClass()[pri:0, instance:com.timp.test.LOG.LogDeAções.LogDeAçõesDetalhes@593aaf41]" started-at="2023-07-17T19:52:00 UTC" name="beforeClass" finished-at="2023-07-17T19:52:03 UTC" duration-ms="2825" status="PASS">
          <reporter-output>
          </reporter-output>
        </test-method> <!-- beforeClass -->
        <test-method signature="login()[pri:0, instance:com.timp.test.LOG.LogDeAções.LogDeAçõesDetalhes@593aaf41]" started-at="2023-07-17T19:52:03 UTC" name="login" finished-at="2023-07-17T19:52:09 UTC" duration-ms="5443" status="PASS">
          <reporter-output>
          </reporter-output>
        </test-method> <!-- login -->
        <test-method signature="AcessarLOG()[pri:1, instance:com.timp.test.LOG.LogDeAções.LogDeAçõesDetalhes@593aaf41]" started-at="2023-07-17T19:52:09 UTC" name="AcessarLOG" finished-at="2023-07-17T19:52:20 UTC" duration-ms="11767" status="PASS">
          <reporter-output>
          </reporter-output>
        </test-method> <!-- AcessarLOG -->
        <test-method signature="Detalle()[pri:2, instance:com.timp.test.LOG.LogDeAções.LogDeAçõesDetalhes@593aaf41]" started-at="2023-07-17T19:52:20 UTC" name="Detalle" finished-at="2023-07-17T19:52:34 UTC" duration-ms="13512" status="PASS">
          <reporter-output>
          </reporter-output>
        </test-method> <!-- Detalle -->
        <test-method is-config="true" signature="afterClass()[pri:0, instance:com.timp.test.LOG.LogDeAções.LogDeAçõesDetalhes@593aaf41]" started-at="2023-07-17T19:52:34 UTC" name="afterClass" finished-at="2023-07-17T19:52:34 UTC" duration-ms="1" status="PASS">
          <reporter-output>
          </reporter-output>
        </test-method> <!-- afterClass -->
      </class> <!-- com.timp.test.LOG.LogDeAções.LogDeAçõesDetalhes -->
    </test> <!-- Default test -->
  </suite> <!-- Default suite -->
</testng-results>
