<?xml version="1.0" encoding="UTF-8"?>
<testng-results total="3" passed="3" failed="0" skipped="0">
  <reporter-output>
  </reporter-output>
  <suite started-at="2020-07-29T21:23:24Z" name="Default suite" finished-at="2020-07-29T21:25:17Z" duration-ms="112923">
    <groups>
    </groups>
    <test started-at="2020-07-29T21:23:24Z" name="Default test" finished-at="2020-07-29T21:25:17Z" duration-ms="112923">
      <class name="com.timp.test.MDR.CEP.Logradouro.LogradouroVisualizar">
        <test-method is-config="true" signature="beforeClass()[pri:0, instance:com.timp.test.MDR.CEP.Logradouro.LogradouroVisualizar@4c1909a3]" started-at="2020-07-29T15:23:24Z" name="beforeClass" finished-at="2020-07-29T15:23:43Z" duration-ms="19468" status="PASS">
          <reporter-output>
          </reporter-output>
        </test-method> <!-- beforeClass -->
        <test-method signature="login()[pri:0, instance:com.timp.test.MDR.CEP.Logradouro.LogradouroVisualizar@4c1909a3]" started-at="2020-07-29T15:23:43Z" name="login" finished-at="2020-07-29T15:23:55Z" duration-ms="11181" status="PASS">
          <reporter-output>
          </reporter-output>
        </test-method> <!-- login -->
        <test-method signature="acessarMDR()[pri:0, instance:com.timp.test.MDR.CEP.Logradouro.LogradouroVisualizar@4c1909a3]" started-at="2020-07-29T15:23:55Z" name="acessarMDR" finished-at="2020-07-29T15:24:33Z" duration-ms="38658" status="PASS">
          <reporter-output>
          </reporter-output>
        </test-method> <!-- acessarMDR -->
        <test-method signature="logradouroVisualizar()[pri:0, instance:com.timp.test.MDR.CEP.Logradouro.LogradouroVisualizar@4c1909a3]" started-at="2020-07-29T15:24:33Z" name="logradouroVisualizar" finished-at="2020-07-29T15:25:17Z" duration-ms="43531" status="PASS">
          <reporter-output>
          </reporter-output>
        </test-method> <!-- logradouroVisualizar -->
        <test-method is-config="true" signature="afterClass()[pri:0, instance:com.timp.test.MDR.CEP.Logradouro.LogradouroVisualizar@4c1909a3]" started-at="2020-07-29T15:25:17Z" name="afterClass" finished-at="2020-07-29T15:25:17Z" duration-ms="1" status="PASS">
          <reporter-output>
          </reporter-output>
        </test-method> <!-- afterClass -->
      </class> <!-- com.timp.test.MDR.CEP.Logradouro.LogradouroVisualizar -->
    </test> <!-- Default test -->
  </suite> <!-- Default suite -->
</testng-results>
