<?xml version="1.0" encoding="UTF-8"?>
<testng-results total="3" passed="3" failed="0" skipped="0">
  <reporter-output>
  </reporter-output>
  <suite started-at="2020-10-19T20:45:20Z" name="Default suite" finished-at="2020-10-19T20:48:12Z" duration-ms="171337">
    <groups>
    </groups>
    <test started-at="2020-10-19T20:45:20Z" name="Default test" finished-at="2020-10-19T20:48:12Z" duration-ms="171337">
      <class name="com.timp.test.MDR.Siscoserv.NBS.NBSEditar">
        <test-method is-config="true" signature="beforeClass()[pri:0, instance:com.timp.test.MDR.Siscoserv.NBS.NBSEditar@f78a47e]" started-at="2020-10-19T17:45:20Z" name="beforeClass" finished-at="2020-10-19T17:45:33Z" duration-ms="12385" status="PASS">
          <reporter-output>
          </reporter-output>
        </test-method> <!-- beforeClass -->
        <test-method signature="login()[pri:0, instance:com.timp.test.MDR.Siscoserv.NBS.NBSEditar@f78a47e]" started-at="2020-10-19T17:45:33Z" name="login" finished-at="2020-10-19T17:45:41Z" duration-ms="7692" status="PASS">
          <reporter-output>
          </reporter-output>
        </test-method> <!-- login -->
        <test-method signature="acessarMDR()[pri:0, instance:com.timp.test.MDR.Siscoserv.NBS.NBSEditar@f78a47e]" started-at="2020-10-19T17:45:41Z" name="acessarMDR" finished-at="2020-10-19T17:46:12Z" duration-ms="31793" status="PASS">
          <reporter-output>
          </reporter-output>
        </test-method> <!-- acessarMDR -->
        <test-method signature="editar()[pri:0, instance:com.timp.test.MDR.Siscoserv.NBS.NBSEditar@f78a47e]" started-at="2020-10-19T17:46:12Z" name="editar" finished-at="2020-10-19T17:48:12Z" duration-ms="119386" status="PASS">
          <reporter-output>
          </reporter-output>
        </test-method> <!-- editar -->
        <test-method is-config="true" signature="afterClass()[pri:0, instance:com.timp.test.MDR.Siscoserv.NBS.NBSEditar@f78a47e]" started-at="2020-10-19T17:48:12Z" name="afterClass" finished-at="2020-10-19T17:48:12Z" duration-ms="67" status="PASS">
          <reporter-output>
          </reporter-output>
        </test-method> <!-- afterClass -->
      </class> <!-- com.timp.test.MDR.Siscoserv.NBS.NBSEditar -->
    </test> <!-- Default test -->
  </suite> <!-- Default suite -->
</testng-results>
