<?xml version="1.0" encoding="UTF-8"?>
<testng-results skipped="0" failed="0" total="3" passed="3">
  <reporter-output>
  </reporter-output>
  <suite name="Default suite" duration-ms="97177" started-at="2021-01-14T22:24:24Z" finished-at="2021-01-14T22:26:01Z">
    <groups>
    </groups>
    <test name="Default test" duration-ms="97177" started-at="2021-01-14T22:24:24Z" finished-at="2021-01-14T22:26:01Z">
      <class name="com.timp.test.TCC.GestaoDeCreditoTributarioICMS.ConfiguracaoEExecucaoRegistro1200.ConfiguracaoEExecucaoRegistro1200Excluir">
        <test-method status="PASS" signature="beforeClass()[pri:0, instance:com.timp.test.TCC.GestaoDeCreditoTributarioICMS.ConfiguracaoEExecucaoRegistro1200.ConfiguracaoEExecucaoRegistro1200Excluir@f2f2cc1]" name="beforeClass" is-config="true" duration-ms="12034" started-at="2021-01-14T16:24:24Z" finished-at="2021-01-14T16:24:36Z">
          <reporter-output>
          </reporter-output>
        </test-method> <!-- beforeClass -->
        <test-method status="PASS" signature="login()[pri:0, instance:com.timp.test.TCC.GestaoDeCreditoTributarioICMS.ConfiguracaoEExecucaoRegistro1200.ConfiguracaoEExecucaoRegistro1200Excluir@f2f2cc1]" name="login" duration-ms="6769" started-at="2021-01-14T16:24:36Z" finished-at="2021-01-14T16:24:43Z">
          <reporter-output>
          </reporter-output>
        </test-method> <!-- login -->
        <test-method status="PASS" signature="acessarTCC()[pri:0, instance:com.timp.test.TCC.GestaoDeCreditoTributarioICMS.ConfiguracaoEExecucaoRegistro1200.ConfiguracaoEExecucaoRegistro1200Excluir@f2f2cc1]" name="acessarTCC" duration-ms="15872" started-at="2021-01-14T16:24:43Z" finished-at="2021-01-14T16:24:59Z">
          <reporter-output>
          </reporter-output>
        </test-method> <!-- acessarTCC -->
        <test-method status="PASS" signature="excluir()[pri:0, instance:com.timp.test.TCC.GestaoDeCreditoTributarioICMS.ConfiguracaoEExecucaoRegistro1200.ConfiguracaoEExecucaoRegistro1200Excluir@f2f2cc1]" name="excluir" duration-ms="58079" started-at="2021-01-14T16:24:59Z" finished-at="2021-01-14T16:25:57Z">
          <reporter-output>
          </reporter-output>
        </test-method> <!-- excluir -->
        <test-method status="PASS" signature="afterClass()[pri:0, instance:com.timp.test.TCC.GestaoDeCreditoTributarioICMS.ConfiguracaoEExecucaoRegistro1200.ConfiguracaoEExecucaoRegistro1200Excluir@f2f2cc1]" name="afterClass" is-config="true" duration-ms="4407" started-at="2021-01-14T16:25:57Z" finished-at="2021-01-14T16:26:01Z">
          <reporter-output>
          </reporter-output>
        </test-method> <!-- afterClass -->
      </class> <!-- com.timp.test.TCC.GestaoDeCreditoTributarioICMS.ConfiguracaoEExecucaoRegistro1200.ConfiguracaoEExecucaoRegistro1200Excluir -->
    </test> <!-- Default test -->
  </suite> <!-- Default suite -->
</testng-results>
