<?xml version="1.0" encoding="UTF-8"?>
<testng-results ignored="0" total="17" passed="16" failed="1" skipped="0">
  <reporter-output>
  </reporter-output>
  <suite started-at="2021-08-13T16:19:05Z" name="Suite" finished-at="2021-08-13T16:41:40Z" duration-ms="1355156">
    <groups>
    </groups>
    <test started-at="2021-08-13T16:19:05Z" name="ATR - Arquivos" finished-at="2021-08-13T16:26:04Z" duration-ms="419123">
      <class name="com.timp.test.ATR.Arquivos.NotaFiscalEletronicaDeEntradaDeSaida.NotaFiscalEletronicaDeEntradaDeSaidaFiltrosAvancados">
        <test-method is-config="true" signature="beforeClass()[pri:0, instance:com.timp.test.ATR.Arquivos.NotaFiscalEletronicaDeEntradaDeSaida.NotaFiscalEletronicaDeEntradaDeSaidaFiltrosAvancados@60410cd]" started-at="2021-08-13T16:21:44Z" name="beforeClass" finished-at="2021-08-13T16:22:04Z" duration-ms="19953" status="PASS">
          <reporter-output>
          </reporter-output>
        </test-method> <!-- beforeClass -->
        <test-method signature="filtroAvansado()[pri:0, instance:com.timp.test.ATR.Arquivos.NotaFiscalEletronicaDeEntradaDeSaida.NotaFiscalEletronicaDeEntradaDeSaidaFiltrosAvancados@60410cd]" started-at="2021-08-13T16:22:04Z" name="filtroAvansado" finished-at="2021-08-13T16:23:18Z" duration-ms="73598" status="PASS">
          <reporter-output>
          </reporter-output>
        </test-method> <!-- filtroAvansado -->
        <test-method is-config="true" signature="afterClass()[pri:0, instance:com.timp.test.ATR.Arquivos.NotaFiscalEletronicaDeEntradaDeSaida.NotaFiscalEletronicaDeEntradaDeSaidaFiltrosAvancados@60410cd]" started-at="2021-08-13T16:23:18Z" name="afterClass" finished-at="2021-08-13T16:23:22Z" duration-ms="4456" status="PASS">
          <reporter-output>
          </reporter-output>
        </test-method> <!-- afterClass -->
      </class> <!-- com.timp.test.ATR.Arquivos.NotaFiscalEletronicaDeEntradaDeSaida.NotaFiscalEletronicaDeEntradaDeSaidaFiltrosAvancados -->
      <class name="com.timp.test.ATR.Arquivos.CarregamentoDeArquivos.CarregamentoDeArquivosFiltroPorID">
        <test-method is-config="true" signature="beforeClass()[pri:0, instance:com.timp.test.ATR.Arquivos.CarregamentoDeArquivos.CarregamentoDeArquivosFiltroPorID@4241e0f4]" started-at="2021-08-13T16:19:05Z" name="beforeClass" finished-at="2021-08-13T16:19:27Z" duration-ms="22464" status="PASS">
          <reporter-output>
          </reporter-output>
        </test-method> <!-- beforeClass -->
        <test-method signature="filtro()[pri:0, instance:com.timp.test.ATR.Arquivos.CarregamentoDeArquivos.CarregamentoDeArquivosFiltroPorID@4241e0f4]" started-at="2021-08-13T16:19:27Z" name="filtro" finished-at="2021-08-13T16:20:25Z" duration-ms="57790" status="FAIL">
          <exception class="java.lang.AssertionError">
            <message>
              <![CDATA[Os resultados não são acorde aos filtros expected [true] but found [false]]]>
            </message>
            <full-stacktrace>
              <![CDATA[java.lang.AssertionError: Os resultados não são acorde aos filtros expected [true] but found [false]
at org.testng.Assert.fail(Assert.java:96)
at org.testng.Assert.failNotEquals(Assert.java:776)
at org.testng.Assert.assertTrue(Assert.java:44)
at com.timp.test.ATR.Arquivos.CarregamentoDeArquivos.CarregamentoDeArquivosFiltroPorID.filtro(CarregamentoDeArquivosFiltroPorID.java:49)
at java.base/jdk.internal.reflect.NativeMethodAccessorImpl.invoke0(Native Method)
at java.base/jdk.internal.reflect.NativeMethodAccessorImpl.invoke(NativeMethodAccessorImpl.java:64)
at java.base/jdk.internal.reflect.DelegatingMethodAccessorImpl.invoke(DelegatingMethodAccessorImpl.java:43)
at java.base/java.lang.reflect.Method.invoke(Method.java:564)
at org.testng.internal.MethodInvocationHelper.invokeMethod(MethodInvocationHelper.java:124)
at org.testng.internal.Invoker.invokeMethod(Invoker.java:583)
at org.testng.internal.Invoker.invokeTestMethod(Invoker.java:719)
at org.testng.internal.Invoker.invokeTestMethods(Invoker.java:989)
at org.testng.internal.TestMethodWorker.invokeTestMethods(TestMethodWorker.java:125)
at org.testng.internal.TestMethodWorker.run(TestMethodWorker.java:109)
at org.testng.TestRunner.privateRun(TestRunner.java:648)
at org.testng.TestRunner.run(TestRunner.java:505)
at org.testng.SuiteRunner.runTest(SuiteRunner.java:455)
at org.testng.SuiteRunner.runSequentially(SuiteRunner.java:450)
at org.testng.SuiteRunner.privateRun(SuiteRunner.java:415)
at org.testng.SuiteRunner.run(SuiteRunner.java:364)
at org.testng.SuiteRunnerWorker.runSuite(SuiteRunnerWorker.java:52)
at org.testng.SuiteRunnerWorker.run(SuiteRunnerWorker.java:84)
at org.testng.TestNG.runSuitesSequentially(TestNG.java:1208)
at org.testng.TestNG.runSuitesLocally(TestNG.java:1137)
at org.testng.TestNG.runSuites(TestNG.java:1049)
at org.testng.TestNG.run(TestNG.java:1017)
at org.testng.remote.AbstractRemoteTestNG.run(AbstractRemoteTestNG.java:115)
at org.testng.remote.RemoteTestNG.initAndRun(RemoteTestNG.java:251)
at org.testng.remote.RemoteTestNG.main(RemoteTestNG.java:77)
]]>
            </full-stacktrace>
          </exception> <!-- java.lang.AssertionError -->
          <reporter-output>
          </reporter-output>
        </test-method> <!-- filtro -->
        <test-method is-config="true" signature="afterClass()[pri:0, instance:com.timp.test.ATR.Arquivos.CarregamentoDeArquivos.CarregamentoDeArquivosFiltroPorID@4241e0f4]" started-at="2021-08-13T16:20:25Z" name="afterClass" finished-at="2021-08-13T16:20:25Z" duration-ms="245" status="PASS">
          <reporter-output>
          </reporter-output>
        </test-method> <!-- afterClass -->
      </class> <!-- com.timp.test.ATR.Arquivos.CarregamentoDeArquivos.CarregamentoDeArquivosFiltroPorID -->
      <class name="com.timp.test.ATR.Arquivos.NotaFiscalEletronicaDeEntradaDeSaida.NotaFiscalEletronicaDeEntradaDeSaidaFiltroPorINFNFE">
        <test-method is-config="true" signature="beforeClass()[pri:0, instance:com.timp.test.ATR.Arquivos.NotaFiscalEletronicaDeEntradaDeSaida.NotaFiscalEletronicaDeEntradaDeSaidaFiltroPorINFNFE@4ebff610]" started-at="2021-08-13T16:20:25Z" name="beforeClass" finished-at="2021-08-13T16:20:51Z" duration-ms="25184" status="PASS">
          <reporter-output>
          </reporter-output>
        </test-method> <!-- beforeClass -->
        <test-method signature="filtro()[pri:0, instance:com.timp.test.ATR.Arquivos.NotaFiscalEletronicaDeEntradaDeSaida.NotaFiscalEletronicaDeEntradaDeSaidaFiltroPorINFNFE@4ebff610]" started-at="2021-08-13T16:20:51Z" name="filtro" finished-at="2021-08-13T16:21:44Z" duration-ms="53530" status="PASS">
          <reporter-output>
          </reporter-output>
        </test-method> <!-- filtro -->
        <test-method is-config="true" signature="afterClass()[pri:0, instance:com.timp.test.ATR.Arquivos.NotaFiscalEletronicaDeEntradaDeSaida.NotaFiscalEletronicaDeEntradaDeSaidaFiltroPorINFNFE@4ebff610]" started-at="2021-08-13T16:21:44Z" name="afterClass" finished-at="2021-08-13T16:21:44Z" duration-ms="252" status="PASS">
          <reporter-output>
          </reporter-output>
        </test-method> <!-- afterClass -->
      </class> <!-- com.timp.test.ATR.Arquivos.NotaFiscalEletronicaDeEntradaDeSaida.NotaFiscalEletronicaDeEntradaDeSaidaFiltroPorINFNFE -->
      <class name="com.timp.test.ATR.Arquivos.NotaFiscalEletronicaDeTransporte.NotaFiscalEletronicaDeTransporteFiltrosAvancados">
        <test-method is-config="true" signature="beforeClass()[pri:0, instance:com.timp.test.ATR.Arquivos.NotaFiscalEletronicaDeTransporte.NotaFiscalEletronicaDeTransporteFiltrosAvancados@95e33cc]" started-at="2021-08-13T16:24:34Z" name="beforeClass" finished-at="2021-08-13T16:24:47Z" duration-ms="13928" status="PASS">
          <reporter-output>
          </reporter-output>
        </test-method> <!-- beforeClass -->
        <test-method signature="filtroAvansado()[pri:1, instance:com.timp.test.ATR.Arquivos.NotaFiscalEletronicaDeTransporte.NotaFiscalEletronicaDeTransporteFiltrosAvancados@95e33cc]" started-at="2021-08-13T16:24:47Z" name="filtroAvansado" finished-at="2021-08-13T16:24:55Z" duration-ms="7474" status="PASS">
          <reporter-output>
          </reporter-output>
        </test-method> <!-- filtroAvansado -->
        <test-method signature="ATREntrar()[pri:2, instance:com.timp.test.ATR.Arquivos.NotaFiscalEletronicaDeTransporte.NotaFiscalEletronicaDeTransporteFiltrosAvancados@95e33cc]" started-at="2021-08-13T16:24:55Z" name="ATREntrar" finished-at="2021-08-13T16:25:10Z" duration-ms="15478" status="PASS">
          <reporter-output>
          </reporter-output>
        </test-method> <!-- ATREntrar -->
        <test-method signature="filtro()[pri:3, instance:com.timp.test.ATR.Arquivos.NotaFiscalEletronicaDeTransporte.NotaFiscalEletronicaDeTransporteFiltrosAvancados@95e33cc]" started-at="2021-08-13T16:25:10Z" name="filtro" finished-at="2021-08-13T16:26:00Z" duration-ms="49248" status="PASS">
          <reporter-output>
          </reporter-output>
        </test-method> <!-- filtro -->
        <test-method is-config="true" signature="afterClass()[pri:0, instance:com.timp.test.ATR.Arquivos.NotaFiscalEletronicaDeTransporte.NotaFiscalEletronicaDeTransporteFiltrosAvancados@95e33cc]" started-at="2021-08-13T16:26:00Z" name="afterClass" finished-at="2021-08-13T16:26:04Z" duration-ms="4448" status="PASS">
          <reporter-output>
          </reporter-output>
        </test-method> <!-- afterClass -->
      </class> <!-- com.timp.test.ATR.Arquivos.NotaFiscalEletronicaDeTransporte.NotaFiscalEletronicaDeTransporteFiltrosAvancados -->
      <class name="com.timp.test.ATR.Arquivos.NotaFiscalEletronicaDeTransporte.NotaFiscalEletronicaDeTransporteFiltroPorINFNFE">
        <test-method is-config="true" signature="beforeClass()[pri:0, instance:com.timp.test.ATR.Arquivos.NotaFiscalEletronicaDeTransporte.NotaFiscalEletronicaDeTransporteFiltroPorINFNFE@44d52de2]" started-at="2021-08-13T16:23:22Z" name="beforeClass" finished-at="2021-08-13T16:23:36Z" duration-ms="13699" status="PASS">
          <reporter-output>
          </reporter-output>
        </test-method> <!-- beforeClass -->
        <test-method signature="filtro()[pri:0, instance:com.timp.test.ATR.Arquivos.NotaFiscalEletronicaDeTransporte.NotaFiscalEletronicaDeTransporteFiltroPorINFNFE@44d52de2]" started-at="2021-08-13T16:23:36Z" name="filtro" finished-at="2021-08-13T16:24:29Z" duration-ms="52880" status="PASS">
          <reporter-output>
          </reporter-output>
        </test-method> <!-- filtro -->
        <test-method is-config="true" signature="afterClass()[pri:0, instance:com.timp.test.ATR.Arquivos.NotaFiscalEletronicaDeTransporte.NotaFiscalEletronicaDeTransporteFiltroPorINFNFE@44d52de2]" started-at="2021-08-13T16:24:29Z" name="afterClass" finished-at="2021-08-13T16:24:34Z" duration-ms="4442" status="PASS">
          <reporter-output>
          </reporter-output>
        </test-method> <!-- afterClass -->
      </class> <!-- com.timp.test.ATR.Arquivos.NotaFiscalEletronicaDeTransporte.NotaFiscalEletronicaDeTransporteFiltroPorINFNFE -->
    </test> <!-- ATR - Arquivos -->
    <test started-at="2021-08-13T16:26:04Z" name="ATR-ESTRUCTURAS-ESTRUCTURAS" finished-at="2021-08-13T16:28:46Z" duration-ms="161334">
      <class name="com.timp.test.ATR.Estruturas.Estruturas.EstruturasVisualizarFiltros">
        <test-method is-config="true" signature="beforeClass()[pri:0, instance:com.timp.test.ATR.Estruturas.Estruturas.EstruturasVisualizarFiltros@65b104b9]" started-at="2021-08-13T16:27:32Z" name="beforeClass" finished-at="2021-08-13T16:27:50Z" duration-ms="17474" status="PASS">
          <reporter-output>
          </reporter-output>
        </test-method> <!-- beforeClass -->
        <test-method signature="visualizar()[pri:0, instance:com.timp.test.ATR.Estruturas.Estruturas.EstruturasVisualizarFiltros@65b104b9]" started-at="2021-08-13T16:27:50Z" name="visualizar" finished-at="2021-08-13T16:28:45Z" duration-ms="55373" status="PASS">
          <reporter-output>
          </reporter-output>
        </test-method> <!-- visualizar -->
        <test-method is-config="true" signature="afterClass()[pri:0, instance:com.timp.test.ATR.Estruturas.Estruturas.EstruturasVisualizarFiltros@65b104b9]" started-at="2021-08-13T16:28:45Z" name="afterClass" finished-at="2021-08-13T16:28:46Z" duration-ms="194" status="PASS">
          <reporter-output>
          </reporter-output>
        </test-method> <!-- afterClass -->
      </class> <!-- com.timp.test.ATR.Estruturas.Estruturas.EstruturasVisualizarFiltros -->
      <class name="com.timp.test.ATR.Estruturas.Estruturas.EstruturasVisualizar">
        <test-method is-config="true" signature="beforeClass()[pri:0, instance:com.timp.test.ATR.Estruturas.Estruturas.EstruturasVisualizar@3403e2ac]" started-at="2021-08-13T16:26:04Z" name="beforeClass" finished-at="2021-08-13T16:26:21Z" duration-ms="16489" status="PASS">
          <reporter-output>
          </reporter-output>
        </test-method> <!-- beforeClass -->
        <test-method signature="visualizar()[pri:0, instance:com.timp.test.ATR.Estruturas.Estruturas.EstruturasVisualizar@3403e2ac]" started-at="2021-08-13T16:26:21Z" name="visualizar" finished-at="2021-08-13T16:27:28Z" duration-ms="67327" status="PASS">
          <reporter-output>
          </reporter-output>
        </test-method> <!-- visualizar -->
        <test-method is-config="true" signature="afterClass()[pri:0, instance:com.timp.test.ATR.Estruturas.Estruturas.EstruturasVisualizar@3403e2ac]" started-at="2021-08-13T16:27:28Z" name="afterClass" finished-at="2021-08-13T16:27:32Z" duration-ms="4468" status="PASS">
          <reporter-output>
          </reporter-output>
        </test-method> <!-- afterClass -->
      </class> <!-- com.timp.test.ATR.Estruturas.Estruturas.EstruturasVisualizar -->
    </test> <!-- ATR-ESTRUCTURAS-ESTRUCTURAS -->
    <test started-at="2021-08-13T16:28:46Z" name="ATR -  ESTRUCTURAS - GRUPO ESTRUCTURAS" finished-at="2021-08-13T16:41:40Z" duration-ms="774578">
      <class name="com.timp.test.ATR.Estruturas.GrupoDeEstruturas.GrupoDeEstruturasFiltroPorID">
        <test-method is-config="true" signature="beforeClass()[pri:0, instance:com.timp.test.ATR.Estruturas.GrupoDeEstruturas.GrupoDeEstruturasFiltroPorID@21ba0741]" started-at="2021-08-13T16:34:31Z" name="beforeClass" finished-at="2021-08-13T16:34:56Z" duration-ms="24853" status="PASS">
          <reporter-output>
          </reporter-output>
        </test-method> <!-- beforeClass -->
        <test-method signature="filtro()[pri:0, instance:com.timp.test.ATR.Estruturas.GrupoDeEstruturas.GrupoDeEstruturasFiltroPorID@21ba0741]" started-at="2021-08-13T16:34:56Z" name="filtro" finished-at="2021-08-13T16:35:44Z" duration-ms="47977" status="PASS">
          <reporter-output>
          </reporter-output>
        </test-method> <!-- filtro -->
        <test-method is-config="true" signature="afterClass()[pri:0, instance:com.timp.test.ATR.Estruturas.GrupoDeEstruturas.GrupoDeEstruturasFiltroPorID@21ba0741]" started-at="2021-08-13T16:35:44Z" name="afterClass" finished-at="2021-08-13T16:35:48Z" duration-ms="4434" status="PASS">
          <reporter-output>
          </reporter-output>
        </test-method> <!-- afterClass -->
      </class> <!-- com.timp.test.ATR.Estruturas.GrupoDeEstruturas.GrupoDeEstruturasFiltroPorID -->
      <class name="com.timp.test.ATR.Estruturas.GrupoDeEstruturas.GrupoDeEstruturasExcluir">
        <test-method is-config="true" signature="beforeClass()[pri:0, instance:com.timp.test.ATR.Estruturas.GrupoDeEstruturas.GrupoDeEstruturasExcluir@172b013]" started-at="2021-08-13T16:37:20Z" name="beforeClass" finished-at="2021-08-13T16:37:50Z" duration-ms="30052" status="PASS">
          <reporter-output>
          </reporter-output>
        </test-method> <!-- beforeClass -->
        <test-method signature="criar()[pri:0, instance:com.timp.test.ATR.Estruturas.GrupoDeEstruturas.GrupoDeEstruturasExcluir@172b013]" started-at="2021-08-13T16:37:50Z" name="criar" finished-at="2021-08-13T16:38:54Z" duration-ms="64056" status="PASS">
          <reporter-output>
          </reporter-output>
        </test-method> <!-- criar -->
        <test-method is-config="true" signature="afterClass()[pri:0, instance:com.timp.test.ATR.Estruturas.GrupoDeEstruturas.GrupoDeEstruturasExcluir@172b013]" started-at="2021-08-13T16:38:54Z" name="afterClass" finished-at="2021-08-13T16:38:54Z" duration-ms="170" status="PASS">
          <reporter-output>
          </reporter-output>
        </test-method> <!-- afterClass -->
      </class> <!-- com.timp.test.ATR.Estruturas.GrupoDeEstruturas.GrupoDeEstruturasExcluir -->
      <class name="com.timp.test.ATR.Estruturas.GrupoDeEstruturas.GrupoDeEstruturasEditar">
        <test-method is-config="true" signature="beforeClass()[pri:0, instance:com.timp.test.ATR.Estruturas.GrupoDeEstruturas.GrupoDeEstruturasEditar@338c99c8]" started-at="2021-08-13T16:32:06Z" name="beforeClass" finished-at="2021-08-13T16:32:26Z" duration-ms="19583" status="PASS">
          <reporter-output>
          </reporter-output>
        </test-method> <!-- beforeClass -->
        <test-method signature="editar()[pri:0, instance:com.timp.test.ATR.Estruturas.GrupoDeEstruturas.GrupoDeEstruturasEditar@338c99c8]" started-at="2021-08-13T16:32:26Z" name="editar" finished-at="2021-08-13T16:34:27Z" duration-ms="121276" status="PASS">
          <reporter-output>
          </reporter-output>
        </test-method> <!-- editar -->
        <test-method is-config="true" signature="afterClass()[pri:0, instance:com.timp.test.ATR.Estruturas.GrupoDeEstruturas.GrupoDeEstruturasEditar@338c99c8]" started-at="2021-08-13T16:34:27Z" name="afterClass" finished-at="2021-08-13T16:34:31Z" duration-ms="4158" status="PASS">
          <reporter-output>
          </reporter-output>
        </test-method> <!-- afterClass -->
      </class> <!-- com.timp.test.ATR.Estruturas.GrupoDeEstruturas.GrupoDeEstruturasEditar -->
      <class name="com.timp.test.ATR.Estruturas.GrupoDeEstruturas.GrupoDeEstruturaVer">
        <test-method is-config="true" signature="beforeClass()[pri:0, instance:com.timp.test.ATR.Estruturas.GrupoDeEstruturas.GrupoDeEstruturaVer@58ce9668]" started-at="2021-08-13T16:35:48Z" name="beforeClass" finished-at="2021-08-13T16:36:10Z" duration-ms="21313" status="PASS">
          <reporter-output>
          </reporter-output>
        </test-method> <!-- beforeClass -->
        <test-method signature="visualizar()[pri:0, instance:com.timp.test.ATR.Estruturas.GrupoDeEstruturas.GrupoDeEstruturaVer@58ce9668]" started-at="2021-08-13T16:36:10Z" name="visualizar" finished-at="2021-08-13T16:37:20Z" duration-ms="70383" status="PASS">
          <reporter-output>
          </reporter-output>
        </test-method> <!-- visualizar -->
        <test-method is-config="true" signature="afterClass()[pri:0, instance:com.timp.test.ATR.Estruturas.GrupoDeEstruturas.GrupoDeEstruturaVer@58ce9668]" started-at="2021-08-13T16:37:20Z" name="afterClass" finished-at="2021-08-13T16:37:20Z" duration-ms="177" status="PASS">
          <reporter-output>
          </reporter-output>
        </test-method> <!-- afterClass -->
      </class> <!-- com.timp.test.ATR.Estruturas.GrupoDeEstruturas.GrupoDeEstruturaVer -->
      <class name="com.timp.test.ATR.Estruturas.GrupoDeEstruturas.GrupoDeEstruturasExcluirEmMassa">
        <test-method is-config="true" signature="beforeClass()[pri:0, instance:com.timp.test.ATR.Estruturas.GrupoDeEstruturas.GrupoDeEstruturasExcluirEmMassa@56673b2c]" started-at="2021-08-13T16:38:54Z" name="beforeClass" finished-at="2021-08-13T16:39:12Z" duration-ms="17495" status="PASS">
          <reporter-output>
          </reporter-output>
        </test-method> <!-- beforeClass -->
        <test-method signature="criar()[pri:0, instance:com.timp.test.ATR.Estruturas.GrupoDeEstruturas.GrupoDeEstruturasExcluirEmMassa@56673b2c]" started-at="2021-08-13T16:39:12Z" name="criar" finished-at="2021-08-13T16:40:59Z" duration-ms="106547" status="PASS">
          <reporter-output>
          </reporter-output>
        </test-method> <!-- criar -->
        <test-method signature="Excluir()[pri:0, instance:com.timp.test.ATR.Estruturas.GrupoDeEstruturas.GrupoDeEstruturasExcluirEmMassa@56673b2c]" started-at="2021-08-13T16:40:59Z" name="Excluir" finished-at="2021-08-13T16:41:40Z" depends-on-methods="com.timp.test.ATR.Estruturas.GrupoDeEstruturas.GrupoDeEstruturasExcluirEmMassa.criar" duration-ms="41450" status="PASS">
          <reporter-output>
          </reporter-output>
        </test-method> <!-- Excluir -->
        <test-method is-config="true" signature="afterClass()[pri:0, instance:com.timp.test.ATR.Estruturas.GrupoDeEstruturas.GrupoDeEstruturasExcluirEmMassa@56673b2c]" started-at="2021-08-13T16:41:40Z" name="afterClass" finished-at="2021-08-13T16:41:40Z" duration-ms="145" status="PASS">
          <reporter-output>
          </reporter-output>
        </test-method> <!-- afterClass -->
      </class> <!-- com.timp.test.ATR.Estruturas.GrupoDeEstruturas.GrupoDeEstruturasExcluirEmMassa -->
      <class name="com.timp.test.ATR.Estruturas.GrupoDeEstruturas.GrupoDeEstruturasDetalhes">
        <test-method is-config="true" signature="beforeClass()[pri:0, instance:com.timp.test.ATR.Estruturas.GrupoDeEstruturas.GrupoDeEstruturasDetalhes@59a008ba]" started-at="2021-08-13T16:30:35Z" name="beforeClass" finished-at="2021-08-13T16:30:54Z" duration-ms="19941" status="PASS">
          <reporter-output>
          </reporter-output>
        </test-method> <!-- beforeClass -->
        <test-method signature="detalhes()[pri:0, instance:com.timp.test.ATR.Estruturas.GrupoDeEstruturas.GrupoDeEstruturasDetalhes@59a008ba]" started-at="2021-08-13T16:30:54Z" name="detalhes" finished-at="2021-08-13T16:32:02Z" duration-ms="67101" status="PASS">
          <reporter-output>
          </reporter-output>
        </test-method> <!-- detalhes -->
        <test-method is-config="true" signature="afterClass()[pri:0, instance:com.timp.test.ATR.Estruturas.GrupoDeEstruturas.GrupoDeEstruturasDetalhes@59a008ba]" started-at="2021-08-13T16:32:02Z" name="afterClass" finished-at="2021-08-13T16:32:06Z" duration-ms="4442" status="PASS">
          <reporter-output>
          </reporter-output>
        </test-method> <!-- afterClass -->
      </class> <!-- com.timp.test.ATR.Estruturas.GrupoDeEstruturas.GrupoDeEstruturasDetalhes -->
      <class name="com.timp.test.ATR.Estruturas.GrupoDeEstruturas.GrupoDeEstruturasCriar">
        <test-method is-config="true" signature="beforeClass()[pri:0, instance:com.timp.test.ATR.Estruturas.GrupoDeEstruturas.GrupoDeEstruturasCriar@30c93896]" started-at="2021-08-13T16:28:46Z" name="beforeClass" finished-at="2021-08-13T16:29:05Z" duration-ms="19686" status="PASS">
          <reporter-output>
          </reporter-output>
        </test-method> <!-- beforeClass -->
        <test-method signature="criar()[pri:0, instance:com.timp.test.ATR.Estruturas.GrupoDeEstruturas.GrupoDeEstruturasCriar@30c93896]" started-at="2021-08-13T16:29:05Z" name="criar" finished-at="2021-08-13T16:30:30Z" duration-ms="85112" status="PASS">
          <reporter-output>
          </reporter-output>
        </test-method> <!-- criar -->
        <test-method is-config="true" signature="afterClass()[pri:0, instance:com.timp.test.ATR.Estruturas.GrupoDeEstruturas.GrupoDeEstruturasCriar@30c93896]" started-at="2021-08-13T16:30:30Z" name="afterClass" finished-at="2021-08-13T16:30:35Z" duration-ms="4199" status="PASS">
          <reporter-output>
          </reporter-output>
        </test-method> <!-- afterClass -->
      </class> <!-- com.timp.test.ATR.Estruturas.GrupoDeEstruturas.GrupoDeEstruturasCriar -->
    </test> <!-- ATR -  ESTRUCTURAS - GRUPO ESTRUCTURAS -->
  </suite> <!-- Suite -->
</testng-results>
