<?xml version="1.0" encoding="UTF-8"?>
<testng-results skipped="0" failed="0" total="3" passed="3">
  <reporter-output>
  </reporter-output>
  <suite name="Default suite" duration-ms="250191" started-at="2020-11-13T21:34:37Z" finished-at="2020-11-13T21:38:47Z">
    <groups>
    </groups>
    <test name="Default test" duration-ms="250191" started-at="2020-11-13T21:34:37Z" finished-at="2020-11-13T21:38:47Z">
      <class name="com.timp.test.BRB.CrescenteEDecrescente">
        <test-method status="PASS" signature="beforeClass()[pri:0, instance:com.timp.test.BRB.CrescenteEDecrescente@f2f2cc1]" name="beforeClass" is-config="true" duration-ms="11513" started-at="2020-11-13T15:34:37Z" finished-at="2020-11-13T15:34:49Z">
          <reporter-output>
          </reporter-output>
        </test-method> <!-- beforeClass -->
        <test-method status="PASS" signature="login()[pri:0, instance:com.timp.test.BRB.CrescenteEDecrescente@f2f2cc1]" name="login" duration-ms="6873" started-at="2020-11-13T15:34:49Z" finished-at="2020-11-13T15:34:56Z">
          <reporter-output>
          </reporter-output>
        </test-method> <!-- login -->
        <test-method status="PASS" signature="brbEntrar()[pri:0, instance:com.timp.test.BRB.CrescenteEDecrescente@f2f2cc1]" name="brbEntrar" duration-ms="28547" started-at="2020-11-13T15:34:56Z" finished-at="2020-11-13T15:35:24Z">
          <reporter-output>
          </reporter-output>
        </test-method> <!-- brbEntrar -->
        <test-method status="PASS" signature="crescenteEDecrescente()[pri:0, instance:com.timp.test.BRB.CrescenteEDecrescente@f2f2cc1]" name="crescenteEDecrescente" duration-ms="198863" started-at="2020-11-13T15:35:24Z" finished-at="2020-11-13T15:38:43Z">
          <reporter-output>
          </reporter-output>
        </test-method> <!-- crescenteEDecrescente -->
        <test-method status="PASS" signature="afterClass()[pri:0, instance:com.timp.test.BRB.CrescenteEDecrescente@f2f2cc1]" name="afterClass" is-config="true" duration-ms="4381" started-at="2020-11-13T15:38:43Z" finished-at="2020-11-13T15:38:47Z">
          <reporter-output>
          </reporter-output>
        </test-method> <!-- afterClass -->
      </class> <!-- com.timp.test.BRB.CrescenteEDecrescente -->
    </test> <!-- Default test -->
  </suite> <!-- Default suite -->
</testng-results>
