<?xml version="1.0" encoding="UTF-8"?>
<testng-results total="3" passed="3" failed="0" skipped="0">
  <reporter-output>
  </reporter-output>
  <suite started-at="2020-10-29T05:32:30Z" name="Default suite" finished-at="2020-10-29T05:36:06Z" duration-ms="215996">
    <groups>
    </groups>
    <test started-at="2020-10-29T05:32:30Z" name="Default test" finished-at="2020-10-29T05:36:06Z" duration-ms="215996">
      <class name="com.timp.test.MDR.PrecoDeTransferencia.ValoresParaMetodosDeImportacao.ValoresParaMetodoPRL.ValoresParaMetodoPRLExcluirEmMasa">
        <test-method is-config="true" signature="beforeClass()[pri:0, instance:com.timp.test.MDR.PrecoDeTransferencia.ValoresParaMetodosDeImportacao.ValoresParaMetodoPRL.ValoresParaMetodoPRLExcluirEmMasa@5026735c]" started-at="2020-10-28T23:32:30Z" name="beforeClass" finished-at="2020-10-28T23:32:45Z" duration-ms="14143" status="PASS">
          <reporter-output>
          </reporter-output>
        </test-method> <!-- beforeClass -->
        <test-method signature="ingresar()[pri:0, instance:com.timp.test.MDR.PrecoDeTransferencia.ValoresParaMetodosDeImportacao.ValoresParaMetodoPRL.ValoresParaMetodoPRLExcluirEmMasa@5026735c]" started-at="2020-10-28T23:32:45Z" name="ingresar" finished-at="2020-10-28T23:32:53Z" duration-ms="8561" status="PASS">
          <reporter-output>
          </reporter-output>
        </test-method> <!-- ingresar -->
        <test-method signature="mdrEntrar()[pri:0, instance:com.timp.test.MDR.PrecoDeTransferencia.ValoresParaMetodosDeImportacao.ValoresParaMetodoPRL.ValoresParaMetodoPRLExcluirEmMasa@5026735c]" started-at="2020-10-28T23:32:53Z" name="mdrEntrar" finished-at="2020-10-28T23:33:03Z" duration-ms="9914" status="PASS">
          <reporter-output>
          </reporter-output>
        </test-method> <!-- mdrEntrar -->
        <test-method signature="excluirEnMasaCompatibilidadeEntreFPAS()[pri:0, instance:com.timp.test.MDR.PrecoDeTransferencia.ValoresParaMetodosDeImportacao.ValoresParaMetodoPRL.ValoresParaMetodoPRLExcluirEmMasa@5026735c]" started-at="2020-10-28T23:33:03Z" name="excluirEnMasaCompatibilidadeEntreFPAS" finished-at="2020-10-28T23:36:06Z" duration-ms="183228" status="PASS">
          <reporter-output>
          </reporter-output>
        </test-method> <!-- excluirEnMasaCompatibilidadeEntreFPAS -->
        <test-method is-config="true" signature="afterClass()[pri:0, instance:com.timp.test.MDR.PrecoDeTransferencia.ValoresParaMetodosDeImportacao.ValoresParaMetodoPRL.ValoresParaMetodoPRLExcluirEmMasa@5026735c]" started-at="2020-10-28T23:36:06Z" name="afterClass" finished-at="2020-10-28T23:36:06Z" duration-ms="125" status="PASS">
          <reporter-output>
          </reporter-output>
        </test-method> <!-- afterClass -->
      </class> <!-- com.timp.test.MDR.PrecoDeTransferencia.ValoresParaMetodosDeImportacao.ValoresParaMetodoPRL.ValoresParaMetodoPRLExcluirEmMasa -->
    </test> <!-- Default test -->
  </suite> <!-- Default suite -->
</testng-results>
