<?xml version="1.0" encoding="UTF-8"?>
<testng-results ignored="0" total="2" passed="2" failed="0" skipped="0">
  <reporter-output>
  </reporter-output>
  <suite started-at="2021-03-24T15:19:24Z" name="Default suite" finished-at="2021-03-24T15:25:59Z" duration-ms="395539">
    <groups>
    </groups>
    <test started-at="2021-03-24T15:19:24Z" name="Default test" finished-at="2021-03-24T15:25:59Z" duration-ms="395539">
      <class name="com.timp.test.MDR.Reinf.R1070DadosAdicionais.R1070DadosAdicionaisExcluirEmMassa">
        <test-method is-config="true" signature="beforeClass()[pri:0, instance:com.timp.test.MDR.Reinf.R1070DadosAdicionais.R1070DadosAdicionaisExcluirEmMassa@95e33cc]" started-at="2021-03-24T15:19:24Z" name="beforeClass" finished-at="2021-03-24T15:19:40Z" duration-ms="16499" status="PASS">
          <reporter-output>
          </reporter-output>
        </test-method> <!-- beforeClass -->
        <test-method signature="criar()[pri:0, instance:com.timp.test.MDR.Reinf.R1070DadosAdicionais.R1070DadosAdicionaisExcluirEmMassa@95e33cc]" started-at="2021-03-24T15:19:40Z" name="criar" finished-at="2021-03-24T15:24:51Z" duration-ms="311460" status="PASS">
          <reporter-output>
          </reporter-output>
        </test-method> <!-- criar -->
        <test-method signature="excluirEmMassa()[pri:0, instance:com.timp.test.MDR.Reinf.R1070DadosAdicionais.R1070DadosAdicionaisExcluirEmMassa@95e33cc]" started-at="2021-03-24T15:24:51Z" name="excluirEmMassa" finished-at="2021-03-24T15:25:59Z" depends-on-methods="com.timp.test.MDR.Reinf.R1070DadosAdicionais.R1070DadosAdicionaisExcluirEmMassa.criar" duration-ms="67567" status="PASS">
          <reporter-output>
          </reporter-output>
        </test-method> <!-- excluirEmMassa -->
        <test-method is-config="true" signature="afterClass()[pri:0, instance:com.timp.test.MDR.Reinf.R1070DadosAdicionais.R1070DadosAdicionaisExcluirEmMassa@95e33cc]" started-at="2021-03-24T15:25:59Z" name="afterClass" finished-at="2021-03-24T15:25:59Z" duration-ms="0" status="PASS">
          <reporter-output>
          </reporter-output>
        </test-method> <!-- afterClass -->
      </class> <!-- com.timp.test.MDR.Reinf.R1070DadosAdicionais.R1070DadosAdicionaisExcluirEmMassa -->
    </test> <!-- Default test -->
  </suite> <!-- Default suite -->
</testng-results>
