<?xml version="1.0" encoding="UTF-8"?>
<testng-results ignored="0" total="4" passed="4" failed="0" skipped="0">
  <reporter-output>
  </reporter-output>
  <suite started-at="2021-12-02T22:31:24Z" name="Suite" finished-at="2021-12-02T22:55:26Z" duration-ms="1441723">
    <groups>
    </groups>
    <test started-at="2021-12-02T22:31:24Z" name="Regra De Campos" finished-at="2021-12-02T22:55:26Z" duration-ms="1441723">
      <class name="com.timp.test.TAA.AtribuiçõesdeRegras.RegraDeCampos.RegraDeCamposCriar">
        <test-method is-config="true" signature="beforeClass()[pri:0, instance:com.timp.test.TAA.AtribuiçõesdeRegras.RegraDeCampos.RegraDeCamposCriar@12d2ce03]" started-at="2021-12-02T22:31:24Z" name="beforeClass" finished-at="2021-12-02T22:32:48Z" duration-ms="83604" status="PASS">
          <reporter-output>
          </reporter-output>
        </test-method> <!-- beforeClass -->
        <test-method signature="criar()[pri:0, instance:com.timp.test.TAA.AtribuiçõesdeRegras.RegraDeCampos.RegraDeCamposCriar@12d2ce03]" started-at="2021-12-02T22:32:48Z" name="criar" finished-at="2021-12-02T22:36:41Z" duration-ms="233032" status="PASS">
          <reporter-output>
          </reporter-output>
        </test-method> <!-- criar -->
        <test-method is-config="true" signature="afterClass()[pri:0, instance:com.timp.test.TAA.AtribuiçõesdeRegras.RegraDeCampos.RegraDeCamposCriar@12d2ce03]" started-at="2021-12-02T22:36:41Z" name="afterClass" finished-at="2021-12-02T22:36:45Z" duration-ms="4470" status="PASS">
          <reporter-output>
          </reporter-output>
        </test-method> <!-- afterClass -->
      </class> <!-- com.timp.test.TAA.AtribuiçõesdeRegras.RegraDeCampos.RegraDeCamposCriar -->
      <class name="com.timp.test.TAA.AtribuiçõesdeRegras.RegraDeCampos.RegraDeCamposVer">
        <test-method is-config="true" signature="beforeClass()[pri:0, instance:com.timp.test.TAA.AtribuiçõesdeRegras.RegraDeCampos.RegraDeCamposVer@413f69cc]" started-at="2021-12-02T22:43:37Z" name="beforeClass" finished-at="2021-12-02T22:45:19Z" duration-ms="101363" status="PASS">
          <reporter-output>
          </reporter-output>
        </test-method> <!-- beforeClass -->
        <test-method signature="ver()[pri:0, instance:com.timp.test.TAA.AtribuiçõesdeRegras.RegraDeCampos.RegraDeCamposVer@413f69cc]" started-at="2021-12-02T22:45:19Z" name="ver" finished-at="2021-12-02T22:50:41Z" duration-ms="321871" status="PASS">
          <reporter-output>
          </reporter-output>
        </test-method> <!-- ver -->
        <test-method is-config="true" signature="afterClass()[pri:0, instance:com.timp.test.TAA.AtribuiçõesdeRegras.RegraDeCampos.RegraDeCamposVer@413f69cc]" started-at="2021-12-02T22:50:41Z" name="afterClass" finished-at="2021-12-02T22:50:41Z" duration-ms="0" status="PASS">
          <reporter-output>
          </reporter-output>
        </test-method> <!-- afterClass -->
      </class> <!-- com.timp.test.TAA.AtribuiçõesdeRegras.RegraDeCampos.RegraDeCamposVer -->
      <class name="com.timp.test.TAA.AtribuiçõesdeRegras.RegraDeCampos.RegraDeCamposEditar">
        <test-method is-config="true" signature="beforeClass()[pri:0, instance:com.timp.test.TAA.AtribuiçõesdeRegras.RegraDeCampos.RegraDeCamposEditar@7e5c856f]" started-at="2021-12-02T22:36:45Z" name="beforeClass" finished-at="2021-12-02T22:38:43Z" duration-ms="118379" status="PASS">
          <reporter-output>
          </reporter-output>
        </test-method> <!-- beforeClass -->
        <test-method signature="editar()[pri:0, instance:com.timp.test.TAA.AtribuiçõesdeRegras.RegraDeCampos.RegraDeCamposEditar@7e5c856f]" started-at="2021-12-02T22:38:43Z" name="editar" finished-at="2021-12-02T22:43:33Z" duration-ms="289341" status="PASS">
          <reporter-output>
          </reporter-output>
        </test-method> <!-- editar -->
        <test-method is-config="true" signature="afterClass()[pri:0, instance:com.timp.test.TAA.AtribuiçõesdeRegras.RegraDeCampos.RegraDeCamposEditar@7e5c856f]" started-at="2021-12-02T22:43:33Z" name="afterClass" finished-at="2021-12-02T22:43:37Z" duration-ms="4503" status="PASS">
          <reporter-output>
          </reporter-output>
        </test-method> <!-- afterClass -->
      </class> <!-- com.timp.test.TAA.AtribuiçõesdeRegras.RegraDeCampos.RegraDeCamposEditar -->
      <class name="com.timp.test.TAA.AtribuiçõesdeRegras.RegraDeCampos.RegraDeCamposExcluir">
        <test-method is-config="true" signature="beforeClass()[pri:0, instance:com.timp.test.TAA.AtribuiçõesdeRegras.RegraDeCampos.RegraDeCamposExcluir@1f53a5dc]" started-at="2021-12-02T22:50:41Z" name="beforeClass" finished-at="2021-12-02T22:52:40Z" duration-ms="119106" status="PASS">
          <reporter-output>
          </reporter-output>
        </test-method> <!-- beforeClass -->
        <test-method signature="excluir()[pri:0, instance:com.timp.test.TAA.AtribuiçõesdeRegras.RegraDeCampos.RegraDeCamposExcluir@1f53a5dc]" started-at="2021-12-02T22:52:40Z" name="excluir" finished-at="2021-12-02T22:55:21Z" duration-ms="161588" status="PASS">
          <reporter-output>
          </reporter-output>
        </test-method> <!-- excluir -->
        <test-method is-config="true" signature="afterClass()[pri:0, instance:com.timp.test.TAA.AtribuiçõesdeRegras.RegraDeCampos.RegraDeCamposExcluir@1f53a5dc]" started-at="2021-12-02T22:55:21Z" name="afterClass" finished-at="2021-12-02T22:55:26Z" duration-ms="4431" status="PASS">
          <reporter-output>
          </reporter-output>
        </test-method> <!-- afterClass -->
      </class> <!-- com.timp.test.TAA.AtribuiçõesdeRegras.RegraDeCampos.RegraDeCamposExcluir -->
    </test> <!-- Regra De Campos -->
  </suite> <!-- Suite -->
</testng-results>
