<?xml version="1.0" encoding="UTF-8"?>
<testng-results skipped="0" failed="0" total="3" passed="3">
  <reporter-output>
  </reporter-output>
  <suite name="Default suite" duration-ms="100992" started-at="2020-07-29T15:22:17Z" finished-at="2020-07-29T15:23:58Z">
    <groups>
    </groups>
    <test name="Default test" duration-ms="100992" started-at="2020-07-29T15:22:17Z" finished-at="2020-07-29T15:23:58Z">
      <class name="com.timp.test.MDR.CadastroCondiçao.CadastroCondicaoEditar">
        <test-method status="PASS" signature="beforeClass()[pri:0, instance:com.timp.test.MDR.CadastroCondiçao.CadastroCondicaoEditar@8e0379d]" name="beforeClass" is-config="true" duration-ms="17300" started-at="2020-07-29T12:22:17Z" finished-at="2020-07-29T12:22:34Z">
          <reporter-output>
          </reporter-output>
        </test-method> <!-- beforeClass -->
        <test-method status="PASS" signature="login()[pri:0, instance:com.timp.test.MDR.CadastroCondiçao.CadastroCondicaoEditar@8e0379d]" name="login" duration-ms="10038" started-at="2020-07-29T12:22:34Z" finished-at="2020-07-29T12:22:44Z">
          <reporter-output>
          </reporter-output>
        </test-method> <!-- login -->
        <test-method status="PASS" signature="acessarMDR()[pri:0, instance:com.timp.test.MDR.CadastroCondiçao.CadastroCondicaoEditar@8e0379d]" name="acessarMDR" duration-ms="11318" started-at="2020-07-29T12:22:44Z" finished-at="2020-07-29T12:22:55Z">
          <reporter-output>
          </reporter-output>
        </test-method> <!-- acessarMDR -->
        <test-method status="PASS" signature="criar()[pri:0, instance:com.timp.test.MDR.CadastroCondiçao.CadastroCondicaoEditar@8e0379d]" name="criar" duration-ms="62300" started-at="2020-07-29T12:22:55Z" finished-at="2020-07-29T12:23:58Z">
          <reporter-output>
          </reporter-output>
        </test-method> <!-- criar -->
      </class> <!-- com.timp.test.MDR.CadastroCondiçao.CadastroCondicaoEditar -->
    </test> <!-- Default test -->
  </suite> <!-- Default suite -->
</testng-results>
