<?xml version="1.0" encoding="UTF-8"?>
<testng-results ignored="0" total="62" passed="59" failed="2" skipped="1">
  <reporter-output>
  </reporter-output>
  <suite started-at="2021-05-29T06:29:02Z" name="Suite" finished-at="2021-05-29T08:32:06Z" duration-ms="7383543">
    <groups>
    </groups>
    <test started-at="2021-05-29T06:29:02Z" name="Código da Receita" finished-at="2021-05-29T06:41:54Z" duration-ms="771936">
      <class name="com.timp.test.MDR.CodigoReceita.CodigoReceitaExcluirEmMassa">
        <test-method is-config="true" signature="beforeClass()[pri:0, instance:com.timp.test.MDR.CodigoReceita.CodigoReceitaExcluirEmMassa@50de186c]" started-at="2021-05-29T06:38:37Z" name="beforeClass" finished-at="2021-05-29T06:39:03Z" duration-ms="25846" status="PASS">
          <reporter-output>
          </reporter-output>
        </test-method> <!-- beforeClass -->
        <test-method signature="criar()[pri:0, instance:com.timp.test.MDR.CodigoReceita.CodigoReceitaExcluirEmMassa@50de186c]" started-at="2021-05-29T06:39:03Z" name="criar" finished-at="2021-05-29T06:40:19Z" duration-ms="75901" status="FAIL">
          <exception class="org.openqa.selenium.StaleElementReferenceException">
            <message>
              <![CDATA[stale element reference: element is not attached to the page document
  (Session info: chrome=83.0.4103.106)
For documentation on this error, please visit: https://www.seleniumhq.org/exceptions/stale_element_reference.html
Build info: version: '3.141.59', revision: 'e82be7d358', time: '2018-11-14T08:17:03'
System info: host: 'DESKTOP-JP1A9E6', ip: '192.168.1.38', os.name: 'Windows 10', os.arch: 'amd64', os.version: '10.0', java.version: '15.0.2'
Driver info: org.openqa.selenium.chrome.ChromeDriver
Capabilities {acceptInsecureCerts: false, browserName: chrome, browserVersion: 83.0.4103.106, chrome: {chromedriverVersion: 83.0.4103.39 (ccbf011cb2d2b..., userDataDir: C:\Users\Massiel\AppData\Lo...}, goog:chromeOptions: {debuggerAddress: localhost:56449}, javascriptEnabled: true, networkConnectionEnabled: false, pageLoadStrategy: normal, platform: WINDOWS, platformName: WINDOWS, proxy: Proxy(), setWindowRect: true, strictFileInteractability: false, timeouts: {implicit: 0, pageLoad: 300000, script: 30000}, unhandledPromptBehavior: dismiss and notify, webauthn:virtualAuthenticators: true}
Session ID: 3ce2ed94d37bd987fc5cae55cf12dbae]]>
            </message>
            <full-stacktrace>
              <![CDATA[org.openqa.selenium.StaleElementReferenceException: stale element reference: element is not attached to the page document
  (Session info: chrome=83.0.4103.106)
For documentation on this error, please visit: https://www.seleniumhq.org/exceptions/stale_element_reference.html
Build info: version: '3.141.59', revision: 'e82be7d358', time: '2018-11-14T08:17:03'
System info: host: 'DESKTOP-JP1A9E6', ip: '192.168.1.38', os.name: 'Windows 10', os.arch: 'amd64', os.version: '10.0', java.version: '15.0.2'
Driver info: org.openqa.selenium.chrome.ChromeDriver
Capabilities {acceptInsecureCerts: false, browserName: chrome, browserVersion: 83.0.4103.106, chrome: {chromedriverVersion: 83.0.4103.39 (ccbf011cb2d2b..., userDataDir: C:\Users\Massiel\AppData\Lo...}, goog:chromeOptions: {debuggerAddress: localhost:56449}, javascriptEnabled: true, networkConnectionEnabled: false, pageLoadStrategy: normal, platform: WINDOWS, platformName: WINDOWS, proxy: Proxy(), setWindowRect: true, strictFileInteractability: false, timeouts: {implicit: 0, pageLoad: 300000, script: 30000}, unhandledPromptBehavior: dismiss and notify, webauthn:virtualAuthenticators: true}
Session ID: 3ce2ed94d37bd987fc5cae55cf12dbae
at java.base/jdk.internal.reflect.NativeConstructorAccessorImpl.newInstance0(Native Method)
at java.base/jdk.internal.reflect.NativeConstructorAccessorImpl.newInstance(NativeConstructorAccessorImpl.java:64)
at java.base/jdk.internal.reflect.DelegatingConstructorAccessorImpl.newInstance(DelegatingConstructorAccessorImpl.java:45)
at java.base/java.lang.reflect.Constructor.newInstanceWithCaller(Constructor.java:500)
at java.base/java.lang.reflect.Constructor.newInstance(Constructor.java:481)
at org.openqa.selenium.remote.http.W3CHttpResponseCodec.createException(W3CHttpResponseCodec.java:187)
at org.openqa.selenium.remote.http.W3CHttpResponseCodec.decode(W3CHttpResponseCodec.java:122)
at org.openqa.selenium.remote.http.W3CHttpResponseCodec.decode(W3CHttpResponseCodec.java:49)
at org.openqa.selenium.remote.HttpCommandExecutor.execute(HttpCommandExecutor.java:158)
at org.openqa.selenium.remote.service.DriverCommandExecutor.execute(DriverCommandExecutor.java:83)
at org.openqa.selenium.remote.RemoteWebDriver.execute(RemoteWebDriver.java:552)
at org.openqa.selenium.remote.RemoteWebElement.execute(RemoteWebElement.java:285)
at org.openqa.selenium.remote.RemoteWebElement.click(RemoteWebElement.java:84)
at jdk.internal.reflect.GeneratedMethodAccessor1.invoke(Unknown Source)
at java.base/jdk.internal.reflect.DelegatingMethodAccessorImpl.invoke(DelegatingMethodAccessorImpl.java:43)
at java.base/java.lang.reflect.Method.invoke(Method.java:564)
at org.openqa.selenium.support.pagefactory.internal.LocatingElementHandler.invoke(LocatingElementHandler.java:51)
at com.sun.proxy.$Proxy12.click(Unknown Source)
at com.sap.timp.pageObjectModel.MDR.CodigoReceita.CodigoReceitaExcluirEmMassaPO.criar(CodigoReceitaExcluirEmMassaPO.java:145)
at com.timp.test.MDR.CodigoReceita.CodigoReceitaExcluirEmMassa.criar(CodigoReceitaExcluirEmMassa.java:43)
at java.base/jdk.internal.reflect.NativeMethodAccessorImpl.invoke0(Native Method)
at java.base/jdk.internal.reflect.NativeMethodAccessorImpl.invoke(NativeMethodAccessorImpl.java:64)
at java.base/jdk.internal.reflect.DelegatingMethodAccessorImpl.invoke(DelegatingMethodAccessorImpl.java:43)
at java.base/java.lang.reflect.Method.invoke(Method.java:564)
at org.testng.internal.MethodInvocationHelper.invokeMethod(MethodInvocationHelper.java:124)
at org.testng.internal.Invoker.invokeMethod(Invoker.java:583)
at org.testng.internal.Invoker.invokeTestMethod(Invoker.java:719)
at org.testng.internal.Invoker.invokeTestMethods(Invoker.java:989)
at org.testng.internal.TestMethodWorker.invokeTestMethods(TestMethodWorker.java:125)
at org.testng.internal.TestMethodWorker.run(TestMethodWorker.java:109)
at org.testng.TestRunner.privateRun(TestRunner.java:648)
at org.testng.TestRunner.run(TestRunner.java:505)
at org.testng.SuiteRunner.runTest(SuiteRunner.java:455)
at org.testng.SuiteRunner.runSequentially(SuiteRunner.java:450)
at org.testng.SuiteRunner.privateRun(SuiteRunner.java:415)
at org.testng.SuiteRunner.run(SuiteRunner.java:364)
at org.testng.SuiteRunnerWorker.runSuite(SuiteRunnerWorker.java:52)
at org.testng.SuiteRunnerWorker.run(SuiteRunnerWorker.java:84)
at org.testng.TestNG.runSuitesSequentially(TestNG.java:1208)
at org.testng.TestNG.runSuitesLocally(TestNG.java:1137)
at org.testng.TestNG.runSuites(TestNG.java:1049)
at org.testng.TestNG.run(TestNG.java:1017)
at org.testng.remote.AbstractRemoteTestNG.run(AbstractRemoteTestNG.java:115)
at org.testng.remote.RemoteTestNG.initAndRun(RemoteTestNG.java:251)
at org.testng.remote.RemoteTestNG.main(RemoteTestNG.java:77)
]]>
            </full-stacktrace>
          </exception> <!-- org.openqa.selenium.StaleElementReferenceException -->
          <reporter-output>
          </reporter-output>
        </test-method> <!-- criar -->
        <test-method signature="excluir()[pri:0, instance:com.timp.test.MDR.CodigoReceita.CodigoReceitaExcluirEmMassa@50de186c]" started-at="2021-05-29T06:40:19Z" name="excluir" finished-at="2021-05-29T06:40:19Z" depends-on-methods="com.timp.test.MDR.CodigoReceita.CodigoReceitaExcluirEmMassa.criar" duration-ms="0" status="SKIP">
          <exception class="java.lang.Throwable">
            <message>
              <![CDATA[Method CodigoReceitaExcluirEmMassa.excluir()[pri:0, instance:com.timp.test.MDR.CodigoReceita.CodigoReceitaExcluirEmMassa@50de186c] depends on not successfully finished methods]]>
            </message>
            <full-stacktrace>
              <![CDATA[java.lang.Throwable: Method CodigoReceitaExcluirEmMassa.excluir()[pri:0, instance:com.timp.test.MDR.CodigoReceita.CodigoReceitaExcluirEmMassa@50de186c] depends on not successfully finished methods
at org.testng.internal.Invoker.invokeTestMethods(Invoker.java:888)
at org.testng.internal.TestMethodWorker.invokeTestMethods(TestMethodWorker.java:125)
at org.testng.internal.TestMethodWorker.run(TestMethodWorker.java:109)
at org.testng.TestRunner.privateRun(TestRunner.java:648)
at org.testng.TestRunner.run(TestRunner.java:505)
at org.testng.SuiteRunner.runTest(SuiteRunner.java:455)
at org.testng.SuiteRunner.runSequentially(SuiteRunner.java:450)
at org.testng.SuiteRunner.privateRun(SuiteRunner.java:415)
at org.testng.SuiteRunner.run(SuiteRunner.java:364)
at org.testng.SuiteRunnerWorker.runSuite(SuiteRunnerWorker.java:52)
at org.testng.SuiteRunnerWorker.run(SuiteRunnerWorker.java:84)
at org.testng.TestNG.runSuitesSequentially(TestNG.java:1208)
at org.testng.TestNG.runSuitesLocally(TestNG.java:1137)
at org.testng.TestNG.runSuites(TestNG.java:1049)
at org.testng.TestNG.run(TestNG.java:1017)
at org.testng.remote.AbstractRemoteTestNG.run(AbstractRemoteTestNG.java:115)
at org.testng.remote.RemoteTestNG.initAndRun(RemoteTestNG.java:251)
at org.testng.remote.RemoteTestNG.main(RemoteTestNG.java:77)
]]>
            </full-stacktrace>
          </exception> <!-- java.lang.Throwable -->
          <reporter-output>
          </reporter-output>
        </test-method> <!-- excluir -->
        <test-method is-config="true" signature="afterClass()[pri:0, instance:com.timp.test.MDR.CodigoReceita.CodigoReceitaExcluirEmMassa@50de186c]" started-at="2021-05-29T06:40:19Z" name="afterClass" finished-at="2021-05-29T06:40:19Z" duration-ms="0" status="PASS">
          <reporter-output>
          </reporter-output>
        </test-method> <!-- afterClass -->
      </class> <!-- com.timp.test.MDR.CodigoReceita.CodigoReceitaExcluirEmMassa -->
      <class name="com.timp.test.MDR.CodigoReceita.CodigoReceitaDetalhes">
        <test-method is-config="true" signature="beforeClass()[pri:0, instance:com.timp.test.MDR.CodigoReceita.CodigoReceitaDetalhes@7922d892]" started-at="2021-05-29T06:33:34Z" name="beforeClass" finished-at="2021-05-29T06:34:00Z" duration-ms="25925" status="PASS">
          <reporter-output>
          </reporter-output>
        </test-method> <!-- beforeClass -->
        <test-method signature="detalhes()[pri:0, instance:com.timp.test.MDR.CodigoReceita.CodigoReceitaDetalhes@7922d892]" started-at="2021-05-29T06:34:00Z" name="detalhes" finished-at="2021-05-29T06:35:06Z" duration-ms="65464" status="PASS">
          <reporter-output>
          </reporter-output>
        </test-method> <!-- detalhes -->
        <test-method is-config="true" signature="afterClass()[pri:0, instance:com.timp.test.MDR.CodigoReceita.CodigoReceitaDetalhes@7922d892]" started-at="2021-05-29T06:35:06Z" name="afterClass" finished-at="2021-05-29T06:35:06Z" duration-ms="54" status="PASS">
          <reporter-output>
          </reporter-output>
        </test-method> <!-- afterClass -->
      </class> <!-- com.timp.test.MDR.CodigoReceita.CodigoReceitaDetalhes -->
      <class name="com.timp.test.MDR.CodigoReceita.CodigoReceitaFiltrosAvan">
        <test-method is-config="true" signature="beforeClass()[pri:0, instance:com.timp.test.MDR.CodigoReceita.CodigoReceitaFiltrosAvan@3f57bcad]" started-at="2021-05-29T06:40:19Z" name="beforeClass" finished-at="2021-05-29T06:40:45Z" duration-ms="25915" status="PASS">
          <reporter-output>
          </reporter-output>
        </test-method> <!-- beforeClass -->
        <test-method signature="filtrosAvanzados()[pri:0, instance:com.timp.test.MDR.CodigoReceita.CodigoReceitaFiltrosAvan@3f57bcad]" started-at="2021-05-29T06:40:45Z" name="filtrosAvanzados" finished-at="2021-05-29T06:41:50Z" duration-ms="65104" status="PASS">
          <reporter-output>
          </reporter-output>
        </test-method> <!-- filtrosAvanzados -->
        <test-method is-config="true" signature="afterClass()[pri:0, instance:com.timp.test.MDR.CodigoReceita.CodigoReceitaFiltrosAvan@3f57bcad]" started-at="2021-05-29T06:41:50Z" name="afterClass" finished-at="2021-05-29T06:41:54Z" duration-ms="4373" status="PASS">
          <reporter-output>
          </reporter-output>
        </test-method> <!-- afterClass -->
      </class> <!-- com.timp.test.MDR.CodigoReceita.CodigoReceitaFiltrosAvan -->
      <class name="com.timp.test.MDR.CodigoReceita.CodigoReceitaVisualizar">
        <test-method is-config="true" signature="beforeClass()[pri:0, instance:com.timp.test.MDR.CodigoReceita.CodigoReceitaVisualizar@457c9034]" started-at="2021-05-29T06:35:06Z" name="beforeClass" finished-at="2021-05-29T06:35:32Z" duration-ms="26002" status="PASS">
          <reporter-output>
          </reporter-output>
        </test-method> <!-- beforeClass -->
        <test-method signature="visualizar()[pri:0, instance:com.timp.test.MDR.CodigoReceita.CodigoReceitaVisualizar@457c9034]" started-at="2021-05-29T06:35:32Z" name="visualizar" finished-at="2021-05-29T06:36:49Z" duration-ms="77373" status="PASS">
          <reporter-output>
          </reporter-output>
        </test-method> <!-- visualizar -->
        <test-method is-config="true" signature="afterClass()[pri:0, instance:com.timp.test.MDR.CodigoReceita.CodigoReceitaVisualizar@457c9034]" started-at="2021-05-29T06:36:49Z" name="afterClass" finished-at="2021-05-29T06:36:49Z" duration-ms="0" status="PASS">
          <reporter-output>
          </reporter-output>
        </test-method> <!-- afterClass -->
      </class> <!-- com.timp.test.MDR.CodigoReceita.CodigoReceitaVisualizar -->
      <class name="com.timp.test.MDR.CodigoReceita.CodigoReceitaCriar">
        <test-method is-config="true" signature="beforeClass()[pri:0, instance:com.timp.test.MDR.CodigoReceita.CodigoReceitaCriar@3688eb5b]" started-at="2021-05-29T06:29:02Z" name="beforeClass" finished-at="2021-05-29T06:29:32Z" duration-ms="30065" status="PASS">
          <reporter-output>
          </reporter-output>
        </test-method> <!-- beforeClass -->
        <test-method signature="criar()[pri:0, instance:com.timp.test.MDR.CodigoReceita.CodigoReceitaCriar@3688eb5b]" started-at="2021-05-29T06:29:32Z" name="criar" finished-at="2021-05-29T06:31:11Z" duration-ms="98239" status="PASS">
          <reporter-output>
          </reporter-output>
        </test-method> <!-- criar -->
        <test-method is-config="true" signature="afterClass()[pri:0, instance:com.timp.test.MDR.CodigoReceita.CodigoReceitaCriar@3688eb5b]" started-at="2021-05-29T06:31:11Z" name="afterClass" finished-at="2021-05-29T06:31:15Z" duration-ms="4432" status="PASS">
          <reporter-output>
          </reporter-output>
        </test-method> <!-- afterClass -->
      </class> <!-- com.timp.test.MDR.CodigoReceita.CodigoReceitaCriar -->
      <class name="com.timp.test.MDR.CodigoReceita.CodigoReceitaEditar">
        <test-method is-config="true" signature="beforeClass()[pri:0, instance:com.timp.test.MDR.CodigoReceita.CodigoReceitaEditar@69f1a286]" started-at="2021-05-29T06:31:15Z" name="beforeClass" finished-at="2021-05-29T06:31:41Z" duration-ms="26086" status="PASS">
          <reporter-output>
          </reporter-output>
        </test-method> <!-- beforeClass -->
        <test-method signature="editar()[pri:0, instance:com.timp.test.MDR.CodigoReceita.CodigoReceitaEditar@69f1a286]" started-at="2021-05-29T06:31:41Z" name="editar" finished-at="2021-05-29T06:33:30Z" duration-ms="108825" status="PASS">
          <reporter-output>
          </reporter-output>
        </test-method> <!-- editar -->
        <test-method is-config="true" signature="afterClass()[pri:0, instance:com.timp.test.MDR.CodigoReceita.CodigoReceitaEditar@69f1a286]" started-at="2021-05-29T06:33:30Z" name="afterClass" finished-at="2021-05-29T06:33:34Z" duration-ms="4406" status="PASS">
          <reporter-output>
          </reporter-output>
        </test-method> <!-- afterClass -->
      </class> <!-- com.timp.test.MDR.CodigoReceita.CodigoReceitaEditar -->
      <class name="com.timp.test.MDR.CodigoReceita.CodigoReceitaExcluir">
        <test-method is-config="true" signature="beforeClass()[pri:0, instance:com.timp.test.MDR.CodigoReceita.CodigoReceitaExcluir@345f69f3]" started-at="2021-05-29T06:36:49Z" name="beforeClass" finished-at="2021-05-29T06:37:15Z" duration-ms="26075" status="PASS">
          <reporter-output>
          </reporter-output>
        </test-method> <!-- beforeClass -->
        <test-method signature="excluir()[pri:0, instance:com.timp.test.MDR.CodigoReceita.CodigoReceitaExcluir@345f69f3]" started-at="2021-05-29T06:37:15Z" name="excluir" finished-at="2021-05-29T06:38:33Z" duration-ms="77441" status="PASS">
          <reporter-output>
          </reporter-output>
        </test-method> <!-- excluir -->
        <test-method is-config="true" signature="afterClass()[pri:0, instance:com.timp.test.MDR.CodigoReceita.CodigoReceitaExcluir@345f69f3]" started-at="2021-05-29T06:38:33Z" name="afterClass" finished-at="2021-05-29T06:38:37Z" duration-ms="4381" status="PASS">
          <reporter-output>
          </reporter-output>
        </test-method> <!-- afterClass -->
      </class> <!-- com.timp.test.MDR.CodigoReceita.CodigoReceitaExcluir -->
    </test> <!-- Código da Receita -->
    <test started-at="2021-05-29T06:41:54Z" name="Configuração do Fundo Social" finished-at="2021-05-29T07:02:55Z" duration-ms="1260913">
      <class name="com.timp.test.MDR.ConfiguracoesFundoSocial.ConfiguracoesFundoSocialExcluir">
        <test-method is-config="true" signature="beforeClass()[pri:0, instance:com.timp.test.MDR.ConfiguracoesFundoSocial.ConfiguracoesFundoSocialExcluir@31ff43be]" started-at="2021-05-29T06:54:24Z" name="beforeClass" finished-at="2021-05-29T06:54:53Z" duration-ms="28897" status="PASS">
          <reporter-output>
          </reporter-output>
        </test-method> <!-- beforeClass -->
        <test-method signature="excluir()[pri:0, instance:com.timp.test.MDR.ConfiguracoesFundoSocial.ConfiguracoesFundoSocialExcluir@31ff43be]" started-at="2021-05-29T06:54:53Z" name="excluir" finished-at="2021-05-29T06:56:14Z" duration-ms="80626" status="PASS">
          <reporter-output>
          </reporter-output>
        </test-method> <!-- excluir -->
        <test-method is-config="true" signature="afterClass()[pri:0, instance:com.timp.test.MDR.ConfiguracoesFundoSocial.ConfiguracoesFundoSocialExcluir@31ff43be]" started-at="2021-05-29T06:56:14Z" name="afterClass" finished-at="2021-05-29T06:56:14Z" duration-ms="40" status="PASS">
          <reporter-output>
          </reporter-output>
        </test-method> <!-- afterClass -->
      </class> <!-- com.timp.test.MDR.ConfiguracoesFundoSocial.ConfiguracoesFundoSocialExcluir -->
      <class name="com.timp.test.MDR.ConfiguracoesFundoSocial.ConfiguracaoFundoSocailCriar">
        <test-method is-config="true" signature="beforeClass()[pri:0, instance:com.timp.test.MDR.ConfiguracoesFundoSocial.ConfiguracaoFundoSocailCriar@51fadaff]" started-at="2021-05-29T06:41:54Z" name="beforeClass" finished-at="2021-05-29T06:42:21Z" duration-ms="27102" status="PASS">
          <reporter-output>
          </reporter-output>
        </test-method> <!-- beforeClass -->
        <test-method signature="criar()[pri:0, instance:com.timp.test.MDR.ConfiguracoesFundoSocial.ConfiguracaoFundoSocailCriar@51fadaff]" started-at="2021-05-29T06:42:21Z" name="criar" finished-at="2021-05-29T06:45:20Z" duration-ms="178116" status="PASS">
          <reporter-output>
          </reporter-output>
        </test-method> <!-- criar -->
        <test-method is-config="true" signature="afterClass()[pri:0, instance:com.timp.test.MDR.ConfiguracoesFundoSocial.ConfiguracaoFundoSocailCriar@51fadaff]" started-at="2021-05-29T06:45:20Z" name="afterClass" finished-at="2021-05-29T06:45:20Z" duration-ms="46" status="PASS">
          <reporter-output>
          </reporter-output>
        </test-method> <!-- afterClass -->
      </class> <!-- com.timp.test.MDR.ConfiguracoesFundoSocial.ConfiguracaoFundoSocailCriar -->
      <class name="com.timp.test.MDR.ConfiguracoesFundoSocial.ConfiguracaoFundoSocailFiltroId">
        <test-method is-config="true" signature="beforeClass()[pri:0, instance:com.timp.test.MDR.ConfiguracoesFundoSocial.ConfiguracaoFundoSocailFiltroId@5c44c582]" started-at="2021-05-29T07:01:01Z" name="beforeClass" finished-at="2021-05-29T07:01:28Z" duration-ms="27385" status="PASS">
          <reporter-output>
          </reporter-output>
        </test-method> <!-- beforeClass -->
        <test-method signature="filtroId()[pri:0, instance:com.timp.test.MDR.ConfiguracoesFundoSocial.ConfiguracaoFundoSocailFiltroId@5c44c582]" started-at="2021-05-29T07:01:28Z" name="filtroId" finished-at="2021-05-29T07:02:51Z" duration-ms="82439" status="PASS">
          <reporter-output>
          </reporter-output>
        </test-method> <!-- filtroId -->
        <test-method is-config="true" signature="afterClass()[pri:0, instance:com.timp.test.MDR.ConfiguracoesFundoSocial.ConfiguracaoFundoSocailFiltroId@5c44c582]" started-at="2021-05-29T07:02:51Z" name="afterClass" finished-at="2021-05-29T07:02:55Z" duration-ms="4416" status="PASS">
          <reporter-output>
          </reporter-output>
        </test-method> <!-- afterClass -->
      </class> <!-- com.timp.test.MDR.ConfiguracoesFundoSocial.ConfiguracaoFundoSocailFiltroId -->
      <class name="com.timp.test.MDR.ConfiguracoesFundoSocial.ConfiguracoesDeFundoSocialExcluirEmMassa">
        <test-method is-config="true" signature="beforeClass()[pri:0, instance:com.timp.test.MDR.ConfiguracoesFundoSocial.ConfiguracoesDeFundoSocialExcluirEmMassa@5b6ec132]" started-at="2021-05-29T06:56:14Z" name="beforeClass" finished-at="2021-05-29T06:56:40Z" duration-ms="25972" status="PASS">
          <reporter-output>
          </reporter-output>
        </test-method> <!-- beforeClass -->
        <test-method signature="criar()[pri:0, instance:com.timp.test.MDR.ConfiguracoesFundoSocial.ConfiguracoesDeFundoSocialExcluirEmMassa@5b6ec132]" started-at="2021-05-29T06:56:40Z" name="criar" finished-at="2021-05-29T07:00:27Z" duration-ms="226904" status="PASS">
          <reporter-output>
          </reporter-output>
        </test-method> <!-- criar -->
        <test-method signature="excluir()[pri:0, instance:com.timp.test.MDR.ConfiguracoesFundoSocial.ConfiguracoesDeFundoSocialExcluirEmMassa@5b6ec132]" started-at="2021-05-29T07:00:27Z" name="excluir" finished-at="2021-05-29T07:01:01Z" depends-on-methods="com.timp.test.MDR.ConfiguracoesFundoSocial.ConfiguracoesDeFundoSocialExcluirEmMassa.criar" duration-ms="34397" status="PASS">
          <reporter-output>
          </reporter-output>
        </test-method> <!-- excluir -->
        <test-method is-config="true" signature="afterClass()[pri:0, instance:com.timp.test.MDR.ConfiguracoesFundoSocial.ConfiguracoesDeFundoSocialExcluirEmMassa@5b6ec132]" started-at="2021-05-29T07:01:01Z" name="afterClass" finished-at="2021-05-29T07:01:01Z" duration-ms="50" status="PASS">
          <reporter-output>
          </reporter-output>
        </test-method> <!-- afterClass -->
      </class> <!-- com.timp.test.MDR.ConfiguracoesFundoSocial.ConfiguracoesDeFundoSocialExcluirEmMassa -->
      <class name="com.timp.test.MDR.ConfiguracoesFundoSocial.ConfiguracoesFundoSocialEditar">
        <test-method is-config="true" signature="beforeClass()[pri:0, instance:com.timp.test.MDR.ConfiguracoesFundoSocial.ConfiguracoesFundoSocialEditar@401f7633]" started-at="2021-05-29T06:45:20Z" name="beforeClass" finished-at="2021-05-29T06:45:46Z" duration-ms="26110" status="PASS">
          <reporter-output>
          </reporter-output>
        </test-method> <!-- beforeClass -->
        <test-method signature="editar()[pri:0, instance:com.timp.test.MDR.ConfiguracoesFundoSocial.ConfiguracoesFundoSocialEditar@401f7633]" started-at="2021-05-29T06:45:46Z" name="editar" finished-at="2021-05-29T06:54:24Z" duration-ms="518057" status="PASS">
          <reporter-output>
          </reporter-output>
        </test-method> <!-- editar -->
        <test-method is-config="true" signature="afterClass()[pri:0, instance:com.timp.test.MDR.ConfiguracoesFundoSocial.ConfiguracoesFundoSocialEditar@401f7633]" started-at="2021-05-29T06:54:24Z" name="afterClass" finished-at="2021-05-29T06:54:24Z" duration-ms="350" status="PASS">
          <reporter-output>
          </reporter-output>
        </test-method> <!-- afterClass -->
      </class> <!-- com.timp.test.MDR.ConfiguracoesFundoSocial.ConfiguracoesFundoSocialEditar -->
    </test> <!-- Configuração do Fundo Social -->
    <test started-at="2021-05-29T07:02:55Z" name="Contrato IOF" finished-at="2021-05-29T07:13:29Z" duration-ms="633606">
      <class name="com.timp.test.MDR.ContratoIOF.ContratoIOFDetalhes">
        <test-method is-config="true" signature="beforeClass()[pri:0, instance:com.timp.test.MDR.ContratoIOF.ContratoIOFDetalhes@60129b9a]" started-at="2021-05-29T07:07:49Z" name="beforeClass" finished-at="2021-05-29T07:08:17Z" duration-ms="27337" status="PASS">
          <reporter-output>
          </reporter-output>
        </test-method> <!-- beforeClass -->
        <test-method signature="Detalhes()[pri:0, instance:com.timp.test.MDR.ContratoIOF.ContratoIOFDetalhes@60129b9a]" started-at="2021-05-29T07:08:17Z" name="Detalhes" finished-at="2021-05-29T07:09:35Z" duration-ms="78094" status="PASS">
          <reporter-output>
          </reporter-output>
        </test-method> <!-- Detalhes -->
        <test-method is-config="true" signature="afterClass()[pri:0, instance:com.timp.test.MDR.ContratoIOF.ContratoIOFDetalhes@60129b9a]" started-at="2021-05-29T07:09:35Z" name="afterClass" finished-at="2021-05-29T07:09:39Z" duration-ms="4418" status="PASS">
          <reporter-output>
          </reporter-output>
        </test-method> <!-- afterClass -->
      </class> <!-- com.timp.test.MDR.ContratoIOF.ContratoIOFDetalhes -->
      <class name="com.timp.test.MDR.ContratoIOF.ContratoIOFEditar">
        <test-method is-config="true" signature="beforeClass()[pri:0, instance:com.timp.test.MDR.ContratoIOF.ContratoIOFEditar@5c2375a9]" started-at="2021-05-29T07:05:18Z" name="beforeClass" finished-at="2021-05-29T07:05:48Z" duration-ms="29303" status="PASS">
          <reporter-output>
          </reporter-output>
        </test-method> <!-- beforeClass -->
        <test-method signature="editar()[pri:0, instance:com.timp.test.MDR.ContratoIOF.ContratoIOFEditar@5c2375a9]" started-at="2021-05-29T07:05:48Z" name="editar" finished-at="2021-05-29T07:07:49Z" duration-ms="121746" status="PASS">
          <reporter-output>
          </reporter-output>
        </test-method> <!-- editar -->
        <test-method is-config="true" signature="afterClass()[pri:0, instance:com.timp.test.MDR.ContratoIOF.ContratoIOFEditar@5c2375a9]" started-at="2021-05-29T07:07:49Z" name="afterClass" finished-at="2021-05-29T07:07:49Z" duration-ms="45" status="PASS">
          <reporter-output>
          </reporter-output>
        </test-method> <!-- afterClass -->
      </class> <!-- com.timp.test.MDR.ContratoIOF.ContratoIOFEditar -->
      <class name="com.timp.test.MDR.ContratoIOF.ContratoIOFVisualizar">
        <test-method is-config="true" signature="beforeClass()[pri:0, instance:com.timp.test.MDR.ContratoIOF.ContratoIOFVisualizar@78d6692f]" started-at="2021-05-29T07:09:39Z" name="beforeClass" finished-at="2021-05-29T07:10:07Z" duration-ms="27969" status="PASS">
          <reporter-output>
          </reporter-output>
        </test-method> <!-- beforeClass -->
        <test-method signature="visualizar()[pri:0, instance:com.timp.test.MDR.ContratoIOF.ContratoIOFVisualizar@78d6692f]" started-at="2021-05-29T07:10:07Z" name="visualizar" finished-at="2021-05-29T07:11:39Z" duration-ms="91358" status="FAIL">
          <exception class="java.lang.NullPointerException">
            <message>
              <![CDATA[Cannot invoke "String.equals(Object)" because "contratoeditar" is null]]>
            </message>
            <full-stacktrace>
              <![CDATA[java.lang.NullPointerException: Cannot invoke "String.equals(Object)" because "contratoeditar" is null
at com.sap.timp.pageObjectModel.MDR.ContratoIOF.ContratoIOFVisualizarPO.visualizar(ContratoIOFVisualizarPO.java:234)
at com.timp.test.MDR.ContratoIOF.ContratoIOFVisualizar.visualizar(ContratoIOFVisualizar.java:46)
at java.base/jdk.internal.reflect.NativeMethodAccessorImpl.invoke0(Native Method)
at java.base/jdk.internal.reflect.NativeMethodAccessorImpl.invoke(NativeMethodAccessorImpl.java:64)
at java.base/jdk.internal.reflect.DelegatingMethodAccessorImpl.invoke(DelegatingMethodAccessorImpl.java:43)
at java.base/java.lang.reflect.Method.invoke(Method.java:564)
at org.testng.internal.MethodInvocationHelper.invokeMethod(MethodInvocationHelper.java:124)
at org.testng.internal.Invoker.invokeMethod(Invoker.java:583)
at org.testng.internal.Invoker.invokeTestMethod(Invoker.java:719)
at org.testng.internal.Invoker.invokeTestMethods(Invoker.java:989)
at org.testng.internal.TestMethodWorker.invokeTestMethods(TestMethodWorker.java:125)
at org.testng.internal.TestMethodWorker.run(TestMethodWorker.java:109)
at org.testng.TestRunner.privateRun(TestRunner.java:648)
at org.testng.TestRunner.run(TestRunner.java:505)
at org.testng.SuiteRunner.runTest(SuiteRunner.java:455)
at org.testng.SuiteRunner.runSequentially(SuiteRunner.java:450)
at org.testng.SuiteRunner.privateRun(SuiteRunner.java:415)
at org.testng.SuiteRunner.run(SuiteRunner.java:364)
at org.testng.SuiteRunnerWorker.runSuite(SuiteRunnerWorker.java:52)
at org.testng.SuiteRunnerWorker.run(SuiteRunnerWorker.java:84)
at org.testng.TestNG.runSuitesSequentially(TestNG.java:1208)
at org.testng.TestNG.runSuitesLocally(TestNG.java:1137)
at org.testng.TestNG.runSuites(TestNG.java:1049)
at org.testng.TestNG.run(TestNG.java:1017)
at org.testng.remote.AbstractRemoteTestNG.run(AbstractRemoteTestNG.java:115)
at org.testng.remote.RemoteTestNG.initAndRun(RemoteTestNG.java:251)
at org.testng.remote.RemoteTestNG.main(RemoteTestNG.java:77)
]]>
            </full-stacktrace>
          </exception> <!-- java.lang.NullPointerException -->
          <reporter-output>
          </reporter-output>
        </test-method> <!-- visualizar -->
        <test-method is-config="true" signature="afterClass()[pri:0, instance:com.timp.test.MDR.ContratoIOF.ContratoIOFVisualizar@78d6692f]" started-at="2021-05-29T07:11:39Z" name="afterClass" finished-at="2021-05-29T07:11:39Z" duration-ms="1" status="PASS">
          <reporter-output>
          </reporter-output>
        </test-method> <!-- afterClass -->
      </class> <!-- com.timp.test.MDR.ContratoIOF.ContratoIOFVisualizar -->
      <class name="com.timp.test.MDR.ContratoIOF.ContratoIOFCriar">
        <test-method is-config="true" signature="beforeClass()[pri:0, instance:com.timp.test.MDR.ContratoIOF.ContratoIOFCriar@d41f816]" started-at="2021-05-29T07:02:55Z" name="beforeClass" finished-at="2021-05-29T07:03:21Z" duration-ms="25913" status="PASS">
          <reporter-output>
          </reporter-output>
        </test-method> <!-- beforeClass -->
        <test-method signature="criar()[pri:0, instance:com.timp.test.MDR.ContratoIOF.ContratoIOFCriar@d41f816]" started-at="2021-05-29T07:03:21Z" name="criar" finished-at="2021-05-29T07:05:14Z" duration-ms="112793" status="PASS">
          <reporter-output>
          </reporter-output>
        </test-method> <!-- criar -->
        <test-method is-config="true" signature="afterClass()[pri:0, instance:com.timp.test.MDR.ContratoIOF.ContratoIOFCriar@d41f816]" started-at="2021-05-29T07:05:14Z" name="afterClass" finished-at="2021-05-29T07:05:18Z" duration-ms="4396" status="PASS">
          <reporter-output>
          </reporter-output>
        </test-method> <!-- afterClass -->
      </class> <!-- com.timp.test.MDR.ContratoIOF.ContratoIOFCriar -->
      <class name="com.timp.test.MDR.ContratoIOF.ContratoIOFExcluir">
        <test-method is-config="true" signature="beforeClass()[pri:0, instance:com.timp.test.MDR.ContratoIOF.ContratoIOFExcluir@7a55af6b]" started-at="2021-05-29T07:11:39Z" name="beforeClass" finished-at="2021-05-29T07:12:11Z" duration-ms="32768" status="PASS">
          <reporter-output>
          </reporter-output>
        </test-method> <!-- beforeClass -->
        <test-method signature="excluir()[pri:0, instance:com.timp.test.MDR.ContratoIOF.ContratoIOFExcluir@7a55af6b]" started-at="2021-05-29T07:12:11Z" name="excluir" finished-at="2021-05-29T07:13:29Z" duration-ms="77402" status="PASS">
          <reporter-output>
          </reporter-output>
        </test-method> <!-- excluir -->
        <test-method is-config="true" signature="afterClass()[pri:0, instance:com.timp.test.MDR.ContratoIOF.ContratoIOFExcluir@7a55af6b]" started-at="2021-05-29T07:13:29Z" name="afterClass" finished-at="2021-05-29T07:13:29Z" duration-ms="42" status="PASS">
          <reporter-output>
          </reporter-output>
        </test-method> <!-- afterClass -->
      </class> <!-- com.timp.test.MDR.ContratoIOF.ContratoIOFExcluir -->
    </test> <!-- Contrato IOF -->
    <test started-at="2021-05-29T07:13:29Z" name="Controle De crédito Tributario &gt; Código Crédito" finished-at="2021-05-29T07:27:00Z" duration-ms="811533">
      <class name="com.timp.test.MDR.ControleDeCreditoTributario.CodigosDeCredito.CodigosDeCreditoDetalhes">
        <test-method is-config="true" signature="beforeClass()[pri:0, instance:com.timp.test.MDR.ControleDeCreditoTributario.CodigosDeCredito.CodigosDeCreditoDetalhes@2f67b837]" started-at="2021-05-29T07:20:19Z" name="beforeClass" finished-at="2021-05-29T07:20:52Z" duration-ms="32856" status="PASS">
          <reporter-output>
          </reporter-output>
        </test-method> <!-- beforeClass -->
        <test-method signature="Detalhes()[pri:0, instance:com.timp.test.MDR.ControleDeCreditoTributario.CodigosDeCredito.CodigosDeCreditoDetalhes@2f67b837]" started-at="2021-05-29T07:20:52Z" name="Detalhes" finished-at="2021-05-29T07:21:59Z" duration-ms="67236" status="PASS">
          <reporter-output>
          </reporter-output>
        </test-method> <!-- Detalhes -->
        <test-method is-config="true" signature="afterClass()[pri:0, instance:com.timp.test.MDR.ControleDeCreditoTributario.CodigosDeCredito.CodigosDeCreditoDetalhes@2f67b837]" started-at="2021-05-29T07:21:59Z" name="afterClass" finished-at="2021-05-29T07:22:03Z" duration-ms="4421" status="PASS">
          <reporter-output>
          </reporter-output>
        </test-method> <!-- afterClass -->
      </class> <!-- com.timp.test.MDR.ControleDeCreditoTributario.CodigosDeCredito.CodigosDeCreditoDetalhes -->
      <class name="com.timp.test.MDR.ControleDeCreditoTributario.CodigosDeCredito.CodigosDeCreditoExcluir">
        <test-method is-config="true" signature="beforeClass()[pri:0, instance:com.timp.test.MDR.ControleDeCreditoTributario.CodigosDeCredito.CodigosDeCreditoExcluir@1869fbd2]" started-at="2021-05-29T07:22:03Z" name="beforeClass" finished-at="2021-05-29T07:22:33Z" duration-ms="30277" status="PASS">
          <reporter-output>
          </reporter-output>
        </test-method> <!-- beforeClass -->
        <test-method signature="excluir()[pri:0, instance:com.timp.test.MDR.ControleDeCreditoTributario.CodigosDeCredito.CodigosDeCreditoExcluir@1869fbd2]" started-at="2021-05-29T07:22:33Z" name="excluir" finished-at="2021-05-29T07:23:51Z" duration-ms="77414" status="PASS">
          <reporter-output>
          </reporter-output>
        </test-method> <!-- excluir -->
        <test-method is-config="true" signature="afterClass()[pri:0, instance:com.timp.test.MDR.ControleDeCreditoTributario.CodigosDeCredito.CodigosDeCreditoExcluir@1869fbd2]" started-at="2021-05-29T07:23:51Z" name="afterClass" finished-at="2021-05-29T07:23:51Z" duration-ms="41" status="PASS">
          <reporter-output>
          </reporter-output>
        </test-method> <!-- afterClass -->
      </class> <!-- com.timp.test.MDR.ControleDeCreditoTributario.CodigosDeCredito.CodigosDeCreditoExcluir -->
      <class name="com.timp.test.MDR.ControleDeCreditoTributario.CodigosDeCredito.CodigosDeCreditoEditar">
        <test-method is-config="true" signature="beforeClass()[pri:0, instance:com.timp.test.MDR.ControleDeCreditoTributario.CodigosDeCredito.CodigosDeCreditoEditar@4716be8b]" started-at="2021-05-29T07:15:45Z" name="beforeClass" finished-at="2021-05-29T07:16:16Z" duration-ms="31372" status="PASS">
          <reporter-output>
          </reporter-output>
        </test-method> <!-- beforeClass -->
        <test-method signature="editar()[pri:0, instance:com.timp.test.MDR.ControleDeCreditoTributario.CodigosDeCredito.CodigosDeCreditoEditar@4716be8b]" started-at="2021-05-29T07:16:16Z" name="editar" finished-at="2021-05-29T07:18:13Z" duration-ms="116470" status="PASS">
          <reporter-output>
          </reporter-output>
        </test-method> <!-- editar -->
        <test-method is-config="true" signature="afterClass()[pri:0, instance:com.timp.test.MDR.ControleDeCreditoTributario.CodigosDeCredito.CodigosDeCreditoEditar@4716be8b]" started-at="2021-05-29T07:18:13Z" name="afterClass" finished-at="2021-05-29T07:18:13Z" duration-ms="59" status="PASS">
          <reporter-output>
          </reporter-output>
        </test-method> <!-- afterClass -->
      </class> <!-- com.timp.test.MDR.ControleDeCreditoTributario.CodigosDeCredito.CodigosDeCreditoEditar -->
      <class name="com.timp.test.MDR.ControleDeCreditoTributario.CodigosDeCredito.CodigosDeCreditoExcluirEmMassa">
        <test-method is-config="true" signature="beforeClass()[pri:0, instance:com.timp.test.MDR.ControleDeCreditoTributario.CodigosDeCredito.CodigosDeCreditoExcluirEmMassa@6af9fcb2]" started-at="2021-05-29T07:23:51Z" name="beforeClass" finished-at="2021-05-29T07:24:17Z" duration-ms="26472" status="PASS">
          <reporter-output>
          </reporter-output>
        </test-method> <!-- beforeClass -->
        <test-method signature="criar()[pri:0, instance:com.timp.test.MDR.ControleDeCreditoTributario.CodigosDeCredito.CodigosDeCreditoExcluirEmMassa@6af9fcb2]" started-at="2021-05-29T07:24:17Z" name="criar" finished-at="2021-05-29T07:26:28Z" duration-ms="130797" status="PASS">
          <reporter-output>
          </reporter-output>
        </test-method> <!-- criar -->
        <test-method signature="excluir()[pri:0, instance:com.timp.test.MDR.ControleDeCreditoTributario.CodigosDeCredito.CodigosDeCreditoExcluirEmMassa@6af9fcb2]" started-at="2021-05-29T07:26:28Z" name="excluir" finished-at="2021-05-29T07:27:00Z" depends-on-methods="com.timp.test.MDR.ControleDeCreditoTributario.CodigosDeCredito.CodigosDeCreditoExcluirEmMassa.criar" duration-ms="32123" status="PASS">
          <reporter-output>
          </reporter-output>
        </test-method> <!-- excluir -->
        <test-method is-config="true" signature="afterClass()[pri:0, instance:com.timp.test.MDR.ControleDeCreditoTributario.CodigosDeCredito.CodigosDeCreditoExcluirEmMassa@6af9fcb2]" started-at="2021-05-29T07:27:00Z" name="afterClass" finished-at="2021-05-29T07:27:00Z" duration-ms="50" status="PASS">
          <reporter-output>
          </reporter-output>
        </test-method> <!-- afterClass -->
      </class> <!-- com.timp.test.MDR.ControleDeCreditoTributario.CodigosDeCredito.CodigosDeCreditoExcluirEmMassa -->
      <class name="com.timp.test.MDR.ControleDeCreditoTributario.CodigosDeCredito.CodigosDeCreditoVisualizar">
        <test-method is-config="true" signature="beforeClass()[pri:0, instance:com.timp.test.MDR.ControleDeCreditoTributario.CodigosDeCredito.CodigosDeCreditoVisualizar@1fc32e4f]" started-at="2021-05-29T07:18:13Z" name="beforeClass" finished-at="2021-05-29T07:18:39Z" duration-ms="26410" status="PASS">
          <reporter-output>
          </reporter-output>
        </test-method> <!-- beforeClass -->
        <test-method signature="visualizar()[pri:0, instance:com.timp.test.MDR.ControleDeCreditoTributario.CodigosDeCredito.CodigosDeCreditoVisualizar@1fc32e4f]" started-at="2021-05-29T07:18:39Z" name="visualizar" finished-at="2021-05-29T07:20:14Z" duration-ms="95201" status="PASS">
          <reporter-output>
          </reporter-output>
        </test-method> <!-- visualizar -->
        <test-method is-config="true" signature="afterClass()[pri:0, instance:com.timp.test.MDR.ControleDeCreditoTributario.CodigosDeCredito.CodigosDeCreditoVisualizar@1fc32e4f]" started-at="2021-05-29T07:20:14Z" name="afterClass" finished-at="2021-05-29T07:20:19Z" duration-ms="4388" status="PASS">
          <reporter-output>
          </reporter-output>
        </test-method> <!-- afterClass -->
      </class> <!-- com.timp.test.MDR.ControleDeCreditoTributario.CodigosDeCredito.CodigosDeCreditoVisualizar -->
      <class name="com.timp.test.MDR.ControleDeCreditoTributario.CodigosDeCredito.CodigosDeCreditoCriar">
        <test-method is-config="true" signature="beforeClass()[pri:0, instance:com.timp.test.MDR.ControleDeCreditoTributario.CodigosDeCredito.CodigosDeCreditoCriar@146dfe6]" started-at="2021-05-29T07:13:29Z" name="beforeClass" finished-at="2021-05-29T07:14:04Z" duration-ms="35203" status="PASS">
          <reporter-output>
          </reporter-output>
        </test-method> <!-- beforeClass -->
        <test-method signature="criar()[pri:0, instance:com.timp.test.MDR.ControleDeCreditoTributario.CodigosDeCredito.CodigosDeCreditoCriar@146dfe6]" started-at="2021-05-29T07:14:04Z" name="criar" finished-at="2021-05-29T07:15:40Z" duration-ms="96350" status="PASS">
          <reporter-output>
          </reporter-output>
        </test-method> <!-- criar -->
        <test-method is-config="true" signature="afterClass()[pri:0, instance:com.timp.test.MDR.ControleDeCreditoTributario.CodigosDeCredito.CodigosDeCreditoCriar@146dfe6]" started-at="2021-05-29T07:15:40Z" name="afterClass" finished-at="2021-05-29T07:15:45Z" duration-ms="4383" status="PASS">
          <reporter-output>
          </reporter-output>
        </test-method> <!-- afterClass -->
      </class> <!-- com.timp.test.MDR.ControleDeCreditoTributario.CodigosDeCredito.CodigosDeCreditoCriar -->
    </test> <!-- Controle De crédito Tributario > Código Crédito -->
    <test started-at="2021-05-29T07:27:00Z" name="ControleDeCreditoTributario &gt; Limite De Credito A Utilizar" finished-at="2021-05-29T07:41:53Z" duration-ms="892766">
      <class name="com.timp.test.MDR.ControleDeCreditoTributario.LimiteDeCreditoAUtilizar.LimiteDeCreditoAUtilizarVisualizar">
        <test-method is-config="true" signature="beforeClass()[pri:0, instance:com.timp.test.MDR.ControleDeCreditoTributario.LimiteDeCreditoAUtilizar.LimiteDeCreditoAUtilizarVisualizar@4ae9cfc1]" started-at="2021-05-29T07:31:27Z" name="beforeClass" finished-at="2021-05-29T07:31:54Z" duration-ms="26678" status="PASS">
          <reporter-output>
          </reporter-output>
        </test-method> <!-- beforeClass -->
        <test-method signature="visualizar()[pri:0, instance:com.timp.test.MDR.ControleDeCreditoTributario.LimiteDeCreditoAUtilizar.LimiteDeCreditoAUtilizarVisualizar@4ae9cfc1]" started-at="2021-05-29T07:31:54Z" name="visualizar" finished-at="2021-05-29T07:33:28Z" duration-ms="93898" status="PASS">
          <reporter-output>
          </reporter-output>
        </test-method> <!-- visualizar -->
        <test-method is-config="true" signature="afterClass()[pri:0, instance:com.timp.test.MDR.ControleDeCreditoTributario.LimiteDeCreditoAUtilizar.LimiteDeCreditoAUtilizarVisualizar@4ae9cfc1]" started-at="2021-05-29T07:33:28Z" name="afterClass" finished-at="2021-05-29T07:33:32Z" duration-ms="4393" status="PASS">
          <reporter-output>
          </reporter-output>
        </test-method> <!-- afterClass -->
      </class> <!-- com.timp.test.MDR.ControleDeCreditoTributario.LimiteDeCreditoAUtilizar.LimiteDeCreditoAUtilizarVisualizar -->
      <class name="com.timp.test.MDR.ControleDeCreditoTributario.LimiteDeCreditoAUtilizar.LimiteDeCreditoAUtilizarExcluirEmMassa">
        <test-method is-config="true" signature="beforeClass()[pri:0, instance:com.timp.test.MDR.ControleDeCreditoTributario.LimiteDeCreditoAUtilizar.LimiteDeCreditoAUtilizarExcluirEmMassa@1800a575]" started-at="2021-05-29T07:38:32Z" name="beforeClass" finished-at="2021-05-29T07:39:08Z" duration-ms="36245" status="PASS">
          <reporter-output>
          </reporter-output>
        </test-method> <!-- beforeClass -->
        <test-method signature="criar()[pri:0, instance:com.timp.test.MDR.ControleDeCreditoTributario.LimiteDeCreditoAUtilizar.LimiteDeCreditoAUtilizarExcluirEmMassa@1800a575]" started-at="2021-05-29T07:39:08Z" name="criar" finished-at="2021-05-29T07:41:20Z" duration-ms="131761" status="PASS">
          <reporter-output>
          </reporter-output>
        </test-method> <!-- criar -->
        <test-method signature="excluir()[pri:0, instance:com.timp.test.MDR.ControleDeCreditoTributario.LimiteDeCreditoAUtilizar.LimiteDeCreditoAUtilizarExcluirEmMassa@1800a575]" started-at="2021-05-29T07:41:20Z" name="excluir" finished-at="2021-05-29T07:41:53Z" depends-on-methods="com.timp.test.MDR.ControleDeCreditoTributario.LimiteDeCreditoAUtilizar.LimiteDeCreditoAUtilizarExcluirEmMassa.criar" duration-ms="33323" status="PASS">
          <reporter-output>
          </reporter-output>
        </test-method> <!-- excluir -->
        <test-method is-config="true" signature="afterClass()[pri:0, instance:com.timp.test.MDR.ControleDeCreditoTributario.LimiteDeCreditoAUtilizar.LimiteDeCreditoAUtilizarExcluirEmMassa@1800a575]" started-at="2021-05-29T07:41:53Z" name="afterClass" finished-at="2021-05-29T07:41:53Z" duration-ms="41" status="PASS">
          <reporter-output>
          </reporter-output>
        </test-method> <!-- afterClass -->
      </class> <!-- com.timp.test.MDR.ControleDeCreditoTributario.LimiteDeCreditoAUtilizar.LimiteDeCreditoAUtilizarExcluirEmMassa -->
      <class name="com.timp.test.MDR.ControleDeCreditoTributario.LimiteDeCreditoAUtilizar.LimiteDeCreditoAUtilizarDetalhes">
        <test-method is-config="true" signature="beforeClass()[pri:0, instance:com.timp.test.MDR.ControleDeCreditoTributario.LimiteDeCreditoAUtilizar.LimiteDeCreditoAUtilizarDetalhes@512baff6]" started-at="2021-05-29T07:33:32Z" name="beforeClass" finished-at="2021-05-29T07:34:00Z" duration-ms="28301" status="PASS">
          <reporter-output>
          </reporter-output>
        </test-method> <!-- beforeClass -->
        <test-method signature="detalhes()[pri:0, instance:com.timp.test.MDR.ControleDeCreditoTributario.LimiteDeCreditoAUtilizar.LimiteDeCreditoAUtilizarDetalhes@512baff6]" started-at="2021-05-29T07:34:00Z" name="detalhes" finished-at="2021-05-29T07:35:21Z" duration-ms="80995" status="PASS">
          <reporter-output>
          </reporter-output>
        </test-method> <!-- detalhes -->
        <test-method is-config="true" signature="afterClass()[pri:0, instance:com.timp.test.MDR.ControleDeCreditoTributario.LimiteDeCreditoAUtilizar.LimiteDeCreditoAUtilizarDetalhes@512baff6]" started-at="2021-05-29T07:35:21Z" name="afterClass" finished-at="2021-05-29T07:35:26Z" duration-ms="4393" status="PASS">
          <reporter-output>
          </reporter-output>
        </test-method> <!-- afterClass -->
      </class> <!-- com.timp.test.MDR.ControleDeCreditoTributario.LimiteDeCreditoAUtilizar.LimiteDeCreditoAUtilizarDetalhes -->
      <class name="com.timp.test.MDR.ControleDeCreditoTributario.LimiteDeCreditoAUtilizar.LimiteDeCreditoAUtilizarFiltroId">
        <test-method is-config="true" signature="beforeClass()[pri:0, instance:com.timp.test.MDR.ControleDeCreditoTributario.LimiteDeCreditoAUtilizar.LimiteDeCreditoAUtilizarFiltroId@1c93f6e1]" started-at="2021-05-29T07:37:17Z" name="beforeClass" finished-at="2021-05-29T07:37:44Z" duration-ms="26420" status="PASS">
          <reporter-output>
          </reporter-output>
        </test-method> <!-- beforeClass -->
        <test-method signature="filtroId()[pri:0, instance:com.timp.test.MDR.ControleDeCreditoTributario.LimiteDeCreditoAUtilizar.LimiteDeCreditoAUtilizarFiltroId@1c93f6e1]" started-at="2021-05-29T07:37:44Z" name="filtroId" finished-at="2021-05-29T07:38:27Z" duration-ms="43616" status="PASS">
          <reporter-output>
          </reporter-output>
        </test-method> <!-- filtroId -->
        <test-method is-config="true" signature="afterClass()[pri:0, instance:com.timp.test.MDR.ControleDeCreditoTributario.LimiteDeCreditoAUtilizar.LimiteDeCreditoAUtilizarFiltroId@1c93f6e1]" started-at="2021-05-29T07:38:27Z" name="afterClass" finished-at="2021-05-29T07:38:32Z" duration-ms="4394" status="PASS">
          <reporter-output>
          </reporter-output>
        </test-method> <!-- afterClass -->
      </class> <!-- com.timp.test.MDR.ControleDeCreditoTributario.LimiteDeCreditoAUtilizar.LimiteDeCreditoAUtilizarFiltroId -->
      <class name="com.timp.test.MDR.ControleDeCreditoTributario.LimiteDeCreditoAUtilizar.LimiteDeCreditoAUtilizarExcluir">
        <test-method is-config="true" signature="beforeClass()[pri:0, instance:com.timp.test.MDR.ControleDeCreditoTributario.LimiteDeCreditoAUtilizar.LimiteDeCreditoAUtilizarExcluir@632ceb35]" started-at="2021-05-29T07:35:26Z" name="beforeClass" finished-at="2021-05-29T07:35:53Z" duration-ms="27139" status="PASS">
          <reporter-output>
          </reporter-output>
        </test-method> <!-- beforeClass -->
        <test-method signature="excluir()[pri:0, instance:com.timp.test.MDR.ControleDeCreditoTributario.LimiteDeCreditoAUtilizar.LimiteDeCreditoAUtilizarExcluir@632ceb35]" started-at="2021-05-29T07:35:53Z" name="excluir" finished-at="2021-05-29T07:37:17Z" duration-ms="84538" status="PASS">
          <reporter-output>
          </reporter-output>
        </test-method> <!-- excluir -->
        <test-method is-config="true" signature="afterClass()[pri:0, instance:com.timp.test.MDR.ControleDeCreditoTributario.LimiteDeCreditoAUtilizar.LimiteDeCreditoAUtilizarExcluir@632ceb35]" started-at="2021-05-29T07:37:17Z" name="afterClass" finished-at="2021-05-29T07:37:17Z" duration-ms="46" status="PASS">
          <reporter-output>
          </reporter-output>
        </test-method> <!-- afterClass -->
      </class> <!-- com.timp.test.MDR.ControleDeCreditoTributario.LimiteDeCreditoAUtilizar.LimiteDeCreditoAUtilizarExcluir -->
      <class name="com.timp.test.MDR.ControleDeCreditoTributario.LimiteDeCreditoAUtilizar.LimiteDeCreditoAUtilizarEditar">
        <test-method is-config="true" signature="beforeClass()[pri:0, instance:com.timp.test.MDR.ControleDeCreditoTributario.LimiteDeCreditoAUtilizar.LimiteDeCreditoAUtilizarEditar@14fc1f0]" started-at="2021-05-29T07:29:05Z" name="beforeClass" finished-at="2021-05-29T07:29:38Z" duration-ms="33287" status="PASS">
          <reporter-output>
          </reporter-output>
        </test-method> <!-- beforeClass -->
        <test-method signature="editar()[pri:0, instance:com.timp.test.MDR.ControleDeCreditoTributario.LimiteDeCreditoAUtilizar.LimiteDeCreditoAUtilizarEditar@14fc1f0]" started-at="2021-05-29T07:29:38Z" name="editar" finished-at="2021-05-29T07:31:27Z" duration-ms="109096" status="PASS">
          <reporter-output>
          </reporter-output>
        </test-method> <!-- editar -->
        <test-method is-config="true" signature="afterClass()[pri:0, instance:com.timp.test.MDR.ControleDeCreditoTributario.LimiteDeCreditoAUtilizar.LimiteDeCreditoAUtilizarEditar@14fc1f0]" started-at="2021-05-29T07:31:27Z" name="afterClass" finished-at="2021-05-29T07:31:27Z" duration-ms="64" status="PASS">
          <reporter-output>
          </reporter-output>
        </test-method> <!-- afterClass -->
      </class> <!-- com.timp.test.MDR.ControleDeCreditoTributario.LimiteDeCreditoAUtilizar.LimiteDeCreditoAUtilizarEditar -->
      <class name="com.timp.test.MDR.ControleDeCreditoTributario.LimiteDeCreditoAUtilizar.LimiteDeCreditoAUtilizarCriar">
        <test-method is-config="true" signature="beforeClass()[pri:0, instance:com.timp.test.MDR.ControleDeCreditoTributario.LimiteDeCreditoAUtilizar.LimiteDeCreditoAUtilizarCriar@5a2d131d]" started-at="2021-05-29T07:27:00Z" name="beforeClass" finished-at="2021-05-29T07:27:27Z" duration-ms="26402" status="PASS">
          <reporter-output>
          </reporter-output>
        </test-method> <!-- beforeClass -->
        <test-method signature="criar()[pri:0, instance:com.timp.test.MDR.ControleDeCreditoTributario.LimiteDeCreditoAUtilizar.LimiteDeCreditoAUtilizarCriar@5a2d131d]" started-at="2021-05-29T07:27:27Z" name="criar" finished-at="2021-05-29T07:29:00Z" duration-ms="93343" status="PASS">
          <reporter-output>
          </reporter-output>
        </test-method> <!-- criar -->
        <test-method is-config="true" signature="afterClass()[pri:0, instance:com.timp.test.MDR.ControleDeCreditoTributario.LimiteDeCreditoAUtilizar.LimiteDeCreditoAUtilizarCriar@5a2d131d]" started-at="2021-05-29T07:29:00Z" name="afterClass" finished-at="2021-05-29T07:29:05Z" duration-ms="4387" status="PASS">
          <reporter-output>
          </reporter-output>
        </test-method> <!-- afterClass -->
      </class> <!-- com.timp.test.MDR.ControleDeCreditoTributario.LimiteDeCreditoAUtilizar.LimiteDeCreditoAUtilizarCriar -->
    </test> <!-- ControleDeCreditoTributario > Limite De Credito A Utilizar -->
    <test started-at="2021-05-29T07:41:53Z" name="Controle De Credito Tributario &gt; Utilizacao Dos Creditos Em Periodo Anterior" finished-at="2021-05-29T07:55:45Z" duration-ms="831616">
      <class name="com.timp.test.MDR.ControleDeCreditoTributario.UtilizacaoDosCreditosEmPeriodoAnterior.UtilizacaoDosCreditosEmPeriodoAnteriorDetalhes">
        <test-method is-config="true" signature="beforeClass()[pri:0, instance:com.timp.test.MDR.ControleDeCreditoTributario.UtilizacaoDosCreditosEmPeriodoAnterior.UtilizacaoDosCreditosEmPeriodoAnteriorDetalhes@6ccdb29f]" started-at="2021-05-29T07:46:27Z" name="beforeClass" finished-at="2021-05-29T07:46:59Z" duration-ms="31902" status="PASS">
          <reporter-output>
          </reporter-output>
        </test-method> <!-- beforeClass -->
        <test-method signature="detalhes()[pri:0, instance:com.timp.test.MDR.ControleDeCreditoTributario.UtilizacaoDosCreditosEmPeriodoAnterior.UtilizacaoDosCreditosEmPeriodoAnteriorDetalhes@6ccdb29f]" started-at="2021-05-29T07:46:59Z" name="detalhes" finished-at="2021-05-29T07:48:21Z" duration-ms="81782" status="PASS">
          <reporter-output>
          </reporter-output>
        </test-method> <!-- detalhes -->
        <test-method is-config="true" signature="afterClass()[pri:0, instance:com.timp.test.MDR.ControleDeCreditoTributario.UtilizacaoDosCreditosEmPeriodoAnterior.UtilizacaoDosCreditosEmPeriodoAnteriorDetalhes@6ccdb29f]" started-at="2021-05-29T07:48:21Z" name="afterClass" finished-at="2021-05-29T07:48:25Z" duration-ms="4365" status="PASS">
          <reporter-output>
          </reporter-output>
        </test-method> <!-- afterClass -->
      </class> <!-- com.timp.test.MDR.ControleDeCreditoTributario.UtilizacaoDosCreditosEmPeriodoAnterior.UtilizacaoDosCreditosEmPeriodoAnteriorDetalhes -->
      <class name="com.timp.test.MDR.ControleDeCreditoTributario.UtilizacaoDosCreditosEmPeriodoAnterior.UtilizacaoDosCreditosEmPeriodoAnteriorVisualizar">
        <test-method is-config="true" signature="beforeClass()[pri:0, instance:com.timp.test.MDR.ControleDeCreditoTributario.UtilizacaoDosCreditosEmPeriodoAnterior.UtilizacaoDosCreditosEmPeriodoAnteriorVisualizar@3adcc812]" started-at="2021-05-29T07:48:25Z" name="beforeClass" finished-at="2021-05-29T07:48:52Z" duration-ms="26922" status="PASS">
          <reporter-output>
          </reporter-output>
        </test-method> <!-- beforeClass -->
        <test-method signature="Visualizar()[pri:0, instance:com.timp.test.MDR.ControleDeCreditoTributario.UtilizacaoDosCreditosEmPeriodoAnterior.UtilizacaoDosCreditosEmPeriodoAnteriorVisualizar@3adcc812]" started-at="2021-05-29T07:48:52Z" name="Visualizar" finished-at="2021-05-29T07:50:10Z" duration-ms="78464" status="PASS">
          <reporter-output>
          </reporter-output>
        </test-method> <!-- Visualizar -->
        <test-method is-config="true" signature="afterClass()[pri:0, instance:com.timp.test.MDR.ControleDeCreditoTributario.UtilizacaoDosCreditosEmPeriodoAnterior.UtilizacaoDosCreditosEmPeriodoAnteriorVisualizar@3adcc812]" started-at="2021-05-29T07:50:10Z" name="afterClass" finished-at="2021-05-29T07:50:15Z" duration-ms="4419" status="PASS">
          <reporter-output>
          </reporter-output>
        </test-method> <!-- afterClass -->
      </class> <!-- com.timp.test.MDR.ControleDeCreditoTributario.UtilizacaoDosCreditosEmPeriodoAnterior.UtilizacaoDosCreditosEmPeriodoAnteriorVisualizar -->
      <class name="com.timp.test.MDR.ControleDeCreditoTributario.UtilizacaoDosCreditosEmPeriodoAnterior.UtilizacaoDosCreditosEmPeriodoAnteriorCriar">
        <test-method is-config="true" signature="beforeClass()[pri:0, instance:com.timp.test.MDR.ControleDeCreditoTributario.UtilizacaoDosCreditosEmPeriodoAnterior.UtilizacaoDosCreditosEmPeriodoAnteriorCriar@61fe30]" started-at="2021-05-29T07:41:53Z" name="beforeClass" finished-at="2021-05-29T07:42:22Z" duration-ms="28495" status="PASS">
          <reporter-output>
          </reporter-output>
        </test-method> <!-- beforeClass -->
        <test-method signature="criar()[pri:0, instance:com.timp.test.MDR.ControleDeCreditoTributario.UtilizacaoDosCreditosEmPeriodoAnterior.UtilizacaoDosCreditosEmPeriodoAnteriorCriar@61fe30]" started-at="2021-05-29T07:42:22Z" name="criar" finished-at="2021-05-29T07:44:08Z" duration-ms="106456" status="PASS">
          <reporter-output>
          </reporter-output>
        </test-method> <!-- criar -->
        <test-method is-config="true" signature="afterClass()[pri:0, instance:com.timp.test.MDR.ControleDeCreditoTributario.UtilizacaoDosCreditosEmPeriodoAnterior.UtilizacaoDosCreditosEmPeriodoAnteriorCriar@61fe30]" started-at="2021-05-29T07:44:08Z" name="afterClass" finished-at="2021-05-29T07:44:12Z" duration-ms="4404" status="PASS">
          <reporter-output>
          </reporter-output>
        </test-method> <!-- afterClass -->
      </class> <!-- com.timp.test.MDR.ControleDeCreditoTributario.UtilizacaoDosCreditosEmPeriodoAnterior.UtilizacaoDosCreditosEmPeriodoAnteriorCriar -->
      <class name="com.timp.test.MDR.ControleDeCreditoTributario.UtilizacaoDosCreditosEmPeriodoAnterior.UtilizacaoDosCreditosEmPeriodoAnteriorExcluir">
        <test-method is-config="true" signature="beforeClass()[pri:0, instance:com.timp.test.MDR.ControleDeCreditoTributario.UtilizacaoDosCreditosEmPeriodoAnterior.UtilizacaoDosCreditosEmPeriodoAnteriorExcluir@35432107]" started-at="2021-05-29T07:50:15Z" name="beforeClass" finished-at="2021-05-29T07:50:41Z" duration-ms="26590" status="PASS">
          <reporter-output>
          </reporter-output>
        </test-method> <!-- beforeClass -->
        <test-method signature="excluir()[pri:0, instance:com.timp.test.MDR.ControleDeCreditoTributario.UtilizacaoDosCreditosEmPeriodoAnterior.UtilizacaoDosCreditosEmPeriodoAnteriorExcluir@35432107]" started-at="2021-05-29T07:50:41Z" name="excluir" finished-at="2021-05-29T07:51:56Z" duration-ms="74644" status="PASS">
          <reporter-output>
          </reporter-output>
        </test-method> <!-- excluir -->
        <test-method is-config="true" signature="afterClass()[pri:0, instance:com.timp.test.MDR.ControleDeCreditoTributario.UtilizacaoDosCreditosEmPeriodoAnterior.UtilizacaoDosCreditosEmPeriodoAnteriorExcluir@35432107]" started-at="2021-05-29T07:51:56Z" name="afterClass" finished-at="2021-05-29T07:51:56Z" duration-ms="45" status="PASS">
          <reporter-output>
          </reporter-output>
        </test-method> <!-- afterClass -->
      </class> <!-- com.timp.test.MDR.ControleDeCreditoTributario.UtilizacaoDosCreditosEmPeriodoAnterior.UtilizacaoDosCreditosEmPeriodoAnteriorExcluir -->
      <class name="com.timp.test.MDR.ControleDeCreditoTributario.UtilizacaoDosCreditosEmPeriodoAnterior.UtilizacaoDosCreditosEmPeriodoAnteriorExcluirEmMassa">
        <test-method is-config="true" signature="beforeClass()[pri:0, instance:com.timp.test.MDR.ControleDeCreditoTributario.UtilizacaoDosCreditosEmPeriodoAnterior.UtilizacaoDosCreditosEmPeriodoAnteriorExcluirEmMassa@7b420819]" started-at="2021-05-29T07:51:56Z" name="beforeClass" finished-at="2021-05-29T07:52:33Z" duration-ms="36456" status="PASS">
          <reporter-output>
          </reporter-output>
        </test-method> <!-- beforeClass -->
        <test-method signature="criar()[pri:0, instance:com.timp.test.MDR.ControleDeCreditoTributario.UtilizacaoDosCreditosEmPeriodoAnterior.UtilizacaoDosCreditosEmPeriodoAnteriorExcluirEmMassa@7b420819]" started-at="2021-05-29T07:52:33Z" name="criar" finished-at="2021-05-29T07:55:11Z" duration-ms="158515" status="PASS">
          <reporter-output>
          </reporter-output>
        </test-method> <!-- criar -->
        <test-method signature="excluir()[pri:0, instance:com.timp.test.MDR.ControleDeCreditoTributario.UtilizacaoDosCreditosEmPeriodoAnterior.UtilizacaoDosCreditosEmPeriodoAnteriorExcluirEmMassa@7b420819]" started-at="2021-05-29T07:55:11Z" name="excluir" finished-at="2021-05-29T07:55:45Z" depends-on-methods="com.timp.test.MDR.ControleDeCreditoTributario.UtilizacaoDosCreditosEmPeriodoAnterior.UtilizacaoDosCreditosEmPeriodoAnteriorExcluirEmMassa.criar" duration-ms="33620" status="PASS">
          <reporter-output>
          </reporter-output>
        </test-method> <!-- excluir -->
        <test-method is-config="true" signature="afterClass()[pri:0, instance:com.timp.test.MDR.ControleDeCreditoTributario.UtilizacaoDosCreditosEmPeriodoAnterior.UtilizacaoDosCreditosEmPeriodoAnteriorExcluirEmMassa@7b420819]" started-at="2021-05-29T07:55:45Z" name="afterClass" finished-at="2021-05-29T07:55:45Z" duration-ms="40" status="PASS">
          <reporter-output>
          </reporter-output>
        </test-method> <!-- afterClass -->
      </class> <!-- com.timp.test.MDR.ControleDeCreditoTributario.UtilizacaoDosCreditosEmPeriodoAnterior.UtilizacaoDosCreditosEmPeriodoAnteriorExcluirEmMassa -->
      <class name="com.timp.test.MDR.ControleDeCreditoTributario.UtilizacaoDosCreditosEmPeriodoAnterior.UtilizacaoDosCreditosEmPeriodoAnteriorEditar">
        <test-method is-config="true" signature="beforeClass()[pri:0, instance:com.timp.test.MDR.ControleDeCreditoTributario.UtilizacaoDosCreditosEmPeriodoAnterior.UtilizacaoDosCreditosEmPeriodoAnteriorEditar@c9d0d6]" started-at="2021-05-29T07:44:12Z" name="beforeClass" finished-at="2021-05-29T07:44:41Z" duration-ms="28439" status="PASS">
          <reporter-output>
          </reporter-output>
        </test-method> <!-- beforeClass -->
        <test-method signature="editar()[pri:0, instance:com.timp.test.MDR.ControleDeCreditoTributario.UtilizacaoDosCreditosEmPeriodoAnterior.UtilizacaoDosCreditosEmPeriodoAnteriorEditar@c9d0d6]" started-at="2021-05-29T07:44:41Z" name="editar" finished-at="2021-05-29T07:46:27Z" duration-ms="106004" status="PASS">
          <reporter-output>
          </reporter-output>
        </test-method> <!-- editar -->
        <test-method is-config="true" signature="afterClass()[pri:0, instance:com.timp.test.MDR.ControleDeCreditoTributario.UtilizacaoDosCreditosEmPeriodoAnterior.UtilizacaoDosCreditosEmPeriodoAnteriorEditar@c9d0d6]" started-at="2021-05-29T07:46:27Z" name="afterClass" finished-at="2021-05-29T07:46:27Z" duration-ms="44" status="PASS">
          <reporter-output>
          </reporter-output>
        </test-method> <!-- afterClass -->
      </class> <!-- com.timp.test.MDR.ControleDeCreditoTributario.UtilizacaoDosCreditosEmPeriodoAnterior.UtilizacaoDosCreditosEmPeriodoAnteriorEditar -->
    </test> <!-- Controle De Credito Tributario > Utilizacao Dos Creditos Em Periodo Anterior -->
    <test started-at="2021-05-29T07:55:45Z" name="Controle De Credito Tributario &gt; Utilizacao Dos Creditos Na Apuração" finished-at="2021-05-29T08:10:22Z" duration-ms="877436">
      <class name="com.timp.test.MDR.ControleDeCreditoTributario.UtilizacaoDosCreditosNaApuracao.UtilizacaoDosCreditosNaApuracaoEditar">
        <test-method is-config="true" signature="beforeClass()[pri:0, instance:com.timp.test.MDR.ControleDeCreditoTributario.UtilizacaoDosCreditosNaApuracao.UtilizacaoDosCreditosNaApuracaoEditar@38089a5a]" started-at="2021-05-29T07:58:03Z" name="beforeClass" finished-at="2021-05-29T07:58:29Z" duration-ms="26308" status="PASS">
          <reporter-output>
          </reporter-output>
        </test-method> <!-- beforeClass -->
        <test-method signature="editar()[pri:0, instance:com.timp.test.MDR.ControleDeCreditoTributario.UtilizacaoDosCreditosNaApuracao.UtilizacaoDosCreditosNaApuracaoEditar@38089a5a]" started-at="2021-05-29T07:58:29Z" name="editar" finished-at="2021-05-29T08:00:06Z" duration-ms="96122" status="PASS">
          <reporter-output>
          </reporter-output>
        </test-method> <!-- editar -->
        <test-method is-config="true" signature="afterClass()[pri:0, instance:com.timp.test.MDR.ControleDeCreditoTributario.UtilizacaoDosCreditosNaApuracao.UtilizacaoDosCreditosNaApuracaoEditar@38089a5a]" started-at="2021-05-29T08:00:06Z" name="afterClass" finished-at="2021-05-29T08:00:06Z" duration-ms="42" status="PASS">
          <reporter-output>
          </reporter-output>
        </test-method> <!-- afterClass -->
      </class> <!-- com.timp.test.MDR.ControleDeCreditoTributario.UtilizacaoDosCreditosNaApuracao.UtilizacaoDosCreditosNaApuracaoEditar -->
      <class name="com.timp.test.MDR.ControleDeCreditoTributario.UtilizacaoDosCreditosNaApuracao.UtilizacaoDosCreditosNaApuracaoCriar">
        <test-method is-config="true" signature="beforeClass()[pri:0, instance:com.timp.test.MDR.ControleDeCreditoTributario.UtilizacaoDosCreditosNaApuracao.UtilizacaoDosCreditosNaApuracaoCriar@4b23c30a]" started-at="2021-05-29T07:55:45Z" name="beforeClass" finished-at="2021-05-29T07:56:11Z" duration-ms="26435" status="PASS">
          <reporter-output>
          </reporter-output>
        </test-method> <!-- beforeClass -->
        <test-method signature="criar()[pri:0, instance:com.timp.test.MDR.ControleDeCreditoTributario.UtilizacaoDosCreditosNaApuracao.UtilizacaoDosCreditosNaApuracaoCriar@4b23c30a]" started-at="2021-05-29T07:56:11Z" name="criar" finished-at="2021-05-29T07:57:59Z" duration-ms="107506" status="PASS">
          <reporter-output>
          </reporter-output>
        </test-method> <!-- criar -->
        <test-method is-config="true" signature="afterClass()[pri:0, instance:com.timp.test.MDR.ControleDeCreditoTributario.UtilizacaoDosCreditosNaApuracao.UtilizacaoDosCreditosNaApuracaoCriar@4b23c30a]" started-at="2021-05-29T07:57:59Z" name="afterClass" finished-at="2021-05-29T07:58:03Z" duration-ms="4393" status="PASS">
          <reporter-output>
          </reporter-output>
        </test-method> <!-- afterClass -->
      </class> <!-- com.timp.test.MDR.ControleDeCreditoTributario.UtilizacaoDosCreditosNaApuracao.UtilizacaoDosCreditosNaApuracaoCriar -->
      <class name="com.timp.test.MDR.ControleDeCreditoTributario.UtilizacaoDosCreditosNaApuracao.UtilizacaoDosCreditosNaApuracaoExcluir">
        <test-method is-config="true" signature="beforeClass()[pri:0, instance:com.timp.test.MDR.ControleDeCreditoTributario.UtilizacaoDosCreditosNaApuracao.UtilizacaoDosCreditosNaApuracaoExcluir@332796d3]" started-at="2021-05-29T08:03:28Z" name="beforeClass" finished-at="2021-05-29T08:04:08Z" duration-ms="39807" status="PASS">
          <reporter-output>
          </reporter-output>
        </test-method> <!-- beforeClass -->
        <test-method signature="excluir()[pri:0, instance:com.timp.test.MDR.ControleDeCreditoTributario.UtilizacaoDosCreditosNaApuracao.UtilizacaoDosCreditosNaApuracaoExcluir@332796d3]" started-at="2021-05-29T08:04:08Z" name="excluir" finished-at="2021-05-29T08:05:37Z" duration-ms="88821" status="PASS">
          <reporter-output>
          </reporter-output>
        </test-method> <!-- excluir -->
        <test-method is-config="true" signature="afterClass()[pri:0, instance:com.timp.test.MDR.ControleDeCreditoTributario.UtilizacaoDosCreditosNaApuracao.UtilizacaoDosCreditosNaApuracaoExcluir@332796d3]" started-at="2021-05-29T08:05:37Z" name="afterClass" finished-at="2021-05-29T08:05:37Z" duration-ms="41" status="PASS">
          <reporter-output>
          </reporter-output>
        </test-method> <!-- afterClass -->
      </class> <!-- com.timp.test.MDR.ControleDeCreditoTributario.UtilizacaoDosCreditosNaApuracao.UtilizacaoDosCreditosNaApuracaoExcluir -->
      <class name="com.timp.test.MDR.ControleDeCreditoTributario.UtilizacaoDosCreditosNaApuracao.UtilizacaoDosCreditosNaApuracaoVisualizar">
        <test-method is-config="true" signature="beforeClass()[pri:0, instance:com.timp.test.MDR.ControleDeCreditoTributario.UtilizacaoDosCreditosNaApuracao.UtilizacaoDosCreditosNaApuracaoVisualizar@66c92293]" started-at="2021-05-29T08:01:44Z" name="beforeClass" finished-at="2021-05-29T08:02:11Z" duration-ms="26516" status="PASS">
          <reporter-output>
          </reporter-output>
        </test-method> <!-- beforeClass -->
        <test-method signature="visualizar()[pri:0, instance:com.timp.test.MDR.ControleDeCreditoTributario.UtilizacaoDosCreditosNaApuracao.UtilizacaoDosCreditosNaApuracaoVisualizar@66c92293]" started-at="2021-05-29T08:02:11Z" name="visualizar" finished-at="2021-05-29T08:03:28Z" duration-ms="76861" status="PASS">
          <reporter-output>
          </reporter-output>
        </test-method> <!-- visualizar -->
        <test-method is-config="true" signature="afterClass()[pri:0, instance:com.timp.test.MDR.ControleDeCreditoTributario.UtilizacaoDosCreditosNaApuracao.UtilizacaoDosCreditosNaApuracaoVisualizar@66c92293]" started-at="2021-05-29T08:03:28Z" name="afterClass" finished-at="2021-05-29T08:03:28Z" duration-ms="65" status="PASS">
          <reporter-output>
          </reporter-output>
        </test-method> <!-- afterClass -->
      </class> <!-- com.timp.test.MDR.ControleDeCreditoTributario.UtilizacaoDosCreditosNaApuracao.UtilizacaoDosCreditosNaApuracaoVisualizar -->
      <class name="com.timp.test.MDR.ControleDeCreditoTributario.UtilizacaoDosCreditosNaApuracao.UtilizacaoDosCreditosNaApuracaoFiltroId">
        <test-method is-config="true" signature="beforeClass()[pri:0, instance:com.timp.test.MDR.ControleDeCreditoTributario.UtilizacaoDosCreditosNaApuracao.UtilizacaoDosCreditosNaApuracaoFiltroId@3cdf2c61]" started-at="2021-05-29T08:09:10Z" name="beforeClass" finished-at="2021-05-29T08:09:37Z" duration-ms="26772" status="PASS">
          <reporter-output>
          </reporter-output>
        </test-method> <!-- beforeClass -->
        <test-method signature="filtroId()[pri:0, instance:com.timp.test.MDR.ControleDeCreditoTributario.UtilizacaoDosCreditosNaApuracao.UtilizacaoDosCreditosNaApuracaoFiltroId@3cdf2c61]" started-at="2021-05-29T08:09:37Z" name="filtroId" finished-at="2021-05-29T08:10:18Z" duration-ms="40978" status="PASS">
          <reporter-output>
          </reporter-output>
        </test-method> <!-- filtroId -->
        <test-method is-config="true" signature="afterClass()[pri:0, instance:com.timp.test.MDR.ControleDeCreditoTributario.UtilizacaoDosCreditosNaApuracao.UtilizacaoDosCreditosNaApuracaoFiltroId@3cdf2c61]" started-at="2021-05-29T08:10:18Z" name="afterClass" finished-at="2021-05-29T08:10:22Z" duration-ms="4382" status="PASS">
          <reporter-output>
          </reporter-output>
        </test-method> <!-- afterClass -->
      </class> <!-- com.timp.test.MDR.ControleDeCreditoTributario.UtilizacaoDosCreditosNaApuracao.UtilizacaoDosCreditosNaApuracaoFiltroId -->
      <class name="com.timp.test.MDR.ControleDeCreditoTributario.UtilizacaoDosCreditosNaApuracao.UtilizacaoDosCreditosNaApuracaoDetalhes">
        <test-method is-config="true" signature="beforeClass()[pri:0, instance:com.timp.test.MDR.ControleDeCreditoTributario.UtilizacaoDosCreditosNaApuracao.UtilizacaoDosCreditosNaApuracaoDetalhes@30e868be]" started-at="2021-05-29T08:00:06Z" name="beforeClass" finished-at="2021-05-29T08:00:34Z" duration-ms="28482" status="PASS">
          <reporter-output>
          </reporter-output>
        </test-method> <!-- beforeClass -->
        <test-method signature="Detalhes()[pri:0, instance:com.timp.test.MDR.ControleDeCreditoTributario.UtilizacaoDosCreditosNaApuracao.UtilizacaoDosCreditosNaApuracaoDetalhes@30e868be]" started-at="2021-05-29T08:00:34Z" name="Detalhes" finished-at="2021-05-29T08:01:40Z" duration-ms="66025" status="PASS">
          <reporter-output>
          </reporter-output>
        </test-method> <!-- Detalhes -->
        <test-method is-config="true" signature="afterClass()[pri:0, instance:com.timp.test.MDR.ControleDeCreditoTributario.UtilizacaoDosCreditosNaApuracao.UtilizacaoDosCreditosNaApuracaoDetalhes@30e868be]" started-at="2021-05-29T08:01:40Z" name="afterClass" finished-at="2021-05-29T08:01:44Z" duration-ms="4393" status="PASS">
          <reporter-output>
          </reporter-output>
        </test-method> <!-- afterClass -->
      </class> <!-- com.timp.test.MDR.ControleDeCreditoTributario.UtilizacaoDosCreditosNaApuracao.UtilizacaoDosCreditosNaApuracaoDetalhes -->
      <class name="com.timp.test.MDR.ControleDeCreditoTributario.UtilizacaoDosCreditosNaApuracao.UtilizacaoDosCreditosNaApuracaoExcluirEmMassa">
        <test-method is-config="true" signature="beforeClass()[pri:0, instance:com.timp.test.MDR.ControleDeCreditoTributario.UtilizacaoDosCreditosNaApuracao.UtilizacaoDosCreditosNaApuracaoExcluirEmMassa@4f0100a7]" started-at="2021-05-29T08:05:37Z" name="beforeClass" finished-at="2021-05-29T08:06:03Z" duration-ms="26507" status="PASS">
          <reporter-output>
          </reporter-output>
        </test-method> <!-- beforeClass -->
        <test-method signature="criar()[pri:0, instance:com.timp.test.MDR.ControleDeCreditoTributario.UtilizacaoDosCreditosNaApuracao.UtilizacaoDosCreditosNaApuracaoExcluirEmMassa@4f0100a7]" started-at="2021-05-29T08:06:03Z" name="criar" finished-at="2021-05-29T08:08:39Z" duration-ms="155500" status="PASS">
          <reporter-output>
          </reporter-output>
        </test-method> <!-- criar -->
        <test-method signature="excluir()[pri:0, instance:com.timp.test.MDR.ControleDeCreditoTributario.UtilizacaoDosCreditosNaApuracao.UtilizacaoDosCreditosNaApuracaoExcluirEmMassa@4f0100a7]" started-at="2021-05-29T08:08:39Z" name="excluir" finished-at="2021-05-29T08:09:10Z" depends-on-methods="com.timp.test.MDR.ControleDeCreditoTributario.UtilizacaoDosCreditosNaApuracao.UtilizacaoDosCreditosNaApuracaoExcluirEmMassa.criar" duration-ms="31433" status="PASS">
          <reporter-output>
          </reporter-output>
        </test-method> <!-- excluir -->
        <test-method is-config="true" signature="afterClass()[pri:0, instance:com.timp.test.MDR.ControleDeCreditoTributario.UtilizacaoDosCreditosNaApuracao.UtilizacaoDosCreditosNaApuracaoExcluirEmMassa@4f0100a7]" started-at="2021-05-29T08:09:10Z" name="afterClass" finished-at="2021-05-29T08:09:10Z" duration-ms="40" status="PASS">
          <reporter-output>
          </reporter-output>
        </test-method> <!-- afterClass -->
      </class> <!-- com.timp.test.MDR.ControleDeCreditoTributario.UtilizacaoDosCreditosNaApuracao.UtilizacaoDosCreditosNaApuracaoExcluirEmMassa -->
    </test> <!-- Controle De Credito Tributario > Utilizacao Dos Creditos Na Apuração -->
    <test started-at="2021-05-29T08:10:22Z" name="SPCB - Federais Retidos" finished-at="2021-05-29T08:21:24Z" duration-ms="661898">
      <class name="com.timp.test.MDR.SPCBFederaisRetidos.SPCBFederaisRetidosVisualizar">
        <test-method is-config="true" signature="beforeClass()[pri:0, instance:com.timp.test.MDR.SPCBFederaisRetidos.SPCBFederaisRetidosVisualizar@7ae42ce3]" started-at="2021-05-29T08:15:35Z" name="beforeClass" finished-at="2021-05-29T08:16:03Z" duration-ms="27220" status="PASS">
          <reporter-output>
          </reporter-output>
        </test-method> <!-- beforeClass -->
        <test-method signature="visualizar()[pri:0, instance:com.timp.test.MDR.SPCBFederaisRetidos.SPCBFederaisRetidosVisualizar@7ae42ce3]" started-at="2021-05-29T08:16:03Z" name="visualizar" finished-at="2021-05-29T08:17:12Z" duration-ms="69615" status="PASS">
          <reporter-output>
          </reporter-output>
        </test-method> <!-- visualizar -->
        <test-method is-config="true" signature="afterClass()[pri:0, instance:com.timp.test.MDR.SPCBFederaisRetidos.SPCBFederaisRetidosVisualizar@7ae42ce3]" started-at="2021-05-29T08:17:12Z" name="afterClass" finished-at="2021-05-29T08:17:17Z" duration-ms="4390" status="PASS">
          <reporter-output>
          </reporter-output>
        </test-method> <!-- afterClass -->
      </class> <!-- com.timp.test.MDR.SPCBFederaisRetidos.SPCBFederaisRetidosVisualizar -->
      <class name="com.timp.test.MDR.SPCBFederaisRetidos.SPCBFederaisRetidosExcluirMassa">
        <test-method is-config="true" signature="beforeClass()[pri:0, instance:com.timp.test.MDR.SPCBFederaisRetidos.SPCBFederaisRetidosExcluirMassa@484094a5]" started-at="2021-05-29T08:18:51Z" name="beforeClass" finished-at="2021-05-29T08:19:17Z" duration-ms="26471" status="PASS">
          <reporter-output>
          </reporter-output>
        </test-method> <!-- beforeClass -->
        <test-method signature="criar()[pri:0, instance:com.timp.test.MDR.SPCBFederaisRetidos.SPCBFederaisRetidosExcluirMassa@484094a5]" started-at="2021-05-29T08:19:17Z" name="criar" finished-at="2021-05-29T08:20:52Z" duration-ms="94243" status="PASS">
          <reporter-output>
          </reporter-output>
        </test-method> <!-- criar -->
        <test-method signature="excluir()[pri:0, instance:com.timp.test.MDR.SPCBFederaisRetidos.SPCBFederaisRetidosExcluirMassa@484094a5]" started-at="2021-05-29T08:20:52Z" name="excluir" finished-at="2021-05-29T08:21:24Z" depends-on-methods="com.timp.test.MDR.SPCBFederaisRetidos.SPCBFederaisRetidosExcluirMassa.criar" duration-ms="32308" status="PASS">
          <reporter-output>
          </reporter-output>
        </test-method> <!-- excluir -->
        <test-method is-config="true" signature="afterClass()[pri:0, instance:com.timp.test.MDR.SPCBFederaisRetidos.SPCBFederaisRetidosExcluirMassa@484094a5]" started-at="2021-05-29T08:21:24Z" name="afterClass" finished-at="2021-05-29T08:21:24Z" duration-ms="43" status="PASS">
          <reporter-output>
          </reporter-output>
        </test-method> <!-- afterClass -->
      </class> <!-- com.timp.test.MDR.SPCBFederaisRetidos.SPCBFederaisRetidosExcluirMassa -->
      <class name="com.timp.test.MDR.SPCBFederaisRetidos.SPCBFederaisRetidosCriar">
        <test-method is-config="true" signature="beforeClass()[pri:0, instance:com.timp.test.MDR.SPCBFederaisRetidos.SPCBFederaisRetidosCriar@4c1f22f3]" started-at="2021-05-29T08:10:22Z" name="beforeClass" finished-at="2021-05-29T08:10:49Z" duration-ms="26423" status="PASS">
          <reporter-output>
          </reporter-output>
        </test-method> <!-- beforeClass -->
        <test-method signature="criar()[pri:0, instance:com.timp.test.MDR.SPCBFederaisRetidos.SPCBFederaisRetidosCriar@4c1f22f3]" started-at="2021-05-29T08:10:49Z" name="criar" finished-at="2021-05-29T08:11:58Z" duration-ms="69567" status="PASS">
          <reporter-output>
          </reporter-output>
        </test-method> <!-- criar -->
        <test-method is-config="true" signature="afterClass()[pri:0, instance:com.timp.test.MDR.SPCBFederaisRetidos.SPCBFederaisRetidosCriar@4c1f22f3]" started-at="2021-05-29T08:11:58Z" name="afterClass" finished-at="2021-05-29T08:12:03Z" duration-ms="4420" status="PASS">
          <reporter-output>
          </reporter-output>
        </test-method> <!-- afterClass -->
      </class> <!-- com.timp.test.MDR.SPCBFederaisRetidos.SPCBFederaisRetidosCriar -->
      <class name="com.timp.test.MDR.SPCBFederaisRetidos.SPCBFederaisRetidosEditar">
        <test-method is-config="true" signature="beforeClass()[pri:0, instance:com.timp.test.MDR.SPCBFederaisRetidos.SPCBFederaisRetidosEditar@598bd2ba]" started-at="2021-05-29T08:12:03Z" name="beforeClass" finished-at="2021-05-29T08:12:29Z" duration-ms="26575" status="PASS">
          <reporter-output>
          </reporter-output>
        </test-method> <!-- beforeClass -->
        <test-method signature="editar()[pri:0, instance:com.timp.test.MDR.SPCBFederaisRetidos.SPCBFederaisRetidosEditar@598bd2ba]" started-at="2021-05-29T08:12:29Z" name="editar" finished-at="2021-05-29T08:13:57Z" duration-ms="87320" status="PASS">
          <reporter-output>
          </reporter-output>
        </test-method> <!-- editar -->
        <test-method is-config="true" signature="afterClass()[pri:0, instance:com.timp.test.MDR.SPCBFederaisRetidos.SPCBFederaisRetidosEditar@598bd2ba]" started-at="2021-05-29T08:13:57Z" name="afterClass" finished-at="2021-05-29T08:13:57Z" duration-ms="61" status="PASS">
          <reporter-output>
          </reporter-output>
        </test-method> <!-- afterClass -->
      </class> <!-- com.timp.test.MDR.SPCBFederaisRetidos.SPCBFederaisRetidosEditar -->
      <class name="com.timp.test.MDR.SPCBFederaisRetidos.SPCBFederaisRetidosDetalhes">
        <test-method is-config="true" signature="beforeClass()[pri:0, instance:com.timp.test.MDR.SPCBFederaisRetidos.SPCBFederaisRetidosDetalhes@5a755cc1]" started-at="2021-05-29T08:13:57Z" name="beforeClass" finished-at="2021-05-29T08:14:27Z" duration-ms="30627" status="PASS">
          <reporter-output>
          </reporter-output>
        </test-method> <!-- beforeClass -->
        <test-method signature="detalhe()[pri:0, instance:com.timp.test.MDR.SPCBFederaisRetidos.SPCBFederaisRetidosDetalhes@5a755cc1]" started-at="2021-05-29T08:14:27Z" name="detalhe" finished-at="2021-05-29T08:15:31Z" duration-ms="63673" status="PASS">
          <reporter-output>
          </reporter-output>
        </test-method> <!-- detalhe -->
        <test-method is-config="true" signature="afterClass()[pri:0, instance:com.timp.test.MDR.SPCBFederaisRetidos.SPCBFederaisRetidosDetalhes@5a755cc1]" started-at="2021-05-29T08:15:31Z" name="afterClass" finished-at="2021-05-29T08:15:35Z" duration-ms="4423" status="PASS">
          <reporter-output>
          </reporter-output>
        </test-method> <!-- afterClass -->
      </class> <!-- com.timp.test.MDR.SPCBFederaisRetidos.SPCBFederaisRetidosDetalhes -->
      <class name="com.timp.test.MDR.SPCBFederaisRetidos.SPCBFederaisRetidosExcluir">
        <test-method is-config="true" signature="beforeClass()[pri:0, instance:com.timp.test.MDR.SPCBFederaisRetidos.SPCBFederaisRetidosExcluir@4f5991f6]" started-at="2021-05-29T08:17:17Z" name="beforeClass" finished-at="2021-05-29T08:17:43Z" duration-ms="26435" status="PASS">
          <reporter-output>
          </reporter-output>
        </test-method> <!-- beforeClass -->
        <test-method signature="excluir()[pri:0, instance:com.timp.test.MDR.SPCBFederaisRetidos.SPCBFederaisRetidosExcluir@4f5991f6]" started-at="2021-05-29T08:17:43Z" name="excluir" finished-at="2021-05-29T08:18:51Z" duration-ms="68034" status="PASS">
          <reporter-output>
          </reporter-output>
        </test-method> <!-- excluir -->
        <test-method is-config="true" signature="afterClass()[pri:0, instance:com.timp.test.MDR.SPCBFederaisRetidos.SPCBFederaisRetidosExcluir@4f5991f6]" started-at="2021-05-29T08:18:51Z" name="afterClass" finished-at="2021-05-29T08:18:51Z" duration-ms="41" status="PASS">
          <reporter-output>
          </reporter-output>
        </test-method> <!-- afterClass -->
      </class> <!-- com.timp.test.MDR.SPCBFederaisRetidos.SPCBFederaisRetidosExcluir -->
    </test> <!-- SPCB - Federais Retidos -->
    <test started-at="2021-05-29T08:21:24Z" name="Notas a Declarar Anexo III DIA-AM" finished-at="2021-05-29T08:32:06Z" duration-ms="641774">
      <class name="com.timp.test.MDR.NotasDeclararAnexoIIIDIAAM.NotasDeclararAnexoIIIDetalhe">
        <test-method is-config="true" signature="beforeClass()[pri:0, instance:com.timp.test.MDR.NotasDeclararAnexoIIIDIAAM.NotasDeclararAnexoIIIDetalhe@545b995e]" started-at="2021-05-29T08:25:56Z" name="beforeClass" finished-at="2021-05-29T08:26:23Z" duration-ms="26591" status="PASS">
          <reporter-output>
          </reporter-output>
        </test-method> <!-- beforeClass -->
        <test-method signature="detalhe()[pri:0, instance:com.timp.test.MDR.NotasDeclararAnexoIIIDIAAM.NotasDeclararAnexoIIIDetalhe@545b995e]" started-at="2021-05-29T08:26:23Z" name="detalhe" finished-at="2021-05-29T08:27:24Z" duration-ms="60973" status="PASS">
          <reporter-output>
          </reporter-output>
        </test-method> <!-- detalhe -->
        <test-method is-config="true" signature="afterClass()[pri:0, instance:com.timp.test.MDR.NotasDeclararAnexoIIIDIAAM.NotasDeclararAnexoIIIDetalhe@545b995e]" started-at="2021-05-29T08:27:24Z" name="afterClass" finished-at="2021-05-29T08:27:28Z" duration-ms="4396" status="PASS">
          <reporter-output>
          </reporter-output>
        </test-method> <!-- afterClass -->
      </class> <!-- com.timp.test.MDR.NotasDeclararAnexoIIIDIAAM.NotasDeclararAnexoIIIDetalhe -->
      <class name="com.timp.test.MDR.NotasDeclararAnexoIIIDIAAM.NotasDeclararAnexoIIICriar">
        <test-method is-config="true" signature="beforeClass()[pri:0, instance:com.timp.test.MDR.NotasDeclararAnexoIIIDIAAM.NotasDeclararAnexoIIICriar@2c4d1ac]" started-at="2021-05-29T08:21:24Z" name="beforeClass" finished-at="2021-05-29T08:21:53Z" duration-ms="29192" status="PASS">
          <reporter-output>
          </reporter-output>
        </test-method> <!-- beforeClass -->
        <test-method signature="criar()[pri:0, instance:com.timp.test.MDR.NotasDeclararAnexoIIIDIAAM.NotasDeclararAnexoIIICriar@2c4d1ac]" started-at="2021-05-29T08:21:53Z" name="criar" finished-at="2021-05-29T08:23:28Z" duration-ms="95119" status="PASS">
          <reporter-output>
          </reporter-output>
        </test-method> <!-- criar -->
        <test-method is-config="true" signature="afterClass()[pri:0, instance:com.timp.test.MDR.NotasDeclararAnexoIIIDIAAM.NotasDeclararAnexoIIICriar@2c4d1ac]" started-at="2021-05-29T08:23:28Z" name="afterClass" finished-at="2021-05-29T08:23:33Z" duration-ms="4416" status="PASS">
          <reporter-output>
          </reporter-output>
        </test-method> <!-- afterClass -->
      </class> <!-- com.timp.test.MDR.NotasDeclararAnexoIIIDIAAM.NotasDeclararAnexoIIICriar -->
      <class name="com.timp.test.MDR.NotasDeclararAnexoIIIDIAAM.NotasDeclararAnexoIIIEditar">
        <test-method is-config="true" signature="beforeClass()[pri:0, instance:com.timp.test.MDR.NotasDeclararAnexoIIIDIAAM.NotasDeclararAnexoIIIEditar@7f0d96f2]" started-at="2021-05-29T08:23:33Z" name="beforeClass" finished-at="2021-05-29T08:24:04Z" duration-ms="30969" status="PASS">
          <reporter-output>
          </reporter-output>
        </test-method> <!-- beforeClass -->
        <test-method signature="editar()[pri:0, instance:com.timp.test.MDR.NotasDeclararAnexoIIIDIAAM.NotasDeclararAnexoIIIEditar@7f0d96f2]" started-at="2021-05-29T08:24:04Z" name="editar" finished-at="2021-05-29T08:25:56Z" duration-ms="112652" status="PASS">
          <reporter-output>
          </reporter-output>
        </test-method> <!-- editar -->
        <test-method is-config="true" signature="afterClass()[pri:0, instance:com.timp.test.MDR.NotasDeclararAnexoIIIDIAAM.NotasDeclararAnexoIIIEditar@7f0d96f2]" started-at="2021-05-29T08:25:56Z" name="afterClass" finished-at="2021-05-29T08:25:56Z" duration-ms="40" status="PASS">
          <reporter-output>
          </reporter-output>
        </test-method> <!-- afterClass -->
      </class> <!-- com.timp.test.MDR.NotasDeclararAnexoIIIDIAAM.NotasDeclararAnexoIIIEditar -->
      <class name="com.timp.test.MDR.NotasDeclararAnexoIIIDIAAM.NotasDeclararAnexoIIIExcluir">
        <test-method is-config="true" signature="beforeClass()[pri:0, instance:com.timp.test.MDR.NotasDeclararAnexoIIIDIAAM.NotasDeclararAnexoIIIExcluir@76a2ddf3]" started-at="2021-05-29T08:27:28Z" name="beforeClass" finished-at="2021-05-29T08:27:55Z" duration-ms="26494" status="PASS">
          <reporter-output>
          </reporter-output>
        </test-method> <!-- beforeClass -->
        <test-method signature="excluir()[pri:0, instance:com.timp.test.MDR.NotasDeclararAnexoIIIDIAAM.NotasDeclararAnexoIIIExcluir@76a2ddf3]" started-at="2021-05-29T08:27:55Z" name="excluir" finished-at="2021-05-29T08:29:01Z" duration-ms="65816" status="PASS">
          <reporter-output>
          </reporter-output>
        </test-method> <!-- excluir -->
        <test-method is-config="true" signature="afterClass()[pri:0, instance:com.timp.test.MDR.NotasDeclararAnexoIIIDIAAM.NotasDeclararAnexoIIIExcluir@76a2ddf3]" started-at="2021-05-29T08:29:01Z" name="afterClass" finished-at="2021-05-29T08:29:01Z" duration-ms="44" status="PASS">
          <reporter-output>
          </reporter-output>
        </test-method> <!-- afterClass -->
      </class> <!-- com.timp.test.MDR.NotasDeclararAnexoIIIDIAAM.NotasDeclararAnexoIIIExcluir -->
      <class name="com.timp.test.MDR.NotasDeclararAnexoIIIDIAAM.NotasDeclararAnexoIIIExcluirMassa">
        <test-method is-config="true" signature="beforeClass()[pri:0, instance:com.timp.test.MDR.NotasDeclararAnexoIIIDIAAM.NotasDeclararAnexoIIIExcluirMassa@524f3b3a]" started-at="2021-05-29T08:29:01Z" name="beforeClass" finished-at="2021-05-29T08:29:27Z" duration-ms="26450" status="PASS">
          <reporter-output>
          </reporter-output>
        </test-method> <!-- beforeClass -->
        <test-method signature="criar()[pri:0, instance:com.timp.test.MDR.NotasDeclararAnexoIIIDIAAM.NotasDeclararAnexoIIIExcluirMassa@524f3b3a]" started-at="2021-05-29T08:29:27Z" name="criar" finished-at="2021-05-29T08:31:36Z" duration-ms="128474" status="PASS">
          <reporter-output>
          </reporter-output>
        </test-method> <!-- criar -->
        <test-method signature="excluir()[pri:0, instance:com.timp.test.MDR.NotasDeclararAnexoIIIDIAAM.NotasDeclararAnexoIIIExcluirMassa@524f3b3a]" started-at="2021-05-29T08:31:36Z" name="excluir" finished-at="2021-05-29T08:32:06Z" depends-on-methods="com.timp.test.MDR.NotasDeclararAnexoIIIDIAAM.NotasDeclararAnexoIIIExcluirMassa.criar" duration-ms="30086" status="PASS">
          <reporter-output>
          </reporter-output>
        </test-method> <!-- excluir -->
        <test-method is-config="true" signature="afterClass()[pri:0, instance:com.timp.test.MDR.NotasDeclararAnexoIIIDIAAM.NotasDeclararAnexoIIIExcluirMassa@524f3b3a]" started-at="2021-05-29T08:32:06Z" name="afterClass" finished-at="2021-05-29T08:32:06Z" duration-ms="55" status="PASS">
          <reporter-output>
          </reporter-output>
        </test-method> <!-- afterClass -->
      </class> <!-- com.timp.test.MDR.NotasDeclararAnexoIIIDIAAM.NotasDeclararAnexoIIIExcluirMassa -->
    </test> <!-- Notas a Declarar Anexo III DIA-AM -->
  </suite> <!-- Suite -->
</testng-results>
