<?xml version="1.0" encoding="UTF-8"?>
<testng-results total="3" passed="3" failed="0" skipped="0">
  <reporter-output>
  </reporter-output>
  <suite started-at="2020-10-23T22:41:44Z" name="Default suite" finished-at="2020-10-23T22:43:27Z" duration-ms="103321">
    <groups>
    </groups>
    <test started-at="2020-10-23T22:41:44Z" name="Default test" finished-at="2020-10-23T22:43:27Z" duration-ms="103321">
      <class name="com.timp.test.MDR.TabelasApoioESocial.Tabela17.DescriçãoDeNatDeLesãoVisualizar">
        <test-method is-config="true" signature="beforeClass()[pri:0, instance:com.timp.test.MDR.TabelasApoioESocial.Tabela17.DescriçãoDeNatDeLesãoVisualizar@7cbd9d24]" started-at="2020-10-23T16:41:44Z" name="beforeClass" finished-at="2020-10-23T16:41:58Z" duration-ms="13620" status="PASS">
          <reporter-output>
          </reporter-output>
        </test-method> <!-- beforeClass -->
        <test-method signature="ingresar()[pri:0, instance:com.timp.test.MDR.TabelasApoioESocial.Tabela17.DescriçãoDeNatDeLesãoVisualizar@7cbd9d24]" started-at="2020-10-23T16:41:58Z" name="ingresar" finished-at="2020-10-23T16:42:06Z" duration-ms="8337" status="PASS">
          <reporter-output>
          </reporter-output>
        </test-method> <!-- ingresar -->
        <test-method signature="mdrEntrar()[pri:0, instance:com.timp.test.MDR.TabelasApoioESocial.Tabela17.DescriçãoDeNatDeLesãoVisualizar@7cbd9d24]" started-at="2020-10-23T16:42:06Z" name="mdrEntrar" finished-at="2020-10-23T16:42:16Z" duration-ms="9702" status="PASS">
          <reporter-output>
          </reporter-output>
        </test-method> <!-- mdrEntrar -->
        <test-method signature="visualizar()[pri:0, instance:com.timp.test.MDR.TabelasApoioESocial.Tabela17.DescriçãoDeNatDeLesãoVisualizar@7cbd9d24]" started-at="2020-10-23T16:42:16Z" name="visualizar" finished-at="2020-10-23T16:43:27Z" duration-ms="71643" status="PASS">
          <reporter-output>
          </reporter-output>
        </test-method> <!-- visualizar -->
        <test-method is-config="true" signature="afterClass()[pri:0, instance:com.timp.test.MDR.TabelasApoioESocial.Tabela17.DescriçãoDeNatDeLesãoVisualizar@7cbd9d24]" started-at="2020-10-23T16:43:27Z" name="afterClass" finished-at="2020-10-23T16:43:27Z" duration-ms="1" status="PASS">
          <reporter-output>
          </reporter-output>
        </test-method> <!-- afterClass -->
      </class> <!-- com.timp.test.MDR.TabelasApoioESocial.Tabela17.DescriçãoDeNatDeLesãoVisualizar -->
    </test> <!-- Default test -->
  </suite> <!-- Default suite -->
</testng-results>
