<?xml version="1.0" encoding="UTF-8"?>
<testng-results skipped="0" failed="0" total="3" passed="3">
  <reporter-output>
  </reporter-output>
  <suite name="Default suite" duration-ms="67601" started-at="2020-08-09T19:32:31Z" finished-at="2020-08-09T19:33:39Z">
    <groups>
    </groups>
    <test name="Default test" duration-ms="67601" started-at="2020-08-09T19:32:31Z" finished-at="2020-08-09T19:33:39Z">
      <class name="com.timp.test.MDR.TabelasApoioSped.CodigoTipoCredito.CodigoTipoCreditoExcluir">
        <test-method status="PASS" signature="beforeClass()[pri:0, instance:com.timp.test.MDR.TabelasApoioSped.CodigoTipoCredito.CodigoTipoCreditoExcluir@8e0379d]" name="beforeClass" is-config="true" duration-ms="12104" started-at="2020-08-09T13:32:31Z" finished-at="2020-08-09T13:32:44Z">
          <reporter-output>
          </reporter-output>
        </test-method> <!-- beforeClass -->
        <test-method status="PASS" signature="login()[pri:0, instance:com.timp.test.MDR.TabelasApoioSped.CodigoTipoCredito.CodigoTipoCreditoExcluir@8e0379d]" name="login" duration-ms="7263" started-at="2020-08-09T13:32:44Z" finished-at="2020-08-09T13:32:51Z">
          <reporter-output>
          </reporter-output>
        </test-method> <!-- login -->
        <test-method status="PASS" signature="acessarMDR()[pri:0, instance:com.timp.test.MDR.TabelasApoioSped.CodigoTipoCredito.CodigoTipoCreditoExcluir@8e0379d]" name="acessarMDR" duration-ms="9224" started-at="2020-08-09T13:32:51Z" finished-at="2020-08-09T13:33:00Z">
          <reporter-output>
          </reporter-output>
        </test-method> <!-- acessarMDR -->
        <test-method status="PASS" signature="criar()[pri:0, instance:com.timp.test.MDR.TabelasApoioSped.CodigoTipoCredito.CodigoTipoCreditoExcluir@8e0379d]" name="criar" duration-ms="38998" started-at="2020-08-09T13:33:00Z" finished-at="2020-08-09T13:33:39Z">
          <reporter-output>
          </reporter-output>
        </test-method> <!-- criar -->
      </class> <!-- com.timp.test.MDR.TabelasApoioSped.CodigoTipoCredito.CodigoTipoCreditoExcluir -->
    </test> <!-- Default test -->
  </suite> <!-- Default suite -->
</testng-results>
