<?xml version="1.0" encoding="UTF-8"?>
<testng-results skipped="0" failed="0" ignored="0" total="2" passed="2">
  <reporter-output>
  </reporter-output>
  <suite name="Default suite" duration-ms="187904" started-at="2021-02-17T02:00:58Z" finished-at="2021-02-17T02:04:06Z">
    <groups>
    </groups>
    <test name="Default test" duration-ms="187904" started-at="2021-02-17T02:00:58Z" finished-at="2021-02-17T02:04:06Z">
      <class name="com.timp.test.MDR.ControleDeCreditoTributario.UtilizacaoDosCreditosNaApuracao.UtilizacaoDosCreditosNaApuracaoExcluirEmMassa">
        <test-method status="PASS" signature="beforeClass()[pri:0, instance:com.timp.test.MDR.ControleDeCreditoTributario.UtilizacaoDosCreditosNaApuracao.UtilizacaoDosCreditosNaApuracaoExcluirEmMassa@78b729e6]" name="beforeClass" is-config="true" duration-ms="11685" started-at="2021-02-17T02:00:58Z" finished-at="2021-02-17T02:01:09Z">
          <reporter-output>
          </reporter-output>
        </test-method> <!-- beforeClass -->
        <test-method status="PASS" signature="criar()[pri:0, instance:com.timp.test.MDR.ControleDeCreditoTributario.UtilizacaoDosCreditosNaApuracao.UtilizacaoDosCreditosNaApuracaoExcluirEmMassa@78b729e6]" name="criar" duration-ms="148539" started-at="2021-02-17T02:01:09Z" finished-at="2021-02-17T02:03:38Z">
          <reporter-output>
          </reporter-output>
        </test-method> <!-- criar -->
        <test-method status="PASS" signature="excluir()[pri:0, instance:com.timp.test.MDR.ControleDeCreditoTributario.UtilizacaoDosCreditosNaApuracao.UtilizacaoDosCreditosNaApuracaoExcluirEmMassa@78b729e6]" name="excluir" duration-ms="27521" started-at="2021-02-17T02:03:38Z" depends-on-methods="com.timp.test.MDR.ControleDeCreditoTributario.UtilizacaoDosCreditosNaApuracao.UtilizacaoDosCreditosNaApuracaoExcluirEmMassa.criar" finished-at="2021-02-17T02:04:06Z">
          <reporter-output>
          </reporter-output>
        </test-method> <!-- excluir -->
        <test-method status="PASS" signature="afterClass()[pri:0, instance:com.timp.test.MDR.ControleDeCreditoTributario.UtilizacaoDosCreditosNaApuracao.UtilizacaoDosCreditosNaApuracaoExcluirEmMassa@78b729e6]" name="afterClass" is-config="true" duration-ms="119" started-at="2021-02-17T02:04:06Z" finished-at="2021-02-17T02:04:06Z">
          <reporter-output>
          </reporter-output>
        </test-method> <!-- afterClass -->
      </class> <!-- com.timp.test.MDR.ControleDeCreditoTributario.UtilizacaoDosCreditosNaApuracao.UtilizacaoDosCreditosNaApuracaoExcluirEmMassa -->
    </test> <!-- Default test -->
  </suite> <!-- Default suite -->
</testng-results>
