<?xml version="1.0" encoding="UTF-8"?>
<testng-results total="2" passed="2" failed="0" skipped="0">
  <reporter-output>
  </reporter-output>
  <suite started-at="2020-11-25T04:53:43Z" name="Default suite" finished-at="2020-11-25T04:54:21Z" duration-ms="38212">
    <groups>
    </groups>
    <test started-at="2020-11-25T04:53:43Z" name="Default test" finished-at="2020-11-25T04:54:21Z" duration-ms="38212">
      <class name="com.timp.test.BSC.AcessarBSC">
        <test-method is-config="true" signature="beforeClass()[pri:0, instance:com.timp.test.BSC.AcessarBSC@f78a47e]" started-at="2020-11-24T22:53:43Z" name="beforeClass" finished-at="2020-11-24T22:53:59Z" duration-ms="16614" status="PASS">
          <reporter-output>
          </reporter-output>
        </test-method> <!-- beforeClass -->
        <test-method signature="login()[pri:0, instance:com.timp.test.BSC.AcessarBSC@f78a47e]" started-at="2020-11-24T22:53:59Z" name="login" finished-at="2020-11-24T22:54:06Z" duration-ms="6699" status="PASS">
          <reporter-output>
          </reporter-output>
        </test-method> <!-- login -->
        <test-method signature="BSCEntrar()[pri:0, instance:com.timp.test.BSC.AcessarBSC@f78a47e]" started-at="2020-11-24T22:54:06Z" name="BSCEntrar" finished-at="2020-11-24T22:54:21Z" duration-ms="14875" status="PASS">
          <reporter-output>
          </reporter-output>
        </test-method> <!-- BSCEntrar -->
        <test-method is-config="true" signature="afterClass()[pri:0, instance:com.timp.test.BSC.AcessarBSC@f78a47e]" started-at="2020-11-24T22:54:21Z" name="afterClass" finished-at="2020-11-24T22:54:21Z" duration-ms="0" status="PASS">
          <reporter-output>
          </reporter-output>
        </test-method> <!-- afterClass -->
      </class> <!-- com.timp.test.BSC.AcessarBSC -->
    </test> <!-- Default test -->
  </suite> <!-- Default suite -->
</testng-results>
