<?xml version="1.0" encoding="UTF-8"?>
<testng-results total="3" passed="3" failed="0" skipped="0">
  <reporter-output>
  </reporter-output>
  <suite started-at="2020-07-31T17:44:55Z" name="Default suite" finished-at="2020-07-31T17:47:24Z" duration-ms="148763">
    <groups>
    </groups>
    <test started-at="2020-07-31T17:44:55Z" name="Default test" finished-at="2020-07-31T17:47:24Z" duration-ms="148763">
      <class name="com.timp.test.MDR.CenariosCorrecao.CenariosCorrecaoVisualizar">
        <test-method is-config="true" signature="beforeClass()[pri:0, instance:com.timp.test.MDR.CenariosCorrecao.CenariosCorrecaoVisualizar@4c1909a3]" started-at="2020-07-31T11:44:55Z" name="beforeClass" finished-at="2020-07-31T11:45:22Z" duration-ms="26976" status="PASS">
          <reporter-output>
          </reporter-output>
        </test-method> <!-- beforeClass -->
        <test-method signature="login()[pri:0, instance:com.timp.test.MDR.CenariosCorrecao.CenariosCorrecaoVisualizar@4c1909a3]" started-at="2020-07-31T11:45:22Z" name="login" finished-at="2020-07-31T11:45:37Z" duration-ms="15491" status="PASS">
          <reporter-output>
          </reporter-output>
        </test-method> <!-- login -->
        <test-method signature="acessarMDR()[pri:0, instance:com.timp.test.MDR.CenariosCorrecao.CenariosCorrecaoVisualizar@4c1909a3]" started-at="2020-07-31T11:45:37Z" name="acessarMDR" finished-at="2020-07-31T11:46:33Z" duration-ms="56051" status="PASS">
          <reporter-output>
          </reporter-output>
        </test-method> <!-- acessarMDR -->
        <test-method signature="cenariosCorrecaoVisualizar()[pri:0, instance:com.timp.test.MDR.CenariosCorrecao.CenariosCorrecaoVisualizar@4c1909a3]" started-at="2020-07-31T11:46:33Z" name="cenariosCorrecaoVisualizar" finished-at="2020-07-31T11:47:24Z" duration-ms="50195" status="PASS">
          <reporter-output>
          </reporter-output>
        </test-method> <!-- cenariosCorrecaoVisualizar -->
        <test-method is-config="true" signature="afterClass()[pri:0, instance:com.timp.test.MDR.CenariosCorrecao.CenariosCorrecaoVisualizar@4c1909a3]" started-at="2020-07-31T11:47:24Z" name="afterClass" finished-at="2020-07-31T11:47:24Z" duration-ms="0" status="PASS">
          <reporter-output>
          </reporter-output>
        </test-method> <!-- afterClass -->
      </class> <!-- com.timp.test.MDR.CenariosCorrecao.CenariosCorrecaoVisualizar -->
    </test> <!-- Default test -->
  </suite> <!-- Default suite -->
</testng-results>
