<?xml version="1.0" encoding="UTF-8"?>
<testng-results total="3" passed="3" failed="0" skipped="0">
  <reporter-output>
  </reporter-output>
  <suite started-at="2020-11-19T16:42:57Z" name="Default suite" finished-at="2020-11-19T16:46:05Z" duration-ms="188157">
    <groups>
    </groups>
    <test started-at="2020-11-19T16:42:57Z" name="Default test" finished-at="2020-11-19T16:46:05Z" duration-ms="188157">
      <class name="com.timp.test.MDR.SCANC.RelacionamentoEntreQuadros.RelacionamentoEntreQuadrosExcluirMassa">
        <test-method is-config="true" signature="beforeClass()[pri:0, instance:com.timp.test.MDR.SCANC.RelacionamentoEntreQuadros.RelacionamentoEntreQuadrosExcluirMassa@ed7f8b4]" started-at="2020-11-19T13:42:57Z" name="beforeClass" finished-at="2020-11-19T13:43:25Z" duration-ms="27916" status="PASS">
          <reporter-output>
          </reporter-output>
        </test-method> <!-- beforeClass -->
        <test-method signature="login()[pri:0, instance:com.timp.test.MDR.SCANC.RelacionamentoEntreQuadros.RelacionamentoEntreQuadrosExcluirMassa@ed7f8b4]" started-at="2020-11-19T13:43:25Z" name="login" finished-at="2020-11-19T13:43:31Z" duration-ms="6661" status="PASS">
          <reporter-output>
          </reporter-output>
        </test-method> <!-- login -->
        <test-method signature="acessarMDR()[pri:0, instance:com.timp.test.MDR.SCANC.RelacionamentoEntreQuadros.RelacionamentoEntreQuadrosExcluirMassa@ed7f8b4]" started-at="2020-11-19T13:43:31Z" name="acessarMDR" finished-at="2020-11-19T13:43:48Z" duration-ms="16550" status="PASS">
          <reporter-output>
          </reporter-output>
        </test-method> <!-- acessarMDR -->
        <test-method signature="criar()[pri:0, instance:com.timp.test.MDR.SCANC.RelacionamentoEntreQuadros.RelacionamentoEntreQuadrosExcluirMassa@ed7f8b4]" started-at="2020-11-19T13:43:48Z" name="criar" finished-at="2020-11-19T13:46:05Z" duration-ms="137006" status="PASS">
          <reporter-output>
          </reporter-output>
        </test-method> <!-- criar -->
        <test-method is-config="true" signature="afterClass()[pri:0, instance:com.timp.test.MDR.SCANC.RelacionamentoEntreQuadros.RelacionamentoEntreQuadrosExcluirMassa@ed7f8b4]" started-at="2020-11-19T13:46:05Z" name="afterClass" finished-at="2020-11-19T13:46:05Z" duration-ms="0" status="PASS">
          <reporter-output>
          </reporter-output>
        </test-method> <!-- afterClass -->
      </class> <!-- com.timp.test.MDR.SCANC.RelacionamentoEntreQuadros.RelacionamentoEntreQuadrosExcluirMassa -->
    </test> <!-- Default test -->
  </suite> <!-- Default suite -->
</testng-results>
