<?xml version="1.0" encoding="UTF-8"?>
<testng-results ignored="0" total="1" passed="1" failed="0" skipped="0">
  <reporter-output>
  </reporter-output>
  <suite started-at="2022-04-26T16:43:31Z" name="Default suite" finished-at="2022-04-26T16:44:55Z" duration-ms="83071">
    <groups>
    </groups>
    <test started-at="2022-04-26T16:43:31Z" name="Default test" finished-at="2022-04-26T16:44:55Z" duration-ms="83071">
      <class name="com.timp.test.ATR.Tributos.AgrupamentoDeTributos.AgrupamentoDeTributosExcluir">
        <test-method is-config="true" signature="beforeClass()[pri:0, instance:com.timp.test.ATR.Tributos.AgrupamentoDeTributos.AgrupamentoDeTributosExcluir@5b367418]" started-at="2022-04-26T16:43:31Z" name="beforeClass" finished-at="2022-04-26T16:43:45Z" duration-ms="13095" status="PASS">
          <reporter-output>
          </reporter-output>
        </test-method> <!-- beforeClass -->
        <test-method signature="excluir()[pri:0, instance:com.timp.test.ATR.Tributos.AgrupamentoDeTributos.AgrupamentoDeTributosExcluir@5b367418]" started-at="2022-04-26T16:43:45Z" name="excluir" finished-at="2022-04-26T16:44:50Z" duration-ms="65539" status="PASS">
          <reporter-output>
          </reporter-output>
        </test-method> <!-- excluir -->
        <test-method is-config="true" signature="afterClass()[pri:0, instance:com.timp.test.ATR.Tributos.AgrupamentoDeTributos.AgrupamentoDeTributosExcluir@5b367418]" started-at="2022-04-26T16:44:50Z" name="afterClass" finished-at="2022-04-26T16:44:55Z" duration-ms="4414" status="PASS">
          <reporter-output>
          </reporter-output>
        </test-method> <!-- afterClass -->
      </class> <!-- com.timp.test.ATR.Tributos.AgrupamentoDeTributos.AgrupamentoDeTributosExcluir -->
    </test> <!-- Default test -->
  </suite> <!-- Default suite -->
</testng-results>
