<?xml version="1.0" encoding="UTF-8"?>
<testng-results total="3" passed="3" failed="0" skipped="0">
  <reporter-output>
  </reporter-output>
  <suite started-at="2020-11-26T19:06:32Z" name="Default suite" finished-at="2020-11-26T19:11:12Z" duration-ms="279681">
    <groups>
    </groups>
    <test started-at="2020-11-26T19:06:32Z" name="Default test" finished-at="2020-11-26T19:11:12Z" duration-ms="279681">
      <class name="com.timp.test.BRE.RegrasdeNegócioExcluirdefinitivamente">
        <test-method is-config="true" signature="beforeClass()[pri:0, instance:com.timp.test.BRE.RegrasdeNegócioExcluirdefinitivamente@4c309d4d]" started-at="2020-11-26T16:06:32Z" name="beforeClass" finished-at="2020-11-26T16:06:44Z" duration-ms="11655" status="PASS">
          <reporter-output>
          </reporter-output>
        </test-method> <!-- beforeClass -->
        <test-method signature="login()[pri:0, instance:com.timp.test.BRE.RegrasdeNegócioExcluirdefinitivamente@4c309d4d]" started-at="2020-11-26T16:06:44Z" name="login" finished-at="2020-11-26T16:06:51Z" duration-ms="7102" status="PASS">
          <reporter-output>
          </reporter-output>
        </test-method> <!-- login -->
        <test-method signature="acessarBRE()[pri:0, instance:com.timp.test.BRE.RegrasdeNegócioExcluirdefinitivamente@4c309d4d]" started-at="2020-11-26T16:06:51Z" name="acessarBRE" finished-at="2020-11-26T16:07:06Z" duration-ms="15693" status="PASS">
          <reporter-output>
          </reporter-output>
        </test-method> <!-- acessarBRE -->
        <test-method signature="criar()[pri:0, instance:com.timp.test.BRE.RegrasdeNegócioExcluirdefinitivamente@4c309d4d]" started-at="2020-11-26T16:07:06Z" name="criar" finished-at="2020-11-26T16:11:12Z" duration-ms="245208" status="PASS">
          <reporter-output>
          </reporter-output>
        </test-method> <!-- criar -->
        <test-method is-config="true" signature="afterClass()[pri:0, instance:com.timp.test.BRE.RegrasdeNegócioExcluirdefinitivamente@4c309d4d]" started-at="2020-11-26T16:11:12Z" name="afterClass" finished-at="2020-11-26T16:11:12Z" duration-ms="0" status="PASS">
          <reporter-output>
          </reporter-output>
        </test-method> <!-- afterClass -->
      </class> <!-- com.timp.test.BRE.RegrasdeNegócioExcluirdefinitivamente -->
    </test> <!-- Default test -->
  </suite> <!-- Default suite -->
</testng-results>
