<?xml version="1.0" encoding="UTF-8"?>
<testng-results skipped="0" failed="0" total="3" passed="3">
  <reporter-output>
  </reporter-output>
  <suite name="Default suite" duration-ms="180577" started-at="2020-08-18T20:10:14Z" finished-at="2020-08-18T20:13:15Z">
    <groups>
    </groups>
    <test name="Default test" duration-ms="180577" started-at="2020-08-18T20:10:14Z" finished-at="2020-08-18T20:13:15Z">
      <class name="com.timp.test.MDR.ParametrosContabilizacao.ContasDefaultPorTributo.ContasDefaultPorTributoVisualizar">
        <test-method status="PASS" signature="beforeClass()[pri:0, instance:com.timp.test.MDR.ParametrosContabilizacao.ContasDefaultPorTributo.ContasDefaultPorTributoVisualizar@8e0379d]" name="beforeClass" is-config="true" duration-ms="18229" started-at="2020-08-18T17:10:14Z" finished-at="2020-08-18T17:10:32Z">
          <reporter-output>
          </reporter-output>
        </test-method> <!-- beforeClass -->
        <test-method status="PASS" signature="login()[pri:0, instance:com.timp.test.MDR.ParametrosContabilizacao.ContasDefaultPorTributo.ContasDefaultPorTributoVisualizar@8e0379d]" name="login" duration-ms="10176" started-at="2020-08-18T17:10:32Z" finished-at="2020-08-18T17:10:42Z">
          <reporter-output>
          </reporter-output>
        </test-method> <!-- login -->
        <test-method status="PASS" signature="acessarMDR()[pri:0, instance:com.timp.test.MDR.ParametrosContabilizacao.ContasDefaultPorTributo.ContasDefaultPorTributoVisualizar@8e0379d]" name="acessarMDR" duration-ms="43988" started-at="2020-08-18T17:10:42Z" finished-at="2020-08-18T17:11:26Z">
          <reporter-output>
          </reporter-output>
        </test-method> <!-- acessarMDR -->
        <test-method status="PASS" signature="Visualizar()[pri:0, instance:com.timp.test.MDR.ParametrosContabilizacao.ContasDefaultPorTributo.ContasDefaultPorTributoVisualizar@8e0379d]" name="Visualizar" duration-ms="108153" started-at="2020-08-18T17:11:26Z" finished-at="2020-08-18T17:13:15Z">
          <reporter-output>
          </reporter-output>
        </test-method> <!-- Visualizar -->
      </class> <!-- com.timp.test.MDR.ParametrosContabilizacao.ContasDefaultPorTributo.ContasDefaultPorTributoVisualizar -->
    </test> <!-- Default test -->
  </suite> <!-- Default suite -->
</testng-results>
