<?xml version="1.0" encoding="UTF-8"?>
<testng-results ignored="0" total="1" passed="1" failed="0" skipped="0">
  <reporter-output>
  </reporter-output>
  <suite started-at="2021-11-01T15:37:58Z" name="Default suite" finished-at="2021-11-01T15:41:40Z" duration-ms="221523">
    <groups>
    </groups>
    <test started-at="2021-11-01T15:37:58Z" name="Default test" finished-at="2021-11-01T15:41:40Z" duration-ms="221523">
      <class name="com.timp.test.ADM.Configuração.ConfiguraçãoTributo.ConfiguraçãoTributoTributoXEstrutura.ConfiguraçãoTributoTributoXEstruturaCriar">
        <test-method is-config="true" signature="beforeClass()[pri:0, instance:com.timp.test.ADM.Configuração.ConfiguraçãoTributo.ConfiguraçãoTributoTributoXEstrutura.ConfiguraçãoTributoTributoXEstruturaCriar@4b213651]" started-at="2021-11-01T15:37:58Z" name="beforeClass" finished-at="2021-11-01T15:39:09Z" duration-ms="70923" status="PASS">
          <reporter-output>
          </reporter-output>
        </test-method> <!-- beforeClass -->
        <test-method signature="criar()[pri:0, instance:com.timp.test.ADM.Configuração.ConfiguraçãoTributo.ConfiguraçãoTributoTributoXEstrutura.ConfiguraçãoTributoTributoXEstruturaCriar@4b213651]" started-at="2021-11-01T15:39:09Z" name="criar" finished-at="2021-11-01T15:41:40Z" duration-ms="150583" status="PASS">
          <reporter-output>
          </reporter-output>
        </test-method> <!-- criar -->
        <test-method is-config="true" signature="afterClass()[pri:0, instance:com.timp.test.ADM.Configuração.ConfiguraçãoTributo.ConfiguraçãoTributoTributoXEstrutura.ConfiguraçãoTributoTributoXEstruturaCriar@4b213651]" started-at="2021-11-01T15:41:40Z" name="afterClass" finished-at="2021-11-01T15:41:40Z" duration-ms="0" status="PASS">
          <reporter-output>
          </reporter-output>
        </test-method> <!-- afterClass -->
      </class> <!-- com.timp.test.ADM.Configuração.ConfiguraçãoTributo.ConfiguraçãoTributoTributoXEstrutura.ConfiguraçãoTributoTributoXEstruturaCriar -->
    </test> <!-- Default test -->
  </suite> <!-- Default suite -->
</testng-results>
