<?xml version="1.0" encoding="UTF-8"?>
<testng-results total="3" passed="3" failed="0" skipped="0">
  <reporter-output>
  </reporter-output>
  <suite started-at="2021-01-18T20:10:09Z" name="Default suite" finished-at="2021-01-18T20:12:39Z" duration-ms="150137">
    <groups>
    </groups>
    <test started-at="2021-01-18T20:10:09Z" name="Default test" finished-at="2021-01-18T20:12:39Z" duration-ms="150137">
      <class name="com.timp.test.TDK.Kpis.Edicao.KpisCartaoIndicador">
        <test-method is-config="true" signature="beforeClass()[pri:0, instance:com.timp.test.TDK.Kpis.Edicao.KpisCartaoIndicador@1530c739]" started-at="2021-01-18T17:10:09Z" name="beforeClass" finished-at="2021-01-18T17:10:22Z" duration-ms="12689" status="PASS">
          <reporter-output>
          </reporter-output>
        </test-method> <!-- beforeClass -->
        <test-method signature="login()[pri:0, instance:com.timp.test.TDK.Kpis.Edicao.KpisCartaoIndicador@1530c739]" started-at="2021-01-18T17:10:22Z" name="login" finished-at="2021-01-18T17:10:30Z" duration-ms="7895" status="PASS">
          <reporter-output>
          </reporter-output>
        </test-method> <!-- login -->
        <test-method signature="acessarTDK()[pri:0, instance:com.timp.test.TDK.Kpis.Edicao.KpisCartaoIndicador@1530c739]" started-at="2021-01-18T17:10:30Z" name="acessarTDK" finished-at="2021-01-18T17:10:53Z" duration-ms="23796" status="PASS">
          <reporter-output>
          </reporter-output>
        </test-method> <!-- acessarTDK -->
        <test-method signature="criar()[pri:0, instance:com.timp.test.TDK.Kpis.Edicao.KpisCartaoIndicador@1530c739]" started-at="2021-01-18T17:10:53Z" name="criar" finished-at="2021-01-18T17:12:39Z" duration-ms="105734" status="PASS">
          <reporter-output>
          </reporter-output>
        </test-method> <!-- criar -->
        <test-method is-config="true" signature="afterClass()[pri:0, instance:com.timp.test.TDK.Kpis.Edicao.KpisCartaoIndicador@1530c739]" started-at="2021-01-18T17:12:39Z" name="afterClass" finished-at="2021-01-18T17:12:39Z" duration-ms="0" status="PASS">
          <reporter-output>
          </reporter-output>
        </test-method> <!-- afterClass -->
      </class> <!-- com.timp.test.TDK.Kpis.Edicao.KpisCartaoIndicador -->
    </test> <!-- Default test -->
  </suite> <!-- Default suite -->
</testng-results>
