<?xml version="1.0" encoding="UTF-8"?>
<testng-results ignored="0" total="1" passed="1" failed="0" skipped="0">
  <reporter-output>
  </reporter-output>
  <suite started-at="2021-04-12T06:06:34Z" name="Default suite" finished-at="2021-04-12T06:10:41Z" duration-ms="246328">
    <groups>
    </groups>
    <test started-at="2021-04-12T06:06:34Z" name="Default test" finished-at="2021-04-12T06:10:41Z" duration-ms="246328">
      <class name="com.timp.test.TCC.GestaoDeCreditoTributarioPISCONFINS.ApuracaoDeCreditoTributarioCOFINS.ConfiguracaoEExecucao.RegistroM625.RegistroM625Editar">
        <test-method is-config="true" signature="beforeClass()[pri:0, instance:com.timp.test.TCC.GestaoDeCreditoTributarioPISCONFINS.ApuracaoDeCreditoTributarioCOFINS.ConfiguracaoEExecucao.RegistroM625.RegistroM625Editar@5afa3c9]" started-at="2021-04-12T06:06:34Z" name="beforeClass" finished-at="2021-04-12T06:06:56Z" duration-ms="21737" status="PASS">
          <reporter-output>
          </reporter-output>
        </test-method> <!-- beforeClass -->
        <test-method signature="Editar()[pri:0, instance:com.timp.test.TCC.GestaoDeCreditoTributarioPISCONFINS.ApuracaoDeCreditoTributarioCOFINS.ConfiguracaoEExecucao.RegistroM625.RegistroM625Editar@5afa3c9]" started-at="2021-04-12T06:06:56Z" name="Editar" finished-at="2021-04-12T06:10:41Z" duration-ms="224501" status="PASS">
          <reporter-output>
          </reporter-output>
        </test-method> <!-- Editar -->
        <test-method is-config="true" signature="afterClass()[pri:0, instance:com.timp.test.TCC.GestaoDeCreditoTributarioPISCONFINS.ApuracaoDeCreditoTributarioCOFINS.ConfiguracaoEExecucao.RegistroM625.RegistroM625Editar@5afa3c9]" started-at="2021-04-12T06:10:41Z" name="afterClass" finished-at="2021-04-12T06:10:41Z" duration-ms="73" status="PASS">
          <reporter-output>
          </reporter-output>
        </test-method> <!-- afterClass -->
      </class> <!-- com.timp.test.TCC.GestaoDeCreditoTributarioPISCONFINS.ApuracaoDeCreditoTributarioCOFINS.ConfiguracaoEExecucao.RegistroM625.RegistroM625Editar -->
    </test> <!-- Default test -->
  </suite> <!-- Default suite -->
</testng-results>
