<?xml version="1.0" encoding="UTF-8"?>
<testng-results total="3" passed="3" failed="0" skipped="0">
  <reporter-output>
  </reporter-output>
  <suite started-at="2021-01-08T00:49:33Z" name="Default suite" finished-at="2021-01-08T00:53:11Z" duration-ms="217947">
    <groups>
    </groups>
    <test started-at="2021-01-08T00:49:33Z" name="Default test" finished-at="2021-01-08T00:53:11Z" duration-ms="217947">
      <class name="com.timp.test.TAA.Ajustes.AjustesCriar">
        <test-method is-config="true" signature="beforeClass()[pri:0, instance:com.timp.test.TAA.Ajustes.AjustesCriar@2cf3d63b]" started-at="2021-01-07T18:49:34Z" name="beforeClass" finished-at="2021-01-07T18:50:36Z" duration-ms="62342" status="PASS">
          <reporter-output>
          </reporter-output>
        </test-method> <!-- beforeClass -->
        <test-method signature="ingresar()[pri:0, instance:com.timp.test.TAA.Ajustes.AjustesCriar@2cf3d63b]" started-at="2021-01-07T18:50:36Z" name="ingresar" finished-at="2021-01-07T18:50:58Z" duration-ms="22525" status="PASS">
          <reporter-output>
          </reporter-output>
        </test-method> <!-- ingresar -->
        <test-method signature="TAAEntrar()[pri:0, instance:com.timp.test.TAA.Ajustes.AjustesCriar@2cf3d63b]" started-at="2021-01-07T18:50:58Z" name="TAAEntrar" finished-at="2021-01-07T18:51:29Z" duration-ms="30621" status="PASS">
          <reporter-output>
          </reporter-output>
        </test-method> <!-- TAAEntrar -->
        <test-method signature="ajustesCriar()[pri:0, instance:com.timp.test.TAA.Ajustes.AjustesCriar@2cf3d63b]" started-at="2021-01-07T18:51:29Z" name="ajustesCriar" finished-at="2021-01-07T18:53:11Z" duration-ms="102425" status="PASS">
          <reporter-output>
          </reporter-output>
        </test-method> <!-- ajustesCriar -->
        <test-method is-config="true" signature="afterClass()[pri:0, instance:com.timp.test.TAA.Ajustes.AjustesCriar@2cf3d63b]" started-at="2021-01-07T18:53:11Z" name="afterClass" finished-at="2021-01-07T18:53:11Z" duration-ms="0" status="PASS">
          <reporter-output>
          </reporter-output>
        </test-method> <!-- afterClass -->
      </class> <!-- com.timp.test.TAA.Ajustes.AjustesCriar -->
    </test> <!-- Default test -->
  </suite> <!-- Default suite -->
</testng-results>
