<?xml version="1.0" encoding="UTF-8"?>
<testng-results total="1" passed="1" failed="0" skipped="0">
  <reporter-output>
  </reporter-output>
  <suite started-at="2021-02-17T18:16:16Z" name="Default suite" finished-at="2021-02-17T18:18:02Z" duration-ms="106455">
    <groups>
    </groups>
    <test started-at="2021-02-17T18:16:16Z" name="Default test" finished-at="2021-02-17T18:18:02Z" duration-ms="106455">
      <class name="com.timp.test.TFP.Configurações.Período.ConfiguraçõesPeríodoExcluir">
        <test-method is-config="true" signature="beforeClass()[pri:0, instance:com.timp.test.TFP.Configurações.Período.ConfiguraçõesPeríodoExcluir@20435c40]" started-at="2021-02-17T12:16:16Z" name="beforeClass" finished-at="2021-02-17T12:16:47Z" duration-ms="31798" status="PASS">
          <reporter-output>
          </reporter-output>
        </test-method> <!-- beforeClass -->
        <test-method signature="excluir()[pri:0, instance:com.timp.test.TFP.Configurações.Período.ConfiguraçõesPeríodoExcluir@20435c40]" started-at="2021-02-17T12:16:47Z" name="excluir" finished-at="2021-02-17T12:17:58Z" duration-ms="70322" status="PASS">
          <reporter-output>
          </reporter-output>
        </test-method> <!-- excluir -->
        <test-method is-config="true" signature="afterClass()[pri:0, instance:com.timp.test.TFP.Configurações.Período.ConfiguraçõesPeríodoExcluir@20435c40]" started-at="2021-02-17T12:17:58Z" name="afterClass" finished-at="2021-02-17T12:18:02Z" duration-ms="4324" status="PASS">
          <reporter-output>
          </reporter-output>
        </test-method> <!-- afterClass -->
      </class> <!-- com.timp.test.TFP.Configurações.Período.ConfiguraçõesPeríodoExcluir -->
    </test> <!-- Default test -->
  </suite> <!-- Default suite -->
</testng-results>
