<?xml version="1.0" encoding="UTF-8"?>
<testng-results skipped="0" failed="0" total="4" passed="4">
  <reporter-output>
  </reporter-output>
  <suite name="Default suite" duration-ms="163072" started-at="2020-10-20T16:22:02Z" finished-at="2020-10-20T16:24:45Z">
    <groups>
    </groups>
    <test name="Default test" duration-ms="163072" started-at="2020-10-20T16:22:02Z" finished-at="2020-10-20T16:24:45Z">
      <class name="com.timp.test.BRB.NovoRelatorio">
        <test-method status="PASS" signature="beforeClass()[pri:0, instance:com.timp.test.BRB.NovoRelatorio@f2f2cc1]" name="beforeClass" is-config="true" duration-ms="11351" started-at="2020-10-20T10:22:02Z" finished-at="2020-10-20T10:22:14Z">
          <reporter-output>
          </reporter-output>
        </test-method> <!-- beforeClass -->
        <test-method status="PASS" signature="login()[pri:0, instance:com.timp.test.BRB.NovoRelatorio@f2f2cc1]" name="login" duration-ms="7032" started-at="2020-10-20T10:22:14Z" finished-at="2020-10-20T10:22:21Z">
          <reporter-output>
          </reporter-output>
        </test-method> <!-- login -->
        <test-method status="PASS" signature="brbEntrar()[pri:0, instance:com.timp.test.BRB.NovoRelatorio@f2f2cc1]" name="brbEntrar" duration-ms="18327" started-at="2020-10-20T10:22:21Z" finished-at="2020-10-20T10:22:39Z">
          <reporter-output>
          </reporter-output>
        </test-method> <!-- brbEntrar -->
        <test-method status="PASS" signature="novoRelatorio()[pri:0, instance:com.timp.test.BRB.NovoRelatorio@f2f2cc1]" name="novoRelatorio" duration-ms="46361" started-at="2020-10-20T10:22:39Z" finished-at="2020-10-20T10:23:25Z">
          <reporter-output>
          </reporter-output>
        </test-method> <!-- novoRelatorio -->
        <test-method status="PASS" signature="colunas()[pri:0, instance:com.timp.test.BRB.NovoRelatorio@f2f2cc1]" name="colunas" duration-ms="75892" started-at="2020-10-20T10:23:25Z" finished-at="2020-10-20T10:24:41Z">
          <reporter-output>
          </reporter-output>
        </test-method> <!-- colunas -->
        <test-method status="PASS" signature="afterClass()[pri:0, instance:com.timp.test.BRB.NovoRelatorio@f2f2cc1]" name="afterClass" is-config="true" duration-ms="4093" started-at="2020-10-20T10:24:41Z" finished-at="2020-10-20T10:24:45Z">
          <reporter-output>
          </reporter-output>
        </test-method> <!-- afterClass -->
      </class> <!-- com.timp.test.BRB.NovoRelatorio -->
    </test> <!-- Default test -->
  </suite> <!-- Default suite -->
</testng-results>
