<?xml version="1.0" encoding="UTF-8"?>
<testng-results ignored="0" total="1" passed="1" failed="0" skipped="0">
  <reporter-output>
  </reporter-output>
  <suite started-at="2021-08-30T23:49:01Z" name="Default suite" finished-at="2021-08-30T23:51:54Z" duration-ms="173005">
    <groups>
    </groups>
    <test started-at="2021-08-30T23:49:01Z" name="Default test" finished-at="2021-08-30T23:51:54Z" duration-ms="173005">
      <class name="com.timp.test.MDR.TabelasApoioSped.InformaçoesAdicionais.InformaçoesAdicionaisEditar">
        <test-method is-config="true" signature="beforeClass()[pri:0, instance:com.timp.test.MDR.TabelasApoioSped.InformaçoesAdicionais.InformaçoesAdicionaisEditar@13b13b5d]" started-at="2021-08-30T23:49:01Z" name="beforeClass" finished-at="2021-08-30T23:49:26Z" duration-ms="24667" status="PASS">
          <reporter-output>
          </reporter-output>
        </test-method> <!-- beforeClass -->
        <test-method signature="editar()[pri:0, instance:com.timp.test.MDR.TabelasApoioSped.InformaçoesAdicionais.InformaçoesAdicionaisEditar@13b13b5d]" started-at="2021-08-30T23:49:26Z" name="editar" finished-at="2021-08-30T23:51:54Z" duration-ms="148307" status="PASS">
          <reporter-output>
          </reporter-output>
        </test-method> <!-- editar -->
        <test-method is-config="true" signature="afterClass()[pri:0, instance:com.timp.test.MDR.TabelasApoioSped.InformaçoesAdicionais.InformaçoesAdicionaisEditar@13b13b5d]" started-at="2021-08-30T23:51:54Z" name="afterClass" finished-at="2021-08-30T23:51:54Z" duration-ms="1" status="PASS">
          <reporter-output>
          </reporter-output>
        </test-method> <!-- afterClass -->
      </class> <!-- com.timp.test.MDR.TabelasApoioSped.InformaçoesAdicionais.InformaçoesAdicionaisEditar -->
    </test> <!-- Default test -->
  </suite> <!-- Default suite -->
</testng-results>
