<?xml version="1.0" encoding="UTF-8"?>
<testng-results total="11" passed="11" failed="0" skipped="0">
  <reporter-output>
  </reporter-output>
  <suite started-at="2021-01-28T04:44:22Z" name="Default suite" finished-at="2021-01-28T04:58:19Z" duration-ms="837074">
    <groups>
    </groups>
    <test started-at="2021-01-28T04:44:22Z" name="Default test" finished-at="2021-01-28T04:58:19Z" duration-ms="837074">
      <class name="com.timp.test.BCB.ExecucoesSalvasHierarquiaConfiguracaoTodasAsFuncionalidades">
        <test-method is-config="true" signature="beforeClass()[pri:0, instance:com.timp.test.BCB.ExecucoesSalvasHierarquiaConfiguracaoTodasAsFuncionalidades@282cb7c7]" started-at="2021-01-27T22:44:22Z" name="beforeClass" finished-at="2021-01-27T22:44:34Z" duration-ms="12476" status="PASS">
          <reporter-output>
          </reporter-output>
        </test-method> <!-- beforeClass -->
        <test-method signature="login()[pri:0, instance:com.timp.test.BCB.ExecucoesSalvasHierarquiaConfiguracaoTodasAsFuncionalidades@282cb7c7]" started-at="2021-01-27T22:44:34Z" name="login" finished-at="2021-01-27T22:44:42Z" duration-ms="7179" status="PASS">
          <reporter-output>
          </reporter-output>
        </test-method> <!-- login -->
        <test-method signature="brbEntrar()[pri:0, instance:com.timp.test.BCB.ExecucoesSalvasHierarquiaConfiguracaoTodasAsFuncionalidades@282cb7c7]" started-at="2021-01-27T22:44:42Z" name="brbEntrar" finished-at="2021-01-27T22:44:57Z" duration-ms="15231" status="PASS">
          <reporter-output>
          </reporter-output>
        </test-method> <!-- brbEntrar -->
        <test-method signature="criarConfiguracaoExecucoes()[pri:0, instance:com.timp.test.BCB.ExecucoesSalvasHierarquiaConfiguracaoTodasAsFuncionalidades@282cb7c7]" started-at="2021-01-27T22:44:57Z" name="criarConfiguracaoExecucoes" finished-at="2021-01-27T22:46:10Z" duration-ms="72870" status="PASS">
          <reporter-output>
          </reporter-output>
        </test-method> <!-- criarConfiguracaoExecucoes -->
        <test-method signature="criarConfiguracao()[pri:0, instance:com.timp.test.BCB.ExecucoesSalvasHierarquiaConfiguracaoTodasAsFuncionalidades@282cb7c7]" started-at="2021-01-27T22:46:10Z" name="criarConfiguracao" finished-at="2021-01-27T22:48:38Z" duration-ms="148183" status="PASS">
          <reporter-output>
          </reporter-output>
        </test-method> <!-- criarConfiguracao -->
        <test-method signature="configurarConfiguracao()[pri:0, instance:com.timp.test.BCB.ExecucoesSalvasHierarquiaConfiguracaoTodasAsFuncionalidades@282cb7c7]" started-at="2021-01-27T22:48:38Z" name="configurarConfiguracao" finished-at="2021-01-27T22:50:56Z" duration-ms="138622" status="PASS">
          <reporter-output>
          </reporter-output>
        </test-method> <!-- configurarConfiguracao -->
        <test-method signature="executar()[pri:0, instance:com.timp.test.BCB.ExecucoesSalvasHierarquiaConfiguracaoTodasAsFuncionalidades@282cb7c7]" started-at="2021-01-27T22:50:56Z" name="executar" finished-at="2021-01-27T22:52:27Z" duration-ms="90578" status="PASS">
          <reporter-output>
          </reporter-output>
        </test-method> <!-- executar -->
        <test-method signature="resto()[pri:0, instance:com.timp.test.BCB.ExecucoesSalvasHierarquiaConfiguracaoTodasAsFuncionalidades@282cb7c7]" started-at="2021-01-27T22:52:27Z" name="resto" finished-at="2021-01-27T22:53:52Z" duration-ms="84698" status="PASS">
          <reporter-output>
          </reporter-output>
        </test-method> <!-- resto -->
        <test-method signature="editar()[pri:0, instance:com.timp.test.BCB.ExecucoesSalvasHierarquiaConfiguracaoTodasAsFuncionalidades@282cb7c7]" started-at="2021-01-27T22:53:52Z" name="editar" finished-at="2021-01-27T22:55:02Z" duration-ms="70440" status="PASS">
          <reporter-output>
          </reporter-output>
        </test-method> <!-- editar -->
        <test-method signature="excluirExecucoes()[pri:0, instance:com.timp.test.BCB.ExecucoesSalvasHierarquiaConfiguracaoTodasAsFuncionalidades@282cb7c7]" started-at="2021-01-27T22:55:02Z" name="excluirExecucoes" finished-at="2021-01-27T22:56:02Z" duration-ms="59756" status="PASS">
          <reporter-output>
          </reporter-output>
        </test-method> <!-- excluirExecucoes -->
        <test-method signature="excluirConfiguracoes()[pri:0, instance:com.timp.test.BCB.ExecucoesSalvasHierarquiaConfiguracaoTodasAsFuncionalidades@282cb7c7]" started-at="2021-01-27T22:56:02Z" name="excluirConfiguracoes" finished-at="2021-01-27T22:57:22Z" duration-ms="79942" status="PASS">
          <reporter-output>
          </reporter-output>
        </test-method> <!-- excluirConfiguracoes -->
        <test-method signature="excluirHierarquia()[pri:0, instance:com.timp.test.BCB.ExecucoesSalvasHierarquiaConfiguracaoTodasAsFuncionalidades@282cb7c7]" started-at="2021-01-27T22:57:22Z" name="excluirHierarquia" finished-at="2021-01-27T22:58:19Z" duration-ms="57063" status="PASS">
          <reporter-output>
          </reporter-output>
        </test-method> <!-- excluirHierarquia -->
        <test-method is-config="true" signature="afterClass()[pri:0, instance:com.timp.test.BCB.ExecucoesSalvasHierarquiaConfiguracaoTodasAsFuncionalidades@282cb7c7]" started-at="2021-01-27T22:58:19Z" name="afterClass" finished-at="2021-01-27T22:58:19Z" duration-ms="1" status="PASS">
          <reporter-output>
          </reporter-output>
        </test-method> <!-- afterClass -->
      </class> <!-- com.timp.test.BCB.ExecucoesSalvasHierarquiaConfiguracaoTodasAsFuncionalidades -->
    </test> <!-- Default test -->
  </suite> <!-- Default suite -->
</testng-results>
