<?xml version="1.0" encoding="UTF-8"?>
<testng-results ignored="0" total="6" passed="6" failed="0" skipped="0">
  <reporter-output>
  </reporter-output>
  <suite started-at="2021-02-22T16:57:14Z" name="Default suite" finished-at="2021-02-22T17:05:14Z" duration-ms="480052">
    <groups>
    </groups>
    <test started-at="2021-02-22T16:57:14Z" name="Default test" finished-at="2021-02-22T17:05:14Z" duration-ms="480052">
      <class name="com.timp.test.TDK.Execucoes.ExecucoesPublicas.ExecuçõesExecuçõesPúblicasLixeiraemMassa">
        <test-method is-config="true" signature="beforeClass()[pri:0, instance:com.timp.test.TDK.Execucoes.ExecucoesPublicas.ExecuçõesExecuçõesPúblicasLixeiraemMassa@1356d4d4]" started-at="2021-02-22T16:57:14Z" name="beforeClass" finished-at="2021-02-22T16:57:29Z" duration-ms="15659" status="PASS">
          <reporter-output>
          </reporter-output>
        </test-method> <!-- beforeClass -->
        <test-method signature="login()[pri:0, instance:com.timp.test.TDK.Execucoes.ExecucoesPublicas.ExecuçõesExecuçõesPúblicasLixeiraemMassa@1356d4d4]" started-at="2021-02-22T16:57:29Z" name="login" finished-at="2021-02-22T16:57:38Z" duration-ms="8572" status="PASS">
          <reporter-output>
          </reporter-output>
        </test-method> <!-- login -->
        <test-method signature="acessarTDK()[pri:1, instance:com.timp.test.TDK.Execucoes.ExecucoesPublicas.ExecuçõesExecuçõesPúblicasLixeiraemMassa@1356d4d4]" started-at="2021-02-22T16:57:38Z" name="acessarTDK" finished-at="2021-02-22T16:58:34Z" duration-ms="56640" status="PASS">
          <reporter-output>
          </reporter-output>
        </test-method> <!-- acessarTDK -->
        <test-method signature="criar()[pri:2, instance:com.timp.test.TDK.Execucoes.ExecucoesPublicas.ExecuçõesExecuçõesPúblicasLixeiraemMassa@1356d4d4]" started-at="2021-02-22T16:58:34Z" name="criar" finished-at="2021-02-22T17:02:38Z" duration-ms="243756" status="PASS">
          <reporter-output>
          </reporter-output>
        </test-method> <!-- criar -->
        <test-method signature="lixeira()[pri:3, instance:com.timp.test.TDK.Execucoes.ExecucoesPublicas.ExecuçõesExecuçõesPúblicasLixeiraemMassa@1356d4d4]" started-at="2021-02-22T17:02:38Z" name="lixeira" finished-at="2021-02-22T17:04:00Z" duration-ms="81948" status="PASS">
          <reporter-output>
          </reporter-output>
        </test-method> <!-- lixeira -->
        <test-method signature="lixeiraDefinitiva()[pri:4, instance:com.timp.test.TDK.Execucoes.ExecucoesPublicas.ExecuçõesExecuçõesPúblicasLixeiraemMassa@1356d4d4]" started-at="2021-02-22T17:04:00Z" name="lixeiraDefinitiva" finished-at="2021-02-22T17:04:32Z" duration-ms="31697" status="PASS">
          <reporter-output>
          </reporter-output>
        </test-method> <!-- lixeiraDefinitiva -->
        <test-method signature="lixeiraExecucao()[pri:5, instance:com.timp.test.TDK.Execucoes.ExecucoesPublicas.ExecuçõesExecuçõesPúblicasLixeiraemMassa@1356d4d4]" started-at="2021-02-22T17:04:32Z" name="lixeiraExecucao" finished-at="2021-02-22T17:05:14Z" duration-ms="41740" status="PASS">
          <reporter-output>
          </reporter-output>
        </test-method> <!-- lixeiraExecucao -->
        <test-method is-config="true" signature="afterClass()[pri:0, instance:com.timp.test.TDK.Execucoes.ExecucoesPublicas.ExecuçõesExecuçõesPúblicasLixeiraemMassa@1356d4d4]" started-at="2021-02-22T17:05:14Z" name="afterClass" finished-at="2021-02-22T17:05:14Z" duration-ms="0" status="PASS">
          <reporter-output>
          </reporter-output>
        </test-method> <!-- afterClass -->
      </class> <!-- com.timp.test.TDK.Execucoes.ExecucoesPublicas.ExecuçõesExecuçõesPúblicasLixeiraemMassa -->
    </test> <!-- Default test -->
  </suite> <!-- Default suite -->
</testng-results>
