<?xml version="1.0" encoding="UTF-8"?>
<testng-results skipped="0" failed="0" total="3" passed="3">
  <reporter-output>
  </reporter-output>
  <suite name="Default suite" duration-ms="96345" started-at="2020-12-22T04:02:01Z" finished-at="2020-12-22T04:03:38Z">
    <groups>
    </groups>
    <test name="Default test" duration-ms="96345" started-at="2020-12-22T04:02:01Z" finished-at="2020-12-22T04:03:38Z">
      <class name="com.timp.test.MDR.ControleDeCreditoTributario.UtilizacaoDosCreditosNaApuracao.UtilizacaoDosCreditosNaApuracaoExcluir">
        <test-method status="PASS" signature="beforeClass()[pri:0, instance:com.timp.test.MDR.ControleDeCreditoTributario.UtilizacaoDosCreditosNaApuracao.UtilizacaoDosCreditosNaApuracaoExcluir@3a079870]" name="beforeClass" is-config="true" duration-ms="10600" started-at="2020-12-21T22:02:01Z" finished-at="2020-12-21T22:02:12Z">
          <reporter-output>
          </reporter-output>
        </test-method> <!-- beforeClass -->
        <test-method status="PASS" signature="login()[pri:0, instance:com.timp.test.MDR.ControleDeCreditoTributario.UtilizacaoDosCreditosNaApuracao.UtilizacaoDosCreditosNaApuracaoExcluir@3a079870]" name="login" duration-ms="8345" started-at="2020-12-21T22:02:12Z" finished-at="2020-12-21T22:02:20Z">
          <reporter-output>
          </reporter-output>
        </test-method> <!-- login -->
        <test-method status="PASS" signature="acessarMDR()[pri:0, instance:com.timp.test.MDR.ControleDeCreditoTributario.UtilizacaoDosCreditosNaApuracao.UtilizacaoDosCreditosNaApuracaoExcluir@3a079870]" name="acessarMDR" duration-ms="35418" started-at="2020-12-21T22:02:20Z" finished-at="2020-12-21T22:02:56Z">
          <reporter-output>
          </reporter-output>
        </test-method> <!-- acessarMDR -->
        <test-method status="PASS" signature="excluir()[pri:0, instance:com.timp.test.MDR.ControleDeCreditoTributario.UtilizacaoDosCreditosNaApuracao.UtilizacaoDosCreditosNaApuracaoExcluir@3a079870]" name="excluir" duration-ms="41890" started-at="2020-12-21T22:02:56Z" finished-at="2020-12-21T22:03:38Z">
          <reporter-output>
          </reporter-output>
        </test-method> <!-- excluir -->
        <test-method status="PASS" signature="afterClass()[pri:0, instance:com.timp.test.MDR.ControleDeCreditoTributario.UtilizacaoDosCreditosNaApuracao.UtilizacaoDosCreditosNaApuracaoExcluir@3a079870]" name="afterClass" is-config="true" duration-ms="72" started-at="2020-12-21T22:03:38Z" finished-at="2020-12-21T22:03:38Z">
          <reporter-output>
          </reporter-output>
        </test-method> <!-- afterClass -->
      </class> <!-- com.timp.test.MDR.ControleDeCreditoTributario.UtilizacaoDosCreditosNaApuracao.UtilizacaoDosCreditosNaApuracaoExcluir -->
    </test> <!-- Default test -->
  </suite> <!-- Default suite -->
</testng-results>
