<?xml version="1.0" encoding="UTF-8"?>
<testng-results total="3" passed="3" failed="0" skipped="0">
  <reporter-output>
  </reporter-output>
  <suite started-at="2020-07-24T14:11:41Z" name="Default suite" finished-at="2020-07-24T14:12:39Z" duration-ms="58106">
    <groups>
    </groups>
    <test started-at="2020-07-24T14:11:41Z" name="Default test" finished-at="2020-07-24T14:12:39Z" duration-ms="58106">
      <class name="com.timp.test.MDR.Tributos.TributosCriar">
        <test-method is-config="true" signature="beforeClass()[pri:0, instance:com.timp.test.MDR.Tributos.TributosCriar@55634720]" started-at="2020-07-24T08:11:41Z" name="beforeClass" finished-at="2020-07-24T08:11:55Z" duration-ms="14714" status="PASS">
          <reporter-output>
          </reporter-output>
        </test-method> <!-- beforeClass -->
        <test-method signature="login()[pri:0, instance:com.timp.test.MDR.Tributos.TributosCriar@55634720]" started-at="2020-07-24T08:11:55Z" name="login" finished-at="2020-07-24T08:12:04Z" duration-ms="9031" status="PASS">
          <reporter-output>
          </reporter-output>
        </test-method> <!-- login -->
        <test-method signature="acessarMDR()[pri:0, instance:com.timp.test.MDR.Tributos.TributosCriar@55634720]" started-at="2020-07-24T08:12:04Z" name="acessarMDR" finished-at="2020-07-24T08:12:17Z" duration-ms="12611" status="PASS">
          <reporter-output>
          </reporter-output>
        </test-method> <!-- acessarMDR -->
        <test-method signature="tributoCriar()[pri:0, instance:com.timp.test.MDR.Tributos.TributosCriar@55634720]" started-at="2020-07-24T08:12:17Z" name="tributoCriar" finished-at="2020-07-24T08:12:39Z" duration-ms="21669" status="PASS">
          <reporter-output>
          </reporter-output>
        </test-method> <!-- tributoCriar -->
        <test-method is-config="true" signature="afterClass()[pri:0, instance:com.timp.test.MDR.Tributos.TributosCriar@55634720]" started-at="2020-07-24T08:12:39Z" name="afterClass" finished-at="2020-07-24T08:12:39Z" duration-ms="4" status="PASS">
          <reporter-output>
          </reporter-output>
        </test-method> <!-- afterClass -->
      </class> <!-- com.timp.test.MDR.Tributos.TributosCriar -->
    </test> <!-- Default test -->
  </suite> <!-- Default suite -->
</testng-results>
