<?xml version="1.0" encoding="UTF-8"?>
<testng-results total="3" passed="3" failed="0" skipped="0">
  <reporter-output>
  </reporter-output>
  <suite started-at="2020-12-08T23:03:39Z" name="Default suite" finished-at="2020-12-08T23:06:37Z" duration-ms="177904">
    <groups>
    </groups>
    <test started-at="2020-12-08T23:03:39Z" name="Default test" finished-at="2020-12-08T23:06:37Z" duration-ms="177904">
      <class name="com.timp.test.TFP.Configurações.Subperíodo.SubperíodoCriar">
        <test-method is-config="true" signature="beforeClass()[pri:0, instance:com.timp.test.TFP.Configurações.Subperíodo.SubperíodoCriar@7526515b]" started-at="2020-12-08T17:03:39Z" name="beforeClass" finished-at="2020-12-08T17:04:10Z" duration-ms="31237" status="PASS">
          <reporter-output>
          </reporter-output>
        </test-method> <!-- beforeClass -->
        <test-method signature="login()[pri:0, instance:com.timp.test.TFP.Configurações.Subperíodo.SubperíodoCriar@7526515b]" started-at="2020-12-08T17:04:10Z" name="login" finished-at="2020-12-08T17:04:18Z" duration-ms="8160" status="PASS">
          <reporter-output>
          </reporter-output>
        </test-method> <!-- login -->
        <test-method signature="TFPEntrar()[pri:0, instance:com.timp.test.TFP.Configurações.Subperíodo.SubperíodoCriar@7526515b]" started-at="2020-12-08T17:04:18Z" name="TFPEntrar" finished-at="2020-12-08T17:04:43Z" duration-ms="24526" status="PASS">
          <reporter-output>
          </reporter-output>
        </test-method> <!-- TFPEntrar -->
        <test-method signature="criar()[pri:0, instance:com.timp.test.TFP.Configurações.Subperíodo.SubperíodoCriar@7526515b]" started-at="2020-12-08T17:04:43Z" name="criar" finished-at="2020-12-08T17:06:37Z" duration-ms="113960" status="PASS">
          <reporter-output>
          </reporter-output>
        </test-method> <!-- criar -->
        <test-method is-config="true" signature="afterClass()[pri:0, instance:com.timp.test.TFP.Configurações.Subperíodo.SubperíodoCriar@7526515b]" started-at="2020-12-08T17:06:37Z" name="afterClass" finished-at="2020-12-08T17:06:37Z" duration-ms="0" status="PASS">
          <reporter-output>
          </reporter-output>
        </test-method> <!-- afterClass -->
      </class> <!-- com.timp.test.TFP.Configurações.Subperíodo.SubperíodoCriar -->
    </test> <!-- Default test -->
  </suite> <!-- Default suite -->
</testng-results>
