<?xml version="1.0" encoding="UTF-8"?>
<testng-results ignored="0" total="1" passed="1" failed="0" skipped="0">
  <reporter-output>
  </reporter-output>
  <suite started-at="2021-04-21T02:26:19Z" name="Default suite" finished-at="2021-04-21T02:34:50Z" duration-ms="511022">
    <groups>
    </groups>
    <test started-at="2021-04-21T02:26:19Z" name="Default test" finished-at="2021-04-21T02:34:50Z" duration-ms="511022">
      <class name="com.timp.test.TCC.BancoDeOcorrencias.ConfiguracaoEExecucao.ConfiguracaoEExecucaoExcluir">
        <test-method is-config="true" signature="beforeClass()[pri:0, instance:com.timp.test.TCC.BancoDeOcorrencias.ConfiguracaoEExecucao.ConfiguracaoEExecucaoExcluir@13b13b5d]" started-at="2021-04-21T02:26:19Z" name="beforeClass" finished-at="2021-04-21T02:26:33Z" duration-ms="14594" status="PASS">
          <reporter-output>
          </reporter-output>
        </test-method> <!-- beforeClass -->
        <test-method signature="excluirExecutar()[pri:0, instance:com.timp.test.TCC.BancoDeOcorrencias.ConfiguracaoEExecucao.ConfiguracaoEExecucaoExcluir@13b13b5d]" started-at="2021-04-21T02:26:33Z" name="excluirExecutar" finished-at="2021-04-21T02:34:45Z" duration-ms="492086" status="PASS">
          <reporter-output>
          </reporter-output>
        </test-method> <!-- excluirExecutar -->
        <test-method is-config="true" signature="afterClass()[pri:0, instance:com.timp.test.TCC.BancoDeOcorrencias.ConfiguracaoEExecucao.ConfiguracaoEExecucaoExcluir@13b13b5d]" started-at="2021-04-21T02:34:45Z" name="afterClass" finished-at="2021-04-21T02:34:50Z" duration-ms="4313" status="PASS">
          <reporter-output>
          </reporter-output>
        </test-method> <!-- afterClass -->
      </class> <!-- com.timp.test.TCC.BancoDeOcorrencias.ConfiguracaoEExecucao.ConfiguracaoEExecucaoExcluir -->
    </test> <!-- Default test -->
  </suite> <!-- Default suite -->
</testng-results>
