<?xml version="1.0" encoding="UTF-8"?>
<testng-results total="3" passed="3" failed="0" skipped="0">
  <reporter-output>
  </reporter-output>
  <suite started-at="2021-02-01T20:53:47Z" name="Default suite" finished-at="2021-02-01T20:55:48Z" duration-ms="120669">
    <groups>
    </groups>
    <test started-at="2021-02-01T20:53:47Z" name="Default test" finished-at="2021-02-01T20:55:48Z" duration-ms="120669">
      <class name="com.timp.test.TDK.Dashboard.Edicao.DashboardCartaoIndicadorExcluir">
        <test-method is-config="true" signature="beforeClass()[pri:0, instance:com.timp.test.TDK.Dashboard.Edicao.DashboardCartaoIndicadorExcluir@6e9175d8]" started-at="2021-02-01T17:53:47Z" name="beforeClass" finished-at="2021-02-01T17:54:01Z" duration-ms="13639" status="PASS">
          <reporter-output>
          </reporter-output>
        </test-method> <!-- beforeClass -->
        <test-method signature="login()[pri:0, instance:com.timp.test.TDK.Dashboard.Edicao.DashboardCartaoIndicadorExcluir@6e9175d8]" started-at="2021-02-01T17:54:01Z" name="login" finished-at="2021-02-01T17:54:12Z" duration-ms="10734" status="PASS">
          <reporter-output>
          </reporter-output>
        </test-method> <!-- login -->
        <test-method signature="acessarTDK()[pri:0, instance:com.timp.test.TDK.Dashboard.Edicao.DashboardCartaoIndicadorExcluir@6e9175d8]" started-at="2021-02-01T17:54:12Z" name="acessarTDK" finished-at="2021-02-01T17:54:35Z" duration-ms="23829" status="PASS">
          <reporter-output>
          </reporter-output>
        </test-method> <!-- acessarTDK -->
        <test-method signature="cartaoindicadroexcluir()[pri:0, instance:com.timp.test.TDK.Dashboard.Edicao.DashboardCartaoIndicadorExcluir@6e9175d8]" started-at="2021-02-01T17:54:35Z" name="cartaoindicadroexcluir" finished-at="2021-02-01T17:55:48Z" duration-ms="72440" status="PASS">
          <reporter-output>
          </reporter-output>
        </test-method> <!-- cartaoindicadroexcluir -->
        <test-method is-config="true" signature="afterClass()[pri:0, instance:com.timp.test.TDK.Dashboard.Edicao.DashboardCartaoIndicadorExcluir@6e9175d8]" started-at="2021-02-01T17:55:48Z" name="afterClass" finished-at="2021-02-01T17:55:48Z" duration-ms="0" status="PASS">
          <reporter-output>
          </reporter-output>
        </test-method> <!-- afterClass -->
      </class> <!-- com.timp.test.TDK.Dashboard.Edicao.DashboardCartaoIndicadorExcluir -->
    </test> <!-- Default test -->
  </suite> <!-- Default suite -->
</testng-results>
