<?xml version="1.0" encoding="UTF-8"?>
<testng-results total="3" passed="3" failed="0" skipped="0">
  <reporter-output>
  </reporter-output>
  <suite started-at="2020-12-08T20:38:12Z" name="Default suite" finished-at="2020-12-08T20:39:59Z" duration-ms="107601">
    <groups>
    </groups>
    <test started-at="2020-12-08T20:38:12Z" name="Default test" finished-at="2020-12-08T20:39:59Z" duration-ms="107601">
      <class name="com.timp.test.MDR.Centralizacao.EstornoCredito.EstornoCreditoVisualizar">
        <test-method is-config="true" signature="beforeClass()[pri:0, instance:com.timp.test.MDR.Centralizacao.EstornoCredito.EstornoCreditoVisualizar@6d4d66d2]" started-at="2020-12-08T17:38:12Z" name="beforeClass" finished-at="2020-12-08T17:38:27Z" duration-ms="15430" status="PASS">
          <reporter-output>
          </reporter-output>
        </test-method> <!-- beforeClass -->
        <test-method signature="login()[pri:0, instance:com.timp.test.MDR.Centralizacao.EstornoCredito.EstornoCreditoVisualizar@6d4d66d2]" started-at="2020-12-08T17:38:27Z" name="login" finished-at="2020-12-08T17:38:37Z" duration-ms="9906" status="PASS">
          <reporter-output>
          </reporter-output>
        </test-method> <!-- login -->
        <test-method signature="acessarMDR()[pri:0, instance:com.timp.test.MDR.Centralizacao.EstornoCredito.EstornoCreditoVisualizar@6d4d66d2]" started-at="2020-12-08T17:38:37Z" name="acessarMDR" finished-at="2020-12-08T17:38:49Z" duration-ms="12226" status="PASS">
          <reporter-output>
          </reporter-output>
        </test-method> <!-- acessarMDR -->
        <test-method signature="Visualizar()[pri:0, instance:com.timp.test.MDR.Centralizacao.EstornoCredito.EstornoCreditoVisualizar@6d4d66d2]" started-at="2020-12-08T17:38:49Z" name="Visualizar" finished-at="2020-12-08T17:39:59Z" duration-ms="69977" status="PASS">
          <reporter-output>
          </reporter-output>
        </test-method> <!-- Visualizar -->
        <test-method is-config="true" signature="afterClass()[pri:0, instance:com.timp.test.MDR.Centralizacao.EstornoCredito.EstornoCreditoVisualizar@6d4d66d2]" started-at="2020-12-08T17:39:59Z" name="afterClass" finished-at="2020-12-08T17:39:59Z" duration-ms="49" status="PASS">
          <reporter-output>
          </reporter-output>
        </test-method> <!-- afterClass -->
      </class> <!-- com.timp.test.MDR.Centralizacao.EstornoCredito.EstornoCreditoVisualizar -->
    </test> <!-- Default test -->
  </suite> <!-- Default suite -->
</testng-results>
