<?xml version="1.0" encoding="UTF-8"?>
<testng-results ignored="0" total="1" passed="1" failed="0" skipped="0">
  <reporter-output>
  </reporter-output>
  <suite started-at="2021-03-22T07:10:31Z" name="Default suite" finished-at="2021-03-22T07:12:37Z" duration-ms="126050">
    <groups>
    </groups>
    <test started-at="2021-03-22T07:10:31Z" name="Default test" finished-at="2021-03-22T07:12:37Z" duration-ms="126050">
      <class name="com.timp.test.ATR.Tributos.AgrupamentoDeTributos.AgrupamentoDeTributosCriarComCopia">
        <test-method is-config="true" signature="beforeClass()[pri:0, instance:com.timp.test.ATR.Tributos.AgrupamentoDeTributos.AgrupamentoDeTributosCriarComCopia@5afa3c9]" started-at="2021-03-22T07:10:31Z" name="beforeClass" finished-at="2021-03-22T07:10:43Z" duration-ms="12145" status="PASS">
          <reporter-output>
          </reporter-output>
        </test-method> <!-- beforeClass -->
        <test-method signature="criarcopia()[pri:0, instance:com.timp.test.ATR.Tributos.AgrupamentoDeTributos.AgrupamentoDeTributosCriarComCopia@5afa3c9]" started-at="2021-03-22T07:10:43Z" name="criarcopia" finished-at="2021-03-22T07:12:33Z" duration-ms="109800" status="PASS">
          <reporter-output>
          </reporter-output>
        </test-method> <!-- criarcopia -->
        <test-method is-config="true" signature="afterClass()[pri:0, instance:com.timp.test.ATR.Tributos.AgrupamentoDeTributos.AgrupamentoDeTributosCriarComCopia@5afa3c9]" started-at="2021-03-22T07:12:33Z" name="afterClass" finished-at="2021-03-22T07:12:37Z" duration-ms="4088" status="PASS">
          <reporter-output>
          </reporter-output>
        </test-method> <!-- afterClass -->
      </class> <!-- com.timp.test.ATR.Tributos.AgrupamentoDeTributos.AgrupamentoDeTributosCriarComCopia -->
    </test> <!-- Default test -->
  </suite> <!-- Default suite -->
</testng-results>
