<?xml version="1.0" encoding="UTF-8"?>
<testng-results ignored="0" total="35" passed="31" failed="3" skipped="1">
  <reporter-output>
  </reporter-output>
  <suite started-at="2024-06-05T19:53:29 UTC" name="Suite" finished-at="2024-06-05T21:04:04 UTC" duration-ms="4235137">
    <groups>
    </groups>
    <test started-at="2024-06-05T19:53:29 UTC" name="Novo Relatorio" finished-at="2024-06-05T19:58:44 UTC" duration-ms="315737">
      <class name="com.timp.test.BRB.NovoRelatorio">
        <test-method is-config="true" signature="beforeClass()[pri:0, instance:com.timp.test.BRB.NovoRelatorio@37d4349f]" started-at="2024-06-05T19:53:29 UTC" name="beforeClass" finished-at="2024-06-05T19:53:32 UTC" duration-ms="3159" status="PASS">
          <reporter-output>
          </reporter-output>
        </test-method> <!-- beforeClass -->
        <test-method signature="novoRelatorio()[pri:0, instance:com.timp.test.BRB.NovoRelatorio@37d4349f]" started-at="2024-06-05T19:53:32 UTC" name="novoRelatorio" finished-at="2024-06-05T19:58:44 UTC" duration-ms="312530" status="PASS">
          <reporter-output>
          </reporter-output>
        </test-method> <!-- novoRelatorio -->
        <test-method is-config="true" signature="afterClass()[pri:0, instance:com.timp.test.BRB.NovoRelatorio@37d4349f]" started-at="2024-06-05T19:58:44 UTC" name="afterClass" finished-at="2024-06-05T19:58:44 UTC" duration-ms="1" status="PASS">
          <reporter-output>
          </reporter-output>
        </test-method> <!-- afterClass -->
      </class> <!-- com.timp.test.BRB.NovoRelatorio -->
    </test> <!-- Novo Relatorio -->
    <test started-at="2024-06-05T19:58:44 UTC" name="Adicionar Columnas" finished-at="2024-06-05T20:01:28 UTC" duration-ms="163331">
      <class name="com.timp.test.BRB.AdicionarColunas">
        <test-method is-config="true" signature="beforeClass()[pri:0, instance:com.timp.test.BRB.AdicionarColunas@72e5a8e]" started-at="2024-06-05T19:58:44 UTC" name="beforeClass" finished-at="2024-06-05T19:58:47 UTC" duration-ms="2071" status="PASS">
          <reporter-output>
          </reporter-output>
        </test-method> <!-- beforeClass -->
        <test-method signature="adicionarColunas()[pri:0, instance:com.timp.test.BRB.AdicionarColunas@72e5a8e]" started-at="2024-06-05T19:58:47 UTC" name="adicionarColunas" finished-at="2024-06-05T20:01:28 UTC" duration-ms="161254" status="PASS">
          <reporter-output>
          </reporter-output>
        </test-method> <!-- adicionarColunas -->
        <test-method is-config="true" signature="afterClass()[pri:0, instance:com.timp.test.BRB.AdicionarColunas@72e5a8e]" started-at="2024-06-05T20:01:28 UTC" name="afterClass" finished-at="2024-06-05T20:01:28 UTC" duration-ms="0" status="PASS">
          <reporter-output>
          </reporter-output>
        </test-method> <!-- afterClass -->
      </class> <!-- com.timp.test.BRB.AdicionarColunas -->
    </test> <!-- Adicionar Columnas -->
    <test started-at="2024-06-05T20:01:28 UTC" name="PublicoEPrivado" finished-at="2024-06-05T20:05:10 UTC" duration-ms="222686">
      <class name="com.timp.test.BRB.PublicoEPrivado">
        <test-method is-config="true" signature="beforeClass()[pri:0, instance:com.timp.test.BRB.PublicoEPrivado@2d52216b]" started-at="2024-06-05T20:01:28 UTC" name="beforeClass" finished-at="2024-06-05T20:01:30 UTC" duration-ms="2156" status="PASS">
          <reporter-output>
          </reporter-output>
        </test-method> <!-- beforeClass -->
        <test-method signature="publicoYPRivado()[pri:0, instance:com.timp.test.BRB.PublicoEPrivado@2d52216b]" started-at="2024-06-05T20:01:30 UTC" name="publicoYPRivado" finished-at="2024-06-05T20:03:00 UTC" duration-ms="90114" status="PASS">
          <reporter-output>
          </reporter-output>
        </test-method> <!-- publicoYPRivado -->
        <test-method signature="PrivadoEditor()[pri:1, instance:com.timp.test.BRB.PublicoEPrivado@2d52216b]" started-at="2024-06-05T20:03:00 UTC" name="PrivadoEditor" finished-at="2024-06-05T20:03:56 UTC" duration-ms="56048" status="PASS">
          <reporter-output>
          </reporter-output>
        </test-method> <!-- PrivadoEditor -->
        <test-method signature="PublicoBiblioteca()[pri:2, instance:com.timp.test.BRB.PublicoEPrivado@2d52216b]" started-at="2024-06-05T20:03:56 UTC" name="PublicoBiblioteca" finished-at="2024-06-05T20:04:36 UTC" duration-ms="39726" status="PASS">
          <reporter-output>
          </reporter-output>
        </test-method> <!-- PublicoBiblioteca -->
        <test-method signature="PrivadoBiblioteca()[pri:3, instance:com.timp.test.BRB.PublicoEPrivado@2d52216b]" started-at="2024-06-05T20:04:36 UTC" name="PrivadoBiblioteca" finished-at="2024-06-05T20:05:10 UTC" duration-ms="34539" status="PASS">
          <reporter-output>
          </reporter-output>
        </test-method> <!-- PrivadoBiblioteca -->
        <test-method is-config="true" signature="afterClass()[pri:0, instance:com.timp.test.BRB.PublicoEPrivado@2d52216b]" started-at="2024-06-05T20:05:10 UTC" name="afterClass" finished-at="2024-06-05T20:05:10 UTC" duration-ms="92" status="PASS">
          <reporter-output>
          </reporter-output>
        </test-method> <!-- afterClass -->
      </class> <!-- com.timp.test.BRB.PublicoEPrivado -->
    </test> <!-- PublicoEPrivado -->
    <test started-at="2024-06-05T20:05:10 UTC" name="ExcluirColuna" finished-at="2024-06-05T20:08:43 UTC" duration-ms="212530">
      <class name="com.timp.test.BRB.ExcluirColuna">
        <test-method is-config="true" signature="beforeClass()[pri:0, instance:com.timp.test.BRB.ExcluirColuna@51c668e3]" started-at="2024-06-05T20:05:10 UTC" name="beforeClass" finished-at="2024-06-05T20:05:11 UTC" duration-ms="754" status="PASS">
          <reporter-output>
          </reporter-output>
        </test-method> <!-- beforeClass -->
        <test-method signature="excluirColunaDragNDrop()[pri:0, instance:com.timp.test.BRB.ExcluirColuna@51c668e3]" started-at="2024-06-05T20:05:11 UTC" name="excluirColunaDragNDrop" finished-at="2024-06-05T20:07:29 UTC" duration-ms="137286" status="PASS">
          <reporter-output>
          </reporter-output>
        </test-method> <!-- excluirColunaDragNDrop -->
        <test-method signature="excluirColunaOpcao()[pri:1, instance:com.timp.test.BRB.ExcluirColuna@51c668e3]" started-at="2024-06-05T20:07:29 UTC" name="excluirColunaOpcao" finished-at="2024-06-05T20:08:43 UTC" duration-ms="74404" status="PASS">
          <reporter-output>
          </reporter-output>
        </test-method> <!-- excluirColunaOpcao -->
        <test-method is-config="true" signature="afterClass()[pri:0, instance:com.timp.test.BRB.ExcluirColuna@51c668e3]" started-at="2024-06-05T20:08:43 UTC" name="afterClass" finished-at="2024-06-05T20:08:43 UTC" duration-ms="81" status="PASS">
          <reporter-output>
          </reporter-output>
        </test-method> <!-- afterClass -->
      </class> <!-- com.timp.test.BRB.ExcluirColuna -->
    </test> <!-- ExcluirColuna -->
    <test started-at="2024-06-05T20:08:43 UTC" name="EditarRelatorio" finished-at="2024-06-05T20:10:31 UTC" duration-ms="108044">
      <class name="com.timp.test.BRB.EditarRelatorio">
        <test-method is-config="true" signature="beforeClass()[pri:0, instance:com.timp.test.BRB.EditarRelatorio@5824a83d]" started-at="2024-06-05T20:08:43 UTC" name="beforeClass" finished-at="2024-06-05T20:08:45 UTC" duration-ms="2113" status="PASS">
          <reporter-output>
          </reporter-output>
        </test-method> <!-- beforeClass -->
        <test-method signature="editar()[pri:0, instance:com.timp.test.BRB.EditarRelatorio@5824a83d]" started-at="2024-06-05T20:08:45 UTC" name="editar" finished-at="2024-06-05T20:10:31 UTC" duration-ms="105820" status="PASS">
          <reporter-output>
          </reporter-output>
        </test-method> <!-- editar -->
        <test-method is-config="true" signature="afterClass()[pri:0, instance:com.timp.test.BRB.EditarRelatorio@5824a83d]" started-at="2024-06-05T20:10:31 UTC" name="afterClass" finished-at="2024-06-05T20:10:31 UTC" duration-ms="110" status="PASS">
          <reporter-output>
          </reporter-output>
        </test-method> <!-- afterClass -->
      </class> <!-- com.timp.test.BRB.EditarRelatorio -->
    </test> <!-- EditarRelatorio -->
    <test started-at="2024-06-05T20:10:31 UTC" name="FiltrosRelatorio" finished-at="2024-06-05T20:16:23 UTC" duration-ms="352445">
      <class name="com.timp.test.BRB.FiltrosRelatorio">
        <test-method is-config="true" signature="beforeClass()[pri:0, instance:com.timp.test.BRB.FiltrosRelatorio@4b45a2f5]" started-at="2024-06-05T20:10:31 UTC" name="beforeClass" finished-at="2024-06-05T20:10:33 UTC" duration-ms="2238" status="PASS">
          <reporter-output>
          </reporter-output>
        </test-method> <!-- beforeClass -->
        <test-method signature="AfiltrosEditor()[pri:0, instance:com.timp.test.BRB.FiltrosRelatorio@4b45a2f5]" started-at="2024-06-05T20:10:33 UTC" name="AfiltrosEditor" finished-at="2024-06-05T20:13:51 UTC" duration-ms="197959" status="PASS">
          <reporter-output>
          </reporter-output>
        </test-method> <!-- AfiltrosEditor -->
        <test-method signature="BfiltrosBiblioteca()[pri:0, instance:com.timp.test.BRB.FiltrosRelatorio@4b45a2f5]" started-at="2024-06-05T20:13:51 UTC" name="BfiltrosBiblioteca" finished-at="2024-06-05T20:15:54 UTC" depends-on-methods="com.timp.test.BRB.FiltrosRelatorio.AfiltrosEditor" duration-ms="122961" status="PASS">
          <reporter-output>
          </reporter-output>
        </test-method> <!-- BfiltrosBiblioteca -->
        <test-method signature="CasignarValores()[pri:0, instance:com.timp.test.BRB.FiltrosRelatorio@4b45a2f5]" started-at="2024-06-05T20:15:54 UTC" name="CasignarValores" finished-at="2024-06-05T20:16:23 UTC" depends-on-methods="com.timp.test.BRB.FiltrosRelatorio.BfiltrosBiblioteca" duration-ms="29191" status="PASS">
          <reporter-output>
          </reporter-output>
        </test-method> <!-- CasignarValores -->
        <test-method is-config="true" signature="afterClass()[pri:0, instance:com.timp.test.BRB.FiltrosRelatorio@4b45a2f5]" started-at="2024-06-05T20:16:23 UTC" name="afterClass" finished-at="2024-06-05T20:16:23 UTC" duration-ms="89" status="PASS">
          <reporter-output>
          </reporter-output>
        </test-method> <!-- afterClass -->
      </class> <!-- com.timp.test.BRB.FiltrosRelatorio -->
    </test> <!-- FiltrosRelatorio -->
    <test started-at="2024-06-05T20:16:23 UTC" name="CriarComCopia" finished-at="2024-06-05T20:19:18 UTC" duration-ms="174792">
      <class name="com.timp.test.BRB.CriarComCopia">
        <test-method is-config="true" signature="beforeClass()[pri:0, instance:com.timp.test.BRB.CriarComCopia@1e6a3214]" started-at="2024-06-05T20:16:23 UTC" name="beforeClass" finished-at="2024-06-05T20:16:26 UTC" duration-ms="2201" status="PASS">
          <reporter-output>
          </reporter-output>
        </test-method> <!-- beforeClass -->
        <test-method signature="criarCopia()[pri:0, instance:com.timp.test.BRB.CriarComCopia@1e6a3214]" started-at="2024-06-05T20:16:26 UTC" name="criarCopia" finished-at="2024-06-05T20:19:18 UTC" duration-ms="172589" status="PASS">
          <reporter-output>
          </reporter-output>
        </test-method> <!-- criarCopia -->
        <test-method is-config="true" signature="afterClass()[pri:0, instance:com.timp.test.BRB.CriarComCopia@1e6a3214]" started-at="2024-06-05T20:19:18 UTC" name="afterClass" finished-at="2024-06-05T20:19:18 UTC" duration-ms="1" status="PASS">
          <reporter-output>
          </reporter-output>
        </test-method> <!-- afterClass -->
      </class> <!-- com.timp.test.BRB.CriarComCopia -->
    </test> <!-- CriarComCopia -->
    <test started-at="2024-06-05T20:19:18 UTC" name="AtivarCorrecao" finished-at="2024-06-05T20:20:55 UTC" duration-ms="96935">
      <class name="com.timp.test.BRB.AtivarCorrecao">
        <test-method is-config="true" signature="beforeClass()[pri:0, instance:com.timp.test.BRB.AtivarCorrecao@2892d68]" started-at="2024-06-05T20:19:18 UTC" name="beforeClass" finished-at="2024-06-05T20:19:21 UTC" duration-ms="2376" status="PASS">
          <reporter-output>
          </reporter-output>
        </test-method> <!-- beforeClass -->
        <test-method signature="ativarCorreccion()[pri:0, instance:com.timp.test.BRB.AtivarCorrecao@2892d68]" started-at="2024-06-05T20:19:21 UTC" name="ativarCorreccion" finished-at="2024-06-05T20:20:55 UTC" duration-ms="94474" status="PASS">
          <reporter-output>
          </reporter-output>
        </test-method> <!-- ativarCorreccion -->
        <test-method is-config="true" signature="afterClass()[pri:0, instance:com.timp.test.BRB.AtivarCorrecao@2892d68]" started-at="2024-06-05T20:20:55 UTC" name="afterClass" finished-at="2024-06-05T20:20:55 UTC" duration-ms="83" status="PASS">
          <reporter-output>
          </reporter-output>
        </test-method> <!-- afterClass -->
      </class> <!-- com.timp.test.BRB.AtivarCorrecao -->
    </test> <!-- AtivarCorrecao -->
    <test started-at="2024-06-05T20:20:55 UTC" name="AtivarComentario" finished-at="2024-06-05T20:22:21 UTC" duration-ms="85893">
      <class name="com.timp.test.BRB.AtivarComentario">
        <test-method is-config="true" signature="beforeClass()[pri:0, instance:com.timp.test.BRB.AtivarComentario@298a5e20]" started-at="2024-06-05T20:20:55 UTC" name="beforeClass" finished-at="2024-06-05T20:20:57 UTC" duration-ms="2121" status="PASS">
          <reporter-output>
          </reporter-output>
        </test-method> <!-- beforeClass -->
        <test-method signature="ativarComentarios()[pri:0, instance:com.timp.test.BRB.AtivarComentario@298a5e20]" started-at="2024-06-05T20:20:57 UTC" name="ativarComentarios" finished-at="2024-06-05T20:22:21 UTC" duration-ms="83685" status="PASS">
          <reporter-output>
          </reporter-output>
        </test-method> <!-- ativarComentarios -->
        <test-method is-config="true" signature="afterClass()[pri:0, instance:com.timp.test.BRB.AtivarComentario@298a5e20]" started-at="2024-06-05T20:22:21 UTC" name="afterClass" finished-at="2024-06-05T20:22:21 UTC" duration-ms="86" status="PASS">
          <reporter-output>
          </reporter-output>
        </test-method> <!-- afterClass -->
      </class> <!-- com.timp.test.BRB.AtivarComentario -->
    </test> <!-- AtivarComentario -->
    <test started-at="2024-06-05T20:22:21 UTC" name="RenomearColuna" finished-at="2024-06-05T20:24:03 UTC" duration-ms="101629">
      <class name="com.timp.test.BRB.RenomearColuna">
        <test-method is-config="true" signature="beforeClass()[pri:0, instance:com.timp.test.BRB.RenomearColuna@644baf4a]" started-at="2024-06-05T20:22:21 UTC" name="beforeClass" finished-at="2024-06-05T20:22:23 UTC" duration-ms="2113" status="PASS">
          <reporter-output>
          </reporter-output>
        </test-method> <!-- beforeClass -->
        <test-method signature="renomearColuna()[pri:0, instance:com.timp.test.BRB.RenomearColuna@644baf4a]" started-at="2024-06-05T20:22:23 UTC" name="renomearColuna" finished-at="2024-06-05T20:24:03 UTC" duration-ms="99423" status="PASS">
          <reporter-output>
          </reporter-output>
        </test-method> <!-- renomearColuna -->
        <test-method is-config="true" signature="afterClass()[pri:0, instance:com.timp.test.BRB.RenomearColuna@644baf4a]" started-at="2024-06-05T20:24:03 UTC" name="afterClass" finished-at="2024-06-05T20:24:03 UTC" duration-ms="92" status="PASS">
          <reporter-output>
          </reporter-output>
        </test-method> <!-- afterClass -->
      </class> <!-- com.timp.test.BRB.RenomearColuna -->
    </test> <!-- RenomearColuna -->
    <test started-at="2024-06-05T20:24:03 UTC" name="Formula" finished-at="2024-06-05T20:27:21 UTC" duration-ms="198376">
      <class name="com.timp.test.BRB.Formula">
        <test-method is-config="true" signature="beforeClass()[pri:0, instance:com.timp.test.BRB.Formula@76a4ebf2]" started-at="2024-06-05T20:24:03 UTC" name="beforeClass" finished-at="2024-06-05T20:24:05 UTC" duration-ms="2078" status="PASS">
          <reporter-output>
          </reporter-output>
        </test-method> <!-- beforeClass -->
        <test-method signature="formulaColuna()[pri:0, instance:com.timp.test.BRB.Formula@76a4ebf2]" started-at="2024-06-05T20:24:05 UTC" name="formulaColuna" finished-at="2024-06-05T20:25:08 UTC" duration-ms="63097" status="PASS">
          <reporter-output>
          </reporter-output>
        </test-method> <!-- formulaColuna -->
        <test-method signature="formulaBoton()[pri:0, instance:com.timp.test.BRB.Formula@76a4ebf2]" started-at="2024-06-05T20:25:08 UTC" name="formulaBoton" finished-at="2024-06-05T20:27:06 UTC" depends-on-methods="com.timp.test.BRB.Formula.formulaColuna" duration-ms="118484" status="PASS">
          <reporter-output>
          </reporter-output>
        </test-method> <!-- formulaBoton -->
        <test-method signature="aplicar()[pri:0, instance:com.timp.test.BRB.Formula@76a4ebf2]" started-at="2024-06-05T20:27:06 UTC" name="aplicar" finished-at="2024-06-05T20:27:21 UTC" depends-on-methods="com.timp.test.BRB.Formula.formulaBoton" duration-ms="14627" status="PASS">
          <reporter-output>
          </reporter-output>
        </test-method> <!-- aplicar -->
        <test-method is-config="true" signature="afterClass()[pri:0, instance:com.timp.test.BRB.Formula@76a4ebf2]" started-at="2024-06-05T20:27:21 UTC" name="afterClass" finished-at="2024-06-05T20:27:21 UTC" duration-ms="85" status="PASS">
          <reporter-output>
          </reporter-output>
        </test-method> <!-- afterClass -->
      </class> <!-- com.timp.test.BRB.Formula -->
    </test> <!-- Formula -->
    <test started-at="2024-06-05T20:27:21 UTC" name="AgrupadoPeloCampo" finished-at="2024-06-05T20:30:51 UTC" duration-ms="210142">
      <class name="com.timp.test.BRB.AgrupadoPeloCampo">
        <test-method is-config="true" signature="beforeClass()[pri:0, instance:com.timp.test.BRB.AgrupadoPeloCampo@7d0b7e3c]" started-at="2024-06-05T20:27:21 UTC" name="beforeClass" finished-at="2024-06-05T20:27:22 UTC" duration-ms="754" status="PASS">
          <reporter-output>
          </reporter-output>
        </test-method> <!-- beforeClass -->
        <test-method signature="agrupadoPeloCampo()[pri:0, instance:com.timp.test.BRB.AgrupadoPeloCampo@7d0b7e3c]" started-at="2024-06-05T20:27:22 UTC" name="agrupadoPeloCampo" finished-at="2024-06-05T20:30:51 UTC" duration-ms="209386" status="PASS">
          <reporter-output>
          </reporter-output>
        </test-method> <!-- agrupadoPeloCampo -->
        <test-method is-config="true" signature="afterClass()[pri:0, instance:com.timp.test.BRB.AgrupadoPeloCampo@7d0b7e3c]" started-at="2024-06-05T20:30:51 UTC" name="afterClass" finished-at="2024-06-05T20:30:51 UTC" duration-ms="0" status="PASS">
          <reporter-output>
          </reporter-output>
        </test-method> <!-- afterClass -->
      </class> <!-- com.timp.test.BRB.AgrupadoPeloCampo -->
    </test> <!-- AgrupadoPeloCampo -->
    <test started-at="2024-06-05T20:30:51 UTC" name="CampoOutput" finished-at="2024-06-05T20:32:19 UTC" duration-ms="88090">
      <class name="com.timp.test.BRB.CampoOutput">
        <test-method is-config="true" signature="beforeClass()[pri:0, instance:com.timp.test.BRB.CampoOutput@7674f035]" started-at="2024-06-05T20:30:51 UTC" name="beforeClass" finished-at="2024-06-05T20:30:53 UTC" duration-ms="2173" status="PASS">
          <reporter-output>
          </reporter-output>
        </test-method> <!-- beforeClass -->
        <test-method signature="campoOutput()[pri:0, instance:com.timp.test.BRB.CampoOutput@7674f035]" started-at="2024-06-05T20:30:53 UTC" name="campoOutput" finished-at="2024-06-05T20:32:19 UTC" duration-ms="85852" status="PASS">
          <reporter-output>
          </reporter-output>
        </test-method> <!-- campoOutput -->
        <test-method is-config="true" signature="afterClass()[pri:0, instance:com.timp.test.BRB.CampoOutput@7674f035]" started-at="2024-06-05T20:32:19 UTC" name="afterClass" finished-at="2024-06-05T20:32:19 UTC" duration-ms="62" status="PASS">
          <reporter-output>
          </reporter-output>
        </test-method> <!-- afterClass -->
      </class> <!-- com.timp.test.BRB.CampoOutput -->
    </test> <!-- CampoOutput -->
    <test started-at="2024-06-05T20:32:19 UTC" name="FormatacaoEVariante" finished-at="2024-06-05T20:35:37 UTC" duration-ms="198089">
      <class name="com.timp.test.BRB.FormatacaoEVariante">
        <test-method is-config="true" signature="beforeClass()[pri:0, instance:com.timp.test.BRB.FormatacaoEVariante@27406a17]" started-at="2024-06-05T20:32:19 UTC" name="beforeClass" finished-at="2024-06-05T20:32:22 UTC" duration-ms="2169" status="PASS">
          <reporter-output>
          </reporter-output>
        </test-method> <!-- beforeClass -->
        <test-method signature="formatacaoEVariante()[pri:0, instance:com.timp.test.BRB.FormatacaoEVariante@27406a17]" started-at="2024-06-05T20:32:22 UTC" name="formatacaoEVariante" finished-at="2024-06-05T20:35:37 UTC" duration-ms="195918" status="FAIL">
          <exception class="org.openqa.selenium.NoSuchElementException">
            <message>
              <![CDATA[no such element: Unable to locate element: {"method":"xpath","selector":"//div[@data-column="193" and contains(@aria-label, "Linha: 2-")]/div[2]"}
  (Session info: chrome=125.0.6422.61)
For documentation on this error, please visit: https://www.seleniumhq.org/exceptions/no_such_element.html
Build info: version: '3.141.59', revision: 'e82be7d358', time: '2018-11-14T08:17:03'
System info: host: 'EC2AMAZ-8HCHO4G', ip: '10.0.0.249', os.name: 'Windows Server 2019', os.arch: 'amd64', os.version: '10.0', java.version: '17.0.4.1'
Driver info: org.openqa.selenium.chrome.ChromeDriver
Capabilities {acceptInsecureCerts: false, browserName: chrome, browserVersion: 125.0.6422.61, chrome: {chromedriverVersion: 125.0.6422.60 (3ac3319bff9f..., userDataDir: C:\Users\user_ta\AppData\Lo...}, fedcm:accounts: true, goog:chromeOptions: {debuggerAddress: localhost:61144}, javascriptEnabled: true, networkConnectionEnabled: false, pageLoadStrategy: normal, platform: WINDOWS, platformName: WINDOWS, proxy: Proxy(), setWindowRect: true, strictFileInteractability: false, timeouts: {implicit: 0, pageLoad: 300000, script: 30000}, unhandledPromptBehavior: dismiss and notify, webauthn:extension:credBlob: true, webauthn:extension:largeBlob: true, webauthn:extension:minPinLength: true, webauthn:extension:prf: true, webauthn:virtualAuthenticators: true}
Session ID: fe43180b7db7cd951bd814de88d83732
*** Element info: {Using=xpath, value=//div[@data-column="193" and contains(@aria-label, "Linha: 2-")]/div[2]}]]>
            </message>
            <full-stacktrace>
              <![CDATA[org.openqa.selenium.NoSuchElementException: no such element: Unable to locate element: {"method":"xpath","selector":"//div[@data-column="193" and contains(@aria-label, "Linha: 2-")]/div[2]"}
  (Session info: chrome=125.0.6422.61)
For documentation on this error, please visit: https://www.seleniumhq.org/exceptions/no_such_element.html
Build info: version: '3.141.59', revision: 'e82be7d358', time: '2018-11-14T08:17:03'
System info: host: 'EC2AMAZ-8HCHO4G', ip: '10.0.0.249', os.name: 'Windows Server 2019', os.arch: 'amd64', os.version: '10.0', java.version: '17.0.4.1'
Driver info: org.openqa.selenium.chrome.ChromeDriver
Capabilities {acceptInsecureCerts: false, browserName: chrome, browserVersion: 125.0.6422.61, chrome: {chromedriverVersion: 125.0.6422.60 (3ac3319bff9f..., userDataDir: C:\Users\user_ta\AppData\Lo...}, fedcm:accounts: true, goog:chromeOptions: {debuggerAddress: localhost:61144}, javascriptEnabled: true, networkConnectionEnabled: false, pageLoadStrategy: normal, platform: WINDOWS, platformName: WINDOWS, proxy: Proxy(), setWindowRect: true, strictFileInteractability: false, timeouts: {implicit: 0, pageLoad: 300000, script: 30000}, unhandledPromptBehavior: dismiss and notify, webauthn:extension:credBlob: true, webauthn:extension:largeBlob: true, webauthn:extension:minPinLength: true, webauthn:extension:prf: true, webauthn:virtualAuthenticators: true}
Session ID: fe43180b7db7cd951bd814de88d83732
*** Element info: {Using=xpath, value=//div[@data-column="193" and contains(@aria-label, "Linha: 2-")]/div[2]}
at jdk.internal.reflect.GeneratedConstructorAccessor18.newInstance(Unknown Source)
at java.base/jdk.internal.reflect.DelegatingConstructorAccessorImpl.newInstance(DelegatingConstructorAccessorImpl.java:45)
at java.base/java.lang.reflect.Constructor.newInstanceWithCaller(Constructor.java:499)
at java.base/java.lang.reflect.Constructor.newInstance(Constructor.java:480)
at org.openqa.selenium.remote.http.W3CHttpResponseCodec.createException(W3CHttpResponseCodec.java:187)
at org.openqa.selenium.remote.http.W3CHttpResponseCodec.decode(W3CHttpResponseCodec.java:122)
at org.openqa.selenium.remote.http.W3CHttpResponseCodec.decode(W3CHttpResponseCodec.java:49)
at org.openqa.selenium.remote.HttpCommandExecutor.execute(HttpCommandExecutor.java:158)
at org.openqa.selenium.remote.service.DriverCommandExecutor.execute(DriverCommandExecutor.java:83)
at org.openqa.selenium.remote.RemoteWebDriver.execute(RemoteWebDriver.java:552)
at org.openqa.selenium.remote.RemoteWebDriver.findElement(RemoteWebDriver.java:323)
at org.openqa.selenium.remote.RemoteWebDriver.findElementByXPath(RemoteWebDriver.java:428)
at org.openqa.selenium.By$ByXPath.findElement(By.java:353)
at org.openqa.selenium.remote.RemoteWebDriver.findElement(RemoteWebDriver.java:315)
at org.openqa.selenium.support.pagefactory.DefaultElementLocator.findElement(DefaultElementLocator.java:69)
at org.openqa.selenium.support.pagefactory.internal.LocatingElementHandler.invoke(LocatingElementHandler.java:38)
at jdk.proxy2/jdk.proxy2.$Proxy12.getCssValue(Unknown Source)
at com.sap.timp.pageObjectModel.BRB.FormatacaoEVariantePO.salvarVariante(FormatacaoEVariantePO.java:395)
at com.timp.test.BRB.FormatacaoEVariante.formatacaoEVariante(FormatacaoEVariante.java:56)
at java.base/jdk.internal.reflect.NativeMethodAccessorImpl.invoke0(Native Method)
at java.base/jdk.internal.reflect.NativeMethodAccessorImpl.invoke(NativeMethodAccessorImpl.java:77)
at java.base/jdk.internal.reflect.DelegatingMethodAccessorImpl.invoke(DelegatingMethodAccessorImpl.java:43)
at java.base/java.lang.reflect.Method.invoke(Method.java:568)
at org.testng.internal.MethodInvocationHelper.invokeMethod(MethodInvocationHelper.java:133)
at org.testng.internal.TestInvoker.invokeMethod(TestInvoker.java:598)
at org.testng.internal.TestInvoker.invokeTestMethod(TestInvoker.java:173)
at org.testng.internal.MethodRunner.runInSequence(MethodRunner.java:46)
at org.testng.internal.TestInvoker$MethodInvocationAgent.invoke(TestInvoker.java:824)
at org.testng.internal.TestInvoker.invokeTestMethods(TestInvoker.java:146)
at org.testng.internal.TestMethodWorker.invokeTestMethods(TestMethodWorker.java:146)
at org.testng.internal.TestMethodWorker.run(TestMethodWorker.java:128)
at java.base/java.util.ArrayList.forEach(ArrayList.java:1511)
at org.testng.TestRunner.privateRun(TestRunner.java:794)
at org.testng.TestRunner.run(TestRunner.java:596)
at org.testng.SuiteRunner.runTest(SuiteRunner.java:377)
at org.testng.SuiteRunner.runSequentially(SuiteRunner.java:371)
at org.testng.SuiteRunner.privateRun(SuiteRunner.java:332)
at org.testng.SuiteRunner.run(SuiteRunner.java:276)
at org.testng.SuiteRunnerWorker.runSuite(SuiteRunnerWorker.java:53)
at org.testng.SuiteRunnerWorker.run(SuiteRunnerWorker.java:96)
at org.testng.TestNG.runSuitesSequentially(TestNG.java:1212)
at org.testng.TestNG.runSuitesLocally(TestNG.java:1134)
at org.testng.TestNG.runSuites(TestNG.java:1063)
at org.testng.TestNG.run(TestNG.java:1031)
at org.testng.remote.AbstractRemoteTestNG.run(AbstractRemoteTestNG.java:115)
at org.testng.remote.RemoteTestNG.initAndRun(RemoteTestNG.java:251)
at org.testng.remote.RemoteTestNG.main(RemoteTestNG.java:77)
]]>
            </full-stacktrace>
          </exception> <!-- org.openqa.selenium.NoSuchElementException -->
          <reporter-output>
          </reporter-output>
        </test-method> <!-- formatacaoEVariante -->
        <test-method is-config="true" signature="afterClass()[pri:0, instance:com.timp.test.BRB.FormatacaoEVariante@27406a17]" started-at="2024-06-05T20:35:37 UTC" name="afterClass" finished-at="2024-06-05T20:35:37 UTC" duration-ms="1" status="PASS">
          <reporter-output>
          </reporter-output>
        </test-method> <!-- afterClass -->
      </class> <!-- com.timp.test.BRB.FormatacaoEVariante -->
    </test> <!-- FormatacaoEVariante -->
    <test started-at="2024-06-05T20:35:37 UTC" name="FiltroColunas" finished-at="2024-06-05T20:38:19 UTC" duration-ms="161858">
      <class name="com.timp.test.BRB.FiltroColunas">
        <test-method is-config="true" signature="beforeClass()[pri:0, instance:com.timp.test.BRB.FiltroColunas@54422e18]" started-at="2024-06-05T20:35:38 UTC" name="beforeClass" finished-at="2024-06-05T20:35:40 UTC" duration-ms="2297" status="PASS">
          <reporter-output>
          </reporter-output>
        </test-method> <!-- beforeClass -->
        <test-method signature="filtroConFerramenta1()[pri:0, instance:com.timp.test.BRB.FiltroColunas@54422e18]" started-at="2024-06-05T20:35:40 UTC" name="filtroConFerramenta1" finished-at="2024-06-05T20:37:53 UTC" duration-ms="133513" status="PASS">
          <reporter-output>
          </reporter-output>
        </test-method> <!-- filtroConFerramenta1 -->
        <test-method signature="filtroConFerramenta2()[pri:0, instance:com.timp.test.BRB.FiltroColunas@54422e18]" started-at="2024-06-05T20:37:53 UTC" name="filtroConFerramenta2" finished-at="2024-06-05T20:38:19 UTC" duration-ms="26041" status="PASS">
          <reporter-output>
          </reporter-output>
        </test-method> <!-- filtroConFerramenta2 -->
        <test-method is-config="true" signature="afterClass()[pri:0, instance:com.timp.test.BRB.FiltroColunas@54422e18]" started-at="2024-06-05T20:38:19 UTC" name="afterClass" finished-at="2024-06-05T20:38:19 UTC" duration-ms="0" status="PASS">
          <reporter-output>
          </reporter-output>
        </test-method> <!-- afterClass -->
      </class> <!-- com.timp.test.BRB.FiltroColunas -->
    </test> <!-- FiltroColunas -->
    <test started-at="2024-06-05T20:38:19 UTC" name="CrescenteEDecrescente" finished-at="2024-06-05T20:43:36 UTC" duration-ms="316786">
      <class name="com.timp.test.BRB.CrescenteEDecrescente">
        <test-method is-config="true" signature="beforeClass()[pri:0, instance:com.timp.test.BRB.CrescenteEDecrescente@1ca3b418]" started-at="2024-06-05T20:38:19 UTC" name="beforeClass" finished-at="2024-06-05T20:38:22 UTC" duration-ms="2282" status="PASS">
          <reporter-output>
          </reporter-output>
        </test-method> <!-- beforeClass -->
        <test-method signature="crescenteEDecrescente()[pri:0, instance:com.timp.test.BRB.CrescenteEDecrescente@1ca3b418]" started-at="2024-06-05T20:38:22 UTC" name="crescenteEDecrescente" finished-at="2024-06-05T20:43:36 UTC" duration-ms="314405" status="PASS">
          <reporter-output>
          </reporter-output>
        </test-method> <!-- crescenteEDecrescente -->
        <test-method is-config="true" signature="afterClass()[pri:0, instance:com.timp.test.BRB.CrescenteEDecrescente@1ca3b418]" started-at="2024-06-05T20:43:36 UTC" name="afterClass" finished-at="2024-06-05T20:43:36 UTC" duration-ms="97" status="PASS">
          <reporter-output>
          </reporter-output>
        </test-method> <!-- afterClass -->
      </class> <!-- com.timp.test.BRB.CrescenteEDecrescente -->
    </test> <!-- CrescenteEDecrescente -->
    <test started-at="2024-06-05T20:43:36 UTC" name="ComentarioListaSuspensa" finished-at="2024-06-05T20:48:34 UTC" duration-ms="297745">
      <class name="com.timp.test.BRB.ComentarioListaSuspensa">
        <test-method is-config="true" signature="beforeClass()[pri:0, instance:com.timp.test.BRB.ComentarioListaSuspensa@19e4653c]" started-at="2024-06-05T20:43:36 UTC" name="beforeClass" finished-at="2024-06-05T20:43:38 UTC" duration-ms="2135" status="PASS">
          <reporter-output>
          </reporter-output>
        </test-method> <!-- beforeClass -->
        <test-method signature="listaSuspensa()[pri:0, instance:com.timp.test.BRB.ComentarioListaSuspensa@19e4653c]" started-at="2024-06-05T20:43:38 UTC" name="listaSuspensa" finished-at="2024-06-05T20:48:34 UTC" duration-ms="295609" status="PASS">
          <reporter-output>
          </reporter-output>
        </test-method> <!-- listaSuspensa -->
        <test-method is-config="true" signature="afterClass()[pri:0, instance:com.timp.test.BRB.ComentarioListaSuspensa@19e4653c]" started-at="2024-06-05T20:48:34 UTC" name="afterClass" finished-at="2024-06-05T20:48:34 UTC" duration-ms="0" status="PASS">
          <reporter-output>
          </reporter-output>
        </test-method> <!-- afterClass -->
      </class> <!-- com.timp.test.BRB.ComentarioListaSuspensa -->
    </test> <!-- ComentarioListaSuspensa -->
    <test started-at="2024-06-05T20:48:34 UTC" name="ComentarioLibre" finished-at="2024-06-05T20:51:57 UTC" duration-ms="203216">
      <class name="com.timp.test.BRB.ComentarioLibre">
        <test-method is-config="true" signature="beforeClass()[pri:0, instance:com.timp.test.BRB.ComentarioLibre@548d708a]" started-at="2024-06-05T20:48:34 UTC" name="beforeClass" finished-at="2024-06-05T20:48:36 UTC" duration-ms="2168" status="PASS">
          <reporter-output>
          </reporter-output>
        </test-method> <!-- beforeClass -->
        <test-method signature="comentarioLibre()[pri:0, instance:com.timp.test.BRB.ComentarioLibre@548d708a]" started-at="2024-06-05T20:48:36 UTC" name="comentarioLibre" finished-at="2024-06-05T20:51:57 UTC" duration-ms="201048" status="PASS">
          <reporter-output>
          </reporter-output>
        </test-method> <!-- comentarioLibre -->
        <test-method is-config="true" signature="afterClass()[pri:0, instance:com.timp.test.BRB.ComentarioLibre@548d708a]" started-at="2024-06-05T20:51:57 UTC" name="afterClass" finished-at="2024-06-05T20:51:57 UTC" duration-ms="0" status="PASS">
          <reporter-output>
          </reporter-output>
        </test-method> <!-- afterClass -->
      </class> <!-- com.timp.test.BRB.ComentarioLibre -->
    </test> <!-- ComentarioLibre -->
    <test started-at="2024-06-05T20:51:57 UTC" name="GruposAvancados" finished-at="2024-06-05T20:53:54 UTC" duration-ms="116584">
      <class name="com.timp.test.BRB.GruposAvancados">
        <test-method is-config="true" signature="beforeClass()[pri:0, instance:com.timp.test.BRB.GruposAvancados@75437611]" started-at="2024-06-05T20:51:57 UTC" name="beforeClass" finished-at="2024-06-05T20:51:58 UTC" duration-ms="760" status="PASS">
          <reporter-output>
          </reporter-output>
        </test-method> <!-- beforeClass -->
        <test-method signature="gruposAvanzados()[pri:0, instance:com.timp.test.BRB.GruposAvancados@75437611]" started-at="2024-06-05T20:51:58 UTC" name="gruposAvanzados" finished-at="2024-06-05T20:53:54 UTC" duration-ms="115820" status="FAIL">
          <exception class="org.openqa.selenium.NoSuchElementException">
            <message>
              <![CDATA[no such element: Unable to locate element: {"method":"xpath","selector":"//div[@data-column ="115" and contains(@aria-label , "Linha: 101-")]/div[2]"}
  (Session info: chrome=125.0.6422.61)
For documentation on this error, please visit: https://www.seleniumhq.org/exceptions/no_such_element.html
Build info: version: '3.141.59', revision: 'e82be7d358', time: '2018-11-14T08:17:03'
System info: host: 'EC2AMAZ-8HCHO4G', ip: '10.0.0.249', os.name: 'Windows Server 2019', os.arch: 'amd64', os.version: '10.0', java.version: '17.0.4.1'
Driver info: org.openqa.selenium.chrome.ChromeDriver
Capabilities {acceptInsecureCerts: false, browserName: chrome, browserVersion: 125.0.6422.61, chrome: {chromedriverVersion: 125.0.6422.60 (3ac3319bff9f..., userDataDir: C:\Users\user_ta\AppData\Lo...}, fedcm:accounts: true, goog:chromeOptions: {debuggerAddress: localhost:63916}, javascriptEnabled: true, networkConnectionEnabled: false, pageLoadStrategy: normal, platform: WINDOWS, platformName: WINDOWS, proxy: Proxy(), setWindowRect: true, strictFileInteractability: false, timeouts: {implicit: 0, pageLoad: 300000, script: 30000}, unhandledPromptBehavior: dismiss and notify, webauthn:extension:credBlob: true, webauthn:extension:largeBlob: true, webauthn:extension:minPinLength: true, webauthn:extension:prf: true, webauthn:virtualAuthenticators: true}
Session ID: f46cfac818c228a19da8e04387d8a2cc
*** Element info: {Using=xpath, value=//div[@data-column ="115" and contains(@aria-label , "Linha: 101-")]/div[2]}]]>
            </message>
            <full-stacktrace>
              <![CDATA[org.openqa.selenium.NoSuchElementException: no such element: Unable to locate element: {"method":"xpath","selector":"//div[@data-column ="115" and contains(@aria-label , "Linha: 101-")]/div[2]"}
  (Session info: chrome=125.0.6422.61)
For documentation on this error, please visit: https://www.seleniumhq.org/exceptions/no_such_element.html
Build info: version: '3.141.59', revision: 'e82be7d358', time: '2018-11-14T08:17:03'
System info: host: 'EC2AMAZ-8HCHO4G', ip: '10.0.0.249', os.name: 'Windows Server 2019', os.arch: 'amd64', os.version: '10.0', java.version: '17.0.4.1'
Driver info: org.openqa.selenium.chrome.ChromeDriver
Capabilities {acceptInsecureCerts: false, browserName: chrome, browserVersion: 125.0.6422.61, chrome: {chromedriverVersion: 125.0.6422.60 (3ac3319bff9f..., userDataDir: C:\Users\user_ta\AppData\Lo...}, fedcm:accounts: true, goog:chromeOptions: {debuggerAddress: localhost:63916}, javascriptEnabled: true, networkConnectionEnabled: false, pageLoadStrategy: normal, platform: WINDOWS, platformName: WINDOWS, proxy: Proxy(), setWindowRect: true, strictFileInteractability: false, timeouts: {implicit: 0, pageLoad: 300000, script: 30000}, unhandledPromptBehavior: dismiss and notify, webauthn:extension:credBlob: true, webauthn:extension:largeBlob: true, webauthn:extension:minPinLength: true, webauthn:extension:prf: true, webauthn:virtualAuthenticators: true}
Session ID: f46cfac818c228a19da8e04387d8a2cc
*** Element info: {Using=xpath, value=//div[@data-column ="115" and contains(@aria-label , "Linha: 101-")]/div[2]}
at jdk.internal.reflect.GeneratedConstructorAccessor18.newInstance(Unknown Source)
at java.base/jdk.internal.reflect.DelegatingConstructorAccessorImpl.newInstance(DelegatingConstructorAccessorImpl.java:45)
at java.base/java.lang.reflect.Constructor.newInstanceWithCaller(Constructor.java:499)
at java.base/java.lang.reflect.Constructor.newInstance(Constructor.java:480)
at org.openqa.selenium.remote.http.W3CHttpResponseCodec.createException(W3CHttpResponseCodec.java:187)
at org.openqa.selenium.remote.http.W3CHttpResponseCodec.decode(W3CHttpResponseCodec.java:122)
at org.openqa.selenium.remote.http.W3CHttpResponseCodec.decode(W3CHttpResponseCodec.java:49)
at org.openqa.selenium.remote.HttpCommandExecutor.execute(HttpCommandExecutor.java:158)
at org.openqa.selenium.remote.service.DriverCommandExecutor.execute(DriverCommandExecutor.java:83)
at org.openqa.selenium.remote.RemoteWebDriver.execute(RemoteWebDriver.java:552)
at org.openqa.selenium.remote.RemoteWebDriver.findElement(RemoteWebDriver.java:323)
at org.openqa.selenium.remote.RemoteWebDriver.findElementByXPath(RemoteWebDriver.java:428)
at org.openqa.selenium.By$ByXPath.findElement(By.java:353)
at org.openqa.selenium.remote.RemoteWebDriver.findElement(RemoteWebDriver.java:315)
at com.sap.timp.pageObjectModel.BRB.GruposAvanzadosPO.gruposAvanzadosAplicar(GruposAvanzadosPO.java:144)
at com.timp.test.BRB.GruposAvancados.gruposAvanzados(GruposAvancados.java:46)
at java.base/jdk.internal.reflect.NativeMethodAccessorImpl.invoke0(Native Method)
at java.base/jdk.internal.reflect.NativeMethodAccessorImpl.invoke(NativeMethodAccessorImpl.java:77)
at java.base/jdk.internal.reflect.DelegatingMethodAccessorImpl.invoke(DelegatingMethodAccessorImpl.java:43)
at java.base/java.lang.reflect.Method.invoke(Method.java:568)
at org.testng.internal.MethodInvocationHelper.invokeMethod(MethodInvocationHelper.java:133)
at org.testng.internal.TestInvoker.invokeMethod(TestInvoker.java:598)
at org.testng.internal.TestInvoker.invokeTestMethod(TestInvoker.java:173)
at org.testng.internal.MethodRunner.runInSequence(MethodRunner.java:46)
at org.testng.internal.TestInvoker$MethodInvocationAgent.invoke(TestInvoker.java:824)
at org.testng.internal.TestInvoker.invokeTestMethods(TestInvoker.java:146)
at org.testng.internal.TestMethodWorker.invokeTestMethods(TestMethodWorker.java:146)
at org.testng.internal.TestMethodWorker.run(TestMethodWorker.java:128)
at java.base/java.util.ArrayList.forEach(ArrayList.java:1511)
at org.testng.TestRunner.privateRun(TestRunner.java:794)
at org.testng.TestRunner.run(TestRunner.java:596)
at org.testng.SuiteRunner.runTest(SuiteRunner.java:377)
at org.testng.SuiteRunner.runSequentially(SuiteRunner.java:371)
at org.testng.SuiteRunner.privateRun(SuiteRunner.java:332)
at org.testng.SuiteRunner.run(SuiteRunner.java:276)
at org.testng.SuiteRunnerWorker.runSuite(SuiteRunnerWorker.java:53)
at org.testng.SuiteRunnerWorker.run(SuiteRunnerWorker.java:96)
at org.testng.TestNG.runSuitesSequentially(TestNG.java:1212)
at org.testng.TestNG.runSuitesLocally(TestNG.java:1134)
at org.testng.TestNG.runSuites(TestNG.java:1063)
at org.testng.TestNG.run(TestNG.java:1031)
at org.testng.remote.AbstractRemoteTestNG.run(AbstractRemoteTestNG.java:115)
at org.testng.remote.RemoteTestNG.initAndRun(RemoteTestNG.java:251)
at org.testng.remote.RemoteTestNG.main(RemoteTestNG.java:77)
]]>
            </full-stacktrace>
          </exception> <!-- org.openqa.selenium.NoSuchElementException -->
          <reporter-output>
          </reporter-output>
        </test-method> <!-- gruposAvanzados -->
        <test-method signature="eliminarGrupos()[pri:0, instance:com.timp.test.BRB.GruposAvancados@75437611]" started-at="2024-06-05T20:53:54 UTC" name="eliminarGrupos" finished-at="2024-06-05T20:53:54 UTC" depends-on-methods="com.timp.test.BRB.GruposAvancados.gruposAvanzados" duration-ms="0" status="SKIP">
          <exception class="java.lang.Throwable">
            <message>
              <![CDATA[Method GruposAvancados.eliminarGrupos()[pri:0, instance:com.timp.test.BRB.GruposAvancados@75437611] depends on not successfully finished methods]]>
            </message>
            <full-stacktrace>
              <![CDATA[java.lang.Throwable: Method GruposAvancados.eliminarGrupos()[pri:0, instance:com.timp.test.BRB.GruposAvancados@75437611] depends on not successfully finished methods
at org.testng.internal.TestInvoker.invokeTestMethods(TestInvoker.java:102)
at org.testng.internal.TestMethodWorker.invokeTestMethods(TestMethodWorker.java:146)
at org.testng.internal.TestMethodWorker.run(TestMethodWorker.java:128)
at java.base/java.util.ArrayList.forEach(ArrayList.java:1511)
at org.testng.TestRunner.privateRun(TestRunner.java:794)
at org.testng.TestRunner.run(TestRunner.java:596)
at org.testng.SuiteRunner.runTest(SuiteRunner.java:377)
at org.testng.SuiteRunner.runSequentially(SuiteRunner.java:371)
at org.testng.SuiteRunner.privateRun(SuiteRunner.java:332)
at org.testng.SuiteRunner.run(SuiteRunner.java:276)
at org.testng.SuiteRunnerWorker.runSuite(SuiteRunnerWorker.java:53)
at org.testng.SuiteRunnerWorker.run(SuiteRunnerWorker.java:96)
at org.testng.TestNG.runSuitesSequentially(TestNG.java:1212)
at org.testng.TestNG.runSuitesLocally(TestNG.java:1134)
at org.testng.TestNG.runSuites(TestNG.java:1063)
at org.testng.TestNG.run(TestNG.java:1031)
at org.testng.remote.AbstractRemoteTestNG.run(AbstractRemoteTestNG.java:115)
at org.testng.remote.RemoteTestNG.initAndRun(RemoteTestNG.java:251)
at org.testng.remote.RemoteTestNG.main(RemoteTestNG.java:77)
]]>
            </full-stacktrace>
          </exception> <!-- java.lang.Throwable -->
          <reporter-output>
          </reporter-output>
        </test-method> <!-- eliminarGrupos -->
        <test-method is-config="true" signature="afterClass()[pri:0, instance:com.timp.test.BRB.GruposAvancados@75437611]" started-at="2024-06-05T20:53:54 UTC" name="afterClass" finished-at="2024-06-05T20:53:54 UTC" duration-ms="0" status="PASS">
          <reporter-output>
          </reporter-output>
        </test-method> <!-- afterClass -->
      </class> <!-- com.timp.test.BRB.GruposAvancados -->
    </test> <!-- GruposAvancados -->
    <test started-at="2024-06-05T20:53:54 UTC" name="Visualizar" finished-at="2024-06-05T20:54:43 UTC" duration-ms="49347">
      <class name="com.timp.test.BRB.Visualizar">
        <test-method is-config="true" signature="beforeClass()[pri:0, instance:com.timp.test.BRB.Visualizar@15043a2f]" started-at="2024-06-05T20:53:54 UTC" name="beforeClass" finished-at="2024-06-05T20:53:55 UTC" duration-ms="804" status="PASS">
          <reporter-output>
          </reporter-output>
        </test-method> <!-- beforeClass -->
        <test-method signature="visualizar()[pri:0, instance:com.timp.test.BRB.Visualizar@15043a2f]" started-at="2024-06-05T20:53:55 UTC" name="visualizar" finished-at="2024-06-05T20:54:43 UTC" duration-ms="48541" status="PASS">
          <reporter-output>
          </reporter-output>
        </test-method> <!-- visualizar -->
        <test-method is-config="true" signature="afterClass()[pri:0, instance:com.timp.test.BRB.Visualizar@15043a2f]" started-at="2024-06-05T20:54:43 UTC" name="afterClass" finished-at="2024-06-05T20:54:43 UTC" duration-ms="1" status="PASS">
          <reporter-output>
          </reporter-output>
        </test-method> <!-- afterClass -->
      </class> <!-- com.timp.test.BRB.Visualizar -->
    </test> <!-- Visualizar -->
    <test started-at="2024-06-05T20:54:43 UTC" name="ExcluirRelatorio" finished-at="2024-06-05T20:56:50 UTC" duration-ms="126589">
      <class name="com.timp.test.BRB.ExcluirRelatorio">
        <test-method is-config="true" signature="beforeClass()[pri:0, instance:com.timp.test.BRB.ExcluirRelatorio@35dab4eb]" started-at="2024-06-05T20:54:43 UTC" name="beforeClass" finished-at="2024-06-05T20:54:44 UTC" duration-ms="839" status="PASS">
          <reporter-output>
          </reporter-output>
        </test-method> <!-- beforeClass -->
        <test-method signature="eliminar()[pri:0, instance:com.timp.test.BRB.ExcluirRelatorio@35dab4eb]" started-at="2024-06-05T20:54:44 UTC" name="eliminar" finished-at="2024-06-05T20:56:05 UTC" duration-ms="81130" status="PASS">
          <reporter-output>
          </reporter-output>
        </test-method> <!-- eliminar -->
        <test-method signature="eliminarLixeira()[pri:0, instance:com.timp.test.BRB.ExcluirRelatorio@35dab4eb]" started-at="2024-06-05T20:56:05 UTC" name="eliminarLixeira" finished-at="2024-06-05T20:56:50 UTC" depends-on-methods="com.timp.test.BRB.ExcluirRelatorio.eliminar" duration-ms="44617" status="PASS">
          <reporter-output>
          </reporter-output>
        </test-method> <!-- eliminarLixeira -->
        <test-method is-config="true" signature="afterClass()[pri:0, instance:com.timp.test.BRB.ExcluirRelatorio@35dab4eb]" started-at="2024-06-05T20:56:50 UTC" name="afterClass" finished-at="2024-06-05T20:56:50 UTC" duration-ms="0" status="PASS">
          <reporter-output>
          </reporter-output>
        </test-method> <!-- afterClass -->
      </class> <!-- com.timp.test.BRB.ExcluirRelatorio -->
    </test> <!-- ExcluirRelatorio -->
    <test started-at="2024-06-05T20:56:50 UTC" name="Output Automatico" finished-at="2024-06-05T21:00:09 UTC" duration-ms="199192">
      <class name="com.timp.test.BRB.OutputAutomatico">
        <test-method is-config="true" signature="beforeClass()[pri:0, instance:com.timp.test.BRB.OutputAutomatico@909217e]" started-at="2024-06-05T20:56:50 UTC" name="beforeClass" finished-at="2024-06-05T20:56:52 UTC" duration-ms="2162" status="PASS">
          <reporter-output>
          </reporter-output>
        </test-method> <!-- beforeClass -->
        <test-method signature="outputAutomatico()[pri:0, instance:com.timp.test.BRB.OutputAutomatico@909217e]" started-at="2024-06-05T20:56:52 UTC" name="outputAutomatico" finished-at="2024-06-05T21:00:09 UTC" duration-ms="197028" status="PASS">
          <reporter-output>
          </reporter-output>
        </test-method> <!-- outputAutomatico -->
        <test-method is-config="true" signature="afterClass()[pri:0, instance:com.timp.test.BRB.OutputAutomatico@909217e]" started-at="2024-06-05T21:00:09 UTC" name="afterClass" finished-at="2024-06-05T21:00:09 UTC" duration-ms="0" status="PASS">
          <reporter-output>
          </reporter-output>
        </test-method> <!-- afterClass -->
      </class> <!-- com.timp.test.BRB.OutputAutomatico -->
    </test> <!-- Output Automatico -->
    <test started-at="2024-06-05T21:00:09 UTC" name="Output Referencia" finished-at="2024-06-05T21:03:13 UTC" duration-ms="184413">
      <class name="com.timp.test.BRB.OutputdeReferencia">
        <test-method is-config="true" signature="beforeClass()[pri:0, instance:com.timp.test.BRB.OutputdeReferencia@5e2c3d18]" started-at="2024-06-05T21:00:09 UTC" name="beforeClass" finished-at="2024-06-05T21:00:11 UTC" duration-ms="2270" status="PASS">
          <reporter-output>
          </reporter-output>
        </test-method> <!-- beforeClass -->
        <test-method signature="outputReferencia()[pri:0, instance:com.timp.test.BRB.OutputdeReferencia@5e2c3d18]" started-at="2024-06-05T21:00:11 UTC" name="outputReferencia" finished-at="2024-06-05T21:03:13 UTC" duration-ms="182142" status="PASS">
          <reporter-output>
          </reporter-output>
        </test-method> <!-- outputReferencia -->
        <test-method is-config="true" signature="afterClass()[pri:0, instance:com.timp.test.BRB.OutputdeReferencia@5e2c3d18]" started-at="2024-06-05T21:03:13 UTC" name="afterClass" finished-at="2024-06-05T21:03:13 UTC" duration-ms="0" status="PASS">
          <reporter-output>
          </reporter-output>
        </test-method> <!-- afterClass -->
      </class> <!-- com.timp.test.BRB.OutputdeReferencia -->
    </test> <!-- Output Referencia -->
    <test started-at="2024-06-05T21:03:13 UTC" name="Atribucao De Regra (Regra)" finished-at="2024-06-05T21:04:04 UTC" duration-ms="50516">
      <class name="com.timp.test.BRB.AtribuicaodeRegra">
        <test-method is-config="true" signature="beforeClass()[pri:0, instance:com.timp.test.BRB.AtribuicaodeRegra@413d1baf]" started-at="2024-06-05T21:03:13 UTC" name="beforeClass" finished-at="2024-06-05T21:03:14 UTC" duration-ms="981" status="PASS">
          <reporter-output>
          </reporter-output>
        </test-method> <!-- beforeClass -->
        <test-method signature="editar()[pri:0, instance:com.timp.test.BRB.AtribuicaodeRegra@413d1baf]" started-at="2024-06-05T21:03:14 UTC" name="editar" finished-at="2024-06-05T21:04:04 UTC" duration-ms="49391" status="FAIL">
          <exception class="org.openqa.selenium.NoSuchElementException">
            <message>
              <![CDATA[no such element: Unable to locate element: {"method":"xpath","selector":"//span[text()="Atribuir Regra"]"}
  (Session info: chrome=125.0.6422.61)
For documentation on this error, please visit: https://www.seleniumhq.org/exceptions/no_such_element.html
Build info: version: '3.141.59', revision: 'e82be7d358', time: '2018-11-14T08:17:03'
System info: host: 'EC2AMAZ-8HCHO4G', ip: '10.0.0.249', os.name: 'Windows Server 2019', os.arch: 'amd64', os.version: '10.0', java.version: '17.0.4.1'
Driver info: org.openqa.selenium.chrome.ChromeDriver
Capabilities {acceptInsecureCerts: false, browserName: chrome, browserVersion: 125.0.6422.61, chrome: {chromedriverVersion: 125.0.6422.60 (3ac3319bff9f..., userDataDir: C:\Users\user_ta\AppData\Lo...}, fedcm:accounts: true, goog:chromeOptions: {debuggerAddress: localhost:49927}, javascriptEnabled: true, networkConnectionEnabled: false, pageLoadStrategy: normal, platform: WINDOWS, platformName: WINDOWS, proxy: Proxy(), setWindowRect: true, strictFileInteractability: false, timeouts: {implicit: 0, pageLoad: 300000, script: 30000}, unhandledPromptBehavior: dismiss and notify, webauthn:extension:credBlob: true, webauthn:extension:largeBlob: true, webauthn:extension:minPinLength: true, webauthn:extension:prf: true, webauthn:virtualAuthenticators: true}
Session ID: a8f544cc3bef48ab00bef200e99dde68
*** Element info: {Using=xpath, value=//span[text()="Atribuir Regra"]}]]>
            </message>
            <full-stacktrace>
              <![CDATA[org.openqa.selenium.NoSuchElementException: no such element: Unable to locate element: {"method":"xpath","selector":"//span[text()="Atribuir Regra"]"}
  (Session info: chrome=125.0.6422.61)
For documentation on this error, please visit: https://www.seleniumhq.org/exceptions/no_such_element.html
Build info: version: '3.141.59', revision: 'e82be7d358', time: '2018-11-14T08:17:03'
System info: host: 'EC2AMAZ-8HCHO4G', ip: '10.0.0.249', os.name: 'Windows Server 2019', os.arch: 'amd64', os.version: '10.0', java.version: '17.0.4.1'
Driver info: org.openqa.selenium.chrome.ChromeDriver
Capabilities {acceptInsecureCerts: false, browserName: chrome, browserVersion: 125.0.6422.61, chrome: {chromedriverVersion: 125.0.6422.60 (3ac3319bff9f..., userDataDir: C:\Users\user_ta\AppData\Lo...}, fedcm:accounts: true, goog:chromeOptions: {debuggerAddress: localhost:49927}, javascriptEnabled: true, networkConnectionEnabled: false, pageLoadStrategy: normal, platform: WINDOWS, platformName: WINDOWS, proxy: Proxy(), setWindowRect: true, strictFileInteractability: false, timeouts: {implicit: 0, pageLoad: 300000, script: 30000}, unhandledPromptBehavior: dismiss and notify, webauthn:extension:credBlob: true, webauthn:extension:largeBlob: true, webauthn:extension:minPinLength: true, webauthn:extension:prf: true, webauthn:virtualAuthenticators: true}
Session ID: a8f544cc3bef48ab00bef200e99dde68
*** Element info: {Using=xpath, value=//span[text()="Atribuir Regra"]}
at jdk.internal.reflect.GeneratedConstructorAccessor18.newInstance(Unknown Source)
at java.base/jdk.internal.reflect.DelegatingConstructorAccessorImpl.newInstance(DelegatingConstructorAccessorImpl.java:45)
at java.base/java.lang.reflect.Constructor.newInstanceWithCaller(Constructor.java:499)
at java.base/java.lang.reflect.Constructor.newInstance(Constructor.java:480)
at org.openqa.selenium.remote.http.W3CHttpResponseCodec.createException(W3CHttpResponseCodec.java:187)
at org.openqa.selenium.remote.http.W3CHttpResponseCodec.decode(W3CHttpResponseCodec.java:122)
at org.openqa.selenium.remote.http.W3CHttpResponseCodec.decode(W3CHttpResponseCodec.java:49)
at org.openqa.selenium.remote.HttpCommandExecutor.execute(HttpCommandExecutor.java:158)
at org.openqa.selenium.remote.service.DriverCommandExecutor.execute(DriverCommandExecutor.java:83)
at org.openqa.selenium.remote.RemoteWebDriver.execute(RemoteWebDriver.java:552)
at org.openqa.selenium.remote.RemoteWebDriver.findElement(RemoteWebDriver.java:323)
at org.openqa.selenium.remote.RemoteWebDriver.findElementByXPath(RemoteWebDriver.java:428)
at org.openqa.selenium.By$ByXPath.findElement(By.java:353)
at org.openqa.selenium.remote.RemoteWebDriver.findElement(RemoteWebDriver.java:315)
at org.openqa.selenium.support.pagefactory.DefaultElementLocator.findElement(DefaultElementLocator.java:69)
at org.openqa.selenium.support.pagefactory.internal.LocatingElementHandler.invoke(LocatingElementHandler.java:38)
at jdk.proxy2/jdk.proxy2.$Proxy12.click(Unknown Source)
at com.sap.timp.pageObjectModel.BRB.AtribuicaodeRegraPO.editar(AtribuicaodeRegraPO.java:150)
at com.timp.test.BRB.AtribuicaodeRegra.editar(AtribuicaodeRegra.java:41)
at java.base/jdk.internal.reflect.NativeMethodAccessorImpl.invoke0(Native Method)
at java.base/jdk.internal.reflect.NativeMethodAccessorImpl.invoke(NativeMethodAccessorImpl.java:77)
at java.base/jdk.internal.reflect.DelegatingMethodAccessorImpl.invoke(DelegatingMethodAccessorImpl.java:43)
at java.base/java.lang.reflect.Method.invoke(Method.java:568)
at org.testng.internal.MethodInvocationHelper.invokeMethod(MethodInvocationHelper.java:133)
at org.testng.internal.TestInvoker.invokeMethod(TestInvoker.java:598)
at org.testng.internal.TestInvoker.invokeTestMethod(TestInvoker.java:173)
at org.testng.internal.MethodRunner.runInSequence(MethodRunner.java:46)
at org.testng.internal.TestInvoker$MethodInvocationAgent.invoke(TestInvoker.java:824)
at org.testng.internal.TestInvoker.invokeTestMethods(TestInvoker.java:146)
at org.testng.internal.TestMethodWorker.invokeTestMethods(TestMethodWorker.java:146)
at org.testng.internal.TestMethodWorker.run(TestMethodWorker.java:128)
at java.base/java.util.ArrayList.forEach(ArrayList.java:1511)
at org.testng.TestRunner.privateRun(TestRunner.java:794)
at org.testng.TestRunner.run(TestRunner.java:596)
at org.testng.SuiteRunner.runTest(SuiteRunner.java:377)
at org.testng.SuiteRunner.runSequentially(SuiteRunner.java:371)
at org.testng.SuiteRunner.privateRun(SuiteRunner.java:332)
at org.testng.SuiteRunner.run(SuiteRunner.java:276)
at org.testng.SuiteRunnerWorker.runSuite(SuiteRunnerWorker.java:53)
at org.testng.SuiteRunnerWorker.run(SuiteRunnerWorker.java:96)
at org.testng.TestNG.runSuitesSequentially(TestNG.java:1212)
at org.testng.TestNG.runSuitesLocally(TestNG.java:1134)
at org.testng.TestNG.runSuites(TestNG.java:1063)
at org.testng.TestNG.run(TestNG.java:1031)
at org.testng.remote.AbstractRemoteTestNG.run(AbstractRemoteTestNG.java:115)
at org.testng.remote.RemoteTestNG.initAndRun(RemoteTestNG.java:251)
at org.testng.remote.RemoteTestNG.main(RemoteTestNG.java:77)
]]>
            </full-stacktrace>
          </exception> <!-- org.openqa.selenium.NoSuchElementException -->
          <reporter-output>
          </reporter-output>
        </test-method> <!-- editar -->
        <test-method is-config="true" signature="afterClass()[pri:0, instance:com.timp.test.BRB.AtribuicaodeRegra@413d1baf]" started-at="2024-06-05T21:04:04 UTC" name="afterClass" finished-at="2024-06-05T21:04:04 UTC" duration-ms="142" status="PASS">
          <reporter-output>
          </reporter-output>
        </test-method> <!-- afterClass -->
      </class> <!-- com.timp.test.BRB.AtribuicaodeRegra -->
    </test> <!-- Atribucao De Regra (Regra) -->
  </suite> <!-- Suite -->
</testng-results>
