<?xml version="1.0" encoding="UTF-8"?>
<testng-results skipped="0" failed="0" total="1" passed="1">
  <reporter-output>
  </reporter-output>
  <suite name="Elections Main UI Testing - Functional Tests" duration-ms="32301" started-at="2020-07-27T19:11:20Z" finished-at="2020-07-27T19:11:52Z">
    <groups>
    </groups>
    <test name="FunctionalTests" duration-ms="32301" started-at="2020-07-27T19:11:20Z" finished-at="2020-07-27T19:11:52Z">
      <class name="com.timp.test.ADM.LoginTest">
        <test-method status="PASS" signature="beforeClass()[pri:0, instance:com.timp.test.ADM.LoginTest@7c16905e]" name="beforeClass" is-config="true" duration-ms="13212" started-at="2020-07-27T13:11:20Z" finished-at="2020-07-27T13:11:33Z">
          <reporter-output>
          </reporter-output>
        </test-method> <!-- beforeClass -->
        <test-method status="PASS" signature="Login()[pri:0, instance:com.timp.test.ADM.LoginTest@7c16905e]" name="Login" duration-ms="18832" started-at="2020-07-27T13:11:33Z" finished-at="2020-07-27T13:11:52Z">
          <reporter-output>
          </reporter-output>
        </test-method> <!-- Login -->
        <test-method status="PASS" signature="afterClass()[pri:0, instance:com.timp.test.ADM.LoginTest@7c16905e]" name="afterClass" is-config="true" duration-ms="244" started-at="2020-07-27T13:11:52Z" finished-at="2020-07-27T13:11:52Z">
          <reporter-output>
          </reporter-output>
        </test-method> <!-- afterClass -->
      </class> <!-- com.timp.test.ADM.LoginTest -->
    </test> <!-- FunctionalTests -->
  </suite> <!-- Elections Main UI Testing - Functional Tests -->
</testng-results>
