<?xml version="1.0" encoding="UTF-8"?>
<testng-results ignored="0" total="2" passed="2" failed="0" skipped="0">
  <reporter-output>
  </reporter-output>
  <suite started-at="2021-09-13T23:41:47Z" name="Default suite" finished-at="2021-09-13T23:57:28Z" duration-ms="941238">
    <groups>
    </groups>
    <test started-at="2021-09-13T23:41:47Z" name="Default test" finished-at="2021-09-13T23:57:28Z" duration-ms="941238">
      <class name="com.timp.test.ATR.Estruturas.RelacionamentoEstruturas.RelacionamentoEstruturasExcluirEmMassa">
        <test-method is-config="true" signature="beforeClass()[pri:0, instance:com.timp.test.ATR.Estruturas.RelacionamentoEstruturas.RelacionamentoEstruturasExcluirEmMassa@29647f75]" started-at="2021-09-13T23:41:47Z" name="beforeClass" finished-at="2021-09-13T23:42:15Z" duration-ms="28239" status="PASS">
          <reporter-output>
          </reporter-output>
        </test-method> <!-- beforeClass -->
        <test-method signature="criarRelacionamento()[pri:0, instance:com.timp.test.ATR.Estruturas.RelacionamentoEstruturas.RelacionamentoEstruturasExcluirEmMassa@29647f75]" started-at="2021-09-13T23:42:15Z" name="criarRelacionamento" finished-at="2021-09-13T23:56:49Z" duration-ms="873317" status="PASS">
          <reporter-output>
          </reporter-output>
        </test-method> <!-- criarRelacionamento -->
        <test-method signature="excluirMassa()[pri:0, instance:com.timp.test.ATR.Estruturas.RelacionamentoEstruturas.RelacionamentoEstruturasExcluirEmMassa@29647f75]" started-at="2021-09-13T23:56:49Z" name="excluirMassa" finished-at="2021-09-13T23:57:28Z" depends-on-methods="com.timp.test.ATR.Estruturas.RelacionamentoEstruturas.RelacionamentoEstruturasExcluirEmMassa.criarRelacionamento" duration-ms="39652" status="PASS">
          <reporter-output>
          </reporter-output>
        </test-method> <!-- excluirMassa -->
        <test-method is-config="true" signature="afterClass()[pri:0, instance:com.timp.test.ATR.Estruturas.RelacionamentoEstruturas.RelacionamentoEstruturasExcluirEmMassa@29647f75]" started-at="2021-09-13T23:57:28Z" name="afterClass" finished-at="2021-09-13T23:57:28Z" duration-ms="0" status="PASS">
          <reporter-output>
          </reporter-output>
        </test-method> <!-- afterClass -->
      </class> <!-- com.timp.test.ATR.Estruturas.RelacionamentoEstruturas.RelacionamentoEstruturasExcluirEmMassa -->
    </test> <!-- Default test -->
  </suite> <!-- Default suite -->
</testng-results>
