<?xml version="1.0" encoding="UTF-8"?>
<testng-results skipped="0" failed="0" total="3" passed="3">
  <reporter-output>
  </reporter-output>
  <suite name="Default suite" duration-ms="95960" started-at="2020-08-21T22:40:45Z" finished-at="2020-08-21T22:42:21Z">
    <groups>
    </groups>
    <test name="Default test" duration-ms="95960" started-at="2020-08-21T22:40:45Z" finished-at="2020-08-21T22:42:21Z">
      <class name="com.timp.test.MDR.TabelasApoioSped.CodigoAjustesContribuiçoesCreditos.CodigoAjustesContribuiçaoCreditosExcluir">
        <test-method status="PASS" signature="beforeClass()[pri:0, instance:com.timp.test.MDR.TabelasApoioSped.CodigoAjustesContribuiçoesCreditos.CodigoAjustesContribuiçaoCreditosExcluir@35083305]" name="beforeClass" is-config="true" duration-ms="11442" started-at="2020-08-21T16:40:45Z" finished-at="2020-08-21T16:40:57Z">
          <reporter-output>
          </reporter-output>
        </test-method> <!-- beforeClass -->
        <test-method status="PASS" signature="login()[pri:0, instance:com.timp.test.MDR.TabelasApoioSped.CodigoAjustesContribuiçoesCreditos.CodigoAjustesContribuiçaoCreditosExcluir@35083305]" name="login" duration-ms="6677" started-at="2020-08-21T16:40:57Z" finished-at="2020-08-21T16:41:03Z">
          <reporter-output>
          </reporter-output>
        </test-method> <!-- login -->
        <test-method status="PASS" signature="acessarMDR()[pri:0, instance:com.timp.test.MDR.TabelasApoioSped.CodigoAjustesContribuiçoesCreditos.CodigoAjustesContribuiçaoCreditosExcluir@35083305]" name="acessarMDR" duration-ms="27537" started-at="2020-08-21T16:41:03Z" finished-at="2020-08-21T16:41:31Z">
          <reporter-output>
          </reporter-output>
        </test-method> <!-- acessarMDR -->
        <test-method status="PASS" signature="criar()[pri:0, instance:com.timp.test.MDR.TabelasApoioSped.CodigoAjustesContribuiçoesCreditos.CodigoAjustesContribuiçaoCreditosExcluir@35083305]" name="criar" duration-ms="50288" started-at="2020-08-21T16:41:31Z" finished-at="2020-08-21T16:42:21Z">
          <reporter-output>
          </reporter-output>
        </test-method> <!-- criar -->
      </class> <!-- com.timp.test.MDR.TabelasApoioSped.CodigoAjustesContribuiçoesCreditos.CodigoAjustesContribuiçaoCreditosExcluir -->
    </test> <!-- Default test -->
  </suite> <!-- Default suite -->
</testng-results>
