<?xml version="1.0" encoding="UTF-8"?>
<testng-results skipped="0" failed="0" total="3" passed="3">
  <reporter-output>
  </reporter-output>
  <suite name="Default suite" duration-ms="56801" started-at="2020-07-28T18:14:08Z" finished-at="2020-07-28T18:15:05Z">
    <groups>
    </groups>
    <test name="Default test" duration-ms="56801" started-at="2020-07-28T18:14:08Z" finished-at="2020-07-28T18:15:05Z">
      <class name="com.timp.test.MDR.CadastroCondiçao.CadastroCondicaoCriar">
        <test-method status="PASS" signature="beforeClass()[pri:0, instance:com.timp.test.MDR.CadastroCondiçao.CadastroCondicaoCriar@8e0379d]" name="beforeClass" is-config="true" duration-ms="15866" started-at="2020-07-28T15:14:08Z" finished-at="2020-07-28T15:14:24Z">
          <reporter-output>
          </reporter-output>
        </test-method> <!-- beforeClass -->
        <test-method status="PASS" signature="login()[pri:0, instance:com.timp.test.MDR.CadastroCondiçao.CadastroCondicaoCriar@8e0379d]" name="login" duration-ms="10622" started-at="2020-07-28T15:14:24Z" finished-at="2020-07-28T15:14:35Z">
          <reporter-output>
          </reporter-output>
        </test-method> <!-- login -->
        <test-method status="PASS" signature="acessarMDR()[pri:0, instance:com.timp.test.MDR.CadastroCondiçao.CadastroCondicaoCriar@8e0379d]" name="acessarMDR" duration-ms="30148" started-at="2020-07-28T15:14:35Z" finished-at="2020-07-28T15:15:05Z">
          <reporter-output>
          </reporter-output>
        </test-method> <!-- acessarMDR -->
        <test-method status="PASS" signature="criar()[pri:0, instance:com.timp.test.MDR.CadastroCondiçao.CadastroCondicaoCriar@8e0379d]" name="criar" duration-ms="130" started-at="2020-07-28T15:15:05Z" finished-at="2020-07-28T15:15:05Z">
          <reporter-output>
          </reporter-output>
        </test-method> <!-- criar -->
      </class> <!-- com.timp.test.MDR.CadastroCondiçao.CadastroCondicaoCriar -->
    </test> <!-- Default test -->
  </suite> <!-- Default suite -->
</testng-results>
