<?xml version="1.0" encoding="UTF-8"?>
<testng-results ignored="0" total="1" passed="1" failed="0" skipped="0">
  <reporter-output>
  </reporter-output>
  <suite started-at="2021-02-24T19:27:47Z" name="Default suite" finished-at="2021-02-24T19:29:35Z" duration-ms="107250">
    <groups>
    </groups>
    <test started-at="2021-02-24T19:27:47Z" name="Default test" finished-at="2021-02-24T19:29:35Z" duration-ms="107250">
      <class name="com.timp.test.MDR.TabelasApoioESocial.Tabela02.FinanciamentoDeAposEspVisualizar">
        <test-method is-config="true" signature="beforeClass()[pri:0, instance:com.timp.test.MDR.TabelasApoioESocial.Tabela02.FinanciamentoDeAposEspVisualizar@20f5281c]" started-at="2021-02-24T19:27:47Z" name="beforeClass" finished-at="2021-02-24T19:28:06Z" duration-ms="18889" status="PASS">
          <reporter-output>
          </reporter-output>
        </test-method> <!-- beforeClass -->
        <test-method signature="Visualizar()[pri:0, instance:com.timp.test.MDR.TabelasApoioESocial.Tabela02.FinanciamentoDeAposEspVisualizar@20f5281c]" started-at="2021-02-24T19:28:06Z" name="Visualizar" finished-at="2021-02-24T19:29:35Z" duration-ms="88323" status="PASS">
          <reporter-output>
          </reporter-output>
        </test-method> <!-- Visualizar -->
        <test-method is-config="true" signature="afterClass()[pri:0, instance:com.timp.test.MDR.TabelasApoioESocial.Tabela02.FinanciamentoDeAposEspVisualizar@20f5281c]" started-at="2021-02-24T19:29:35Z" name="afterClass" finished-at="2021-02-24T19:29:35Z" duration-ms="0" status="PASS">
          <reporter-output>
          </reporter-output>
        </test-method> <!-- afterClass -->
      </class> <!-- com.timp.test.MDR.TabelasApoioESocial.Tabela02.FinanciamentoDeAposEspVisualizar -->
    </test> <!-- Default test -->
  </suite> <!-- Default suite -->
</testng-results>
