<?xml version="1.0" encoding="UTF-8"?>
<testng-results total="3" passed="3" failed="0" skipped="0">
  <reporter-output>
  </reporter-output>
  <suite started-at="2021-01-29T18:05:50Z" name="Default suite" finished-at="2021-01-29T18:07:35Z" duration-ms="104434">
    <groups>
    </groups>
    <test started-at="2021-01-29T18:05:50Z" name="Default test" finished-at="2021-01-29T18:07:35Z" duration-ms="104434">
      <class name="com.timp.test.TCC.GestaoDeCreditoTributarioICMS.Executados.PainelCreditoICMS.PainelCreditoICMSExcluir">
        <test-method is-config="true" signature="beforeClass()[pri:0, instance:com.timp.test.TCC.GestaoDeCreditoTributarioICMS.Executados.PainelCreditoICMS.PainelCreditoICMSExcluir@17f62e33]" started-at="2021-01-29T12:05:50Z" name="beforeClass" finished-at="2021-01-29T12:06:07Z" duration-ms="16285" status="PASS">
          <reporter-output>
          </reporter-output>
        </test-method> <!-- beforeClass -->
        <test-method signature="login()[pri:0, instance:com.timp.test.TCC.GestaoDeCreditoTributarioICMS.Executados.PainelCreditoICMS.PainelCreditoICMSExcluir@17f62e33]" started-at="2021-01-29T12:06:07Z" name="login" finished-at="2021-01-29T12:06:16Z" duration-ms="8920" status="PASS">
          <reporter-output>
          </reporter-output>
        </test-method> <!-- login -->
        <test-method signature="acessarTCC()[pri:0, instance:com.timp.test.TCC.GestaoDeCreditoTributarioICMS.Executados.PainelCreditoICMS.PainelCreditoICMSExcluir@17f62e33]" started-at="2021-01-29T12:06:16Z" name="acessarTCC" finished-at="2021-01-29T12:06:49Z" duration-ms="33169" status="PASS">
          <reporter-output>
          </reporter-output>
        </test-method> <!-- acessarTCC -->
        <test-method signature="excluir()[pri:0, instance:com.timp.test.TCC.GestaoDeCreditoTributarioICMS.Executados.PainelCreditoICMS.PainelCreditoICMSExcluir@17f62e33]" started-at="2021-01-29T12:06:49Z" name="excluir" finished-at="2021-01-29T12:07:35Z" duration-ms="46041" status="PASS">
          <reporter-output>
          </reporter-output>
        </test-method> <!-- excluir -->
        <test-method is-config="true" signature="afterClass()[pri:0, instance:com.timp.test.TCC.GestaoDeCreditoTributarioICMS.Executados.PainelCreditoICMS.PainelCreditoICMSExcluir@17f62e33]" started-at="2021-01-29T12:07:35Z" name="afterClass" finished-at="2021-01-29T12:07:35Z" duration-ms="1" status="PASS">
          <reporter-output>
          </reporter-output>
        </test-method> <!-- afterClass -->
      </class> <!-- com.timp.test.TCC.GestaoDeCreditoTributarioICMS.Executados.PainelCreditoICMS.PainelCreditoICMSExcluir -->
    </test> <!-- Default test -->
  </suite> <!-- Default suite -->
</testng-results>
