<?xml version="1.0" encoding="UTF-8"?>
<testng-results skipped="0" failed="0" total="3" passed="3">
  <reporter-output>
  </reporter-output>
  <suite name="Default suite" duration-ms="118277" started-at="2021-01-19T05:28:24Z" finished-at="2021-01-19T05:30:22Z">
    <groups>
    </groups>
    <test name="Default test" duration-ms="118277" started-at="2021-01-19T05:28:24Z" finished-at="2021-01-19T05:30:22Z">
      <class name="com.timp.test.MDR.Ajustes.CodigosAjustes.CodigosAjustesExcluir">
        <test-method status="PASS" signature="beforeClass()[pri:0, instance:com.timp.test.MDR.Ajustes.CodigosAjustes.CodigosAjustesExcluir@f2f2cc1]" name="beforeClass" is-config="true" duration-ms="16284" started-at="2021-01-18T23:28:24Z" finished-at="2021-01-18T23:28:40Z">
          <reporter-output>
          </reporter-output>
        </test-method> <!-- beforeClass -->
        <test-method status="PASS" signature="login()[pri:0, instance:com.timp.test.MDR.Ajustes.CodigosAjustes.CodigosAjustesExcluir@f2f2cc1]" name="login" duration-ms="9286" started-at="2021-01-18T23:28:40Z" finished-at="2021-01-18T23:28:50Z">
          <reporter-output>
          </reporter-output>
        </test-method> <!-- login -->
        <test-method status="PASS" signature="acessarMDR()[pri:0, instance:com.timp.test.MDR.Ajustes.CodigosAjustes.CodigosAjustesExcluir@f2f2cc1]" name="acessarMDR" duration-ms="27161" started-at="2021-01-18T23:28:50Z" finished-at="2021-01-18T23:29:17Z">
          <reporter-output>
          </reporter-output>
        </test-method> <!-- acessarMDR -->
        <test-method status="PASS" signature="excluir()[pri:0, instance:com.timp.test.MDR.Ajustes.CodigosAjustes.CodigosAjustesExcluir@f2f2cc1]" name="excluir" duration-ms="65467" started-at="2021-01-18T23:29:17Z" finished-at="2021-01-18T23:30:22Z">
          <reporter-output>
          </reporter-output>
        </test-method> <!-- excluir -->
        <test-method status="PASS" signature="afterClass()[pri:0, instance:com.timp.test.MDR.Ajustes.CodigosAjustes.CodigosAjustesExcluir@f2f2cc1]" name="afterClass" is-config="true" duration-ms="56" started-at="2021-01-18T23:30:22Z" finished-at="2021-01-18T23:30:22Z">
          <reporter-output>
          </reporter-output>
        </test-method> <!-- afterClass -->
      </class> <!-- com.timp.test.MDR.Ajustes.CodigosAjustes.CodigosAjustesExcluir -->
    </test> <!-- Default test -->
  </suite> <!-- Default suite -->
</testng-results>
