<?xml version="1.0" encoding="UTF-8"?>
<testng-results skipped="0" failed="2" total="15" passed="13">
  <reporter-output>
  </reporter-output>
  <suite name="Default suite" duration-ms="666504" started-at="2021-01-14T15:36:42Z" finished-at="2021-01-14T15:47:48Z">
    <groups>
    </groups>
    <test name="Default test" duration-ms="666504" started-at="2021-01-14T15:36:42Z" finished-at="2021-01-14T15:47:48Z">
      <class name="com.timp.test.DFG.SPED.ECF.ECFFuncionalidades">
        <test-method status="PASS" signature="beforeClass()[pri:0, instance:com.timp.test.DFG.SPED.ECF.ECFFuncionalidades@3b2cf7ab]" name="beforeClass" is-config="true" duration-ms="12580" started-at="2021-01-14T09:36:42Z" finished-at="2021-01-14T09:36:54Z">
          <reporter-output>
          </reporter-output>
        </test-method> <!-- beforeClass -->
        <test-method status="PASS" signature="ingresar()[pri:0, instance:com.timp.test.DFG.SPED.ECF.ECFFuncionalidades@3b2cf7ab]" name="ingresar" duration-ms="7813" started-at="2021-01-14T09:36:54Z" finished-at="2021-01-14T09:37:02Z">
          <reporter-output>
          </reporter-output>
        </test-method> <!-- ingresar -->
        <test-method status="PASS" signature="mdrEntrar()[pri:0, instance:com.timp.test.DFG.SPED.ECF.ECFFuncionalidades@3b2cf7ab]" name="mdrEntrar" duration-ms="27965" started-at="2021-01-14T09:37:02Z" finished-at="2021-01-14T09:37:30Z">
          <reporter-output>
          </reporter-output>
        </test-method> <!-- mdrEntrar -->
        <test-method status="PASS" signature="ID()[pri:0, instance:com.timp.test.DFG.SPED.ECF.ECFFuncionalidades@3b2cf7ab]" name="ID" duration-ms="75561" started-at="2021-01-14T09:37:30Z" finished-at="2021-01-14T09:38:46Z">
          <reporter-output>
          </reporter-output>
        </test-method> <!-- ID -->
        <test-method status="PASS" signature="criar()[pri:0, instance:com.timp.test.DFG.SPED.ECF.ECFFuncionalidades@3b2cf7ab]" name="criar" duration-ms="122660" started-at="2021-01-14T09:38:46Z" finished-at="2021-01-14T09:40:48Z">
          <reporter-output>
          </reporter-output>
        </test-method> <!-- criar -->
        <test-method status="FAIL" signature="editar()[pri:0, instance:com.timp.test.DFG.SPED.ECF.ECFFuncionalidades@3b2cf7ab]" name="editar" duration-ms="41702" started-at="2021-01-14T09:40:48Z" finished-at="2021-01-14T09:41:30Z">
          <exception class="java.lang.AssertionError">
            <message>
              <![CDATA[O valor do campo não foi editado expected [true] but found [false]]]>
            </message>
            <full-stacktrace>
              <![CDATA[java.lang.AssertionError: O valor do campo não foi editado expected [true] but found [false]
	at org.testng.Assert.fail(Assert.java:94)
	at org.testng.Assert.failNotEquals(Assert.java:494)
	at org.testng.Assert.assertTrue(Assert.java:42)
	at com.timp.test.DFG.SPED.ECF.ECFFuncionalidades.editar(ECFFuncionalidades.java:62)
	at sun.reflect.NativeMethodAccessorImpl.invoke0(Native Method)
	at sun.reflect.NativeMethodAccessorImpl.invoke(Unknown Source)
	at sun.reflect.DelegatingMethodAccessorImpl.invoke(Unknown Source)
	at java.lang.reflect.Method.invoke(Unknown Source)
	at org.testng.internal.MethodInvocationHelper.invokeMethod(MethodInvocationHelper.java:80)
	at org.testng.internal.Invoker.invokeMethod(Invoker.java:714)
	at org.testng.internal.Invoker.invokeTestMethod(Invoker.java:901)
	at org.testng.internal.Invoker.invokeTestMethods(Invoker.java:1231)
	at org.testng.internal.TestMethodWorker.invokeTestMethods(TestMethodWorker.java:127)
	at org.testng.internal.TestMethodWorker.run(TestMethodWorker.java:111)
	at org.testng.TestRunner.privateRun(TestRunner.java:767)
	at org.testng.TestRunner.run(TestRunner.java:617)
	at org.testng.SuiteRunner.runTest(SuiteRunner.java:334)
	at org.testng.SuiteRunner.runSequentially(SuiteRunner.java:329)
	at org.testng.SuiteRunner.privateRun(SuiteRunner.java:291)
	at org.testng.SuiteRunner.run(SuiteRunner.java:240)
	at org.testng.SuiteRunnerWorker.runSuite(SuiteRunnerWorker.java:52)
	at org.testng.SuiteRunnerWorker.run(SuiteRunnerWorker.java:86)
	at org.testng.TestNG.runSuitesSequentially(TestNG.java:1198)
	at org.testng.TestNG.runSuitesLocally(TestNG.java:1123)
	at org.testng.TestNG.run(TestNG.java:1031)
	at org.testng.remote.AbstractRemoteTestNG.run(AbstractRemoteTestNG.java:115)
	at org.testng.remote.RemoteTestNG.initAndRun(RemoteTestNG.java:251)
	at org.testng.remote.RemoteTestNG.main(RemoteTestNG.java:77)
]]>
            </full-stacktrace>
          </exception> <!-- java.lang.AssertionError -->
          <reporter-output>
          </reporter-output>
        </test-method> <!-- editar -->
        <test-method status="PASS" signature="informacao()[pri:0, instance:com.timp.test.DFG.SPED.ECF.ECFFuncionalidades@3b2cf7ab]" name="informacao" duration-ms="30963" started-at="2021-01-14T09:41:30Z" finished-at="2021-01-14T09:42:01Z">
          <reporter-output>
          </reporter-output>
        </test-method> <!-- informacao -->
        <test-method status="PASS" signature="visualizar()[pri:0, instance:com.timp.test.DFG.SPED.ECF.ECFFuncionalidades@3b2cf7ab]" name="visualizar" duration-ms="24139" started-at="2021-01-14T09:42:01Z" finished-at="2021-01-14T09:42:25Z">
          <reporter-output>
          </reporter-output>
        </test-method> <!-- visualizar -->
        <test-method status="PASS" signature="criarBlocos()[pri:0, instance:com.timp.test.DFG.SPED.ECF.ECFFuncionalidades@3b2cf7ab]" name="criarBlocos" duration-ms="23844" started-at="2021-01-14T09:42:25Z" finished-at="2021-01-14T09:42:49Z">
          <reporter-output>
          </reporter-output>
        </test-method> <!-- criarBlocos -->
        <test-method status="PASS" signature="editarBlocos()[pri:0, instance:com.timp.test.DFG.SPED.ECF.ECFFuncionalidades@3b2cf7ab]" name="editarBlocos" duration-ms="20877" started-at="2021-01-14T09:42:49Z" finished-at="2021-01-14T09:43:10Z">
          <reporter-output>
          </reporter-output>
        </test-method> <!-- editarBlocos -->
        <test-method status="PASS" signature="InformacaoBlocos()[pri:0, instance:com.timp.test.DFG.SPED.ECF.ECFFuncionalidades@3b2cf7ab]" name="InformacaoBlocos" duration-ms="18692" started-at="2021-01-14T09:43:10Z" finished-at="2021-01-14T09:43:29Z">
          <reporter-output>
          </reporter-output>
        </test-method> <!-- InformacaoBlocos -->
        <test-method status="PASS" signature="visualizarBlocos()[pri:0, instance:com.timp.test.DFG.SPED.ECF.ECFFuncionalidades@3b2cf7ab]" name="visualizarBlocos" duration-ms="19111" started-at="2021-01-14T09:43:29Z" finished-at="2021-01-14T09:43:48Z">
          <reporter-output>
          </reporter-output>
        </test-method> <!-- visualizarBlocos -->
        <test-method status="PASS" signature="executarBlocos()[pri:0, instance:com.timp.test.DFG.SPED.ECF.ECFFuncionalidades@3b2cf7ab]" name="executarBlocos" duration-ms="132466" started-at="2021-01-14T09:43:48Z" finished-at="2021-01-14T09:46:00Z">
          <reporter-output>
          </reporter-output>
        </test-method> <!-- executarBlocos -->
        <test-method status="PASS" signature="visualizarAN3()[pri:0, instance:com.timp.test.DFG.SPED.ECF.ECFFuncionalidades@3b2cf7ab]" name="visualizarAN3" duration-ms="49286" started-at="2021-01-14T09:46:00Z" finished-at="2021-01-14T09:46:49Z">
          <reporter-output>
          </reporter-output>
        </test-method> <!-- visualizarAN3 -->
        <test-method status="FAIL" signature="visualizarActualizacao()[pri:0, instance:com.timp.test.DFG.SPED.ECF.ECFFuncionalidades@3b2cf7ab]" name="visualizarActualizacao" duration-ms="11732" started-at="2021-01-14T09:46:49Z" finished-at="2021-01-14T09:47:01Z">
          <exception class="java.lang.AssertionError">
            <message>
              <![CDATA[As informações não são as esperadas expected [true] but found [false]]]>
            </message>
            <full-stacktrace>
              <![CDATA[java.lang.AssertionError: As informações não são as esperadas expected [true] but found [false]
	at org.testng.Assert.fail(Assert.java:94)
	at org.testng.Assert.failNotEquals(Assert.java:494)
	at org.testng.Assert.assertTrue(Assert.java:42)
	at com.timp.test.DFG.SPED.ECF.ECFFuncionalidades.visualizarActualizacao(ECFFuncionalidades.java:166)
	at sun.reflect.NativeMethodAccessorImpl.invoke0(Native Method)
	at sun.reflect.NativeMethodAccessorImpl.invoke(Unknown Source)
	at sun.reflect.DelegatingMethodAccessorImpl.invoke(Unknown Source)
	at java.lang.reflect.Method.invoke(Unknown Source)
	at org.testng.internal.MethodInvocationHelper.invokeMethod(MethodInvocationHelper.java:80)
	at org.testng.internal.Invoker.invokeMethod(Invoker.java:714)
	at org.testng.internal.Invoker.invokeTestMethod(Invoker.java:901)
	at org.testng.internal.Invoker.invokeTestMethods(Invoker.java:1231)
	at org.testng.internal.TestMethodWorker.invokeTestMethods(TestMethodWorker.java:127)
	at org.testng.internal.TestMethodWorker.run(TestMethodWorker.java:111)
	at org.testng.TestRunner.privateRun(TestRunner.java:767)
	at org.testng.TestRunner.run(TestRunner.java:617)
	at org.testng.SuiteRunner.runTest(SuiteRunner.java:334)
	at org.testng.SuiteRunner.runSequentially(SuiteRunner.java:329)
	at org.testng.SuiteRunner.privateRun(SuiteRunner.java:291)
	at org.testng.SuiteRunner.run(SuiteRunner.java:240)
	at org.testng.SuiteRunnerWorker.runSuite(SuiteRunnerWorker.java:52)
	at org.testng.SuiteRunnerWorker.run(SuiteRunnerWorker.java:86)
	at org.testng.TestNG.runSuitesSequentially(TestNG.java:1198)
	at org.testng.TestNG.runSuitesLocally(TestNG.java:1123)
	at org.testng.TestNG.run(TestNG.java:1031)
	at org.testng.remote.AbstractRemoteTestNG.run(AbstractRemoteTestNG.java:115)
	at org.testng.remote.RemoteTestNG.initAndRun(RemoteTestNG.java:251)
	at org.testng.remote.RemoteTestNG.main(RemoteTestNG.java:77)
]]>
            </full-stacktrace>
          </exception> <!-- java.lang.AssertionError -->
          <reporter-output>
          </reporter-output>
        </test-method> <!-- visualizarActualizacao -->
        <test-method status="PASS" signature="Gravar()[pri:0, instance:com.timp.test.DFG.SPED.ECF.ECFFuncionalidades@3b2cf7ab]" name="Gravar" duration-ms="47075" started-at="2021-01-14T09:47:01Z" finished-at="2021-01-14T09:47:48Z">
          <reporter-output>
          </reporter-output>
        </test-method> <!-- Gravar -->
        <test-method status="PASS" signature="afterClass()[pri:0, instance:com.timp.test.DFG.SPED.ECF.ECFFuncionalidades@3b2cf7ab]" name="afterClass" is-config="true" duration-ms="0" started-at="2021-01-14T09:47:48Z" finished-at="2021-01-14T09:47:48Z">
          <reporter-output>
          </reporter-output>
        </test-method> <!-- afterClass -->
      </class> <!-- com.timp.test.DFG.SPED.ECF.ECFFuncionalidades -->
    </test> <!-- Default test -->
  </suite> <!-- Default suite -->
</testng-results>
