<?xml version="1.0" encoding="UTF-8"?>
<testng-results total="3" passed="3" failed="0" skipped="0">
  <reporter-output>
  </reporter-output>
  <suite started-at="2020-11-27T20:43:45Z" name="Default suite" finished-at="2020-11-27T20:45:06Z" duration-ms="81081">
    <groups>
    </groups>
    <test started-at="2020-11-27T20:43:45Z" name="Default test" finished-at="2020-11-27T20:45:06Z" duration-ms="81081">
      <class name="com.timp.test.BRE.RegrasDeMensagens.ParametrosGerais.RegraDeMensagensVisualizar">
        <test-method is-config="true" signature="beforeClass()[pri:0, instance:com.timp.test.BRE.RegrasDeMensagens.ParametrosGerais.RegraDeMensagensVisualizar@6d4d66d2]" started-at="2020-11-27T17:43:45Z" name="beforeClass" finished-at="2020-11-27T17:43:58Z" duration-ms="13177" status="PASS">
          <reporter-output>
          </reporter-output>
        </test-method> <!-- beforeClass -->
        <test-method signature="login()[pri:0, instance:com.timp.test.BRE.RegrasDeMensagens.ParametrosGerais.RegraDeMensagensVisualizar@6d4d66d2]" started-at="2020-11-27T17:43:58Z" name="login" finished-at="2020-11-27T17:44:06Z" duration-ms="7617" status="PASS">
          <reporter-output>
          </reporter-output>
        </test-method> <!-- login -->
        <test-method signature="acessarBRE()[pri:0, instance:com.timp.test.BRE.RegrasDeMensagens.ParametrosGerais.RegraDeMensagensVisualizar@6d4d66d2]" started-at="2020-11-27T17:44:06Z" name="acessarBRE" finished-at="2020-11-27T17:44:23Z" duration-ms="17549" status="PASS">
          <reporter-output>
          </reporter-output>
        </test-method> <!-- acessarBRE -->
        <test-method signature="editar()[pri:0, instance:com.timp.test.BRE.RegrasDeMensagens.ParametrosGerais.RegraDeMensagensVisualizar@6d4d66d2]" started-at="2020-11-27T17:44:23Z" name="editar" finished-at="2020-11-27T17:45:06Z" duration-ms="42721" status="PASS">
          <reporter-output>
          </reporter-output>
        </test-method> <!-- editar -->
        <test-method is-config="true" signature="afterClass()[pri:0, instance:com.timp.test.BRE.RegrasDeMensagens.ParametrosGerais.RegraDeMensagensVisualizar@6d4d66d2]" started-at="2020-11-27T17:45:06Z" name="afterClass" finished-at="2020-11-27T17:45:06Z" duration-ms="0" status="PASS">
          <reporter-output>
          </reporter-output>
        </test-method> <!-- afterClass -->
      </class> <!-- com.timp.test.BRE.RegrasDeMensagens.ParametrosGerais.RegraDeMensagensVisualizar -->
    </test> <!-- Default test -->
  </suite> <!-- Default suite -->
</testng-results>
