<?xml version="1.0" encoding="UTF-8"?>
<testng-results ignored="0" total="18" passed="18" failed="0" skipped="0">
  <reporter-output>
  </reporter-output>
  <suite started-at="2021-09-27T14:02:16Z" name="Suite" finished-at="2021-09-27T15:30:35Z" duration-ms="5298873">
    <groups>
    </groups>
    <test started-at="2021-09-27T14:02:16Z" name=" ATR - ESTRUCTURAS - MAPAMENTO DE ESTRUCTURAS " finished-at="2021-09-27T15:16:32Z" duration-ms="4455731">
      <class name="com.timp.test.ATR.Estruturas.RelacionamentoEstruturas.RelacionamentoEstruturasFiltroPorIdMasLimpiarFiltros">
        <test-method is-config="true" signature="beforeClass()[pri:0, instance:com.timp.test.ATR.Estruturas.RelacionamentoEstruturas.RelacionamentoEstruturasFiltroPorIdMasLimpiarFiltros@7922d892]" started-at="2021-09-27T14:58:00Z" name="beforeClass" finished-at="2021-09-27T14:58:27Z" duration-ms="27465" status="PASS">
          <reporter-output>
          </reporter-output>
        </test-method> <!-- beforeClass -->
        <test-method signature="filtrarPorIdMasLimpiarFiltros()[pri:0, instance:com.timp.test.ATR.Estruturas.RelacionamentoEstruturas.RelacionamentoEstruturasFiltroPorIdMasLimpiarFiltros@7922d892]" started-at="2021-09-27T14:58:27Z" name="filtrarPorIdMasLimpiarFiltros" finished-at="2021-09-27T14:59:23Z" duration-ms="55363" status="PASS">
          <reporter-output>
          </reporter-output>
        </test-method> <!-- filtrarPorIdMasLimpiarFiltros -->
        <test-method is-config="true" signature="afterClass()[pri:0, instance:com.timp.test.ATR.Estruturas.RelacionamentoEstruturas.RelacionamentoEstruturasFiltroPorIdMasLimpiarFiltros@7922d892]" started-at="2021-09-27T14:59:23Z" name="afterClass" finished-at="2021-09-27T14:59:27Z" duration-ms="4412" status="PASS">
          <reporter-output>
          </reporter-output>
        </test-method> <!-- afterClass -->
      </class> <!-- com.timp.test.ATR.Estruturas.RelacionamentoEstruturas.RelacionamentoEstruturasFiltroPorIdMasLimpiarFiltros -->
      <class name="com.timp.test.ATR.Estruturas.RelacionamentoEstruturas.RelacionamentoEstruturasEditar">
        <test-method is-config="true" signature="beforeClass()[pri:0, instance:com.timp.test.ATR.Estruturas.RelacionamentoEstruturas.RelacionamentoEstruturasEditar@600b9d27]" started-at="2021-09-27T14:22:34Z" name="beforeClass" finished-at="2021-09-27T14:22:51Z" duration-ms="16537" status="PASS">
          <reporter-output>
          </reporter-output>
        </test-method> <!-- beforeClass -->
        <test-method signature="EditarRelacionamento()[pri:0, instance:com.timp.test.ATR.Estruturas.RelacionamentoEstruturas.RelacionamentoEstruturasEditar@600b9d27]" started-at="2021-09-27T14:22:51Z" name="EditarRelacionamento" finished-at="2021-09-27T14:36:51Z" duration-ms="839710" status="PASS">
          <reporter-output>
          </reporter-output>
        </test-method> <!-- EditarRelacionamento -->
        <test-method is-config="true" signature="afterClass()[pri:0, instance:com.timp.test.ATR.Estruturas.RelacionamentoEstruturas.RelacionamentoEstruturasEditar@600b9d27]" started-at="2021-09-27T14:36:51Z" name="afterClass" finished-at="2021-09-27T14:36:55Z" duration-ms="4499" status="PASS">
          <reporter-output>
          </reporter-output>
        </test-method> <!-- afterClass -->
      </class> <!-- com.timp.test.ATR.Estruturas.RelacionamentoEstruturas.RelacionamentoEstruturasEditar -->
      <class name="com.timp.test.ATR.Estruturas.RelacionamentoEstruturas.RelacionamentoEstruturasExcluirEmMassa">
        <test-method is-config="true" signature="beforeClass()[pri:0, instance:com.timp.test.ATR.Estruturas.RelacionamentoEstruturas.RelacionamentoEstruturasExcluirEmMassa@345f69f3]" started-at="2021-09-27T15:00:53Z" name="beforeClass" finished-at="2021-09-27T15:01:17Z" duration-ms="24224" status="PASS">
          <reporter-output>
          </reporter-output>
        </test-method> <!-- beforeClass -->
        <test-method signature="criarRelacionamento()[pri:0, instance:com.timp.test.ATR.Estruturas.RelacionamentoEstruturas.RelacionamentoEstruturasExcluirEmMassa@345f69f3]" started-at="2021-09-27T15:01:17Z" name="criarRelacionamento" finished-at="2021-09-27T15:15:52Z" duration-ms="874826" status="PASS">
          <reporter-output>
          </reporter-output>
        </test-method> <!-- criarRelacionamento -->
        <test-method signature="excluirMassa()[pri:0, instance:com.timp.test.ATR.Estruturas.RelacionamentoEstruturas.RelacionamentoEstruturasExcluirEmMassa@345f69f3]" started-at="2021-09-27T15:15:52Z" name="excluirMassa" finished-at="2021-09-27T15:16:32Z" depends-on-methods="com.timp.test.ATR.Estruturas.RelacionamentoEstruturas.RelacionamentoEstruturasExcluirEmMassa.criarRelacionamento" duration-ms="39879" status="PASS">
          <reporter-output>
          </reporter-output>
        </test-method> <!-- excluirMassa -->
        <test-method is-config="true" signature="afterClass()[pri:0, instance:com.timp.test.ATR.Estruturas.RelacionamentoEstruturas.RelacionamentoEstruturasExcluirEmMassa@345f69f3]" started-at="2021-09-27T15:16:32Z" name="afterClass" finished-at="2021-09-27T15:16:32Z" duration-ms="0" status="PASS">
          <reporter-output>
          </reporter-output>
        </test-method> <!-- afterClass -->
      </class> <!-- com.timp.test.ATR.Estruturas.RelacionamentoEstruturas.RelacionamentoEstruturasExcluirEmMassa -->
      <class name="com.timp.test.ATR.Estruturas.RelacionamentoEstruturas.RelacionamentoEstruturasExcluir">
        <test-method is-config="true" signature="beforeClass()[pri:0, instance:com.timp.test.ATR.Estruturas.RelacionamentoEstruturas.RelacionamentoEstruturasExcluir@457c9034]" started-at="2021-09-27T14:59:27Z" name="beforeClass" finished-at="2021-09-27T14:59:43Z" duration-ms="15648" status="PASS">
          <reporter-output>
          </reporter-output>
        </test-method> <!-- beforeClass -->
        <test-method signature="excluir()[pri:0, instance:com.timp.test.ATR.Estruturas.RelacionamentoEstruturas.RelacionamentoEstruturasExcluir@457c9034]" started-at="2021-09-27T14:59:43Z" name="excluir" finished-at="2021-09-27T15:00:49Z" duration-ms="65926" status="PASS">
          <reporter-output>
          </reporter-output>
        </test-method> <!-- excluir -->
        <test-method is-config="true" signature="afterClass()[pri:0, instance:com.timp.test.ATR.Estruturas.RelacionamentoEstruturas.RelacionamentoEstruturasExcluir@457c9034]" started-at="2021-09-27T15:00:49Z" name="afterClass" finished-at="2021-09-27T15:00:53Z" duration-ms="4176" status="PASS">
          <reporter-output>
          </reporter-output>
        </test-method> <!-- afterClass -->
      </class> <!-- com.timp.test.ATR.Estruturas.RelacionamentoEstruturas.RelacionamentoEstruturasExcluir -->
      <class name="com.timp.test.ATR.Estruturas.RelacionamentoEstruturas.RelacionamentoEstruturasVisualizar">
        <test-method is-config="true" signature="beforeClass()[pri:0, instance:com.timp.test.ATR.Estruturas.RelacionamentoEstruturas.RelacionamentoEstruturasVisualizar@3688eb5b]" started-at="2021-09-27T14:36:55Z" name="beforeClass" finished-at="2021-09-27T14:37:22Z" duration-ms="27392" status="PASS">
          <reporter-output>
          </reporter-output>
        </test-method> <!-- beforeClass -->
        <test-method signature="VisualizarRelacionamento()[pri:0, instance:com.timp.test.ATR.Estruturas.RelacionamentoEstruturas.RelacionamentoEstruturasVisualizar@3688eb5b]" started-at="2021-09-27T14:37:22Z" name="VisualizarRelacionamento" finished-at="2021-09-27T14:43:51Z" duration-ms="388346" status="PASS">
          <reporter-output>
          </reporter-output>
        </test-method> <!-- VisualizarRelacionamento -->
        <test-method is-config="true" signature="afterClass()[pri:0, instance:com.timp.test.ATR.Estruturas.RelacionamentoEstruturas.RelacionamentoEstruturasVisualizar@3688eb5b]" started-at="2021-09-27T14:43:51Z" name="afterClass" finished-at="2021-09-27T14:43:51Z" duration-ms="366" status="PASS">
          <reporter-output>
          </reporter-output>
        </test-method> <!-- afterClass -->
      </class> <!-- com.timp.test.ATR.Estruturas.RelacionamentoEstruturas.RelacionamentoEstruturasVisualizar -->
      <class name="com.timp.test.ATR.Estruturas.RelacionamentoEstruturas.RelacionamentoEstruturasCriarComCopia">
        <test-method is-config="true" signature="beforeClass()[pri:0, instance:com.timp.test.ATR.Estruturas.RelacionamentoEstruturas.RelacionamentoEstruturasCriarComCopia@69f1a286]" started-at="2021-09-27T14:43:51Z" name="beforeClass" finished-at="2021-09-27T14:44:06Z" duration-ms="14970" status="PASS">
          <reporter-output>
          </reporter-output>
        </test-method> <!-- beforeClass -->
        <test-method signature="criarCopia()[pri:0, instance:com.timp.test.ATR.Estruturas.RelacionamentoEstruturas.RelacionamentoEstruturasCriarComCopia@69f1a286]" started-at="2021-09-27T14:44:06Z" name="criarCopia" finished-at="2021-09-27T14:51:24Z" duration-ms="437616" status="PASS">
          <reporter-output>
          </reporter-output>
        </test-method> <!-- criarCopia -->
        <test-method signature="editarCopia()[pri:0, instance:com.timp.test.ATR.Estruturas.RelacionamentoEstruturas.RelacionamentoEstruturasCriarComCopia@69f1a286]" started-at="2021-09-27T14:51:24Z" name="editarCopia" finished-at="2021-09-27T14:57:39Z" depends-on-methods="com.timp.test.ATR.Estruturas.RelacionamentoEstruturas.RelacionamentoEstruturasCriarComCopia.criarCopia" duration-ms="374807" status="PASS">
          <reporter-output>
          </reporter-output>
        </test-method> <!-- editarCopia -->
        <test-method signature="excluirCopia()[pri:0, instance:com.timp.test.ATR.Estruturas.RelacionamentoEstruturas.RelacionamentoEstruturasCriarComCopia@69f1a286]" started-at="2021-09-27T14:57:39Z" name="excluirCopia" finished-at="2021-09-27T14:58:00Z" depends-on-methods="com.timp.test.ATR.Estruturas.RelacionamentoEstruturas.RelacionamentoEstruturasCriarComCopia.editarCopia" duration-ms="21178" status="PASS">
          <reporter-output>
          </reporter-output>
        </test-method> <!-- excluirCopia -->
        <test-method is-config="true" signature="afterClass()[pri:0, instance:com.timp.test.ATR.Estruturas.RelacionamentoEstruturas.RelacionamentoEstruturasCriarComCopia@69f1a286]" started-at="2021-09-27T14:58:00Z" name="afterClass" finished-at="2021-09-27T14:58:00Z" duration-ms="0" status="PASS">
          <reporter-output>
          </reporter-output>
        </test-method> <!-- afterClass -->
      </class> <!-- com.timp.test.ATR.Estruturas.RelacionamentoEstruturas.RelacionamentoEstruturasCriarComCopia -->
      <class name="com.timp.test.ATR.Estruturas.RelacionamentoEstruturas.RelacionamentoEstruturasCriar">
        <test-method is-config="true" signature="beforeClass()[pri:0, instance:com.timp.test.ATR.Estruturas.RelacionamentoEstruturas.RelacionamentoEstruturasCriar@ae3540e]" started-at="2021-09-27T14:02:16Z" name="beforeClass" finished-at="2021-09-27T14:02:30Z" duration-ms="14195" status="PASS">
          <reporter-output>
          </reporter-output>
        </test-method> <!-- beforeClass -->
        <test-method signature="criarRelacionamento()[pri:0, instance:com.timp.test.ATR.Estruturas.RelacionamentoEstruturas.RelacionamentoEstruturasCriar@ae3540e]" started-at="2021-09-27T14:02:30Z" name="criarRelacionamento" finished-at="2021-09-27T14:22:34Z" duration-ms="1204145" status="PASS">
          <reporter-output>
          </reporter-output>
        </test-method> <!-- criarRelacionamento -->
        <test-method is-config="true" signature="afterClass()[pri:0, instance:com.timp.test.ATR.Estruturas.RelacionamentoEstruturas.RelacionamentoEstruturasCriar@ae3540e]" started-at="2021-09-27T14:22:34Z" name="afterClass" finished-at="2021-09-27T14:22:34Z" duration-ms="0" status="PASS">
          <reporter-output>
          </reporter-output>
        </test-method> <!-- afterClass -->
      </class> <!-- com.timp.test.ATR.Estruturas.RelacionamentoEstruturas.RelacionamentoEstruturasCriar -->
    </test> <!--  ATR - ESTRUCTURAS - MAPAMENTO DE ESTRUCTURAS  -->
    <test started-at="2021-09-27T15:16:32Z" name=" ATR - TRIBUTOS - AGRUPAMENTO DE TRIBUTOS " finished-at="2021-09-27T15:30:35Z" duration-ms="843103">
      <class name="com.timp.test.ATR.Tributos.AgrupamentoDeTributos.AgrupamentoDeTributosCriar">
        <test-method is-config="true" signature="beforeClass()[pri:0, instance:com.timp.test.ATR.Tributos.AgrupamentoDeTributos.AgrupamentoDeTributosCriar@172b013]" started-at="2021-09-27T15:16:32Z" name="beforeClass" finished-at="2021-09-27T15:16:49Z" duration-ms="17632" status="PASS">
          <reporter-output>
          </reporter-output>
        </test-method> <!-- beforeClass -->
        <test-method signature="criar()[pri:0, instance:com.timp.test.ATR.Tributos.AgrupamentoDeTributos.AgrupamentoDeTributosCriar@172b013]" started-at="2021-09-27T15:16:49Z" name="criar" finished-at="2021-09-27T15:18:18Z" duration-ms="89177" status="PASS">
          <reporter-output>
          </reporter-output>
        </test-method> <!-- criar -->
        <test-method is-config="true" signature="afterClass()[pri:0, instance:com.timp.test.ATR.Tributos.AgrupamentoDeTributos.AgrupamentoDeTributosCriar@172b013]" started-at="2021-09-27T15:18:18Z" name="afterClass" finished-at="2021-09-27T15:18:23Z" duration-ms="4209" status="PASS">
          <reporter-output>
          </reporter-output>
        </test-method> <!-- afterClass -->
      </class> <!-- com.timp.test.ATR.Tributos.AgrupamentoDeTributos.AgrupamentoDeTributosCriar -->
      <class name="com.timp.test.ATR.Tributos.AgrupamentoDeTributos.AgrupamentoDeTributosExcluirEmMassa">
        <test-method is-config="true" signature="beforeClass()[pri:0, instance:com.timp.test.ATR.Tributos.AgrupamentoDeTributos.AgrupamentoDeTributosExcluirEmMassa@62010f5c]" started-at="2021-09-27T15:27:46Z" name="beforeClass" finished-at="2021-09-27T15:28:14Z" duration-ms="28116" status="PASS">
          <reporter-output>
          </reporter-output>
        </test-method> <!-- beforeClass -->
        <test-method signature="criar()[pri:0, instance:com.timp.test.ATR.Tributos.AgrupamentoDeTributos.AgrupamentoDeTributosExcluirEmMassa@62010f5c]" started-at="2021-09-27T15:28:14Z" name="criar" finished-at="2021-09-27T15:30:05Z" duration-ms="111476" status="PASS">
          <reporter-output>
          </reporter-output>
        </test-method> <!-- criar -->
        <test-method signature="Excluir()[pri:0, instance:com.timp.test.ATR.Tributos.AgrupamentoDeTributos.AgrupamentoDeTributosExcluirEmMassa@62010f5c]" started-at="2021-09-27T15:30:05Z" name="Excluir" finished-at="2021-09-27T15:30:30Z" depends-on-methods="com.timp.test.ATR.Tributos.AgrupamentoDeTributos.AgrupamentoDeTributosExcluirEmMassa.criar" duration-ms="25080" status="PASS">
          <reporter-output>
          </reporter-output>
        </test-method> <!-- Excluir -->
        <test-method is-config="true" signature="afterClass()[pri:0, instance:com.timp.test.ATR.Tributos.AgrupamentoDeTributos.AgrupamentoDeTributosExcluirEmMassa@62010f5c]" started-at="2021-09-27T15:30:30Z" name="afterClass" finished-at="2021-09-27T15:30:35Z" duration-ms="4445" status="PASS">
          <reporter-output>
          </reporter-output>
        </test-method> <!-- afterClass -->
      </class> <!-- com.timp.test.ATR.Tributos.AgrupamentoDeTributos.AgrupamentoDeTributosExcluirEmMassa -->
      <class name="com.timp.test.ATR.Tributos.AgrupamentoDeTributos.AgrupamentoDeTributosDetalhes">
        <test-method is-config="true" signature="beforeClass()[pri:0, instance:com.timp.test.ATR.Tributos.AgrupamentoDeTributos.AgrupamentoDeTributosDetalhes@2796aeae]" started-at="2021-09-27T15:20:35Z" name="beforeClass" finished-at="2021-09-27T15:20:54Z" duration-ms="18644" status="PASS">
          <reporter-output>
          </reporter-output>
        </test-method> <!-- beforeClass -->
        <test-method signature="detalhes()[pri:0, instance:com.timp.test.ATR.Tributos.AgrupamentoDeTributos.AgrupamentoDeTributosDetalhes@2796aeae]" started-at="2021-09-27T15:20:54Z" name="detalhes" finished-at="2021-09-27T15:22:01Z" duration-ms="67269" status="PASS">
          <reporter-output>
          </reporter-output>
        </test-method> <!-- detalhes -->
        <test-method is-config="true" signature="afterClass()[pri:0, instance:com.timp.test.ATR.Tributos.AgrupamentoDeTributos.AgrupamentoDeTributosDetalhes@2796aeae]" started-at="2021-09-27T15:22:01Z" name="afterClass" finished-at="2021-09-27T15:22:01Z" duration-ms="51" status="PASS">
          <reporter-output>
          </reporter-output>
        </test-method> <!-- afterClass -->
      </class> <!-- com.timp.test.ATR.Tributos.AgrupamentoDeTributos.AgrupamentoDeTributosDetalhes -->
      <class name="com.timp.test.ATR.Tributos.AgrupamentoDeTributos.AgrupamentoDeTributosExcluir">
        <test-method is-config="true" signature="beforeClass()[pri:0, instance:com.timp.test.ATR.Tributos.AgrupamentoDeTributos.AgrupamentoDeTributosExcluir@70f02c32]" started-at="2021-09-27T15:26:12Z" name="beforeClass" finished-at="2021-09-27T15:26:35Z" duration-ms="22269" status="PASS">
          <reporter-output>
          </reporter-output>
        </test-method> <!-- beforeClass -->
        <test-method signature="excluir()[pri:0, instance:com.timp.test.ATR.Tributos.AgrupamentoDeTributos.AgrupamentoDeTributosExcluir@70f02c32]" started-at="2021-09-27T15:26:35Z" name="excluir" finished-at="2021-09-27T15:27:41Z" duration-ms="66584" status="PASS">
          <reporter-output>
          </reporter-output>
        </test-method> <!-- excluir -->
        <test-method is-config="true" signature="afterClass()[pri:0, instance:com.timp.test.ATR.Tributos.AgrupamentoDeTributos.AgrupamentoDeTributosExcluir@70f02c32]" started-at="2021-09-27T15:27:41Z" name="afterClass" finished-at="2021-09-27T15:27:46Z" duration-ms="4443" status="PASS">
          <reporter-output>
          </reporter-output>
        </test-method> <!-- afterClass -->
      </class> <!-- com.timp.test.ATR.Tributos.AgrupamentoDeTributos.AgrupamentoDeTributosExcluir -->
      <class name="com.timp.test.ATR.Tributos.AgrupamentoDeTributos.AgrupamentoDeTributosEditar">
        <test-method is-config="true" signature="beforeClass()[pri:0, instance:com.timp.test.ATR.Tributos.AgrupamentoDeTributos.AgrupamentoDeTributosEditar@56673b2c]" started-at="2021-09-27T15:18:23Z" name="beforeClass" finished-at="2021-09-27T15:18:39Z" duration-ms="16728" status="PASS">
          <reporter-output>
          </reporter-output>
        </test-method> <!-- beforeClass -->
        <test-method signature="editar()[pri:0, instance:com.timp.test.ATR.Tributos.AgrupamentoDeTributos.AgrupamentoDeTributosEditar@56673b2c]" started-at="2021-09-27T15:18:39Z" name="editar" finished-at="2021-09-27T15:20:31Z" duration-ms="111455" status="PASS">
          <reporter-output>
          </reporter-output>
        </test-method> <!-- editar -->
        <test-method is-config="true" signature="afterClass()[pri:0, instance:com.timp.test.ATR.Tributos.AgrupamentoDeTributos.AgrupamentoDeTributosEditar@56673b2c]" started-at="2021-09-27T15:20:31Z" name="afterClass" finished-at="2021-09-27T15:20:35Z" duration-ms="4437" status="PASS">
          <reporter-output>
          </reporter-output>
        </test-method> <!-- afterClass -->
      </class> <!-- com.timp.test.ATR.Tributos.AgrupamentoDeTributos.AgrupamentoDeTributosEditar -->
      <class name="com.timp.test.ATR.Tributos.AgrupamentoDeTributos.AgrupamentoDeTributosCriarComCopia">
        <test-method is-config="true" signature="beforeClass()[pri:0, instance:com.timp.test.ATR.Tributos.AgrupamentoDeTributos.AgrupamentoDeTributosCriarComCopia@1fa1cab1]" started-at="2021-09-27T15:23:33Z" name="beforeClass" finished-at="2021-09-27T15:23:48Z" duration-ms="14697" status="PASS">
          <reporter-output>
          </reporter-output>
        </test-method> <!-- beforeClass -->
        <test-method signature="criarcopia()[pri:0, instance:com.timp.test.ATR.Tributos.AgrupamentoDeTributos.AgrupamentoDeTributosCriarComCopia@1fa1cab1]" started-at="2021-09-27T15:23:48Z" name="criarcopia" finished-at="2021-09-27T15:26:12Z" duration-ms="144364" status="PASS">
          <reporter-output>
          </reporter-output>
        </test-method> <!-- criarcopia -->
        <test-method is-config="true" signature="afterClass()[pri:0, instance:com.timp.test.ATR.Tributos.AgrupamentoDeTributos.AgrupamentoDeTributosCriarComCopia@1fa1cab1]" started-at="2021-09-27T15:26:12Z" name="afterClass" finished-at="2021-09-27T15:26:12Z" duration-ms="0" status="PASS">
          <reporter-output>
          </reporter-output>
        </test-method> <!-- afterClass -->
      </class> <!-- com.timp.test.ATR.Tributos.AgrupamentoDeTributos.AgrupamentoDeTributosCriarComCopia -->
      <class name="com.timp.test.ATR.Tributos.AgrupamentoDeTributos.AgrupamentoDeTributosVer">
        <test-method is-config="true" signature="beforeClass()[pri:0, instance:com.timp.test.ATR.Tributos.AgrupamentoDeTributos.AgrupamentoDeTributosVer@b4711e2]" started-at="2021-09-27T15:22:01Z" name="beforeClass" finished-at="2021-09-27T15:22:20Z" duration-ms="18982" status="PASS">
          <reporter-output>
          </reporter-output>
        </test-method> <!-- beforeClass -->
        <test-method signature="visualizar()[pri:0, instance:com.timp.test.ATR.Tributos.AgrupamentoDeTributos.AgrupamentoDeTributosVer@b4711e2]" started-at="2021-09-27T15:22:20Z" name="visualizar" finished-at="2021-09-27T15:23:29Z" duration-ms="68588" status="PASS">
          <reporter-output>
          </reporter-output>
        </test-method> <!-- visualizar -->
        <test-method is-config="true" signature="afterClass()[pri:0, instance:com.timp.test.ATR.Tributos.AgrupamentoDeTributos.AgrupamentoDeTributosVer@b4711e2]" started-at="2021-09-27T15:23:29Z" name="afterClass" finished-at="2021-09-27T15:23:33Z" duration-ms="4448" status="PASS">
          <reporter-output>
          </reporter-output>
        </test-method> <!-- afterClass -->
      </class> <!-- com.timp.test.ATR.Tributos.AgrupamentoDeTributos.AgrupamentoDeTributosVer -->
    </test> <!--  ATR - TRIBUTOS - AGRUPAMENTO DE TRIBUTOS  -->
  </suite> <!-- Suite -->
</testng-results>
