<?xml version="1.0" encoding="UTF-8"?>
<testng-results skipped="0" failed="0" total="3" passed="3">
  <reporter-output>
  </reporter-output>
  <suite name="Default suite" duration-ms="69819" started-at="2020-08-03T20:15:52Z" finished-at="2020-08-03T20:17:02Z">
    <groups>
    </groups>
    <test name="Default test" duration-ms="69819" started-at="2020-08-03T20:15:52Z" finished-at="2020-08-03T20:17:02Z">
      <class name="com.timp.test.MDR.ContratoIOF.ContratoIOFVisualizar">
        <test-method status="PASS" signature="beforeClass()[pri:0, instance:com.timp.test.MDR.ContratoIOF.ContratoIOFVisualizar@8e0379d]" name="beforeClass" is-config="true" duration-ms="21258" started-at="2020-08-03T17:15:52Z" finished-at="2020-08-03T17:16:13Z">
          <reporter-output>
          </reporter-output>
        </test-method> <!-- beforeClass -->
        <test-method status="PASS" signature="login()[pri:0, instance:com.timp.test.MDR.ContratoIOF.ContratoIOFVisualizar@8e0379d]" name="login" duration-ms="9809" started-at="2020-08-03T17:16:13Z" finished-at="2020-08-03T17:16:23Z">
          <reporter-output>
          </reporter-output>
        </test-method> <!-- login -->
        <test-method status="PASS" signature="acessarMDR()[pri:0, instance:com.timp.test.MDR.ContratoIOF.ContratoIOFVisualizar@8e0379d]" name="acessarMDR" duration-ms="11516" started-at="2020-08-03T17:16:23Z" finished-at="2020-08-03T17:16:35Z">
          <reporter-output>
          </reporter-output>
        </test-method> <!-- acessarMDR -->
        <test-method status="PASS" signature="Visualizar()[pri:0, instance:com.timp.test.MDR.ContratoIOF.ContratoIOFVisualizar@8e0379d]" name="Visualizar" duration-ms="27193" started-at="2020-08-03T17:16:35Z" finished-at="2020-08-03T17:17:02Z">
          <reporter-output>
          </reporter-output>
        </test-method> <!-- Visualizar -->
      </class> <!-- com.timp.test.MDR.ContratoIOF.ContratoIOFVisualizar -->
    </test> <!-- Default test -->
  </suite> <!-- Default suite -->
</testng-results>
