<?xml version="1.0" encoding="UTF-8"?>
<testng-results ignored="0" total="1" passed="1" failed="0" skipped="0">
  <reporter-output>
  </reporter-output>
  <suite started-at="2021-03-24T06:14:42Z" name="Default suite" finished-at="2021-03-24T06:17:38Z" duration-ms="175521">
    <groups>
    </groups>
    <test started-at="2021-03-24T06:14:42Z" name="Default test" finished-at="2021-03-24T06:17:38Z" duration-ms="175521">
      <class name="com.timp.test.MDR.Reinf.R1070DadosSuspenso.R1070DadosSuspensoCriar">
        <test-method is-config="true" signature="beforeClass()[pri:0, instance:com.timp.test.MDR.Reinf.R1070DadosSuspenso.R1070DadosSuspensoCriar@16eb3ea3]" started-at="2021-03-24T06:14:42Z" name="beforeClass" finished-at="2021-03-24T06:15:04Z" duration-ms="21290" status="PASS">
          <reporter-output>
          </reporter-output>
        </test-method> <!-- beforeClass -->
        <test-method signature="criar()[pri:0, instance:com.timp.test.MDR.Reinf.R1070DadosSuspenso.R1070DadosSuspensoCriar@16eb3ea3]" started-at="2021-03-24T06:15:04Z" name="criar" finished-at="2021-03-24T06:17:38Z" duration-ms="154209" status="PASS">
          <reporter-output>
          </reporter-output>
        </test-method> <!-- criar -->
        <test-method is-config="true" signature="afterClass()[pri:0, instance:com.timp.test.MDR.Reinf.R1070DadosSuspenso.R1070DadosSuspensoCriar@16eb3ea3]" started-at="2021-03-24T06:17:38Z" name="afterClass" finished-at="2021-03-24T06:17:38Z" duration-ms="1" status="PASS">
          <reporter-output>
          </reporter-output>
        </test-method> <!-- afterClass -->
      </class> <!-- com.timp.test.MDR.Reinf.R1070DadosSuspenso.R1070DadosSuspensoCriar -->
    </test> <!-- Default test -->
  </suite> <!-- Default suite -->
</testng-results>
