<?xml version="1.0" encoding="UTF-8"?>
<testng-results total="3" passed="3" failed="0" skipped="0">
  <reporter-output>
  </reporter-output>
  <suite started-at="2020-10-30T01:24:14Z" name="Default suite" finished-at="2020-10-30T01:25:48Z" duration-ms="94572">
    <groups>
    </groups>
    <test started-at="2020-10-30T01:24:14Z" name="Default test" finished-at="2020-10-30T01:25:48Z" duration-ms="94572">
      <class name="com.timp.test.MDR.TabelaApoioECD.EliminacoesDaConsolidacao.EliminacoesDaConsolidacaoVisualizar">
        <test-method is-config="true" signature="beforeClass()[pri:0, instance:com.timp.test.MDR.TabelaApoioECD.EliminacoesDaConsolidacao.EliminacoesDaConsolidacaoVisualizar@5026735c]" started-at="2020-10-29T19:24:14Z" name="beforeClass" finished-at="2020-10-29T19:24:28Z" duration-ms="13841" status="PASS">
          <reporter-output>
          </reporter-output>
        </test-method> <!-- beforeClass -->
        <test-method signature="ingresar()[pri:0, instance:com.timp.test.MDR.TabelaApoioECD.EliminacoesDaConsolidacao.EliminacoesDaConsolidacaoVisualizar@5026735c]" started-at="2020-10-29T19:24:28Z" name="ingresar" finished-at="2020-10-29T19:24:37Z" duration-ms="9593" status="PASS">
          <reporter-output>
          </reporter-output>
        </test-method> <!-- ingresar -->
        <test-method signature="mdrEntrar()[pri:0, instance:com.timp.test.MDR.TabelaApoioECD.EliminacoesDaConsolidacao.EliminacoesDaConsolidacaoVisualizar@5026735c]" started-at="2020-10-29T19:24:37Z" name="mdrEntrar" finished-at="2020-10-29T19:24:48Z" duration-ms="11012" status="PASS">
          <reporter-output>
          </reporter-output>
        </test-method> <!-- mdrEntrar -->
        <test-method signature="detalheElimacoeDaConsolidacao()[pri:0, instance:com.timp.test.MDR.TabelaApoioECD.EliminacoesDaConsolidacao.EliminacoesDaConsolidacaoVisualizar@5026735c]" started-at="2020-10-29T19:24:48Z" name="detalheElimacoeDaConsolidacao" finished-at="2020-10-29T19:25:48Z" duration-ms="60102" status="PASS">
          <reporter-output>
          </reporter-output>
        </test-method> <!-- detalheElimacoeDaConsolidacao -->
        <test-method is-config="true" signature="afterClass()[pri:0, instance:com.timp.test.MDR.TabelaApoioECD.EliminacoesDaConsolidacao.EliminacoesDaConsolidacaoVisualizar@5026735c]" started-at="2020-10-29T19:25:48Z" name="afterClass" finished-at="2020-10-29T19:25:48Z" duration-ms="1" status="PASS">
          <reporter-output>
          </reporter-output>
        </test-method> <!-- afterClass -->
      </class> <!-- com.timp.test.MDR.TabelaApoioECD.EliminacoesDaConsolidacao.EliminacoesDaConsolidacaoVisualizar -->
    </test> <!-- Default test -->
  </suite> <!-- Default suite -->
</testng-results>
