<?xml version="1.0" encoding="UTF-8"?>
<testng-results total="3" passed="3" failed="0" skipped="0">
  <reporter-output>
  </reporter-output>
  <suite started-at="2020-12-03T04:49:26Z" name="Default suite" finished-at="2020-12-03T04:54:14Z" duration-ms="288186">
    <groups>
    </groups>
    <test started-at="2020-12-03T04:49:26Z" name="Default test" finished-at="2020-12-03T04:54:14Z" duration-ms="288186">
      <class name="com.timp.test.BSC.CorreçãodeNFRejeitarEmMassa">
        <test-method is-config="true" signature="beforeClass()[pri:0, instance:com.timp.test.BSC.CorreçãodeNFRejeitarEmMassa@7526515b]" started-at="2020-12-02T22:49:26Z" name="beforeClass" finished-at="2020-12-02T22:49:47Z" duration-ms="21026" status="PASS">
          <reporter-output>
          </reporter-output>
        </test-method> <!-- beforeClass -->
        <test-method signature="login()[pri:0, instance:com.timp.test.BSC.CorreçãodeNFRejeitarEmMassa@7526515b]" started-at="2020-12-02T22:49:47Z" name="login" finished-at="2020-12-02T22:49:54Z" duration-ms="7579" status="PASS">
          <reporter-output>
          </reporter-output>
        </test-method> <!-- login -->
        <test-method signature="brbEntrar()[pri:0, instance:com.timp.test.BSC.CorreçãodeNFRejeitarEmMassa@7526515b]" started-at="2020-12-02T22:49:54Z" name="brbEntrar" finished-at="2020-12-02T22:50:19Z" duration-ms="24614" status="PASS">
          <reporter-output>
          </reporter-output>
        </test-method> <!-- brbEntrar -->
        <test-method signature="rejeitar()[pri:0, instance:com.timp.test.BSC.CorreçãodeNFRejeitarEmMassa@7526515b]" started-at="2020-12-02T22:50:19Z" name="rejeitar" finished-at="2020-12-02T22:54:14Z" duration-ms="234851" status="PASS">
          <reporter-output>
          </reporter-output>
        </test-method> <!-- rejeitar -->
        <test-method is-config="true" signature="afterClass()[pri:0, instance:com.timp.test.BSC.CorreçãodeNFRejeitarEmMassa@7526515b]" started-at="2020-12-02T22:54:14Z" name="afterClass" finished-at="2020-12-02T22:54:14Z" duration-ms="42" status="PASS">
          <reporter-output>
          </reporter-output>
        </test-method> <!-- afterClass -->
      </class> <!-- com.timp.test.BSC.CorreçãodeNFRejeitarEmMassa -->
    </test> <!-- Default test -->
  </suite> <!-- Default suite -->
</testng-results>
