<?xml version="1.0" encoding="UTF-8"?>
<testng-results skipped="0" failed="0" total="3" passed="3">
  <reporter-output>
  </reporter-output>
  <suite name="Default suite" duration-ms="79311" started-at="2020-10-14T23:18:48Z" finished-at="2020-10-14T23:20:07Z">
    <groups>
    </groups>
    <test name="Default test" duration-ms="79311" started-at="2020-10-14T23:18:48Z" finished-at="2020-10-14T23:20:07Z">
      <class name="com.timp.test.MDR.PrecoDeTransferencia.ModeloDeApuracaoTP.ModeloDeApuracaoTPFiltroId">
        <test-method status="PASS" signature="beforeClass()[pri:0, instance:com.timp.test.MDR.PrecoDeTransferencia.ModeloDeApuracaoTP.ModeloDeApuracaoTPFiltroId@f2f2cc1]" name="beforeClass" is-config="true" duration-ms="10338" started-at="2020-10-14T17:18:48Z" finished-at="2020-10-14T17:18:58Z">
          <reporter-output>
          </reporter-output>
        </test-method> <!-- beforeClass -->
        <test-method status="PASS" signature="login()[pri:0, instance:com.timp.test.MDR.PrecoDeTransferencia.ModeloDeApuracaoTP.ModeloDeApuracaoTPFiltroId@f2f2cc1]" name="login" duration-ms="5919" started-at="2020-10-14T17:18:58Z" finished-at="2020-10-14T17:19:04Z">
          <reporter-output>
          </reporter-output>
        </test-method> <!-- login -->
        <test-method status="PASS" signature="acessarMDR()[pri:0, instance:com.timp.test.MDR.PrecoDeTransferencia.ModeloDeApuracaoTP.ModeloDeApuracaoTPFiltroId@f2f2cc1]" name="acessarMDR" duration-ms="29410" started-at="2020-10-14T17:19:04Z" finished-at="2020-10-14T17:19:34Z">
          <reporter-output>
          </reporter-output>
        </test-method> <!-- acessarMDR -->
        <test-method status="PASS" signature="filtroId()[pri:0, instance:com.timp.test.MDR.PrecoDeTransferencia.ModeloDeApuracaoTP.ModeloDeApuracaoTPFiltroId@f2f2cc1]" name="filtroId" duration-ms="33631" started-at="2020-10-14T17:19:34Z" finished-at="2020-10-14T17:20:07Z">
          <reporter-output>
          </reporter-output>
        </test-method> <!-- filtroId -->
        <test-method status="PASS" signature="afterClass()[pri:0, instance:com.timp.test.MDR.PrecoDeTransferencia.ModeloDeApuracaoTP.ModeloDeApuracaoTPFiltroId@f2f2cc1]" name="afterClass" is-config="true" duration-ms="0" started-at="2020-10-14T17:20:07Z" finished-at="2020-10-14T17:20:07Z">
          <reporter-output>
          </reporter-output>
        </test-method> <!-- afterClass -->
      </class> <!-- com.timp.test.MDR.PrecoDeTransferencia.ModeloDeApuracaoTP.ModeloDeApuracaoTPFiltroId -->
    </test> <!-- Default test -->
  </suite> <!-- Default suite -->
</testng-results>
