<?xml version="1.0" encoding="UTF-8"?>
<testng-results total="3" passed="3" failed="0" skipped="0">
  <reporter-output>
  </reporter-output>
  <suite started-at="2020-12-14T15:02:37Z" name="Default suite" finished-at="2020-12-14T15:04:57Z" duration-ms="139382">
    <groups>
    </groups>
    <test started-at="2020-12-14T15:02:37Z" name="Default test" finished-at="2020-12-14T15:04:57Z" duration-ms="139382">
      <class name="com.timp.test.MDR.IncentivosFiscais.IncentivosFiscaisCriar">
        <test-method is-config="true" signature="beforeClass()[pri:0, instance:com.timp.test.MDR.IncentivosFiscais.IncentivosFiscaisCriar@2a265ea9]" started-at="2020-12-14T09:02:37Z" name="beforeClass" finished-at="2020-12-14T09:02:54Z" duration-ms="16955" status="PASS">
          <reporter-output>
          </reporter-output>
        </test-method> <!-- beforeClass -->
        <test-method signature="login()[pri:0, instance:com.timp.test.MDR.IncentivosFiscais.IncentivosFiscaisCriar@2a265ea9]" started-at="2020-12-14T09:02:54Z" name="login" finished-at="2020-12-14T09:03:06Z" duration-ms="12078" status="PASS">
          <reporter-output>
          </reporter-output>
        </test-method> <!-- login -->
        <test-method signature="acessarMDR()[pri:0, instance:com.timp.test.MDR.IncentivosFiscais.IncentivosFiscaisCriar@2a265ea9]" started-at="2020-12-14T09:03:06Z" name="acessarMDR" finished-at="2020-12-14T09:03:19Z" duration-ms="12928" status="PASS">
          <reporter-output>
          </reporter-output>
        </test-method> <!-- acessarMDR -->
        <test-method signature="CriarIncentivosFiscais()[pri:0, instance:com.timp.test.MDR.IncentivosFiscais.IncentivosFiscaisCriar@2a265ea9]" started-at="2020-12-14T09:03:19Z" name="CriarIncentivosFiscais" finished-at="2020-12-14T09:04:57Z" duration-ms="97387" status="PASS">
          <reporter-output>
          </reporter-output>
        </test-method> <!-- CriarIncentivosFiscais -->
        <test-method is-config="true" signature="afterClass()[pri:0, instance:com.timp.test.MDR.IncentivosFiscais.IncentivosFiscaisCriar@2a265ea9]" started-at="2020-12-14T09:04:57Z" name="afterClass" finished-at="2020-12-14T09:04:57Z" duration-ms="1" status="PASS">
          <reporter-output>
          </reporter-output>
        </test-method> <!-- afterClass -->
      </class> <!-- com.timp.test.MDR.IncentivosFiscais.IncentivosFiscaisCriar -->
    </test> <!-- Default test -->
  </suite> <!-- Default suite -->
</testng-results>
