<?xml version="1.0" encoding="UTF-8"?>
<testng-results total="3" passed="3" failed="0" skipped="0">
  <reporter-output>
  </reporter-output>
  <suite started-at="2021-01-12T12:17:10Z" name="Default suite" finished-at="2021-01-12T12:18:37Z" duration-ms="86255">
    <groups>
    </groups>
    <test started-at="2021-01-12T12:17:10Z" name="Default test" finished-at="2021-01-12T12:18:37Z" duration-ms="86255">
      <class name="com.timp.test.TAA.AtribuiçõesdeRegras.RegradeAbasExcluir">
        <test-method is-config="true" signature="beforeClass()[pri:0, instance:com.timp.test.TAA.AtribuiçõesdeRegras.RegradeAbasExcluir@6f45df59]" started-at="2021-01-12T09:17:10Z" name="beforeClass" finished-at="2021-01-12T09:17:24Z" duration-ms="14141" status="PASS">
          <reporter-output>
          </reporter-output>
        </test-method> <!-- beforeClass -->
        <test-method signature="ingresar()[pri:0, instance:com.timp.test.TAA.AtribuiçõesdeRegras.RegradeAbasExcluir@6f45df59]" started-at="2021-01-12T09:17:24Z" name="ingresar" finished-at="2021-01-12T09:17:33Z" duration-ms="8258" status="PASS">
          <reporter-output>
          </reporter-output>
        </test-method> <!-- ingresar -->
        <test-method signature="ingresarTAA()[pri:0, instance:com.timp.test.TAA.AtribuiçõesdeRegras.RegradeAbasExcluir@6f45df59]" started-at="2021-01-12T09:17:33Z" name="ingresarTAA" finished-at="2021-01-12T09:17:56Z" duration-ms="22866" status="PASS">
          <reporter-output>
          </reporter-output>
        </test-method> <!-- ingresarTAA -->
        <test-method signature="criar()[pri:0, instance:com.timp.test.TAA.AtribuiçõesdeRegras.RegradeAbasExcluir@6f45df59]" started-at="2021-01-12T09:17:56Z" name="criar" finished-at="2021-01-12T09:18:32Z" duration-ms="36500" status="PASS">
          <reporter-output>
          </reporter-output>
        </test-method> <!-- criar -->
        <test-method is-config="true" signature="afterClass()[pri:0, instance:com.timp.test.TAA.AtribuiçõesdeRegras.RegradeAbasExcluir@6f45df59]" started-at="2021-01-12T09:18:32Z" name="afterClass" finished-at="2021-01-12T09:18:37Z" duration-ms="4465" status="PASS">
          <reporter-output>
          </reporter-output>
        </test-method> <!-- afterClass -->
      </class> <!-- com.timp.test.TAA.AtribuiçõesdeRegras.RegradeAbasExcluir -->
    </test> <!-- Default test -->
  </suite> <!-- Default suite -->
</testng-results>
