<?xml version="1.0" encoding="UTF-8"?>
<testng-results total="3" passed="3" failed="0" skipped="0">
  <reporter-output>
  </reporter-output>
  <suite started-at="2020-12-18T15:31:33Z" name="Default suite" finished-at="2020-12-18T15:35:01Z" duration-ms="207897">
    <groups>
    </groups>
    <test started-at="2020-12-18T15:31:33Z" name="Default test" finished-at="2020-12-18T15:35:01Z" duration-ms="207897">
      <class name="com.timp.test.MDR.LimiteCompetencia.LimiteCompetenciaFiltrosAvansados">
        <test-method is-config="true" signature="beforeClass()[pri:0, instance:com.timp.test.MDR.LimiteCompetencia.LimiteCompetenciaFiltrosAvansados@2a265ea9]" started-at="2020-12-18T09:31:33Z" name="beforeClass" finished-at="2020-12-18T09:31:52Z" duration-ms="18907" status="PASS">
          <reporter-output>
          </reporter-output>
        </test-method> <!-- beforeClass -->
        <test-method signature="ingresar()[pri:0, instance:com.timp.test.MDR.LimiteCompetencia.LimiteCompetenciaFiltrosAvansados@2a265ea9]" started-at="2020-12-18T09:31:52Z" name="ingresar" finished-at="2020-12-18T09:32:01Z" duration-ms="8650" status="PASS">
          <reporter-output>
          </reporter-output>
        </test-method> <!-- ingresar -->
        <test-method signature="ingresarMDR()[pri:0, instance:com.timp.test.MDR.LimiteCompetencia.LimiteCompetenciaFiltrosAvansados@2a265ea9]" started-at="2020-12-18T09:32:01Z" name="ingresarMDR" finished-at="2020-12-18T09:32:32Z" duration-ms="31812" status="PASS">
          <reporter-output>
          </reporter-output>
        </test-method> <!-- ingresarMDR -->
        <test-method signature="Filtro()[pri:0, instance:com.timp.test.MDR.LimiteCompetencia.LimiteCompetenciaFiltrosAvansados@2a265ea9]" started-at="2020-12-18T09:32:32Z" name="Filtro" finished-at="2020-12-18T09:35:01Z" duration-ms="148509" status="PASS">
          <reporter-output>
          </reporter-output>
        </test-method> <!-- Filtro -->
        <test-method is-config="true" signature="afterClass()[pri:0, instance:com.timp.test.MDR.LimiteCompetencia.LimiteCompetenciaFiltrosAvansados@2a265ea9]" started-at="2020-12-18T09:35:01Z" name="afterClass" finished-at="2020-12-18T09:35:01Z" duration-ms="0" status="PASS">
          <reporter-output>
          </reporter-output>
        </test-method> <!-- afterClass -->
      </class> <!-- com.timp.test.MDR.LimiteCompetencia.LimiteCompetenciaFiltrosAvansados -->
    </test> <!-- Default test -->
  </suite> <!-- Default suite -->
</testng-results>
