<?xml version="1.0" encoding="UTF-8"?>
<testng-results skipped="0" failed="0" total="3" passed="3">
  <reporter-output>
  </reporter-output>
  <suite name="Default suite" duration-ms="92686" started-at="2020-08-07T21:05:18Z" finished-at="2020-08-07T21:06:51Z">
    <groups>
    </groups>
    <test name="Default test" duration-ms="92686" started-at="2020-08-07T21:05:18Z" finished-at="2020-08-07T21:06:51Z">
      <class name="com.timp.test.MDR.DetalheTipoTributo.DetalheExcluir">
        <test-method status="PASS" signature="beforeClass()[pri:0, instance:com.timp.test.MDR.DetalheTipoTributo.DetalheExcluir@35083305]" name="beforeClass" is-config="true" duration-ms="11838" started-at="2020-08-07T15:05:18Z" finished-at="2020-08-07T15:05:30Z">
          <reporter-output>
          </reporter-output>
        </test-method> <!-- beforeClass -->
        <test-method status="PASS" signature="login()[pri:0, instance:com.timp.test.MDR.DetalheTipoTributo.DetalheExcluir@35083305]" name="login" duration-ms="5615" started-at="2020-08-07T15:05:30Z" finished-at="2020-08-07T15:05:36Z">
          <reporter-output>
          </reporter-output>
        </test-method> <!-- login -->
        <test-method status="PASS" signature="acessarMDR()[pri:0, instance:com.timp.test.MDR.DetalheTipoTributo.DetalheExcluir@35083305]" name="acessarMDR" duration-ms="7762" started-at="2020-08-07T15:05:36Z" finished-at="2020-08-07T15:05:43Z">
          <reporter-output>
          </reporter-output>
        </test-method> <!-- acessarMDR -->
        <test-method status="PASS" signature="visualizar()[pri:0, instance:com.timp.test.MDR.DetalheTipoTributo.DetalheExcluir@35083305]" name="visualizar" duration-ms="67458" started-at="2020-08-07T15:05:43Z" finished-at="2020-08-07T15:06:51Z">
          <reporter-output>
          </reporter-output>
        </test-method> <!-- visualizar -->
      </class> <!-- com.timp.test.MDR.DetalheTipoTributo.DetalheExcluir -->
    </test> <!-- Default test -->
  </suite> <!-- Default suite -->
</testng-results>
