<?xml version="1.0" encoding="UTF-8"?>
<testng-results total="3" passed="3" failed="0" skipped="0">
  <reporter-output>
  </reporter-output>
  <suite started-at="2020-12-15T19:06:09Z" name="Default suite" finished-at="2020-12-15T19:08:06Z" duration-ms="116826">
    <groups>
    </groups>
    <test started-at="2020-12-15T19:06:09Z" name="Default test" finished-at="2020-12-15T19:08:06Z" duration-ms="116826">
      <class name="com.timp.test.MDR.AtividadesParaTributacao.AtividadeDeTributacaoXFornecedor.AtividadeDeTributacaoXFornecedorExcluir">
        <test-method is-config="true" signature="beforeClass()[pri:0, instance:com.timp.test.MDR.AtividadesParaTributacao.AtividadeDeTributacaoXFornecedor.AtividadeDeTributacaoXFornecedorExcluir@6d4d66d2]" started-at="2020-12-15T16:06:09Z" name="beforeClass" finished-at="2020-12-15T16:06:24Z" duration-ms="14312" status="PASS">
          <reporter-output>
          </reporter-output>
        </test-method> <!-- beforeClass -->
        <test-method signature="login()[pri:0, instance:com.timp.test.MDR.AtividadesParaTributacao.AtividadeDeTributacaoXFornecedor.AtividadeDeTributacaoXFornecedorExcluir@6d4d66d2]" started-at="2020-12-15T16:06:24Z" name="login" finished-at="2020-12-15T16:06:33Z" duration-ms="9504" status="PASS">
          <reporter-output>
          </reporter-output>
        </test-method> <!-- login -->
        <test-method signature="acessarMDR()[pri:0, instance:com.timp.test.MDR.AtividadesParaTributacao.AtividadeDeTributacaoXFornecedor.AtividadeDeTributacaoXFornecedorExcluir@6d4d66d2]" started-at="2020-12-15T16:06:33Z" name="acessarMDR" finished-at="2020-12-15T16:06:45Z" duration-ms="11805" status="PASS">
          <reporter-output>
          </reporter-output>
        </test-method> <!-- acessarMDR -->
        <test-method signature="excluir()[pri:0, instance:com.timp.test.MDR.AtividadesParaTributacao.AtividadeDeTributacaoXFornecedor.AtividadeDeTributacaoXFornecedorExcluir@6d4d66d2]" started-at="2020-12-15T16:06:45Z" name="excluir" finished-at="2020-12-15T16:08:02Z" duration-ms="76866" status="PASS">
          <reporter-output>
          </reporter-output>
        </test-method> <!-- excluir -->
        <test-method is-config="true" signature="afterClass()[pri:0, instance:com.timp.test.MDR.AtividadesParaTributacao.AtividadeDeTributacaoXFornecedor.AtividadeDeTributacaoXFornecedorExcluir@6d4d66d2]" started-at="2020-12-15T16:08:02Z" name="afterClass" finished-at="2020-12-15T16:08:06Z" duration-ms="4321" status="PASS">
          <reporter-output>
          </reporter-output>
        </test-method> <!-- afterClass -->
      </class> <!-- com.timp.test.MDR.AtividadesParaTributacao.AtividadeDeTributacaoXFornecedor.AtividadeDeTributacaoXFornecedorExcluir -->
    </test> <!-- Default test -->
  </suite> <!-- Default suite -->
</testng-results>
