<?xml version="1.0" encoding="UTF-8"?>
<testng-results ignored="0" total="1" passed="1" failed="0" skipped="0">
  <reporter-output>
  </reporter-output>
  <suite started-at="2021-02-22T20:02:12Z" name="Default suite" finished-at="2021-02-22T20:06:11Z" duration-ms="238651">
    <groups>
    </groups>
    <test started-at="2021-02-22T20:02:12Z" name="Default test" finished-at="2021-02-22T20:06:11Z" duration-ms="238651">
      <class name="com.timp.test.BRB.OutputAutomático">
        <test-method is-config="true" signature="beforeClass()[pri:0, instance:com.timp.test.BRB.OutputAutomático@671a5887]" started-at="2021-02-22T20:02:12Z" name="beforeClass" finished-at="2021-02-22T20:02:30Z" duration-ms="17638" status="PASS">
          <reporter-output>
          </reporter-output>
        </test-method> <!-- beforeClass -->
        <test-method signature="editar()[pri:0, instance:com.timp.test.BRB.OutputAutomático@671a5887]" started-at="2021-02-22T20:02:30Z" name="editar" finished-at="2021-02-22T20:06:11Z" duration-ms="220975" status="PASS">
          <reporter-output>
          </reporter-output>
        </test-method> <!-- editar -->
        <test-method is-config="true" signature="afterClass()[pri:0, instance:com.timp.test.BRB.OutputAutomático@671a5887]" started-at="2021-02-22T20:06:11Z" name="afterClass" finished-at="2021-02-22T20:06:11Z" duration-ms="1" status="PASS">
          <reporter-output>
          </reporter-output>
        </test-method> <!-- afterClass -->
      </class> <!-- com.timp.test.BRB.OutputAutomático -->
    </test> <!-- Default test -->
  </suite> <!-- Default suite -->
</testng-results>
