<?xml version="1.0" encoding="UTF-8"?>
<testng-results skipped="0" failed="0" ignored="0" total="5" passed="5">
  <reporter-output>
  </reporter-output>
  <suite name="Suite" duration-ms="365338" started-at="2021-02-16T17:17:34Z" finished-at="2021-02-16T17:23:40Z">
    <groups>
    </groups>
    <test name="Automações BRB" duration-ms="365338" started-at="2021-02-16T17:17:34Z" finished-at="2021-02-16T17:23:40Z">
      <class name="com.timp.test.BRB.FiltrosRelatorio">
        <test-method status="PASS" signature="beforeClass()[pri:0, instance:com.timp.test.BRB.FiltrosRelatorio@78b729e6]" name="beforeClass" is-config="true" duration-ms="11176" started-at="2021-02-16T17:17:34Z" finished-at="2021-02-16T17:17:46Z">
          <reporter-output>
          </reporter-output>
        </test-method> <!-- beforeClass -->
        <test-method status="PASS" signature="AfiltrosEditor()[pri:0, instance:com.timp.test.BRB.FiltrosRelatorio@78b729e6]" name="AfiltrosEditor" duration-ms="132019" started-at="2021-02-16T17:17:46Z" finished-at="2021-02-16T17:19:58Z">
          <reporter-output>
          </reporter-output>
        </test-method> <!-- AfiltrosEditor -->
        <test-method status="PASS" signature="BfiltrosBiblioteca()[pri:0, instance:com.timp.test.BRB.FiltrosRelatorio@78b729e6]" name="BfiltrosBiblioteca" duration-ms="62860" started-at="2021-02-16T17:19:58Z" depends-on-methods="com.timp.test.BRB.FiltrosRelatorio.AfiltrosEditor" finished-at="2021-02-16T17:21:00Z">
          <reporter-output>
          </reporter-output>
        </test-method> <!-- BfiltrosBiblioteca -->
        <test-method status="PASS" signature="CasignarValores()[pri:0, instance:com.timp.test.BRB.FiltrosRelatorio@78b729e6]" name="CasignarValores" duration-ms="26024" started-at="2021-02-16T17:21:00Z" depends-on-methods="com.timp.test.BRB.FiltrosRelatorio.BfiltrosBiblioteca" finished-at="2021-02-16T17:21:26Z">
          <reporter-output>
          </reporter-output>
        </test-method> <!-- CasignarValores -->
        <test-method status="PASS" signature="afterClass()[pri:0, instance:com.timp.test.BRB.FiltrosRelatorio@78b729e6]" name="afterClass" is-config="true" duration-ms="4416" started-at="2021-02-16T17:21:26Z" finished-at="2021-02-16T17:21:31Z">
          <reporter-output>
          </reporter-output>
        </test-method> <!-- afterClass -->
      </class> <!-- com.timp.test.BRB.FiltrosRelatorio -->
      <class name="com.timp.test.BRB.ExcluirRelatorio">
        <test-method status="PASS" signature="beforeClass()[pri:0, instance:com.timp.test.BRB.ExcluirRelatorio@6b4a4e18]" name="beforeClass" is-config="true" duration-ms="11217" started-at="2021-02-16T17:21:31Z" finished-at="2021-02-16T17:21:42Z">
          <reporter-output>
          </reporter-output>
        </test-method> <!-- beforeClass -->
        <test-method status="PASS" signature="eliminar()[pri:0, instance:com.timp.test.BRB.ExcluirRelatorio@6b4a4e18]" name="eliminar" duration-ms="78650" started-at="2021-02-16T17:21:42Z" finished-at="2021-02-16T17:23:01Z">
          <reporter-output>
          </reporter-output>
        </test-method> <!-- eliminar -->
        <test-method status="PASS" signature="eliminarLixeira()[pri:0, instance:com.timp.test.BRB.ExcluirRelatorio@6b4a4e18]" name="eliminarLixeira" duration-ms="34519" started-at="2021-02-16T17:23:01Z" depends-on-methods="com.timp.test.BRB.ExcluirRelatorio.eliminar" finished-at="2021-02-16T17:23:35Z">
          <reporter-output>
          </reporter-output>
        </test-method> <!-- eliminarLixeira -->
        <test-method status="PASS" signature="afterClass()[pri:0, instance:com.timp.test.BRB.ExcluirRelatorio@6b4a4e18]" name="afterClass" is-config="true" duration-ms="4425" started-at="2021-02-16T17:23:35Z" finished-at="2021-02-16T17:23:40Z">
          <reporter-output>
          </reporter-output>
        </test-method> <!-- afterClass -->
      </class> <!-- com.timp.test.BRB.ExcluirRelatorio -->
    </test> <!-- Automações BRB -->
  </suite> <!-- Suite -->
</testng-results>
