<?xml version="1.0" encoding="UTF-8"?>
<testng-results total="3" passed="3" failed="0" skipped="0">
  <reporter-output>
  </reporter-output>
  <suite started-at="2020-12-20T23:40:43Z" name="Default suite" finished-at="2020-12-20T23:42:13Z" duration-ms="89510">
    <groups>
    </groups>
    <test started-at="2020-12-20T23:40:43Z" name="Default test" finished-at="2020-12-20T23:42:13Z" duration-ms="89510">
      <class name="com.timp.test.DFG.Leiautes.LeiautesExecucaoCamposEspeciais1y2">
        <test-method is-config="true" signature="beforeClass()[pri:0, instance:com.timp.test.DFG.Leiautes.LeiautesExecucaoCamposEspeciais1y2@418c5a9c]" started-at="2020-12-20T17:40:43Z" name="beforeClass" finished-at="2020-12-20T17:41:03Z" duration-ms="19562" status="PASS">
          <reporter-output>
          </reporter-output>
        </test-method> <!-- beforeClass -->
        <test-method signature="ingresar()[pri:0, instance:com.timp.test.DFG.Leiautes.LeiautesExecucaoCamposEspeciais1y2@418c5a9c]" started-at="2020-12-20T17:41:03Z" name="ingresar" finished-at="2020-12-20T17:41:14Z" duration-ms="11325" status="PASS">
          <reporter-output>
          </reporter-output>
        </test-method> <!-- ingresar -->
        <test-method signature="mdrEntrar()[pri:0, instance:com.timp.test.DFG.Leiautes.LeiautesExecucaoCamposEspeciais1y2@418c5a9c]" started-at="2020-12-20T17:41:14Z" name="mdrEntrar" finished-at="2020-12-20T17:41:32Z" duration-ms="17818" status="PASS">
          <reporter-output>
          </reporter-output>
        </test-method> <!-- mdrEntrar -->
        <test-method signature="criar()[pri:0, instance:com.timp.test.DFG.Leiautes.LeiautesExecucaoCamposEspeciais1y2@418c5a9c]" started-at="2020-12-20T17:41:32Z" name="criar" finished-at="2020-12-20T17:42:13Z" duration-ms="40780" status="PASS">
          <reporter-output>
          </reporter-output>
        </test-method> <!-- criar -->
        <test-method is-config="true" signature="afterClass()[pri:0, instance:com.timp.test.DFG.Leiautes.LeiautesExecucaoCamposEspeciais1y2@418c5a9c]" started-at="2020-12-20T17:42:13Z" name="afterClass" finished-at="2020-12-20T17:42:13Z" duration-ms="1" status="PASS">
          <reporter-output>
          </reporter-output>
        </test-method> <!-- afterClass -->
      </class> <!-- com.timp.test.DFG.Leiautes.LeiautesExecucaoCamposEspeciais1y2 -->
    </test> <!-- Default test -->
  </suite> <!-- Default suite -->
</testng-results>
