<?xml version="1.0" encoding="UTF-8"?>
<testng-results ignored="0" total="2" passed="2" failed="0" skipped="0">
  <reporter-output>
  </reporter-output>
  <suite started-at="2023-06-01T14:01:14 UTC" name="Default suite" finished-at="2023-06-01T14:03:59 UTC" duration-ms="164995">
    <groups>
    </groups>
    <test started-at="2023-06-01T14:01:14 UTC" name="Default test" finished-at="2023-06-01T14:03:59 UTC" duration-ms="164995">
      <class name="com.timp.test.ATR.Estruturas.MapeamentoDeEstruturas.MapeamentodeEstruturasExcluirMassa">
        <test-method is-config="true" signature="beforeClass()[pri:0, instance:com.timp.test.ATR.Estruturas.MapeamentoDeEstruturas.MapeamentodeEstruturasExcluirMassa@5a56cdac]" started-at="2023-06-01T14:01:14 UTC" name="beforeClass" finished-at="2023-06-01T14:01:17 UTC" duration-ms="2912" status="PASS">
          <reporter-output>
          </reporter-output>
        </test-method> <!-- beforeClass -->
        <test-method signature="Criar()[pri:0, instance:com.timp.test.ATR.Estruturas.MapeamentoDeEstruturas.MapeamentodeEstruturasExcluirMassa@5a56cdac]" started-at="2023-06-01T14:01:17 UTC" name="Criar" finished-at="2023-06-01T14:03:26 UTC" duration-ms="129731" status="PASS">
          <reporter-output>
          </reporter-output>
        </test-method> <!-- Criar -->
        <test-method signature="excluirMasa()[pri:0, instance:com.timp.test.ATR.Estruturas.MapeamentoDeEstruturas.MapeamentodeEstruturasExcluirMassa@5a56cdac]" started-at="2023-06-01T14:03:26 UTC" name="excluirMasa" finished-at="2023-06-01T14:03:59 UTC" depends-on-methods="com.timp.test.ATR.Estruturas.MapeamentoDeEstruturas.MapeamentodeEstruturasExcluirMassa.Criar" duration-ms="32312" status="PASS">
          <reporter-output>
          </reporter-output>
        </test-method> <!-- excluirMasa -->
        <test-method is-config="true" signature="afterClass()[pri:0, instance:com.timp.test.ATR.Estruturas.MapeamentoDeEstruturas.MapeamentodeEstruturasExcluirMassa@5a56cdac]" started-at="2023-06-01T14:03:59 UTC" name="afterClass" finished-at="2023-06-01T14:03:59 UTC" duration-ms="0" status="PASS">
          <reporter-output>
          </reporter-output>
        </test-method> <!-- afterClass -->
      </class> <!-- com.timp.test.ATR.Estruturas.MapeamentoDeEstruturas.MapeamentodeEstruturasExcluirMassa -->
    </test> <!-- Default test -->
  </suite> <!-- Default suite -->
</testng-results>
