<?xml version="1.0" encoding="UTF-8"?>
<testng-results total="4" passed="4" failed="0" skipped="0">
  <reporter-output>
  </reporter-output>
  <suite started-at="2020-10-29T03:46:11Z" name="Default suite" finished-at="2020-10-29T03:48:19Z" duration-ms="128611">
    <groups>
    </groups>
    <test started-at="2020-10-29T03:46:11Z" name="Default test" finished-at="2020-10-29T03:48:19Z" duration-ms="128611">
      <class name="com.timp.test.MDR.TabelasApoioESocial.Tabela25.TiposDeBenefíciosCriarExcluirMassa">
        <test-method is-config="true" signature="beforeClass()[pri:0, instance:com.timp.test.MDR.TabelasApoioESocial.Tabela25.TiposDeBenefíciosCriarExcluirMassa@1672fe87]" started-at="2020-10-28T21:46:11Z" name="beforeClass" finished-at="2020-10-28T21:46:23Z" duration-ms="12594" status="PASS">
          <reporter-output>
          </reporter-output>
        </test-method> <!-- beforeClass -->
        <test-method signature="login()[pri:0, instance:com.timp.test.MDR.TabelasApoioESocial.Tabela25.TiposDeBenefíciosCriarExcluirMassa@1672fe87]" started-at="2020-10-28T21:46:23Z" name="login" finished-at="2020-10-28T21:46:31Z" duration-ms="7183" status="PASS">
          <reporter-output>
          </reporter-output>
        </test-method> <!-- login -->
        <test-method signature="acessarMDR()[pri:0, instance:com.timp.test.MDR.TabelasApoioESocial.Tabela25.TiposDeBenefíciosCriarExcluirMassa@1672fe87]" started-at="2020-10-28T21:46:31Z" name="acessarMDR" finished-at="2020-10-28T21:46:44Z" duration-ms="13316" status="PASS">
          <reporter-output>
          </reporter-output>
        </test-method> <!-- acessarMDR -->
        <test-method signature="criar()[pri:0, instance:com.timp.test.MDR.TabelasApoioESocial.Tabela25.TiposDeBenefíciosCriarExcluirMassa@1672fe87]" started-at="2020-10-28T21:46:44Z" name="criar" finished-at="2020-10-28T21:47:52Z" duration-ms="68325" status="PASS">
          <reporter-output>
          </reporter-output>
        </test-method> <!-- criar -->
        <test-method signature="excluirMassa()[pri:0, instance:com.timp.test.MDR.TabelasApoioESocial.Tabela25.TiposDeBenefíciosCriarExcluirMassa@1672fe87]" started-at="2020-10-28T21:47:52Z" name="excluirMassa" finished-at="2020-10-28T21:48:19Z" duration-ms="27176" status="PASS">
          <reporter-output>
          </reporter-output>
        </test-method> <!-- excluirMassa -->
        <test-method is-config="true" signature="afterClass()[pri:0, instance:com.timp.test.MDR.TabelasApoioESocial.Tabela25.TiposDeBenefíciosCriarExcluirMassa@1672fe87]" started-at="2020-10-28T21:48:19Z" name="afterClass" finished-at="2020-10-28T21:48:19Z" duration-ms="0" status="PASS">
          <reporter-output>
          </reporter-output>
        </test-method> <!-- afterClass -->
      </class> <!-- com.timp.test.MDR.TabelasApoioESocial.Tabela25.TiposDeBenefíciosCriarExcluirMassa -->
    </test> <!-- Default test -->
  </suite> <!-- Default suite -->
</testng-results>
