<?xml version="1.0" encoding="UTF-8"?>
<testng-results skipped="0" failed="0" total="3" passed="3">
  <reporter-output>
  </reporter-output>
  <suite name="Default suite" duration-ms="68989" started-at="2020-10-27T15:36:03Z" finished-at="2020-10-27T15:37:12Z">
    <groups>
    </groups>
    <test name="Default test" duration-ms="68989" started-at="2020-10-27T15:36:03Z" finished-at="2020-10-27T15:37:12Z">
      <class name="com.timp.test.MDR.IncentivosFiscais.IncentivosFiscaisFiltroId">
        <test-method status="PASS" signature="beforeClass()[pri:0, instance:com.timp.test.MDR.IncentivosFiscais.IncentivosFiscaisFiltroId@3a079870]" name="beforeClass" is-config="true" duration-ms="12186" started-at="2020-10-27T09:36:03Z" finished-at="2020-10-27T09:36:15Z">
          <reporter-output>
          </reporter-output>
        </test-method> <!-- beforeClass -->
        <test-method status="PASS" signature="login()[pri:0, instance:com.timp.test.MDR.IncentivosFiscais.IncentivosFiscaisFiltroId@3a079870]" name="login" duration-ms="7185" started-at="2020-10-27T09:36:15Z" finished-at="2020-10-27T09:36:22Z">
          <reporter-output>
          </reporter-output>
        </test-method> <!-- login -->
        <test-method status="PASS" signature="acessarMDR()[pri:0, instance:com.timp.test.MDR.IncentivosFiscais.IncentivosFiscaisFiltroId@3a079870]" name="acessarMDR" duration-ms="19991" started-at="2020-10-27T09:36:22Z" finished-at="2020-10-27T09:36:42Z">
          <reporter-output>
          </reporter-output>
        </test-method> <!-- acessarMDR -->
        <test-method status="PASS" signature="FiltrarIncentivosFiscaisId()[pri:0, instance:com.timp.test.MDR.IncentivosFiscais.IncentivosFiscaisFiltroId@3a079870]" name="FiltrarIncentivosFiscaisId" duration-ms="29605" started-at="2020-10-27T09:36:42Z" finished-at="2020-10-27T09:37:12Z">
          <reporter-output>
          </reporter-output>
        </test-method> <!-- FiltrarIncentivosFiscaisId -->
        <test-method status="PASS" signature="afterClass()[pri:0, instance:com.timp.test.MDR.IncentivosFiscais.IncentivosFiscaisFiltroId@3a079870]" name="afterClass" is-config="true" duration-ms="0" started-at="2020-10-27T09:37:12Z" finished-at="2020-10-27T09:37:12Z">
          <reporter-output>
          </reporter-output>
        </test-method> <!-- afterClass -->
      </class> <!-- com.timp.test.MDR.IncentivosFiscais.IncentivosFiscaisFiltroId -->
    </test> <!-- Default test -->
  </suite> <!-- Default suite -->
</testng-results>
