<?xml version="1.0" encoding="UTF-8"?>
<testng-results ignored="0" total="15" passed="14" failed="1" skipped="0">
  <reporter-output>
  </reporter-output>
  <suite started-at="2022-02-15T08:08:51Z" name="Default suite" finished-at="2022-02-15T08:17:50Z" duration-ms="538577">
    <groups>
    </groups>
    <test started-at="2022-02-15T08:08:51Z" name="Default test" finished-at="2022-02-15T08:17:50Z" duration-ms="538577">
      <class name="com.timp.test.BCB.OrigemBFB.HierarquiaConfiguracao.OrigenBFBHierarquiaConfiguracaoTodasAsFuncionalidades">
        <test-method is-config="true" signature="beforeClass()[pri:0, instance:com.timp.test.BCB.OrigemBFB.HierarquiaConfiguracao.OrigenBFBHierarquiaConfiguracaoTodasAsFuncionalidades@19c65cdc]" started-at="2022-02-15T08:08:51Z" name="beforeClass" finished-at="2022-02-15T08:09:04Z" duration-ms="13280" status="PASS">
          <reporter-output>
          </reporter-output>
        </test-method> <!-- beforeClass -->
        <test-method signature="login()[pri:0, instance:com.timp.test.BCB.OrigemBFB.HierarquiaConfiguracao.OrigenBFBHierarquiaConfiguracaoTodasAsFuncionalidades@19c65cdc]" started-at="2022-02-15T08:09:04Z" name="login" finished-at="2022-02-15T08:09:12Z" duration-ms="8100" status="PASS">
          <reporter-output>
          </reporter-output>
        </test-method> <!-- login -->
        <test-method signature="brbEntrar()[pri:1, instance:com.timp.test.BCB.OrigemBFB.HierarquiaConfiguracao.OrigenBFBHierarquiaConfiguracaoTodasAsFuncionalidades@19c65cdc]" started-at="2022-02-15T08:09:12Z" name="brbEntrar" finished-at="2022-02-15T08:09:31Z" duration-ms="18313" status="PASS">
          <reporter-output>
          </reporter-output>
        </test-method> <!-- brbEntrar -->
        <test-method signature="criarConfiguracaoExecucoes()[pri:2, instance:com.timp.test.BCB.OrigemBFB.HierarquiaConfiguracao.OrigenBFBHierarquiaConfiguracaoTodasAsFuncionalidades@19c65cdc]" started-at="2022-02-15T08:09:31Z" name="criarConfiguracaoExecucoes" finished-at="2022-02-15T08:10:55Z" duration-ms="84034" status="PASS">
          <reporter-output>
          </reporter-output>
        </test-method> <!-- criarConfiguracaoExecucoes -->
        <test-method signature="criarConfiguracionConfiguracao()[pri:3, instance:com.timp.test.BCB.OrigemBFB.HierarquiaConfiguracao.OrigenBFBHierarquiaConfiguracaoTodasAsFuncionalidades@19c65cdc]" started-at="2022-02-15T08:10:55Z" name="criarConfiguracionConfiguracao" finished-at="2022-02-15T08:12:40Z" duration-ms="105049" status="PASS">
          <reporter-output>
          </reporter-output>
        </test-method> <!-- criarConfiguracionConfiguracao -->
        <test-method signature="criarConfiguracao()[pri:4, instance:com.timp.test.BCB.OrigemBFB.HierarquiaConfiguracao.OrigenBFBHierarquiaConfiguracaoTodasAsFuncionalidades@19c65cdc]" started-at="2022-02-15T08:12:40Z" name="criarConfiguracao" finished-at="2022-02-15T08:13:24Z" duration-ms="43822" status="PASS">
          <reporter-output>
          </reporter-output>
        </test-method> <!-- criarConfiguracao -->
        <test-method signature="outputBCB()[pri:5, instance:com.timp.test.BCB.OrigemBFB.HierarquiaConfiguracao.OrigenBFBHierarquiaConfiguracaoTodasAsFuncionalidades@19c65cdc]" started-at="2022-02-15T08:13:24Z" name="outputBCB" finished-at="2022-02-15T08:14:01Z" duration-ms="37080" status="PASS">
          <reporter-output>
          </reporter-output>
        </test-method> <!-- outputBCB -->
        <test-method signature="subNivel2()[pri:6, instance:com.timp.test.BCB.OrigemBFB.HierarquiaConfiguracao.OrigenBFBHierarquiaConfiguracaoTodasAsFuncionalidades@19c65cdc]" started-at="2022-02-15T08:14:01Z" name="subNivel2" finished-at="2022-02-15T08:14:38Z" duration-ms="37236" status="PASS">
          <reporter-output>
          </reporter-output>
        </test-method> <!-- subNivel2 -->
        <test-method signature="subNivel3()[pri:7, instance:com.timp.test.BCB.OrigemBFB.HierarquiaConfiguracao.OrigenBFBHierarquiaConfiguracaoTodasAsFuncionalidades@19c65cdc]" started-at="2022-02-15T08:14:38Z" name="subNivel3" finished-at="2022-02-15T08:15:19Z" duration-ms="40819" status="PASS">
          <reporter-output>
          </reporter-output>
        </test-method> <!-- subNivel3 -->
        <test-method signature="subNivel4()[pri:8, instance:com.timp.test.BCB.OrigemBFB.HierarquiaConfiguracao.OrigenBFBHierarquiaConfiguracaoTodasAsFuncionalidades@19c65cdc]" started-at="2022-02-15T08:15:19Z" name="subNivel4" finished-at="2022-02-15T08:15:56Z" duration-ms="37599" status="PASS">
          <reporter-output>
          </reporter-output>
        </test-method> <!-- subNivel4 -->
        <test-method signature="subNivel5()[pri:9, instance:com.timp.test.BCB.OrigemBFB.HierarquiaConfiguracao.OrigenBFBHierarquiaConfiguracaoTodasAsFuncionalidades@19c65cdc]" started-at="2022-02-15T08:15:56Z" name="subNivel5" finished-at="2022-02-15T08:16:39Z" duration-ms="42641" status="PASS">
          <reporter-output>
          </reporter-output>
        </test-method> <!-- subNivel5 -->
        <test-method signature="abrirSubnivel1()[pri:10, instance:com.timp.test.BCB.OrigemBFB.HierarquiaConfiguracao.OrigenBFBHierarquiaConfiguracaoTodasAsFuncionalidades@19c65cdc]" started-at="2022-02-15T08:16:39Z" name="abrirSubnivel1" finished-at="2022-02-15T08:17:29Z" duration-ms="49826" status="PASS">
          <reporter-output>
          </reporter-output>
        </test-method> <!-- abrirSubnivel1 -->
        <test-method signature="abrirSubnivel2()[pri:11, instance:com.timp.test.BCB.OrigemBFB.HierarquiaConfiguracao.OrigenBFBHierarquiaConfiguracaoTodasAsFuncionalidades@19c65cdc]" started-at="2022-02-15T08:17:29Z" name="abrirSubnivel2" finished-at="2022-02-15T08:17:34Z" duration-ms="5189" status="FAIL">
          <exception class="java.lang.AssertionError">
            <message>
              <![CDATA[Os Subniveis não foram adicinados com sucesso expected [true] but found [false]]]>
            </message>
            <full-stacktrace>
              <![CDATA[java.lang.AssertionError: Os Subniveis não foram adicinados com sucesso expected [true] but found [false]
at org.testng.Assert.fail(Assert.java:96)
at org.testng.Assert.failNotEquals(Assert.java:776)
at org.testng.Assert.assertTrue(Assert.java:44)
at com.timp.test.BCB.OrigemBFB.HierarquiaConfiguracao.OrigenBFBHierarquiaConfiguracaoTodasAsFuncionalidades.abrirSubnivel2(OrigenBFBHierarquiaConfiguracaoTodasAsFuncionalidades.java:144)
at java.base/jdk.internal.reflect.NativeMethodAccessorImpl.invoke0(Native Method)
at java.base/jdk.internal.reflect.NativeMethodAccessorImpl.invoke(NativeMethodAccessorImpl.java:77)
at java.base/jdk.internal.reflect.DelegatingMethodAccessorImpl.invoke(DelegatingMethodAccessorImpl.java:43)
at java.base/java.lang.reflect.Method.invoke(Method.java:568)
at org.testng.internal.MethodInvocationHelper.invokeMethod(MethodInvocationHelper.java:124)
at org.testng.internal.Invoker.invokeMethod(Invoker.java:583)
at org.testng.internal.Invoker.invokeTestMethod(Invoker.java:719)
at org.testng.internal.Invoker.invokeTestMethods(Invoker.java:989)
at org.testng.internal.TestMethodWorker.invokeTestMethods(TestMethodWorker.java:125)
at org.testng.internal.TestMethodWorker.run(TestMethodWorker.java:109)
at org.testng.TestRunner.privateRun(TestRunner.java:648)
at org.testng.TestRunner.run(TestRunner.java:505)
at org.testng.SuiteRunner.runTest(SuiteRunner.java:455)
at org.testng.SuiteRunner.runSequentially(SuiteRunner.java:450)
at org.testng.SuiteRunner.privateRun(SuiteRunner.java:415)
at org.testng.SuiteRunner.run(SuiteRunner.java:364)
at org.testng.SuiteRunnerWorker.runSuite(SuiteRunnerWorker.java:52)
at org.testng.SuiteRunnerWorker.run(SuiteRunnerWorker.java:84)
at org.testng.TestNG.runSuitesSequentially(TestNG.java:1208)
at org.testng.TestNG.runSuitesLocally(TestNG.java:1137)
at org.testng.TestNG.runSuites(TestNG.java:1049)
at org.testng.TestNG.run(TestNG.java:1017)
at org.testng.remote.AbstractRemoteTestNG.run(AbstractRemoteTestNG.java:115)
at org.testng.remote.RemoteTestNG.initAndRun(RemoteTestNG.java:251)
at org.testng.remote.RemoteTestNG.main(RemoteTestNG.java:77)
]]>
            </full-stacktrace>
          </exception> <!-- java.lang.AssertionError -->
          <reporter-output>
          </reporter-output>
        </test-method> <!-- abrirSubnivel2 -->
        <test-method signature="abrirSubnivel3()[pri:12, instance:com.timp.test.BCB.OrigemBFB.HierarquiaConfiguracao.OrigenBFBHierarquiaConfiguracaoTodasAsFuncionalidades@19c65cdc]" started-at="2022-02-15T08:17:34Z" name="abrirSubnivel3" finished-at="2022-02-15T08:17:39Z" duration-ms="5206" status="PASS">
          <reporter-output>
          </reporter-output>
        </test-method> <!-- abrirSubnivel3 -->
        <test-method signature="abrirSubnivel4()[pri:13, instance:com.timp.test.BCB.OrigemBFB.HierarquiaConfiguracao.OrigenBFBHierarquiaConfiguracaoTodasAsFuncionalidades@19c65cdc]" started-at="2022-02-15T08:17:39Z" name="abrirSubnivel4" finished-at="2022-02-15T08:17:44Z" duration-ms="5185" status="PASS">
          <reporter-output>
          </reporter-output>
        </test-method> <!-- abrirSubnivel4 -->
        <test-method signature="abrirSubnivel5()[pri:14, instance:com.timp.test.BCB.OrigemBFB.HierarquiaConfiguracao.OrigenBFBHierarquiaConfiguracaoTodasAsFuncionalidades@19c65cdc]" started-at="2022-02-15T08:17:44Z" name="abrirSubnivel5" finished-at="2022-02-15T08:17:50Z" duration-ms="5152" status="PASS">
          <reporter-output>
          </reporter-output>
        </test-method> <!-- abrirSubnivel5 -->
        <test-method is-config="true" signature="afterClass()[pri:0, instance:com.timp.test.BCB.OrigemBFB.HierarquiaConfiguracao.OrigenBFBHierarquiaConfiguracaoTodasAsFuncionalidades@19c65cdc]" started-at="2022-02-15T08:17:50Z" name="afterClass" finished-at="2022-02-15T08:17:50Z" duration-ms="0" status="PASS">
          <reporter-output>
          </reporter-output>
        </test-method> <!-- afterClass -->
      </class> <!-- com.timp.test.BCB.OrigemBFB.HierarquiaConfiguracao.OrigenBFBHierarquiaConfiguracaoTodasAsFuncionalidades -->
    </test> <!-- Default test -->
  </suite> <!-- Default suite -->
</testng-results>
