<?xml version="1.0" encoding="UTF-8"?>
<testng-results total="3" passed="3" failed="0" skipped="0">
  <reporter-output>
  </reporter-output>
  <suite started-at="2020-11-25T14:37:47Z" name="Default suite" finished-at="2020-11-25T14:41:23Z" duration-ms="216554">
    <groups>
    </groups>
    <test started-at="2020-11-25T14:37:47Z" name="Default test" finished-at="2020-11-25T14:41:23Z" duration-ms="216554">
      <class name="com.timp.test.DFG.Configuracoes.ConfiguracoesCriar">
        <test-method is-config="true" signature="beforeClass()[pri:0, instance:com.timp.test.DFG.Configuracoes.ConfiguracoesCriar@6676f6a0]" started-at="2020-11-25T08:37:47Z" name="beforeClass" finished-at="2020-11-25T08:37:57Z" duration-ms="10563" status="PASS">
          <reporter-output>
          </reporter-output>
        </test-method> <!-- beforeClass -->
        <test-method signature="ingresar()[pri:0, instance:com.timp.test.DFG.Configuracoes.ConfiguracoesCriar@6676f6a0]" started-at="2020-11-25T08:37:57Z" name="ingresar" finished-at="2020-11-25T08:38:04Z" duration-ms="7083" status="PASS">
          <reporter-output>
          </reporter-output>
        </test-method> <!-- ingresar -->
        <test-method signature="mdrEntrar()[pri:0, instance:com.timp.test.DFG.Configuracoes.ConfiguracoesCriar@6676f6a0]" started-at="2020-11-25T08:38:04Z" name="mdrEntrar" finished-at="2020-11-25T08:38:18Z" duration-ms="13825" status="PASS">
          <reporter-output>
          </reporter-output>
        </test-method> <!-- mdrEntrar -->
        <test-method signature="criar()[pri:0, instance:com.timp.test.DFG.Configuracoes.ConfiguracoesCriar@6676f6a0]" started-at="2020-11-25T08:38:18Z" name="criar" finished-at="2020-11-25T08:41:19Z" duration-ms="180728" status="PASS">
          <reporter-output>
          </reporter-output>
        </test-method> <!-- criar -->
        <test-method is-config="true" signature="afterClass()[pri:0, instance:com.timp.test.DFG.Configuracoes.ConfiguracoesCriar@6676f6a0]" started-at="2020-11-25T08:41:19Z" name="afterClass" finished-at="2020-11-25T08:41:23Z" duration-ms="4335" status="PASS">
          <reporter-output>
          </reporter-output>
        </test-method> <!-- afterClass -->
      </class> <!-- com.timp.test.DFG.Configuracoes.ConfiguracoesCriar -->
    </test> <!-- Default test -->
  </suite> <!-- Default suite -->
</testng-results>
