<?xml version="1.0" encoding="UTF-8"?>
<testng-results total="3" passed="3" failed="0" skipped="0">
  <reporter-output>
  </reporter-output>
  <suite started-at="2021-01-28T18:21:10Z" name="Default suite" finished-at="2021-01-28T18:23:38Z" duration-ms="147536">
    <groups>
    </groups>
    <test started-at="2021-01-28T18:21:10Z" name="Default test" finished-at="2021-01-28T18:23:38Z" duration-ms="147536">
      <class name="com.timp.test.TDK.Kpis.KpisCriar">
        <test-method is-config="true" signature="beforeClass()[pri:0, instance:com.timp.test.TDK.Kpis.KpisCriar@3c0be339]" started-at="2021-01-28T15:21:10Z" name="beforeClass" finished-at="2021-01-28T15:21:29Z" duration-ms="18467" status="PASS">
          <reporter-output>
          </reporter-output>
        </test-method> <!-- beforeClass -->
        <test-method signature="login()[pri:0, instance:com.timp.test.TDK.Kpis.KpisCriar@3c0be339]" started-at="2021-01-28T15:21:29Z" name="login" finished-at="2021-01-28T15:21:48Z" duration-ms="18853" status="PASS">
          <reporter-output>
          </reporter-output>
        </test-method> <!-- login -->
        <test-method signature="acessarTDK()[pri:0, instance:com.timp.test.TDK.Kpis.KpisCriar@3c0be339]" started-at="2021-01-28T15:21:48Z" name="acessarTDK" finished-at="2021-01-28T15:22:15Z" duration-ms="26921" status="PASS">
          <reporter-output>
          </reporter-output>
        </test-method> <!-- acessarTDK -->
        <test-method signature="criar()[pri:0, instance:com.timp.test.TDK.Kpis.KpisCriar@3c0be339]" started-at="2021-01-28T15:22:15Z" name="criar" finished-at="2021-01-28T15:23:38Z" duration-ms="83264" status="PASS">
          <reporter-output>
          </reporter-output>
        </test-method> <!-- criar -->
        <test-method is-config="true" signature="afterClass()[pri:0, instance:com.timp.test.TDK.Kpis.KpisCriar@3c0be339]" started-at="2021-01-28T15:23:38Z" name="afterClass" finished-at="2021-01-28T15:23:38Z" duration-ms="1" status="PASS">
          <reporter-output>
          </reporter-output>
        </test-method> <!-- afterClass -->
      </class> <!-- com.timp.test.TDK.Kpis.KpisCriar -->
    </test> <!-- Default test -->
  </suite> <!-- Default suite -->
</testng-results>
