<?xml version="1.0" encoding="UTF-8"?>
<testng-results skipped="0" failed="0" total="4" passed="4">
  <reporter-output>
  </reporter-output>
  <suite name="Default suite" duration-ms="80941" started-at="2020-12-14T23:10:26Z" finished-at="2020-12-14T23:11:47Z">
    <groups>
    </groups>
    <test name="Default test" duration-ms="80941" started-at="2020-12-14T23:10:26Z" finished-at="2020-12-14T23:11:47Z">
      <class name="com.timp.test.DFG.SPED.ECD.ECDFuncionalidades">
        <test-method status="PASS" signature="beforeClass()[pri:0, instance:com.timp.test.DFG.SPED.ECD.ECDFuncionalidades@f2f2cc1]" name="beforeClass" is-config="true" duration-ms="13423" started-at="2020-12-14T17:10:26Z" finished-at="2020-12-14T17:10:39Z">
          <reporter-output>
          </reporter-output>
        </test-method> <!-- beforeClass -->
        <test-method status="PASS" signature="ingresar()[pri:0, instance:com.timp.test.DFG.SPED.ECD.ECDFuncionalidades@f2f2cc1]" name="ingresar" duration-ms="7896" started-at="2020-12-14T17:10:39Z" finished-at="2020-12-14T17:10:47Z">
          <reporter-output>
          </reporter-output>
        </test-method> <!-- ingresar -->
        <test-method status="PASS" signature="mdrEntrar()[pri:0, instance:com.timp.test.DFG.SPED.ECD.ECDFuncionalidades@f2f2cc1]" name="mdrEntrar" duration-ms="16576" started-at="2020-12-14T17:10:47Z" finished-at="2020-12-14T17:11:04Z">
          <reporter-output>
          </reporter-output>
        </test-method> <!-- mdrEntrar -->
        <test-method status="PASS" signature="criarECD()[pri:0, instance:com.timp.test.DFG.SPED.ECD.ECDFuncionalidades@f2f2cc1]" name="criarECD" duration-ms="25784" started-at="2020-12-14T17:11:04Z" finished-at="2020-12-14T17:11:30Z">
          <reporter-output>
          </reporter-output>
        </test-method> <!-- criarECD -->
        <test-method status="PASS" signature="VisualizarECD()[pri:0, instance:com.timp.test.DFG.SPED.ECD.ECDFuncionalidades@f2f2cc1]" name="VisualizarECD" duration-ms="17248" started-at="2020-12-14T17:11:30Z" finished-at="2020-12-14T17:11:47Z">
          <reporter-output>
          </reporter-output>
        </test-method> <!-- VisualizarECD -->
        <test-method status="PASS" signature="afterClass()[pri:0, instance:com.timp.test.DFG.SPED.ECD.ECDFuncionalidades@f2f2cc1]" name="afterClass" is-config="true" duration-ms="0" started-at="2020-12-14T17:11:47Z" finished-at="2020-12-14T17:11:47Z">
          <reporter-output>
          </reporter-output>
        </test-method> <!-- afterClass -->
      </class> <!-- com.timp.test.DFG.SPED.ECD.ECDFuncionalidades -->
    </test> <!-- Default test -->
  </suite> <!-- Default suite -->
</testng-results>
