<?xml version="1.0" encoding="UTF-8"?>
<testng-results total="3" passed="3" failed="0" skipped="0">
  <reporter-output>
  </reporter-output>
  <suite started-at="2020-11-24T18:52:55Z" name="Default suite" finished-at="2020-11-24T18:55:04Z" duration-ms="129397">
    <groups>
    </groups>
    <test started-at="2020-11-24T18:52:55Z" name="Default test" finished-at="2020-11-24T18:55:04Z" duration-ms="129397">
      <class name="com.timp.test.BRE.CalculoDeTributos.CalculoDeTributoCriar">
        <test-method is-config="true" signature="beforeClass()[pri:0, instance:com.timp.test.BRE.CalculoDeTributos.CalculoDeTributoCriar@6d4d66d2]" started-at="2020-11-24T15:52:55Z" name="beforeClass" finished-at="2020-11-24T15:53:10Z" duration-ms="15205" status="PASS">
          <reporter-output>
          </reporter-output>
        </test-method> <!-- beforeClass -->
        <test-method signature="login()[pri:0, instance:com.timp.test.BRE.CalculoDeTributos.CalculoDeTributoCriar@6d4d66d2]" started-at="2020-11-24T15:53:10Z" name="login" finished-at="2020-11-24T15:53:19Z" duration-ms="9405" status="PASS">
          <reporter-output>
          </reporter-output>
        </test-method> <!-- login -->
        <test-method signature="acessarBRE()[pri:0, instance:com.timp.test.BRE.CalculoDeTributos.CalculoDeTributoCriar@6d4d66d2]" started-at="2020-11-24T15:53:19Z" name="acessarBRE" finished-at="2020-11-24T15:53:35Z" duration-ms="15845" status="PASS">
          <reporter-output>
          </reporter-output>
        </test-method> <!-- acessarBRE -->
        <test-method signature="criar()[pri:0, instance:com.timp.test.BRE.CalculoDeTributos.CalculoDeTributoCriar@6d4d66d2]" started-at="2020-11-24T15:53:35Z" name="criar" finished-at="2020-11-24T15:55:04Z" duration-ms="88930" status="PASS">
          <reporter-output>
          </reporter-output>
        </test-method> <!-- criar -->
        <test-method is-config="true" signature="afterClass()[pri:0, instance:com.timp.test.BRE.CalculoDeTributos.CalculoDeTributoCriar@6d4d66d2]" started-at="2020-11-24T15:55:04Z" name="afterClass" finished-at="2020-11-24T15:55:04Z" duration-ms="0" status="PASS">
          <reporter-output>
          </reporter-output>
        </test-method> <!-- afterClass -->
      </class> <!-- com.timp.test.BRE.CalculoDeTributos.CalculoDeTributoCriar -->
    </test> <!-- Default test -->
  </suite> <!-- Default suite -->
</testng-results>
