<?xml version="1.0" encoding="UTF-8"?>
<testng-results ignored="0" total="1" passed="1" failed="0" skipped="0">
  <reporter-output>
  </reporter-output>
  <suite started-at="2021-04-17T17:09:00Z" name="Default suite" finished-at="2021-04-17T17:11:20Z" duration-ms="139822">
    <groups>
    </groups>
    <test started-at="2021-04-17T17:09:00Z" name="Default test" finished-at="2021-04-17T17:11:20Z" duration-ms="139822">
      <class name="com.timp.test.MDR.ParametrosContabilizacao.ContasDefaultPorTributo.ContasDefaultPorTributoExcluir">
        <test-method is-config="true" signature="beforeClass()[pri:0, instance:com.timp.test.MDR.ParametrosContabilizacao.ContasDefaultPorTributo.ContasDefaultPorTributoExcluir@5afa3c9]" started-at="2021-04-17T17:09:00Z" name="beforeClass" finished-at="2021-04-17T17:09:25Z" duration-ms="24781" status="PASS">
          <reporter-output>
          </reporter-output>
        </test-method> <!-- beforeClass -->
        <test-method signature="excluir()[pri:0, instance:com.timp.test.MDR.ParametrosContabilizacao.ContasDefaultPorTributo.ContasDefaultPorTributoExcluir@5afa3c9]" started-at="2021-04-17T17:09:25Z" name="excluir" finished-at="2021-04-17T17:11:10Z" duration-ms="105192" status="PASS">
          <reporter-output>
          </reporter-output>
        </test-method> <!-- excluir -->
        <test-method is-config="true" signature="afterClass()[pri:0, instance:com.timp.test.MDR.ParametrosContabilizacao.ContasDefaultPorTributo.ContasDefaultPorTributoExcluir@5afa3c9]" started-at="2021-04-17T17:11:10Z" name="afterClass" finished-at="2021-04-17T17:11:20Z" duration-ms="9834" status="PASS">
          <reporter-output>
          </reporter-output>
        </test-method> <!-- afterClass -->
      </class> <!-- com.timp.test.MDR.ParametrosContabilizacao.ContasDefaultPorTributo.ContasDefaultPorTributoExcluir -->
    </test> <!-- Default test -->
  </suite> <!-- Default suite -->
</testng-results>
