<?xml version="1.0" encoding="UTF-8"?>
<testng-results total="3" passed="3" failed="0" skipped="0">
  <reporter-output>
  </reporter-output>
  <suite started-at="2020-11-23T19:51:13Z" name="Default suite" finished-at="2020-11-23T19:53:40Z" duration-ms="147157">
    <groups>
    </groups>
    <test started-at="2020-11-23T19:51:13Z" name="Default test" finished-at="2020-11-23T19:53:40Z" duration-ms="147157">
      <class name="com.timp.test.BRE.RegrasDeAuditoriaN3.RegrasDeAuditoriaN3CriarMasCaminho">
        <test-method is-config="true" signature="beforeClass()[pri:0, instance:com.timp.test.BRE.RegrasDeAuditoriaN3.RegrasDeAuditoriaN3CriarMasCaminho@10f7f7de]" started-at="2020-11-23T13:51:13Z" name="beforeClass" finished-at="2020-11-23T13:51:26Z" duration-ms="12526" status="PASS">
          <reporter-output>
          </reporter-output>
        </test-method> <!-- beforeClass -->
        <test-method signature="login()[pri:0, instance:com.timp.test.BRE.RegrasDeAuditoriaN3.RegrasDeAuditoriaN3CriarMasCaminho@10f7f7de]" started-at="2020-11-23T13:51:26Z" name="login" finished-at="2020-11-23T13:51:33Z" duration-ms="7564" status="PASS">
          <reporter-output>
          </reporter-output>
        </test-method> <!-- login -->
        <test-method signature="acessarBRE()[pri:0, instance:com.timp.test.BRE.RegrasDeAuditoriaN3.RegrasDeAuditoriaN3CriarMasCaminho@10f7f7de]" started-at="2020-11-23T13:51:33Z" name="acessarBRE" finished-at="2020-11-23T13:51:48Z" duration-ms="14717" status="PASS">
          <reporter-output>
          </reporter-output>
        </test-method> <!-- acessarBRE -->
        <test-method signature="criar()[pri:0, instance:com.timp.test.BRE.RegrasDeAuditoriaN3.RegrasDeAuditoriaN3CriarMasCaminho@10f7f7de]" started-at="2020-11-23T13:51:48Z" name="criar" finished-at="2020-11-23T13:53:40Z" duration-ms="112333" status="PASS">
          <reporter-output>
          </reporter-output>
        </test-method> <!-- criar -->
        <test-method is-config="true" signature="afterClass()[pri:0, instance:com.timp.test.BRE.RegrasDeAuditoriaN3.RegrasDeAuditoriaN3CriarMasCaminho@10f7f7de]" started-at="2020-11-23T13:53:40Z" name="afterClass" finished-at="2020-11-23T13:53:40Z" duration-ms="0" status="PASS">
          <reporter-output>
          </reporter-output>
        </test-method> <!-- afterClass -->
      </class> <!-- com.timp.test.BRE.RegrasDeAuditoriaN3.RegrasDeAuditoriaN3CriarMasCaminho -->
    </test> <!-- Default test -->
  </suite> <!-- Default suite -->
</testng-results>
