<?xml version="1.0" encoding="UTF-8"?>
<testng-results skipped="0" failed="0" total="3" passed="3">
  <reporter-output>
  </reporter-output>
  <suite name="Default suite" duration-ms="90800" started-at="2020-09-03T14:32:01Z" finished-at="2020-09-03T14:33:32Z">
    <groups>
    </groups>
    <test name="Default test" duration-ms="90800" started-at="2020-09-03T14:32:01Z" finished-at="2020-09-03T14:33:32Z">
      <class name="com.timp.test.MDR.TabelasComplementaresParaObrigaçoesAcessorias.TabelaOutrosDebitos.TabelaOutrosDebitosDetalhes">
        <test-method status="PASS" signature="beforeClass()[pri:0, instance:com.timp.test.MDR.TabelasComplementaresParaObrigaçoesAcessorias.TabelaOutrosDebitos.TabelaOutrosDebitosDetalhes@3b2cf7ab]" name="beforeClass" is-config="true" duration-ms="14539" started-at="2020-09-03T08:32:01Z" finished-at="2020-09-03T08:32:16Z">
          <reporter-output>
          </reporter-output>
        </test-method> <!-- beforeClass -->
        <test-method status="PASS" signature="login()[pri:0, instance:com.timp.test.MDR.TabelasComplementaresParaObrigaçoesAcessorias.TabelaOutrosDebitos.TabelaOutrosDebitosDetalhes@3b2cf7ab]" name="login" duration-ms="6872" started-at="2020-09-03T08:32:16Z" finished-at="2020-09-03T08:32:23Z">
          <reporter-output>
          </reporter-output>
        </test-method> <!-- login -->
        <test-method status="PASS" signature="acessarMDR()[pri:0, instance:com.timp.test.MDR.TabelasComplementaresParaObrigaçoesAcessorias.TabelaOutrosDebitos.TabelaOutrosDebitosDetalhes@3b2cf7ab]" name="acessarMDR" duration-ms="24522" started-at="2020-09-03T08:32:23Z" finished-at="2020-09-03T08:32:47Z">
          <reporter-output>
          </reporter-output>
        </test-method> <!-- acessarMDR -->
        <test-method status="PASS" signature="detalhes()[pri:0, instance:com.timp.test.MDR.TabelasComplementaresParaObrigaçoesAcessorias.TabelaOutrosDebitos.TabelaOutrosDebitosDetalhes@3b2cf7ab]" name="detalhes" duration-ms="44851" started-at="2020-09-03T08:32:47Z" finished-at="2020-09-03T08:33:32Z">
          <reporter-output>
          </reporter-output>
        </test-method> <!-- detalhes -->
      </class> <!-- com.timp.test.MDR.TabelasComplementaresParaObrigaçoesAcessorias.TabelaOutrosDebitos.TabelaOutrosDebitosDetalhes -->
    </test> <!-- Default test -->
  </suite> <!-- Default suite -->
</testng-results>
