<?xml version="1.0" encoding="UTF-8"?>
<testng-results total="3" passed="3" failed="0" skipped="0">
  <reporter-output>
  </reporter-output>
  <suite started-at="2020-10-15T21:07:30Z" name="Default suite" finished-at="2020-10-15T21:09:43Z" duration-ms="132855">
    <groups>
    </groups>
    <test started-at="2020-10-15T21:07:30Z" name="Default test" finished-at="2020-10-15T21:09:43Z" duration-ms="132855">
      <class name="com.timp.test.MDR.PrecoDeTransferencia.ValoresParaMetodo.ValoresParaMetodoPCI.ValoresParaMetodoPCIExcluir">
        <test-method is-config="true" signature="beforeClass()[pri:0, instance:com.timp.test.MDR.PrecoDeTransferencia.ValoresParaMetodo.ValoresParaMetodoPCI.ValoresParaMetodoPCIExcluir@26d9b808]" started-at="2020-10-15T18:07:30Z" name="beforeClass" finished-at="2020-10-15T18:07:42Z" duration-ms="12643" status="PASS">
          <reporter-output>
          </reporter-output>
        </test-method> <!-- beforeClass -->
        <test-method signature="login()[pri:0, instance:com.timp.test.MDR.PrecoDeTransferencia.ValoresParaMetodo.ValoresParaMetodoPCI.ValoresParaMetodoPCIExcluir@26d9b808]" started-at="2020-10-15T18:07:42Z" name="login" finished-at="2020-10-15T18:07:51Z" duration-ms="8150" status="PASS">
          <reporter-output>
          </reporter-output>
        </test-method> <!-- login -->
        <test-method signature="acessarMDR()[pri:0, instance:com.timp.test.MDR.PrecoDeTransferencia.ValoresParaMetodo.ValoresParaMetodoPCI.ValoresParaMetodoPCIExcluir@26d9b808]" started-at="2020-10-15T18:07:51Z" name="acessarMDR" finished-at="2020-10-15T18:08:27Z" duration-ms="36392" status="PASS">
          <reporter-output>
          </reporter-output>
        </test-method> <!-- acessarMDR -->
        <test-method signature="excluir()[pri:0, instance:com.timp.test.MDR.PrecoDeTransferencia.ValoresParaMetodo.ValoresParaMetodoPCI.ValoresParaMetodoPCIExcluir@26d9b808]" started-at="2020-10-15T18:08:27Z" name="excluir" finished-at="2020-10-15T18:09:43Z" duration-ms="75615" status="PASS">
          <reporter-output>
          </reporter-output>
        </test-method> <!-- excluir -->
        <test-method is-config="true" signature="afterClass()[pri:0, instance:com.timp.test.MDR.PrecoDeTransferencia.ValoresParaMetodo.ValoresParaMetodoPCI.ValoresParaMetodoPCIExcluir@26d9b808]" started-at="2020-10-15T18:09:43Z" name="afterClass" finished-at="2020-10-15T18:09:43Z" duration-ms="41" status="PASS">
          <reporter-output>
          </reporter-output>
        </test-method> <!-- afterClass -->
      </class> <!-- com.timp.test.MDR.PrecoDeTransferencia.ValoresParaMetodo.ValoresParaMetodoPCI.ValoresParaMetodoPCIExcluir -->
    </test> <!-- Default test -->
  </suite> <!-- Default suite -->
</testng-results>
