<?xml version="1.0" encoding="UTF-8"?>
<testng-results skipped="0" failed="0" total="3" passed="3">
  <reporter-output>
  </reporter-output>
  <suite name="Default suite" duration-ms="65917" started-at="2020-11-16T19:09:57Z" finished-at="2020-11-16T19:11:03Z">
    <groups>
    </groups>
    <test name="Default test" duration-ms="65917" started-at="2020-11-16T19:09:57Z" finished-at="2020-11-16T19:11:03Z">
      <class name="com.timp.test.MDR.TabelasApoioESocial.UnidadeDeMedida.UnidadeDeMedidaFiltroCodigo">
        <test-method status="PASS" signature="beforeClass()[pri:0, instance:com.timp.test.MDR.TabelasApoioESocial.UnidadeDeMedida.UnidadeDeMedidaFiltroCodigo@f2f2cc1]" name="beforeClass" is-config="true" duration-ms="13386" started-at="2020-11-16T13:09:57Z" finished-at="2020-11-16T13:10:10Z">
          <reporter-output>
          </reporter-output>
        </test-method> <!-- beforeClass -->
        <test-method status="PASS" signature="login()[pri:0, instance:com.timp.test.MDR.TabelasApoioESocial.UnidadeDeMedida.UnidadeDeMedidaFiltroCodigo@f2f2cc1]" name="login" duration-ms="7468" started-at="2020-11-16T13:10:10Z" finished-at="2020-11-16T13:10:18Z">
          <reporter-output>
          </reporter-output>
        </test-method> <!-- login -->
        <test-method status="PASS" signature="acessarMDR()[pri:0, instance:com.timp.test.MDR.TabelasApoioESocial.UnidadeDeMedida.UnidadeDeMedidaFiltroCodigo@f2f2cc1]" name="acessarMDR" duration-ms="10245" started-at="2020-11-16T13:10:18Z" finished-at="2020-11-16T13:10:28Z">
          <reporter-output>
          </reporter-output>
        </test-method> <!-- acessarMDR -->
        <test-method status="PASS" signature="filtroCodigo()[pri:0, instance:com.timp.test.MDR.TabelasApoioESocial.UnidadeDeMedida.UnidadeDeMedidaFiltroCodigo@f2f2cc1]" name="filtroCodigo" duration-ms="30360" started-at="2020-11-16T13:10:28Z" finished-at="2020-11-16T13:10:58Z">
          <reporter-output>
          </reporter-output>
        </test-method> <!-- filtroCodigo -->
        <test-method status="PASS" signature="afterClass()[pri:0, instance:com.timp.test.MDR.TabelasApoioESocial.UnidadeDeMedida.UnidadeDeMedidaFiltroCodigo@f2f2cc1]" name="afterClass" is-config="true" duration-ms="4444" started-at="2020-11-16T13:10:58Z" finished-at="2020-11-16T13:11:03Z">
          <reporter-output>
          </reporter-output>
        </test-method> <!-- afterClass -->
      </class> <!-- com.timp.test.MDR.TabelasApoioESocial.UnidadeDeMedida.UnidadeDeMedidaFiltroCodigo -->
    </test> <!-- Default test -->
  </suite> <!-- Default suite -->
</testng-results>
