<?xml version="1.0" encoding="UTF-8"?>
<testng-results total="3" passed="3" failed="0" skipped="0">
  <reporter-output>
  </reporter-output>
  <suite started-at="2020-07-31T06:03:04Z" name="Default suite" finished-at="2020-07-31T06:06:25Z" duration-ms="201131">
    <groups>
    </groups>
    <test started-at="2020-07-31T06:03:04Z" name="Default test" finished-at="2020-07-31T06:06:25Z" duration-ms="201131">
      <class name="com.timp.test.MDR.CenariosCorrecao.CenariosCorrecaoEditar">
        <test-method is-config="true" signature="beforeClass()[pri:0, instance:com.timp.test.MDR.CenariosCorrecao.CenariosCorrecaoEditar@4c1909a3]" started-at="2020-07-31T00:03:04Z" name="beforeClass" finished-at="2020-07-31T00:03:24Z" duration-ms="19488" status="PASS">
          <reporter-output>
          </reporter-output>
        </test-method> <!-- beforeClass -->
        <test-method signature="login()[pri:0, instance:com.timp.test.MDR.CenariosCorrecao.CenariosCorrecaoEditar@4c1909a3]" started-at="2020-07-31T00:03:24Z" name="login" finished-at="2020-07-31T00:03:37Z" duration-ms="13597" status="PASS">
          <reporter-output>
          </reporter-output>
        </test-method> <!-- login -->
        <test-method signature="acessarMDR()[pri:0, instance:com.timp.test.MDR.CenariosCorrecao.CenariosCorrecaoEditar@4c1909a3]" started-at="2020-07-31T00:03:37Z" name="acessarMDR" finished-at="2020-07-31T00:04:17Z" duration-ms="39731" status="PASS">
          <reporter-output>
          </reporter-output>
        </test-method> <!-- acessarMDR -->
        <test-method signature="cenariosCorrecaoEditar()[pri:0, instance:com.timp.test.MDR.CenariosCorrecao.CenariosCorrecaoEditar@4c1909a3]" started-at="2020-07-31T00:04:17Z" name="cenariosCorrecaoEditar" finished-at="2020-07-31T00:06:25Z" duration-ms="128250" status="PASS">
          <reporter-output>
          </reporter-output>
        </test-method> <!-- cenariosCorrecaoEditar -->
        <test-method is-config="true" signature="afterClass()[pri:0, instance:com.timp.test.MDR.CenariosCorrecao.CenariosCorrecaoEditar@4c1909a3]" started-at="2020-07-31T00:06:25Z" name="afterClass" finished-at="2020-07-31T00:06:25Z" duration-ms="0" status="PASS">
          <reporter-output>
          </reporter-output>
        </test-method> <!-- afterClass -->
      </class> <!-- com.timp.test.MDR.CenariosCorrecao.CenariosCorrecaoEditar -->
    </test> <!-- Default test -->
  </suite> <!-- Default suite -->
</testng-results>
