<?xml version="1.0" encoding="UTF-8"?>
<testng-results total="3" passed="3" failed="0" skipped="0">
  <reporter-output>
  </reporter-output>
  <suite started-at="2020-11-25T18:43:43Z" name="Default suite" finished-at="2020-11-25T18:45:37Z" duration-ms="113673">
    <groups>
    </groups>
    <test started-at="2020-11-25T18:43:43Z" name="Default test" finished-at="2020-11-25T18:45:37Z" duration-ms="113673">
      <class name="com.timp.test.MDR.TabelasApoioESocial.Tabela29.CodigoDeTreinamentoESimulacoesDeExerciciosExcluir">
        <test-method is-config="true" signature="beforeClass()[pri:0, instance:com.timp.test.MDR.TabelasApoioESocial.Tabela29.CodigoDeTreinamentoESimulacoesDeExerciciosExcluir@4c309d4d]" started-at="2020-11-25T15:43:43Z" name="beforeClass" finished-at="2020-11-25T15:43:59Z" duration-ms="15578" status="PASS">
          <reporter-output>
          </reporter-output>
        </test-method> <!-- beforeClass -->
        <test-method signature="login()[pri:0, instance:com.timp.test.MDR.TabelasApoioESocial.Tabela29.CodigoDeTreinamentoESimulacoesDeExerciciosExcluir@4c309d4d]" started-at="2020-11-25T15:43:59Z" name="login" finished-at="2020-11-25T15:44:08Z" duration-ms="8509" status="PASS">
          <reporter-output>
          </reporter-output>
        </test-method> <!-- login -->
        <test-method signature="acessarMDR()[pri:0, instance:com.timp.test.MDR.TabelasApoioESocial.Tabela29.CodigoDeTreinamentoESimulacoesDeExerciciosExcluir@4c309d4d]" started-at="2020-11-25T15:44:08Z" name="acessarMDR" finished-at="2020-11-25T15:44:19Z" duration-ms="11927" status="PASS">
          <reporter-output>
          </reporter-output>
        </test-method> <!-- acessarMDR -->
        <test-method signature="excluir()[pri:0, instance:com.timp.test.MDR.TabelasApoioESocial.Tabela29.CodigoDeTreinamentoESimulacoesDeExerciciosExcluir@4c309d4d]" started-at="2020-11-25T15:44:19Z" name="excluir" finished-at="2020-11-25T15:45:37Z" duration-ms="77629" status="PASS">
          <reporter-output>
          </reporter-output>
        </test-method> <!-- excluir -->
        <test-method is-config="true" signature="afterClass()[pri:0, instance:com.timp.test.MDR.TabelasApoioESocial.Tabela29.CodigoDeTreinamentoESimulacoesDeExerciciosExcluir@4c309d4d]" started-at="2020-11-25T15:45:37Z" name="afterClass" finished-at="2020-11-25T15:45:37Z" duration-ms="1" status="PASS">
          <reporter-output>
          </reporter-output>
        </test-method> <!-- afterClass -->
      </class> <!-- com.timp.test.MDR.TabelasApoioESocial.Tabela29.CodigoDeTreinamentoESimulacoesDeExerciciosExcluir -->
    </test> <!-- Default test -->
  </suite> <!-- Default suite -->
</testng-results>
