<?xml version="1.0" encoding="UTF-8"?>
<testng-results total="3" passed="3" failed="0" skipped="0">
  <reporter-output>
  </reporter-output>
  <suite started-at="2021-01-06T02:46:20Z" name="Default suite" finished-at="2021-01-06T02:48:31Z" duration-ms="130050">
    <groups>
    </groups>
    <test started-at="2021-01-06T02:46:20Z" name="Default test" finished-at="2021-01-06T02:48:31Z" duration-ms="130050">
      <class name="com.timp.test.TAA.Agendamento.AgendamentoCriar">
        <test-method is-config="true" signature="beforeClass()[pri:0, instance:com.timp.test.TAA.Agendamento.AgendamentoCriar@5e3d57c7]" started-at="2021-01-05T20:46:20Z" name="beforeClass" finished-at="2021-01-05T20:46:35Z" duration-ms="14424" status="PASS">
          <reporter-output>
          </reporter-output>
        </test-method> <!-- beforeClass -->
        <test-method signature="ingresar()[pri:0, instance:com.timp.test.TAA.Agendamento.AgendamentoCriar@5e3d57c7]" started-at="2021-01-05T20:46:35Z" name="ingresar" finished-at="2021-01-05T20:46:44Z" duration-ms="9509" status="PASS">
          <reporter-output>
          </reporter-output>
        </test-method> <!-- ingresar -->
        <test-method signature="ingresarTAA()[pri:0, instance:com.timp.test.TAA.Agendamento.AgendamentoCriar@5e3d57c7]" started-at="2021-01-05T20:46:44Z" name="ingresarTAA" finished-at="2021-01-05T20:47:08Z" duration-ms="23198" status="PASS">
          <reporter-output>
          </reporter-output>
        </test-method> <!-- ingresarTAA -->
        <test-method signature="criar()[pri:0, instance:com.timp.test.TAA.Agendamento.AgendamentoCriar@5e3d57c7]" started-at="2021-01-05T20:47:08Z" name="criar" finished-at="2021-01-05T20:48:26Z" duration-ms="78572" status="PASS">
          <reporter-output>
          </reporter-output>
        </test-method> <!-- criar -->
        <test-method is-config="true" signature="afterClass()[pri:0, instance:com.timp.test.TAA.Agendamento.AgendamentoCriar@5e3d57c7]" started-at="2021-01-05T20:48:26Z" name="afterClass" finished-at="2021-01-05T20:48:31Z" duration-ms="4325" status="PASS">
          <reporter-output>
          </reporter-output>
        </test-method> <!-- afterClass -->
      </class> <!-- com.timp.test.TAA.Agendamento.AgendamentoCriar -->
    </test> <!-- Default test -->
  </suite> <!-- Default suite -->
</testng-results>
