<?xml version="1.0" encoding="UTF-8"?>
<testng-results skipped="0" failed="0" total="3" passed="3">
  <reporter-output>
  </reporter-output>
  <suite name="Default suite" duration-ms="92515" started-at="2020-10-15T20:45:30Z" finished-at="2020-10-15T20:47:02Z">
    <groups>
    </groups>
    <test name="Default test" duration-ms="92515" started-at="2020-10-15T20:45:30Z" finished-at="2020-10-15T20:47:02Z">
      <class name="com.timp.test.MDR.PrecoDeTransferencia.ValoresParaMetodoImportacao.ValoresParaMetodoPRL.ValoresParaMetodoPRL">
        <test-method status="PASS" signature="beforeClass()[pri:0, instance:com.timp.test.MDR.PrecoDeTransferencia.ValoresParaMetodoImportacao.ValoresParaMetodoPRL.ValoresParaMetodoPRL@f2f2cc1]" name="beforeClass" is-config="true" duration-ms="10060" started-at="2020-10-15T14:45:30Z" finished-at="2020-10-15T14:45:40Z">
          <reporter-output>
          </reporter-output>
        </test-method> <!-- beforeClass -->
        <test-method status="PASS" signature="login()[pri:0, instance:com.timp.test.MDR.PrecoDeTransferencia.ValoresParaMetodoImportacao.ValoresParaMetodoPRL.ValoresParaMetodoPRL@f2f2cc1]" name="login" duration-ms="6173" started-at="2020-10-15T14:45:40Z" finished-at="2020-10-15T14:45:46Z">
          <reporter-output>
          </reporter-output>
        </test-method> <!-- login -->
        <test-method status="PASS" signature="acessarMDR()[pri:0, instance:com.timp.test.MDR.PrecoDeTransferencia.ValoresParaMetodoImportacao.ValoresParaMetodoPRL.ValoresParaMetodoPRL@f2f2cc1]" name="acessarMDR" duration-ms="32259" started-at="2020-10-15T14:45:46Z" finished-at="2020-10-15T14:46:18Z">
          <reporter-output>
          </reporter-output>
        </test-method> <!-- acessarMDR -->
        <test-method status="PASS" signature="filtro()[pri:0, instance:com.timp.test.MDR.PrecoDeTransferencia.ValoresParaMetodoImportacao.ValoresParaMetodoPRL.ValoresParaMetodoPRL@f2f2cc1]" name="filtro" duration-ms="44006" started-at="2020-10-15T14:46:18Z" finished-at="2020-10-15T14:47:02Z">
          <reporter-output>
          </reporter-output>
        </test-method> <!-- filtro -->
        <test-method status="PASS" signature="afterClass()[pri:0, instance:com.timp.test.MDR.PrecoDeTransferencia.ValoresParaMetodoImportacao.ValoresParaMetodoPRL.ValoresParaMetodoPRL@f2f2cc1]" name="afterClass" is-config="true" duration-ms="0" started-at="2020-10-15T14:47:02Z" finished-at="2020-10-15T14:47:02Z">
          <reporter-output>
          </reporter-output>
        </test-method> <!-- afterClass -->
      </class> <!-- com.timp.test.MDR.PrecoDeTransferencia.ValoresParaMetodoImportacao.ValoresParaMetodoPRL.ValoresParaMetodoPRL -->
    </test> <!-- Default test -->
  </suite> <!-- Default suite -->
</testng-results>
