<?xml version="1.0" encoding="UTF-8"?>
<testng-results ignored="0" total="1" passed="1" failed="0" skipped="0">
  <reporter-output>
  </reporter-output>
  <suite started-at="2021-04-12T23:20:01Z" name="Default suite" finished-at="2021-04-12T23:23:07Z" duration-ms="186229">
    <groups>
    </groups>
    <test started-at="2021-04-12T23:20:01Z" name="Default test" finished-at="2021-04-12T23:23:07Z" duration-ms="186229">
      <class name="com.timp.test.TCC.GestaoDeCreditoTributarioICMS.ConfiguracaoEExecucao.Registro1210.Registro1210Editar">
        <test-method is-config="true" signature="beforeClass()[pri:0, instance:com.timp.test.TCC.GestaoDeCreditoTributarioICMS.ConfiguracaoEExecucao.Registro1210.Registro1210Editar@301eda63]" started-at="2021-04-12T23:20:01Z" name="beforeClass" finished-at="2021-04-12T23:20:16Z" duration-ms="14903" status="PASS">
          <reporter-output>
          </reporter-output>
        </test-method> <!-- beforeClass -->
        <test-method signature="editar()[pri:0, instance:com.timp.test.TCC.GestaoDeCreditoTributarioICMS.ConfiguracaoEExecucao.Registro1210.Registro1210Editar@301eda63]" started-at="2021-04-12T23:20:16Z" name="editar" finished-at="2021-04-12T23:23:07Z" duration-ms="171294" status="PASS">
          <reporter-output>
          </reporter-output>
        </test-method> <!-- editar -->
        <test-method is-config="true" signature="afterClass()[pri:0, instance:com.timp.test.TCC.GestaoDeCreditoTributarioICMS.ConfiguracaoEExecucao.Registro1210.Registro1210Editar@301eda63]" started-at="2021-04-12T23:23:07Z" name="afterClass" finished-at="2021-04-12T23:23:07Z" duration-ms="0" status="PASS">
          <reporter-output>
          </reporter-output>
        </test-method> <!-- afterClass -->
      </class> <!-- com.timp.test.TCC.GestaoDeCreditoTributarioICMS.ConfiguracaoEExecucao.Registro1210.Registro1210Editar -->
    </test> <!-- Default test -->
  </suite> <!-- Default suite -->
</testng-results>
