<?xml version="1.0" encoding="UTF-8"?>
<testng-results total="3" passed="3" failed="0" skipped="0">
  <reporter-output>
  </reporter-output>
  <suite started-at="2020-07-31T02:17:59Z" name="Default suite" finished-at="2020-07-31T02:22:14Z" duration-ms="255039">
    <groups>
    </groups>
    <test started-at="2020-07-31T02:17:59Z" name="Default test" finished-at="2020-07-31T02:22:14Z" duration-ms="255039">
      <class name="com.timp.test.MDR.CenariosCorrecao.CenariosCorrecaoCriar">
        <test-method is-config="true" signature="beforeClass()[pri:0, instance:com.timp.test.MDR.CenariosCorrecao.CenariosCorrecaoCriar@4c1909a3]" started-at="2020-07-30T20:17:59Z" name="beforeClass" finished-at="2020-07-30T20:18:32Z" duration-ms="32914" status="PASS">
          <reporter-output>
          </reporter-output>
        </test-method> <!-- beforeClass -->
        <test-method signature="login()[pri:0, instance:com.timp.test.MDR.CenariosCorrecao.CenariosCorrecaoCriar@4c1909a3]" started-at="2020-07-30T20:18:32Z" name="login" finished-at="2020-07-30T20:18:53Z" duration-ms="21204" status="PASS">
          <reporter-output>
          </reporter-output>
        </test-method> <!-- login -->
        <test-method signature="acessarMDR()[pri:0, instance:com.timp.test.MDR.CenariosCorrecao.CenariosCorrecaoCriar@4c1909a3]" started-at="2020-07-30T20:18:53Z" name="acessarMDR" finished-at="2020-07-30T20:19:55Z" duration-ms="61443" status="PASS">
          <reporter-output>
          </reporter-output>
        </test-method> <!-- acessarMDR -->
        <test-method signature="cenariosCorrecaoCriar()[pri:0, instance:com.timp.test.MDR.CenariosCorrecao.CenariosCorrecaoCriar@4c1909a3]" started-at="2020-07-30T20:19:55Z" name="cenariosCorrecaoCriar" finished-at="2020-07-30T20:22:14Z" duration-ms="139407" status="PASS">
          <reporter-output>
          </reporter-output>
        </test-method> <!-- cenariosCorrecaoCriar -->
        <test-method is-config="true" signature="afterClass()[pri:0, instance:com.timp.test.MDR.CenariosCorrecao.CenariosCorrecaoCriar@4c1909a3]" started-at="2020-07-30T20:22:14Z" name="afterClass" finished-at="2020-07-30T20:22:14Z" duration-ms="5" status="PASS">
          <reporter-output>
          </reporter-output>
        </test-method> <!-- afterClass -->
      </class> <!-- com.timp.test.MDR.CenariosCorrecao.CenariosCorrecaoCriar -->
    </test> <!-- Default test -->
  </suite> <!-- Default suite -->
</testng-results>
