<?xml version="1.0" encoding="UTF-8"?>
<testng-results total="3" passed="3" failed="0" skipped="0">
  <reporter-output>
  </reporter-output>
  <suite started-at="2020-11-26T00:55:53Z" name="Default suite" finished-at="2020-11-26T00:58:16Z" duration-ms="142406">
    <groups>
    </groups>
    <test started-at="2020-11-26T00:55:53Z" name="Default test" finished-at="2020-11-26T00:58:16Z" duration-ms="142406">
      <class name="com.timp.test.DFG.Configuracoes.ConfiguracoesCriarGrerenciarMoverPasta">
        <test-method is-config="true" signature="beforeClass()[pri:0, instance:com.timp.test.DFG.Configuracoes.ConfiguracoesCriarGrerenciarMoverPasta@10f7f7de]" started-at="2020-11-25T18:55:53Z" name="beforeClass" finished-at="2020-11-25T18:56:07Z" duration-ms="13511" status="PASS">
          <reporter-output>
          </reporter-output>
        </test-method> <!-- beforeClass -->
        <test-method signature="ingresar()[pri:0, instance:com.timp.test.DFG.Configuracoes.ConfiguracoesCriarGrerenciarMoverPasta@10f7f7de]" started-at="2020-11-25T18:56:07Z" name="ingresar" finished-at="2020-11-25T18:56:15Z" duration-ms="8699" status="PASS">
          <reporter-output>
          </reporter-output>
        </test-method> <!-- ingresar -->
        <test-method signature="mdrEntrar()[pri:0, instance:com.timp.test.DFG.Configuracoes.ConfiguracoesCriarGrerenciarMoverPasta@10f7f7de]" started-at="2020-11-25T18:56:15Z" name="mdrEntrar" finished-at="2020-11-25T18:56:30Z" duration-ms="14163" status="PASS">
          <reporter-output>
          </reporter-output>
        </test-method> <!-- mdrEntrar -->
        <test-method signature="criarGerenciarMoverPasta()[pri:0, instance:com.timp.test.DFG.Configuracoes.ConfiguracoesCriarGrerenciarMoverPasta@10f7f7de]" started-at="2020-11-25T18:56:30Z" name="criarGerenciarMoverPasta" finished-at="2020-11-25T18:58:11Z" duration-ms="101673" status="PASS">
          <reporter-output>
          </reporter-output>
        </test-method> <!-- criarGerenciarMoverPasta -->
        <test-method is-config="true" signature="afterClass()[pri:0, instance:com.timp.test.DFG.Configuracoes.ConfiguracoesCriarGrerenciarMoverPasta@10f7f7de]" started-at="2020-11-25T18:58:11Z" name="afterClass" finished-at="2020-11-25T18:58:16Z" duration-ms="4338" status="PASS">
          <reporter-output>
          </reporter-output>
        </test-method> <!-- afterClass -->
      </class> <!-- com.timp.test.DFG.Configuracoes.ConfiguracoesCriarGrerenciarMoverPasta -->
    </test> <!-- Default test -->
  </suite> <!-- Default suite -->
</testng-results>
