<?xml version="1.0" encoding="UTF-8"?>
<testng-results total="3" passed="3" failed="0" skipped="0">
  <reporter-output>
  </reporter-output>
  <suite started-at="2020-10-16T20:29:44Z" name="Default suite" finished-at="2020-10-16T20:32:01Z" duration-ms="136668">
    <groups>
    </groups>
    <test started-at="2020-10-16T20:29:44Z" name="Default test" finished-at="2020-10-16T20:32:01Z" duration-ms="136668">
      <class name="com.timp.test.MDR.PrecoDeTransferencia.ValoresParaMetodosDeImportacao.ValoresParaMetodoPRL.ValoresParaMetodoPRLExcluir">
        <test-method is-config="true" signature="beforeClass()[pri:0, instance:com.timp.test.MDR.PrecoDeTransferencia.ValoresParaMetodosDeImportacao.ValoresParaMetodoPRL.ValoresParaMetodoPRLExcluir@f78a47e]" started-at="2020-10-16T17:29:44Z" name="beforeClass" finished-at="2020-10-16T17:30:00Z" duration-ms="16318" status="PASS">
          <reporter-output>
          </reporter-output>
        </test-method> <!-- beforeClass -->
        <test-method signature="login()[pri:0, instance:com.timp.test.MDR.PrecoDeTransferencia.ValoresParaMetodosDeImportacao.ValoresParaMetodoPRL.ValoresParaMetodoPRLExcluir@f78a47e]" started-at="2020-10-16T17:30:00Z" name="login" finished-at="2020-10-16T17:30:11Z" duration-ms="10728" status="PASS">
          <reporter-output>
          </reporter-output>
        </test-method> <!-- login -->
        <test-method signature="acessarMDR()[pri:0, instance:com.timp.test.MDR.PrecoDeTransferencia.ValoresParaMetodosDeImportacao.ValoresParaMetodoPRL.ValoresParaMetodoPRLExcluir@f78a47e]" started-at="2020-10-16T17:30:11Z" name="acessarMDR" finished-at="2020-10-16T17:30:51Z" duration-ms="39559" status="PASS">
          <reporter-output>
          </reporter-output>
        </test-method> <!-- acessarMDR -->
        <test-method signature="excluir()[pri:0, instance:com.timp.test.MDR.PrecoDeTransferencia.ValoresParaMetodosDeImportacao.ValoresParaMetodoPRL.ValoresParaMetodoPRLExcluir@f78a47e]" started-at="2020-10-16T17:30:51Z" name="excluir" finished-at="2020-10-16T17:32:01Z" duration-ms="69953" status="PASS">
          <reporter-output>
          </reporter-output>
        </test-method> <!-- excluir -->
        <test-method is-config="true" signature="afterClass()[pri:0, instance:com.timp.test.MDR.PrecoDeTransferencia.ValoresParaMetodosDeImportacao.ValoresParaMetodoPRL.ValoresParaMetodoPRLExcluir@f78a47e]" started-at="2020-10-16T17:32:01Z" name="afterClass" finished-at="2020-10-16T17:32:01Z" duration-ms="86" status="PASS">
          <reporter-output>
          </reporter-output>
        </test-method> <!-- afterClass -->
      </class> <!-- com.timp.test.MDR.PrecoDeTransferencia.ValoresParaMetodosDeImportacao.ValoresParaMetodoPRL.ValoresParaMetodoPRLExcluir -->
    </test> <!-- Default test -->
  </suite> <!-- Default suite -->
</testng-results>
