<?xml version="1.0" encoding="UTF-8"?>
<testng-results ignored="0" total="18" passed="18" failed="0" skipped="0">
  <reporter-output>
  </reporter-output>
  <suite started-at="2023-01-13T10:19:39 BRT" name="Suite" finished-at="2023-01-13T11:14:23 BRT" duration-ms="3283551">
    <groups>
    </groups>
    <test started-at="2023-01-13T10:19:39 BRT" name=" ATR - ESTRUCTURAS -  RELACIONAMIENTO DE ESTRUCTURAS " finished-at="2023-01-13T11:00:57 BRT" duration-ms="2477618">
      <class name="com.timp.test.ATR.Estruturas.RelacionamentoEstruturas.RelacionamentoEstruturasFiltroPorIdMasLimpiarFiltros">
        <test-method is-config="true" signature="beforeClass()[pri:0, instance:com.timp.test.ATR.Estruturas.RelacionamentoEstruturas.RelacionamentoEstruturasFiltroPorIdMasLimpiarFiltros@73e9cf30]" started-at="2023-01-13T10:52:08 BRT" name="beforeClass" finished-at="2023-01-13T10:52:23 BRT" duration-ms="14827" status="PASS">
          <reporter-output>
          </reporter-output>
        </test-method> <!-- beforeClass -->
        <test-method signature="filtrarPorIdMasLimpiarFiltros()[pri:0, instance:com.timp.test.ATR.Estruturas.RelacionamentoEstruturas.RelacionamentoEstruturasFiltroPorIdMasLimpiarFiltros@73e9cf30]" started-at="2023-01-13T10:52:23 BRT" name="filtrarPorIdMasLimpiarFiltros" finished-at="2023-01-13T10:53:15 BRT" duration-ms="52047" status="PASS">
          <reporter-output>
          </reporter-output>
        </test-method> <!-- filtrarPorIdMasLimpiarFiltros -->
        <test-method is-config="true" signature="afterClass()[pri:0, instance:com.timp.test.ATR.Estruturas.RelacionamentoEstruturas.RelacionamentoEstruturasFiltroPorIdMasLimpiarFiltros@73e9cf30]" started-at="2023-01-13T10:53:15 BRT" name="afterClass" finished-at="2023-01-13T10:53:19 BRT" duration-ms="4364" status="PASS">
          <reporter-output>
          </reporter-output>
        </test-method> <!-- afterClass -->
      </class> <!-- com.timp.test.ATR.Estruturas.RelacionamentoEstruturas.RelacionamentoEstruturasFiltroPorIdMasLimpiarFiltros -->
      <class name="com.timp.test.ATR.Estruturas.RelacionamentoEstruturas.RelacionamentoEstruturasEditar">
        <test-method is-config="true" signature="beforeClass()[pri:0, instance:com.timp.test.ATR.Estruturas.RelacionamentoEstruturas.RelacionamentoEstruturasEditar@52b1beb6]" started-at="2023-01-13T10:21:50 BRT" name="beforeClass" finished-at="2023-01-13T10:22:11 BRT" duration-ms="20746" status="PASS">
          <reporter-output>
          </reporter-output>
        </test-method> <!-- beforeClass -->
        <test-method signature="EditarRelacionamento()[pri:0, instance:com.timp.test.ATR.Estruturas.RelacionamentoEstruturas.RelacionamentoEstruturasEditar@52b1beb6]" started-at="2023-01-13T10:22:11 BRT" name="EditarRelacionamento" finished-at="2023-01-13T10:28:34 BRT" duration-ms="383320" status="PASS">
          <reporter-output>
          </reporter-output>
        </test-method> <!-- EditarRelacionamento -->
        <test-method is-config="true" signature="afterClass()[pri:0, instance:com.timp.test.ATR.Estruturas.RelacionamentoEstruturas.RelacionamentoEstruturasEditar@52b1beb6]" started-at="2023-01-13T10:28:34 BRT" name="afterClass" finished-at="2023-01-13T10:28:39 BRT" duration-ms="4477" status="PASS">
          <reporter-output>
          </reporter-output>
        </test-method> <!-- afterClass -->
      </class> <!-- com.timp.test.ATR.Estruturas.RelacionamentoEstruturas.RelacionamentoEstruturasEditar -->
      <class name="com.timp.test.ATR.Estruturas.RelacionamentoEstruturas.RelacionamentoEstruturasExcluirEmMassa">
        <test-method is-config="true" signature="beforeClass()[pri:0, instance:com.timp.test.ATR.Estruturas.RelacionamentoEstruturas.RelacionamentoEstruturasExcluirEmMassa@2d52216b]" started-at="2023-01-13T10:54:32 BRT" name="beforeClass" finished-at="2023-01-13T10:54:54 BRT" duration-ms="22409" status="PASS">
          <reporter-output>
          </reporter-output>
        </test-method> <!-- beforeClass -->
        <test-method signature="criarRelacionamento()[pri:0, instance:com.timp.test.ATR.Estruturas.RelacionamentoEstruturas.RelacionamentoEstruturasExcluirEmMassa@2d52216b]" started-at="2023-01-13T10:54:54 BRT" name="criarRelacionamento" finished-at="2023-01-13T11:00:17 BRT" duration-ms="322670" status="PASS">
          <reporter-output>
          </reporter-output>
        </test-method> <!-- criarRelacionamento -->
        <test-method signature="excluirMassa()[pri:0, instance:com.timp.test.ATR.Estruturas.RelacionamentoEstruturas.RelacionamentoEstruturasExcluirEmMassa@2d52216b]" started-at="2023-01-13T11:00:17 BRT" name="excluirMassa" finished-at="2023-01-13T11:00:57 BRT" depends-on-methods="com.timp.test.ATR.Estruturas.RelacionamentoEstruturas.RelacionamentoEstruturasExcluirEmMassa.criarRelacionamento" duration-ms="39991" status="PASS">
          <reporter-output>
          </reporter-output>
        </test-method> <!-- excluirMassa -->
        <test-method is-config="true" signature="afterClass()[pri:0, instance:com.timp.test.ATR.Estruturas.RelacionamentoEstruturas.RelacionamentoEstruturasExcluirEmMassa@2d52216b]" started-at="2023-01-13T11:00:57 BRT" name="afterClass" finished-at="2023-01-13T11:00:57 BRT" duration-ms="0" status="PASS">
          <reporter-output>
          </reporter-output>
        </test-method> <!-- afterClass -->
      </class> <!-- com.timp.test.ATR.Estruturas.RelacionamentoEstruturas.RelacionamentoEstruturasExcluirEmMassa -->
      <class name="com.timp.test.ATR.Estruturas.RelacionamentoEstruturas.RelacionamentoEstruturasExcluir">
        <test-method is-config="true" signature="beforeClass()[pri:0, instance:com.timp.test.ATR.Estruturas.RelacionamentoEstruturas.RelacionamentoEstruturasExcluir@771a660]" started-at="2023-01-13T10:53:19 BRT" name="beforeClass" finished-at="2023-01-13T10:53:34 BRT" duration-ms="14658" status="PASS">
          <reporter-output>
          </reporter-output>
        </test-method> <!-- beforeClass -->
        <test-method signature="excluir()[pri:0, instance:com.timp.test.ATR.Estruturas.RelacionamentoEstruturas.RelacionamentoEstruturasExcluir@771a660]" started-at="2023-01-13T10:53:34 BRT" name="excluir" finished-at="2023-01-13T10:54:27 BRT" duration-ms="53262" status="PASS">
          <reporter-output>
          </reporter-output>
        </test-method> <!-- excluir -->
        <test-method is-config="true" signature="afterClass()[pri:0, instance:com.timp.test.ATR.Estruturas.RelacionamentoEstruturas.RelacionamentoEstruturasExcluir@771a660]" started-at="2023-01-13T10:54:27 BRT" name="afterClass" finished-at="2023-01-13T10:54:32 BRT" duration-ms="4432" status="PASS">
          <reporter-output>
          </reporter-output>
        </test-method> <!-- afterClass -->
      </class> <!-- com.timp.test.ATR.Estruturas.RelacionamentoEstruturas.RelacionamentoEstruturasExcluir -->
      <class name="com.timp.test.ATR.Estruturas.RelacionamentoEstruturas.RelacionamentoEstruturasVisualizar">
        <test-method is-config="true" signature="beforeClass()[pri:0, instance:com.timp.test.ATR.Estruturas.RelacionamentoEstruturas.RelacionamentoEstruturasVisualizar@273e7444]" started-at="2023-01-13T10:28:39 BRT" name="beforeClass" finished-at="2023-01-13T10:28:53 BRT" duration-ms="14741" status="PASS">
          <reporter-output>
          </reporter-output>
        </test-method> <!-- beforeClass -->
        <test-method signature="VisualizarRelacionamento()[pri:0, instance:com.timp.test.ATR.Estruturas.RelacionamentoEstruturas.RelacionamentoEstruturasVisualizar@273e7444]" started-at="2023-01-13T10:28:53 BRT" name="VisualizarRelacionamento" finished-at="2023-01-13T10:37:35 BRT" duration-ms="521583" status="PASS">
          <reporter-output>
          </reporter-output>
        </test-method> <!-- VisualizarRelacionamento -->
        <test-method is-config="true" signature="afterClass()[pri:0, instance:com.timp.test.ATR.Estruturas.RelacionamentoEstruturas.RelacionamentoEstruturasVisualizar@273e7444]" started-at="2023-01-13T10:37:35 BRT" name="afterClass" finished-at="2023-01-13T10:37:35 BRT" duration-ms="1" status="PASS">
          <reporter-output>
          </reporter-output>
        </test-method> <!-- afterClass -->
      </class> <!-- com.timp.test.ATR.Estruturas.RelacionamentoEstruturas.RelacionamentoEstruturasVisualizar -->
      <class name="com.timp.test.ATR.Estruturas.RelacionamentoEstruturas.RelacionamentoEstruturasCriarComCopia">
        <test-method is-config="true" signature="beforeClass()[pri:0, instance:com.timp.test.ATR.Estruturas.RelacionamentoEstruturas.RelacionamentoEstruturasCriarComCopia@272113c4]" started-at="2023-01-13T10:37:35 BRT" name="beforeClass" finished-at="2023-01-13T10:37:51 BRT" duration-ms="15664" status="PASS">
          <reporter-output>
          </reporter-output>
        </test-method> <!-- beforeClass -->
        <test-method signature="criarCopia()[pri:0, instance:com.timp.test.ATR.Estruturas.RelacionamentoEstruturas.RelacionamentoEstruturasCriarComCopia@272113c4]" started-at="2023-01-13T10:37:51 BRT" name="criarCopia" finished-at="2023-01-13T10:45:25 BRT" duration-ms="454607" status="PASS">
          <reporter-output>
          </reporter-output>
        </test-method> <!-- criarCopia -->
        <test-method signature="editarCopia()[pri:0, instance:com.timp.test.ATR.Estruturas.RelacionamentoEstruturas.RelacionamentoEstruturasCriarComCopia@272113c4]" started-at="2023-01-13T10:45:25 BRT" name="editarCopia" finished-at="2023-01-13T10:51:42 BRT" depends-on-methods="com.timp.test.ATR.Estruturas.RelacionamentoEstruturas.RelacionamentoEstruturasCriarComCopia.criarCopia" duration-ms="376755" status="PASS">
          <reporter-output>
          </reporter-output>
        </test-method> <!-- editarCopia -->
        <test-method signature="excluirCopia()[pri:0, instance:com.timp.test.ATR.Estruturas.RelacionamentoEstruturas.RelacionamentoEstruturasCriarComCopia@272113c4]" started-at="2023-01-13T10:51:42 BRT" name="excluirCopia" finished-at="2023-01-13T10:52:04 BRT" depends-on-methods="com.timp.test.ATR.Estruturas.RelacionamentoEstruturas.RelacionamentoEstruturasCriarComCopia.editarCopia" duration-ms="21589" status="PASS">
          <reporter-output>
          </reporter-output>
        </test-method> <!-- excluirCopia -->
        <test-method is-config="true" signature="afterClass()[pri:0, instance:com.timp.test.ATR.Estruturas.RelacionamentoEstruturas.RelacionamentoEstruturasCriarComCopia@272113c4]" started-at="2023-01-13T10:52:04 BRT" name="afterClass" finished-at="2023-01-13T10:52:08 BRT" duration-ms="4466" status="PASS">
          <reporter-output>
          </reporter-output>
        </test-method> <!-- afterClass -->
      </class> <!-- com.timp.test.ATR.Estruturas.RelacionamentoEstruturas.RelacionamentoEstruturasCriarComCopia -->
      <class name="com.timp.test.ATR.Estruturas.RelacionamentoEstruturas.RelacionamentoEstruturasCriar">
        <test-method is-config="true" signature="beforeClass()[pri:0, instance:com.timp.test.ATR.Estruturas.RelacionamentoEstruturas.RelacionamentoEstruturasCriar@6bd61f98]" started-at="2023-01-13T10:19:39 BRT" name="beforeClass" finished-at="2023-01-13T10:19:56 BRT" duration-ms="16515" status="PASS">
          <reporter-output>
          </reporter-output>
        </test-method> <!-- beforeClass -->
        <test-method signature="criarRelacionamento()[pri:0, instance:com.timp.test.ATR.Estruturas.RelacionamentoEstruturas.RelacionamentoEstruturasCriar@6bd61f98]" started-at="2023-01-13T10:19:56 BRT" name="criarRelacionamento" finished-at="2023-01-13T10:21:46 BRT" duration-ms="110002" status="PASS">
          <reporter-output>
          </reporter-output>
        </test-method> <!-- criarRelacionamento -->
        <test-method is-config="true" signature="afterClass()[pri:0, instance:com.timp.test.ATR.Estruturas.RelacionamentoEstruturas.RelacionamentoEstruturasCriar@6bd61f98]" started-at="2023-01-13T10:21:46 BRT" name="afterClass" finished-at="2023-01-13T10:21:50 BRT" duration-ms="4411" status="PASS">
          <reporter-output>
          </reporter-output>
        </test-method> <!-- afterClass -->
      </class> <!-- com.timp.test.ATR.Estruturas.RelacionamentoEstruturas.RelacionamentoEstruturasCriar -->
    </test> <!--  ATR - ESTRUCTURAS -  RELACIONAMIENTO DE ESTRUCTURAS  -->
    <test started-at="2023-01-13T11:00:57 BRT" name=" ATR - TRIBUTOS - AGRUPAMENTO DE TRIBUTOS " finished-at="2023-01-13T11:14:23 BRT" duration-ms="805887">
      <class name="com.timp.test.ATR.Tributos.AgrupamentoDeTributos.AgrupamentoDeTributosCriar">
        <test-method is-config="true" signature="beforeClass()[pri:0, instance:com.timp.test.ATR.Tributos.AgrupamentoDeTributos.AgrupamentoDeTributosCriar@2cf3d63b]" started-at="2023-01-13T11:00:57 BRT" name="beforeClass" finished-at="2023-01-13T11:01:10 BRT" duration-ms="13489" status="PASS">
          <reporter-output>
          </reporter-output>
        </test-method> <!-- beforeClass -->
        <test-method signature="criar()[pri:0, instance:com.timp.test.ATR.Tributos.AgrupamentoDeTributos.AgrupamentoDeTributosCriar@2cf3d63b]" started-at="2023-01-13T11:01:10 BRT" name="criar" finished-at="2023-01-13T11:02:27 BRT" duration-ms="76777" status="PASS">
          <reporter-output>
          </reporter-output>
        </test-method> <!-- criar -->
        <test-method is-config="true" signature="afterClass()[pri:0, instance:com.timp.test.ATR.Tributos.AgrupamentoDeTributos.AgrupamentoDeTributosCriar@2cf3d63b]" started-at="2023-01-13T11:02:27 BRT" name="afterClass" finished-at="2023-01-13T11:02:31 BRT" duration-ms="4386" status="PASS">
          <reporter-output>
          </reporter-output>
        </test-method> <!-- afterClass -->
      </class> <!-- com.timp.test.ATR.Tributos.AgrupamentoDeTributos.AgrupamentoDeTributosCriar -->
      <class name="com.timp.test.ATR.Tributos.AgrupamentoDeTributos.AgrupamentoDeTributosExcluirEmMassa">
        <test-method is-config="true" signature="beforeClass()[pri:0, instance:com.timp.test.ATR.Tributos.AgrupamentoDeTributos.AgrupamentoDeTributosExcluirEmMassa@17f62e33]" started-at="2023-01-13T11:11:35 BRT" name="beforeClass" finished-at="2023-01-13T11:11:52 BRT" duration-ms="16456" status="PASS">
          <reporter-output>
          </reporter-output>
        </test-method> <!-- beforeClass -->
        <test-method signature="criar()[pri:0, instance:com.timp.test.ATR.Tributos.AgrupamentoDeTributos.AgrupamentoDeTributosExcluirEmMassa@17f62e33]" started-at="2023-01-13T11:11:52 BRT" name="criar" finished-at="2023-01-13T11:13:57 BRT" duration-ms="125345" status="PASS">
          <reporter-output>
          </reporter-output>
        </test-method> <!-- criar -->
        <test-method signature="Excluir()[pri:0, instance:com.timp.test.ATR.Tributos.AgrupamentoDeTributos.AgrupamentoDeTributosExcluirEmMassa@17f62e33]" started-at="2023-01-13T11:13:57 BRT" name="Excluir" finished-at="2023-01-13T11:14:23 BRT" depends-on-methods="com.timp.test.ATR.Tributos.AgrupamentoDeTributos.AgrupamentoDeTributosExcluirEmMassa.criar" duration-ms="25614" status="PASS">
          <reporter-output>
          </reporter-output>
        </test-method> <!-- Excluir -->
        <test-method is-config="true" signature="afterClass()[pri:0, instance:com.timp.test.ATR.Tributos.AgrupamentoDeTributos.AgrupamentoDeTributosExcluirEmMassa@17f62e33]" started-at="2023-01-13T11:14:23 BRT" name="afterClass" finished-at="2023-01-13T11:14:23 BRT" duration-ms="1" status="PASS">
          <reporter-output>
          </reporter-output>
        </test-method> <!-- afterClass -->
      </class> <!-- com.timp.test.ATR.Tributos.AgrupamentoDeTributos.AgrupamentoDeTributosExcluirEmMassa -->
      <class name="com.timp.test.ATR.Tributos.AgrupamentoDeTributos.AgrupamentoDeTributosDetalhes">
        <test-method is-config="true" signature="beforeClass()[pri:0, instance:com.timp.test.ATR.Tributos.AgrupamentoDeTributos.AgrupamentoDeTributosDetalhes@69e153c5]" started-at="2023-01-13T11:04:41 BRT" name="beforeClass" finished-at="2023-01-13T11:04:59 BRT" duration-ms="18090" status="PASS">
          <reporter-output>
          </reporter-output>
        </test-method> <!-- beforeClass -->
        <test-method signature="detalhes()[pri:0, instance:com.timp.test.ATR.Tributos.AgrupamentoDeTributos.AgrupamentoDeTributosDetalhes@69e153c5]" started-at="2023-01-13T11:04:59 BRT" name="detalhes" finished-at="2023-01-13T11:06:09 BRT" duration-ms="70112" status="PASS">
          <reporter-output>
          </reporter-output>
        </test-method> <!-- detalhes -->
        <test-method is-config="true" signature="afterClass()[pri:0, instance:com.timp.test.ATR.Tributos.AgrupamentoDeTributos.AgrupamentoDeTributosDetalhes@69e153c5]" started-at="2023-01-13T11:06:09 BRT" name="afterClass" finished-at="2023-01-13T11:06:14 BRT" duration-ms="4398" status="PASS">
          <reporter-output>
          </reporter-output>
        </test-method> <!-- afterClass -->
      </class> <!-- com.timp.test.ATR.Tributos.AgrupamentoDeTributos.AgrupamentoDeTributosDetalhes -->
      <class name="com.timp.test.ATR.Tributos.AgrupamentoDeTributos.AgrupamentoDeTributosEditar">
        <test-method is-config="true" signature="beforeClass()[pri:0, instance:com.timp.test.ATR.Tributos.AgrupamentoDeTributos.AgrupamentoDeTributosEditar@7674f035]" started-at="2023-01-13T11:02:31 BRT" name="beforeClass" finished-at="2023-01-13T11:02:56 BRT" duration-ms="24358" status="PASS">
          <reporter-output>
          </reporter-output>
        </test-method> <!-- beforeClass -->
        <test-method signature="editar()[pri:0, instance:com.timp.test.ATR.Tributos.AgrupamentoDeTributos.AgrupamentoDeTributosEditar@7674f035]" started-at="2023-01-13T11:02:56 BRT" name="editar" finished-at="2023-01-13T11:04:41 BRT" duration-ms="105377" status="PASS">
          <reporter-output>
          </reporter-output>
        </test-method> <!-- editar -->
        <test-method is-config="true" signature="afterClass()[pri:0, instance:com.timp.test.ATR.Tributos.AgrupamentoDeTributos.AgrupamentoDeTributosEditar@7674f035]" started-at="2023-01-13T11:04:41 BRT" name="afterClass" finished-at="2023-01-13T11:04:41 BRT" duration-ms="1" status="PASS">
          <reporter-output>
          </reporter-output>
        </test-method> <!-- afterClass -->
      </class> <!-- com.timp.test.ATR.Tributos.AgrupamentoDeTributos.AgrupamentoDeTributosEditar -->
      <class name="com.timp.test.ATR.Tributos.AgrupamentoDeTributos.AgrupamentoDeTributosExcluir">
        <test-method is-config="true" signature="beforeClass()[pri:0, instance:com.timp.test.ATR.Tributos.AgrupamentoDeTributos.AgrupamentoDeTributosExcluir@74ea2410]" started-at="2023-01-13T11:10:18 BRT" name="beforeClass" finished-at="2023-01-13T11:10:32 BRT" duration-ms="13365" status="PASS">
          <reporter-output>
          </reporter-output>
        </test-method> <!-- beforeClass -->
        <test-method signature="excluir()[pri:0, instance:com.timp.test.ATR.Tributos.AgrupamentoDeTributos.AgrupamentoDeTributosExcluir@74ea2410]" started-at="2023-01-13T11:10:32 BRT" name="excluir" finished-at="2023-01-13T11:11:31 BRT" duration-ms="59356" status="PASS">
          <reporter-output>
          </reporter-output>
        </test-method> <!-- excluir -->
        <test-method is-config="true" signature="afterClass()[pri:0, instance:com.timp.test.ATR.Tributos.AgrupamentoDeTributos.AgrupamentoDeTributosExcluir@74ea2410]" started-at="2023-01-13T11:11:31 BRT" name="afterClass" finished-at="2023-01-13T11:11:35 BRT" duration-ms="4419" status="PASS">
          <reporter-output>
          </reporter-output>
        </test-method> <!-- afterClass -->
      </class> <!-- com.timp.test.ATR.Tributos.AgrupamentoDeTributos.AgrupamentoDeTributosExcluir -->
      <class name="com.timp.test.ATR.Tributos.AgrupamentoDeTributos.AgrupamentoDeTributosCriarComCopia">
        <test-method is-config="true" signature="beforeClass()[pri:0, instance:com.timp.test.ATR.Tributos.AgrupamentoDeTributos.AgrupamentoDeTributosCriarComCopia@25ce9dc4]" started-at="2023-01-13T11:07:34 BRT" name="beforeClass" finished-at="2023-01-13T11:07:57 BRT" duration-ms="23186" status="PASS">
          <reporter-output>
          </reporter-output>
        </test-method> <!-- beforeClass -->
        <test-method signature="criarcopia()[pri:0, instance:com.timp.test.ATR.Tributos.AgrupamentoDeTributos.AgrupamentoDeTributosCriarComCopia@25ce9dc4]" started-at="2023-01-13T11:07:57 BRT" name="criarcopia" finished-at="2023-01-13T11:10:14 BRT" duration-ms="136930" status="PASS">
          <reporter-output>
          </reporter-output>
        </test-method> <!-- criarcopia -->
        <test-method is-config="true" signature="afterClass()[pri:0, instance:com.timp.test.ATR.Tributos.AgrupamentoDeTributos.AgrupamentoDeTributosCriarComCopia@25ce9dc4]" started-at="2023-01-13T11:10:14 BRT" name="afterClass" finished-at="2023-01-13T11:10:18 BRT" duration-ms="4144" status="PASS">
          <reporter-output>
          </reporter-output>
        </test-method> <!-- afterClass -->
      </class> <!-- com.timp.test.ATR.Tributos.AgrupamentoDeTributos.AgrupamentoDeTributosCriarComCopia -->
      <class name="com.timp.test.ATR.Tributos.AgrupamentoDeTributos.AgrupamentoDeTributosVer">
        <test-method is-config="true" signature="beforeClass()[pri:0, instance:com.timp.test.ATR.Tributos.AgrupamentoDeTributos.AgrupamentoDeTributosVer@173ed316]" started-at="2023-01-13T11:06:14 BRT" name="beforeClass" finished-at="2023-01-13T11:06:28 BRT" duration-ms="13803" status="PASS">
          <reporter-output>
          </reporter-output>
        </test-method> <!-- beforeClass -->
        <test-method signature="visualizar()[pri:0, instance:com.timp.test.ATR.Tributos.AgrupamentoDeTributos.AgrupamentoDeTributosVer@173ed316]" started-at="2023-01-13T11:06:28 BRT" name="visualizar" finished-at="2023-01-13T11:07:29 BRT" duration-ms="61864" status="PASS">
          <reporter-output>
          </reporter-output>
        </test-method> <!-- visualizar -->
        <test-method is-config="true" signature="afterClass()[pri:0, instance:com.timp.test.ATR.Tributos.AgrupamentoDeTributos.AgrupamentoDeTributosVer@173ed316]" started-at="2023-01-13T11:07:29 BRT" name="afterClass" finished-at="2023-01-13T11:07:34 BRT" duration-ms="4405" status="PASS">
          <reporter-output>
          </reporter-output>
        </test-method> <!-- afterClass -->
      </class> <!-- com.timp.test.ATR.Tributos.AgrupamentoDeTributos.AgrupamentoDeTributosVer -->
    </test> <!--  ATR - TRIBUTOS - AGRUPAMENTO DE TRIBUTOS  -->
  </suite> <!-- Suite -->
</testng-results>
