<?xml version="1.0" encoding="UTF-8"?>
<testng-results skipped="0" failed="0" total="3" passed="3">
  <reporter-output>
  </reporter-output>
  <suite name="Default suite" duration-ms="76063" started-at="2020-07-30T22:44:37Z" finished-at="2020-07-30T22:45:53Z">
    <groups>
    </groups>
    <test name="Default test" duration-ms="76063" started-at="2020-07-30T22:44:37Z" finished-at="2020-07-30T22:45:53Z">
      <class name="com.timp.test.MDR.CodigoContabilizacao.CodigoContabilizacaoCriar">
        <test-method status="PASS" signature="beforeClass()[pri:0, instance:com.timp.test.MDR.CodigoContabilizacao.CodigoContabilizacaoCriar@8e0379d]" name="beforeClass" is-config="true" duration-ms="16566" started-at="2020-07-30T19:44:37Z" finished-at="2020-07-30T19:44:54Z">
          <reporter-output>
          </reporter-output>
        </test-method> <!-- beforeClass -->
        <test-method status="PASS" signature="login()[pri:0, instance:com.timp.test.MDR.CodigoContabilizacao.CodigoContabilizacaoCriar@8e0379d]" name="login" duration-ms="9592" started-at="2020-07-30T19:44:54Z" finished-at="2020-07-30T19:45:03Z">
          <reporter-output>
          </reporter-output>
        </test-method> <!-- login -->
        <test-method status="PASS" signature="acessarMDR()[pri:0, instance:com.timp.test.MDR.CodigoContabilizacao.CodigoContabilizacaoCriar@8e0379d]" name="acessarMDR" duration-ms="11242" started-at="2020-07-30T19:45:03Z" finished-at="2020-07-30T19:45:14Z">
          <reporter-output>
          </reporter-output>
        </test-method> <!-- acessarMDR -->
        <test-method status="PASS" signature="criar()[pri:0, instance:com.timp.test.MDR.CodigoContabilizacao.CodigoContabilizacaoCriar@8e0379d]" name="criar" duration-ms="38630" started-at="2020-07-30T19:45:14Z" finished-at="2020-07-30T19:45:53Z">
          <reporter-output>
          </reporter-output>
        </test-method> <!-- criar -->
      </class> <!-- com.timp.test.MDR.CodigoContabilizacao.CodigoContabilizacaoCriar -->
    </test> <!-- Default test -->
  </suite> <!-- Default suite -->
</testng-results>
