<?xml version="1.0" encoding="UTF-8"?>
<testng-results ignored="0" total="1" passed="1" failed="0" skipped="0">
  <reporter-output>
  </reporter-output>
  <suite started-at="2021-03-23T19:39:32Z" name="Default suite" finished-at="2021-03-23T19:42:39Z" duration-ms="187238">
    <groups>
    </groups>
    <test started-at="2021-03-23T19:39:32Z" name="Default test" finished-at="2021-03-23T19:42:39Z" duration-ms="187238">
      <class name="com.timp.test.MDR.Reinf.R1070DadosAdicionais.R1070DadosAdicionaisCriar">
        <test-method is-config="true" signature="beforeClass()[pri:0, instance:com.timp.test.MDR.Reinf.R1070DadosAdicionais.R1070DadosAdicionaisCriar@16eb3ea3]" started-at="2021-03-23T19:39:32Z" name="beforeClass" finished-at="2021-03-23T19:39:59Z" duration-ms="27618" status="PASS">
          <reporter-output>
          </reporter-output>
        </test-method> <!-- beforeClass -->
        <test-method signature="criar()[pri:0, instance:com.timp.test.MDR.Reinf.R1070DadosAdicionais.R1070DadosAdicionaisCriar@16eb3ea3]" started-at="2021-03-23T19:39:59Z" name="criar" finished-at="2021-03-23T19:42:39Z" duration-ms="159605" status="PASS">
          <reporter-output>
          </reporter-output>
        </test-method> <!-- criar -->
        <test-method is-config="true" signature="afterClass()[pri:0, instance:com.timp.test.MDR.Reinf.R1070DadosAdicionais.R1070DadosAdicionaisCriar@16eb3ea3]" started-at="2021-03-23T19:42:39Z" name="afterClass" finished-at="2021-03-23T19:42:39Z" duration-ms="0" status="PASS">
          <reporter-output>
          </reporter-output>
        </test-method> <!-- afterClass -->
      </class> <!-- com.timp.test.MDR.Reinf.R1070DadosAdicionais.R1070DadosAdicionaisCriar -->
    </test> <!-- Default test -->
  </suite> <!-- Default suite -->
</testng-results>
