<?xml version="1.0" encoding="UTF-8"?>
<testng-results ignored="0" total="7" passed="6" failed="1" skipped="0">
  <reporter-output>
  </reporter-output>
  <suite started-at="2021-03-05T12:02:57Z" name="Default suite" finished-at="2021-03-05T12:10:56Z" duration-ms="478398">
    <groups>
    </groups>
    <test started-at="2021-03-05T12:02:57Z" name="Default test" finished-at="2021-03-05T12:10:56Z" duration-ms="478398">
      <class name="com.timp.test.CALENDAR.Tarefas.TarefasNASolicitarEsclarecimento">
        <test-method is-config="true" signature="beforeClass()[pri:0, instance:com.timp.test.CALENDAR.Tarefas.TarefasNASolicitarEsclarecimento@1356d4d4]" started-at="2021-03-05T12:02:57Z" name="beforeClass" finished-at="2021-03-05T12:03:25Z" duration-ms="27205" status="PASS">
          <reporter-output>
          </reporter-output>
        </test-method> <!-- beforeClass -->
        <test-method signature="login()[pri:0, instance:com.timp.test.CALENDAR.Tarefas.TarefasNASolicitarEsclarecimento@1356d4d4]" started-at="2021-03-05T12:03:25Z" name="login" finished-at="2021-03-05T12:03:54Z" duration-ms="29373" status="PASS">
          <reporter-output>
          </reporter-output>
        </test-method> <!-- login -->
        <test-method signature="AccesarBPMA()[pri:1, instance:com.timp.test.CALENDAR.Tarefas.TarefasNASolicitarEsclarecimento@1356d4d4]" started-at="2021-03-05T12:03:54Z" name="AccesarBPMA" finished-at="2021-03-05T12:04:12Z" duration-ms="18279" status="PASS">
          <reporter-output>
          </reporter-output>
        </test-method> <!-- AccesarBPMA -->
        <test-method signature="ativadorProcesos()[pri:3, instance:com.timp.test.CALENDAR.Tarefas.TarefasNASolicitarEsclarecimento@1356d4d4]" started-at="2021-03-05T12:04:12Z" name="ativadorProcesos" finished-at="2021-03-05T12:07:45Z" duration-ms="213068" status="PASS">
          <reporter-output>
          </reporter-output>
        </test-method> <!-- ativadorProcesos -->
        <test-method signature="TFPEntrar()[pri:4, instance:com.timp.test.CALENDAR.Tarefas.TarefasNASolicitarEsclarecimento@1356d4d4]" started-at="2021-03-05T12:07:45Z" name="TFPEntrar" finished-at="2021-03-05T12:08:14Z" duration-ms="28708" status="PASS">
          <reporter-output>
          </reporter-output>
        </test-method> <!-- TFPEntrar -->
        <test-method signature="filtroTFP()[pri:5, instance:com.timp.test.CALENDAR.Tarefas.TarefasNASolicitarEsclarecimento@1356d4d4]" started-at="2021-03-05T12:08:14Z" name="filtroTFP" finished-at="2021-03-05T12:09:45Z" duration-ms="91359" status="PASS">
          <reporter-output>
          </reporter-output>
        </test-method> <!-- filtroTFP -->
        <test-method signature="CalendarEntrar()[pri:6, instance:com.timp.test.CALENDAR.Tarefas.TarefasNASolicitarEsclarecimento@1356d4d4]" started-at="2021-03-05T12:09:45Z" name="CalendarEntrar" finished-at="2021-03-05T12:10:21Z" duration-ms="35259" status="PASS">
          <reporter-output>
          </reporter-output>
        </test-method> <!-- CalendarEntrar -->
        <test-method signature="Calendario()[pri:7, instance:com.timp.test.CALENDAR.Tarefas.TarefasNASolicitarEsclarecimento@1356d4d4]" started-at="2021-03-05T12:10:21Z" name="Calendario" finished-at="2021-03-05T12:10:56Z" duration-ms="35100" status="FAIL">
          <exception class="org.openqa.selenium.NoSuchElementException">
            <message>
              <![CDATA[no such element: Unable to locate element: {"method":"xpath","selector":"/html/body/div[4]/div/div[2]/div/div[2]/div/div[1]/div/div[2]/div[6]/div[1]/label/span"}
  (Session info: chrome=83.0.4103.106)
For documentation on this error, please visit: https://www.seleniumhq.org/exceptions/no_such_element.html
Build info: version: '3.141.59', revision: 'e82be7d358', time: '2018-11-14T08:17:03'
System info: host: 'CRISTHIAN-VASQU', ip: '192.168.254.1', os.name: 'Windows 10', os.arch: 'amd64', os.version: '10.0', java.version: '11.0.8'
Driver info: org.openqa.selenium.chrome.ChromeDriver
Capabilities {acceptInsecureCerts: false, browserName: chrome, browserVersion: 83.0.4103.106, chrome: {chromedriverVersion: 83.0.4103.39 (ccbf011cb2d2b..., userDataDir: C:\Users\CRISTH~1\AppData\L...}, goog:chromeOptions: {debuggerAddress: localhost:53614}, javascriptEnabled: true, networkConnectionEnabled: false, pageLoadStrategy: normal, platform: WINDOWS, platformName: WINDOWS, proxy: Proxy(), setWindowRect: true, strictFileInteractability: false, timeouts: {implicit: 0, pageLoad: 300000, script: 30000}, unhandledPromptBehavior: dismiss and notify, webauthn:virtualAuthenticators: true}
Session ID: fecd5e5afa50241ce5c8ee7dd3ba7259
*** Element info: {Using=xpath, value=/html/body/div[4]/div/div[2]/div/div[2]/div/div[1]/div/div[2]/div[6]/div[1]/label/span}]]>
            </message>
            <full-stacktrace>
              <![CDATA[org.openqa.selenium.NoSuchElementException: no such element: Unable to locate element: {"method":"xpath","selector":"/html/body/div[4]/div/div[2]/div/div[2]/div/div[1]/div/div[2]/div[6]/div[1]/label/span"}
  (Session info: chrome=83.0.4103.106)
For documentation on this error, please visit: https://www.seleniumhq.org/exceptions/no_such_element.html
Build info: version: '3.141.59', revision: 'e82be7d358', time: '2018-11-14T08:17:03'
System info: host: 'CRISTHIAN-VASQU', ip: '192.168.254.1', os.name: 'Windows 10', os.arch: 'amd64', os.version: '10.0', java.version: '11.0.8'
Driver info: org.openqa.selenium.chrome.ChromeDriver
Capabilities {acceptInsecureCerts: false, browserName: chrome, browserVersion: 83.0.4103.106, chrome: {chromedriverVersion: 83.0.4103.39 (ccbf011cb2d2b..., userDataDir: C:\Users\CRISTH~1\AppData\L...}, goog:chromeOptions: {debuggerAddress: localhost:53614}, javascriptEnabled: true, networkConnectionEnabled: false, pageLoadStrategy: normal, platform: WINDOWS, platformName: WINDOWS, proxy: Proxy(), setWindowRect: true, strictFileInteractability: false, timeouts: {implicit: 0, pageLoad: 300000, script: 30000}, unhandledPromptBehavior: dismiss and notify, webauthn:virtualAuthenticators: true}
Session ID: fecd5e5afa50241ce5c8ee7dd3ba7259
*** Element info: {Using=xpath, value=/html/body/div[4]/div/div[2]/div/div[2]/div/div[1]/div/div[2]/div[6]/div[1]/label/span}
at jdk.internal.reflect.GeneratedConstructorAccessor13.newInstance(Unknown Source)
at java.base/jdk.internal.reflect.DelegatingConstructorAccessorImpl.newInstance(DelegatingConstructorAccessorImpl.java:45)
at java.base/java.lang.reflect.Constructor.newInstance(Constructor.java:490)
at org.openqa.selenium.remote.http.W3CHttpResponseCodec.createException(W3CHttpResponseCodec.java:187)
at org.openqa.selenium.remote.http.W3CHttpResponseCodec.decode(W3CHttpResponseCodec.java:122)
at org.openqa.selenium.remote.http.W3CHttpResponseCodec.decode(W3CHttpResponseCodec.java:49)
at org.openqa.selenium.remote.HttpCommandExecutor.execute(HttpCommandExecutor.java:158)
at org.openqa.selenium.remote.service.DriverCommandExecutor.execute(DriverCommandExecutor.java:83)
at org.openqa.selenium.remote.RemoteWebDriver.execute(RemoteWebDriver.java:552)
at org.openqa.selenium.remote.RemoteWebDriver.findElement(RemoteWebDriver.java:323)
at org.openqa.selenium.remote.RemoteWebDriver.findElementByXPath(RemoteWebDriver.java:428)
at org.openqa.selenium.By$ByXPath.findElement(By.java:353)
at org.openqa.selenium.remote.RemoteWebDriver.findElement(RemoteWebDriver.java:315)
at org.openqa.selenium.support.pagefactory.DefaultElementLocator.findElement(DefaultElementLocator.java:69)
at org.openqa.selenium.support.pagefactory.internal.LocatingElementHandler.invoke(LocatingElementHandler.java:38)
at com.sun.proxy.$Proxy12.click(Unknown Source)
at com.sap.timp.pageObjectModel.Calendar.Tarefas.TarefasNASolicitarEsclarecimentoPO.Calendario(TarefasNASolicitarEsclarecimentoPO.java:1134)
at com.timp.test.CALENDAR.Tarefas.TarefasNASolicitarEsclarecimento.Calendario(TarefasNASolicitarEsclarecimento.java:100)
at java.base/jdk.internal.reflect.NativeMethodAccessorImpl.invoke0(Native Method)
at java.base/jdk.internal.reflect.NativeMethodAccessorImpl.invoke(NativeMethodAccessorImpl.java:62)
at java.base/jdk.internal.reflect.DelegatingMethodAccessorImpl.invoke(DelegatingMethodAccessorImpl.java:43)
at java.base/java.lang.reflect.Method.invoke(Method.java:566)
at org.testng.internal.MethodInvocationHelper.invokeMethod(MethodInvocationHelper.java:124)
at org.testng.internal.Invoker.invokeMethod(Invoker.java:583)
at org.testng.internal.Invoker.invokeTestMethod(Invoker.java:719)
at org.testng.internal.Invoker.invokeTestMethods(Invoker.java:989)
at org.testng.internal.TestMethodWorker.invokeTestMethods(TestMethodWorker.java:125)
at org.testng.internal.TestMethodWorker.run(TestMethodWorker.java:109)
at org.testng.TestRunner.privateRun(TestRunner.java:648)
at org.testng.TestRunner.run(TestRunner.java:505)
at org.testng.SuiteRunner.runTest(SuiteRunner.java:455)
at org.testng.SuiteRunner.runSequentially(SuiteRunner.java:450)
at org.testng.SuiteRunner.privateRun(SuiteRunner.java:415)
at org.testng.SuiteRunner.run(SuiteRunner.java:364)
at org.testng.SuiteRunnerWorker.runSuite(SuiteRunnerWorker.java:52)
at org.testng.SuiteRunnerWorker.run(SuiteRunnerWorker.java:84)
at org.testng.TestNG.runSuitesSequentially(TestNG.java:1208)
at org.testng.TestNG.runSuitesLocally(TestNG.java:1137)
at org.testng.TestNG.runSuites(TestNG.java:1049)
at org.testng.TestNG.run(TestNG.java:1017)
at org.testng.remote.AbstractRemoteTestNG.run(AbstractRemoteTestNG.java:115)
at org.testng.remote.RemoteTestNG.initAndRun(RemoteTestNG.java:251)
at org.testng.remote.RemoteTestNG.main(RemoteTestNG.java:77)
]]>
            </full-stacktrace>
          </exception> <!-- org.openqa.selenium.NoSuchElementException -->
          <reporter-output>
          </reporter-output>
        </test-method> <!-- Calendario -->
        <test-method is-config="true" signature="afterClass()[pri:0, instance:com.timp.test.CALENDAR.Tarefas.TarefasNASolicitarEsclarecimento@1356d4d4]" started-at="2021-03-05T12:10:56Z" name="afterClass" finished-at="2021-03-05T12:10:56Z" duration-ms="0" status="PASS">
          <reporter-output>
          </reporter-output>
        </test-method> <!-- afterClass -->
      </class> <!-- com.timp.test.CALENDAR.Tarefas.TarefasNASolicitarEsclarecimento -->
    </test> <!-- Default test -->
  </suite> <!-- Default suite -->
</testng-results>
