<?xml version="1.0" encoding="UTF-8"?>
<testng-results skipped="0" failed="0" total="3" passed="3">
  <reporter-output>
  </reporter-output>
  <suite name="Default suite" duration-ms="126560" started-at="2021-01-06T11:00:25Z" finished-at="2021-01-06T11:02:32Z">
    <groups>
    </groups>
    <test name="Default test" duration-ms="126560" started-at="2021-01-06T11:00:25Z" finished-at="2021-01-06T11:02:32Z">
      <class name="com.timp.test.BRE.RegrasdeAuditoriaN1.ParametrosGerais.RegrasDeAuditoriaN1LixeiraMaisExcluirDefinitivamente">
        <test-method status="PASS" signature="beforeClass()[pri:0, instance:com.timp.test.BRE.RegrasdeAuditoriaN1.ParametrosGerais.RegrasDeAuditoriaN1LixeiraMaisExcluirDefinitivamente@3a079870]" name="beforeClass" is-config="true" duration-ms="13091" started-at="2021-01-06T05:00:25Z" finished-at="2021-01-06T05:00:38Z">
          <reporter-output>
          </reporter-output>
        </test-method> <!-- beforeClass -->
        <test-method status="PASS" signature="login()[pri:0, instance:com.timp.test.BRE.RegrasdeAuditoriaN1.ParametrosGerais.RegrasDeAuditoriaN1LixeiraMaisExcluirDefinitivamente@3a079870]" name="login" duration-ms="10534" started-at="2021-01-06T05:00:38Z" finished-at="2021-01-06T05:00:49Z">
          <reporter-output>
          </reporter-output>
        </test-method> <!-- login -->
        <test-method status="PASS" signature="acessarBRE()[pri:0, instance:com.timp.test.BRE.RegrasdeAuditoriaN1.ParametrosGerais.RegrasDeAuditoriaN1LixeiraMaisExcluirDefinitivamente@3a079870]" name="acessarBRE" duration-ms="22034" started-at="2021-01-06T05:00:49Z" finished-at="2021-01-06T05:01:11Z">
          <reporter-output>
          </reporter-output>
        </test-method> <!-- acessarBRE -->
        <test-method status="PASS" signature="excluir()[pri:0, instance:com.timp.test.BRE.RegrasdeAuditoriaN1.ParametrosGerais.RegrasDeAuditoriaN1LixeiraMaisExcluirDefinitivamente@3a079870]" name="excluir" duration-ms="80887" started-at="2021-01-06T05:01:11Z" finished-at="2021-01-06T05:02:32Z">
          <reporter-output>
          </reporter-output>
        </test-method> <!-- excluir -->
        <test-method status="PASS" signature="afterClass()[pri:0, instance:com.timp.test.BRE.RegrasdeAuditoriaN1.ParametrosGerais.RegrasDeAuditoriaN1LixeiraMaisExcluirDefinitivamente@3a079870]" name="afterClass" is-config="true" duration-ms="1" started-at="2021-01-06T05:02:32Z" finished-at="2021-01-06T05:02:32Z">
          <reporter-output>
          </reporter-output>
        </test-method> <!-- afterClass -->
      </class> <!-- com.timp.test.BRE.RegrasdeAuditoriaN1.ParametrosGerais.RegrasDeAuditoriaN1LixeiraMaisExcluirDefinitivamente -->
    </test> <!-- Default test -->
  </suite> <!-- Default suite -->
</testng-results>
