<?xml version="1.0" encoding="UTF-8"?>
<testng-results total="3" passed="3" failed="0" skipped="0">
  <reporter-output>
  </reporter-output>
  <suite started-at="2020-10-27T13:33:57Z" name="Default suite" finished-at="2020-10-27T13:35:33Z" duration-ms="95304">
    <groups>
    </groups>
    <test started-at="2020-10-27T13:33:57Z" name="Default test" finished-at="2020-10-27T13:35:33Z" duration-ms="95304">
      <class name="com.timp.test.MDR.TabelasApoioESocial.Tabela11.CompatibilidadeEnCatTrabEditar">
        <test-method is-config="true" signature="beforeClass()[pri:0, instance:com.timp.test.MDR.TabelasApoioESocial.Tabela11.CompatibilidadeEnCatTrabEditar@c86b9e3]" started-at="2020-10-27T10:33:57Z" name="beforeClass" finished-at="2020-10-27T10:34:09Z" duration-ms="12140" status="PASS">
          <reporter-output>
          </reporter-output>
        </test-method> <!-- beforeClass -->
        <test-method signature="login()[pri:0, instance:com.timp.test.MDR.TabelasApoioESocial.Tabela11.CompatibilidadeEnCatTrabEditar@c86b9e3]" started-at="2020-10-27T10:34:09Z" name="login" finished-at="2020-10-27T10:34:16Z" duration-ms="6570" status="PASS">
          <reporter-output>
          </reporter-output>
        </test-method> <!-- login -->
        <test-method signature="acessarMDR()[pri:0, instance:com.timp.test.MDR.TabelasApoioESocial.Tabela11.CompatibilidadeEnCatTrabEditar@c86b9e3]" started-at="2020-10-27T10:34:16Z" name="acessarMDR" finished-at="2020-10-27T10:34:37Z" duration-ms="21238" status="PASS">
          <reporter-output>
          </reporter-output>
        </test-method> <!-- acessarMDR -->
        <test-method signature="editar()[pri:0, instance:com.timp.test.MDR.TabelasApoioESocial.Tabela11.CompatibilidadeEnCatTrabEditar@c86b9e3]" started-at="2020-10-27T10:34:37Z" name="editar" finished-at="2020-10-27T10:35:33Z" duration-ms="55323" status="PASS">
          <reporter-output>
          </reporter-output>
        </test-method> <!-- editar -->
        <test-method is-config="true" signature="afterClass()[pri:0, instance:com.timp.test.MDR.TabelasApoioESocial.Tabela11.CompatibilidadeEnCatTrabEditar@c86b9e3]" started-at="2020-10-27T10:35:33Z" name="afterClass" finished-at="2020-10-27T10:35:33Z" duration-ms="0" status="PASS">
          <reporter-output>
          </reporter-output>
        </test-method> <!-- afterClass -->
      </class> <!-- com.timp.test.MDR.TabelasApoioESocial.Tabela11.CompatibilidadeEnCatTrabEditar -->
    </test> <!-- Default test -->
  </suite> <!-- Default suite -->
</testng-results>
