<?xml version="1.0" encoding="UTF-8"?>
<testng-results ignored="0" total="1" passed="1" failed="0" skipped="0">
  <reporter-output>
  </reporter-output>
  <suite started-at="2022-01-17T21:07:24Z" name="Default suite" finished-at="2022-01-17T21:10:31Z" duration-ms="186563">
    <groups>
    </groups>
    <test started-at="2022-01-17T21:07:24Z" name="Default test" finished-at="2022-01-17T21:10:31Z" duration-ms="186563">
      <class name="com.timp.test.ATR.Estruturas.MapeamentoDeParametrosDeEntrada.MapeamentoDeParametrosDeEntradaCriar">
        <test-method is-config="true" signature="beforeClass()[pri:0, instance:com.timp.test.ATR.Estruturas.MapeamentoDeParametrosDeEntrada.MapeamentoDeParametrosDeEntradaCriar@5b367418]" started-at="2022-01-17T21:07:24Z" name="beforeClass" finished-at="2022-01-17T21:08:15Z" duration-ms="50662" status="PASS">
          <reporter-output>
          </reporter-output>
        </test-method> <!-- beforeClass -->
        <test-method signature="criar()[pri:0, instance:com.timp.test.ATR.Estruturas.MapeamentoDeParametrosDeEntrada.MapeamentoDeParametrosDeEntradaCriar@5b367418]" started-at="2022-01-17T21:08:15Z" name="criar" finished-at="2022-01-17T21:10:26Z" duration-ms="131468" status="PASS">
          <reporter-output>
          </reporter-output>
        </test-method> <!-- criar -->
        <test-method is-config="true" signature="afterClass()[pri:0, instance:com.timp.test.ATR.Estruturas.MapeamentoDeParametrosDeEntrada.MapeamentoDeParametrosDeEntradaCriar@5b367418]" started-at="2022-01-17T21:10:26Z" name="afterClass" finished-at="2022-01-17T21:10:31Z" duration-ms="4408" status="PASS">
          <reporter-output>
          </reporter-output>
        </test-method> <!-- afterClass -->
      </class> <!-- com.timp.test.ATR.Estruturas.MapeamentoDeParametrosDeEntrada.MapeamentoDeParametrosDeEntradaCriar -->
    </test> <!-- Default test -->
  </suite> <!-- Default suite -->
</testng-results>
