<?xml version="1.0" encoding="UTF-8"?>
<testng-results skipped="0" failed="0" total="3" passed="3">
  <reporter-output>
  </reporter-output>
  <suite name="Default suite" duration-ms="120158" started-at="2020-07-26T17:32:50Z" finished-at="2020-07-26T17:34:51Z">
    <groups>
    </groups>
    <test name="Default test" duration-ms="120158" started-at="2020-07-26T17:32:50Z" finished-at="2020-07-26T17:34:51Z">
      <class name="com.timp.test.MDR.CadastroDerex.CadastroResponsavel.ResponsavelMovimentoEditar">
        <test-method status="PASS" signature="beforeClass()[pri:0, instance:com.timp.test.MDR.CadastroDerex.CadastroResponsavel.ResponsavelMovimentoEditar@35083305]" name="beforeClass" is-config="true" duration-ms="11761" started-at="2020-07-26T11:32:50Z" finished-at="2020-07-26T11:33:02Z">
          <reporter-output>
          </reporter-output>
        </test-method> <!-- beforeClass -->
        <test-method status="PASS" signature="login()[pri:0, instance:com.timp.test.MDR.CadastroDerex.CadastroResponsavel.ResponsavelMovimentoEditar@35083305]" name="login" duration-ms="8116" started-at="2020-07-26T11:33:02Z" finished-at="2020-07-26T11:33:10Z">
          <reporter-output>
          </reporter-output>
        </test-method> <!-- login -->
        <test-method status="PASS" signature="acessarMDR()[pri:0, instance:com.timp.test.MDR.CadastroDerex.CadastroResponsavel.ResponsavelMovimentoEditar@35083305]" name="acessarMDR" duration-ms="23988" started-at="2020-07-26T11:33:10Z" finished-at="2020-07-26T11:33:34Z">
          <reporter-output>
          </reporter-output>
        </test-method> <!-- acessarMDR -->
        <test-method status="PASS" signature="visualizar()[pri:0, instance:com.timp.test.MDR.CadastroDerex.CadastroResponsavel.ResponsavelMovimentoEditar@35083305]" name="visualizar" duration-ms="76280" started-at="2020-07-26T11:33:34Z" finished-at="2020-07-26T11:34:51Z">
          <reporter-output>
          </reporter-output>
        </test-method> <!-- visualizar -->
      </class> <!-- com.timp.test.MDR.CadastroDerex.CadastroResponsavel.ResponsavelMovimentoEditar -->
    </test> <!-- Default test -->
  </suite> <!-- Default suite -->
</testng-results>
