<?xml version="1.0" encoding="UTF-8"?>
<testng-results total="3" passed="2" failed="1" skipped="0">
  <reporter-output>
  </reporter-output>
  <suite started-at="2020-07-21T21:47:27Z" name="Default suite" finished-at="2020-07-21T21:49:26Z" duration-ms="119293">
    <groups>
    </groups>
    <test started-at="2020-07-21T21:47:27Z" name="Default test" finished-at="2020-07-21T21:49:26Z" duration-ms="119293">
      <class name="com.timp.test.BRB.ReordenarColuna">
        <test-method is-config="true" signature="beforeClass()[pri:0, instance:com.timp.test.BRB.ReordenarColuna@1151e434]" started-at="2020-07-21T15:47:27Z" name="beforeClass" finished-at="2020-07-21T15:47:46Z" duration-ms="18725" status="PASS">
          <reporter-output>
          </reporter-output>
        </test-method> <!-- beforeClass -->
        <test-method signature="login()[pri:0, instance:com.timp.test.BRB.ReordenarColuna@1151e434]" started-at="2020-07-21T15:47:46Z" name="login" finished-at="2020-07-21T15:47:55Z" duration-ms="9574" status="PASS">
          <reporter-output>
          </reporter-output>
        </test-method> <!-- login -->
        <test-method signature="brbEntrar()[pri:0, instance:com.timp.test.BRB.ReordenarColuna@1151e434]" started-at="2020-07-21T15:47:55Z" name="brbEntrar" finished-at="2020-07-21T15:48:24Z" duration-ms="28417" status="PASS">
          <reporter-output>
          </reporter-output>
        </test-method> <!-- brbEntrar -->
        <test-method signature="reordenar()[pri:0, instance:com.timp.test.BRB.ReordenarColuna@1151e434]" started-at="2020-07-21T15:48:24Z" name="reordenar" finished-at="2020-07-21T15:49:26Z" duration-ms="62530" status="FAIL">
          <exception class="java.lang.AssertionError">
            <message>
              <![CDATA[A coluna não foi reordenada com sucesso expected [true] but found [false]]]>
            </message>
            <full-stacktrace>
              <![CDATA[java.lang.AssertionError: A coluna não foi reordenada com sucesso expected [true] but found [false]
	at org.testng.Assert.fail(Assert.java:94)
	at org.testng.Assert.failNotEquals(Assert.java:494)
	at org.testng.Assert.assertTrue(Assert.java:42)
	at com.timp.test.BRB.ReordenarColuna.reordenar(ReordenarColuna.java:80)
	at java.base/jdk.internal.reflect.NativeMethodAccessorImpl.invoke0(Native Method)
	at java.base/jdk.internal.reflect.NativeMethodAccessorImpl.invoke(NativeMethodAccessorImpl.java:62)
	at java.base/jdk.internal.reflect.DelegatingMethodAccessorImpl.invoke(DelegatingMethodAccessorImpl.java:43)
	at java.base/java.lang.reflect.Method.invoke(Method.java:564)
	at org.testng.internal.MethodInvocationHelper.invokeMethod(MethodInvocationHelper.java:80)
	at org.testng.internal.Invoker.invokeMethod(Invoker.java:714)
	at org.testng.internal.Invoker.invokeTestMethod(Invoker.java:901)
	at org.testng.internal.Invoker.invokeTestMethods(Invoker.java:1231)
	at org.testng.internal.TestMethodWorker.invokeTestMethods(TestMethodWorker.java:127)
	at org.testng.internal.TestMethodWorker.run(TestMethodWorker.java:111)
	at org.testng.TestRunner.privateRun(TestRunner.java:767)
	at org.testng.TestRunner.run(TestRunner.java:617)
	at org.testng.SuiteRunner.runTest(SuiteRunner.java:334)
	at org.testng.SuiteRunner.runSequentially(SuiteRunner.java:329)
	at org.testng.SuiteRunner.privateRun(SuiteRunner.java:291)
	at org.testng.SuiteRunner.run(SuiteRunner.java:240)
	at org.testng.SuiteRunnerWorker.runSuite(SuiteRunnerWorker.java:52)
	at org.testng.SuiteRunnerWorker.run(SuiteRunnerWorker.java:86)
	at org.testng.TestNG.runSuitesSequentially(TestNG.java:1198)
	at org.testng.TestNG.runSuitesLocally(TestNG.java:1123)
	at org.testng.TestNG.run(TestNG.java:1031)
	at org.testng.remote.AbstractRemoteTestNG.run(AbstractRemoteTestNG.java:115)
	at org.testng.remote.RemoteTestNG.initAndRun(RemoteTestNG.java:251)
	at org.testng.remote.RemoteTestNG.main(RemoteTestNG.java:77)
]]>
            </full-stacktrace>
          </exception> <!-- java.lang.AssertionError -->
          <reporter-output>
          </reporter-output>
        </test-method> <!-- reordenar -->
        <test-method is-config="true" signature="afterClass()[pri:0, instance:com.timp.test.BRB.ReordenarColuna@1151e434]" started-at="2020-07-21T15:49:26Z" name="afterClass" finished-at="2020-07-21T15:49:26Z" duration-ms="1" status="PASS">
          <reporter-output>
          </reporter-output>
        </test-method> <!-- afterClass -->
      </class> <!-- com.timp.test.BRB.ReordenarColuna -->
    </test> <!-- Default test -->
  </suite> <!-- Default suite -->
</testng-results>
