<?xml version="1.0" encoding="UTF-8"?>
<testng-results total="3" passed="3" failed="0" skipped="0">
  <reporter-output>
  </reporter-output>
  <suite started-at="2021-01-07T22:08:20Z" name="Default suite" finished-at="2021-01-07T22:10:21Z" duration-ms="120593">
    <groups>
    </groups>
    <test started-at="2021-01-07T22:08:20Z" name="Default test" finished-at="2021-01-07T22:10:21Z" duration-ms="120593">
      <class name="com.timp.test.MDR.EventosESocial.S1250AquisicaoDeProducaoRural.S1250DetNotaFiscal.S1250DetNotaFiscalExcluir">
        <test-method is-config="true" signature="beforeClass()[pri:0, instance:com.timp.test.MDR.EventosESocial.S1250AquisicaoDeProducaoRural.S1250DetNotaFiscal.S1250DetNotaFiscalExcluir@5a5338df]" started-at="2021-01-07T16:08:20Z" name="beforeClass" finished-at="2021-01-07T16:08:35Z" duration-ms="14843" status="PASS">
          <reporter-output>
          </reporter-output>
        </test-method> <!-- beforeClass -->
        <test-method signature="login()[pri:0, instance:com.timp.test.MDR.EventosESocial.S1250AquisicaoDeProducaoRural.S1250DetNotaFiscal.S1250DetNotaFiscalExcluir@5a5338df]" started-at="2021-01-07T16:08:35Z" name="login" finished-at="2021-01-07T16:08:43Z" duration-ms="7843" status="PASS">
          <reporter-output>
          </reporter-output>
        </test-method> <!-- login -->
        <test-method signature="acessarMDR()[pri:0, instance:com.timp.test.MDR.EventosESocial.S1250AquisicaoDeProducaoRural.S1250DetNotaFiscal.S1250DetNotaFiscalExcluir@5a5338df]" started-at="2021-01-07T16:08:43Z" name="acessarMDR" finished-at="2021-01-07T16:08:54Z" duration-ms="10706" status="PASS">
          <reporter-output>
          </reporter-output>
        </test-method> <!-- acessarMDR -->
        <test-method signature="excluir()[pri:0, instance:com.timp.test.MDR.EventosESocial.S1250AquisicaoDeProducaoRural.S1250DetNotaFiscal.S1250DetNotaFiscalExcluir@5a5338df]" started-at="2021-01-07T16:08:54Z" name="excluir" finished-at="2021-01-07T16:10:21Z" duration-ms="87047" status="PASS">
          <reporter-output>
          </reporter-output>
        </test-method> <!-- excluir -->
        <test-method is-config="true" signature="afterClass()[pri:0, instance:com.timp.test.MDR.EventosESocial.S1250AquisicaoDeProducaoRural.S1250DetNotaFiscal.S1250DetNotaFiscalExcluir@5a5338df]" started-at="2021-01-07T16:10:21Z" name="afterClass" finished-at="2021-01-07T16:10:21Z" duration-ms="133" status="PASS">
          <reporter-output>
          </reporter-output>
        </test-method> <!-- afterClass -->
      </class> <!-- com.timp.test.MDR.EventosESocial.S1250AquisicaoDeProducaoRural.S1250DetNotaFiscal.S1250DetNotaFiscalExcluir -->
    </test> <!-- Default test -->
  </suite> <!-- Default suite -->
</testng-results>
