<?xml version="1.0" encoding="UTF-8"?>
<testng-results skipped="0" failed="0" total="3" passed="3">
  <reporter-output>
  </reporter-output>
  <suite name="Default suite" duration-ms="116422" started-at="2020-10-08T00:19:51Z" finished-at="2020-10-08T00:21:47Z">
    <groups>
    </groups>
    <test name="Default test" duration-ms="116422" started-at="2020-10-08T00:19:51Z" finished-at="2020-10-08T00:21:47Z">
      <class name="com.timp.test.MDR.SaldoInicialDiferido.SaldoInicialDiferidoEditar">
        <test-method status="PASS" signature="beforeClass()[pri:0, instance:com.timp.test.MDR.SaldoInicialDiferido.SaldoInicialDiferidoEditar@f2f2cc1]" name="beforeClass" is-config="true" duration-ms="12325" started-at="2020-10-07T18:19:51Z" finished-at="2020-10-07T18:20:03Z">
          <reporter-output>
          </reporter-output>
        </test-method> <!-- beforeClass -->
        <test-method status="PASS" signature="login()[pri:0, instance:com.timp.test.MDR.SaldoInicialDiferido.SaldoInicialDiferidoEditar@f2f2cc1]" name="login" duration-ms="7274" started-at="2020-10-07T18:20:03Z" finished-at="2020-10-07T18:20:10Z">
          <reporter-output>
          </reporter-output>
        </test-method> <!-- login -->
        <test-method status="PASS" signature="acessarMDR()[pri:0, instance:com.timp.test.MDR.SaldoInicialDiferido.SaldoInicialDiferidoEditar@f2f2cc1]" name="acessarMDR" duration-ms="9195" started-at="2020-10-07T18:20:10Z" finished-at="2020-10-07T18:20:19Z">
          <reporter-output>
          </reporter-output>
        </test-method> <!-- acessarMDR -->
        <test-method status="PASS" signature="editar()[pri:0, instance:com.timp.test.MDR.SaldoInicialDiferido.SaldoInicialDiferidoEditar@f2f2cc1]" name="editar" duration-ms="87543" started-at="2020-10-07T18:20:19Z" finished-at="2020-10-07T18:21:47Z">
          <reporter-output>
          </reporter-output>
        </test-method> <!-- editar -->
        <test-method status="PASS" signature="afterClass()[pri:0, instance:com.timp.test.MDR.SaldoInicialDiferido.SaldoInicialDiferidoEditar@f2f2cc1]" name="afterClass" is-config="true" duration-ms="70" started-at="2020-10-07T18:21:47Z" finished-at="2020-10-07T18:21:47Z">
          <reporter-output>
          </reporter-output>
        </test-method> <!-- afterClass -->
      </class> <!-- com.timp.test.MDR.SaldoInicialDiferido.SaldoInicialDiferidoEditar -->
    </test> <!-- Default test -->
  </suite> <!-- Default suite -->
</testng-results>
