<?xml version="1.0" encoding="UTF-8"?>
<testng-results total="3" passed="3" failed="0" skipped="0">
  <reporter-output>
  </reporter-output>
  <suite started-at="2020-10-20T20:37:56Z" name="Default suite" finished-at="2020-10-20T20:39:15Z" duration-ms="78641">
    <groups>
    </groups>
    <test started-at="2020-10-20T20:37:56Z" name="Default test" finished-at="2020-10-20T20:39:15Z" duration-ms="78641">
      <class name="com.timp.test.MDR.Siscoserv.Enquadramento.EnquadramentoExcluir">
        <test-method is-config="true" signature="beforeClass()[pri:0, instance:com.timp.test.MDR.Siscoserv.Enquadramento.EnquadramentoExcluir@f78a47e]" started-at="2020-10-20T17:37:57Z" name="beforeClass" finished-at="2020-10-20T17:38:09Z" duration-ms="12788" status="PASS">
          <reporter-output>
          </reporter-output>
        </test-method> <!-- beforeClass -->
        <test-method signature="login()[pri:0, instance:com.timp.test.MDR.Siscoserv.Enquadramento.EnquadramentoExcluir@f78a47e]" started-at="2020-10-20T17:38:09Z" name="login" finished-at="2020-10-20T17:38:17Z" duration-ms="8142" status="PASS">
          <reporter-output>
          </reporter-output>
        </test-method> <!-- login -->
        <test-method signature="acessarMDR()[pri:0, instance:com.timp.test.MDR.Siscoserv.Enquadramento.EnquadramentoExcluir@f78a47e]" started-at="2020-10-20T17:38:17Z" name="acessarMDR" finished-at="2020-10-20T17:38:40Z" duration-ms="22517" status="PASS">
          <reporter-output>
          </reporter-output>
        </test-method> <!-- acessarMDR -->
        <test-method signature="excluir()[pri:0, instance:com.timp.test.MDR.Siscoserv.Enquadramento.EnquadramentoExcluir@f78a47e]" started-at="2020-10-20T17:38:40Z" name="excluir" finished-at="2020-10-20T17:39:15Z" duration-ms="35132" status="PASS">
          <reporter-output>
          </reporter-output>
        </test-method> <!-- excluir -->
        <test-method is-config="true" signature="afterClass()[pri:0, instance:com.timp.test.MDR.Siscoserv.Enquadramento.EnquadramentoExcluir@f78a47e]" started-at="2020-10-20T17:39:15Z" name="afterClass" finished-at="2020-10-20T17:39:15Z" duration-ms="51" status="PASS">
          <reporter-output>
          </reporter-output>
        </test-method> <!-- afterClass -->
      </class> <!-- com.timp.test.MDR.Siscoserv.Enquadramento.EnquadramentoExcluir -->
    </test> <!-- Default test -->
  </suite> <!-- Default suite -->
</testng-results>
