<?xml version="1.0" encoding="UTF-8"?>
<testng-results skipped="0" failed="0" total="3" passed="3">
  <reporter-output>
  </reporter-output>
  <suite name="Default suite" duration-ms="153949" started-at="2020-10-05T20:38:13Z" finished-at="2020-10-05T20:40:47Z">
    <groups>
    </groups>
    <test name="Default test" duration-ms="153949" started-at="2020-10-05T20:38:13Z" finished-at="2020-10-05T20:40:47Z">
      <class name="com.timp.test.MDR.AtividadesParaTributacao.TiposDeServicos.TiposDeServicosExcluir">
        <test-method status="PASS" signature="beforeClass()[pri:0, instance:com.timp.test.MDR.AtividadesParaTributacao.TiposDeServicos.TiposDeServicosExcluir@3a079870]" name="beforeClass" is-config="true" duration-ms="20844" started-at="2020-10-05T17:38:13Z" finished-at="2020-10-05T17:38:34Z">
          <reporter-output>
          </reporter-output>
        </test-method> <!-- beforeClass -->
        <test-method status="PASS" signature="login()[pri:0, instance:com.timp.test.MDR.AtividadesParaTributacao.TiposDeServicos.TiposDeServicosExcluir@3a079870]" name="login" duration-ms="11655" started-at="2020-10-05T17:38:34Z" finished-at="2020-10-05T17:38:45Z">
          <reporter-output>
          </reporter-output>
        </test-method> <!-- login -->
        <test-method status="PASS" signature="acessarMDR()[pri:0, instance:com.timp.test.MDR.AtividadesParaTributacao.TiposDeServicos.TiposDeServicosExcluir@3a079870]" name="acessarMDR" duration-ms="13359" started-at="2020-10-05T17:38:45Z" finished-at="2020-10-05T17:38:59Z">
          <reporter-output>
          </reporter-output>
        </test-method> <!-- acessarMDR -->
        <test-method status="PASS" signature="excluir()[pri:0, instance:com.timp.test.MDR.AtividadesParaTributacao.TiposDeServicos.TiposDeServicosExcluir@3a079870]" name="excluir" duration-ms="103843" started-at="2020-10-05T17:38:59Z" finished-at="2020-10-05T17:40:42Z">
          <reporter-output>
          </reporter-output>
        </test-method> <!-- excluir -->
        <test-method status="PASS" signature="afterClass()[pri:0, instance:com.timp.test.MDR.AtividadesParaTributacao.TiposDeServicos.TiposDeServicosExcluir@3a079870]" name="afterClass" is-config="true" duration-ms="4221" started-at="2020-10-05T17:40:42Z" finished-at="2020-10-05T17:40:47Z">
          <reporter-output>
          </reporter-output>
        </test-method> <!-- afterClass -->
      </class> <!-- com.timp.test.MDR.AtividadesParaTributacao.TiposDeServicos.TiposDeServicosExcluir -->
    </test> <!-- Default test -->
  </suite> <!-- Default suite -->
</testng-results>
