<?xml version="1.0" encoding="UTF-8"?>
<testng-results skipped="0" failed="1" total="3" passed="2">
  <reporter-output>
  </reporter-output>
  <suite name="Default suite" duration-ms="72311" started-at="2020-07-21T21:44:55Z" finished-at="2020-07-21T21:46:07Z">
    <groups>
    </groups>
    <test name="Default test" duration-ms="72311" started-at="2020-07-21T21:44:55Z" finished-at="2020-07-21T21:46:07Z">
      <class name="com.timp.test.BRB.ReordenarColuna">
        <test-method status="PASS" signature="beforeClass()[pri:0, instance:com.timp.test.BRB.ReordenarColuna@341b80b2]" name="beforeClass" is-config="true" duration-ms="11395" started-at="2020-07-21T15:44:55Z" finished-at="2020-07-21T15:45:06Z">
          <reporter-output>
          </reporter-output>
        </test-method> <!-- beforeClass -->
        <test-method status="PASS" signature="login()[pri:0, instance:com.timp.test.BRB.ReordenarColuna@341b80b2]" name="login" duration-ms="5699" started-at="2020-07-21T15:45:06Z" finished-at="2020-07-21T15:45:12Z">
          <reporter-output>
          </reporter-output>
        </test-method> <!-- login -->
        <test-method status="PASS" signature="brbEntrar()[pri:0, instance:com.timp.test.BRB.ReordenarColuna@341b80b2]" name="brbEntrar" duration-ms="14419" started-at="2020-07-21T15:45:12Z" finished-at="2020-07-21T15:45:26Z">
          <reporter-output>
          </reporter-output>
        </test-method> <!-- brbEntrar -->
        <test-method status="FAIL" signature="reordenar()[pri:0, instance:com.timp.test.BRB.ReordenarColuna@341b80b2]" name="reordenar" duration-ms="40785" started-at="2020-07-21T15:45:26Z" finished-at="2020-07-21T15:46:07Z">
          <exception class="java.lang.AssertionError">
            <message>
              <![CDATA[A coluna não foi reordenada com sucesso expected [true] but found [false]]]>
            </message>
            <full-stacktrace>
              <![CDATA[java.lang.AssertionError: A coluna não foi reordenada com sucesso expected [true] but found [false]
	at org.testng.Assert.fail(Assert.java:94)
	at org.testng.Assert.failNotEquals(Assert.java:494)
	at org.testng.Assert.assertTrue(Assert.java:42)
	at com.timp.test.BRB.ReordenarColuna.reordenar(ReordenarColuna.java:80)
	at sun.reflect.NativeMethodAccessorImpl.invoke0(Native Method)
	at sun.reflect.NativeMethodAccessorImpl.invoke(Unknown Source)
	at sun.reflect.DelegatingMethodAccessorImpl.invoke(Unknown Source)
	at java.lang.reflect.Method.invoke(Unknown Source)
	at org.testng.internal.MethodInvocationHelper.invokeMethod(MethodInvocationHelper.java:80)
	at org.testng.internal.Invoker.invokeMethod(Invoker.java:714)
	at org.testng.internal.Invoker.invokeTestMethod(Invoker.java:901)
	at org.testng.internal.Invoker.invokeTestMethods(Invoker.java:1231)
	at org.testng.internal.TestMethodWorker.invokeTestMethods(TestMethodWorker.java:127)
	at org.testng.internal.TestMethodWorker.run(TestMethodWorker.java:111)
	at org.testng.TestRunner.privateRun(TestRunner.java:767)
	at org.testng.TestRunner.run(TestRunner.java:617)
	at org.testng.SuiteRunner.runTest(SuiteRunner.java:334)
	at org.testng.SuiteRunner.runSequentially(SuiteRunner.java:329)
	at org.testng.SuiteRunner.privateRun(SuiteRunner.java:291)
	at org.testng.SuiteRunner.run(SuiteRunner.java:240)
	at org.testng.SuiteRunnerWorker.runSuite(SuiteRunnerWorker.java:52)
	at org.testng.SuiteRunnerWorker.run(SuiteRunnerWorker.java:86)
	at org.testng.TestNG.runSuitesSequentially(TestNG.java:1198)
	at org.testng.TestNG.runSuitesLocally(TestNG.java:1123)
	at org.testng.TestNG.run(TestNG.java:1031)
	at org.testng.remote.AbstractRemoteTestNG.run(AbstractRemoteTestNG.java:115)
	at org.testng.remote.RemoteTestNG.initAndRun(RemoteTestNG.java:251)
	at org.testng.remote.RemoteTestNG.main(RemoteTestNG.java:77)
]]>
            </full-stacktrace>
          </exception> <!-- java.lang.AssertionError -->
          <reporter-output>
          </reporter-output>
        </test-method> <!-- reordenar -->
        <test-method status="PASS" signature="afterClass()[pri:0, instance:com.timp.test.BRB.ReordenarColuna@341b80b2]" name="afterClass" is-config="true" duration-ms="0" started-at="2020-07-21T15:46:07Z" finished-at="2020-07-21T15:46:07Z">
          <reporter-output>
          </reporter-output>
        </test-method> <!-- afterClass -->
      </class> <!-- com.timp.test.BRB.ReordenarColuna -->
    </test> <!-- Default test -->
  </suite> <!-- Default suite -->
</testng-results>
