<?xml version="1.0" encoding="UTF-8"?>
<testng-results skipped="0" failed="0" total="3" passed="3">
  <reporter-output>
  </reporter-output>
  <suite name="Default suite" duration-ms="63154" started-at="2020-11-18T17:05:44Z" finished-at="2020-11-18T17:06:47Z">
    <groups>
    </groups>
    <test name="Default test" duration-ms="63154" started-at="2020-11-18T17:05:44Z" finished-at="2020-11-18T17:06:47Z">
      <class name="com.timp.test.MDR.ICMSSTTransporte.ICMSSTTransporteFiltroID">
        <test-method status="PASS" signature="beforeClass()[pri:0, instance:com.timp.test.MDR.ICMSSTTransporte.ICMSSTTransporteFiltroID@f2f2cc1]" name="beforeClass" is-config="true" duration-ms="13443" started-at="2020-11-18T11:05:44Z" finished-at="2020-11-18T11:05:57Z">
          <reporter-output>
          </reporter-output>
        </test-method> <!-- beforeClass -->
        <test-method status="PASS" signature="login()[pri:0, instance:com.timp.test.MDR.ICMSSTTransporte.ICMSSTTransporteFiltroID@f2f2cc1]" name="login" duration-ms="7207" started-at="2020-11-18T11:05:57Z" finished-at="2020-11-18T11:06:04Z">
          <reporter-output>
          </reporter-output>
        </test-method> <!-- login -->
        <test-method status="PASS" signature="acessarMDR()[pri:0, instance:com.timp.test.MDR.ICMSSTTransporte.ICMSSTTransporteFiltroID@f2f2cc1]" name="acessarMDR" duration-ms="26117" started-at="2020-11-18T11:06:04Z" finished-at="2020-11-18T11:06:30Z">
          <reporter-output>
          </reporter-output>
        </test-method> <!-- acessarMDR -->
        <test-method status="PASS" signature="filtro()[pri:0, instance:com.timp.test.MDR.ICMSSTTransporte.ICMSSTTransporteFiltroID@f2f2cc1]" name="filtro" duration-ms="11948" started-at="2020-11-18T11:06:30Z" finished-at="2020-11-18T11:06:42Z">
          <reporter-output>
          </reporter-output>
        </test-method> <!-- filtro -->
        <test-method status="PASS" signature="afterClass()[pri:0, instance:com.timp.test.MDR.ICMSSTTransporte.ICMSSTTransporteFiltroID@f2f2cc1]" name="afterClass" is-config="true" duration-ms="4416" started-at="2020-11-18T11:06:42Z" finished-at="2020-11-18T11:06:47Z">
          <reporter-output>
          </reporter-output>
        </test-method> <!-- afterClass -->
      </class> <!-- com.timp.test.MDR.ICMSSTTransporte.ICMSSTTransporteFiltroID -->
    </test> <!-- Default test -->
  </suite> <!-- Default suite -->
</testng-results>
