<?xml version="1.0" encoding="UTF-8"?>
<testng-results skipped="0" failed="0" total="3" passed="3">
  <reporter-output>
  </reporter-output>
  <suite name="Default suite" duration-ms="87782" started-at="2020-10-12T00:56:47Z" finished-at="2020-10-12T00:58:15Z">
    <groups>
    </groups>
    <test name="Default test" duration-ms="87782" started-at="2020-10-12T00:56:47Z" finished-at="2020-10-12T00:58:15Z">
      <class name="com.timp.test.MDR.TabelaApoioECD.CodigoFatosContabeis">
        <test-method status="PASS" signature="beforeClass()[pri:0, instance:com.timp.test.MDR.TabelaApoioECD.CodigoFatosContabeis@3a079870]" name="beforeClass" is-config="true" duration-ms="12868" started-at="2020-10-11T18:56:47Z" finished-at="2020-10-11T18:57:00Z">
          <reporter-output>
          </reporter-output>
        </test-method> <!-- beforeClass -->
        <test-method status="PASS" signature="ingresar()[pri:0, instance:com.timp.test.MDR.TabelaApoioECD.CodigoFatosContabeis@3a079870]" name="ingresar" duration-ms="7057" started-at="2020-10-11T18:57:00Z" finished-at="2020-10-11T18:57:07Z">
          <reporter-output>
          </reporter-output>
        </test-method> <!-- ingresar -->
        <test-method status="PASS" signature="mdrEntrar()[pri:0, instance:com.timp.test.MDR.TabelaApoioECD.CodigoFatosContabeis@3a079870]" name="mdrEntrar" duration-ms="9535" started-at="2020-10-11T18:57:07Z" finished-at="2020-10-11T18:57:17Z">
          <reporter-output>
          </reporter-output>
        </test-method> <!-- mdrEntrar -->
        <test-method status="PASS" signature="criar()[pri:0, instance:com.timp.test.MDR.TabelaApoioECD.CodigoFatosContabeis@3a079870]" name="criar" duration-ms="58308" started-at="2020-10-11T18:57:17Z" finished-at="2020-10-11T18:58:15Z">
          <reporter-output>
          </reporter-output>
        </test-method> <!-- criar -->
        <test-method status="PASS" signature="afterClass()[pri:0, instance:com.timp.test.MDR.TabelaApoioECD.CodigoFatosContabeis@3a079870]" name="afterClass" is-config="true" duration-ms="0" started-at="2020-10-11T18:58:15Z" finished-at="2020-10-11T18:58:15Z">
          <reporter-output>
          </reporter-output>
        </test-method> <!-- afterClass -->
      </class> <!-- com.timp.test.MDR.TabelaApoioECD.CodigoFatosContabeis -->
    </test> <!-- Default test -->
  </suite> <!-- Default suite -->
</testng-results>
