<?xml version="1.0" encoding="UTF-8"?>
<testng-results skipped="0" failed="0" total="4" passed="4">
  <reporter-output>
  </reporter-output>
  <suite name="Default suite" duration-ms="197844" started-at="2020-09-30T20:20:40Z" finished-at="2020-09-30T20:23:58Z">
    <groups>
    </groups>
    <test name="Default test" duration-ms="197844" started-at="2020-09-30T20:20:40Z" finished-at="2020-09-30T20:23:58Z">
      <class name="com.timp.test.BRB.Eliminar">
        <test-method status="PASS" signature="beforeClass()[pri:0, instance:com.timp.test.BRB.Eliminar@f2f2cc1]" name="beforeClass" is-config="true" duration-ms="12874" started-at="2020-09-30T14:20:40Z" finished-at="2020-09-30T14:20:53Z">
          <reporter-output>
          </reporter-output>
        </test-method> <!-- beforeClass -->
        <test-method status="PASS" signature="login()[pri:0, instance:com.timp.test.BRB.Eliminar@f2f2cc1]" name="login" duration-ms="15776" started-at="2020-09-30T14:20:53Z" finished-at="2020-09-30T14:21:09Z">
          <reporter-output>
          </reporter-output>
        </test-method> <!-- login -->
        <test-method status="PASS" signature="brbEntrar()[pri:0, instance:com.timp.test.BRB.Eliminar@f2f2cc1]" name="brbEntrar" duration-ms="37379" started-at="2020-09-30T14:21:09Z" finished-at="2020-09-30T14:21:46Z">
          <reporter-output>
          </reporter-output>
        </test-method> <!-- brbEntrar -->
        <test-method status="PASS" signature="eliminar()[pri:0, instance:com.timp.test.BRB.Eliminar@f2f2cc1]" name="eliminar" duration-ms="61583" started-at="2020-09-30T14:21:46Z" finished-at="2020-09-30T14:22:48Z">
          <reporter-output>
          </reporter-output>
        </test-method> <!-- eliminar -->
        <test-method status="PASS" signature="eliminarLixeira()[pri:0, instance:com.timp.test.BRB.Eliminar@f2f2cc1]" name="eliminarLixeira" duration-ms="65899" started-at="2020-09-30T14:22:48Z" finished-at="2020-09-30T14:23:54Z">
          <reporter-output>
          </reporter-output>
        </test-method> <!-- eliminarLixeira -->
        <test-method status="PASS" signature="afterClass()[pri:0, instance:com.timp.test.BRB.Eliminar@f2f2cc1]" name="afterClass" is-config="true" duration-ms="4318" started-at="2020-09-30T14:23:54Z" finished-at="2020-09-30T14:23:58Z">
          <reporter-output>
          </reporter-output>
        </test-method> <!-- afterClass -->
      </class> <!-- com.timp.test.BRB.Eliminar -->
    </test> <!-- Default test -->
  </suite> <!-- Default suite -->
</testng-results>
