<?xml version="1.0" encoding="UTF-8"?>
<testng-results skipped="0" failed="0" total="3" passed="3">
  <reporter-output>
  </reporter-output>
  <suite name="Default suite" duration-ms="106912" started-at="2020-11-26T20:50:38Z" finished-at="2020-11-26T20:52:25Z">
    <groups>
    </groups>
    <test name="Default test" duration-ms="106912" started-at="2020-11-26T20:50:38Z" finished-at="2020-11-26T20:52:25Z">
      <class name="com.timp.test.BRE.RegrasDeMensagens.Edicao.RegrasDeMensagensSimular">
        <test-method status="PASS" signature="beforeClass()[pri:0, instance:com.timp.test.BRE.RegrasDeMensagens.Edicao.RegrasDeMensagensSimular@3a079870]" name="beforeClass" is-config="true" duration-ms="25918" started-at="2020-11-26T14:50:38Z" finished-at="2020-11-26T14:51:04Z">
          <reporter-output>
          </reporter-output>
        </test-method> <!-- beforeClass -->
        <test-method status="PASS" signature="login()[pri:0, instance:com.timp.test.BRE.RegrasDeMensagens.Edicao.RegrasDeMensagensSimular@3a079870]" name="login" duration-ms="7521" started-at="2020-11-26T14:51:04Z" finished-at="2020-11-26T14:51:11Z">
          <reporter-output>
          </reporter-output>
        </test-method> <!-- login -->
        <test-method status="PASS" signature="acessarBRE()[pri:0, instance:com.timp.test.BRE.RegrasDeMensagens.Edicao.RegrasDeMensagensSimular@3a079870]" name="acessarBRE" duration-ms="17821" started-at="2020-11-26T14:51:11Z" finished-at="2020-11-26T14:51:29Z">
          <reporter-output>
          </reporter-output>
        </test-method> <!-- acessarBRE -->
        <test-method status="PASS" signature="editar()[pri:0, instance:com.timp.test.BRE.RegrasDeMensagens.Edicao.RegrasDeMensagensSimular@3a079870]" name="editar" duration-ms="55630" started-at="2020-11-26T14:51:29Z" finished-at="2020-11-26T14:52:25Z">
          <reporter-output>
          </reporter-output>
        </test-method> <!-- editar -->
        <test-method status="PASS" signature="afterClass()[pri:0, instance:com.timp.test.BRE.RegrasDeMensagens.Edicao.RegrasDeMensagensSimular@3a079870]" name="afterClass" is-config="true" duration-ms="1" started-at="2020-11-26T14:52:25Z" finished-at="2020-11-26T14:52:25Z">
          <reporter-output>
          </reporter-output>
        </test-method> <!-- afterClass -->
      </class> <!-- com.timp.test.BRE.RegrasDeMensagens.Edicao.RegrasDeMensagensSimular -->
    </test> <!-- Default test -->
  </suite> <!-- Default suite -->
</testng-results>
