<?xml version="1.0" encoding="UTF-8"?>
<testng-results total="3" passed="3" failed="0" skipped="0">
  <reporter-output>
  </reporter-output>
  <suite started-at="2020-10-30T05:28:46Z" name="Default suite" finished-at="2020-10-30T05:30:27Z" duration-ms="100644">
    <groups>
    </groups>
    <test started-at="2020-10-30T05:28:46Z" name="Default test" finished-at="2020-10-30T05:30:27Z" duration-ms="100644">
      <class name="com.timp.test.MDR.DeterminacaoRelevanciaTarefaMotivoReabertura.RegraDeReabertura.RegraDeReaberturaDetalle">
        <test-method is-config="true" signature="beforeClass()[pri:0, instance:com.timp.test.MDR.DeterminacaoRelevanciaTarefaMotivoReabertura.RegraDeReabertura.RegraDeReaberturaDetalle@2a7f1f10]" started-at="2020-10-29T23:28:46Z" name="beforeClass" finished-at="2020-10-29T23:29:15Z" duration-ms="28974" status="PASS">
          <reporter-output>
          </reporter-output>
        </test-method> <!-- beforeClass -->
        <test-method signature="ingresar()[pri:0, instance:com.timp.test.MDR.DeterminacaoRelevanciaTarefaMotivoReabertura.RegraDeReabertura.RegraDeReaberturaDetalle@2a7f1f10]" started-at="2020-10-29T23:29:15Z" name="ingresar" finished-at="2020-10-29T23:29:23Z" duration-ms="7622" status="PASS">
          <reporter-output>
          </reporter-output>
        </test-method> <!-- ingresar -->
        <test-method signature="ingresarMDR()[pri:0, instance:com.timp.test.MDR.DeterminacaoRelevanciaTarefaMotivoReabertura.RegraDeReabertura.RegraDeReaberturaDetalle@2a7f1f10]" started-at="2020-10-29T23:29:23Z" name="ingresarMDR" finished-at="2020-10-29T23:29:47Z" duration-ms="23869" status="PASS">
          <reporter-output>
          </reporter-output>
        </test-method> <!-- ingresarMDR -->
        <test-method signature="detalle()[pri:0, instance:com.timp.test.MDR.DeterminacaoRelevanciaTarefaMotivoReabertura.RegraDeReabertura.RegraDeReaberturaDetalle@2a7f1f10]" started-at="2020-10-29T23:29:47Z" name="detalle" finished-at="2020-10-29T23:30:27Z" duration-ms="40158" status="PASS">
          <reporter-output>
          </reporter-output>
        </test-method> <!-- detalle -->
        <test-method is-config="true" signature="afterClass()[pri:0, instance:com.timp.test.MDR.DeterminacaoRelevanciaTarefaMotivoReabertura.RegraDeReabertura.RegraDeReaberturaDetalle@2a7f1f10]" started-at="2020-10-29T23:30:27Z" name="afterClass" finished-at="2020-10-29T23:30:27Z" duration-ms="1" status="PASS">
          <reporter-output>
          </reporter-output>
        </test-method> <!-- afterClass -->
      </class> <!-- com.timp.test.MDR.DeterminacaoRelevanciaTarefaMotivoReabertura.RegraDeReabertura.RegraDeReaberturaDetalle -->
    </test> <!-- Default test -->
  </suite> <!-- Default suite -->
</testng-results>
