<?xml version="1.0" encoding="UTF-8"?>
<testng-results total="3" passed="3" failed="0" skipped="0">
  <reporter-output>
  </reporter-output>
  <suite started-at="2020-12-23T17:09:18Z" name="Default suite" finished-at="2020-12-23T17:11:15Z" duration-ms="117326">
    <groups>
    </groups>
    <test started-at="2020-12-23T17:09:18Z" name="Default test" finished-at="2020-12-23T17:11:15Z" duration-ms="117326">
      <class name="com.timp.test.SCANC.RelatoriosRefineriaGerados.RRGConfiguracaoDeAjusteExcluir">
        <test-method is-config="true" signature="beforeClass()[pri:0, instance:com.timp.test.SCANC.RelatoriosRefineriaGerados.RRGConfiguracaoDeAjusteExcluir@6bf08014]" started-at="2020-12-23T11:09:18Z" name="beforeClass" finished-at="2020-12-23T11:09:29Z" duration-ms="11037" status="PASS">
          <reporter-output>
          </reporter-output>
        </test-method> <!-- beforeClass -->
        <test-method signature="ingresar()[pri:0, instance:com.timp.test.SCANC.RelatoriosRefineriaGerados.RRGConfiguracaoDeAjusteExcluir@6bf08014]" started-at="2020-12-23T11:09:29Z" name="ingresar" finished-at="2020-12-23T11:09:38Z" duration-ms="8887" status="PASS">
          <reporter-output>
          </reporter-output>
        </test-method> <!-- ingresar -->
        <test-method signature="scancEntrar()[pri:0, instance:com.timp.test.SCANC.RelatoriosRefineriaGerados.RRGConfiguracaoDeAjusteExcluir@6bf08014]" started-at="2020-12-23T11:09:38Z" name="scancEntrar" finished-at="2020-12-23T11:10:05Z" duration-ms="26928" status="PASS">
          <reporter-output>
          </reporter-output>
        </test-method> <!-- scancEntrar -->
        <test-method signature="excluir()[pri:0, instance:com.timp.test.SCANC.RelatoriosRefineriaGerados.RRGConfiguracaoDeAjusteExcluir@6bf08014]" started-at="2020-12-23T11:10:05Z" name="excluir" finished-at="2020-12-23T11:11:11Z" duration-ms="66081" status="PASS">
          <reporter-output>
          </reporter-output>
        </test-method> <!-- excluir -->
        <test-method is-config="true" signature="afterClass()[pri:0, instance:com.timp.test.SCANC.RelatoriosRefineriaGerados.RRGConfiguracaoDeAjusteExcluir@6bf08014]" started-at="2020-12-23T11:11:11Z" name="afterClass" finished-at="2020-12-23T11:11:15Z" duration-ms="4355" status="PASS">
          <reporter-output>
          </reporter-output>
        </test-method> <!-- afterClass -->
      </class> <!-- com.timp.test.SCANC.RelatoriosRefineriaGerados.RRGConfiguracaoDeAjusteExcluir -->
    </test> <!-- Default test -->
  </suite> <!-- Default suite -->
</testng-results>
