<?xml version="1.0" encoding="UTF-8"?>
<testng-results skipped="0" failed="0" total="3" passed="3">
  <reporter-output>
  </reporter-output>
  <suite name="Default suite" duration-ms="133532" started-at="2020-07-29T21:31:06Z" finished-at="2020-07-29T21:33:20Z">
    <groups>
    </groups>
    <test name="Default test" duration-ms="133532" started-at="2020-07-29T21:31:06Z" finished-at="2020-07-29T21:33:20Z">
      <class name="com.timp.test.MDR.CadastroCondiçao.CadastroCondicaoEditar">
        <test-method status="PASS" signature="beforeClass()[pri:0, instance:com.timp.test.MDR.CadastroCondiçao.CadastroCondicaoEditar@8e0379d]" name="beforeClass" is-config="true" duration-ms="16338" started-at="2020-07-29T18:31:06Z" finished-at="2020-07-29T18:31:22Z">
          <reporter-output>
          </reporter-output>
        </test-method> <!-- beforeClass -->
        <test-method status="PASS" signature="login()[pri:0, instance:com.timp.test.MDR.CadastroCondiçao.CadastroCondicaoEditar@8e0379d]" name="login" duration-ms="10423" started-at="2020-07-29T18:31:22Z" finished-at="2020-07-29T18:31:33Z">
          <reporter-output>
          </reporter-output>
        </test-method> <!-- login -->
        <test-method status="PASS" signature="acessarMDR()[pri:0, instance:com.timp.test.MDR.CadastroCondiçao.CadastroCondicaoEditar@8e0379d]" name="acessarMDR" duration-ms="28598" started-at="2020-07-29T18:31:33Z" finished-at="2020-07-29T18:32:01Z">
          <reporter-output>
          </reporter-output>
        </test-method> <!-- acessarMDR -->
        <test-method status="PASS" signature="criar()[pri:0, instance:com.timp.test.MDR.CadastroCondiçao.CadastroCondicaoEditar@8e0379d]" name="criar" duration-ms="78137" started-at="2020-07-29T18:32:01Z" finished-at="2020-07-29T18:33:20Z">
          <reporter-output>
          </reporter-output>
        </test-method> <!-- criar -->
      </class> <!-- com.timp.test.MDR.CadastroCondiçao.CadastroCondicaoEditar -->
    </test> <!-- Default test -->
  </suite> <!-- Default suite -->
</testng-results>
