<?xml version="1.0" encoding="UTF-8"?>
<testng-results total="3" passed="3" failed="0" skipped="0">
  <reporter-output>
  </reporter-output>
  <suite started-at="2020-07-31T07:20:10Z" name="Default suite" finished-at="2020-07-31T07:22:05Z" duration-ms="115415">
    <groups>
    </groups>
    <test started-at="2020-07-31T07:20:10Z" name="Default test" finished-at="2020-07-31T07:22:05Z" duration-ms="115415">
      <class name="com.timp.test.MDR.CenariosCorrecao.CenariosCorrecaoVisualizar">
        <test-method is-config="true" signature="beforeClass()[pri:0, instance:com.timp.test.MDR.CenariosCorrecao.CenariosCorrecaoVisualizar@4c1909a3]" started-at="2020-07-31T01:20:10Z" name="beforeClass" finished-at="2020-07-31T01:20:25Z" duration-ms="14507" status="PASS">
          <reporter-output>
          </reporter-output>
        </test-method> <!-- beforeClass -->
        <test-method signature="login()[pri:0, instance:com.timp.test.MDR.CenariosCorrecao.CenariosCorrecaoVisualizar@4c1909a3]" started-at="2020-07-31T01:20:25Z" name="login" finished-at="2020-07-31T01:20:33Z" duration-ms="8859" status="PASS">
          <reporter-output>
          </reporter-output>
        </test-method> <!-- login -->
        <test-method signature="acessarMDR()[pri:0, instance:com.timp.test.MDR.CenariosCorrecao.CenariosCorrecaoVisualizar@4c1909a3]" started-at="2020-07-31T01:20:33Z" name="acessarMDR" finished-at="2020-07-31T01:21:08Z" duration-ms="34502" status="PASS">
          <reporter-output>
          </reporter-output>
        </test-method> <!-- acessarMDR -->
        <test-method signature="cenariosCorrecaoVisualizar()[pri:0, instance:com.timp.test.MDR.CenariosCorrecao.CenariosCorrecaoVisualizar@4c1909a3]" started-at="2020-07-31T01:21:08Z" name="cenariosCorrecaoVisualizar" finished-at="2020-07-31T01:22:05Z" duration-ms="57488" status="PASS">
          <reporter-output>
          </reporter-output>
        </test-method> <!-- cenariosCorrecaoVisualizar -->
        <test-method is-config="true" signature="afterClass()[pri:0, instance:com.timp.test.MDR.CenariosCorrecao.CenariosCorrecaoVisualizar@4c1909a3]" started-at="2020-07-31T01:22:05Z" name="afterClass" finished-at="2020-07-31T01:22:05Z" duration-ms="1" status="PASS">
          <reporter-output>
          </reporter-output>
        </test-method> <!-- afterClass -->
      </class> <!-- com.timp.test.MDR.CenariosCorrecao.CenariosCorrecaoVisualizar -->
    </test> <!-- Default test -->
  </suite> <!-- Default suite -->
</testng-results>
