<?xml version="1.0" encoding="UTF-8"?>
<testng-results skipped="0" failed="0" total="3" passed="3">
  <reporter-output>
  </reporter-output>
  <suite name="Default suite" duration-ms="160172" started-at="2021-01-20T00:05:52Z" finished-at="2021-01-20T00:08:32Z">
    <groups>
    </groups>
    <test name="Default test" duration-ms="160172" started-at="2021-01-20T00:05:52Z" finished-at="2021-01-20T00:08:32Z">
      <class name="com.timp.test.BRB.ValidacaoEstruturas.SaldoContabilNewGLECC">
        <test-method status="PASS" signature="beforeClass()[pri:0, instance:com.timp.test.BRB.ValidacaoEstruturas.SaldoContabilNewGLECC@436a4e4b]" name="beforeClass" is-config="true" duration-ms="13031" started-at="2021-01-19T18:05:52Z" finished-at="2021-01-19T18:06:05Z">
          <reporter-output>
          </reporter-output>
        </test-method> <!-- beforeClass -->
        <test-method status="PASS" signature="login()[pri:0, instance:com.timp.test.BRB.ValidacaoEstruturas.SaldoContabilNewGLECC@436a4e4b]" name="login" duration-ms="17304" started-at="2021-01-19T18:06:05Z" finished-at="2021-01-19T18:06:22Z">
          <reporter-output>
          </reporter-output>
        </test-method> <!-- login -->
        <test-method status="PASS" signature="brbEntrar()[pri:0, instance:com.timp.test.BRB.ValidacaoEstruturas.SaldoContabilNewGLECC@436a4e4b]" name="brbEntrar" duration-ms="42564" started-at="2021-01-19T18:06:22Z" finished-at="2021-01-19T18:07:05Z">
          <reporter-output>
          </reporter-output>
        </test-method> <!-- brbEntrar -->
        <test-method status="PASS" signature="verificar()[pri:0, instance:com.timp.test.BRB.ValidacaoEstruturas.SaldoContabilNewGLECC@436a4e4b]" name="verificar" duration-ms="87260" started-at="2021-01-19T18:07:05Z" finished-at="2021-01-19T18:08:32Z">
          <reporter-output>
          </reporter-output>
        </test-method> <!-- verificar -->
      </class> <!-- com.timp.test.BRB.ValidacaoEstruturas.SaldoContabilNewGLECC -->
    </test> <!-- Default test -->
  </suite> <!-- Default suite -->
</testng-results>
