<?xml version="1.0" encoding="UTF-8"?>
<testng-results skipped="0" failed="0" total="3" passed="3">
  <reporter-output>
  </reporter-output>
  <suite name="Default suite" duration-ms="100833" started-at="2020-09-21T20:25:54Z" finished-at="2020-09-21T20:27:34Z">
    <groups>
    </groups>
    <test name="Default test" duration-ms="100833" started-at="2020-09-21T20:25:54Z" finished-at="2020-09-21T20:27:34Z">
      <class name="com.timp.test.BRB.ReordenarColuna">
        <test-method status="PASS" signature="beforeClass()[pri:0, instance:com.timp.test.BRB.ReordenarColuna@f2f2cc1]" name="beforeClass" is-config="true" duration-ms="12538" started-at="2020-09-21T14:25:54Z" finished-at="2020-09-21T14:26:06Z">
          <reporter-output>
          </reporter-output>
        </test-method> <!-- beforeClass -->
        <test-method status="PASS" signature="login()[pri:0, instance:com.timp.test.BRB.ReordenarColuna@f2f2cc1]" name="login" duration-ms="9934" started-at="2020-09-21T14:26:06Z" finished-at="2020-09-21T14:26:16Z">
          <reporter-output>
          </reporter-output>
        </test-method> <!-- login -->
        <test-method status="PASS" signature="brbEntrar()[pri:0, instance:com.timp.test.BRB.ReordenarColuna@f2f2cc1]" name="brbEntrar" duration-ms="25060" started-at="2020-09-21T14:26:16Z" finished-at="2020-09-21T14:26:41Z">
          <reporter-output>
          </reporter-output>
        </test-method> <!-- brbEntrar -->
        <test-method status="PASS" signature="reordenar()[pri:0, instance:com.timp.test.BRB.ReordenarColuna@f2f2cc1]" name="reordenar" duration-ms="53292" started-at="2020-09-21T14:26:41Z" finished-at="2020-09-21T14:27:34Z">
          <reporter-output>
          </reporter-output>
        </test-method> <!-- reordenar -->
        <test-method status="PASS" signature="afterClass()[pri:0, instance:com.timp.test.BRB.ReordenarColuna@f2f2cc1]" name="afterClass" is-config="true" duration-ms="1" started-at="2020-09-21T14:27:34Z" finished-at="2020-09-21T14:27:34Z">
          <reporter-output>
          </reporter-output>
        </test-method> <!-- afterClass -->
      </class> <!-- com.timp.test.BRB.ReordenarColuna -->
    </test> <!-- Default test -->
  </suite> <!-- Default suite -->
</testng-results>
