<?xml version="1.0" encoding="UTF-8"?>
<testng-results ignored="0" total="1" passed="1" failed="0" skipped="0">
  <reporter-output>
  </reporter-output>
  <suite started-at="2022-07-04T07:55:30 CST" name="Default suite" finished-at="2022-07-04T08:01:16 CST" duration-ms="346224">
    <groups>
    </groups>
    <test started-at="2022-07-04T07:55:30 CST" name="Default test" finished-at="2022-07-04T08:01:16 CST" duration-ms="346224">
      <class name="com.timp.test.BRE.RegrasDeEscrituração.ParametrosGerais.RegrasDeEscrituracaoLixeiraEmMassaMaisExcluirEmMassa">
        <test-method is-config="true" signature="beforeClass()[pri:0, instance:com.timp.test.BRE.RegrasDeEscrituração.ParametrosGerais.RegrasDeEscrituracaoLixeiraEmMassaMaisExcluirEmMassa@54a7079e]" started-at="2022-07-04T07:55:30 CST" name="beforeClass" finished-at="2022-07-04T07:55:42 CST" duration-ms="11903" status="PASS">
          <reporter-output>
          </reporter-output>
        </test-method> <!-- beforeClass -->
        <test-method signature="lixeiraEmMassaMaisExcluirEmMassa()[pri:0, instance:com.timp.test.BRE.RegrasDeEscrituração.ParametrosGerais.RegrasDeEscrituracaoLixeiraEmMassaMaisExcluirEmMassa@54a7079e]" started-at="2022-07-04T07:55:42 CST" name="lixeiraEmMassaMaisExcluirEmMassa" finished-at="2022-07-04T08:01:12 CST" duration-ms="329794" status="PASS">
          <reporter-output>
          </reporter-output>
        </test-method> <!-- lixeiraEmMassaMaisExcluirEmMassa -->
        <test-method is-config="true" signature="afterClass()[pri:0, instance:com.timp.test.BRE.RegrasDeEscrituração.ParametrosGerais.RegrasDeEscrituracaoLixeiraEmMassaMaisExcluirEmMassa@54a7079e]" started-at="2022-07-04T08:01:12 CST" name="afterClass" finished-at="2022-07-04T08:01:16 CST" duration-ms="4489" status="PASS">
          <reporter-output>
          </reporter-output>
        </test-method> <!-- afterClass -->
      </class> <!-- com.timp.test.BRE.RegrasDeEscrituração.ParametrosGerais.RegrasDeEscrituracaoLixeiraEmMassaMaisExcluirEmMassa -->
    </test> <!-- Default test -->
  </suite> <!-- Default suite -->
</testng-results>
