<?xml version="1.0" encoding="UTF-8"?>
<testng-results ignored="0" total="1" passed="1" failed="0" skipped="0">
  <reporter-output>
  </reporter-output>
  <suite started-at="2022-01-02T22:24:17Z" name="Default suite" finished-at="2022-01-02T22:31:47Z" duration-ms="449662">
    <groups>
    </groups>
    <test started-at="2022-01-02T22:24:17Z" name="Default test" finished-at="2022-01-02T22:31:47Z" duration-ms="449662">
      <class name="com.timp.test.MDR.CadastrosIRPJCSLL.TabelaDeApoioECF.TabelaDeApoioECFVisualizar">
        <test-method is-config="true" signature="beforeClass()[pri:0, instance:com.timp.test.MDR.CadastrosIRPJCSLL.TabelaDeApoioECF.TabelaDeApoioECFVisualizar@481ba2cf]" started-at="2022-01-02T22:24:17Z" name="beforeClass" finished-at="2022-01-02T22:26:02Z" duration-ms="104236" status="PASS">
          <reporter-output>
          </reporter-output>
        </test-method> <!-- beforeClass -->
        <test-method signature="Visualizar()[pri:0, instance:com.timp.test.MDR.CadastrosIRPJCSLL.TabelaDeApoioECF.TabelaDeApoioECFVisualizar@481ba2cf]" started-at="2022-01-02T22:26:02Z" name="Visualizar" finished-at="2022-01-02T22:31:47Z" duration-ms="345400" status="PASS">
          <reporter-output>
          </reporter-output>
        </test-method> <!-- Visualizar -->
        <test-method is-config="true" signature="afterClass()[pri:0, instance:com.timp.test.MDR.CadastrosIRPJCSLL.TabelaDeApoioECF.TabelaDeApoioECFVisualizar@481ba2cf]" started-at="2022-01-02T22:31:47Z" name="afterClass" finished-at="2022-01-02T22:31:47Z" duration-ms="0" status="PASS">
          <reporter-output>
          </reporter-output>
        </test-method> <!-- afterClass -->
      </class> <!-- com.timp.test.MDR.CadastrosIRPJCSLL.TabelaDeApoioECF.TabelaDeApoioECFVisualizar -->
    </test> <!-- Default test -->
  </suite> <!-- Default suite -->
</testng-results>
