<?xml version="1.0" encoding="UTF-8"?>
<testng-results skipped="0" failed="0" total="3" passed="3">
  <reporter-output>
  </reporter-output>
  <suite name="Default suite" duration-ms="41753" started-at="2020-07-23T23:11:02Z" finished-at="2020-07-23T23:11:44Z">
    <groups>
    </groups>
    <test name="Default test" duration-ms="41753" started-at="2020-07-23T23:11:02Z" finished-at="2020-07-23T23:11:44Z">
      <class name="com.timp.test.MDR.Centralizacao.EstornoCreditoFiltros">
        <test-method status="PASS" signature="beforeClass()[pri:0, instance:com.timp.test.MDR.Centralizacao.EstornoCreditoFiltros@8e0379d]" name="beforeClass" is-config="true" duration-ms="16167" started-at="2020-07-23T20:11:02Z" finished-at="2020-07-23T20:11:18Z">
          <reporter-output>
          </reporter-output>
        </test-method> <!-- beforeClass -->
        <test-method status="PASS" signature="login()[pri:0, instance:com.timp.test.MDR.Centralizacao.EstornoCreditoFiltros@8e0379d]" name="login" duration-ms="9376" started-at="2020-07-23T20:11:18Z" finished-at="2020-07-23T20:11:28Z">
          <reporter-output>
          </reporter-output>
        </test-method> <!-- login -->
        <test-method status="PASS" signature="acessarMDR()[pri:0, instance:com.timp.test.MDR.Centralizacao.EstornoCreditoFiltros@8e0379d]" name="acessarMDR" duration-ms="10484" started-at="2020-07-23T20:11:28Z" finished-at="2020-07-23T20:11:38Z">
          <reporter-output>
          </reporter-output>
        </test-method> <!-- acessarMDR -->
        <test-method status="PASS" signature="filtro()[pri:0, instance:com.timp.test.MDR.Centralizacao.EstornoCreditoFiltros@8e0379d]" name="filtro" duration-ms="5689" started-at="2020-07-23T20:11:38Z" finished-at="2020-07-23T20:11:44Z">
          <reporter-output>
          </reporter-output>
        </test-method> <!-- filtro -->
      </class> <!-- com.timp.test.MDR.Centralizacao.EstornoCreditoFiltros -->
    </test> <!-- Default test -->
  </suite> <!-- Default suite -->
</testng-results>
