<?xml version="1.0" encoding="UTF-8"?>
<testng-results ignored="0" total="1" passed="1" failed="0" skipped="0">
  <reporter-output>
  </reporter-output>
  <suite started-at="2021-04-27T21:12:03Z" name="Default suite" finished-at="2021-04-27T21:14:15Z" duration-ms="132022">
    <groups>
    </groups>
    <test started-at="2021-04-27T21:12:03Z" name="Default test" finished-at="2021-04-27T21:14:15Z" duration-ms="132022">
      <class name="com.timp.test.TCC.GestaoDeCreditoTributarioPISCONFINS.GestaoDeCreditoTributarioPIS.ConfiguracaoEExecucao.Registro1300.Registro1300Excluir">
        <test-method is-config="true" signature="beforeClass()[pri:0, instance:com.timp.test.TCC.GestaoDeCreditoTributarioPISCONFINS.GestaoDeCreditoTributarioPIS.ConfiguracaoEExecucao.Registro1300.Registro1300Excluir@5afa3c9]" started-at="2021-04-27T21:12:03Z" name="beforeClass" finished-at="2021-04-27T21:12:16Z" duration-ms="13486" status="PASS">
          <reporter-output>
          </reporter-output>
        </test-method> <!-- beforeClass -->
        <test-method signature="excluir()[pri:0, instance:com.timp.test.TCC.GestaoDeCreditoTributarioPISCONFINS.GestaoDeCreditoTributarioPIS.ConfiguracaoEExecucao.Registro1300.Registro1300Excluir@5afa3c9]" started-at="2021-04-27T21:12:16Z" name="excluir" finished-at="2021-04-27T21:14:10Z" duration-ms="114002" status="PASS">
          <reporter-output>
          </reporter-output>
        </test-method> <!-- excluir -->
        <test-method is-config="true" signature="afterClass()[pri:0, instance:com.timp.test.TCC.GestaoDeCreditoTributarioPISCONFINS.GestaoDeCreditoTributarioPIS.ConfiguracaoEExecucao.Registro1300.Registro1300Excluir@5afa3c9]" started-at="2021-04-27T21:14:10Z" name="afterClass" finished-at="2021-04-27T21:14:15Z" duration-ms="4520" status="PASS">
          <reporter-output>
          </reporter-output>
        </test-method> <!-- afterClass -->
      </class> <!-- com.timp.test.TCC.GestaoDeCreditoTributarioPISCONFINS.GestaoDeCreditoTributarioPIS.ConfiguracaoEExecucao.Registro1300.Registro1300Excluir -->
    </test> <!-- Default test -->
  </suite> <!-- Default suite -->
</testng-results>
