<?xml version="1.0" encoding="UTF-8"?>
<testng-results ignored="0" total="1" passed="1" failed="0" skipped="0">
  <reporter-output>
  </reporter-output>
  <suite started-at="2022-02-10T05:39:09Z" name="Default suite" finished-at="2022-02-10T05:41:19Z" duration-ms="130139">
    <groups>
    </groups>
    <test started-at="2022-02-10T05:39:09Z" name="Default test" finished-at="2022-02-10T05:41:19Z" duration-ms="130139">
      <class name="com.timp.test.TCC.GestaoDeCreditoTributarioPISCONFINS.GestaoDeCreditoTributarioPIS.ConfiguracaoEExecucao.Registro1101.Registro1101Excluir">
        <test-method is-config="true" signature="beforeClass()[pri:0, instance:com.timp.test.TCC.GestaoDeCreditoTributarioPISCONFINS.GestaoDeCreditoTributarioPIS.ConfiguracaoEExecucao.Registro1101.Registro1101Excluir@5b367418]" started-at="2022-02-10T05:39:09Z" name="beforeClass" finished-at="2022-02-10T05:39:30Z" duration-ms="21192" status="PASS">
          <reporter-output>
          </reporter-output>
        </test-method> <!-- beforeClass -->
        <test-method signature="Excluir()[pri:0, instance:com.timp.test.TCC.GestaoDeCreditoTributarioPISCONFINS.GestaoDeCreditoTributarioPIS.ConfiguracaoEExecucao.Registro1101.Registro1101Excluir@5b367418]" started-at="2022-02-10T05:39:30Z" name="Excluir" finished-at="2022-02-10T05:41:15Z" duration-ms="104496" status="PASS">
          <reporter-output>
          </reporter-output>
        </test-method> <!-- Excluir -->
        <test-method is-config="true" signature="afterClass()[pri:0, instance:com.timp.test.TCC.GestaoDeCreditoTributarioPISCONFINS.GestaoDeCreditoTributarioPIS.ConfiguracaoEExecucao.Registro1101.Registro1101Excluir@5b367418]" started-at="2022-02-10T05:41:15Z" name="afterClass" finished-at="2022-02-10T05:41:19Z" duration-ms="4432" status="PASS">
          <reporter-output>
          </reporter-output>
        </test-method> <!-- afterClass -->
      </class> <!-- com.timp.test.TCC.GestaoDeCreditoTributarioPISCONFINS.GestaoDeCreditoTributarioPIS.ConfiguracaoEExecucao.Registro1101.Registro1101Excluir -->
    </test> <!-- Default test -->
  </suite> <!-- Default suite -->
</testng-results>
