<?xml version="1.0" encoding="UTF-8"?>
<testng-results skipped="0" failed="0" total="3" passed="3">
  <reporter-output>
  </reporter-output>
  <suite name="Default suite" duration-ms="105732" started-at="2020-11-23T19:52:27Z" finished-at="2020-11-23T19:54:13Z">
    <groups>
    </groups>
    <test name="Default test" duration-ms="105732" started-at="2020-11-23T19:52:27Z" finished-at="2020-11-23T19:54:13Z">
      <class name="com.timp.test.DFG.Leiautes.ParametrosGeraisCriarRaizIDPúblicoPrivadoEditar">
        <test-method status="PASS" signature="beforeClass()[pri:0, instance:com.timp.test.DFG.Leiautes.ParametrosGeraisCriarRaizIDPúblicoPrivadoEditar@f2f2cc1]" name="beforeClass" is-config="true" duration-ms="26734" started-at="2020-11-23T13:52:27Z" finished-at="2020-11-23T13:52:54Z">
          <reporter-output>
          </reporter-output>
        </test-method> <!-- beforeClass -->
        <test-method status="PASS" signature="ingresar()[pri:0, instance:com.timp.test.DFG.Leiautes.ParametrosGeraisCriarRaizIDPúblicoPrivadoEditar@f2f2cc1]" name="ingresar" duration-ms="9659" started-at="2020-11-23T13:52:54Z" finished-at="2020-11-23T13:53:04Z">
          <reporter-output>
          </reporter-output>
        </test-method> <!-- ingresar -->
        <test-method status="PASS" signature="mdrEntrar()[pri:0, instance:com.timp.test.DFG.Leiautes.ParametrosGeraisCriarRaizIDPúblicoPrivadoEditar@f2f2cc1]" name="mdrEntrar" duration-ms="34788" started-at="2020-11-23T13:53:04Z" finished-at="2020-11-23T13:53:38Z">
          <reporter-output>
          </reporter-output>
        </test-method> <!-- mdrEntrar -->
        <test-method status="PASS" signature="criar()[pri:0, instance:com.timp.test.DFG.Leiautes.ParametrosGeraisCriarRaizIDPúblicoPrivadoEditar@f2f2cc1]" name="criar" duration-ms="33816" started-at="2020-11-23T13:53:39Z" finished-at="2020-11-23T13:54:13Z">
          <reporter-output>
          </reporter-output>
        </test-method> <!-- criar -->
        <test-method status="PASS" signature="afterClass()[pri:0, instance:com.timp.test.DFG.Leiautes.ParametrosGeraisCriarRaizIDPúblicoPrivadoEditar@f2f2cc1]" name="afterClass" is-config="true" duration-ms="6" started-at="2020-11-23T13:54:13Z" finished-at="2020-11-23T13:54:13Z">
          <reporter-output>
          </reporter-output>
        </test-method> <!-- afterClass -->
      </class> <!-- com.timp.test.DFG.Leiautes.ParametrosGeraisCriarRaizIDPúblicoPrivadoEditar -->
    </test> <!-- Default test -->
  </suite> <!-- Default suite -->
</testng-results>
