<?xml version="1.0" encoding="UTF-8"?>
<testng-results skipped="0" failed="0" total="3" passed="3">
  <reporter-output>
  </reporter-output>
  <suite name="Default suite" duration-ms="111930" started-at="2020-11-25T15:54:02Z" finished-at="2020-11-25T15:55:54Z">
    <groups>
    </groups>
    <test name="Default test" duration-ms="111930" started-at="2020-11-25T15:54:02Z" finished-at="2020-11-25T15:55:54Z">
      <class name="com.timp.test.DFG.Configuracoes.ConfiguracoesEditar">
        <test-method status="PASS" signature="beforeClass()[pri:0, instance:com.timp.test.DFG.Configuracoes.ConfiguracoesEditar@f2f2cc1]" name="beforeClass" is-config="true" duration-ms="15029" started-at="2020-11-25T09:54:02Z" finished-at="2020-11-25T09:54:17Z">
          <reporter-output>
          </reporter-output>
        </test-method> <!-- beforeClass -->
        <test-method status="PASS" signature="ingresar()[pri:0, instance:com.timp.test.DFG.Configuracoes.ConfiguracoesEditar@f2f2cc1]" name="ingresar" duration-ms="6240" started-at="2020-11-25T09:54:17Z" finished-at="2020-11-25T09:54:23Z">
          <reporter-output>
          </reporter-output>
        </test-method> <!-- ingresar -->
        <test-method status="PASS" signature="mdrEntrar()[pri:0, instance:com.timp.test.DFG.Configuracoes.ConfiguracoesEditar@f2f2cc1]" name="mdrEntrar" duration-ms="16734" started-at="2020-11-25T09:54:23Z" finished-at="2020-11-25T09:54:40Z">
          <reporter-output>
          </reporter-output>
        </test-method> <!-- mdrEntrar -->
        <test-method status="PASS" signature="criar()[pri:0, instance:com.timp.test.DFG.Configuracoes.ConfiguracoesEditar@f2f2cc1]" name="criar" duration-ms="73840" started-at="2020-11-25T09:54:40Z" finished-at="2020-11-25T09:55:54Z">
          <reporter-output>
          </reporter-output>
        </test-method> <!-- criar -->
        <test-method status="PASS" signature="afterClass()[pri:0, instance:com.timp.test.DFG.Configuracoes.ConfiguracoesEditar@f2f2cc1]" name="afterClass" is-config="true" duration-ms="72" started-at="2020-11-25T09:55:54Z" finished-at="2020-11-25T09:55:54Z">
          <reporter-output>
          </reporter-output>
        </test-method> <!-- afterClass -->
      </class> <!-- com.timp.test.DFG.Configuracoes.ConfiguracoesEditar -->
    </test> <!-- Default test -->
  </suite> <!-- Default suite -->
</testng-results>
