<?xml version="1.0" encoding="UTF-8"?>
<testng-results skipped="0" failed="0" total="3" passed="3">
  <reporter-output>
  </reporter-output>
  <suite name="Default suite" duration-ms="132300" started-at="2020-08-06T12:55:15Z" finished-at="2020-08-06T12:57:27Z">
    <groups>
    </groups>
    <test name="Default test" duration-ms="132300" started-at="2020-08-06T12:55:15Z" finished-at="2020-08-06T12:57:27Z">
      <class name="com.timp.test.MDR.TabelasApoioSped.CodigoTipoCredito.ObservaçoesdoDocumentoFiscalCriar">
        <test-method status="PASS" signature="beforeClass()[pri:0, instance:com.timp.test.MDR.TabelasApoioSped.CodigoTipoCredito.ObservaçoesdoDocumentoFiscalCriar@8e0379d]" name="beforeClass" is-config="true" duration-ms="15069" started-at="2020-08-06T09:55:15Z" finished-at="2020-08-06T09:55:30Z">
          <reporter-output>
          </reporter-output>
        </test-method> <!-- beforeClass -->
        <test-method status="PASS" signature="login()[pri:0, instance:com.timp.test.MDR.TabelasApoioSped.CodigoTipoCredito.ObservaçoesdoDocumentoFiscalCriar@8e0379d]" name="login" duration-ms="10606" started-at="2020-08-06T09:55:30Z" finished-at="2020-08-06T09:55:40Z">
          <reporter-output>
          </reporter-output>
        </test-method> <!-- login -->
        <test-method status="PASS" signature="acessarMDR()[pri:0, instance:com.timp.test.MDR.TabelasApoioSped.CodigoTipoCredito.ObservaçoesdoDocumentoFiscalCriar@8e0379d]" name="acessarMDR" duration-ms="36957" started-at="2020-08-06T09:55:40Z" finished-at="2020-08-06T09:56:17Z">
          <reporter-output>
          </reporter-output>
        </test-method> <!-- acessarMDR -->
        <test-method status="PASS" signature="criar()[pri:0, instance:com.timp.test.MDR.TabelasApoioSped.CodigoTipoCredito.ObservaçoesdoDocumentoFiscalCriar@8e0379d]" name="criar" duration-ms="69628" started-at="2020-08-06T09:56:17Z" finished-at="2020-08-06T09:57:27Z">
          <reporter-output>
          </reporter-output>
        </test-method> <!-- criar -->
      </class> <!-- com.timp.test.MDR.TabelasApoioSped.CodigoTipoCredito.ObservaçoesdoDocumentoFiscalCriar -->
    </test> <!-- Default test -->
  </suite> <!-- Default suite -->
</testng-results>
