<?xml version="1.0" encoding="UTF-8"?>
<testng-results total="7" passed="6" failed="1" skipped="0">
  <reporter-output>
  </reporter-output>
  <suite started-at="2021-01-18T12:46:10Z" name="Default suite" finished-at="2021-01-18T12:51:51Z" duration-ms="340674">
    <groups>
    </groups>
    <test started-at="2021-01-18T12:46:10Z" name="Default test" finished-at="2021-01-18T12:51:51Z" duration-ms="340674">
      <class name="com.timp.test.DFG.LeiautesExecução.LeiautesExecuçãoFuncionalidades">
        <test-method is-config="true" signature="beforeClass()[pri:0, instance:com.timp.test.DFG.LeiautesExecução.LeiautesExecuçãoFuncionalidades@15ca7889]" started-at="2021-01-18T09:46:10Z" name="beforeClass" finished-at="2021-01-18T09:46:27Z" duration-ms="16568" status="PASS">
          <reporter-output>
          </reporter-output>
        </test-method> <!-- beforeClass -->
        <test-method signature="ingresar()[pri:0, instance:com.timp.test.DFG.LeiautesExecução.LeiautesExecuçãoFuncionalidades@15ca7889]" started-at="2021-01-18T09:46:27Z" name="ingresar" finished-at="2021-01-18T09:46:35Z" duration-ms="8368" status="PASS">
          <reporter-output>
          </reporter-output>
        </test-method> <!-- ingresar -->
        <test-method signature="DFGEntrar()[pri:0, instance:com.timp.test.DFG.LeiautesExecução.LeiautesExecuçãoFuncionalidades@15ca7889]" started-at="2021-01-18T09:46:35Z" name="DFGEntrar" finished-at="2021-01-18T09:46:55Z" duration-ms="20030" status="PASS">
          <reporter-output>
          </reporter-output>
        </test-method> <!-- DFGEntrar -->
        <test-method signature="RaizID()[pri:0, instance:com.timp.test.DFG.LeiautesExecução.LeiautesExecuçãoFuncionalidades@15ca7889]" started-at="2021-01-18T09:46:55Z" name="RaizID" finished-at="2021-01-18T09:47:06Z" duration-ms="10446" status="PASS">
          <reporter-output>
          </reporter-output>
        </test-method> <!-- RaizID -->
        <test-method signature="CriarLeiaute()[pri:0, instance:com.timp.test.DFG.LeiautesExecução.LeiautesExecuçãoFuncionalidades@15ca7889]" started-at="2021-01-18T09:47:06Z" name="CriarLeiaute" finished-at="2021-01-18T09:49:06Z" duration-ms="120796" status="PASS">
          <reporter-output>
          </reporter-output>
        </test-method> <!-- CriarLeiaute -->
        <test-method signature="bloco()[pri:0, instance:com.timp.test.DFG.LeiautesExecução.LeiautesExecuçãoFuncionalidades@15ca7889]" started-at="2021-01-18T09:49:06Z" name="bloco" finished-at="2021-01-18T09:50:09Z" duration-ms="62189" status="PASS">
          <reporter-output>
          </reporter-output>
        </test-method> <!-- bloco -->
        <test-method signature="ListarRegistros()[pri:0, instance:com.timp.test.DFG.LeiautesExecução.LeiautesExecuçãoFuncionalidades@15ca7889]" started-at="2021-01-18T09:50:09Z" name="ListarRegistros" finished-at="2021-01-18T09:50:38Z" duration-ms="29019" status="FAIL">
          <exception class="org.openqa.selenium.JavascriptException">
            <message>
              <![CDATA[javascript error: Failed to execute 'elementsFromPoint' on 'Document': The provided double value is non-finite.
  (Session info: chrome=83.0.4103.106)
Build info: version: '3.141.59', revision: 'e82be7d358', time: '2018-11-14T08:17:03'
System info: host: 'CRISTHIAN-VASQU', ip: '192.168.254.1', os.name: 'Windows 10', os.arch: 'amd64', os.version: '10.0', java.version: '11.0.8'
Driver info: org.openqa.selenium.chrome.ChromeDriver
Capabilities {acceptInsecureCerts: false, browserName: chrome, browserVersion: 83.0.4103.106, chrome: {chromedriverVersion: 83.0.4103.39 (ccbf011cb2d2b..., userDataDir: C:\Users\CRISTH~1\AppData\L...}, goog:chromeOptions: {debuggerAddress: localhost:63777}, javascriptEnabled: true, networkConnectionEnabled: false, pageLoadStrategy: normal, platform: WINDOWS, platformName: WINDOWS, proxy: Proxy(), setWindowRect: true, strictFileInteractability: false, timeouts: {implicit: 0, pageLoad: 300000, script: 30000}, unhandledPromptBehavior: dismiss and notify, webauthn:virtualAuthenticators: true}
Session ID: e917cadd7a760877b24a332030ed6fb7]]>
            </message>
            <full-stacktrace>
              <![CDATA[org.openqa.selenium.JavascriptException: javascript error: Failed to execute 'elementsFromPoint' on 'Document': The provided double value is non-finite.
  (Session info: chrome=83.0.4103.106)
Build info: version: '3.141.59', revision: 'e82be7d358', time: '2018-11-14T08:17:03'
System info: host: 'CRISTHIAN-VASQU', ip: '192.168.254.1', os.name: 'Windows 10', os.arch: 'amd64', os.version: '10.0', java.version: '11.0.8'
Driver info: org.openqa.selenium.chrome.ChromeDriver
Capabilities {acceptInsecureCerts: false, browserName: chrome, browserVersion: 83.0.4103.106, chrome: {chromedriverVersion: 83.0.4103.39 (ccbf011cb2d2b..., userDataDir: C:\Users\CRISTH~1\AppData\L...}, goog:chromeOptions: {debuggerAddress: localhost:63777}, javascriptEnabled: true, networkConnectionEnabled: false, pageLoadStrategy: normal, platform: WINDOWS, platformName: WINDOWS, proxy: Proxy(), setWindowRect: true, strictFileInteractability: false, timeouts: {implicit: 0, pageLoad: 300000, script: 30000}, unhandledPromptBehavior: dismiss and notify, webauthn:virtualAuthenticators: true}
Session ID: e917cadd7a760877b24a332030ed6fb7
	at java.base/jdk.internal.reflect.NativeConstructorAccessorImpl.newInstance0(Native Method)
	at java.base/jdk.internal.reflect.NativeConstructorAccessorImpl.newInstance(NativeConstructorAccessorImpl.java:62)
	at java.base/jdk.internal.reflect.DelegatingConstructorAccessorImpl.newInstance(DelegatingConstructorAccessorImpl.java:45)
	at java.base/java.lang.reflect.Constructor.newInstance(Constructor.java:490)
	at org.openqa.selenium.remote.http.W3CHttpResponseCodec.createException(W3CHttpResponseCodec.java:187)
	at org.openqa.selenium.remote.http.W3CHttpResponseCodec.decode(W3CHttpResponseCodec.java:122)
	at org.openqa.selenium.remote.http.W3CHttpResponseCodec.decode(W3CHttpResponseCodec.java:49)
	at org.openqa.selenium.remote.HttpCommandExecutor.execute(HttpCommandExecutor.java:158)
	at org.openqa.selenium.remote.service.DriverCommandExecutor.execute(DriverCommandExecutor.java:83)
	at org.openqa.selenium.remote.RemoteWebDriver.execute(RemoteWebDriver.java:552)
	at org.openqa.selenium.remote.RemoteWebDriver.perform(RemoteWebDriver.java:618)
	at org.openqa.selenium.interactions.Actions$BuiltAction.perform(Actions.java:639)
	at org.openqa.selenium.interactions.Actions.perform(Actions.java:595)
	at com.sap.timp.base.TestBaseSteven.moveToElement(TestBaseSteven.java:310)
	at com.sap.timp.pageObjectModel.DFG.LeiautesExecução.LeiautesExecuçãoFuncionalidadesPO.ListarRegistros(LeiautesExecuçãoFuncionalidadesPO.java:874)
	at com.timp.test.DFG.LeiautesExecução.LeiautesExecuçãoFuncionalidades.ListarRegistros(LeiautesExecuçãoFuncionalidades.java:88)
	at java.base/jdk.internal.reflect.NativeMethodAccessorImpl.invoke0(Native Method)
	at java.base/jdk.internal.reflect.NativeMethodAccessorImpl.invoke(NativeMethodAccessorImpl.java:62)
	at java.base/jdk.internal.reflect.DelegatingMethodAccessorImpl.invoke(DelegatingMethodAccessorImpl.java:43)
	at java.base/java.lang.reflect.Method.invoke(Method.java:566)
	at org.testng.internal.MethodInvocationHelper.invokeMethod(MethodInvocationHelper.java:80)
	at org.testng.internal.Invoker.invokeMethod(Invoker.java:714)
	at org.testng.internal.Invoker.invokeTestMethod(Invoker.java:901)
	at org.testng.internal.Invoker.invokeTestMethods(Invoker.java:1231)
	at org.testng.internal.TestMethodWorker.invokeTestMethods(TestMethodWorker.java:127)
	at org.testng.internal.TestMethodWorker.run(TestMethodWorker.java:111)
	at org.testng.TestRunner.privateRun(TestRunner.java:767)
	at org.testng.TestRunner.run(TestRunner.java:617)
	at org.testng.SuiteRunner.runTest(SuiteRunner.java:334)
	at org.testng.SuiteRunner.runSequentially(SuiteRunner.java:329)
	at org.testng.SuiteRunner.privateRun(SuiteRunner.java:291)
	at org.testng.SuiteRunner.run(SuiteRunner.java:240)
	at org.testng.SuiteRunnerWorker.runSuite(SuiteRunnerWorker.java:52)
	at org.testng.SuiteRunnerWorker.run(SuiteRunnerWorker.java:86)
	at org.testng.TestNG.runSuitesSequentially(TestNG.java:1198)
	at org.testng.TestNG.runSuitesLocally(TestNG.java:1123)
	at org.testng.TestNG.run(TestNG.java:1031)
	at org.testng.remote.AbstractRemoteTestNG.run(AbstractRemoteTestNG.java:115)
	at org.testng.remote.RemoteTestNG.initAndRun(RemoteTestNG.java:251)
	at org.testng.remote.RemoteTestNG.main(RemoteTestNG.java:77)
]]>
            </full-stacktrace>
          </exception> <!-- org.openqa.selenium.JavascriptException -->
          <reporter-output>
          </reporter-output>
        </test-method> <!-- ListarRegistros -->
        <test-method signature="TotaldeLinhasAgrupadas()[pri:0, instance:com.timp.test.DFG.LeiautesExecução.LeiautesExecuçãoFuncionalidades@15ca7889]" started-at="2021-01-18T09:50:38Z" name="TotaldeLinhasAgrupadas" finished-at="2021-01-18T09:51:51Z" duration-ms="73222" status="PASS">
          <reporter-output>
          </reporter-output>
        </test-method> <!-- TotaldeLinhasAgrupadas -->
        <test-method is-config="true" signature="afterClass()[pri:0, instance:com.timp.test.DFG.LeiautesExecução.LeiautesExecuçãoFuncionalidades@15ca7889]" started-at="2021-01-18T09:51:51Z" name="afterClass" finished-at="2021-01-18T09:51:51Z" duration-ms="0" status="PASS">
          <reporter-output>
          </reporter-output>
        </test-method> <!-- afterClass -->
      </class> <!-- com.timp.test.DFG.LeiautesExecução.LeiautesExecuçãoFuncionalidades -->
    </test> <!-- Default test -->
  </suite> <!-- Default suite -->
</testng-results>
