<?xml version="1.0" encoding="UTF-8"?>
<testng-results total="3" passed="3" failed="0" skipped="0">
  <reporter-output>
  </reporter-output>
  <suite started-at="2020-11-24T13:54:08Z" name="Default suite" finished-at="2020-11-24T13:56:06Z" duration-ms="118652">
    <groups>
    </groups>
    <test started-at="2020-11-24T13:54:08Z" name="Default test" finished-at="2020-11-24T13:56:06Z" duration-ms="118652">
      <class name="com.timp.test.BRE.RegrasdeAuditoriaN2.RegrasdeAuditoriaN2LixeiraExcluirdefinitivamente">
        <test-method is-config="true" signature="beforeClass()[pri:0, instance:com.timp.test.BRE.RegrasdeAuditoriaN2.RegrasdeAuditoriaN2LixeiraExcluirdefinitivamente@4c309d4d]" started-at="2020-11-24T10:54:08Z" name="beforeClass" finished-at="2020-11-24T10:54:21Z" duration-ms="13337" status="PASS">
          <reporter-output>
          </reporter-output>
        </test-method> <!-- beforeClass -->
        <test-method signature="login()[pri:0, instance:com.timp.test.BRE.RegrasdeAuditoriaN2.RegrasdeAuditoriaN2LixeiraExcluirdefinitivamente@4c309d4d]" started-at="2020-11-24T10:54:21Z" name="login" finished-at="2020-11-24T10:54:29Z" duration-ms="7637" status="PASS">
          <reporter-output>
          </reporter-output>
        </test-method> <!-- login -->
        <test-method signature="acessarBRE()[pri:0, instance:com.timp.test.BRE.RegrasdeAuditoriaN2.RegrasdeAuditoriaN2LixeiraExcluirdefinitivamente@4c309d4d]" started-at="2020-11-24T10:54:29Z" name="acessarBRE" finished-at="2020-11-24T10:54:45Z" duration-ms="16010" status="PASS">
          <reporter-output>
          </reporter-output>
        </test-method> <!-- acessarBRE -->
        <test-method signature="lexeira()[pri:0, instance:com.timp.test.BRE.RegrasdeAuditoriaN2.RegrasdeAuditoriaN2LixeiraExcluirdefinitivamente@4c309d4d]" started-at="2020-11-24T10:54:45Z" name="lexeira" finished-at="2020-11-24T10:56:06Z" duration-ms="81646" status="PASS">
          <reporter-output>
          </reporter-output>
        </test-method> <!-- lexeira -->
        <test-method is-config="true" signature="afterClass()[pri:0, instance:com.timp.test.BRE.RegrasdeAuditoriaN2.RegrasdeAuditoriaN2LixeiraExcluirdefinitivamente@4c309d4d]" started-at="2020-11-24T10:56:06Z" name="afterClass" finished-at="2020-11-24T10:56:06Z" duration-ms="0" status="PASS">
          <reporter-output>
          </reporter-output>
        </test-method> <!-- afterClass -->
      </class> <!-- com.timp.test.BRE.RegrasdeAuditoriaN2.RegrasdeAuditoriaN2LixeiraExcluirdefinitivamente -->
    </test> <!-- Default test -->
  </suite> <!-- Default suite -->
</testng-results>
