<?xml version="1.0" encoding="UTF-8"?>
<testng-results skipped="0" failed="0" total="4" passed="4">
  <reporter-output>
  </reporter-output>
  <suite name="Default suite" duration-ms="129138" started-at="2021-01-22T23:39:57Z" finished-at="2021-01-22T23:42:06Z">
    <groups>
    </groups>
    <test name="Default test" duration-ms="129138" started-at="2021-01-22T23:39:57Z" finished-at="2021-01-22T23:42:06Z">
      <class name="com.timp.test.MDR.TabelasApoioESocial.Tabela23.FactoresDeRiscoExcluirMassa">
        <test-method status="PASS" signature="beforeClass()[pri:0, instance:com.timp.test.MDR.TabelasApoioESocial.Tabela23.FactoresDeRiscoExcluirMassa@3a079870]" name="beforeClass" is-config="true" duration-ms="11199" started-at="2021-01-22T17:39:57Z" finished-at="2021-01-22T17:40:08Z">
          <reporter-output>
          </reporter-output>
        </test-method> <!-- beforeClass -->
        <test-method status="PASS" signature="login()[pri:0, instance:com.timp.test.MDR.TabelasApoioESocial.Tabela23.FactoresDeRiscoExcluirMassa@3a079870]" name="login" duration-ms="6685" started-at="2021-01-22T17:40:08Z" finished-at="2021-01-22T17:40:15Z">
          <reporter-output>
          </reporter-output>
        </test-method> <!-- login -->
        <test-method status="PASS" signature="acessarMDR()[pri:0, instance:com.timp.test.MDR.TabelasApoioESocial.Tabela23.FactoresDeRiscoExcluirMassa@3a079870]" name="acessarMDR" duration-ms="15084" started-at="2021-01-22T17:40:15Z" finished-at="2021-01-22T17:40:30Z">
          <reporter-output>
          </reporter-output>
        </test-method> <!-- acessarMDR -->
        <test-method status="PASS" signature="criar()[pri:0, instance:com.timp.test.MDR.TabelasApoioESocial.Tabela23.FactoresDeRiscoExcluirMassa@3a079870]" name="criar" duration-ms="69082" started-at="2021-01-22T17:40:30Z" finished-at="2021-01-22T17:41:39Z">
          <reporter-output>
          </reporter-output>
        </test-method> <!-- criar -->
        <test-method status="PASS" signature="excluirMassa()[pri:0, instance:com.timp.test.MDR.TabelasApoioESocial.Tabela23.FactoresDeRiscoExcluirMassa@3a079870]" name="excluirMassa" duration-ms="27070" started-at="2021-01-22T17:41:39Z" finished-at="2021-01-22T17:42:06Z">
          <reporter-output>
          </reporter-output>
        </test-method> <!-- excluirMassa -->
        <test-method status="PASS" signature="afterClass()[pri:0, instance:com.timp.test.MDR.TabelasApoioESocial.Tabela23.FactoresDeRiscoExcluirMassa@3a079870]" name="afterClass" is-config="true" duration-ms="0" started-at="2021-01-22T17:42:06Z" finished-at="2021-01-22T17:42:06Z">
          <reporter-output>
          </reporter-output>
        </test-method> <!-- afterClass -->
      </class> <!-- com.timp.test.MDR.TabelasApoioESocial.Tabela23.FactoresDeRiscoExcluirMassa -->
    </test> <!-- Default test -->
  </suite> <!-- Default suite -->
</testng-results>
