<?xml version="1.0" encoding="UTF-8"?>
<testng-results total="3" passed="3" failed="0" skipped="0">
  <reporter-output>
  </reporter-output>
  <suite started-at="2020-07-27T21:27:45Z" name="Default suite" finished-at="2020-07-27T21:29:15Z" duration-ms="90533">
    <groups>
    </groups>
    <test started-at="2020-07-27T21:27:45Z" name="Default test" finished-at="2020-07-27T21:29:15Z" duration-ms="90533">
      <class name="com.timp.test.MDR.Tributos.TributosDetalhes">
        <test-method is-config="true" signature="beforeClass()[pri:0, instance:com.timp.test.MDR.Tributos.TributosDetalhes@4c1909a3]" started-at="2020-07-27T15:27:45Z" name="beforeClass" finished-at="2020-07-27T15:27:58Z" duration-ms="13057" status="PASS">
          <reporter-output>
          </reporter-output>
        </test-method> <!-- beforeClass -->
        <test-method signature="login()[pri:0, instance:com.timp.test.MDR.Tributos.TributosDetalhes@4c1909a3]" started-at="2020-07-27T15:27:58Z" name="login" finished-at="2020-07-27T15:28:06Z" duration-ms="8606" status="PASS">
          <reporter-output>
          </reporter-output>
        </test-method> <!-- login -->
        <test-method signature="acessarMDR()[pri:0, instance:com.timp.test.MDR.Tributos.TributosDetalhes@4c1909a3]" started-at="2020-07-27T15:28:06Z" name="acessarMDR" finished-at="2020-07-27T15:28:46Z" duration-ms="39396" status="PASS">
          <reporter-output>
          </reporter-output>
        </test-method> <!-- acessarMDR -->
        <test-method signature="tributoDetalhes()[pri:0, instance:com.timp.test.MDR.Tributos.TributosDetalhes@4c1909a3]" started-at="2020-07-27T15:28:46Z" name="tributoDetalhes" finished-at="2020-07-27T15:29:15Z" duration-ms="29431" status="PASS">
          <reporter-output>
          </reporter-output>
        </test-method> <!-- tributoDetalhes -->
        <test-method is-config="true" signature="afterClass()[pri:0, instance:com.timp.test.MDR.Tributos.TributosDetalhes@4c1909a3]" started-at="2020-07-27T15:29:15Z" name="afterClass" finished-at="2020-07-27T15:29:15Z" duration-ms="1" status="PASS">
          <reporter-output>
          </reporter-output>
        </test-method> <!-- afterClass -->
      </class> <!-- com.timp.test.MDR.Tributos.TributosDetalhes -->
    </test> <!-- Default test -->
  </suite> <!-- Default suite -->
</testng-results>
