<?xml version="1.0" encoding="UTF-8"?>
<testng-results skipped="3" failed="0" total="3" passed="0">
  <reporter-output>
  </reporter-output>
  <suite name="Default suite" duration-ms="25548" started-at="2020-09-24T13:48:22Z" finished-at="2020-09-24T13:48:48Z">
    <groups>
    </groups>
    <test name="Default test" duration-ms="25548" started-at="2020-09-24T13:48:22Z" finished-at="2020-09-24T13:48:48Z">
      <class name="com.timp.test.MDR.Ajustes.CodigosAjustes.CodigosAjustesCriar">
        <test-method status="FAIL" signature="beforeClass()[pri:0, instance:com.timp.test.MDR.Ajustes.CodigosAjustes.CodigosAjustesCriar@5e3a8624]" name="beforeClass" is-config="true" duration-ms="0" started-at="2020-09-24T10:48:22Z" finished-at="2020-09-24T10:48:22Z">
          <exception class="java.lang.NoClassDefFoundError">
            <message>
              <![CDATA[com/sap/timp/pageObjectModel/MDR/AcessarMDRPO]]>
            </message>
            <full-stacktrace>
              <![CDATA[java.lang.NoClassDefFoundError: com/sap/timp/pageObjectModel/MDR/AcessarMDRPO
	at com.timp.test.MDR.Ajustes.CodigosAjustes.CodigosAjustesCriar.beforeClass(CodigosAjustesCriar.java:29)
	at sun.reflect.NativeMethodAccessorImpl.invoke0(Native Method)
	at sun.reflect.NativeMethodAccessorImpl.invoke(Unknown Source)
	at sun.reflect.DelegatingMethodAccessorImpl.invoke(Unknown Source)
	at java.lang.reflect.Method.invoke(Unknown Source)
	at org.testng.internal.MethodInvocationHelper.invokeMethod(MethodInvocationHelper.java:80)
	at org.testng.internal.Invoker.invokeConfigurationMethod(Invoker.java:564)
	at org.testng.internal.Invoker.invokeConfigurations(Invoker.java:213)
	at org.testng.internal.Invoker.invokeConfigurations(Invoker.java:138)
	at org.testng.internal.TestMethodWorker.invokeBeforeClassMethods(TestMethodWorker.java:175)
	at org.testng.internal.TestMethodWorker.run(TestMethodWorker.java:107)
	at org.testng.TestRunner.privateRun(TestRunner.java:767)
	at org.testng.TestRunner.run(TestRunner.java:617)
	at org.testng.SuiteRunner.runTest(SuiteRunner.java:334)
	at org.testng.SuiteRunner.runSequentially(SuiteRunner.java:329)
	at org.testng.SuiteRunner.privateRun(SuiteRunner.java:291)
	at org.testng.SuiteRunner.run(SuiteRunner.java:240)
	at org.testng.SuiteRunnerWorker.runSuite(SuiteRunnerWorker.java:52)
	at org.testng.SuiteRunnerWorker.run(SuiteRunnerWorker.java:86)
	at org.testng.TestNG.runSuitesSequentially(TestNG.java:1198)
	at org.testng.TestNG.runSuitesLocally(TestNG.java:1123)
	at org.testng.TestNG.run(TestNG.java:1031)
	at org.testng.remote.AbstractRemoteTestNG.run(AbstractRemoteTestNG.java:115)
	at org.testng.remote.RemoteTestNG.initAndRun(RemoteTestNG.java:251)
	at org.testng.remote.RemoteTestNG.main(RemoteTestNG.java:77)
Caused by: java.lang.ClassNotFoundException: com.sap.timp.pageObjectModel.MDR.AcessarMDRPO
	at java.net.URLClassLoader.findClass(Unknown Source)
	at java.lang.ClassLoader.loadClass(Unknown Source)
	at sun.misc.Launcher$AppClassLoader.loadClass(Unknown Source)
	at java.lang.ClassLoader.loadClass(Unknown Source)
	... 25 more
]]>
            </full-stacktrace>
          </exception> <!-- java.lang.NoClassDefFoundError -->
          <reporter-output>
          </reporter-output>
        </test-method> <!-- beforeClass -->
        <test-method status="SKIP" signature="login()[pri:0, instance:com.timp.test.MDR.Ajustes.CodigosAjustes.CodigosAjustesCriar@5e3a8624]" name="login" duration-ms="3" started-at="2020-09-24T10:48:48Z" finished-at="2020-09-24T10:48:48Z">
          <reporter-output>
          </reporter-output>
        </test-method> <!-- login -->
        <test-method status="SKIP" signature="acessarMDR()[pri:0, instance:com.timp.test.MDR.Ajustes.CodigosAjustes.CodigosAjustesCriar@5e3a8624]" name="acessarMDR" duration-ms="5" started-at="2020-09-24T10:48:48Z" finished-at="2020-09-24T10:48:48Z">
          <reporter-output>
          </reporter-output>
        </test-method> <!-- acessarMDR -->
        <test-method status="SKIP" signature="criar()[pri:0, instance:com.timp.test.MDR.Ajustes.CodigosAjustes.CodigosAjustesCriar@5e3a8624]" name="criar" duration-ms="1" started-at="2020-09-24T10:48:48Z" finished-at="2020-09-24T10:48:48Z">
          <reporter-output>
          </reporter-output>
        </test-method> <!-- criar -->
      </class> <!-- com.timp.test.MDR.Ajustes.CodigosAjustes.CodigosAjustesCriar -->
    </test> <!-- Default test -->
  </suite> <!-- Default suite -->
</testng-results>
