<?xml version="1.0" encoding="UTF-8"?>
<testng-results ignored="0" total="1" passed="1" failed="0" skipped="0">
  <reporter-output>
  </reporter-output>
  <suite started-at="2021-12-22T05:39:13Z" name="Default suite" finished-at="2021-12-22T05:41:03Z" duration-ms="109913">
    <groups>
    </groups>
    <test started-at="2021-12-22T05:39:13Z" name="Default test" finished-at="2021-12-22T05:41:03Z" duration-ms="109913">
      <class name="com.timp.test.ATR.Estruturas.MapeamentoDeEstruturas.MapeamentoDeEstruturasVisualizar">
        <test-method is-config="true" signature="beforeClass()[pri:0, instance:com.timp.test.ATR.Estruturas.MapeamentoDeEstruturas.MapeamentoDeEstruturasVisualizar@5b367418]" started-at="2021-12-22T05:39:13Z" name="beforeClass" finished-at="2021-12-22T05:39:35Z" duration-ms="21350" status="PASS">
          <reporter-output>
          </reporter-output>
        </test-method> <!-- beforeClass -->
        <test-method signature="visualizar()[pri:0, instance:com.timp.test.ATR.Estruturas.MapeamentoDeEstruturas.MapeamentoDeEstruturasVisualizar@5b367418]" started-at="2021-12-22T05:39:35Z" name="visualizar" finished-at="2021-12-22T05:40:59Z" duration-ms="84316" status="PASS">
          <reporter-output>
          </reporter-output>
        </test-method> <!-- visualizar -->
        <test-method is-config="true" signature="afterClass()[pri:0, instance:com.timp.test.ATR.Estruturas.MapeamentoDeEstruturas.MapeamentoDeEstruturasVisualizar@5b367418]" started-at="2021-12-22T05:40:59Z" name="afterClass" finished-at="2021-12-22T05:41:03Z" duration-ms="4209" status="PASS">
          <reporter-output>
          </reporter-output>
        </test-method> <!-- afterClass -->
      </class> <!-- com.timp.test.ATR.Estruturas.MapeamentoDeEstruturas.MapeamentoDeEstruturasVisualizar -->
    </test> <!-- Default test -->
  </suite> <!-- Default suite -->
</testng-results>
