<?xml version="1.0" encoding="UTF-8"?>
<testng-results total="3" passed="0" failed="3" skipped="0">
  <reporter-output>
  </reporter-output>
  <suite started-at="2020-08-03T04:52:38Z" name="Default suite" finished-at="2020-08-03T04:52:56Z" duration-ms="17425">
    <groups>
    </groups>
    <test started-at="2020-08-03T04:52:38Z" name="Default test" finished-at="2020-08-03T04:52:56Z" duration-ms="17425">
      <class name="com.timp.test.BRB.ReordenarColuna">
        <test-method is-config="true" signature="beforeClass()[pri:0, instance:com.timp.test.BRB.ReordenarColuna@4b0d79fc]" started-at="2020-08-02T22:52:38Z" name="beforeClass" finished-at="2020-08-02T22:52:56Z" duration-ms="17338" status="PASS">
          <reporter-output>
          </reporter-output>
        </test-method> <!-- beforeClass -->
        <test-method signature="login()[pri:0, instance:com.timp.test.BRB.ReordenarColuna@4b0d79fc]" started-at="2020-08-02T22:52:56Z" name="login" finished-at="2020-08-02T22:52:56Z" duration-ms="21" status="FAIL">
          <exception class="java.lang.NullPointerException">
            <full-stacktrace>
              <![CDATA[java.lang.NullPointerException
	at java.base/java.util.Objects.requireNonNull(Objects.java:222)
	at org.openqa.selenium.support.ui.FluentWait.<init>(FluentWait.java:106)
	at org.openqa.selenium.support.ui.WebDriverWait.<init>(WebDriverWait.java:85)
	at org.openqa.selenium.support.ui.WebDriverWait.<init>(WebDriverWait.java:45)
	at com.sap.timp.base.TestBaseSteven.waitExpectElement(TestBaseSteven.java:74)
	at com.sap.timp.pageObjectModel.ADM.LoginTC.login(LoginTC.java:31)
	at com.timp.test.BRB.ReordenarColuna.login(ReordenarColuna.java:62)
	at java.base/jdk.internal.reflect.NativeMethodAccessorImpl.invoke0(Native Method)
	at java.base/jdk.internal.reflect.NativeMethodAccessorImpl.invoke(NativeMethodAccessorImpl.java:62)
	at java.base/jdk.internal.reflect.DelegatingMethodAccessorImpl.invoke(DelegatingMethodAccessorImpl.java:43)
	at java.base/java.lang.reflect.Method.invoke(Method.java:564)
	at org.testng.internal.MethodInvocationHelper.invokeMethod(MethodInvocationHelper.java:80)
	at org.testng.internal.Invoker.invokeMethod(Invoker.java:714)
	at org.testng.internal.Invoker.invokeTestMethod(Invoker.java:901)
	at org.testng.internal.Invoker.invokeTestMethods(Invoker.java:1231)
	at org.testng.internal.TestMethodWorker.invokeTestMethods(TestMethodWorker.java:127)
	at org.testng.internal.TestMethodWorker.run(TestMethodWorker.java:111)
	at org.testng.TestRunner.privateRun(TestRunner.java:767)
	at org.testng.TestRunner.run(TestRunner.java:617)
	at org.testng.SuiteRunner.runTest(SuiteRunner.java:334)
	at org.testng.SuiteRunner.runSequentially(SuiteRunner.java:329)
	at org.testng.SuiteRunner.privateRun(SuiteRunner.java:291)
	at org.testng.SuiteRunner.run(SuiteRunner.java:240)
	at org.testng.SuiteRunnerWorker.runSuite(SuiteRunnerWorker.java:52)
	at org.testng.SuiteRunnerWorker.run(SuiteRunnerWorker.java:86)
	at org.testng.TestNG.runSuitesSequentially(TestNG.java:1198)
	at org.testng.TestNG.runSuitesLocally(TestNG.java:1123)
	at org.testng.TestNG.run(TestNG.java:1031)
	at org.testng.remote.AbstractRemoteTestNG.run(AbstractRemoteTestNG.java:115)
	at org.testng.remote.RemoteTestNG.initAndRun(RemoteTestNG.java:251)
	at org.testng.remote.RemoteTestNG.main(RemoteTestNG.java:77)
]]>
            </full-stacktrace>
          </exception> <!-- java.lang.NullPointerException -->
          <reporter-output>
          </reporter-output>
        </test-method> <!-- login -->
        <test-method signature="brbEntrar()[pri:0, instance:com.timp.test.BRB.ReordenarColuna@4b0d79fc]" started-at="2020-08-02T22:52:56Z" name="brbEntrar" finished-at="2020-08-02T22:52:56Z" duration-ms="4" status="FAIL">
          <exception class="java.lang.NullPointerException">
            <full-stacktrace>
              <![CDATA[java.lang.NullPointerException
	at java.base/java.util.Objects.requireNonNull(Objects.java:222)
	at org.openqa.selenium.support.ui.FluentWait.<init>(FluentWait.java:106)
	at org.openqa.selenium.support.ui.WebDriverWait.<init>(WebDriverWait.java:85)
	at org.openqa.selenium.support.ui.WebDriverWait.<init>(WebDriverWait.java:45)
	at com.sap.timp.base.TestBaseSteven.waitExpectXpath(TestBaseSteven.java:67)
	at com.sap.timp.pageObjectModel.BRB.AcessarBrbPO.acessar(AcessarBrbPO.java:38)
	at com.timp.test.BRB.ReordenarColuna.brbEntrar(ReordenarColuna.java:69)
	at java.base/jdk.internal.reflect.NativeMethodAccessorImpl.invoke0(Native Method)
	at java.base/jdk.internal.reflect.NativeMethodAccessorImpl.invoke(NativeMethodAccessorImpl.java:62)
	at java.base/jdk.internal.reflect.DelegatingMethodAccessorImpl.invoke(DelegatingMethodAccessorImpl.java:43)
	at java.base/java.lang.reflect.Method.invoke(Method.java:564)
	at org.testng.internal.MethodInvocationHelper.invokeMethod(MethodInvocationHelper.java:80)
	at org.testng.internal.Invoker.invokeMethod(Invoker.java:714)
	at org.testng.internal.Invoker.invokeTestMethod(Invoker.java:901)
	at org.testng.internal.Invoker.invokeTestMethods(Invoker.java:1231)
	at org.testng.internal.TestMethodWorker.invokeTestMethods(TestMethodWorker.java:127)
	at org.testng.internal.TestMethodWorker.run(TestMethodWorker.java:111)
	at org.testng.TestRunner.privateRun(TestRunner.java:767)
	at org.testng.TestRunner.run(TestRunner.java:617)
	at org.testng.SuiteRunner.runTest(SuiteRunner.java:334)
	at org.testng.SuiteRunner.runSequentially(SuiteRunner.java:329)
	at org.testng.SuiteRunner.privateRun(SuiteRunner.java:291)
	at org.testng.SuiteRunner.run(SuiteRunner.java:240)
	at org.testng.SuiteRunnerWorker.runSuite(SuiteRunnerWorker.java:52)
	at org.testng.SuiteRunnerWorker.run(SuiteRunnerWorker.java:86)
	at org.testng.TestNG.runSuitesSequentially(TestNG.java:1198)
	at org.testng.TestNG.runSuitesLocally(TestNG.java:1123)
	at org.testng.TestNG.run(TestNG.java:1031)
	at org.testng.remote.AbstractRemoteTestNG.run(AbstractRemoteTestNG.java:115)
	at org.testng.remote.RemoteTestNG.initAndRun(RemoteTestNG.java:251)
	at org.testng.remote.RemoteTestNG.main(RemoteTestNG.java:77)
]]>
            </full-stacktrace>
          </exception> <!-- java.lang.NullPointerException -->
          <reporter-output>
          </reporter-output>
        </test-method> <!-- brbEntrar -->
        <test-method signature="reordenar()[pri:0, instance:com.timp.test.BRB.ReordenarColuna@4b0d79fc]" started-at="2020-08-02T22:52:56Z" name="reordenar" finished-at="2020-08-02T22:52:56Z" duration-ms="7" status="FAIL">
          <exception class="java.lang.NullPointerException">
            <full-stacktrace>
              <![CDATA[java.lang.NullPointerException
	at java.base/java.util.Objects.requireNonNull(Objects.java:222)
	at org.openqa.selenium.support.ui.FluentWait.<init>(FluentWait.java:106)
	at org.openqa.selenium.support.ui.WebDriverWait.<init>(WebDriverWait.java:85)
	at org.openqa.selenium.support.ui.WebDriverWait.<init>(WebDriverWait.java:45)
	at com.sap.timp.base.TestBaseSteven.waitExpectXpath(TestBaseSteven.java:67)
	at com.sap.timp.pageObjectModel.BRB.ReordenarColunarPO.reordenar(ReordenarColunarPO.java:47)
	at com.timp.test.BRB.ReordenarColuna.reordenar(ReordenarColuna.java:78)
	at java.base/jdk.internal.reflect.NativeMethodAccessorImpl.invoke0(Native Method)
	at java.base/jdk.internal.reflect.NativeMethodAccessorImpl.invoke(NativeMethodAccessorImpl.java:62)
	at java.base/jdk.internal.reflect.DelegatingMethodAccessorImpl.invoke(DelegatingMethodAccessorImpl.java:43)
	at java.base/java.lang.reflect.Method.invoke(Method.java:564)
	at org.testng.internal.MethodInvocationHelper.invokeMethod(MethodInvocationHelper.java:80)
	at org.testng.internal.Invoker.invokeMethod(Invoker.java:714)
	at org.testng.internal.Invoker.invokeTestMethod(Invoker.java:901)
	at org.testng.internal.Invoker.invokeTestMethods(Invoker.java:1231)
	at org.testng.internal.TestMethodWorker.invokeTestMethods(TestMethodWorker.java:127)
	at org.testng.internal.TestMethodWorker.run(TestMethodWorker.java:111)
	at org.testng.TestRunner.privateRun(TestRunner.java:767)
	at org.testng.TestRunner.run(TestRunner.java:617)
	at org.testng.SuiteRunner.runTest(SuiteRunner.java:334)
	at org.testng.SuiteRunner.runSequentially(SuiteRunner.java:329)
	at org.testng.SuiteRunner.privateRun(SuiteRunner.java:291)
	at org.testng.SuiteRunner.run(SuiteRunner.java:240)
	at org.testng.SuiteRunnerWorker.runSuite(SuiteRunnerWorker.java:52)
	at org.testng.SuiteRunnerWorker.run(SuiteRunnerWorker.java:86)
	at org.testng.TestNG.runSuitesSequentially(TestNG.java:1198)
	at org.testng.TestNG.runSuitesLocally(TestNG.java:1123)
	at org.testng.TestNG.run(TestNG.java:1031)
	at org.testng.remote.AbstractRemoteTestNG.run(AbstractRemoteTestNG.java:115)
	at org.testng.remote.RemoteTestNG.initAndRun(RemoteTestNG.java:251)
	at org.testng.remote.RemoteTestNG.main(RemoteTestNG.java:77)
]]>
            </full-stacktrace>
          </exception> <!-- java.lang.NullPointerException -->
          <reporter-output>
          </reporter-output>
        </test-method> <!-- reordenar -->
        <test-method is-config="true" signature="afterClass()[pri:0, instance:com.timp.test.BRB.ReordenarColuna@4b0d79fc]" started-at="2020-08-02T22:52:56Z" name="afterClass" finished-at="2020-08-02T22:52:56Z" duration-ms="0" status="PASS">
          <reporter-output>
          </reporter-output>
        </test-method> <!-- afterClass -->
      </class> <!-- com.timp.test.BRB.ReordenarColuna -->
    </test> <!-- Default test -->
  </suite> <!-- Default suite -->
</testng-results>
