<?xml version="1.0" encoding="UTF-8"?>
<testng-results total="3" passed="3" failed="0" skipped="0">
  <reporter-output>
  </reporter-output>
  <suite started-at="2020-11-23T20:20:00Z" name="Default suite" finished-at="2020-11-23T20:23:17Z" duration-ms="197664">
    <groups>
    </groups>
    <test started-at="2020-11-23T20:20:00Z" name="Default test" finished-at="2020-11-23T20:23:17Z" duration-ms="197664">
      <class name="com.timp.test.MDR.TabelasApoioESocial.DiagnosticoDeProcessos.DiagnosticoDeProcessosExcluirEmMassa">
        <test-method is-config="true" signature="beforeClass()[pri:0, instance:com.timp.test.MDR.TabelasApoioESocial.DiagnosticoDeProcessos.DiagnosticoDeProcessosExcluirEmMassa@54c5a2ff]" started-at="2020-11-23T17:20:00Z" name="beforeClass" finished-at="2020-11-23T17:20:14Z" duration-ms="14299" status="PASS">
          <reporter-output>
          </reporter-output>
        </test-method> <!-- beforeClass -->
        <test-method signature="login()[pri:0, instance:com.timp.test.MDR.TabelasApoioESocial.DiagnosticoDeProcessos.DiagnosticoDeProcessosExcluirEmMassa@54c5a2ff]" started-at="2020-11-23T17:20:14Z" name="login" finished-at="2020-11-23T17:20:23Z" duration-ms="9312" status="PASS">
          <reporter-output>
          </reporter-output>
        </test-method> <!-- login -->
        <test-method signature="acessarMDR()[pri:0, instance:com.timp.test.MDR.TabelasApoioESocial.DiagnosticoDeProcessos.DiagnosticoDeProcessosExcluirEmMassa@54c5a2ff]" started-at="2020-11-23T17:20:23Z" name="acessarMDR" finished-at="2020-11-23T17:20:35Z" duration-ms="11706" status="PASS">
          <reporter-output>
          </reporter-output>
        </test-method> <!-- acessarMDR -->
        <test-method signature="criar()[pri:0, instance:com.timp.test.MDR.TabelasApoioESocial.DiagnosticoDeProcessos.DiagnosticoDeProcessosExcluirEmMassa@54c5a2ff]" started-at="2020-11-23T17:20:35Z" name="criar" finished-at="2020-11-23T17:23:17Z" duration-ms="162335" status="PASS">
          <reporter-output>
          </reporter-output>
        </test-method> <!-- criar -->
        <test-method is-config="true" signature="afterClass()[pri:0, instance:com.timp.test.MDR.TabelasApoioESocial.DiagnosticoDeProcessos.DiagnosticoDeProcessosExcluirEmMassa@54c5a2ff]" started-at="2020-11-23T17:23:17Z" name="afterClass" finished-at="2020-11-23T17:23:17Z" duration-ms="0" status="PASS">
          <reporter-output>
          </reporter-output>
        </test-method> <!-- afterClass -->
      </class> <!-- com.timp.test.MDR.TabelasApoioESocial.DiagnosticoDeProcessos.DiagnosticoDeProcessosExcluirEmMassa -->
    </test> <!-- Default test -->
  </suite> <!-- Default suite -->
</testng-results>
