<?xml version="1.0" encoding="UTF-8"?>
<testng-results skipped="0" failed="0" ignored="0" total="1" passed="1">
  <reporter-output>
  </reporter-output>
  <suite name="Default suite" duration-ms="155163" started-at="2021-02-16T21:57:07Z" finished-at="2021-02-16T21:59:42Z">
    <groups>
    </groups>
    <test name="Default test" duration-ms="155163" started-at="2021-02-16T21:57:07Z" finished-at="2021-02-16T21:59:42Z">
      <class name="com.timp.test.MDR.Ajustes.AssociacaoCodigosAjustes.AssociaçãoCodigoAjusteExcluir">
        <test-method status="PASS" signature="beforeClass()[pri:0, instance:com.timp.test.MDR.Ajustes.AssociacaoCodigosAjustes.AssociaçãoCodigoAjusteExcluir@78b729e6]" name="beforeClass" is-config="true" duration-ms="11550" started-at="2021-02-16T21:57:07Z" finished-at="2021-02-16T21:57:19Z">
          <reporter-output>
          </reporter-output>
        </test-method> <!-- beforeClass -->
        <test-method status="PASS" signature="excluirAssociaçãoCodigoAjuste()[pri:2, instance:com.timp.test.MDR.Ajustes.AssociacaoCodigosAjustes.AssociaçãoCodigoAjusteExcluir@78b729e6]" name="excluirAssociaçãoCodigoAjuste" duration-ms="139180" started-at="2021-02-16T21:57:19Z" finished-at="2021-02-16T21:59:38Z">
          <reporter-output>
          </reporter-output>
        </test-method> <!-- excluirAssociaçãoCodigoAjuste -->
        <test-method status="PASS" signature="afterClass()[pri:0, instance:com.timp.test.MDR.Ajustes.AssociacaoCodigosAjustes.AssociaçãoCodigoAjusteExcluir@78b729e6]" name="afterClass" is-config="true" duration-ms="4410" started-at="2021-02-16T21:59:38Z" finished-at="2021-02-16T21:59:42Z">
          <reporter-output>
          </reporter-output>
        </test-method> <!-- afterClass -->
      </class> <!-- com.timp.test.MDR.Ajustes.AssociacaoCodigosAjustes.AssociaçãoCodigoAjusteExcluir -->
    </test> <!-- Default test -->
  </suite> <!-- Default suite -->
</testng-results>
