<?xml version="1.0" encoding="UTF-8"?>
<testng-results skipped="0" failed="0" total="2" passed="2">
  <reporter-output>
  </reporter-output>
  <suite name="Default suite" duration-ms="33070" started-at="2020-07-31T19:35:40Z" finished-at="2020-07-31T19:36:13Z">
    <groups>
    </groups>
    <test name="Default test" duration-ms="33070" started-at="2020-07-31T19:35:40Z" finished-at="2020-07-31T19:36:13Z">
      <class name="com.timp.test.BRB.BRBAcessar">
        <test-method status="PASS" signature="beforeClass()[pri:0, instance:com.timp.test.BRB.BRBAcessar@341b80b2]" name="beforeClass" is-config="true" duration-ms="11273" started-at="2020-07-31T13:35:40Z" finished-at="2020-07-31T13:35:51Z">
          <reporter-output>
          </reporter-output>
        </test-method> <!-- beforeClass -->
        <test-method status="PASS" signature="login()[pri:0, instance:com.timp.test.BRB.BRBAcessar@341b80b2]" name="login" duration-ms="6612" started-at="2020-07-31T13:35:51Z" finished-at="2020-07-31T13:35:58Z">
          <reporter-output>
          </reporter-output>
        </test-method> <!-- login -->
        <test-method status="PASS" signature="brbEntrar()[pri:0, instance:com.timp.test.BRB.BRBAcessar@341b80b2]" name="brbEntrar" duration-ms="14938" started-at="2020-07-31T13:35:58Z" finished-at="2020-07-31T13:36:13Z">
          <reporter-output>
          </reporter-output>
        </test-method> <!-- brbEntrar -->
        <test-method status="PASS" signature="afterClass()[pri:0, instance:com.timp.test.BRB.BRBAcessar@341b80b2]" name="afterClass" is-config="true" duration-ms="231" started-at="2020-07-31T13:36:13Z" finished-at="2020-07-31T13:36:13Z">
          <reporter-output>
          </reporter-output>
        </test-method> <!-- afterClass -->
      </class> <!-- com.timp.test.BRB.BRBAcessar -->
    </test> <!-- Default test -->
  </suite> <!-- Default suite -->
</testng-results>
