<?xml version="1.0" encoding="UTF-8"?>
<testng-results skipped="0" failed="0" total="3" passed="3">
  <reporter-output>
  </reporter-output>
  <suite name="Default suite" duration-ms="109398" started-at="2020-08-20T02:50:32Z" finished-at="2020-08-20T02:52:21Z">
    <groups>
    </groups>
    <test name="Default test" duration-ms="109398" started-at="2020-08-20T02:50:32Z" finished-at="2020-08-20T02:52:21Z">
      <class name="com.timp.test.MDR.ValorAdicionado.InclusaoDeCamposMar.InclusaoDeCamposMarExcluir">
        <test-method status="PASS" signature="beforeClass()[pri:0, instance:com.timp.test.MDR.ValorAdicionado.InclusaoDeCamposMar.InclusaoDeCamposMarExcluir@55a1c291]" name="beforeClass" is-config="true" duration-ms="28696" started-at="2020-08-19T20:50:32Z" finished-at="2020-08-19T20:51:00Z">
          <reporter-output>
          </reporter-output>
        </test-method> <!-- beforeClass -->
        <test-method status="PASS" signature="login()[pri:0, instance:com.timp.test.MDR.ValorAdicionado.InclusaoDeCamposMar.InclusaoDeCamposMarExcluir@55a1c291]" name="login" duration-ms="6894" started-at="2020-08-19T20:51:00Z" finished-at="2020-08-19T20:51:07Z">
          <reporter-output>
          </reporter-output>
        </test-method> <!-- login -->
        <test-method status="PASS" signature="acessarMDR()[pri:0, instance:com.timp.test.MDR.ValorAdicionado.InclusaoDeCamposMar.InclusaoDeCamposMarExcluir@55a1c291]" name="acessarMDR" duration-ms="9139" started-at="2020-08-19T20:51:07Z" finished-at="2020-08-19T20:51:16Z">
          <reporter-output>
          </reporter-output>
        </test-method> <!-- acessarMDR -->
        <test-method status="PASS" signature="Excluir()[pri:0, instance:com.timp.test.MDR.ValorAdicionado.InclusaoDeCamposMar.InclusaoDeCamposMarExcluir@55a1c291]" name="Excluir" duration-ms="64656" started-at="2020-08-19T20:51:16Z" finished-at="2020-08-19T20:52:21Z">
          <reporter-output>
          </reporter-output>
        </test-method> <!-- Excluir -->
        <test-method status="PASS" signature="afterClass()[pri:0, instance:com.timp.test.MDR.ValorAdicionado.InclusaoDeCamposMar.InclusaoDeCamposMarExcluir@55a1c291]" name="afterClass" is-config="true" duration-ms="0" started-at="2020-08-19T20:52:21Z" finished-at="2020-08-19T20:52:21Z">
          <reporter-output>
          </reporter-output>
        </test-method> <!-- afterClass -->
      </class> <!-- com.timp.test.MDR.ValorAdicionado.InclusaoDeCamposMar.InclusaoDeCamposMarExcluir -->
    </test> <!-- Default test -->
  </suite> <!-- Default suite -->
</testng-results>
