<?xml version="1.0" encoding="UTF-8"?>
<testng-results skipped="0" failed="0" total="3" passed="3">
  <reporter-output>
  </reporter-output>
  <suite name="Default suite" duration-ms="194275" started-at="2020-09-02T01:53:57Z" finished-at="2020-09-02T01:57:11Z">
    <groups>
    </groups>
    <test name="Default test" duration-ms="194275" started-at="2020-09-02T01:53:57Z" finished-at="2020-09-02T01:57:11Z">
      <class name="com.timp.test.MDR.TabelasApoioSped.CodigoTipoCredito.CodigoTipoCreditoVisualizar">
        <test-method status="PASS" signature="beforeClass()[pri:0, instance:com.timp.test.MDR.TabelasApoioSped.CodigoTipoCredito.CodigoTipoCreditoVisualizar@2aa5fe93]" name="beforeClass" is-config="true" duration-ms="18060" started-at="2020-09-01T19:53:57Z" finished-at="2020-09-01T19:54:15Z">
          <reporter-output>
          </reporter-output>
        </test-method> <!-- beforeClass -->
        <test-method status="PASS" signature="login()[pri:0, instance:com.timp.test.MDR.TabelasApoioSped.CodigoTipoCredito.CodigoTipoCreditoVisualizar@2aa5fe93]" name="login" duration-ms="8247" started-at="2020-09-01T19:54:15Z" finished-at="2020-09-01T19:54:23Z">
          <reporter-output>
          </reporter-output>
        </test-method> <!-- login -->
        <test-method status="PASS" signature="acessarMDR()[pri:0, instance:com.timp.test.MDR.TabelasApoioSped.CodigoTipoCredito.CodigoTipoCreditoVisualizar@2aa5fe93]" name="acessarMDR" duration-ms="108340" started-at="2020-09-01T19:54:23Z" finished-at="2020-09-01T19:56:12Z">
          <reporter-output>
          </reporter-output>
        </test-method> <!-- acessarMDR -->
        <test-method status="PASS" signature="Visualizar()[pri:0, instance:com.timp.test.MDR.TabelasApoioSped.CodigoTipoCredito.CodigoTipoCreditoVisualizar@2aa5fe93]" name="Visualizar" duration-ms="59608" started-at="2020-09-01T19:56:12Z" finished-at="2020-09-01T19:57:11Z">
          <reporter-output>
          </reporter-output>
        </test-method> <!-- Visualizar -->
      </class> <!-- com.timp.test.MDR.TabelasApoioSped.CodigoTipoCredito.CodigoTipoCreditoVisualizar -->
    </test> <!-- Default test -->
  </suite> <!-- Default suite -->
</testng-results>
