<?xml version="1.0" encoding="UTF-8"?>
<testng-results ignored="0" total="2" passed="2" failed="0" skipped="0">
  <reporter-output>
  </reporter-output>
  <suite started-at="2021-02-20T00:07:57Z" name="Default suite" finished-at="2021-02-20T00:11:35Z" duration-ms="218019">
    <groups>
    </groups>
    <test started-at="2021-02-20T00:07:57Z" name="Default test" finished-at="2021-02-20T00:11:35Z" duration-ms="218019">
      <class name="com.timp.test.MDR.TabelasApoioESocial.Tabela21.NaturezaJuridicaExcluirMassa">
        <test-method is-config="true" signature="beforeClass()[pri:0, instance:com.timp.test.MDR.TabelasApoioESocial.Tabela21.NaturezaJuridicaExcluirMassa@4241e0f4]" started-at="2021-02-20T00:07:57Z" name="beforeClass" finished-at="2021-02-20T00:08:37Z" duration-ms="40003" status="PASS">
          <reporter-output>
          </reporter-output>
        </test-method> <!-- beforeClass -->
        <test-method signature="criar()[pri:0, instance:com.timp.test.MDR.TabelasApoioESocial.Tabela21.NaturezaJuridicaExcluirMassa@4241e0f4]" started-at="2021-02-20T00:08:37Z" name="criar" finished-at="2021-02-20T00:10:55Z" duration-ms="138250" status="PASS">
          <reporter-output>
          </reporter-output>
        </test-method> <!-- criar -->
        <test-method signature="excluirMassa()[pri:0, instance:com.timp.test.MDR.TabelasApoioESocial.Tabela21.NaturezaJuridicaExcluirMassa@4241e0f4]" started-at="2021-02-20T00:10:55Z" name="excluirMassa" finished-at="2021-02-20T00:11:35Z" depends-on-methods="com.timp.test.MDR.TabelasApoioESocial.Tabela21.NaturezaJuridicaExcluirMassa.criar" duration-ms="39744" status="PASS">
          <reporter-output>
          </reporter-output>
        </test-method> <!-- excluirMassa -->
        <test-method is-config="true" signature="afterClass()[pri:0, instance:com.timp.test.MDR.TabelasApoioESocial.Tabela21.NaturezaJuridicaExcluirMassa@4241e0f4]" started-at="2021-02-20T00:11:35Z" name="afterClass" finished-at="2021-02-20T00:11:35Z" duration-ms="0" status="PASS">
          <reporter-output>
          </reporter-output>
        </test-method> <!-- afterClass -->
      </class> <!-- com.timp.test.MDR.TabelasApoioESocial.Tabela21.NaturezaJuridicaExcluirMassa -->
    </test> <!-- Default test -->
  </suite> <!-- Default suite -->
</testng-results>
