<?xml version="1.0" encoding="UTF-8"?>
<testng-results skipped="0" failed="0" total="3" passed="3">
  <reporter-output>
  </reporter-output>
  <suite name="Default suite" duration-ms="86941" started-at="2020-10-21T20:58:14Z" finished-at="2020-10-21T20:59:41Z">
    <groups>
    </groups>
    <test name="Default test" duration-ms="86941" started-at="2020-10-21T20:58:14Z" finished-at="2020-10-21T20:59:41Z">
      <class name="com.timp.test.MDR.TabelasApoioESocial.Tabela12.CompatibilidadeEntreLotacaoExcluir">
        <test-method status="PASS" signature="beforeClass()[pri:0, instance:com.timp.test.MDR.TabelasApoioESocial.Tabela12.CompatibilidadeEntreLotacaoExcluir@f2f2cc1]" name="beforeClass" is-config="true" duration-ms="11892" started-at="2020-10-21T14:58:14Z" finished-at="2020-10-21T14:58:26Z">
          <reporter-output>
          </reporter-output>
        </test-method> <!-- beforeClass -->
        <test-method status="PASS" signature="login()[pri:0, instance:com.timp.test.MDR.TabelasApoioESocial.Tabela12.CompatibilidadeEntreLotacaoExcluir@f2f2cc1]" name="login" duration-ms="8847" started-at="2020-10-21T14:58:26Z" finished-at="2020-10-21T14:58:34Z">
          <reporter-output>
          </reporter-output>
        </test-method> <!-- login -->
        <test-method status="PASS" signature="acessarMDR()[pri:0, instance:com.timp.test.MDR.TabelasApoioESocial.Tabela12.CompatibilidadeEntreLotacaoExcluir@f2f2cc1]" name="acessarMDR" duration-ms="27232" started-at="2020-10-21T14:58:34Z" finished-at="2020-10-21T14:59:02Z">
          <reporter-output>
          </reporter-output>
        </test-method> <!-- acessarMDR -->
        <test-method status="PASS" signature="excluir()[pri:0, instance:com.timp.test.MDR.TabelasApoioESocial.Tabela12.CompatibilidadeEntreLotacaoExcluir@f2f2cc1]" name="excluir" duration-ms="38908" started-at="2020-10-21T14:59:02Z" finished-at="2020-10-21T14:59:40Z">
          <reporter-output>
          </reporter-output>
        </test-method> <!-- excluir -->
        <test-method status="PASS" signature="afterClass()[pri:0, instance:com.timp.test.MDR.TabelasApoioESocial.Tabela12.CompatibilidadeEntreLotacaoExcluir@f2f2cc1]" name="afterClass" is-config="true" duration-ms="48" started-at="2020-10-21T14:59:40Z" finished-at="2020-10-21T14:59:41Z">
          <reporter-output>
          </reporter-output>
        </test-method> <!-- afterClass -->
      </class> <!-- com.timp.test.MDR.TabelasApoioESocial.Tabela12.CompatibilidadeEntreLotacaoExcluir -->
    </test> <!-- Default test -->
  </suite> <!-- Default suite -->
</testng-results>
