<?xml version="1.0" encoding="UTF-8"?>
<testng-results skipped="0" failed="0" total="3" passed="3">
  <reporter-output>
  </reporter-output>
  <suite name="Default suite" duration-ms="107968" started-at="2020-07-29T17:14:01Z" finished-at="2020-07-29T17:15:49Z">
    <groups>
    </groups>
    <test name="Default test" duration-ms="107968" started-at="2020-07-29T17:14:01Z" finished-at="2020-07-29T17:15:49Z">
      <class name="com.timp.test.MDR.CEP.Municipio.MunicipioCriar">
        <test-method status="PASS" signature="beforeClass()[pri:0, instance:com.timp.test.MDR.CEP.Municipio.MunicipioCriar@35083305]" name="beforeClass" is-config="true" duration-ms="15061" started-at="2020-07-29T11:14:01Z" finished-at="2020-07-29T11:14:16Z">
          <reporter-output>
          </reporter-output>
        </test-method> <!-- beforeClass -->
        <test-method status="PASS" signature="login()[pri:0, instance:com.timp.test.MDR.CEP.Municipio.MunicipioCriar@35083305]" name="login" duration-ms="11590" started-at="2020-07-29T11:14:16Z" finished-at="2020-07-29T11:14:27Z">
          <reporter-output>
          </reporter-output>
        </test-method> <!-- login -->
        <test-method status="PASS" signature="acessarMDR()[pri:0, instance:com.timp.test.MDR.CEP.Municipio.MunicipioCriar@35083305]" name="acessarMDR" duration-ms="21410" started-at="2020-07-29T11:14:27Z" finished-at="2020-07-29T11:14:49Z">
          <reporter-output>
          </reporter-output>
        </test-method> <!-- acessarMDR -->
        <test-method status="PASS" signature="filtro()[pri:0, instance:com.timp.test.MDR.CEP.Municipio.MunicipioCriar@35083305]" name="filtro" duration-ms="59894" started-at="2020-07-29T11:14:49Z" finished-at="2020-07-29T11:15:49Z">
          <reporter-output>
          </reporter-output>
        </test-method> <!-- filtro -->
      </class> <!-- com.timp.test.MDR.CEP.Municipio.MunicipioCriar -->
    </test> <!-- Default test -->
  </suite> <!-- Default suite -->
</testng-results>
