<?xml version="1.0" encoding="UTF-8"?>
<testng-results ignored="0" total="1" passed="1" failed="0" skipped="0">
  <reporter-output>
  </reporter-output>
  <suite started-at="2021-03-22T14:33:54Z" name="Default suite" finished-at="2021-03-22T14:34:57Z" duration-ms="63187">
    <groups>
    </groups>
    <test started-at="2021-03-22T14:33:54Z" name="Default test" finished-at="2021-03-22T14:34:57Z" duration-ms="63187">
      <class name="com.timp.test.ATR.Estruturas.Estruturas.EstruturasVisualizarFiltros">
        <test-method is-config="true" signature="beforeClass()[pri:0, instance:com.timp.test.ATR.Estruturas.Estruturas.EstruturasVisualizarFiltros@909217e]" started-at="2021-03-22T14:33:54Z" name="beforeClass" finished-at="2021-03-22T14:34:06Z" duration-ms="12134" status="PASS">
          <reporter-output>
          </reporter-output>
        </test-method> <!-- beforeClass -->
        <test-method signature="visualizar()[pri:0, instance:com.timp.test.ATR.Estruturas.Estruturas.EstruturasVisualizarFiltros@909217e]" started-at="2021-03-22T14:34:06Z" name="visualizar" finished-at="2021-03-22T14:34:53Z" duration-ms="46715" status="PASS">
          <reporter-output>
          </reporter-output>
        </test-method> <!-- visualizar -->
        <test-method is-config="true" signature="afterClass()[pri:0, instance:com.timp.test.ATR.Estruturas.Estruturas.EstruturasVisualizarFiltros@909217e]" started-at="2021-03-22T14:34:53Z" name="afterClass" finished-at="2021-03-22T14:34:57Z" duration-ms="4318" status="PASS">
          <reporter-output>
          </reporter-output>
        </test-method> <!-- afterClass -->
      </class> <!-- com.timp.test.ATR.Estruturas.Estruturas.EstruturasVisualizarFiltros -->
    </test> <!-- Default test -->
  </suite> <!-- Default suite -->
</testng-results>
