<?xml version="1.0" encoding="UTF-8"?>
<testng-results skipped="0" failed="0" total="6" passed="6">
  <reporter-output>
  </reporter-output>
  <suite name="Default suite" duration-ms="191732" started-at="2020-12-10T20:52:08Z" finished-at="2020-12-10T20:55:20Z">
    <groups>
    </groups>
    <test name="Default test" duration-ms="191732" started-at="2020-12-10T20:52:08Z" finished-at="2020-12-10T20:55:20Z">
      <class name="com.timp.test.DFG.SPED.EFDICMSIPI.EFDICMSIPICriar">
        <test-method status="PASS" signature="beforeClass()[pri:0, instance:com.timp.test.DFG.SPED.EFDICMSIPI.EFDICMSIPICriar@f2f2cc1]" name="beforeClass" is-config="true" duration-ms="15576" started-at="2020-12-10T14:52:08Z" finished-at="2020-12-10T14:52:24Z">
          <reporter-output>
          </reporter-output>
        </test-method> <!-- beforeClass -->
        <test-method status="PASS" signature="ingresar()[pri:0, instance:com.timp.test.DFG.SPED.EFDICMSIPI.EFDICMSIPICriar@f2f2cc1]" name="ingresar" duration-ms="8454" started-at="2020-12-10T14:52:24Z" finished-at="2020-12-10T14:52:32Z">
          <reporter-output>
          </reporter-output>
        </test-method> <!-- ingresar -->
        <test-method status="PASS" signature="mdrEntrar()[pri:0, instance:com.timp.test.DFG.SPED.EFDICMSIPI.EFDICMSIPICriar@f2f2cc1]" name="mdrEntrar" duration-ms="29885" started-at="2020-12-10T14:52:32Z" finished-at="2020-12-10T14:53:02Z">
          <reporter-output>
          </reporter-output>
        </test-method> <!-- mdrEntrar -->
        <test-method status="PASS" signature="criar()[pri:0, instance:com.timp.test.DFG.SPED.EFDICMSIPI.EFDICMSIPICriar@f2f2cc1]" name="criar" duration-ms="71009" started-at="2020-12-10T14:53:02Z" finished-at="2020-12-10T14:54:13Z">
          <reporter-output>
          </reporter-output>
        </test-method> <!-- criar -->
        <test-method status="PASS" signature="editar()[pri:0, instance:com.timp.test.DFG.SPED.EFDICMSIPI.EFDICMSIPICriar@f2f2cc1]" name="editar" duration-ms="1" started-at="2020-12-10T14:54:13Z" finished-at="2020-12-10T14:54:13Z">
          <reporter-output>
          </reporter-output>
        </test-method> <!-- editar -->
        <test-method status="PASS" signature="informacoes()[pri:0, instance:com.timp.test.DFG.SPED.EFDICMSIPI.EFDICMSIPICriar@f2f2cc1]" name="informacoes" duration-ms="26811" started-at="2020-12-10T14:54:13Z" finished-at="2020-12-10T14:54:40Z">
          <reporter-output>
          </reporter-output>
        </test-method> <!-- informacoes -->
        <test-method status="PASS" signature="blocoApuracao()[pri:0, instance:com.timp.test.DFG.SPED.EFDICMSIPI.EFDICMSIPICriar@f2f2cc1]" name="blocoApuracao" duration-ms="39972" started-at="2020-12-10T14:54:40Z" finished-at="2020-12-10T14:55:20Z">
          <reporter-output>
          </reporter-output>
        </test-method> <!-- blocoApuracao -->
        <test-method status="PASS" signature="afterClass()[pri:0, instance:com.timp.test.DFG.SPED.EFDICMSIPI.EFDICMSIPICriar@f2f2cc1]" name="afterClass" is-config="true" duration-ms="0" started-at="2020-12-10T14:55:20Z" finished-at="2020-12-10T14:55:20Z">
          <reporter-output>
          </reporter-output>
        </test-method> <!-- afterClass -->
      </class> <!-- com.timp.test.DFG.SPED.EFDICMSIPI.EFDICMSIPICriar -->
    </test> <!-- Default test -->
  </suite> <!-- Default suite -->
</testng-results>
