<?xml version="1.0" encoding="UTF-8"?>
<testng-results total="3" passed="3" failed="0" skipped="0">
  <reporter-output>
  </reporter-output>
  <suite started-at="2021-01-15T21:38:42Z" name="Default suite" finished-at="2021-01-15T21:40:50Z" duration-ms="127907">
    <groups>
    </groups>
    <test started-at="2021-01-15T21:38:42Z" name="Default test" finished-at="2021-01-15T21:40:50Z" duration-ms="127907">
      <class name="com.timp.test.BRE.RegrasdeAuditoriaN2.RegrasDeAuditoriaN2EdicaoRelacionamento">
        <test-method is-config="true" signature="beforeClass()[pri:0, instance:com.timp.test.BRE.RegrasdeAuditoriaN2.RegrasDeAuditoriaN2EdicaoRelacionamento@5a5338df]" started-at="2021-01-15T15:38:42Z" name="beforeClass" finished-at="2021-01-15T15:38:55Z" duration-ms="12536" status="PASS">
          <reporter-output>
          </reporter-output>
        </test-method> <!-- beforeClass -->
        <test-method signature="login()[pri:0, instance:com.timp.test.BRE.RegrasdeAuditoriaN2.RegrasDeAuditoriaN2EdicaoRelacionamento@5a5338df]" started-at="2021-01-15T15:38:55Z" name="login" finished-at="2021-01-15T15:39:03Z" duration-ms="7961" status="PASS">
          <reporter-output>
          </reporter-output>
        </test-method> <!-- login -->
        <test-method signature="acessarBRE()[pri:0, instance:com.timp.test.BRE.RegrasdeAuditoriaN2.RegrasDeAuditoriaN2EdicaoRelacionamento@5a5338df]" started-at="2021-01-15T15:39:03Z" name="acessarBRE" finished-at="2021-01-15T15:39:18Z" duration-ms="15488" status="PASS">
          <reporter-output>
          </reporter-output>
        </test-method> <!-- acessarBRE -->
        <test-method signature="editar()[pri:0, instance:com.timp.test.BRE.RegrasdeAuditoriaN2.RegrasDeAuditoriaN2EdicaoRelacionamento@5a5338df]" started-at="2021-01-15T15:39:18Z" name="editar" finished-at="2021-01-15T15:40:50Z" duration-ms="91903" status="PASS">
          <reporter-output>
          </reporter-output>
        </test-method> <!-- editar -->
        <test-method is-config="true" signature="afterClass()[pri:0, instance:com.timp.test.BRE.RegrasdeAuditoriaN2.RegrasDeAuditoriaN2EdicaoRelacionamento@5a5338df]" started-at="2021-01-15T15:40:50Z" name="afterClass" finished-at="2021-01-15T15:40:50Z" duration-ms="0" status="PASS">
          <reporter-output>
          </reporter-output>
        </test-method> <!-- afterClass -->
      </class> <!-- com.timp.test.BRE.RegrasdeAuditoriaN2.RegrasDeAuditoriaN2EdicaoRelacionamento -->
    </test> <!-- Default test -->
  </suite> <!-- Default suite -->
</testng-results>
