<?xml version="1.0" encoding="UTF-8"?>
<testng-results skipped="0" failed="0" total="3" passed="3">
  <reporter-output>
  </reporter-output>
  <suite name="Default suite" duration-ms="70381" started-at="2020-07-27T18:12:22Z" finished-at="2020-07-27T18:13:33Z">
    <groups>
    </groups>
    <test name="Default test" duration-ms="70381" started-at="2020-07-27T18:12:22Z" finished-at="2020-07-27T18:13:33Z">
      <class name="com.timp.test.BRB.Editar">
        <test-method status="PASS" signature="beforeClass()[pri:0, instance:com.timp.test.BRB.Editar@341b80b2]" name="beforeClass" is-config="true" duration-ms="11335" started-at="2020-07-27T12:12:22Z" finished-at="2020-07-27T12:12:34Z">
          <reporter-output>
          </reporter-output>
        </test-method> <!-- beforeClass -->
        <test-method status="PASS" signature="login()[pri:0, instance:com.timp.test.BRB.Editar@341b80b2]" name="login" duration-ms="5609" started-at="2020-07-27T12:12:34Z" finished-at="2020-07-27T12:12:39Z">
          <reporter-output>
          </reporter-output>
        </test-method> <!-- login -->
        <test-method status="PASS" signature="brbEntrar()[pri:0, instance:com.timp.test.BRB.Editar@341b80b2]" name="brbEntrar" duration-ms="13502" started-at="2020-07-27T12:12:39Z" finished-at="2020-07-27T12:12:53Z">
          <reporter-output>
          </reporter-output>
        </test-method> <!-- brbEntrar -->
        <test-method status="PASS" signature="editar()[pri:0, instance:com.timp.test.BRB.Editar@341b80b2]" name="editar" duration-ms="39689" started-at="2020-07-27T12:12:53Z" finished-at="2020-07-27T12:13:32Z">
          <reporter-output>
          </reporter-output>
        </test-method> <!-- editar -->
        <test-method status="PASS" signature="afterClass()[pri:0, instance:com.timp.test.BRB.Editar@341b80b2]" name="afterClass" is-config="true" duration-ms="232" started-at="2020-07-27T12:13:32Z" finished-at="2020-07-27T12:13:33Z">
          <reporter-output>
          </reporter-output>
        </test-method> <!-- afterClass -->
      </class> <!-- com.timp.test.BRB.Editar -->
    </test> <!-- Default test -->
  </suite> <!-- Default suite -->
</testng-results>
