<?xml version="1.0" encoding="UTF-8"?>
<testng-results skipped="0" failed="0" total="3" passed="3">
  <reporter-output>
  </reporter-output>
  <suite name="Default suite" duration-ms="139855" started-at="2020-10-06T02:49:15Z" finished-at="2020-10-06T02:51:35Z">
    <groups>
    </groups>
    <test name="Default test" duration-ms="139855" started-at="2020-10-06T02:49:15Z" finished-at="2020-10-06T02:51:35Z">
      <class name="com.timp.test.MDR.OcorrenciaFiscal.StatusOcorrenciaFiscal.StatusOcorrenciaFiscalCriar">
        <test-method status="PASS" signature="beforeClass()[pri:0, instance:com.timp.test.MDR.OcorrenciaFiscal.StatusOcorrenciaFiscal.StatusOcorrenciaFiscalCriar@b62fe6d]" name="beforeClass" is-config="true" duration-ms="11549" started-at="2020-10-05T20:49:15Z" finished-at="2020-10-05T20:49:26Z">
          <reporter-output>
          </reporter-output>
        </test-method> <!-- beforeClass -->
        <test-method status="PASS" signature="login()[pri:0, instance:com.timp.test.MDR.OcorrenciaFiscal.StatusOcorrenciaFiscal.StatusOcorrenciaFiscalCriar@b62fe6d]" name="login" duration-ms="7052" started-at="2020-10-05T20:49:26Z" finished-at="2020-10-05T20:49:33Z">
          <reporter-output>
          </reporter-output>
        </test-method> <!-- login -->
        <test-method status="PASS" signature="acessarMDR()[pri:0, instance:com.timp.test.MDR.OcorrenciaFiscal.StatusOcorrenciaFiscal.StatusOcorrenciaFiscalCriar@b62fe6d]" name="acessarMDR" duration-ms="32043" started-at="2020-10-05T20:49:33Z" finished-at="2020-10-05T20:50:06Z">
          <reporter-output>
          </reporter-output>
        </test-method> <!-- acessarMDR -->
        <test-method status="PASS" signature="criar()[pri:0, instance:com.timp.test.MDR.OcorrenciaFiscal.StatusOcorrenciaFiscal.StatusOcorrenciaFiscalCriar@b62fe6d]" name="criar" duration-ms="89193" started-at="2020-10-05T20:50:06Z" finished-at="2020-10-05T20:51:35Z">
          <reporter-output>
          </reporter-output>
        </test-method> <!-- criar -->
      </class> <!-- com.timp.test.MDR.OcorrenciaFiscal.StatusOcorrenciaFiscal.StatusOcorrenciaFiscalCriar -->
    </test> <!-- Default test -->
  </suite> <!-- Default suite -->
</testng-results>
