<?xml version="1.0" encoding="UTF-8"?>
<testng-results total="3" passed="3" failed="0" skipped="0">
  <reporter-output>
  </reporter-output>
  <suite started-at="2020-11-20T22:55:33Z" name="Default suite" finished-at="2020-11-20T22:57:45Z" duration-ms="132515">
    <groups>
    </groups>
    <test started-at="2020-11-20T22:55:33Z" name="Default test" finished-at="2020-11-20T22:57:45Z" duration-ms="132515">
      <class name="com.timp.test.BRE.RegrasDeEscrituração.RegrasDeEscrituraçãoCriarMasCaminho">
        <test-method is-config="true" signature="beforeClass()[pri:0, instance:com.timp.test.BRE.RegrasDeEscrituração.RegrasDeEscrituraçãoCriarMasCaminho@10f7f7de]" started-at="2020-11-20T16:55:33Z" name="beforeClass" finished-at="2020-11-20T16:55:47Z" duration-ms="14480" status="PASS">
          <reporter-output>
          </reporter-output>
        </test-method> <!-- beforeClass -->
        <test-method signature="login()[pri:0, instance:com.timp.test.BRE.RegrasDeEscrituração.RegrasDeEscrituraçãoCriarMasCaminho@10f7f7de]" started-at="2020-11-20T16:55:47Z" name="login" finished-at="2020-11-20T16:55:56Z" duration-ms="8742" status="PASS">
          <reporter-output>
          </reporter-output>
        </test-method> <!-- login -->
        <test-method signature="acessarBRE()[pri:0, instance:com.timp.test.BRE.RegrasDeEscrituração.RegrasDeEscrituraçãoCriarMasCaminho@10f7f7de]" started-at="2020-11-20T16:55:56Z" name="acessarBRE" finished-at="2020-11-20T16:56:09Z" duration-ms="13527" status="PASS">
          <reporter-output>
          </reporter-output>
        </test-method> <!-- acessarBRE -->
        <test-method signature="criar()[pri:0, instance:com.timp.test.BRE.RegrasDeEscrituração.RegrasDeEscrituraçãoCriarMasCaminho@10f7f7de]" started-at="2020-11-20T16:56:09Z" name="criar" finished-at="2020-11-20T16:57:45Z" duration-ms="95739" status="PASS">
          <reporter-output>
          </reporter-output>
        </test-method> <!-- criar -->
        <test-method is-config="true" signature="afterClass()[pri:0, instance:com.timp.test.BRE.RegrasDeEscrituração.RegrasDeEscrituraçãoCriarMasCaminho@10f7f7de]" started-at="2020-11-20T16:57:45Z" name="afterClass" finished-at="2020-11-20T16:57:45Z" duration-ms="1" status="PASS">
          <reporter-output>
          </reporter-output>
        </test-method> <!-- afterClass -->
      </class> <!-- com.timp.test.BRE.RegrasDeEscrituração.RegrasDeEscrituraçãoCriarMasCaminho -->
    </test> <!-- Default test -->
  </suite> <!-- Default suite -->
</testng-results>
