<?xml version="1.0" encoding="UTF-8"?>
<testng-results skipped="0" failed="0" total="3" passed="3">
  <reporter-output>
  </reporter-output>
  <suite name="Default suite" duration-ms="85870" started-at="2020-07-29T21:56:52Z" finished-at="2020-07-29T21:58:18Z">
    <groups>
    </groups>
    <test name="Default test" duration-ms="85870" started-at="2020-07-29T21:56:52Z" finished-at="2020-07-29T21:58:18Z">
      <class name="com.timp.test.MDR.CEP.Municipio.MunicipioEliminar">
        <test-method status="PASS" signature="beforeClass()[pri:0, instance:com.timp.test.MDR.CEP.Municipio.MunicipioEliminar@35083305]" name="beforeClass" is-config="true" duration-ms="15309" started-at="2020-07-29T15:56:52Z" finished-at="2020-07-29T15:57:07Z">
          <reporter-output>
          </reporter-output>
        </test-method> <!-- beforeClass -->
        <test-method status="PASS" signature="login()[pri:0, instance:com.timp.test.MDR.CEP.Municipio.MunicipioEliminar@35083305]" name="login" duration-ms="12966" started-at="2020-07-29T15:57:07Z" finished-at="2020-07-29T15:57:20Z">
          <reporter-output>
          </reporter-output>
        </test-method> <!-- login -->
        <test-method status="PASS" signature="acessarMDR()[pri:0, instance:com.timp.test.MDR.CEP.Municipio.MunicipioEliminar@35083305]" name="acessarMDR" duration-ms="11117" started-at="2020-07-29T15:57:20Z" finished-at="2020-07-29T15:57:31Z">
          <reporter-output>
          </reporter-output>
        </test-method> <!-- acessarMDR -->
        <test-method status="PASS" signature="filtro()[pri:0, instance:com.timp.test.MDR.CEP.Municipio.MunicipioEliminar@35083305]" name="filtro" duration-ms="46459" started-at="2020-07-29T15:57:31Z" finished-at="2020-07-29T15:58:18Z">
          <reporter-output>
          </reporter-output>
        </test-method> <!-- filtro -->
      </class> <!-- com.timp.test.MDR.CEP.Municipio.MunicipioEliminar -->
    </test> <!-- Default test -->
  </suite> <!-- Default suite -->
</testng-results>
