<?xml version="1.0" encoding="UTF-8"?>
<testng-results skipped="0" failed="0" total="3" passed="3">
  <reporter-output>
  </reporter-output>
  <suite name="Default suite" duration-ms="238465" started-at="2020-11-25T21:04:52Z" finished-at="2020-11-25T21:08:51Z">
    <groups>
    </groups>
    <test name="Default test" duration-ms="238465" started-at="2020-11-25T21:04:52Z" finished-at="2020-11-25T21:08:51Z">
      <class name="com.timp.test.DFG.Configuracoes.ConfiguracoesCriar">
        <test-method status="PASS" signature="beforeClass()[pri:0, instance:com.timp.test.DFG.Configuracoes.ConfiguracoesCriar@f2f2cc1]" name="beforeClass" is-config="true" duration-ms="18187" started-at="2020-11-25T15:04:52Z" finished-at="2020-11-25T15:05:10Z">
          <reporter-output>
          </reporter-output>
        </test-method> <!-- beforeClass -->
        <test-method status="PASS" signature="ingresar()[pri:0, instance:com.timp.test.DFG.Configuracoes.ConfiguracoesCriar@f2f2cc1]" name="ingresar" duration-ms="7598" started-at="2020-11-25T15:05:10Z" finished-at="2020-11-25T15:05:18Z">
          <reporter-output>
          </reporter-output>
        </test-method> <!-- ingresar -->
        <test-method status="PASS" signature="mdrEntrar()[pri:0, instance:com.timp.test.DFG.Configuracoes.ConfiguracoesCriar@f2f2cc1]" name="mdrEntrar" duration-ms="15528" started-at="2020-11-25T15:05:18Z" finished-at="2020-11-25T15:05:33Z">
          <reporter-output>
          </reporter-output>
        </test-method> <!-- mdrEntrar -->
        <test-method status="PASS" signature="criar()[pri:0, instance:com.timp.test.DFG.Configuracoes.ConfiguracoesCriar@f2f2cc1]" name="criar" duration-ms="192688" started-at="2020-11-25T15:05:33Z" finished-at="2020-11-25T15:08:46Z">
          <reporter-output>
          </reporter-output>
        </test-method> <!-- criar -->
        <test-method status="PASS" signature="afterClass()[pri:0, instance:com.timp.test.DFG.Configuracoes.ConfiguracoesCriar@f2f2cc1]" name="afterClass" is-config="true" duration-ms="4443" started-at="2020-11-25T15:08:46Z" finished-at="2020-11-25T15:08:51Z">
          <reporter-output>
          </reporter-output>
        </test-method> <!-- afterClass -->
      </class> <!-- com.timp.test.DFG.Configuracoes.ConfiguracoesCriar -->
    </test> <!-- Default test -->
  </suite> <!-- Default suite -->
</testng-results>
