<?xml version="1.0" encoding="UTF-8"?>
<testng-results ignored="0" total="3" passed="3" failed="0" skipped="0">
  <reporter-output>
  </reporter-output>
  <suite started-at="2021-04-26T00:06:47Z" name="Suite" finished-at="2021-04-26T00:11:38Z" duration-ms="291018">
    <groups>
    </groups>
    <test started-at="2021-04-26T00:06:47Z" name="ParametrosModeloDeApuracaoTP" finished-at="2021-04-26T00:11:38Z" duration-ms="291018">
      <class name="com.timp.test.MDR.PrecoDeTransferencia.ParametrosModeloDeApuracaoTP.ParametrosModeloDeApuracaoTPDetalhes">
        <test-method is-config="true" signature="beforeClass()[pri:0, instance:com.timp.test.MDR.PrecoDeTransferencia.ParametrosModeloDeApuracaoTP.ParametrosModeloDeApuracaoTPDetalhes@4397ad89]" started-at="2021-04-26T00:08:40Z" name="beforeClass" finished-at="2021-04-26T00:08:55Z" duration-ms="14081" status="PASS">
          <reporter-output>
          </reporter-output>
        </test-method> <!-- beforeClass -->
        <test-method signature="Detalhes()[pri:0, instance:com.timp.test.MDR.PrecoDeTransferencia.ParametrosModeloDeApuracaoTP.ParametrosModeloDeApuracaoTPDetalhes@4397ad89]" started-at="2021-04-26T00:08:55Z" name="Detalhes" finished-at="2021-04-26T00:10:09Z" duration-ms="73958" status="PASS">
          <reporter-output>
          </reporter-output>
        </test-method> <!-- Detalhes -->
        <test-method is-config="true" signature="afterClass()[pri:0, instance:com.timp.test.MDR.PrecoDeTransferencia.ParametrosModeloDeApuracaoTP.ParametrosModeloDeApuracaoTPDetalhes@4397ad89]" started-at="2021-04-26T00:10:09Z" name="afterClass" finished-at="2021-04-26T00:10:09Z" duration-ms="190" status="PASS">
          <reporter-output>
          </reporter-output>
        </test-method> <!-- afterClass -->
      </class> <!-- com.timp.test.MDR.PrecoDeTransferencia.ParametrosModeloDeApuracaoTP.ParametrosModeloDeApuracaoTPDetalhes -->
      <class name="com.timp.test.MDR.PrecoDeTransferencia.ParametrosModeloDeApuracaoTP.ParametrosModeloDeApuracaoTPExcluir">
        <test-method is-config="true" signature="beforeClass()[pri:0, instance:com.timp.test.MDR.PrecoDeTransferencia.ParametrosModeloDeApuracaoTP.ParametrosModeloDeApuracaoTPExcluir@59cba5a]" started-at="2021-04-26T00:10:09Z" name="beforeClass" finished-at="2021-04-26T00:10:21Z" duration-ms="12037" status="PASS">
          <reporter-output>
          </reporter-output>
        </test-method> <!-- beforeClass -->
        <test-method signature="excluir()[pri:0, instance:com.timp.test.MDR.PrecoDeTransferencia.ParametrosModeloDeApuracaoTP.ParametrosModeloDeApuracaoTPExcluir@59cba5a]" started-at="2021-04-26T00:10:21Z" name="excluir" finished-at="2021-04-26T00:11:38Z" duration-ms="77413" status="PASS">
          <reporter-output>
          </reporter-output>
        </test-method> <!-- excluir -->
        <test-method is-config="true" signature="afterClass()[pri:0, instance:com.timp.test.MDR.PrecoDeTransferencia.ParametrosModeloDeApuracaoTP.ParametrosModeloDeApuracaoTPExcluir@59cba5a]" started-at="2021-04-26T00:11:38Z" name="afterClass" finished-at="2021-04-26T00:11:38Z" duration-ms="0" status="PASS">
          <reporter-output>
          </reporter-output>
        </test-method> <!-- afterClass -->
      </class> <!-- com.timp.test.MDR.PrecoDeTransferencia.ParametrosModeloDeApuracaoTP.ParametrosModeloDeApuracaoTPExcluir -->
      <class name="com.timp.test.MDR.PrecoDeTransferencia.ParametrosModeloDeApuracaoTP.ParametrosModeloDeApuracaoTPCriar">
        <test-method is-config="true" signature="beforeClass()[pri:0, instance:com.timp.test.MDR.PrecoDeTransferencia.ParametrosModeloDeApuracaoTP.ParametrosModeloDeApuracaoTPCriar@341814d3]" started-at="2021-04-26T00:06:47Z" name="beforeClass" finished-at="2021-04-26T00:06:59Z" duration-ms="12267" status="PASS">
          <reporter-output>
          </reporter-output>
        </test-method> <!-- beforeClass -->
        <test-method signature="criar()[pri:0, instance:com.timp.test.MDR.PrecoDeTransferencia.ParametrosModeloDeApuracaoTP.ParametrosModeloDeApuracaoTPCriar@341814d3]" started-at="2021-04-26T00:06:59Z" name="criar" finished-at="2021-04-26T00:08:40Z" duration-ms="101021" status="PASS">
          <reporter-output>
          </reporter-output>
        </test-method> <!-- criar -->
        <test-method is-config="true" signature="afterClass()[pri:0, instance:com.timp.test.MDR.PrecoDeTransferencia.ParametrosModeloDeApuracaoTP.ParametrosModeloDeApuracaoTPCriar@341814d3]" started-at="2021-04-26T00:08:40Z" name="afterClass" finished-at="2021-04-26T00:08:40Z" duration-ms="1" status="PASS">
          <reporter-output>
          </reporter-output>
        </test-method> <!-- afterClass -->
      </class> <!-- com.timp.test.MDR.PrecoDeTransferencia.ParametrosModeloDeApuracaoTP.ParametrosModeloDeApuracaoTPCriar -->
    </test> <!-- ParametrosModeloDeApuracaoTP -->
  </suite> <!-- Suite -->
</testng-results>
