<?xml version="1.0" encoding="UTF-8"?>
<testng-results total="3" passed="3" failed="0" skipped="0">
  <reporter-output>
  </reporter-output>
  <suite started-at="2020-10-29T20:34:49Z" name="Default suite" finished-at="2020-10-29T20:36:39Z" duration-ms="109824">
    <groups>
    </groups>
    <test started-at="2020-10-29T20:34:49Z" name="Default test" finished-at="2020-10-29T20:36:39Z" duration-ms="109824">
      <class name="com.timp.test.MDR.TabelasApoioESocial.Tabela07.TiposDeDependentesExcluir">
        <test-method is-config="true" signature="beforeClass()[pri:0, instance:com.timp.test.MDR.TabelasApoioESocial.Tabela07.TiposDeDependentesExcluir@f78a47e]" started-at="2020-10-29T17:34:49Z" name="beforeClass" finished-at="2020-10-29T17:35:04Z" duration-ms="14202" status="PASS">
          <reporter-output>
          </reporter-output>
        </test-method> <!-- beforeClass -->
        <test-method signature="login()[pri:0, instance:com.timp.test.MDR.TabelasApoioESocial.Tabela07.TiposDeDependentesExcluir@f78a47e]" started-at="2020-10-29T17:35:04Z" name="login" finished-at="2020-10-29T17:35:13Z" duration-ms="8956" status="PASS">
          <reporter-output>
          </reporter-output>
        </test-method> <!-- login -->
        <test-method signature="acessarMDR()[pri:0, instance:com.timp.test.MDR.TabelasApoioESocial.Tabela07.TiposDeDependentesExcluir@f78a47e]" started-at="2020-10-29T17:35:13Z" name="acessarMDR" finished-at="2020-10-29T17:35:24Z" duration-ms="11153" status="PASS">
          <reporter-output>
          </reporter-output>
        </test-method> <!-- acessarMDR -->
        <test-method signature="excluir()[pri:0, instance:com.timp.test.MDR.TabelasApoioESocial.Tabela07.TiposDeDependentesExcluir@f78a47e]" started-at="2020-10-29T17:35:24Z" name="excluir" finished-at="2020-10-29T17:36:39Z" duration-ms="75452" status="PASS">
          <reporter-output>
          </reporter-output>
        </test-method> <!-- excluir -->
        <test-method is-config="true" signature="afterClass()[pri:0, instance:com.timp.test.MDR.TabelasApoioESocial.Tabela07.TiposDeDependentesExcluir@f78a47e]" started-at="2020-10-29T17:36:39Z" name="afterClass" finished-at="2020-10-29T17:36:39Z" duration-ms="45" status="PASS">
          <reporter-output>
          </reporter-output>
        </test-method> <!-- afterClass -->
      </class> <!-- com.timp.test.MDR.TabelasApoioESocial.Tabela07.TiposDeDependentesExcluir -->
    </test> <!-- Default test -->
  </suite> <!-- Default suite -->
</testng-results>
