<?xml version="1.0" encoding="UTF-8"?>
<testng-results skipped="0" failed="0" total="3" passed="3">
  <reporter-output>
  </reporter-output>
  <suite name="Default suite" duration-ms="131358" started-at="2020-09-03T12:43:39Z" finished-at="2020-09-03T12:45:51Z">
    <groups>
    </groups>
    <test name="Default test" duration-ms="131358" started-at="2020-09-03T12:43:39Z" finished-at="2020-09-03T12:45:51Z">
      <class name="com.timp.test.MDR.TabelasComplementaresParaObrigaçoesAcessorias.TabelaDeIsencoes.TabelaDeIsencoesEditar">
        <test-method status="PASS" signature="beforeClass()[pri:0, instance:com.timp.test.MDR.TabelasComplementaresParaObrigaçoesAcessorias.TabelaDeIsencoes.TabelaDeIsencoesEditar@2aa5fe93]" name="beforeClass" is-config="true" duration-ms="20532" started-at="2020-09-03T09:43:39Z" finished-at="2020-09-03T09:44:00Z">
          <reporter-output>
          </reporter-output>
        </test-method> <!-- beforeClass -->
        <test-method status="PASS" signature="login()[pri:0, instance:com.timp.test.MDR.TabelasComplementaresParaObrigaçoesAcessorias.TabelaDeIsencoes.TabelaDeIsencoesEditar@2aa5fe93]" name="login" duration-ms="9774" started-at="2020-09-03T09:44:00Z" finished-at="2020-09-03T09:44:10Z">
          <reporter-output>
          </reporter-output>
        </test-method> <!-- login -->
        <test-method status="PASS" signature="acessarMDR()[pri:0, instance:com.timp.test.MDR.TabelasComplementaresParaObrigaçoesAcessorias.TabelaDeIsencoes.TabelaDeIsencoesEditar@2aa5fe93]" name="acessarMDR" duration-ms="11882" started-at="2020-09-03T09:44:10Z" finished-at="2020-09-03T09:44:21Z">
          <reporter-output>
          </reporter-output>
        </test-method> <!-- acessarMDR -->
        <test-method status="PASS" signature="editar()[pri:0, instance:com.timp.test.MDR.TabelasComplementaresParaObrigaçoesAcessorias.TabelaDeIsencoes.TabelaDeIsencoesEditar@2aa5fe93]" name="editar" duration-ms="89141" started-at="2020-09-03T09:44:21Z" finished-at="2020-09-03T09:45:51Z">
          <reporter-output>
          </reporter-output>
        </test-method> <!-- editar -->
      </class> <!-- com.timp.test.MDR.TabelasComplementaresParaObrigaçoesAcessorias.TabelaDeIsencoes.TabelaDeIsencoesEditar -->
    </test> <!-- Default test -->
  </suite> <!-- Default suite -->
</testng-results>
