<?xml version="1.0" encoding="UTF-8"?>
<testng-results ignored="0" total="1" passed="1" failed="0" skipped="0">
  <reporter-output>
  </reporter-output>
  <suite started-at="2021-05-14T00:34:06Z" name="Default suite" finished-at="2021-05-14T00:36:12Z" duration-ms="126049">
    <groups>
    </groups>
    <test started-at="2021-05-14T00:34:06Z" name="Default test" finished-at="2021-05-14T00:36:12Z" duration-ms="126049">
      <class name="com.timp.test.TAA.Agendamento.AgendamentoCriar">
        <test-method is-config="true" signature="beforeClass()[pri:0, instance:com.timp.test.TAA.Agendamento.AgendamentoCriar@355ce81c]" started-at="2021-05-14T00:34:06Z" name="beforeClass" finished-at="2021-05-14T00:34:23Z" duration-ms="16212" status="PASS">
          <reporter-output>
          </reporter-output>
        </test-method> <!-- beforeClass -->
        <test-method signature="criar()[pri:0, instance:com.timp.test.TAA.Agendamento.AgendamentoCriar@355ce81c]" started-at="2021-05-14T00:34:23Z" name="criar" finished-at="2021-05-14T00:36:08Z" duration-ms="105591" status="PASS">
          <reporter-output>
          </reporter-output>
        </test-method> <!-- criar -->
        <test-method is-config="true" signature="afterClass()[pri:0, instance:com.timp.test.TAA.Agendamento.AgendamentoCriar@355ce81c]" started-at="2021-05-14T00:36:08Z" name="afterClass" finished-at="2021-05-14T00:36:12Z" duration-ms="4211" status="PASS">
          <reporter-output>
          </reporter-output>
        </test-method> <!-- afterClass -->
      </class> <!-- com.timp.test.TAA.Agendamento.AgendamentoCriar -->
    </test> <!-- Default test -->
  </suite> <!-- Default suite -->
</testng-results>
