<?xml version="1.0" encoding="UTF-8"?>
<testng-results total="3" passed="3" failed="0" skipped="0">
  <reporter-output>
  </reporter-output>
  <suite started-at="2020-12-18T16:01:07Z" name="Default suite" finished-at="2020-12-18T16:04:54Z" duration-ms="227529">
    <groups>
    </groups>
    <test started-at="2020-12-18T16:01:07Z" name="Default test" finished-at="2020-12-18T16:04:54Z" duration-ms="227529">
      <class name="com.timp.test.SCANC.RelatoriosRefineriaGerados.RelatorioRefinariaGeradosManutencaoCriarLancamentoVisualizacaoAnexo">
        <test-method is-config="true" signature="beforeClass()[pri:0, instance:com.timp.test.SCANC.RelatoriosRefineriaGerados.RelatorioRefinariaGeradosManutencaoCriarLancamentoVisualizacaoAnexo@73a8da0f]" started-at="2020-12-18T10:01:07Z" name="beforeClass" finished-at="2020-12-18T10:01:24Z" duration-ms="16594" status="PASS">
          <reporter-output>
          </reporter-output>
        </test-method> <!-- beforeClass -->
        <test-method signature="ingresar()[pri:0, instance:com.timp.test.SCANC.RelatoriosRefineriaGerados.RelatorioRefinariaGeradosManutencaoCriarLancamentoVisualizacaoAnexo@73a8da0f]" started-at="2020-12-18T10:01:24Z" name="ingresar" finished-at="2020-12-18T10:01:32Z" duration-ms="8622" status="PASS">
          <reporter-output>
          </reporter-output>
        </test-method> <!-- ingresar -->
        <test-method signature="scancEntrar()[pri:0, instance:com.timp.test.SCANC.RelatoriosRefineriaGerados.RelatorioRefinariaGeradosManutencaoCriarLancamentoVisualizacaoAnexo@73a8da0f]" started-at="2020-12-18T10:01:32Z" name="scancEntrar" finished-at="2020-12-18T10:02:00Z" duration-ms="27868" status="PASS">
          <reporter-output>
          </reporter-output>
        </test-method> <!-- scancEntrar -->
        <test-method signature="manutencaoCriarLancamentoVisualizacaoAnexo()[pri:0, instance:com.timp.test.SCANC.RelatoriosRefineriaGerados.RelatorioRefinariaGeradosManutencaoCriarLancamentoVisualizacaoAnexo@73a8da0f]" started-at="2020-12-18T10:02:00Z" name="manutencaoCriarLancamentoVisualizacaoAnexo" finished-at="2020-12-18T10:04:54Z" duration-ms="174427" status="PASS">
          <reporter-output>
          </reporter-output>
        </test-method> <!-- manutencaoCriarLancamentoVisualizacaoAnexo -->
        <test-method is-config="true" signature="afterClass()[pri:0, instance:com.timp.test.SCANC.RelatoriosRefineriaGerados.RelatorioRefinariaGeradosManutencaoCriarLancamentoVisualizacaoAnexo@73a8da0f]" started-at="2020-12-18T10:04:54Z" name="afterClass" finished-at="2020-12-18T10:04:54Z" duration-ms="0" status="PASS">
          <reporter-output>
          </reporter-output>
        </test-method> <!-- afterClass -->
      </class> <!-- com.timp.test.SCANC.RelatoriosRefineriaGerados.RelatorioRefinariaGeradosManutencaoCriarLancamentoVisualizacaoAnexo -->
    </test> <!-- Default test -->
  </suite> <!-- Default suite -->
</testng-results>
