<?xml version="1.0" encoding="UTF-8"?>
<testng-results total="3" passed="3" failed="0" skipped="0">
  <reporter-output>
  </reporter-output>
  <suite started-at="2020-07-28T01:52:22Z" name="Default suite" finished-at="2020-07-28T01:56:16Z" duration-ms="234421">
    <groups>
    </groups>
    <test started-at="2020-07-28T01:52:22Z" name="Default test" finished-at="2020-07-28T01:56:16Z" duration-ms="234421">
      <class name="com.timp.test.MDR.Tributos.TributosExcluir">
        <test-method is-config="true" signature="beforeClass()[pri:0, instance:com.timp.test.MDR.Tributos.TributosExcluir@4c1909a3]" started-at="2020-07-27T19:52:22Z" name="beforeClass" finished-at="2020-07-27T19:53:57Z" duration-ms="94629" status="PASS">
          <reporter-output>
          </reporter-output>
        </test-method> <!-- beforeClass -->
        <test-method signature="login()[pri:0, instance:com.timp.test.MDR.Tributos.TributosExcluir@4c1909a3]" started-at="2020-07-27T19:53:57Z" name="login" finished-at="2020-07-27T19:54:08Z" duration-ms="10986" status="PASS">
          <reporter-output>
          </reporter-output>
        </test-method> <!-- login -->
        <test-method signature="acessarMDR()[pri:0, instance:com.timp.test.MDR.Tributos.TributosExcluir@4c1909a3]" started-at="2020-07-27T19:54:08Z" name="acessarMDR" finished-at="2020-07-27T19:54:48Z" duration-ms="40912" status="PASS">
          <reporter-output>
          </reporter-output>
        </test-method> <!-- acessarMDR -->
        <test-method signature="tributosExcluir()[pri:0, instance:com.timp.test.MDR.Tributos.TributosExcluir@4c1909a3]" started-at="2020-07-27T19:54:48Z" name="tributosExcluir" finished-at="2020-07-27T19:56:16Z" duration-ms="87852" status="PASS">
          <reporter-output>
          </reporter-output>
        </test-method> <!-- tributosExcluir -->
        <test-method is-config="true" signature="afterClass()[pri:0, instance:com.timp.test.MDR.Tributos.TributosExcluir@4c1909a3]" started-at="2020-07-27T19:56:16Z" name="afterClass" finished-at="2020-07-27T19:56:16Z" duration-ms="1" status="PASS">
          <reporter-output>
          </reporter-output>
        </test-method> <!-- afterClass -->
      </class> <!-- com.timp.test.MDR.Tributos.TributosExcluir -->
    </test> <!-- Default test -->
  </suite> <!-- Default suite -->
</testng-results>
