<?xml version="1.0" encoding="UTF-8"?>
<testng-results skipped="0" failed="0" total="3" passed="3">
  <reporter-output>
  </reporter-output>
  <suite name="Default suite" duration-ms="80832" started-at="2021-01-27T22:25:32Z" finished-at="2021-01-27T22:26:53Z">
    <groups>
    </groups>
    <test name="Default test" duration-ms="80832" started-at="2021-01-27T22:25:32Z" finished-at="2021-01-27T22:26:53Z">
      <class name="com.timp.test.SCANC.OficiosExtemporaneos.OficiosExtemporaneosFiltrosAvancados">
        <test-method status="PASS" signature="beforeClass()[pri:0, instance:com.timp.test.SCANC.OficiosExtemporaneos.OficiosExtemporaneosFiltrosAvancados@3a079870]" name="beforeClass" is-config="true" duration-ms="11359" started-at="2021-01-27T16:25:32Z" finished-at="2021-01-27T16:25:43Z">
          <reporter-output>
          </reporter-output>
        </test-method> <!-- beforeClass -->
        <test-method status="PASS" signature="ingresar()[pri:0, instance:com.timp.test.SCANC.OficiosExtemporaneos.OficiosExtemporaneosFiltrosAvancados@3a079870]" name="ingresar" duration-ms="6559" started-at="2021-01-27T16:25:43Z" finished-at="2021-01-27T16:25:50Z">
          <reporter-output>
          </reporter-output>
        </test-method> <!-- ingresar -->
        <test-method status="PASS" signature="scancEntrar()[pri:0, instance:com.timp.test.SCANC.OficiosExtemporaneos.OficiosExtemporaneosFiltrosAvancados@3a079870]" name="scancEntrar" duration-ms="25697" started-at="2021-01-27T16:25:50Z" finished-at="2021-01-27T16:26:16Z">
          <reporter-output>
          </reporter-output>
        </test-method> <!-- scancEntrar -->
        <test-method status="PASS" signature="filtrosAvancados()[pri:0, instance:com.timp.test.SCANC.OficiosExtemporaneos.OficiosExtemporaneosFiltrosAvancados@3a079870]" name="filtrosAvancados" duration-ms="37192" started-at="2021-01-27T16:26:16Z" finished-at="2021-01-27T16:26:53Z">
          <reporter-output>
          </reporter-output>
        </test-method> <!-- filtrosAvancados -->
        <test-method status="PASS" signature="afterClass()[pri:0, instance:com.timp.test.SCANC.OficiosExtemporaneos.OficiosExtemporaneosFiltrosAvancados@3a079870]" name="afterClass" is-config="true" duration-ms="0" started-at="2021-01-27T16:26:53Z" finished-at="2021-01-27T16:26:53Z">
          <reporter-output>
          </reporter-output>
        </test-method> <!-- afterClass -->
      </class> <!-- com.timp.test.SCANC.OficiosExtemporaneos.OficiosExtemporaneosFiltrosAvancados -->
    </test> <!-- Default test -->
  </suite> <!-- Default suite -->
</testng-results>
