<?xml version="1.0" encoding="UTF-8"?>
<testng-results total="3" passed="3" failed="0" skipped="0">
  <reporter-output>
  </reporter-output>
  <suite started-at="2020-11-25T03:40:01Z" name="Default suite" finished-at="2020-11-25T03:42:32Z" duration-ms="151416">
    <groups>
    </groups>
    <test started-at="2020-11-25T03:40:01Z" name="Default test" finished-at="2020-11-25T03:42:32Z" duration-ms="151416">
      <class name="com.timp.test.BRE.RegrasDeAuditoriaN3.RegrasDeAuditoriaN3CriarMasCriarComCopia">
        <test-method is-config="true" signature="beforeClass()[pri:0, instance:com.timp.test.BRE.RegrasDeAuditoriaN3.RegrasDeAuditoriaN3CriarMasCriarComCopia@10f7f7de]" started-at="2020-11-24T21:40:01Z" name="beforeClass" finished-at="2020-11-24T21:40:17Z" duration-ms="16453" status="PASS">
          <reporter-output>
          </reporter-output>
        </test-method> <!-- beforeClass -->
        <test-method signature="login()[pri:0, instance:com.timp.test.BRE.RegrasDeAuditoriaN3.RegrasDeAuditoriaN3CriarMasCriarComCopia@10f7f7de]" started-at="2020-11-24T21:40:17Z" name="login" finished-at="2020-11-24T21:40:26Z" duration-ms="8461" status="PASS">
          <reporter-output>
          </reporter-output>
        </test-method> <!-- login -->
        <test-method signature="acessarBRE()[pri:0, instance:com.timp.test.BRE.RegrasDeAuditoriaN3.RegrasDeAuditoriaN3CriarMasCriarComCopia@10f7f7de]" started-at="2020-11-24T21:40:26Z" name="acessarBRE" finished-at="2020-11-24T21:40:39Z" duration-ms="13363" status="PASS">
          <reporter-output>
          </reporter-output>
        </test-method> <!-- acessarBRE -->
        <test-method signature="criarComCopia()[pri:0, instance:com.timp.test.BRE.RegrasDeAuditoriaN3.RegrasDeAuditoriaN3CriarMasCriarComCopia@10f7f7de]" started-at="2020-11-24T21:40:39Z" name="criarComCopia" finished-at="2020-11-24T21:42:32Z" duration-ms="113069" status="PASS">
          <reporter-output>
          </reporter-output>
        </test-method> <!-- criarComCopia -->
        <test-method is-config="true" signature="afterClass()[pri:0, instance:com.timp.test.BRE.RegrasDeAuditoriaN3.RegrasDeAuditoriaN3CriarMasCriarComCopia@10f7f7de]" started-at="2020-11-24T21:42:32Z" name="afterClass" finished-at="2020-11-24T21:42:32Z" duration-ms="0" status="PASS">
          <reporter-output>
          </reporter-output>
        </test-method> <!-- afterClass -->
      </class> <!-- com.timp.test.BRE.RegrasDeAuditoriaN3.RegrasDeAuditoriaN3CriarMasCriarComCopia -->
    </test> <!-- Default test -->
  </suite> <!-- Default suite -->
</testng-results>
