<?xml version="1.0" encoding="UTF-8"?>
<testng-results ignored="0" total="1" passed="1" failed="0" skipped="0">
  <reporter-output>
  </reporter-output>
  <suite started-at="2021-10-19T22:00:02Z" name="Default suite" finished-at="2021-10-19T22:01:39Z" duration-ms="96477">
    <groups>
    </groups>
    <test started-at="2021-10-19T22:00:02Z" name="Default test" finished-at="2021-10-19T22:01:39Z" duration-ms="96477">
      <class name="com.timp.test.ATR.Estruturas.Estruturas.EstruturasDetalles">
        <test-method is-config="true" signature="beforeClass()[pri:0, instance:com.timp.test.ATR.Estruturas.Estruturas.EstruturasDetalles@2d778add]" started-at="2021-10-19T22:00:02Z" name="beforeClass" finished-at="2021-10-19T22:00:38Z" duration-ms="36059" status="PASS">
          <reporter-output>
          </reporter-output>
        </test-method> <!-- beforeClass -->
        <test-method signature="visualizar()[pri:0, instance:com.timp.test.ATR.Estruturas.Estruturas.EstruturasDetalles@2d778add]" started-at="2021-10-19T22:00:38Z" name="visualizar" finished-at="2021-10-19T22:01:39Z" duration-ms="60394" status="PASS">
          <reporter-output>
          </reporter-output>
        </test-method> <!-- visualizar -->
        <test-method is-config="true" signature="afterClass()[pri:0, instance:com.timp.test.ATR.Estruturas.Estruturas.EstruturasDetalles@2d778add]" started-at="2021-10-19T22:01:39Z" name="afterClass" finished-at="2021-10-19T22:01:39Z" duration-ms="1" status="PASS">
          <reporter-output>
          </reporter-output>
        </test-method> <!-- afterClass -->
      </class> <!-- com.timp.test.ATR.Estruturas.Estruturas.EstruturasDetalles -->
    </test> <!-- Default test -->
  </suite> <!-- Default suite -->
</testng-results>
