<?xml version="1.0" encoding="UTF-8"?>
<testng-results skipped="0" failed="1" ignored="0" total="1" passed="0">
  <reporter-output>
  </reporter-output>
  <suite name="Default suite" duration-ms="198131" started-at="2021-03-19T21:34:41Z" finished-at="2021-03-19T21:37:59Z">
    <groups>
    </groups>
    <test name="Default test" duration-ms="198131" started-at="2021-03-19T21:34:41Z" finished-at="2021-03-19T21:37:59Z">
      <class name="com.timp.test.MDR.ParametrosOficializacaoLivros.ParametrosOficializacaoLivrosCriar">
        <test-method status="PASS" signature="beforeClass()[pri:0, instance:com.timp.test.MDR.ParametrosOficializacaoLivros.ParametrosOficializacaoLivrosCriar@501edcf1]" name="beforeClass" is-config="true" duration-ms="19341" started-at="2021-03-19T21:34:41Z" finished-at="2021-03-19T21:35:01Z">
          <reporter-output>
          </reporter-output>
        </test-method> <!-- beforeClass -->
        <test-method status="FAIL" signature="criar()[pri:0, instance:com.timp.test.MDR.ParametrosOficializacaoLivros.ParametrosOficializacaoLivrosCriar@501edcf1]" name="criar" duration-ms="178761" started-at="2021-03-19T21:35:01Z" finished-at="2021-03-19T21:37:59Z">
          <exception class="java.lang.AssertionError">
            <message>
              <![CDATA[O registro não foi criado com sucesso expected [true] but found [false]]]>
            </message>
            <full-stacktrace>
              <![CDATA[java.lang.AssertionError: O registro não foi criado com sucesso expected [true] but found [false]
at org.testng.Assert.fail(Assert.java:96)
at org.testng.Assert.failNotEquals(Assert.java:776)
at org.testng.Assert.assertTrue(Assert.java:44)
at com.timp.test.MDR.ParametrosOficializacaoLivros.ParametrosOficializacaoLivrosCriar.criar(ParametrosOficializacaoLivrosCriar.java:45)
at sun.reflect.NativeMethodAccessorImpl.invoke0(Native Method)
at sun.reflect.NativeMethodAccessorImpl.invoke(Unknown Source)
at sun.reflect.DelegatingMethodAccessorImpl.invoke(Unknown Source)
at java.lang.reflect.Method.invoke(Unknown Source)
at org.testng.internal.MethodInvocationHelper.invokeMethod(MethodInvocationHelper.java:124)
at org.testng.internal.Invoker.invokeMethod(Invoker.java:583)
at org.testng.internal.Invoker.invokeTestMethod(Invoker.java:719)
at org.testng.internal.Invoker.invokeTestMethods(Invoker.java:989)
at org.testng.internal.TestMethodWorker.invokeTestMethods(TestMethodWorker.java:125)
at org.testng.internal.TestMethodWorker.run(TestMethodWorker.java:109)
at org.testng.TestRunner.privateRun(TestRunner.java:648)
at org.testng.TestRunner.run(TestRunner.java:505)
at org.testng.SuiteRunner.runTest(SuiteRunner.java:455)
at org.testng.SuiteRunner.runSequentially(SuiteRunner.java:450)
at org.testng.SuiteRunner.privateRun(SuiteRunner.java:415)
at org.testng.SuiteRunner.run(SuiteRunner.java:364)
at org.testng.SuiteRunnerWorker.runSuite(SuiteRunnerWorker.java:52)
at org.testng.SuiteRunnerWorker.run(SuiteRunnerWorker.java:84)
at org.testng.TestNG.runSuitesSequentially(TestNG.java:1208)
at org.testng.TestNG.runSuitesLocally(TestNG.java:1137)
at org.testng.TestNG.runSuites(TestNG.java:1049)
at org.testng.TestNG.run(TestNG.java:1017)
at org.testng.remote.AbstractRemoteTestNG.run(AbstractRemoteTestNG.java:115)
at org.testng.remote.RemoteTestNG.initAndRun(RemoteTestNG.java:251)
at org.testng.remote.RemoteTestNG.main(RemoteTestNG.java:77)
]]>
            </full-stacktrace>
          </exception> <!-- java.lang.AssertionError -->
          <reporter-output>
          </reporter-output>
        </test-method> <!-- criar -->
        <test-method status="PASS" signature="afterClass()[pri:0, instance:com.timp.test.MDR.ParametrosOficializacaoLivros.ParametrosOficializacaoLivrosCriar@501edcf1]" name="afterClass" is-config="true" duration-ms="0" started-at="2021-03-19T21:37:59Z" finished-at="2021-03-19T21:37:59Z">
          <reporter-output>
          </reporter-output>
        </test-method> <!-- afterClass -->
      </class> <!-- com.timp.test.MDR.ParametrosOficializacaoLivros.ParametrosOficializacaoLivrosCriar -->
    </test> <!-- Default test -->
  </suite> <!-- Default suite -->
</testng-results>
