<?xml version="1.0" encoding="UTF-8"?>
<testng-results ignored="0" total="1" passed="1" failed="0" skipped="0">
  <reporter-output>
  </reporter-output>
  <suite started-at="2021-10-15T19:02:18Z" name="Default suite" finished-at="2021-10-15T19:17:16Z" duration-ms="897827">
    <groups>
    </groups>
    <test started-at="2021-10-15T19:02:18Z" name="Default test" finished-at="2021-10-15T19:17:16Z" duration-ms="897827">
      <class name="com.timp.test.MDR.Ajustes.AssociacaoCodigosAjustes.AssociaçãoCodigoAjusteCriar">
        <test-method is-config="true" signature="beforeClass()[pri:0, instance:com.timp.test.MDR.Ajustes.AssociacaoCodigosAjustes.AssociaçãoCodigoAjusteCriar@1838ccb8]" started-at="2021-10-15T19:02:18Z" name="beforeClass" finished-at="2021-10-15T19:03:38Z" duration-ms="79927" status="PASS">
          <reporter-output>
          </reporter-output>
        </test-method> <!-- beforeClass -->
        <test-method signature="criarAssociaçãoCodigoAjuste()[pri:0, instance:com.timp.test.MDR.Ajustes.AssociacaoCodigosAjustes.AssociaçãoCodigoAjusteCriar@1838ccb8]" started-at="2021-10-15T19:03:38Z" name="criarAssociaçãoCodigoAjuste" finished-at="2021-10-15T19:17:16Z" duration-ms="817885" status="PASS">
          <reporter-output>
          </reporter-output>
        </test-method> <!-- criarAssociaçãoCodigoAjuste -->
        <test-method is-config="true" signature="afterClass()[pri:0, instance:com.timp.test.MDR.Ajustes.AssociacaoCodigosAjustes.AssociaçãoCodigoAjusteCriar@1838ccb8]" started-at="2021-10-15T19:17:16Z" name="afterClass" finished-at="2021-10-15T19:17:16Z" duration-ms="0" status="PASS">
          <reporter-output>
          </reporter-output>
        </test-method> <!-- afterClass -->
      </class> <!-- com.timp.test.MDR.Ajustes.AssociacaoCodigosAjustes.AssociaçãoCodigoAjusteCriar -->
    </test> <!-- Default test -->
  </suite> <!-- Default suite -->
</testng-results>
