<?xml version="1.0" encoding="UTF-8"?>
<testng-results ignored="0" total="3" passed="3" failed="0" skipped="0">
  <reporter-output>
  </reporter-output>
  <suite started-at="2021-12-01T12:48:23Z" name="Default suite" finished-at="2021-12-01T12:53:26Z" duration-ms="303222">
    <groups>
    </groups>
    <test started-at="2021-12-01T12:48:23Z" name="Default test" finished-at="2021-12-01T12:53:26Z" duration-ms="303222">
      <class name="com.timp.test.SCANC.RelatoriosRefineriaGerados.RRGConfiguracaoDeAjustePresquisaPorIDOuCodigoDeAjuste">
        <test-method is-config="true" signature="beforeClass()[pri:0, instance:com.timp.test.SCANC.RelatoriosRefineriaGerados.RRGConfiguracaoDeAjustePresquisaPorIDOuCodigoDeAjuste@2e48362c]" started-at="2021-12-01T12:48:23Z" name="beforeClass" finished-at="2021-12-01T12:48:38Z" duration-ms="15544" status="PASS">
          <reporter-output>
          </reporter-output>
        </test-method> <!-- beforeClass -->
        <test-method signature="ingresar()[pri:0, instance:com.timp.test.SCANC.RelatoriosRefineriaGerados.RRGConfiguracaoDeAjustePresquisaPorIDOuCodigoDeAjuste@2e48362c]" started-at="2021-12-01T12:48:38Z" name="ingresar" finished-at="2021-12-01T12:50:27Z" duration-ms="108230" status="PASS">
          <reporter-output>
          </reporter-output>
        </test-method> <!-- ingresar -->
        <test-method signature="scancEntrar()[pri:1, instance:com.timp.test.SCANC.RelatoriosRefineriaGerados.RRGConfiguracaoDeAjustePresquisaPorIDOuCodigoDeAjuste@2e48362c]" started-at="2021-12-01T12:50:27Z" name="scancEntrar" finished-at="2021-12-01T12:51:43Z" duration-ms="75991" status="PASS">
          <reporter-output>
          </reporter-output>
        </test-method> <!-- scancEntrar -->
        <test-method signature="pesquisar()[pri:2, instance:com.timp.test.SCANC.RelatoriosRefineriaGerados.RRGConfiguracaoDeAjustePresquisaPorIDOuCodigoDeAjuste@2e48362c]" started-at="2021-12-01T12:51:43Z" name="pesquisar" finished-at="2021-12-01T12:53:22Z" duration-ms="99020" status="PASS">
          <reporter-output>
          </reporter-output>
        </test-method> <!-- pesquisar -->
        <test-method is-config="true" signature="afterClass()[pri:0, instance:com.timp.test.SCANC.RelatoriosRefineriaGerados.RRGConfiguracaoDeAjustePresquisaPorIDOuCodigoDeAjuste@2e48362c]" started-at="2021-12-01T12:53:22Z" name="afterClass" finished-at="2021-12-01T12:53:26Z" duration-ms="4411" status="PASS">
          <reporter-output>
          </reporter-output>
        </test-method> <!-- afterClass -->
      </class> <!-- com.timp.test.SCANC.RelatoriosRefineriaGerados.RRGConfiguracaoDeAjustePresquisaPorIDOuCodigoDeAjuste -->
    </test> <!-- Default test -->
  </suite> <!-- Default suite -->
</testng-results>
