<?xml version="1.0" encoding="UTF-8"?>
<testng-results ignored="0" total="3" passed="3" failed="0" skipped="0">
  <reporter-output>
  </reporter-output>
  <suite started-at="2021-04-05T20:53:22Z" name="Default suite" finished-at="2021-04-05T20:56:39Z" duration-ms="196600">
    <groups>
    </groups>
    <test started-at="2021-04-05T20:53:22Z" name="Default test" finished-at="2021-04-05T20:56:39Z" duration-ms="196600">
      <class name="com.timp.test.CALENDAR.Tarefas.TarefasExecutarConfiguracaoBFB">
        <test-method is-config="true" signature="beforeClass()[pri:0, instance:com.timp.test.CALENDAR.Tarefas.TarefasExecutarConfiguracaoBFB@909217e]" started-at="2021-04-05T20:53:22Z" name="beforeClass" finished-at="2021-04-05T20:53:39Z" duration-ms="17464" status="PASS">
          <reporter-output>
          </reporter-output>
        </test-method> <!-- beforeClass -->
        <test-method signature="login()[pri:1, instance:com.timp.test.CALENDAR.Tarefas.TarefasExecutarConfiguracaoBFB@909217e]" started-at="2021-04-05T20:53:39Z" name="login" finished-at="2021-04-05T20:54:31Z" duration-ms="51933" status="PASS">
          <reporter-output>
          </reporter-output>
        </test-method> <!-- login -->
        <test-method signature="acessarCalendar()[pri:2, instance:com.timp.test.CALENDAR.Tarefas.TarefasExecutarConfiguracaoBFB@909217e]" started-at="2021-04-05T20:54:31Z" name="acessarCalendar" finished-at="2021-04-05T20:55:17Z" duration-ms="45498" status="PASS">
          <reporter-output>
          </reporter-output>
        </test-method> <!-- acessarCalendar -->
        <test-method signature="CalendarEntrar()[pri:3, instance:com.timp.test.CALENDAR.Tarefas.TarefasExecutarConfiguracaoBFB@909217e]" started-at="2021-04-05T20:55:17Z" name="CalendarEntrar" finished-at="2021-04-05T20:56:39Z" duration-ms="81622" status="PASS">
          <reporter-output>
          </reporter-output>
        </test-method> <!-- CalendarEntrar -->
        <test-method is-config="true" signature="afterClass()[pri:0, instance:com.timp.test.CALENDAR.Tarefas.TarefasExecutarConfiguracaoBFB@909217e]" started-at="2021-04-05T20:56:39Z" name="afterClass" finished-at="2021-04-05T20:56:39Z" duration-ms="64" status="PASS">
          <reporter-output>
          </reporter-output>
        </test-method> <!-- afterClass -->
      </class> <!-- com.timp.test.CALENDAR.Tarefas.TarefasExecutarConfiguracaoBFB -->
    </test> <!-- Default test -->
  </suite> <!-- Default suite -->
</testng-results>
