<?xml version="1.0" encoding="UTF-8"?>
<testng-results ignored="0" total="1" passed="1" failed="0" skipped="0">
  <reporter-output>
  </reporter-output>
  <suite started-at="2021-05-05T00:12:00Z" name="Default suite" finished-at="2021-05-05T00:13:25Z" duration-ms="84453">
    <groups>
    </groups>
    <test started-at="2021-05-05T00:12:00Z" name="Default test" finished-at="2021-05-05T00:13:25Z" duration-ms="84453">
      <class name="com.timp.test.TDK.Kpis.KpisPublicos.KpisPublicosFiltroId">
        <test-method is-config="true" signature="beforeClass()[pri:0, instance:com.timp.test.TDK.Kpis.KpisPublicos.KpisPublicosFiltroId@2abf4075]" started-at="2021-05-05T00:12:00Z" name="beforeClass" finished-at="2021-05-05T00:12:14Z" duration-ms="14000" status="PASS">
          <reporter-output>
          </reporter-output>
        </test-method> <!-- beforeClass -->
        <test-method signature="filtro()[pri:0, instance:com.timp.test.TDK.Kpis.KpisPublicos.KpisPublicosFiltroId@2abf4075]" started-at="2021-05-05T00:12:14Z" name="filtro" finished-at="2021-05-05T00:13:20Z" duration-ms="65979" status="PASS">
          <reporter-output>
          </reporter-output>
        </test-method> <!-- filtro -->
        <test-method is-config="true" signature="afterClass()[pri:0, instance:com.timp.test.TDK.Kpis.KpisPublicos.KpisPublicosFiltroId@2abf4075]" started-at="2021-05-05T00:13:20Z" name="afterClass" finished-at="2021-05-05T00:13:25Z" duration-ms="4423" status="PASS">
          <reporter-output>
          </reporter-output>
        </test-method> <!-- afterClass -->
      </class> <!-- com.timp.test.TDK.Kpis.KpisPublicos.KpisPublicosFiltroId -->
    </test> <!-- Default test -->
  </suite> <!-- Default suite -->
</testng-results>
