<?xml version="1.0" encoding="UTF-8"?>
<testng-results skipped="0" failed="0" ignored="0" total="1" passed="1">
  <reporter-output>
  </reporter-output>
  <suite name="Default suite" duration-ms="98896" started-at="2021-03-09T02:24:53Z" finished-at="2021-03-09T02:26:32Z">
    <groups>
    </groups>
    <test name="Default test" duration-ms="98896" started-at="2021-03-09T02:24:53Z" finished-at="2021-03-09T02:26:32Z">
      <class name="com.timp.test.MDR.Centralizacao.EstornoCredito.EstornoCreditoExcluir">
        <test-method status="PASS" signature="beforeClass()[pri:0, instance:com.timp.test.MDR.Centralizacao.EstornoCredito.EstornoCreditoExcluir@501edcf1]" name="beforeClass" is-config="true" duration-ms="16509" started-at="2021-03-09T02:24:53Z" finished-at="2021-03-09T02:25:10Z">
          <reporter-output>
          </reporter-output>
        </test-method> <!-- beforeClass -->
        <test-method status="PASS" signature="Excluir()[pri:0, instance:com.timp.test.MDR.Centralizacao.EstornoCredito.EstornoCreditoExcluir@501edcf1]" name="Excluir" duration-ms="82296" started-at="2021-03-09T02:25:10Z" finished-at="2021-03-09T02:26:32Z">
          <reporter-output>
          </reporter-output>
        </test-method> <!-- Excluir -->
        <test-method status="PASS" signature="afterClass()[pri:0, instance:com.timp.test.MDR.Centralizacao.EstornoCredito.EstornoCreditoExcluir@501edcf1]" name="afterClass" is-config="true" duration-ms="58" started-at="2021-03-09T02:26:32Z" finished-at="2021-03-09T02:26:32Z">
          <reporter-output>
          </reporter-output>
        </test-method> <!-- afterClass -->
      </class> <!-- com.timp.test.MDR.Centralizacao.EstornoCredito.EstornoCreditoExcluir -->
    </test> <!-- Default test -->
  </suite> <!-- Default suite -->
</testng-results>
