<?xml version="1.0" encoding="UTF-8"?>
<testng-results ignored="0" total="3" passed="3" failed="0" skipped="0">
  <reporter-output>
  </reporter-output>
  <suite started-at="2021-02-27T23:14:40Z" name="Default suite" finished-at="2021-02-27T23:19:54Z" duration-ms="313743">
    <groups>
    </groups>
    <test started-at="2021-02-27T23:14:40Z" name="Default test" finished-at="2021-02-27T23:19:54Z" duration-ms="313743">
      <class name="com.timp.test.BRE.CalculoDeTributos.Edicao.CálculodeTributosEdiçãoEstruturas">
        <test-method is-config="true" signature="beforeClass()[pri:0, instance:com.timp.test.BRE.CalculoDeTributos.Edicao.CálculodeTributosEdiçãoEstruturas@3c947bc5]" started-at="2021-02-27T23:14:40Z" name="beforeClass" finished-at="2021-02-27T23:14:54Z" duration-ms="14286" status="PASS">
          <reporter-output>
          </reporter-output>
        </test-method> <!-- beforeClass -->
        <test-method signature="login()[pri:0, instance:com.timp.test.BRE.CalculoDeTributos.Edicao.CálculodeTributosEdiçãoEstruturas@3c947bc5]" started-at="2021-02-27T23:14:54Z" name="login" finished-at="2021-02-27T23:15:02Z" duration-ms="7473" status="PASS">
          <reporter-output>
          </reporter-output>
        </test-method> <!-- login -->
        <test-method signature="acessarBRE()[pri:1, instance:com.timp.test.BRE.CalculoDeTributos.Edicao.CálculodeTributosEdiçãoEstruturas@3c947bc5]" started-at="2021-02-27T23:15:02Z" name="acessarBRE" finished-at="2021-02-27T23:15:31Z" duration-ms="28714" status="PASS">
          <reporter-output>
          </reporter-output>
        </test-method> <!-- acessarBRE -->
        <test-method signature="editar()[pri:2, instance:com.timp.test.BRE.CalculoDeTributos.Edicao.CálculodeTributosEdiçãoEstruturas@3c947bc5]" started-at="2021-02-27T23:15:31Z" name="editar" finished-at="2021-02-27T23:19:53Z" duration-ms="262390" status="PASS">
          <reporter-output>
          </reporter-output>
        </test-method> <!-- editar -->
        <test-method is-config="true" signature="afterClass()[pri:0, instance:com.timp.test.BRE.CalculoDeTributos.Edicao.CálculodeTributosEdiçãoEstruturas@3c947bc5]" started-at="2021-02-27T23:19:53Z" name="afterClass" finished-at="2021-02-27T23:19:54Z" duration-ms="835" status="PASS">
          <reporter-output>
          </reporter-output>
        </test-method> <!-- afterClass -->
      </class> <!-- com.timp.test.BRE.CalculoDeTributos.Edicao.CálculodeTributosEdiçãoEstruturas -->
    </test> <!-- Default test -->
  </suite> <!-- Default suite -->
</testng-results>
