<?xml version="1.0" encoding="UTF-8"?>
<testng-results total="3" passed="3" failed="0" skipped="0">
  <reporter-output>
  </reporter-output>
  <suite started-at="2021-01-08T14:12:05Z" name="Default suite" finished-at="2021-01-08T14:14:39Z" duration-ms="153845">
    <groups>
    </groups>
    <test started-at="2021-01-08T14:12:05Z" name="Default test" finished-at="2021-01-08T14:14:39Z" duration-ms="153845">
      <class name="com.timp.test.BRE.RegrasDeAuditoriaN3.RegrasDeAuditoriaN3CriarMasCaminho">
        <test-method is-config="true" signature="beforeClass()[pri:0, instance:com.timp.test.BRE.RegrasDeAuditoriaN3.RegrasDeAuditoriaN3CriarMasCaminho@5a5338df]" started-at="2021-01-08T08:12:05Z" name="beforeClass" finished-at="2021-01-08T08:12:17Z" duration-ms="11830" status="PASS">
          <reporter-output>
          </reporter-output>
        </test-method> <!-- beforeClass -->
        <test-method signature="login()[pri:0, instance:com.timp.test.BRE.RegrasDeAuditoriaN3.RegrasDeAuditoriaN3CriarMasCaminho@5a5338df]" started-at="2021-01-08T08:12:17Z" name="login" finished-at="2021-01-08T08:12:25Z" duration-ms="7676" status="PASS">
          <reporter-output>
          </reporter-output>
        </test-method> <!-- login -->
        <test-method signature="acessarBRE()[pri:0, instance:com.timp.test.BRE.RegrasDeAuditoriaN3.RegrasDeAuditoriaN3CriarMasCaminho@5a5338df]" started-at="2021-01-08T08:12:25Z" name="acessarBRE" finished-at="2021-01-08T08:12:40Z" duration-ms="15909" status="PASS">
          <reporter-output>
          </reporter-output>
        </test-method> <!-- acessarBRE -->
        <test-method signature="criar()[pri:0, instance:com.timp.test.BRE.RegrasDeAuditoriaN3.RegrasDeAuditoriaN3CriarMasCaminho@5a5338df]" started-at="2021-01-08T08:12:40Z" name="criar" finished-at="2021-01-08T08:14:39Z" duration-ms="118410" status="PASS">
          <reporter-output>
          </reporter-output>
        </test-method> <!-- criar -->
        <test-method is-config="true" signature="afterClass()[pri:0, instance:com.timp.test.BRE.RegrasDeAuditoriaN3.RegrasDeAuditoriaN3CriarMasCaminho@5a5338df]" started-at="2021-01-08T08:14:39Z" name="afterClass" finished-at="2021-01-08T08:14:39Z" duration-ms="0" status="PASS">
          <reporter-output>
          </reporter-output>
        </test-method> <!-- afterClass -->
      </class> <!-- com.timp.test.BRE.RegrasDeAuditoriaN3.RegrasDeAuditoriaN3CriarMasCaminho -->
    </test> <!-- Default test -->
  </suite> <!-- Default suite -->
</testng-results>
