<?xml version="1.0" encoding="UTF-8"?>
<testng-results ignored="0" total="1" passed="1" failed="0" skipped="0">
  <reporter-output>
  </reporter-output>
  <suite started-at="2022-03-05T01:31:20Z" name="Default suite" finished-at="2022-03-05T01:34:49Z" duration-ms="208500">
    <groups>
    </groups>
    <test started-at="2022-03-05T01:31:20Z" name="Default test" finished-at="2022-03-05T01:34:49Z" duration-ms="208500">
      <class name="com.timp.test.MDR.OcorrenciaFiscal.TiposDeObjetosDeOcorrenciasFiscais.TiposDeObjetosDeOcorrenciasFiscaisExcluir">
        <test-method is-config="true" signature="beforeClass()[pri:0, instance:com.timp.test.MDR.OcorrenciaFiscal.TiposDeObjetosDeOcorrenciasFiscais.TiposDeObjetosDeOcorrenciasFiscaisExcluir@5b367418]" started-at="2022-03-05T01:31:20Z" name="beforeClass" finished-at="2022-03-05T01:31:59Z" duration-ms="38393" status="PASS">
          <reporter-output>
          </reporter-output>
        </test-method> <!-- beforeClass -->
        <test-method signature="excluir()[pri:0, instance:com.timp.test.MDR.OcorrenciaFiscal.TiposDeObjetosDeOcorrenciasFiscais.TiposDeObjetosDeOcorrenciasFiscaisExcluir@5b367418]" started-at="2022-03-05T01:31:59Z" name="excluir" finished-at="2022-03-05T01:34:44Z" duration-ms="165648" status="PASS">
          <reporter-output>
          </reporter-output>
        </test-method> <!-- excluir -->
        <test-method is-config="true" signature="afterClass()[pri:0, instance:com.timp.test.MDR.OcorrenciaFiscal.TiposDeObjetosDeOcorrenciasFiscais.TiposDeObjetosDeOcorrenciasFiscaisExcluir@5b367418]" started-at="2022-03-05T01:34:44Z" name="afterClass" finished-at="2022-03-05T01:34:49Z" duration-ms="4441" status="PASS">
          <reporter-output>
          </reporter-output>
        </test-method> <!-- afterClass -->
      </class> <!-- com.timp.test.MDR.OcorrenciaFiscal.TiposDeObjetosDeOcorrenciasFiscais.TiposDeObjetosDeOcorrenciasFiscaisExcluir -->
    </test> <!-- Default test -->
  </suite> <!-- Default suite -->
</testng-results>
