<?xml version="1.0" encoding="UTF-8"?>
<testng-results skipped="0" failed="0" total="3" passed="3">
  <reporter-output>
  </reporter-output>
  <suite name="Default suite" duration-ms="223280" started-at="2020-11-25T14:48:30Z" finished-at="2020-11-25T14:52:13Z">
    <groups>
    </groups>
    <test name="Default test" duration-ms="223280" started-at="2020-11-25T14:48:30Z" finished-at="2020-11-25T14:52:13Z">
      <class name="com.timp.test.DFG.Configuracoes.ConfiguracoesCriar">
        <test-method status="PASS" signature="beforeClass()[pri:0, instance:com.timp.test.DFG.Configuracoes.ConfiguracoesCriar@f2f2cc1]" name="beforeClass" is-config="true" duration-ms="12648" started-at="2020-11-25T08:48:30Z" finished-at="2020-11-25T08:48:42Z">
          <reporter-output>
          </reporter-output>
        </test-method> <!-- beforeClass -->
        <test-method status="PASS" signature="ingresar()[pri:0, instance:com.timp.test.DFG.Configuracoes.ConfiguracoesCriar@f2f2cc1]" name="ingresar" duration-ms="6423" started-at="2020-11-25T08:48:42Z" finished-at="2020-11-25T08:48:49Z">
          <reporter-output>
          </reporter-output>
        </test-method> <!-- ingresar -->
        <test-method status="PASS" signature="mdrEntrar()[pri:0, instance:com.timp.test.DFG.Configuracoes.ConfiguracoesCriar@f2f2cc1]" name="mdrEntrar" duration-ms="13750" started-at="2020-11-25T08:48:49Z" finished-at="2020-11-25T08:49:03Z">
          <reporter-output>
          </reporter-output>
        </test-method> <!-- mdrEntrar -->
        <test-method status="PASS" signature="criar()[pri:0, instance:com.timp.test.DFG.Configuracoes.ConfiguracoesCriar@f2f2cc1]" name="criar" duration-ms="186019" started-at="2020-11-25T08:49:03Z" finished-at="2020-11-25T08:52:09Z">
          <reporter-output>
          </reporter-output>
        </test-method> <!-- criar -->
        <test-method status="PASS" signature="afterClass()[pri:0, instance:com.timp.test.DFG.Configuracoes.ConfiguracoesCriar@f2f2cc1]" name="afterClass" is-config="true" duration-ms="4420" started-at="2020-11-25T08:52:09Z" finished-at="2020-11-25T08:52:13Z">
          <reporter-output>
          </reporter-output>
        </test-method> <!-- afterClass -->
      </class> <!-- com.timp.test.DFG.Configuracoes.ConfiguracoesCriar -->
    </test> <!-- Default test -->
  </suite> <!-- Default suite -->
</testng-results>
