<?xml version="1.0" encoding="UTF-8"?>
<testng-results skipped="0" failed="0" total="3" passed="3">
  <reporter-output>
  </reporter-output>
  <suite name="Default suite" duration-ms="86420" started-at="2020-10-08T23:57:55Z" finished-at="2020-10-08T23:59:21Z">
    <groups>
    </groups>
    <test name="Default test" duration-ms="86420" started-at="2020-10-08T23:57:55Z" finished-at="2020-10-08T23:59:21Z">
      <class name="com.timp.test.MDR.TabelaDeApoioECF.TabelaDeApoioECFExcluir">
        <test-method status="PASS" signature="beforeClass()[pri:0, instance:com.timp.test.MDR.TabelaDeApoioECF.TabelaDeApoioECFExcluir@657c8ad9]" name="beforeClass" is-config="true" duration-ms="14775" started-at="2020-10-08T17:57:55Z" finished-at="2020-10-08T17:58:09Z">
          <reporter-output>
          </reporter-output>
        </test-method> <!-- beforeClass -->
        <test-method status="PASS" signature="login()[pri:0, instance:com.timp.test.MDR.TabelaDeApoioECF.TabelaDeApoioECFExcluir@657c8ad9]" name="login" duration-ms="7092" started-at="2020-10-08T17:58:09Z" finished-at="2020-10-08T17:58:16Z">
          <reporter-output>
          </reporter-output>
        </test-method> <!-- login -->
        <test-method status="PASS" signature="acessarMDR()[pri:0, instance:com.timp.test.MDR.TabelaDeApoioECF.TabelaDeApoioECFExcluir@657c8ad9]" name="acessarMDR" duration-ms="9789" started-at="2020-10-08T17:58:16Z" finished-at="2020-10-08T17:58:26Z">
          <reporter-output>
          </reporter-output>
        </test-method> <!-- acessarMDR -->
        <test-method status="PASS" signature="excluir()[pri:0, instance:com.timp.test.MDR.TabelaDeApoioECF.TabelaDeApoioECFExcluir@657c8ad9]" name="excluir" duration-ms="54745" started-at="2020-10-08T17:58:26Z" finished-at="2020-10-08T17:59:21Z">
          <reporter-output>
          </reporter-output>
        </test-method> <!-- excluir -->
      </class> <!-- com.timp.test.MDR.TabelaDeApoioECF.TabelaDeApoioECFExcluir -->
    </test> <!-- Default test -->
  </suite> <!-- Default suite -->
</testng-results>
