<?xml version="1.0" encoding="UTF-8"?>
<testng-results ignored="0" total="2" passed="2" failed="0" skipped="0">
  <reporter-output>
  </reporter-output>
  <suite started-at="2021-08-23T23:16:20Z" name="Suite" finished-at="2021-08-23T23:19:48Z" duration-ms="208191">
    <groups>
    </groups>
    <test started-at="2021-08-23T23:16:20Z" name="Transferencias de Saldos Credores" finished-at="2021-08-23T23:19:48Z" duration-ms="208191">
      <class name="com.timp.test.TCC.TransferenciaDeSaldosCredores.TransferenciaDeSaldosCredoresFiltrosAvancados">
        <test-method is-config="true" signature="beforeClass()[pri:0, instance:com.timp.test.TCC.TransferenciaDeSaldosCredores.TransferenciaDeSaldosCredoresFiltrosAvancados@95e33cc]" started-at="2021-08-23T23:17:28Z" name="beforeClass" finished-at="2021-08-23T23:17:48Z" duration-ms="20081" status="PASS">
          <reporter-output>
          </reporter-output>
        </test-method> <!-- beforeClass -->
        <test-method signature="filtrarAvanzados()[pri:0, instance:com.timp.test.TCC.TransferenciaDeSaldosCredores.TransferenciaDeSaldosCredoresFiltrosAvancados@95e33cc]" started-at="2021-08-23T23:17:48Z" name="filtrarAvanzados" finished-at="2021-08-23T23:19:44Z" duration-ms="115237" status="PASS">
          <reporter-output>
          </reporter-output>
        </test-method> <!-- filtrarAvanzados -->
        <test-method is-config="true" signature="afterClass()[pri:0, instance:com.timp.test.TCC.TransferenciaDeSaldosCredores.TransferenciaDeSaldosCredoresFiltrosAvancados@95e33cc]" started-at="2021-08-23T23:19:44Z" name="afterClass" finished-at="2021-08-23T23:19:48Z" duration-ms="4392" status="PASS">
          <reporter-output>
          </reporter-output>
        </test-method> <!-- afterClass -->
      </class> <!-- com.timp.test.TCC.TransferenciaDeSaldosCredores.TransferenciaDeSaldosCredoresFiltrosAvancados -->
      <class name="com.timp.test.TCC.TransferenciaDeSaldosCredores.TransferenciaDeSaldosCredoresFiltroPorId">
        <test-method is-config="true" signature="beforeClass()[pri:0, instance:com.timp.test.TCC.TransferenciaDeSaldosCredores.TransferenciaDeSaldosCredoresFiltroPorId@44d52de2]" started-at="2021-08-23T23:16:20Z" name="beforeClass" finished-at="2021-08-23T23:16:36Z" duration-ms="16272" status="PASS">
          <reporter-output>
          </reporter-output>
        </test-method> <!-- beforeClass -->
        <test-method signature="filtroPorId()[pri:0, instance:com.timp.test.TCC.TransferenciaDeSaldosCredores.TransferenciaDeSaldosCredoresFiltroPorId@44d52de2]" started-at="2021-08-23T23:16:36Z" name="filtroPorId" finished-at="2021-08-23T23:17:24Z" duration-ms="47781" status="PASS">
          <reporter-output>
          </reporter-output>
        </test-method> <!-- filtroPorId -->
        <test-method is-config="true" signature="afterClass()[pri:0, instance:com.timp.test.TCC.TransferenciaDeSaldosCredores.TransferenciaDeSaldosCredoresFiltroPorId@44d52de2]" started-at="2021-08-23T23:17:24Z" name="afterClass" finished-at="2021-08-23T23:17:28Z" duration-ms="4390" status="PASS">
          <reporter-output>
          </reporter-output>
        </test-method> <!-- afterClass -->
      </class> <!-- com.timp.test.TCC.TransferenciaDeSaldosCredores.TransferenciaDeSaldosCredoresFiltroPorId -->
    </test> <!-- Transferencias de Saldos Credores -->
  </suite> <!-- Suite -->
</testng-results>
