<?xml version="1.0" encoding="UTF-8"?>
<testng-results total="11" passed="11" failed="0" skipped="0">
  <reporter-output>
  </reporter-output>
  <suite started-at="2021-01-07T23:32:52Z" name="Default suite" finished-at="2021-01-07T23:39:26Z" duration-ms="393593">
    <groups>
    </groups>
    <test started-at="2021-01-07T23:32:52Z" name="Default test" finished-at="2021-01-07T23:39:26Z" duration-ms="393593">
      <class name="com.timp.test.DFG.Leiautes.LeiautesExecucaoFuncionalidades4">
        <test-method is-config="true" signature="beforeClass()[pri:0, instance:com.timp.test.DFG.Leiautes.LeiautesExecucaoFuncionalidades4@352c1b98]" started-at="2021-01-07T17:32:52Z" name="beforeClass" finished-at="2021-01-07T17:33:14Z" duration-ms="21446" status="PASS">
          <reporter-output>
          </reporter-output>
        </test-method> <!-- beforeClass -->
        <test-method signature="ingresar()[pri:0, instance:com.timp.test.DFG.Leiautes.LeiautesExecucaoFuncionalidades4@352c1b98]" started-at="2021-01-07T17:33:14Z" name="ingresar" finished-at="2021-01-07T17:33:22Z" duration-ms="8880" status="PASS">
          <reporter-output>
          </reporter-output>
        </test-method> <!-- ingresar -->
        <test-method signature="mdrEntrar()[pri:0, instance:com.timp.test.DFG.Leiautes.LeiautesExecucaoFuncionalidades4@352c1b98]" started-at="2021-01-07T17:33:22Z" name="mdrEntrar" finished-at="2021-01-07T17:33:42Z" duration-ms="19906" status="PASS">
          <reporter-output>
          </reporter-output>
        </test-method> <!-- mdrEntrar -->
        <test-method signature="criar()[pri:0, instance:com.timp.test.DFG.Leiautes.LeiautesExecucaoFuncionalidades4@352c1b98]" started-at="2021-01-07T17:33:42Z" name="criar" finished-at="2021-01-07T17:34:20Z" duration-ms="37956" status="PASS">
          <reporter-output>
          </reporter-output>
        </test-method> <!-- criar -->
        <test-method signature="separadores()[pri:0, instance:com.timp.test.DFG.Leiautes.LeiautesExecucaoFuncionalidades4@352c1b98]" started-at="2021-01-07T17:34:20Z" name="separadores" finished-at="2021-01-07T17:35:10Z" duration-ms="50019" status="PASS">
          <reporter-output>
          </reporter-output>
        </test-method> <!-- separadores -->
        <test-method signature="dataInicialDeReferencia()[pri:0, instance:com.timp.test.DFG.Leiautes.LeiautesExecucaoFuncionalidades4@352c1b98]" started-at="2021-01-07T17:35:10Z" name="dataInicialDeReferencia" finished-at="2021-01-07T17:36:00Z" duration-ms="50160" status="PASS">
          <reporter-output>
          </reporter-output>
        </test-method> <!-- dataInicialDeReferencia -->
        <test-method signature="saltodeLinha()[pri:0, instance:com.timp.test.DFG.Leiautes.LeiautesExecucaoFuncionalidades4@352c1b98]" started-at="2021-01-07T17:36:00Z" name="saltodeLinha" finished-at="2021-01-07T17:36:21Z" duration-ms="21009" status="PASS">
          <reporter-output>
          </reporter-output>
        </test-method> <!-- saltodeLinha -->
        <test-method signature="dataFinalDeReferencia()[pri:0, instance:com.timp.test.DFG.Leiautes.LeiautesExecucaoFuncionalidades4@352c1b98]" started-at="2021-01-07T17:36:21Z" name="dataFinalDeReferencia" finished-at="2021-01-07T17:37:01Z" duration-ms="39856" status="PASS">
          <reporter-output>
          </reporter-output>
        </test-method> <!-- dataFinalDeReferencia -->
        <test-method signature="versao()[pri:0, instance:com.timp.test.DFG.Leiautes.LeiautesExecucaoFuncionalidades4@352c1b98]" started-at="2021-01-07T17:37:01Z" name="versao" finished-at="2021-01-07T17:37:27Z" duration-ms="25537" status="PASS">
          <reporter-output>
          </reporter-output>
        </test-method> <!-- versao -->
        <test-method signature="horaDaExecucao()[pri:0, instance:com.timp.test.DFG.Leiautes.LeiautesExecucaoFuncionalidades4@352c1b98]" started-at="2021-01-07T17:37:27Z" name="horaDaExecucao" finished-at="2021-01-07T17:38:07Z" duration-ms="39770" status="PASS">
          <reporter-output>
          </reporter-output>
        </test-method> <!-- horaDaExecucao -->
        <test-method signature="dataDaExecucao()[pri:0, instance:com.timp.test.DFG.Leiautes.LeiautesExecucaoFuncionalidades4@352c1b98]" started-at="2021-01-07T17:38:07Z" name="dataDaExecucao" finished-at="2021-01-07T17:38:46Z" duration-ms="39455" status="PASS">
          <reporter-output>
          </reporter-output>
        </test-method> <!-- dataDaExecucao -->
        <test-method signature="periodoDaReferencia()[pri:0, instance:com.timp.test.DFG.Leiautes.LeiautesExecucaoFuncionalidades4@352c1b98]" started-at="2021-01-07T17:38:46Z" name="periodoDaReferencia" finished-at="2021-01-07T17:39:26Z" duration-ms="39551" status="PASS">
          <reporter-output>
          </reporter-output>
        </test-method> <!-- periodoDaReferencia -->
        <test-method is-config="true" signature="afterClass()[pri:0, instance:com.timp.test.DFG.Leiautes.LeiautesExecucaoFuncionalidades4@352c1b98]" started-at="2021-01-07T17:39:26Z" name="afterClass" finished-at="2021-01-07T17:39:26Z" duration-ms="0" status="PASS">
          <reporter-output>
          </reporter-output>
        </test-method> <!-- afterClass -->
      </class> <!-- com.timp.test.DFG.Leiautes.LeiautesExecucaoFuncionalidades4 -->
    </test> <!-- Default test -->
  </suite> <!-- Default suite -->
</testng-results>
