<?xml version="1.0" encoding="UTF-8"?>
<testng-results ignored="0" total="3" passed="3" failed="0" skipped="0">
  <reporter-output>
  </reporter-output>
  <suite started-at="2021-03-12T21:24:04Z" name="Default suite" finished-at="2021-03-12T21:25:57Z" duration-ms="113056">
    <groups>
    </groups>
    <test started-at="2021-03-12T21:24:04Z" name="Default test" finished-at="2021-03-12T21:25:57Z" duration-ms="113056">
      <class name="com.timp.test.TDK.Dashboard.Edicao.DashboardCartaoIndicadorExcluir">
        <test-method is-config="true" signature="beforeClass()[pri:0, instance:com.timp.test.TDK.Dashboard.Edicao.DashboardCartaoIndicadorExcluir@20f5281c]" started-at="2021-03-12T21:24:04Z" name="beforeClass" finished-at="2021-03-12T21:24:15Z" duration-ms="11013" status="PASS">
          <reporter-output>
          </reporter-output>
        </test-method> <!-- beforeClass -->
        <test-method signature="login()[pri:0, instance:com.timp.test.TDK.Dashboard.Edicao.DashboardCartaoIndicadorExcluir@20f5281c]" started-at="2021-03-12T21:24:15Z" name="login" finished-at="2021-03-12T21:24:22Z" duration-ms="6783" status="PASS">
          <reporter-output>
          </reporter-output>
        </test-method> <!-- login -->
        <test-method signature="acessarTDK()[pri:1, instance:com.timp.test.TDK.Dashboard.Edicao.DashboardCartaoIndicadorExcluir@20f5281c]" started-at="2021-03-12T21:24:22Z" name="acessarTDK" finished-at="2021-03-12T21:24:40Z" duration-ms="18850" status="PASS">
          <reporter-output>
          </reporter-output>
        </test-method> <!-- acessarTDK -->
        <test-method signature="cartaoindicadroexcluir()[pri:2, instance:com.timp.test.TDK.Dashboard.Edicao.DashboardCartaoIndicadorExcluir@20f5281c]" started-at="2021-03-12T21:24:40Z" name="cartaoindicadroexcluir" finished-at="2021-03-12T21:25:57Z" duration-ms="76382" status="PASS">
          <reporter-output>
          </reporter-output>
        </test-method> <!-- cartaoindicadroexcluir -->
        <test-method is-config="true" signature="afterClass()[pri:0, instance:com.timp.test.TDK.Dashboard.Edicao.DashboardCartaoIndicadorExcluir@20f5281c]" started-at="2021-03-12T21:25:57Z" name="afterClass" finished-at="2021-03-12T21:25:57Z" duration-ms="0" status="PASS">
          <reporter-output>
          </reporter-output>
        </test-method> <!-- afterClass -->
      </class> <!-- com.timp.test.TDK.Dashboard.Edicao.DashboardCartaoIndicadorExcluir -->
    </test> <!-- Default test -->
  </suite> <!-- Default suite -->
</testng-results>
