<?xml version="1.0" encoding="UTF-8"?>
<testng-results total="3" passed="3" failed="0" skipped="0">
  <reporter-output>
  </reporter-output>
  <suite started-at="2020-11-20T07:52:24Z" name="Default suite" finished-at="2020-11-20T07:54:04Z" duration-ms="99909">
    <groups>
    </groups>
    <test started-at="2020-11-20T07:52:24Z" name="Default test" finished-at="2020-11-20T07:54:04Z" duration-ms="99909">
      <class name="com.timp.test.MDR.ValorAdicionado.Municipio.MunicipioEditar">
        <test-method is-config="true" signature="beforeClass()[pri:0, instance:com.timp.test.MDR.ValorAdicionado.Municipio.MunicipioEditar@644baf4a]" started-at="2020-11-20T01:52:24Z" name="beforeClass" finished-at="2020-11-20T01:52:39Z" duration-ms="15053" status="PASS">
          <reporter-output>
          </reporter-output>
        </test-method> <!-- beforeClass -->
        <test-method signature="ingresar()[pri:0, instance:com.timp.test.MDR.ValorAdicionado.Municipio.MunicipioEditar@644baf4a]" started-at="2020-11-20T01:52:39Z" name="ingresar" finished-at="2020-11-20T01:52:46Z" duration-ms="6380" status="PASS">
          <reporter-output>
          </reporter-output>
        </test-method> <!-- ingresar -->
        <test-method signature="ingresarMDR()[pri:0, instance:com.timp.test.MDR.ValorAdicionado.Municipio.MunicipioEditar@644baf4a]" started-at="2020-11-20T01:52:46Z" name="ingresarMDR" finished-at="2020-11-20T01:53:01Z" duration-ms="15598" status="PASS">
          <reporter-output>
          </reporter-output>
        </test-method> <!-- ingresarMDR -->
        <test-method signature="editar()[pri:0, instance:com.timp.test.MDR.ValorAdicionado.Municipio.MunicipioEditar@644baf4a]" started-at="2020-11-20T01:53:01Z" name="editar" finished-at="2020-11-20T01:54:04Z" duration-ms="62863" status="PASS">
          <reporter-output>
          </reporter-output>
        </test-method> <!-- editar -->
        <test-method is-config="true" signature="afterClass()[pri:0, instance:com.timp.test.MDR.ValorAdicionado.Municipio.MunicipioEditar@644baf4a]" started-at="2020-11-20T01:54:04Z" name="afterClass" finished-at="2020-11-20T01:54:04Z" duration-ms="0" status="PASS">
          <reporter-output>
          </reporter-output>
        </test-method> <!-- afterClass -->
      </class> <!-- com.timp.test.MDR.ValorAdicionado.Municipio.MunicipioEditar -->
    </test> <!-- Default test -->
  </suite> <!-- Default suite -->
</testng-results>
