<?xml version="1.0" encoding="UTF-8"?>
<testng-results skipped="0" failed="0" total="3" passed="3">
  <reporter-output>
  </reporter-output>
  <suite name="Default suite" duration-ms="124077" started-at="2020-12-23T17:12:26Z" finished-at="2020-12-23T17:14:30Z">
    <groups>
    </groups>
    <test name="Default test" duration-ms="124077" started-at="2020-12-23T17:12:26Z" finished-at="2020-12-23T17:14:30Z">
      <class name="com.timp.test.SCANC.RelatoriosRefineriaGerados.RRGConfiguracaoDeAjusteExcluir">
        <test-method status="PASS" signature="beforeClass()[pri:0, instance:com.timp.test.SCANC.RelatoriosRefineriaGerados.RRGConfiguracaoDeAjusteExcluir@3a079870]" name="beforeClass" is-config="true" duration-ms="14251" started-at="2020-12-23T11:12:26Z" finished-at="2020-12-23T11:12:40Z">
          <reporter-output>
          </reporter-output>
        </test-method> <!-- beforeClass -->
        <test-method status="PASS" signature="ingresar()[pri:0, instance:com.timp.test.SCANC.RelatoriosRefineriaGerados.RRGConfiguracaoDeAjusteExcluir@3a079870]" name="ingresar" duration-ms="8308" started-at="2020-12-23T11:12:40Z" finished-at="2020-12-23T11:12:49Z">
          <reporter-output>
          </reporter-output>
        </test-method> <!-- ingresar -->
        <test-method status="PASS" signature="scancEntrar()[pri:0, instance:com.timp.test.SCANC.RelatoriosRefineriaGerados.RRGConfiguracaoDeAjusteExcluir@3a079870]" name="scancEntrar" duration-ms="27503" started-at="2020-12-23T11:12:49Z" finished-at="2020-12-23T11:13:16Z">
          <reporter-output>
          </reporter-output>
        </test-method> <!-- scancEntrar -->
        <test-method status="PASS" signature="excluir()[pri:0, instance:com.timp.test.SCANC.RelatoriosRefineriaGerados.RRGConfiguracaoDeAjusteExcluir@3a079870]" name="excluir" duration-ms="69563" started-at="2020-12-23T11:13:16Z" finished-at="2020-12-23T11:14:26Z">
          <reporter-output>
          </reporter-output>
        </test-method> <!-- excluir -->
        <test-method status="PASS" signature="afterClass()[pri:0, instance:com.timp.test.SCANC.RelatoriosRefineriaGerados.RRGConfiguracaoDeAjusteExcluir@3a079870]" name="afterClass" is-config="true" duration-ms="4437" started-at="2020-12-23T11:14:26Z" finished-at="2020-12-23T11:14:30Z">
          <reporter-output>
          </reporter-output>
        </test-method> <!-- afterClass -->
      </class> <!-- com.timp.test.SCANC.RelatoriosRefineriaGerados.RRGConfiguracaoDeAjusteExcluir -->
    </test> <!-- Default test -->
  </suite> <!-- Default suite -->
</testng-results>
