<?xml version="1.0" encoding="UTF-8"?>
<testng-results ignored="0" total="3" passed="3" failed="0" skipped="0">
  <reporter-output>
  </reporter-output>
  <suite started-at="2021-03-01T21:14:56Z" name="Default suite" finished-at="2021-03-01T21:16:15Z" duration-ms="79065">
    <groups>
    </groups>
    <test started-at="2021-03-01T21:14:56Z" name="Default test" finished-at="2021-03-01T21:16:15Z" duration-ms="79065">
      <class name="com.timp.test.TDK.Kpis.KpisPublicos.KpisPublicosDetalhes">
        <test-method is-config="true" signature="beforeClass()[pri:0, instance:com.timp.test.TDK.Kpis.KpisPublicos.KpisPublicosDetalhes@301eda63]" started-at="2021-03-01T21:14:56Z" name="beforeClass" finished-at="2021-03-01T21:15:11Z" duration-ms="14722" status="PASS">
          <reporter-output>
          </reporter-output>
        </test-method> <!-- beforeClass -->
        <test-method signature="login()[pri:0, instance:com.timp.test.TDK.Kpis.KpisPublicos.KpisPublicosDetalhes@301eda63]" started-at="2021-03-01T21:15:11Z" name="login" finished-at="2021-03-01T21:15:18Z" duration-ms="7212" status="PASS">
          <reporter-output>
          </reporter-output>
        </test-method> <!-- login -->
        <test-method signature="acessarTDK()[pri:1, instance:com.timp.test.TDK.Kpis.KpisPublicos.KpisPublicosDetalhes@301eda63]" started-at="2021-03-01T21:15:18Z" name="acessarTDK" finished-at="2021-03-01T21:15:40Z" duration-ms="21668" status="PASS">
          <reporter-output>
          </reporter-output>
        </test-method> <!-- acessarTDK -->
        <test-method signature="filtro()[pri:2, instance:com.timp.test.TDK.Kpis.KpisPublicos.KpisPublicosDetalhes@301eda63]" started-at="2021-03-01T21:15:40Z" name="filtro" finished-at="2021-03-01T21:16:15Z" duration-ms="35187" status="PASS">
          <reporter-output>
          </reporter-output>
        </test-method> <!-- filtro -->
        <test-method is-config="true" signature="afterClass()[pri:0, instance:com.timp.test.TDK.Kpis.KpisPublicos.KpisPublicosDetalhes@301eda63]" started-at="2021-03-01T21:16:15Z" name="afterClass" finished-at="2021-03-01T21:16:15Z" duration-ms="240" status="PASS">
          <reporter-output>
          </reporter-output>
        </test-method> <!-- afterClass -->
      </class> <!-- com.timp.test.TDK.Kpis.KpisPublicos.KpisPublicosDetalhes -->
    </test> <!-- Default test -->
  </suite> <!-- Default suite -->
</testng-results>
