<?xml version="1.0" encoding="UTF-8"?>
<testng-results skipped="0" failed="0" total="4" passed="4">
  <reporter-output>
  </reporter-output>
  <suite name="Default suite" duration-ms="116717" started-at="2020-12-23T20:04:43Z" finished-at="2020-12-23T20:06:39Z">
    <groups>
    </groups>
    <test name="Default test" duration-ms="116717" started-at="2020-12-23T20:04:43Z" finished-at="2020-12-23T20:06:39Z">
      <class name="com.timp.test.BRB.Eliminar">
        <test-method status="PASS" signature="beforeClass()[pri:0, instance:com.timp.test.BRB.Eliminar@f2f2cc1]" name="beforeClass" is-config="true" duration-ms="11398" started-at="2020-12-23T14:04:43Z" finished-at="2020-12-23T14:04:54Z">
          <reporter-output>
          </reporter-output>
        </test-method> <!-- beforeClass -->
        <test-method status="PASS" signature="login()[pri:0, instance:com.timp.test.BRB.Eliminar@f2f2cc1]" name="login" duration-ms="6190" started-at="2020-12-23T14:04:54Z" finished-at="2020-12-23T14:05:00Z">
          <reporter-output>
          </reporter-output>
        </test-method> <!-- login -->
        <test-method status="PASS" signature="brbEntrar()[pri:0, instance:com.timp.test.BRB.Eliminar@f2f2cc1]" name="brbEntrar" duration-ms="20545" started-at="2020-12-23T14:05:00Z" finished-at="2020-12-23T14:05:21Z">
          <reporter-output>
          </reporter-output>
        </test-method> <!-- brbEntrar -->
        <test-method status="PASS" signature="eliminar()[pri:0, instance:com.timp.test.BRB.Eliminar@f2f2cc1]" name="eliminar" duration-ms="39850" started-at="2020-12-23T14:05:21Z" finished-at="2020-12-23T14:06:01Z">
          <reporter-output>
          </reporter-output>
        </test-method> <!-- eliminar -->
        <test-method status="PASS" signature="eliminarLixeira()[pri:0, instance:com.timp.test.BRB.Eliminar@f2f2cc1]" name="eliminarLixeira" duration-ms="34267" started-at="2020-12-23T14:06:01Z" finished-at="2020-12-23T14:06:35Z">
          <reporter-output>
          </reporter-output>
        </test-method> <!-- eliminarLixeira -->
        <test-method status="PASS" signature="afterClass()[pri:0, instance:com.timp.test.BRB.Eliminar@f2f2cc1]" name="afterClass" is-config="true" duration-ms="4448" started-at="2020-12-23T14:06:35Z" finished-at="2020-12-23T14:06:39Z">
          <reporter-output>
          </reporter-output>
        </test-method> <!-- afterClass -->
      </class> <!-- com.timp.test.BRB.Eliminar -->
    </test> <!-- Default test -->
  </suite> <!-- Default suite -->
</testng-results>
