<?xml version="1.0" encoding="UTF-8"?>
<testng-results total="3" passed="3" failed="0" skipped="0">
  <reporter-output>
  </reporter-output>
  <suite started-at="2020-11-28T02:00:50Z" name="Default suite" finished-at="2020-11-28T02:02:13Z" duration-ms="83187">
    <groups>
    </groups>
    <test started-at="2020-11-28T02:00:50Z" name="Default test" finished-at="2020-11-28T02:02:13Z" duration-ms="83187">
      <class name="com.timp.test.MDR.TabelasApoioESocial.Tabela21.NaturezaJuridicaExcluir">
        <test-method is-config="true" signature="beforeClass()[pri:0, instance:com.timp.test.MDR.TabelasApoioESocial.Tabela21.NaturezaJuridicaExcluir@6676f6a0]" started-at="2020-11-27T20:00:50Z" name="beforeClass" finished-at="2020-11-27T20:01:01Z" duration-ms="10843" status="PASS">
          <reporter-output>
          </reporter-output>
        </test-method> <!-- beforeClass -->
        <test-method signature="login()[pri:0, instance:com.timp.test.MDR.TabelasApoioESocial.Tabela21.NaturezaJuridicaExcluir@6676f6a0]" started-at="2020-11-27T20:01:01Z" name="login" finished-at="2020-11-27T20:01:08Z" duration-ms="6989" status="PASS">
          <reporter-output>
          </reporter-output>
        </test-method> <!-- login -->
        <test-method signature="acessarMDR()[pri:0, instance:com.timp.test.MDR.TabelasApoioESocial.Tabela21.NaturezaJuridicaExcluir@6676f6a0]" started-at="2020-11-27T20:01:08Z" name="acessarMDR" finished-at="2020-11-27T20:01:30Z" duration-ms="21978" status="PASS">
          <reporter-output>
          </reporter-output>
        </test-method> <!-- acessarMDR -->
        <test-method signature="excluir()[pri:0, instance:com.timp.test.MDR.TabelasApoioESocial.Tabela21.NaturezaJuridicaExcluir@6676f6a0]" started-at="2020-11-27T20:01:30Z" name="excluir" finished-at="2020-11-27T20:02:13Z" duration-ms="43204" status="PASS">
          <reporter-output>
          </reporter-output>
        </test-method> <!-- excluir -->
        <test-method is-config="true" signature="afterClass()[pri:0, instance:com.timp.test.MDR.TabelasApoioESocial.Tabela21.NaturezaJuridicaExcluir@6676f6a0]" started-at="2020-11-27T20:02:13Z" name="afterClass" finished-at="2020-11-27T20:02:13Z" duration-ms="154" status="PASS">
          <reporter-output>
          </reporter-output>
        </test-method> <!-- afterClass -->
      </class> <!-- com.timp.test.MDR.TabelasApoioESocial.Tabela21.NaturezaJuridicaExcluir -->
    </test> <!-- Default test -->
  </suite> <!-- Default suite -->
</testng-results>
