<?xml version="1.0" encoding="UTF-8"?>
<testng-results total="3" passed="3" failed="0" skipped="0">
  <reporter-output>
  </reporter-output>
  <suite started-at="2020-10-27T20:28:12Z" name="Default suite" finished-at="2020-10-27T20:29:24Z" duration-ms="71344">
    <groups>
    </groups>
    <test started-at="2020-10-27T20:28:12Z" name="Default test" finished-at="2020-10-27T20:29:24Z" duration-ms="71344">
      <class name="com.timp.test.MDR.TabelasApoioESocial.Tabela11.CompatibilidadeEnCatTrabVisualizar">
        <test-method is-config="true" signature="beforeClass()[pri:0, instance:com.timp.test.MDR.TabelasApoioESocial.Tabela11.CompatibilidadeEnCatTrabVisualizar@7cbd9d24]" started-at="2020-10-27T14:28:12Z" name="beforeClass" finished-at="2020-10-27T14:28:25Z" duration-ms="12307" status="PASS">
          <reporter-output>
          </reporter-output>
        </test-method> <!-- beforeClass -->
        <test-method signature="login()[pri:0, instance:com.timp.test.MDR.TabelasApoioESocial.Tabela11.CompatibilidadeEnCatTrabVisualizar@7cbd9d24]" started-at="2020-10-27T14:28:25Z" name="login" finished-at="2020-10-27T14:28:32Z" duration-ms="7172" status="PASS">
          <reporter-output>
          </reporter-output>
        </test-method> <!-- login -->
        <test-method signature="acessarMDR()[pri:0, instance:com.timp.test.MDR.TabelasApoioESocial.Tabela11.CompatibilidadeEnCatTrabVisualizar@7cbd9d24]" started-at="2020-10-27T14:28:32Z" name="acessarMDR" finished-at="2020-10-27T14:28:45Z" duration-ms="13443" status="PASS">
          <reporter-output>
          </reporter-output>
        </test-method> <!-- acessarMDR -->
        <test-method signature="visualizar()[pri:0, instance:com.timp.test.MDR.TabelasApoioESocial.Tabela11.CompatibilidadeEnCatTrabVisualizar@7cbd9d24]" started-at="2020-10-27T14:28:45Z" name="visualizar" finished-at="2020-10-27T14:29:24Z" duration-ms="38397" status="PASS">
          <reporter-output>
          </reporter-output>
        </test-method> <!-- visualizar -->
        <test-method is-config="true" signature="afterClass()[pri:0, instance:com.timp.test.MDR.TabelasApoioESocial.Tabela11.CompatibilidadeEnCatTrabVisualizar@7cbd9d24]" started-at="2020-10-27T14:29:24Z" name="afterClass" finished-at="2020-10-27T14:29:24Z" duration-ms="0" status="PASS">
          <reporter-output>
          </reporter-output>
        </test-method> <!-- afterClass -->
      </class> <!-- com.timp.test.MDR.TabelasApoioESocial.Tabela11.CompatibilidadeEnCatTrabVisualizar -->
    </test> <!-- Default test -->
  </suite> <!-- Default suite -->
</testng-results>
