<?xml version="1.0" encoding="UTF-8"?>
<testng-results ignored="0" total="1" passed="1" failed="0" skipped="0">
  <reporter-output>
  </reporter-output>
  <suite started-at="2021-03-29T23:00:34Z" name="Default suite" finished-at="2021-03-29T23:01:59Z" duration-ms="85409">
    <groups>
    </groups>
    <test started-at="2021-03-29T23:00:34Z" name="Default test" finished-at="2021-03-29T23:01:59Z" duration-ms="85409">
      <class name="com.timp.test.MDR.SPCBFederaisRetidos.SPCBFederaisRetidosDetalhes">
        <test-method is-config="true" signature="beforeClass()[pri:0, instance:com.timp.test.MDR.SPCBFederaisRetidos.SPCBFederaisRetidosDetalhes@1bd39d3c]" started-at="2021-03-29T23:00:34Z" name="beforeClass" finished-at="2021-03-29T23:00:49Z" duration-ms="14716" status="PASS">
          <reporter-output>
          </reporter-output>
        </test-method> <!-- beforeClass -->
        <test-method signature="detalhe()[pri:0, instance:com.timp.test.MDR.SPCBFederaisRetidos.SPCBFederaisRetidosDetalhes@1bd39d3c]" started-at="2021-03-29T23:00:49Z" name="detalhe" finished-at="2021-03-29T23:01:55Z" duration-ms="66319" status="PASS">
          <reporter-output>
          </reporter-output>
        </test-method> <!-- detalhe -->
        <test-method is-config="true" signature="afterClass()[pri:0, instance:com.timp.test.MDR.SPCBFederaisRetidos.SPCBFederaisRetidosDetalhes@1bd39d3c]" started-at="2021-03-29T23:01:55Z" name="afterClass" finished-at="2021-03-29T23:01:59Z" duration-ms="4344" status="PASS">
          <reporter-output>
          </reporter-output>
        </test-method> <!-- afterClass -->
      </class> <!-- com.timp.test.MDR.SPCBFederaisRetidos.SPCBFederaisRetidosDetalhes -->
    </test> <!-- Default test -->
  </suite> <!-- Default suite -->
</testng-results>
