<?xml version="1.0" encoding="UTF-8"?>
<testng-results total="3" passed="3" failed="0" skipped="0">
  <reporter-output>
  </reporter-output>
  <suite started-at="2020-10-27T06:53:45Z" name="Default suite" finished-at="2020-10-27T06:55:21Z" duration-ms="96252">
    <groups>
    </groups>
    <test started-at="2020-10-27T06:53:45Z" name="Default test" finished-at="2020-10-27T06:55:21Z" duration-ms="96252">
      <class name="com.timp.test.MDR.TabelasApoioESocial.Tabela19.MotivosdeDesligamentoExcluirMasa">
        <test-method is-config="true" signature="beforeClass()[pri:0, instance:com.timp.test.MDR.TabelasApoioESocial.Tabela19.MotivosdeDesligamentoExcluirMasa@5026735c]" started-at="2020-10-27T00:53:45Z" name="beforeClass" finished-at="2020-10-27T00:54:04Z" duration-ms="19133" status="PASS">
          <reporter-output>
          </reporter-output>
        </test-method> <!-- beforeClass -->
        <test-method signature="ingresar()[pri:0, instance:com.timp.test.MDR.TabelasApoioESocial.Tabela19.MotivosdeDesligamentoExcluirMasa@5026735c]" started-at="2020-10-27T00:54:04Z" name="ingresar" finished-at="2020-10-27T00:54:12Z" duration-ms="8338" status="PASS">
          <reporter-output>
          </reporter-output>
        </test-method> <!-- ingresar -->
        <test-method signature="mdrEntrar()[pri:0, instance:com.timp.test.MDR.TabelasApoioESocial.Tabela19.MotivosdeDesligamentoExcluirMasa@5026735c]" started-at="2020-10-27T00:54:12Z" name="mdrEntrar" finished-at="2020-10-27T00:54:41Z" duration-ms="28187" status="PASS">
          <reporter-output>
          </reporter-output>
        </test-method> <!-- mdrEntrar -->
        <test-method signature="excluirMasaMotivosDesligamento()[pri:0, instance:com.timp.test.MDR.TabelasApoioESocial.Tabela19.MotivosdeDesligamentoExcluirMasa@5026735c]" started-at="2020-10-27T00:54:41Z" name="excluirMasaMotivosDesligamento" finished-at="2020-10-27T00:55:17Z" duration-ms="36163" status="PASS">
          <reporter-output>
          </reporter-output>
        </test-method> <!-- excluirMasaMotivosDesligamento -->
        <test-method is-config="true" signature="afterClass()[pri:0, instance:com.timp.test.MDR.TabelasApoioESocial.Tabela19.MotivosdeDesligamentoExcluirMasa@5026735c]" started-at="2020-10-27T00:55:17Z" name="afterClass" finished-at="2020-10-27T00:55:21Z" duration-ms="4413" status="PASS">
          <reporter-output>
          </reporter-output>
        </test-method> <!-- afterClass -->
      </class> <!-- com.timp.test.MDR.TabelasApoioESocial.Tabela19.MotivosdeDesligamentoExcluirMasa -->
    </test> <!-- Default test -->
  </suite> <!-- Default suite -->
</testng-results>
