<?xml version="1.0" encoding="UTF-8"?>
<testng-results ignored="0" total="1" passed="1" failed="0" skipped="0">
  <reporter-output>
  </reporter-output>
  <suite started-at="2021-07-05T17:39:20Z" name="Default suite" finished-at="2021-07-05T17:44:01Z" duration-ms="280497">
    <groups>
    </groups>
    <test started-at="2021-07-05T17:39:20Z" name="Default test" finished-at="2021-07-05T17:44:01Z" duration-ms="280497">
      <class name="com.timp.test.TDK.Kpis.KpisCriar">
        <test-method is-config="true" signature="beforeClass()[pri:0, instance:com.timp.test.TDK.Kpis.KpisCriar@2abf4075]" started-at="2021-07-05T17:39:20Z" name="beforeClass" finished-at="2021-07-05T17:40:21Z" duration-ms="60131" status="PASS">
          <reporter-output>
          </reporter-output>
        </test-method> <!-- beforeClass -->
        <test-method signature="criar()[pri:0, instance:com.timp.test.TDK.Kpis.KpisCriar@2abf4075]" started-at="2021-07-05T17:40:21Z" name="criar" finished-at="2021-07-05T17:43:57Z" duration-ms="216011" status="PASS">
          <reporter-output>
          </reporter-output>
        </test-method> <!-- criar -->
        <test-method is-config="true" signature="afterClass()[pri:0, instance:com.timp.test.TDK.Kpis.KpisCriar@2abf4075]" started-at="2021-07-05T17:43:57Z" name="afterClass" finished-at="2021-07-05T17:44:01Z" duration-ms="4333" status="PASS">
          <reporter-output>
          </reporter-output>
        </test-method> <!-- afterClass -->
      </class> <!-- com.timp.test.TDK.Kpis.KpisCriar -->
    </test> <!-- Default test -->
  </suite> <!-- Default suite -->
</testng-results>
