<?xml version="1.0" encoding="UTF-8"?>
<testng-results total="3" passed="3" failed="0" skipped="0">
  <reporter-output>
  </reporter-output>
  <suite started-at="2021-02-02T21:32:02Z" name="Default suite" finished-at="2021-02-02T21:33:28Z" duration-ms="85436">
    <groups>
    </groups>
    <test started-at="2021-02-02T21:32:02Z" name="Default test" finished-at="2021-02-02T21:33:28Z" duration-ms="85436">
      <class name="com.timp.test.MDR.TabelasApoioSped.DeParaLivroApuraçaoXSpedFiscal.DeParaLivroApuraçaoXSpedFiscalExcluir">
        <test-method is-config="true" signature="beforeClass()[pri:0, instance:com.timp.test.MDR.TabelasApoioSped.DeParaLivroApuraçaoXSpedFiscal.DeParaLivroApuraçaoXSpedFiscalExcluir@6e9175d8]" started-at="2021-02-02T18:32:02Z" name="beforeClass" finished-at="2021-02-02T18:32:14Z" duration-ms="11636" status="PASS">
          <reporter-output>
          </reporter-output>
        </test-method> <!-- beforeClass -->
        <test-method signature="login()[pri:0, instance:com.timp.test.MDR.TabelasApoioSped.DeParaLivroApuraçaoXSpedFiscal.DeParaLivroApuraçaoXSpedFiscalExcluir@6e9175d8]" started-at="2021-02-02T18:32:14Z" name="login" finished-at="2021-02-02T18:32:22Z" duration-ms="7709" status="PASS">
          <reporter-output>
          </reporter-output>
        </test-method> <!-- login -->
        <test-method signature="acessarMDR()[pri:0, instance:com.timp.test.MDR.TabelasApoioSped.DeParaLivroApuraçaoXSpedFiscal.DeParaLivroApuraçaoXSpedFiscalExcluir@6e9175d8]" started-at="2021-02-02T18:32:22Z" name="acessarMDR" finished-at="2021-02-02T18:32:46Z" duration-ms="24334" status="PASS">
          <reporter-output>
          </reporter-output>
        </test-method> <!-- acessarMDR -->
        <test-method signature="excluir()[pri:0, instance:com.timp.test.MDR.TabelasApoioSped.DeParaLivroApuraçaoXSpedFiscal.DeParaLivroApuraçaoXSpedFiscalExcluir@6e9175d8]" started-at="2021-02-02T18:32:46Z" name="excluir" finished-at="2021-02-02T18:33:28Z" duration-ms="41717" status="PASS">
          <reporter-output>
          </reporter-output>
        </test-method> <!-- excluir -->
        <test-method is-config="true" signature="afterClass()[pri:0, instance:com.timp.test.MDR.TabelasApoioSped.DeParaLivroApuraçaoXSpedFiscal.DeParaLivroApuraçaoXSpedFiscalExcluir@6e9175d8]" started-at="2021-02-02T18:33:28Z" name="afterClass" finished-at="2021-02-02T18:33:28Z" duration-ms="7" status="PASS">
          <reporter-output>
          </reporter-output>
        </test-method> <!-- afterClass -->
      </class> <!-- com.timp.test.MDR.TabelasApoioSped.DeParaLivroApuraçaoXSpedFiscal.DeParaLivroApuraçaoXSpedFiscalExcluir -->
    </test> <!-- Default test -->
  </suite> <!-- Default suite -->
</testng-results>
