<?xml version="1.0" encoding="UTF-8"?>
<testng-results ignored="0" total="1" passed="1" failed="0" skipped="0">
  <reporter-output>
  </reporter-output>
  <suite started-at="2021-07-16T15:17:02Z" name="Default suite" finished-at="2021-07-16T15:19:41Z" duration-ms="158864">
    <groups>
    </groups>
    <test started-at="2021-07-16T15:17:02Z" name="Default test" finished-at="2021-07-16T15:19:41Z" duration-ms="158864">
      <class name="com.timp.test.MDR.CadastrosIRPJCSLL.TabelaDeApoioECF.TabelaDeApoioECFCriar">
        <test-method is-config="true" signature="beforeClass()[pri:0, instance:com.timp.test.MDR.CadastrosIRPJCSLL.TabelaDeApoioECF.TabelaDeApoioECFCriar@355ce81c]" started-at="2021-07-16T15:17:02Z" name="beforeClass" finished-at="2021-07-16T15:17:25Z" duration-ms="23346" status="PASS">
          <reporter-output>
          </reporter-output>
        </test-method> <!-- beforeClass -->
        <test-method signature="criar()[pri:0, instance:com.timp.test.MDR.CadastrosIRPJCSLL.TabelaDeApoioECF.TabelaDeApoioECFCriar@355ce81c]" started-at="2021-07-16T15:17:26Z" name="criar" finished-at="2021-07-16T15:19:41Z" duration-ms="135467" status="PASS">
          <reporter-output>
          </reporter-output>
        </test-method> <!-- criar -->
        <test-method is-config="true" signature="afterClass()[pri:0, instance:com.timp.test.MDR.CadastrosIRPJCSLL.TabelaDeApoioECF.TabelaDeApoioECFCriar@355ce81c]" started-at="2021-07-16T15:19:41Z" name="afterClass" finished-at="2021-07-16T15:19:41Z" duration-ms="1" status="PASS">
          <reporter-output>
          </reporter-output>
        </test-method> <!-- afterClass -->
      </class> <!-- com.timp.test.MDR.CadastrosIRPJCSLL.TabelaDeApoioECF.TabelaDeApoioECFCriar -->
    </test> <!-- Default test -->
  </suite> <!-- Default suite -->
</testng-results>
