<?xml version="1.0" encoding="UTF-8"?>
<testng-results total="3" passed="3" failed="0" skipped="0">
  <reporter-output>
  </reporter-output>
  <suite started-at="2020-11-26T17:57:59Z" name="Default suite" finished-at="2020-11-26T18:00:10Z" duration-ms="130571">
    <groups>
    </groups>
    <test started-at="2020-11-26T17:57:59Z" name="Default test" finished-at="2020-11-26T18:00:10Z" duration-ms="130571">
      <class name="com.timp.test.BRE.RegrasDeMensagens.RegrasDeMensagensEditar">
        <test-method is-config="true" signature="beforeClass()[pri:0, instance:com.timp.test.BRE.RegrasDeMensagens.RegrasDeMensagensEditar@6d4d66d2]" started-at="2020-11-26T14:57:59Z" name="beforeClass" finished-at="2020-11-26T14:58:13Z" duration-ms="13327" status="PASS">
          <reporter-output>
          </reporter-output>
        </test-method> <!-- beforeClass -->
        <test-method signature="login()[pri:0, instance:com.timp.test.BRE.RegrasDeMensagens.RegrasDeMensagensEditar@6d4d66d2]" started-at="2020-11-26T14:58:13Z" name="login" finished-at="2020-11-26T14:58:20Z" duration-ms="7550" status="PASS">
          <reporter-output>
          </reporter-output>
        </test-method> <!-- login -->
        <test-method signature="acessarBRE()[pri:0, instance:com.timp.test.BRE.RegrasDeMensagens.RegrasDeMensagensEditar@6d4d66d2]" started-at="2020-11-26T14:58:20Z" name="acessarBRE" finished-at="2020-11-26T14:58:37Z" duration-ms="17091" status="PASS">
          <reporter-output>
          </reporter-output>
        </test-method> <!-- acessarBRE -->
        <test-method signature="editar()[pri:0, instance:com.timp.test.BRE.RegrasDeMensagens.RegrasDeMensagensEditar@6d4d66d2]" started-at="2020-11-26T14:58:37Z" name="editar" finished-at="2020-11-26T15:00:10Z" duration-ms="92586" status="PASS">
          <reporter-output>
          </reporter-output>
        </test-method> <!-- editar -->
        <test-method is-config="true" signature="afterClass()[pri:0, instance:com.timp.test.BRE.RegrasDeMensagens.RegrasDeMensagensEditar@6d4d66d2]" started-at="2020-11-26T15:00:10Z" name="afterClass" finished-at="2020-11-26T15:00:10Z" duration-ms="1" status="PASS">
          <reporter-output>
          </reporter-output>
        </test-method> <!-- afterClass -->
      </class> <!-- com.timp.test.BRE.RegrasDeMensagens.RegrasDeMensagensEditar -->
    </test> <!-- Default test -->
  </suite> <!-- Default suite -->
</testng-results>
