<?xml version="1.0" encoding="UTF-8"?>
<testng-results ignored="0" total="10" passed="10" failed="0" skipped="0">
  <reporter-output>
  </reporter-output>
  <suite started-at="2021-07-13T06:53:45Z" name="Default suite" finished-at="2021-07-13T07:10:32Z" duration-ms="1006929">
    <groups>
    </groups>
    <test started-at="2021-07-13T06:53:45Z" name="Default test" finished-at="2021-07-13T07:10:32Z" duration-ms="1006929">
      <class name="com.timp.test.BCB.HierarquiaExecucoesTodasAsFuncionalidades">
        <test-method is-config="true" signature="beforeClass()[pri:0, instance:com.timp.test.BCB.HierarquiaExecucoesTodasAsFuncionalidades@ae3540e]" started-at="2021-07-13T06:53:45Z" name="beforeClass" finished-at="2021-07-13T06:53:55Z" duration-ms="10379" status="PASS">
          <reporter-output>
          </reporter-output>
        </test-method> <!-- beforeClass -->
        <test-method signature="login()[pri:0, instance:com.timp.test.BCB.HierarquiaExecucoesTodasAsFuncionalidades@ae3540e]" started-at="2021-07-13T06:53:55Z" name="login" finished-at="2021-07-13T06:54:01Z" duration-ms="6123" status="PASS">
          <reporter-output>
          </reporter-output>
        </test-method> <!-- login -->
        <test-method signature="brbEntrar()[pri:1, instance:com.timp.test.BCB.HierarquiaExecucoesTodasAsFuncionalidades@ae3540e]" started-at="2021-07-13T06:54:01Z" name="brbEntrar" finished-at="2021-07-13T06:54:21Z" duration-ms="19693" status="PASS">
          <reporter-output>
          </reporter-output>
        </test-method> <!-- brbEntrar -->
        <test-method signature="criarConfiguracaoExecucoes()[pri:2, instance:com.timp.test.BCB.HierarquiaExecucoesTodasAsFuncionalidades@ae3540e]" started-at="2021-07-13T06:54:21Z" name="criarConfiguracaoExecucoes" finished-at="2021-07-13T06:55:52Z" duration-ms="90824" status="PASS">
          <reporter-output>
          </reporter-output>
        </test-method> <!-- criarConfiguracaoExecucoes -->
        <test-method signature="criarConfiguracao()[pri:3, instance:com.timp.test.BCB.HierarquiaExecucoesTodasAsFuncionalidades@ae3540e]" started-at="2021-07-13T06:55:52Z" name="criarConfiguracao" finished-at="2021-07-13T07:02:21Z" duration-ms="389345" status="PASS">
          <reporter-output>
          </reporter-output>
        </test-method> <!-- criarConfiguracao -->
        <test-method signature="executar()[pri:4, instance:com.timp.test.BCB.HierarquiaExecucoesTodasAsFuncionalidades@ae3540e]" started-at="2021-07-13T07:02:21Z" name="executar" finished-at="2021-07-13T07:04:08Z" duration-ms="106320" status="PASS">
          <reporter-output>
          </reporter-output>
        </test-method> <!-- executar -->
        <test-method signature="resto()[pri:5, instance:com.timp.test.BCB.HierarquiaExecucoesTodasAsFuncionalidades@ae3540e]" started-at="2021-07-13T07:04:08Z" name="resto" finished-at="2021-07-13T07:06:00Z" duration-ms="112483" status="PASS">
          <reporter-output>
          </reporter-output>
        </test-method> <!-- resto -->
        <test-method signature="editar()[pri:6, instance:com.timp.test.BCB.HierarquiaExecucoesTodasAsFuncionalidades@ae3540e]" started-at="2021-07-13T07:06:00Z" name="editar" finished-at="2021-07-13T07:07:05Z" duration-ms="64617" status="PASS">
          <reporter-output>
          </reporter-output>
        </test-method> <!-- editar -->
        <test-method signature="excluirExecucoes()[pri:7, instance:com.timp.test.BCB.HierarquiaExecucoesTodasAsFuncionalidades@ae3540e]" started-at="2021-07-13T07:07:05Z" name="excluirExecucoes" finished-at="2021-07-13T07:07:59Z" duration-ms="54775" status="PASS">
          <reporter-output>
          </reporter-output>
        </test-method> <!-- excluirExecucoes -->
        <test-method signature="excluirConfiguracoes()[pri:8, instance:com.timp.test.BCB.HierarquiaExecucoesTodasAsFuncionalidades@ae3540e]" started-at="2021-07-13T07:07:59Z" name="excluirConfiguracoes" finished-at="2021-07-13T07:09:22Z" duration-ms="82784" status="PASS">
          <reporter-output>
          </reporter-output>
        </test-method> <!-- excluirConfiguracoes -->
        <test-method signature="excluirHierarquia()[pri:9, instance:com.timp.test.BCB.HierarquiaExecucoesTodasAsFuncionalidades@ae3540e]" started-at="2021-07-13T07:09:22Z" name="excluirHierarquia" finished-at="2021-07-13T07:10:32Z" duration-ms="69559" status="PASS">
          <reporter-output>
          </reporter-output>
        </test-method> <!-- excluirHierarquia -->
        <test-method is-config="true" signature="afterClass()[pri:0, instance:com.timp.test.BCB.HierarquiaExecucoesTodasAsFuncionalidades@ae3540e]" started-at="2021-07-13T07:10:32Z" name="afterClass" finished-at="2021-07-13T07:10:32Z" duration-ms="0" status="PASS">
          <reporter-output>
          </reporter-output>
        </test-method> <!-- afterClass -->
      </class> <!-- com.timp.test.BCB.HierarquiaExecucoesTodasAsFuncionalidades -->
    </test> <!-- Default test -->
  </suite> <!-- Default suite -->
</testng-results>
