<?xml version="1.0" encoding="UTF-8"?>
<testng-results total="3" passed="3" failed="0" skipped="0">
  <reporter-output>
  </reporter-output>
  <suite started-at="2020-12-14T14:30:43Z" name="Default suite" finished-at="2020-12-14T14:33:31Z" duration-ms="167703">
    <groups>
    </groups>
    <test started-at="2020-12-14T14:30:43Z" name="Default test" finished-at="2020-12-14T14:33:31Z" duration-ms="167703">
      <class name="com.timp.test.BRE.RegrasDeAuditoriaN3.RegrasdeAuditoriaN3ValoresCalculados">
        <test-method is-config="true" signature="beforeClass()[pri:0, instance:com.timp.test.BRE.RegrasDeAuditoriaN3.RegrasdeAuditoriaN3ValoresCalculados@4c309d4d]" started-at="2020-12-14T11:30:43Z" name="beforeClass" finished-at="2020-12-14T11:30:55Z" duration-ms="12017" status="PASS">
          <reporter-output>
          </reporter-output>
        </test-method> <!-- beforeClass -->
        <test-method signature="login()[pri:0, instance:com.timp.test.BRE.RegrasDeAuditoriaN3.RegrasdeAuditoriaN3ValoresCalculados@4c309d4d]" started-at="2020-12-14T11:30:55Z" name="login" finished-at="2020-12-14T11:31:02Z" duration-ms="6948" status="PASS">
          <reporter-output>
          </reporter-output>
        </test-method> <!-- login -->
        <test-method signature="acessarBRE()[pri:0, instance:com.timp.test.BRE.RegrasDeAuditoriaN3.RegrasdeAuditoriaN3ValoresCalculados@4c309d4d]" started-at="2020-12-14T11:31:02Z" name="acessarBRE" finished-at="2020-12-14T11:31:19Z" duration-ms="17010" status="PASS">
          <reporter-output>
          </reporter-output>
        </test-method> <!-- acessarBRE -->
        <test-method signature="editar()[pri:0, instance:com.timp.test.BRE.RegrasDeAuditoriaN3.RegrasdeAuditoriaN3ValoresCalculados@4c309d4d]" started-at="2020-12-14T11:31:19Z" name="editar" finished-at="2020-12-14T11:33:31Z" duration-ms="131705" status="PASS">
          <reporter-output>
          </reporter-output>
        </test-method> <!-- editar -->
        <test-method is-config="true" signature="afterClass()[pri:0, instance:com.timp.test.BRE.RegrasDeAuditoriaN3.RegrasdeAuditoriaN3ValoresCalculados@4c309d4d]" started-at="2020-12-14T11:33:31Z" name="afterClass" finished-at="2020-12-14T11:33:31Z" duration-ms="0" status="PASS">
          <reporter-output>
          </reporter-output>
        </test-method> <!-- afterClass -->
      </class> <!-- com.timp.test.BRE.RegrasDeAuditoriaN3.RegrasdeAuditoriaN3ValoresCalculados -->
    </test> <!-- Default test -->
  </suite> <!-- Default suite -->
</testng-results>
