<?xml version="1.0" encoding="UTF-8"?>
<testng-results total="3" passed="3" failed="0" skipped="0">
  <reporter-output>
  </reporter-output>
  <suite started-at="2020-11-14T06:36:19Z" name="Default suite" finished-at="2020-11-14T06:37:41Z" duration-ms="81840">
    <groups>
    </groups>
    <test started-at="2020-11-14T06:36:19Z" name="Default test" finished-at="2020-11-14T06:37:41Z" duration-ms="81840">
      <class name="com.timp.test.MDR.Siscoserv.RegistroRVS.RegistroRVSVisualizar">
        <test-method is-config="true" signature="beforeClass()[pri:0, instance:com.timp.test.MDR.Siscoserv.RegistroRVS.RegistroRVSVisualizar@1b45c0e]" started-at="2020-11-14T00:36:19Z" name="beforeClass" finished-at="2020-11-14T00:36:30Z" duration-ms="11514" status="PASS">
          <reporter-output>
          </reporter-output>
        </test-method> <!-- beforeClass -->
        <test-method signature="login()[pri:0, instance:com.timp.test.MDR.Siscoserv.RegistroRVS.RegistroRVSVisualizar@1b45c0e]" started-at="2020-11-14T00:36:30Z" name="login" finished-at="2020-11-14T00:36:37Z" duration-ms="7243" status="PASS">
          <reporter-output>
          </reporter-output>
        </test-method> <!-- login -->
        <test-method signature="acessarMDR()[pri:0, instance:com.timp.test.MDR.Siscoserv.RegistroRVS.RegistroRVSVisualizar@1b45c0e]" started-at="2020-11-14T00:36:37Z" name="acessarMDR" finished-at="2020-11-14T00:37:04Z" duration-ms="26237" status="PASS">
          <reporter-output>
          </reporter-output>
        </test-method> <!-- acessarMDR -->
        <test-method signature="Visualizar()[pri:0, instance:com.timp.test.MDR.Siscoserv.RegistroRVS.RegistroRVSVisualizar@1b45c0e]" started-at="2020-11-14T00:37:04Z" name="Visualizar" finished-at="2020-11-14T00:37:40Z" duration-ms="36647" status="PASS">
          <reporter-output>
          </reporter-output>
        </test-method> <!-- Visualizar -->
        <test-method is-config="true" signature="afterClass()[pri:0, instance:com.timp.test.MDR.Siscoserv.RegistroRVS.RegistroRVSVisualizar@1b45c0e]" started-at="2020-11-14T00:37:40Z" name="afterClass" finished-at="2020-11-14T00:37:41Z" duration-ms="177" status="PASS">
          <reporter-output>
          </reporter-output>
        </test-method> <!-- afterClass -->
      </class> <!-- com.timp.test.MDR.Siscoserv.RegistroRVS.RegistroRVSVisualizar -->
    </test> <!-- Default test -->
  </suite> <!-- Default suite -->
</testng-results>
