<?xml version="1.0" encoding="UTF-8"?>
<testng-results skipped="0" failed="0" total="3" passed="3">
  <reporter-output>
  </reporter-output>
  <suite name="Default suite" duration-ms="156784" started-at="2020-11-25T23:13:17Z" finished-at="2020-11-25T23:15:53Z">
    <groups>
    </groups>
    <test name="Default test" duration-ms="156784" started-at="2020-11-25T23:13:17Z" finished-at="2020-11-25T23:15:53Z">
      <class name="com.timp.test.BSC.FiltroPorIDRegistroCriar">
        <test-method status="PASS" signature="beforeClass()[pri:0, instance:com.timp.test.BSC.FiltroPorIDRegistroCriar@f2f2cc1]" name="beforeClass" is-config="true" duration-ms="11191" started-at="2020-11-25T17:13:17Z" finished-at="2020-11-25T17:13:28Z">
          <reporter-output>
          </reporter-output>
        </test-method> <!-- beforeClass -->
        <test-method status="PASS" signature="login()[pri:0, instance:com.timp.test.BSC.FiltroPorIDRegistroCriar@f2f2cc1]" name="login" duration-ms="5965" started-at="2020-11-25T17:13:28Z" finished-at="2020-11-25T17:13:34Z">
          <reporter-output>
          </reporter-output>
        </test-method> <!-- login -->
        <test-method status="PASS" signature="acessarMDR()[pri:0, instance:com.timp.test.BSC.FiltroPorIDRegistroCriar@f2f2cc1]" name="acessarMDR" duration-ms="20340" started-at="2020-11-25T17:13:34Z" finished-at="2020-11-25T17:13:54Z">
          <reporter-output>
          </reporter-output>
        </test-method> <!-- acessarMDR -->
        <test-method status="PASS" signature="criar()[pri:0, instance:com.timp.test.BSC.FiltroPorIDRegistroCriar@f2f2cc1]" name="criar" duration-ms="114826" started-at="2020-11-25T17:13:54Z" finished-at="2020-11-25T17:15:49Z">
          <reporter-output>
          </reporter-output>
        </test-method> <!-- criar -->
        <test-method status="PASS" signature="afterClass()[pri:0, instance:com.timp.test.BSC.FiltroPorIDRegistroCriar@f2f2cc1]" name="afterClass" is-config="true" duration-ms="4450" started-at="2020-11-25T17:15:49Z" finished-at="2020-11-25T17:15:53Z">
          <reporter-output>
          </reporter-output>
        </test-method> <!-- afterClass -->
      </class> <!-- com.timp.test.BSC.FiltroPorIDRegistroCriar -->
    </test> <!-- Default test -->
  </suite> <!-- Default suite -->
</testng-results>
