<?xml version="1.0" encoding="UTF-8"?>
<testng-results ignored="0" total="3" passed="3" failed="0" skipped="0">
  <reporter-output>
  </reporter-output>
  <suite started-at="2024-05-30T19:23:24 UTC" name="Default suite" finished-at="2024-05-30T19:26:54 UTC" duration-ms="210720">
    <groups>
    </groups>
    <test started-at="2024-05-30T19:23:24 UTC" name="Default test" finished-at="2024-05-30T19:26:54 UTC" duration-ms="210720">
      <class name="com.timp.test.TKM.Importacao.ImportacaoBCB">
        <test-method is-config="true" signature="beforeClass()[pri:0, instance:com.timp.test.TKM.Importacao.ImportacaoBCB@6e0f5f7f]" started-at="2024-05-30T19:23:24 UTC" name="beforeClass" finished-at="2024-05-30T19:23:25 UTC" duration-ms="1450" status="PASS">
          <reporter-output>
          </reporter-output>
        </test-method> <!-- beforeClass -->
        <test-method signature="VerificarInf()[pri:4, instance:com.timp.test.TKM.Importacao.ImportacaoBCB@6e0f5f7f]" started-at="2024-05-30T19:23:25 UTC" name="VerificarInf" finished-at="2024-05-30T19:23:57 UTC" duration-ms="32151" status="PASS">
          <reporter-output>
          </reporter-output>
        </test-method> <!-- VerificarInf -->
        <test-method signature="ExportacionBCB()[pri:6, instance:com.timp.test.TKM.Importacao.ImportacaoBCB@6e0f5f7f]" started-at="2024-05-30T19:23:57 UTC" name="ExportacionBCB" finished-at="2024-05-30T19:25:34 UTC" duration-ms="96635" status="PASS">
          <reporter-output>
          </reporter-output>
        </test-method> <!-- ExportacionBCB -->
        <test-method signature="ExportacionMdrAsociacionCodigoAjuste()[pri:9, instance:com.timp.test.TKM.Importacao.ImportacaoBCB@6e0f5f7f]" started-at="2024-05-30T19:25:34 UTC" name="ExportacionMdrAsociacionCodigoAjuste" finished-at="2024-05-30T19:26:54 UTC" duration-ms="80442" status="PASS">
          <reporter-output>
          </reporter-output>
        </test-method> <!-- ExportacionMdrAsociacionCodigoAjuste -->
        <test-method is-config="true" signature="afterClass()[pri:0, instance:com.timp.test.TKM.Importacao.ImportacaoBCB@6e0f5f7f]" started-at="2024-05-30T19:26:54 UTC" name="afterClass" finished-at="2024-05-30T19:26:54 UTC" duration-ms="0" status="PASS">
          <reporter-output>
          </reporter-output>
        </test-method> <!-- afterClass -->
      </class> <!-- com.timp.test.TKM.Importacao.ImportacaoBCB -->
    </test> <!-- Default test -->
  </suite> <!-- Default suite -->
</testng-results>
