<?xml version="1.0" encoding="UTF-8"?>
<testng-results skipped="0" failed="0" total="3" passed="3">
  <reporter-output>
  </reporter-output>
  <suite name="Default suite" duration-ms="82177" started-at="2020-09-25T19:43:58Z" finished-at="2020-09-25T19:45:21Z">
    <groups>
    </groups>
    <test name="Default test" duration-ms="82177" started-at="2020-09-25T19:43:58Z" finished-at="2020-09-25T19:45:21Z">
      <class name="com.timp.test.MDR.CadastrosIRPJCSLL.ContasParteBLALUR.ContasParteBLALURExcluir">
        <test-method status="PASS" signature="beforeClass()[pri:0, instance:com.timp.test.MDR.CadastrosIRPJCSLL.ContasParteBLALUR.ContasParteBLALURExcluir@f2f2cc1]" name="beforeClass" is-config="true" duration-ms="11511" started-at="2020-09-25T13:43:58Z" finished-at="2020-09-25T13:44:10Z">
          <reporter-output>
          </reporter-output>
        </test-method> <!-- beforeClass -->
        <test-method status="PASS" signature="login()[pri:0, instance:com.timp.test.MDR.CadastrosIRPJCSLL.ContasParteBLALUR.ContasParteBLALURExcluir@f2f2cc1]" name="login" duration-ms="7009" started-at="2020-09-25T13:44:10Z" finished-at="2020-09-25T13:44:17Z">
          <reporter-output>
          </reporter-output>
        </test-method> <!-- login -->
        <test-method status="PASS" signature="acessarMDR()[pri:0, instance:com.timp.test.MDR.CadastrosIRPJCSLL.ContasParteBLALUR.ContasParteBLALURExcluir@f2f2cc1]" name="acessarMDR" duration-ms="9156" started-at="2020-09-25T13:44:17Z" finished-at="2020-09-25T13:44:26Z">
          <reporter-output>
          </reporter-output>
        </test-method> <!-- acessarMDR -->
        <test-method status="PASS" signature="excluir()[pri:0, instance:com.timp.test.MDR.CadastrosIRPJCSLL.ContasParteBLALUR.ContasParteBLALURExcluir@f2f2cc1]" name="excluir" duration-ms="54386" started-at="2020-09-25T13:44:26Z" finished-at="2020-09-25T13:45:20Z">
          <reporter-output>
          </reporter-output>
        </test-method> <!-- excluir -->
        <test-method status="PASS" signature="afterClass()[pri:0, instance:com.timp.test.MDR.CadastrosIRPJCSLL.ContasParteBLALUR.ContasParteBLALURExcluir@f2f2cc1]" name="afterClass" is-config="true" duration-ms="100" started-at="2020-09-25T13:45:20Z" finished-at="2020-09-25T13:45:21Z">
          <reporter-output>
          </reporter-output>
        </test-method> <!-- afterClass -->
      </class> <!-- com.timp.test.MDR.CadastrosIRPJCSLL.ContasParteBLALUR.ContasParteBLALURExcluir -->
    </test> <!-- Default test -->
  </suite> <!-- Default suite -->
</testng-results>
