<?xml version="1.0" encoding="UTF-8"?>
<testng-results skipped="0" failed="0" total="3" passed="3">
  <reporter-output>
  </reporter-output>
  <suite name="Default suite" duration-ms="66391" started-at="2020-08-05T15:46:17Z" finished-at="2020-08-05T15:47:23Z">
    <groups>
    </groups>
    <test name="Default test" duration-ms="66391" started-at="2020-08-05T15:46:17Z" finished-at="2020-08-05T15:47:23Z">
      <class name="com.timp.test.MDR.TabelasApoioSped.CodigoTipoCredito.InformaçoesAdicionaisCriar">
        <test-method status="PASS" signature="beforeClass()[pri:0, instance:com.timp.test.MDR.TabelasApoioSped.CodigoTipoCredito.InformaçoesAdicionaisCriar@8e0379d]" name="beforeClass" is-config="true" duration-ms="17587" started-at="2020-08-05T12:46:17Z" finished-at="2020-08-05T12:46:35Z">
          <reporter-output>
          </reporter-output>
        </test-method> <!-- beforeClass -->
        <test-method status="PASS" signature="login()[pri:0, instance:com.timp.test.MDR.TabelasApoioSped.CodigoTipoCredito.InformaçoesAdicionaisCriar@8e0379d]" name="login" duration-ms="9926" started-at="2020-08-05T12:46:35Z" finished-at="2020-08-05T12:46:44Z">
          <reporter-output>
          </reporter-output>
        </test-method> <!-- login -->
        <test-method status="PASS" signature="acessarMDR()[pri:0, instance:com.timp.test.MDR.TabelasApoioSped.CodigoTipoCredito.InformaçoesAdicionaisCriar@8e0379d]" name="acessarMDR" duration-ms="11133" started-at="2020-08-05T12:46:44Z" finished-at="2020-08-05T12:46:56Z">
          <reporter-output>
          </reporter-output>
        </test-method> <!-- acessarMDR -->
        <test-method status="PASS" signature="criar()[pri:0, instance:com.timp.test.MDR.TabelasApoioSped.CodigoTipoCredito.InformaçoesAdicionaisCriar@8e0379d]" name="criar" duration-ms="27717" started-at="2020-08-05T12:46:56Z" finished-at="2020-08-05T12:47:23Z">
          <reporter-output>
          </reporter-output>
        </test-method> <!-- criar -->
      </class> <!-- com.timp.test.MDR.TabelasApoioSped.CodigoTipoCredito.InformaçoesAdicionaisCriar -->
    </test> <!-- Default test -->
  </suite> <!-- Default suite -->
</testng-results>
