<?xml version="1.0" encoding="UTF-8"?>
<testng-results skipped="0" failed="0" total="3" passed="3">
  <reporter-output>
  </reporter-output>
  <suite name="Default suite" duration-ms="68661" started-at="2020-07-28T20:15:08Z" finished-at="2020-07-28T20:16:17Z">
    <groups>
    </groups>
    <test name="Default test" duration-ms="68661" started-at="2020-07-28T20:15:08Z" finished-at="2020-07-28T20:16:17Z">
      <class name="com.timp.test.MDR.SequenciaAcesso.SequenciaVisualizar">
        <test-method status="PASS" signature="beforeClass()[pri:0, instance:com.timp.test.MDR.SequenciaAcesso.SequenciaVisualizar@8e0379d]" name="beforeClass" is-config="true" duration-ms="10468" started-at="2020-07-28T14:15:08Z" finished-at="2020-07-28T14:15:19Z">
          <reporter-output>
          </reporter-output>
        </test-method> <!-- beforeClass -->
        <test-method status="PASS" signature="login()[pri:0, instance:com.timp.test.MDR.SequenciaAcesso.SequenciaVisualizar@8e0379d]" name="login" duration-ms="5913" started-at="2020-07-28T14:15:19Z" finished-at="2020-07-28T14:15:25Z">
          <reporter-output>
          </reporter-output>
        </test-method> <!-- login -->
        <test-method status="PASS" signature="acessarMDR()[pri:0, instance:com.timp.test.MDR.SequenciaAcesso.SequenciaVisualizar@8e0379d]" name="acessarMDR" duration-ms="21937" started-at="2020-07-28T14:15:25Z" finished-at="2020-07-28T14:15:47Z">
          <reporter-output>
          </reporter-output>
        </test-method> <!-- acessarMDR -->
        <test-method status="PASS" signature="Visualizar()[pri:0, instance:com.timp.test.MDR.SequenciaAcesso.SequenciaVisualizar@8e0379d]" name="Visualizar" duration-ms="30330" started-at="2020-07-28T14:15:47Z" finished-at="2020-07-28T14:16:17Z">
          <reporter-output>
          </reporter-output>
        </test-method> <!-- Visualizar -->
      </class> <!-- com.timp.test.MDR.SequenciaAcesso.SequenciaVisualizar -->
    </test> <!-- Default test -->
  </suite> <!-- Default suite -->
</testng-results>
