<?xml version="1.0" encoding="UTF-8"?>
<testng-results skipped="0" failed="0" total="3" passed="3">
  <reporter-output>
  </reporter-output>
  <suite name="Default suite" duration-ms="34073" started-at="2020-07-24T15:00:51Z" finished-at="2020-07-24T15:01:25Z">
    <groups>
    </groups>
    <test name="Default test" duration-ms="34073" started-at="2020-07-24T15:00:51Z" finished-at="2020-07-24T15:01:25Z">
      <class name="com.timp.test.MDR.Centralizacao.EstornoCreditoFiltros">
        <test-method status="PASS" signature="beforeClass()[pri:0, instance:com.timp.test.MDR.Centralizacao.EstornoCreditoFiltros@8e0379d]" name="beforeClass" is-config="true" duration-ms="12654" started-at="2020-07-24T09:00:51Z" finished-at="2020-07-24T09:01:03Z">
          <reporter-output>
          </reporter-output>
        </test-method> <!-- beforeClass -->
        <test-method status="PASS" signature="login()[pri:0, instance:com.timp.test.MDR.Centralizacao.EstornoCreditoFiltros@8e0379d]" name="login" duration-ms="6221" started-at="2020-07-24T09:01:03Z" finished-at="2020-07-24T09:01:10Z">
          <reporter-output>
          </reporter-output>
        </test-method> <!-- login -->
        <test-method status="PASS" signature="acessarMDR()[pri:0, instance:com.timp.test.MDR.Centralizacao.EstornoCreditoFiltros@8e0379d]" name="acessarMDR" duration-ms="7597" started-at="2020-07-24T09:01:10Z" finished-at="2020-07-24T09:01:17Z">
          <reporter-output>
          </reporter-output>
        </test-method> <!-- acessarMDR -->
        <test-method status="PASS" signature="filtro()[pri:0, instance:com.timp.test.MDR.Centralizacao.EstornoCreditoFiltros@8e0379d]" name="filtro" duration-ms="7586" started-at="2020-07-24T09:01:17Z" finished-at="2020-07-24T09:01:25Z">
          <reporter-output>
          </reporter-output>
        </test-method> <!-- filtro -->
      </class> <!-- com.timp.test.MDR.Centralizacao.EstornoCreditoFiltros -->
    </test> <!-- Default test -->
  </suite> <!-- Default suite -->
</testng-results>
