<?xml version="1.0" encoding="UTF-8"?>
<testng-results skipped="0" failed="0" total="3" passed="3">
  <reporter-output>
  </reporter-output>
  <suite name="Default suite" duration-ms="144124" started-at="2020-10-07T00:52:39Z" finished-at="2020-10-07T00:55:03Z">
    <groups>
    </groups>
    <test name="Default test" duration-ms="144124" started-at="2020-10-07T00:52:39Z" finished-at="2020-10-07T00:55:03Z">
      <class name="com.timp.test.MDR.ParametrosCriacaoNF.CadastroNotaFiscal.CadastroNotaFiscalExcluir">
        <test-method status="PASS" signature="beforeClass()[pri:0, instance:com.timp.test.MDR.ParametrosCriacaoNF.CadastroNotaFiscal.CadastroNotaFiscalExcluir@b62fe6d]" name="beforeClass" is-config="true" duration-ms="11797" started-at="2020-10-06T18:52:39Z" finished-at="2020-10-06T18:52:51Z">
          <reporter-output>
          </reporter-output>
        </test-method> <!-- beforeClass -->
        <test-method status="PASS" signature="login()[pri:0, instance:com.timp.test.MDR.ParametrosCriacaoNF.CadastroNotaFiscal.CadastroNotaFiscalExcluir@b62fe6d]" name="login" duration-ms="11890" started-at="2020-10-06T18:52:51Z" finished-at="2020-10-06T18:53:03Z">
          <reporter-output>
          </reporter-output>
        </test-method> <!-- login -->
        <test-method status="PASS" signature="acessarMDR()[pri:0, instance:com.timp.test.MDR.ParametrosCriacaoNF.CadastroNotaFiscal.CadastroNotaFiscalExcluir@b62fe6d]" name="acessarMDR" duration-ms="11418" started-at="2020-10-06T18:53:03Z" finished-at="2020-10-06T18:53:14Z">
          <reporter-output>
          </reporter-output>
        </test-method> <!-- acessarMDR -->
        <test-method status="PASS" signature="excluir()[pri:0, instance:com.timp.test.MDR.ParametrosCriacaoNF.CadastroNotaFiscal.CadastroNotaFiscalExcluir@b62fe6d]" name="excluir" duration-ms="109005" started-at="2020-10-06T18:53:14Z" finished-at="2020-10-06T18:55:03Z">
          <reporter-output>
          </reporter-output>
        </test-method> <!-- excluir -->
      </class> <!-- com.timp.test.MDR.ParametrosCriacaoNF.CadastroNotaFiscal.CadastroNotaFiscalExcluir -->
    </test> <!-- Default test -->
  </suite> <!-- Default suite -->
</testng-results>
