<?xml version="1.0" encoding="UTF-8"?>
<testng-results skipped="0" failed="0" ignored="0" total="2" passed="2">
  <reporter-output>
  </reporter-output>
  <suite name="Default suite" duration-ms="190145" started-at="2021-02-17T21:43:07Z" finished-at="2021-02-17T21:46:17Z">
    <groups>
    </groups>
    <test name="Default test" duration-ms="190145" started-at="2021-02-17T21:43:07Z" finished-at="2021-02-17T21:46:17Z">
      <class name="com.timp.test.MDR.CodigoContabilizacao.CódigoContabilizaçãoExcluirMassa">
        <test-method status="PASS" signature="beforeClass()[pri:0, instance:com.timp.test.MDR.CodigoContabilizacao.CódigoContabilizaçãoExcluirMassa@78b729e6]" name="beforeClass" is-config="true" duration-ms="13720" started-at="2021-02-17T21:43:07Z" finished-at="2021-02-17T21:43:21Z">
          <reporter-output>
          </reporter-output>
        </test-method> <!-- beforeClass -->
        <test-method status="PASS" signature="criar()[pri:0, instance:com.timp.test.MDR.CodigoContabilizacao.CódigoContabilizaçãoExcluirMassa@78b729e6]" name="criar" duration-ms="136747" started-at="2021-02-17T21:43:21Z" finished-at="2021-02-17T21:45:38Z">
          <reporter-output>
          </reporter-output>
        </test-method> <!-- criar -->
        <test-method status="PASS" signature="exlcuir()[pri:0, instance:com.timp.test.MDR.CodigoContabilizacao.CódigoContabilizaçãoExcluirMassa@78b729e6]" name="exlcuir" duration-ms="39591" started-at="2021-02-17T21:45:38Z" depends-on-methods="com.timp.test.MDR.CodigoContabilizacao.CódigoContabilizaçãoExcluirMassa.criar" finished-at="2021-02-17T21:46:17Z">
          <reporter-output>
          </reporter-output>
        </test-method> <!-- exlcuir -->
        <test-method status="PASS" signature="afterClass()[pri:0, instance:com.timp.test.MDR.CodigoContabilizacao.CódigoContabilizaçãoExcluirMassa@78b729e6]" name="afterClass" is-config="true" duration-ms="66" started-at="2021-02-17T21:46:17Z" finished-at="2021-02-17T21:46:17Z">
          <reporter-output>
          </reporter-output>
        </test-method> <!-- afterClass -->
      </class> <!-- com.timp.test.MDR.CodigoContabilizacao.CódigoContabilizaçãoExcluirMassa -->
    </test> <!-- Default test -->
  </suite> <!-- Default suite -->
</testng-results>
