<?xml version="1.0" encoding="UTF-8"?>
<testng-results total="3" passed="3" failed="0" skipped="0">
  <reporter-output>
  </reporter-output>
  <suite started-at="2021-01-18T23:22:50Z" name="Default suite" finished-at="2021-01-18T23:28:53Z" duration-ms="363168">
    <groups>
    </groups>
    <test started-at="2021-01-18T23:22:50Z" name="Default test" finished-at="2021-01-18T23:28:53Z" duration-ms="363168">
      <class name="com.timp.test.TDK.Kpis.Edicao.KpisEdicaoGrafico">
        <test-method is-config="true" signature="beforeClass()[pri:0, instance:com.timp.test.TDK.Kpis.Edicao.KpisEdicaoGrafico@8f2ef19]" started-at="2021-01-18T17:22:50Z" name="beforeClass" finished-at="2021-01-18T17:23:04Z" duration-ms="14145" status="PASS">
          <reporter-output>
          </reporter-output>
        </test-method> <!-- beforeClass -->
        <test-method signature="login()[pri:0, instance:com.timp.test.TDK.Kpis.Edicao.KpisEdicaoGrafico@8f2ef19]" started-at="2021-01-18T17:23:04Z" name="login" finished-at="2021-01-18T17:23:12Z" duration-ms="8322" status="PASS">
          <reporter-output>
          </reporter-output>
        </test-method> <!-- login -->
        <test-method signature="acessarTDK()[pri:0, instance:com.timp.test.TDK.Kpis.Edicao.KpisEdicaoGrafico@8f2ef19]" started-at="2021-01-18T17:23:12Z" name="acessarTDK" finished-at="2021-01-18T17:23:37Z" duration-ms="24896" status="PASS">
          <reporter-output>
          </reporter-output>
        </test-method> <!-- acessarTDK -->
        <test-method signature="Grafico()[pri:0, instance:com.timp.test.TDK.Kpis.Edicao.KpisEdicaoGrafico@8f2ef19]" started-at="2021-01-18T17:23:37Z" name="Grafico" finished-at="2021-01-18T17:28:53Z" duration-ms="315790" status="PASS">
          <reporter-output>
          </reporter-output>
        </test-method> <!-- Grafico -->
      </class> <!-- com.timp.test.TDK.Kpis.Edicao.KpisEdicaoGrafico -->
    </test> <!-- Default test -->
  </suite> <!-- Default suite -->
</testng-results>
