<?xml version="1.0" encoding="UTF-8"?>
<testng-results skipped="0" failed="1" total="28" passed="27">
  <reporter-output>
  </reporter-output>
  <suite name="Default suite" duration-ms="3697486" started-at="2020-12-15T23:11:12Z" finished-at="2020-12-16T00:12:50Z">
    <groups>
    </groups>
    <test name="Default test" duration-ms="3697486" started-at="2020-12-15T23:11:12Z" finished-at="2020-12-16T00:12:50Z">
      <class name="com.timp.test.BRB.Automacoes.AutomacoesBrb">
        <test-method status="PASS" signature="login()[pri:0, instance:com.timp.test.BRB.Automacoes.AutomacoesBrb@55a561cf]" name="login" duration-ms="29389" started-at="2020-12-15T17:11:12Z" finished-at="2020-12-15T17:11:41Z">
          <reporter-output>
          </reporter-output>
        </test-method> <!-- login -->
        <test-method status="PASS" signature="acessarBRB()[pri:0, instance:com.timp.test.BRB.Automacoes.AutomacoesBrb@55a561cf]" name="acessarBRB" duration-ms="44604" started-at="2020-12-15T17:11:41Z" finished-at="2020-12-15T17:12:26Z">
          <reporter-output>
          </reporter-output>
        </test-method> <!-- acessarBRB -->
        <test-method status="PASS" signature="paginacion()[pri:0, instance:com.timp.test.BRB.Automacoes.AutomacoesBrb@55a561cf]" name="paginacion" duration-ms="89246" started-at="2020-12-15T17:12:26Z" finished-at="2020-12-15T17:13:55Z">
          <reporter-output>
          </reporter-output>
        </test-method> <!-- paginacion -->
        <test-method status="PASS" signature="filtrosAvanzados()[pri:0, instance:com.timp.test.BRB.Automacoes.AutomacoesBrb@55a561cf]" name="filtrosAvanzados" duration-ms="57939" started-at="2020-12-15T17:13:55Z" finished-at="2020-12-15T17:14:53Z">
          <reporter-output>
          </reporter-output>
        </test-method> <!-- filtrosAvanzados -->
        <test-method status="PASS" signature="novoRelatorio()[pri:0, instance:com.timp.test.BRB.Automacoes.AutomacoesBrb@55a561cf]" name="novoRelatorio" duration-ms="198317" started-at="2020-12-15T17:14:53Z" finished-at="2020-12-15T17:18:12Z">
          <reporter-output>
          </reporter-output>
        </test-method> <!-- novoRelatorio -->
        <test-method status="PASS" signature="publicoYPrivado()[pri:0, instance:com.timp.test.BRB.Automacoes.AutomacoesBrb@55a561cf]" name="publicoYPrivado" duration-ms="155041" started-at="2020-12-15T17:18:12Z" finished-at="2020-12-15T17:20:47Z">
          <reporter-output>
          </reporter-output>
        </test-method> <!-- publicoYPrivado -->
        <test-method status="PASS" signature="excluirColuna()[pri:0, instance:com.timp.test.BRB.Automacoes.AutomacoesBrb@55a561cf]" name="excluirColuna" duration-ms="179982" started-at="2020-12-15T17:20:47Z" finished-at="2020-12-15T17:23:47Z">
          <reporter-output>
          </reporter-output>
        </test-method> <!-- excluirColuna -->
        <test-method status="PASS" signature="editarRelatorio()[pri:0, instance:com.timp.test.BRB.Automacoes.AutomacoesBrb@55a561cf]" name="editarRelatorio" duration-ms="106944" started-at="2020-12-15T17:23:47Z" finished-at="2020-12-15T17:25:34Z">
          <reporter-output>
          </reporter-output>
        </test-method> <!-- editarRelatorio -->
        <test-method status="PASS" signature="reordenarColuna()[pri:0, instance:com.timp.test.BRB.Automacoes.AutomacoesBrb@55a561cf]" name="reordenarColuna" duration-ms="99598" started-at="2020-12-15T17:25:34Z" finished-at="2020-12-15T17:27:13Z">
          <reporter-output>
          </reporter-output>
        </test-method> <!-- reordenarColuna -->
        <test-method status="PASS" signature="filtrosRelatorio()[pri:0, instance:com.timp.test.BRB.Automacoes.AutomacoesBrb@55a561cf]" name="filtrosRelatorio" duration-ms="235346" started-at="2020-12-15T17:27:13Z" finished-at="2020-12-15T17:31:09Z">
          <reporter-output>
          </reporter-output>
        </test-method> <!-- filtrosRelatorio -->
        <test-method status="PASS" signature="criarCopia()[pri:0, instance:com.timp.test.BRB.Automacoes.AutomacoesBrb@55a561cf]" name="criarCopia" duration-ms="147718" started-at="2020-12-15T17:31:09Z" finished-at="2020-12-15T17:33:36Z">
          <reporter-output>
          </reporter-output>
        </test-method> <!-- criarCopia -->
        <test-method status="PASS" signature="ativarCorrecao()[pri:0, instance:com.timp.test.BRB.Automacoes.AutomacoesBrb@55a561cf]" name="ativarCorrecao" duration-ms="87810" started-at="2020-12-15T17:33:36Z" finished-at="2020-12-15T17:35:04Z">
          <reporter-output>
          </reporter-output>
        </test-method> <!-- ativarCorrecao -->
        <test-method status="PASS" signature="ativarComentario()[pri:0, instance:com.timp.test.BRB.Automacoes.AutomacoesBrb@55a561cf]" name="ativarComentario" duration-ms="91141" started-at="2020-12-15T17:35:04Z" finished-at="2020-12-15T17:36:35Z">
          <reporter-output>
          </reporter-output>
        </test-method> <!-- ativarComentario -->
        <test-method status="PASS" signature="renomearColuna()[pri:0, instance:com.timp.test.BRB.Automacoes.AutomacoesBrb@55a561cf]" name="renomearColuna" duration-ms="103495" started-at="2020-12-15T17:36:35Z" finished-at="2020-12-15T17:38:19Z">
          <reporter-output>
          </reporter-output>
        </test-method> <!-- renomearColuna -->
        <test-method status="PASS" signature="formula()[pri:0, instance:com.timp.test.BRB.Automacoes.AutomacoesBrb@55a561cf]" name="formula" duration-ms="154250" started-at="2020-12-15T17:38:19Z" finished-at="2020-12-15T17:40:53Z">
          <reporter-output>
          </reporter-output>
        </test-method> <!-- formula -->
        <test-method status="PASS" signature="agrupadoPeloCampo()[pri:0, instance:com.timp.test.BRB.Automacoes.AutomacoesBrb@55a561cf]" name="agrupadoPeloCampo" duration-ms="165965" started-at="2020-12-15T17:40:53Z" finished-at="2020-12-15T17:43:39Z">
          <reporter-output>
          </reporter-output>
        </test-method> <!-- agrupadoPeloCampo -->
        <test-method status="PASS" signature="campoOutput()[pri:0, instance:com.timp.test.BRB.Automacoes.AutomacoesBrb@55a561cf]" name="campoOutput" duration-ms="90660" started-at="2020-12-15T17:43:39Z" finished-at="2020-12-15T17:45:10Z">
          <reporter-output>
          </reporter-output>
        </test-method> <!-- campoOutput -->
        <test-method status="FAIL" signature="formatacaoEVariante()[pri:0, instance:com.timp.test.BRB.Automacoes.AutomacoesBrb@55a561cf]" name="formatacaoEVariante" duration-ms="161471" started-at="2020-12-15T17:45:10Z" finished-at="2020-12-15T17:47:51Z">
          <exception class="org.openqa.selenium.NoSuchElementException">
            <message>
              <![CDATA[no such element: Unable to locate element: {"method":"xpath","selector":"//li[@class="list-item no-result"]"}
  (Session info: chrome=83.0.4103.106)
For documentation on this error, please visit: https://www.seleniumhq.org/exceptions/no_such_element.html
Build info: version: '3.141.59', revision: 'e82be7d358', time: '2018-11-14T08:17:03'
System info: host: 'LITOSOLER', ip: '192.168.0.9', os.name: 'Windows 10', os.arch: 'amd64', os.version: '10.0', java.version: '1.8.0_251'
Driver info: org.openqa.selenium.chrome.ChromeDriver
Capabilities {acceptInsecureCerts: false, browserName: chrome, browserVersion: 83.0.4103.106, chrome: {chromedriverVersion: 83.0.4103.39 (ccbf011cb2d2b..., userDataDir: C:\Users\AGILES~1\AppData\L...}, goog:chromeOptions: {debuggerAddress: localhost:59257}, javascriptEnabled: true, networkConnectionEnabled: false, pageLoadStrategy: normal, platform: WINDOWS, platformName: WINDOWS, proxy: Proxy(), setWindowRect: true, strictFileInteractability: false, timeouts: {implicit: 0, pageLoad: 300000, script: 30000}, unhandledPromptBehavior: dismiss and notify, webauthn:virtualAuthenticators: true}
Session ID: 8e1448ba89046688d43c00f712fc39a2
*** Element info: {Using=xpath, value=//li[@class="list-item no-result"]}]]>
            </message>
            <full-stacktrace>
              <![CDATA[org.openqa.selenium.NoSuchElementException: no such element: Unable to locate element: {"method":"xpath","selector":"//li[@class="list-item no-result"]"}
  (Session info: chrome=83.0.4103.106)
For documentation on this error, please visit: https://www.seleniumhq.org/exceptions/no_such_element.html
Build info: version: '3.141.59', revision: 'e82be7d358', time: '2018-11-14T08:17:03'
System info: host: 'LITOSOLER', ip: '192.168.0.9', os.name: 'Windows 10', os.arch: 'amd64', os.version: '10.0', java.version: '1.8.0_251'
Driver info: org.openqa.selenium.chrome.ChromeDriver
Capabilities {acceptInsecureCerts: false, browserName: chrome, browserVersion: 83.0.4103.106, chrome: {chromedriverVersion: 83.0.4103.39 (ccbf011cb2d2b..., userDataDir: C:\Users\AGILES~1\AppData\L...}, goog:chromeOptions: {debuggerAddress: localhost:59257}, javascriptEnabled: true, networkConnectionEnabled: false, pageLoadStrategy: normal, platform: WINDOWS, platformName: WINDOWS, proxy: Proxy(), setWindowRect: true, strictFileInteractability: false, timeouts: {implicit: 0, pageLoad: 300000, script: 30000}, unhandledPromptBehavior: dismiss and notify, webauthn:virtualAuthenticators: true}
Session ID: 8e1448ba89046688d43c00f712fc39a2
*** Element info: {Using=xpath, value=//li[@class="list-item no-result"]}
	at sun.reflect.GeneratedConstructorAccessor14.newInstance(Unknown Source)
	at sun.reflect.DelegatingConstructorAccessorImpl.newInstance(Unknown Source)
	at java.lang.reflect.Constructor.newInstance(Unknown Source)
	at org.openqa.selenium.remote.http.W3CHttpResponseCodec.createException(W3CHttpResponseCodec.java:187)
	at org.openqa.selenium.remote.http.W3CHttpResponseCodec.decode(W3CHttpResponseCodec.java:122)
	at org.openqa.selenium.remote.http.W3CHttpResponseCodec.decode(W3CHttpResponseCodec.java:49)
	at org.openqa.selenium.remote.HttpCommandExecutor.execute(HttpCommandExecutor.java:158)
	at org.openqa.selenium.remote.service.DriverCommandExecutor.execute(DriverCommandExecutor.java:83)
	at org.openqa.selenium.remote.RemoteWebDriver.execute(RemoteWebDriver.java:552)
	at org.openqa.selenium.remote.RemoteWebDriver.findElement(RemoteWebDriver.java:323)
	at org.openqa.selenium.remote.RemoteWebDriver.findElementByXPath(RemoteWebDriver.java:428)
	at org.openqa.selenium.By$ByXPath.findElement(By.java:353)
	at org.openqa.selenium.remote.RemoteWebDriver.findElement(RemoteWebDriver.java:315)
	at org.openqa.selenium.support.pagefactory.DefaultElementLocator.findElement(DefaultElementLocator.java:69)
	at org.openqa.selenium.support.pagefactory.internal.LocatingElementHandler.invoke(LocatingElementHandler.java:38)
	at com.sun.proxy.$Proxy7.isDisplayed(Unknown Source)
	at com.sap.timp.pageObjectModel.BRB.FormatacaoEVariantePO.excluirVariantes(FormatacaoEVariantePO.java:392)
	at com.timp.test.BRB.FormatacaoEVariante.excluirVariante(FormatacaoEVariante.java:78)
	at com.timp.test.BRB.Automacoes.AutomacoesBrb.formatacaoEVariante(AutomacoesBrb.java:320)
	at sun.reflect.NativeMethodAccessorImpl.invoke0(Native Method)
	at sun.reflect.NativeMethodAccessorImpl.invoke(Unknown Source)
	at sun.reflect.DelegatingMethodAccessorImpl.invoke(Unknown Source)
	at java.lang.reflect.Method.invoke(Unknown Source)
	at org.testng.internal.MethodInvocationHelper.invokeMethod(MethodInvocationHelper.java:80)
	at org.testng.internal.Invoker.invokeMethod(Invoker.java:714)
	at org.testng.internal.Invoker.invokeTestMethod(Invoker.java:901)
	at org.testng.internal.Invoker.invokeTestMethods(Invoker.java:1231)
	at org.testng.internal.TestMethodWorker.invokeTestMethods(TestMethodWorker.java:127)
	at org.testng.internal.TestMethodWorker.run(TestMethodWorker.java:111)
	at org.testng.TestRunner.privateRun(TestRunner.java:767)
	at org.testng.TestRunner.run(TestRunner.java:617)
	at org.testng.SuiteRunner.runTest(SuiteRunner.java:334)
	at org.testng.SuiteRunner.runSequentially(SuiteRunner.java:329)
	at org.testng.SuiteRunner.privateRun(SuiteRunner.java:291)
	at org.testng.SuiteRunner.run(SuiteRunner.java:240)
	at org.testng.SuiteRunnerWorker.runSuite(SuiteRunnerWorker.java:52)
	at org.testng.SuiteRunnerWorker.run(SuiteRunnerWorker.java:86)
	at org.testng.TestNG.runSuitesSequentially(TestNG.java:1198)
	at org.testng.TestNG.runSuitesLocally(TestNG.java:1123)
	at org.testng.TestNG.run(TestNG.java:1031)
	at org.testng.remote.AbstractRemoteTestNG.run(AbstractRemoteTestNG.java:115)
	at org.testng.remote.RemoteTestNG.initAndRun(RemoteTestNG.java:251)
	at org.testng.remote.RemoteTestNG.main(RemoteTestNG.java:77)
]]>
            </full-stacktrace>
          </exception> <!-- org.openqa.selenium.NoSuchElementException -->
          <reporter-output>
          </reporter-output>
        </test-method> <!-- formatacaoEVariante -->
        <test-method status="PASS" signature="filtroColunas()[pri:0, instance:com.timp.test.BRB.Automacoes.AutomacoesBrb@55a561cf]" name="filtroColunas" duration-ms="127327" started-at="2020-12-15T17:47:51Z" finished-at="2020-12-15T17:49:58Z">
          <reporter-output>
          </reporter-output>
        </test-method> <!-- filtroColunas -->
        <test-method status="PASS" signature="gruposAvanzados()[pri:0, instance:com.timp.test.BRB.Automacoes.AutomacoesBrb@55a561cf]" name="gruposAvanzados" duration-ms="318659" started-at="2020-12-15T17:49:58Z" finished-at="2020-12-15T17:55:17Z">
          <reporter-output>
          </reporter-output>
        </test-method> <!-- gruposAvanzados -->
        <test-method status="PASS" signature="crescenteEDecrescente()[pri:0, instance:com.timp.test.BRB.Automacoes.AutomacoesBrb@55a561cf]" name="crescenteEDecrescente" duration-ms="235502" started-at="2020-12-15T17:55:17Z" finished-at="2020-12-15T17:59:13Z">
          <reporter-output>
          </reporter-output>
        </test-method> <!-- crescenteEDecrescente -->
        <test-method status="PASS" signature="comentarioListaSuspensa()[pri:0, instance:com.timp.test.BRB.Automacoes.AutomacoesBrb@55a561cf]" name="comentarioListaSuspensa" duration-ms="180445" started-at="2020-12-15T17:59:13Z" finished-at="2020-12-15T18:02:13Z">
          <reporter-output>
          </reporter-output>
        </test-method> <!-- comentarioListaSuspensa -->
        <test-method status="PASS" signature="comentarioLibre()[pri:0, instance:com.timp.test.BRB.Automacoes.AutomacoesBrb@55a561cf]" name="comentarioLibre" duration-ms="158531" started-at="2020-12-15T18:02:13Z" finished-at="2020-12-15T18:04:51Z">
          <reporter-output>
          </reporter-output>
        </test-method> <!-- comentarioLibre -->
        <test-method status="PASS" signature="imprimir()[pri:0, instance:com.timp.test.BRB.Automacoes.AutomacoesBrb@55a561cf]" name="imprimir" duration-ms="88026" started-at="2020-12-15T18:04:51Z" finished-at="2020-12-15T18:06:20Z">
          <reporter-output>
          </reporter-output>
        </test-method> <!-- imprimir -->
        <test-method status="PASS" signature="cabeçalho()[pri:0, instance:com.timp.test.BRB.Automacoes.AutomacoesBrb@55a561cf]" name="cabeçalho" duration-ms="111551" started-at="2020-12-15T18:06:20Z" finished-at="2020-12-15T18:08:11Z">
          <reporter-output>
          </reporter-output>
        </test-method> <!-- cabeçalho -->
        <test-method status="PASS" signature="exportar()[pri:0, instance:com.timp.test.BRB.Automacoes.AutomacoesBrb@55a561cf]" name="exportar" duration-ms="99047" started-at="2020-12-15T18:08:11Z" finished-at="2020-12-15T18:09:50Z">
          <reporter-output>
          </reporter-output>
        </test-method> <!-- exportar -->
        <test-method status="PASS" signature="visualizar()[pri:0, instance:com.timp.test.BRB.Automacoes.AutomacoesBrb@55a561cf]" name="visualizar" duration-ms="58132" started-at="2020-12-15T18:09:50Z" finished-at="2020-12-15T18:10:48Z">
          <reporter-output>
          </reporter-output>
        </test-method> <!-- visualizar -->
        <test-method status="PASS" signature="ExcluirRelatorio()[pri:0, instance:com.timp.test.BRB.Automacoes.AutomacoesBrb@55a561cf]" name="ExcluirRelatorio" duration-ms="121307" started-at="2020-12-15T18:10:48Z" finished-at="2020-12-15T18:12:50Z">
          <reporter-output>
          </reporter-output>
        </test-method> <!-- ExcluirRelatorio -->
      </class> <!-- com.timp.test.BRB.Automacoes.AutomacoesBrb -->
    </test> <!-- Default test -->
  </suite> <!-- Default suite -->
</testng-results>
