<?xml version="1.0" encoding="UTF-8"?>
<testng-results total="3" passed="3" failed="0" skipped="0">
  <reporter-output>
  </reporter-output>
  <suite started-at="2021-02-02T20:17:18Z" name="Default suite" finished-at="2021-02-02T20:19:26Z" duration-ms="127767">
    <groups>
    </groups>
    <test started-at="2021-02-02T20:17:18Z" name="Default test" finished-at="2021-02-02T20:19:26Z" duration-ms="127767">
      <class name="com.timp.test.TCC.GestaoDeCreditoTributarioPISCONFINS.ApuracaoDeCreditoTributarioPIS.ConfiguracaoEExecucao.RegistroM115.RegistroM115Criar">
        <test-method is-config="true" signature="beforeClass()[pri:0, instance:com.timp.test.TCC.GestaoDeCreditoTributarioPISCONFINS.ApuracaoDeCreditoTributarioPIS.ConfiguracaoEExecucao.RegistroM115.RegistroM115Criar@6e9175d8]" started-at="2021-02-02T17:17:18Z" name="beforeClass" finished-at="2021-02-02T17:17:31Z" duration-ms="12951" status="PASS">
          <reporter-output>
          </reporter-output>
        </test-method> <!-- beforeClass -->
        <test-method signature="login()[pri:0, instance:com.timp.test.TCC.GestaoDeCreditoTributarioPISCONFINS.ApuracaoDeCreditoTributarioPIS.ConfiguracaoEExecucao.RegistroM115.RegistroM115Criar@6e9175d8]" started-at="2021-02-02T17:17:31Z" name="login" finished-at="2021-02-02T17:17:39Z" duration-ms="8279" status="PASS">
          <reporter-output>
          </reporter-output>
        </test-method> <!-- login -->
        <test-method signature="acessarTCC()[pri:0, instance:com.timp.test.TCC.GestaoDeCreditoTributarioPISCONFINS.ApuracaoDeCreditoTributarioPIS.ConfiguracaoEExecucao.RegistroM115.RegistroM115Criar@6e9175d8]" started-at="2021-02-02T17:17:39Z" name="acessarTCC" finished-at="2021-02-02T17:18:04Z" duration-ms="24645" status="PASS">
          <reporter-output>
          </reporter-output>
        </test-method> <!-- acessarTCC -->
        <test-method signature="criar()[pri:0, instance:com.timp.test.TCC.GestaoDeCreditoTributarioPISCONFINS.ApuracaoDeCreditoTributarioPIS.ConfiguracaoEExecucao.RegistroM115.RegistroM115Criar@6e9175d8]" started-at="2021-02-02T17:18:04Z" name="criar" finished-at="2021-02-02T17:19:26Z" duration-ms="81863" status="PASS">
          <reporter-output>
          </reporter-output>
        </test-method> <!-- criar -->
        <test-method is-config="true" signature="afterClass()[pri:0, instance:com.timp.test.TCC.GestaoDeCreditoTributarioPISCONFINS.ApuracaoDeCreditoTributarioPIS.ConfiguracaoEExecucao.RegistroM115.RegistroM115Criar@6e9175d8]" started-at="2021-02-02T17:19:26Z" name="afterClass" finished-at="2021-02-02T17:19:26Z" duration-ms="1" status="PASS">
          <reporter-output>
          </reporter-output>
        </test-method> <!-- afterClass -->
      </class> <!-- com.timp.test.TCC.GestaoDeCreditoTributarioPISCONFINS.ApuracaoDeCreditoTributarioPIS.ConfiguracaoEExecucao.RegistroM115.RegistroM115Criar -->
    </test> <!-- Default test -->
  </suite> <!-- Default suite -->
</testng-results>
