<?xml version="1.0" encoding="UTF-8"?>
<testng-results total="2" passed="2" failed="0" skipped="0">
  <reporter-output>
  </reporter-output>
  <suite started-at="2020-11-24T15:19:25Z" name="Default suite" finished-at="2020-11-24T15:20:01Z" duration-ms="36545">
    <groups>
    </groups>
    <test started-at="2020-11-24T15:19:25Z" name="Default test" finished-at="2020-11-24T15:20:01Z" duration-ms="36545">
      <class name="com.timp.test.BPMA.AcessarBPMA">
        <test-method is-config="true" signature="beforeClass()[pri:0, instance:com.timp.test.BPMA.AcessarBPMA@f78a47e]" started-at="2020-11-24T09:19:25Z" name="beforeClass" finished-at="2020-11-24T09:19:41Z" duration-ms="16208" status="PASS">
          <reporter-output>
          </reporter-output>
        </test-method> <!-- beforeClass -->
        <test-method signature="login()[pri:0, instance:com.timp.test.BPMA.AcessarBPMA@f78a47e]" started-at="2020-11-24T09:19:41Z" name="login" finished-at="2020-11-24T09:19:47Z" duration-ms="5654" status="PASS">
          <reporter-output>
          </reporter-output>
        </test-method> <!-- login -->
        <test-method signature="BPMAEntrar()[pri:0, instance:com.timp.test.BPMA.AcessarBPMA@f78a47e]" started-at="2020-11-24T09:19:47Z" name="BPMAEntrar" finished-at="2020-11-24T09:20:01Z" duration-ms="14665" status="PASS">
          <reporter-output>
          </reporter-output>
        </test-method> <!-- BPMAEntrar -->
        <test-method is-config="true" signature="afterClass()[pri:0, instance:com.timp.test.BPMA.AcessarBPMA@f78a47e]" started-at="2020-11-24T09:20:01Z" name="afterClass" finished-at="2020-11-24T09:20:01Z" duration-ms="0" status="PASS">
          <reporter-output>
          </reporter-output>
        </test-method> <!-- afterClass -->
      </class> <!-- com.timp.test.BPMA.AcessarBPMA -->
    </test> <!-- Default test -->
  </suite> <!-- Default suite -->
</testng-results>
