<?xml version="1.0" encoding="UTF-8"?>
<testng-results total="3" passed="3" failed="0" skipped="0">
  <reporter-output>
  </reporter-output>
  <suite started-at="2020-11-27T18:57:54Z" name="Default suite" finished-at="2020-11-27T18:59:30Z" duration-ms="96588">
    <groups>
    </groups>
    <test started-at="2020-11-27T18:57:54Z" name="Default test" finished-at="2020-11-27T18:59:30Z" duration-ms="96588">
      <class name="com.timp.test.MDR.LivrosFiscais.ParametrosParaLivroICMSST.ParametrosParaLivroICMSSTExcluir">
        <test-method is-config="true" signature="beforeClass()[pri:0, instance:com.timp.test.MDR.LivrosFiscais.ParametrosParaLivroICMSST.ParametrosParaLivroICMSSTExcluir@37271612]" started-at="2020-11-27T15:57:54Z" name="beforeClass" finished-at="2020-11-27T15:58:08Z" duration-ms="14428" status="PASS">
          <reporter-output>
          </reporter-output>
        </test-method> <!-- beforeClass -->
        <test-method signature="ingresar()[pri:0, instance:com.timp.test.MDR.LivrosFiscais.ParametrosParaLivroICMSST.ParametrosParaLivroICMSSTExcluir@37271612]" started-at="2020-11-27T15:58:08Z" name="ingresar" finished-at="2020-11-27T15:58:16Z" duration-ms="8277" status="PASS">
          <reporter-output>
          </reporter-output>
        </test-method> <!-- ingresar -->
        <test-method signature="ingresarMDR()[pri:0, instance:com.timp.test.MDR.LivrosFiscais.ParametrosParaLivroICMSST.ParametrosParaLivroICMSSTExcluir@37271612]" started-at="2020-11-27T15:58:16Z" name="ingresarMDR" finished-at="2020-11-27T15:58:40Z" duration-ms="23363" status="PASS">
          <reporter-output>
          </reporter-output>
        </test-method> <!-- ingresarMDR -->
        <test-method signature="Excluir()[pri:0, instance:com.timp.test.MDR.LivrosFiscais.ParametrosParaLivroICMSST.ParametrosParaLivroICMSSTExcluir@37271612]" started-at="2020-11-27T15:58:40Z" name="Excluir" finished-at="2020-11-27T15:59:30Z" duration-ms="50500" status="PASS">
          <reporter-output>
          </reporter-output>
        </test-method> <!-- Excluir -->
        <test-method is-config="true" signature="afterClass()[pri:0, instance:com.timp.test.MDR.LivrosFiscais.ParametrosParaLivroICMSST.ParametrosParaLivroICMSSTExcluir@37271612]" started-at="2020-11-27T15:59:30Z" name="afterClass" finished-at="2020-11-27T15:59:30Z" duration-ms="0" status="PASS">
          <reporter-output>
          </reporter-output>
        </test-method> <!-- afterClass -->
      </class> <!-- com.timp.test.MDR.LivrosFiscais.ParametrosParaLivroICMSST.ParametrosParaLivroICMSSTExcluir -->
    </test> <!-- Default test -->
  </suite> <!-- Default suite -->
</testng-results>
