<?xml version="1.0" encoding="UTF-8"?>
<testng-results total="26" passed="25" failed="1" skipped="0">
  <reporter-output>
  </reporter-output>
  <suite started-at="2021-02-12T13:16:02Z" name="Default suite" finished-at="2021-02-12T13:33:52Z" duration-ms="1070343">
    <groups>
    </groups>
    <test started-at="2021-02-12T13:16:02Z" name="Default test" finished-at="2021-02-12T13:33:52Z" duration-ms="1070343">
      <class name="com.timp.test.DFG.Leiautes.Execucao.LeiautesExecucacoFuncionalidades4Pt5">
        <test-method is-config="true" signature="beforeClass()[pri:0, instance:com.timp.test.DFG.Leiautes.Execucao.LeiautesExecucacoFuncionalidades4Pt5@548e6d58]" started-at="2021-02-12T10:16:02Z" name="beforeClass" finished-at="2021-02-12T10:16:16Z" duration-ms="14174" status="PASS">
          <reporter-output>
          </reporter-output>
        </test-method> <!-- beforeClass -->
        <test-method signature="ingresar()[pri:0, instance:com.timp.test.DFG.Leiautes.Execucao.LeiautesExecucacoFuncionalidades4Pt5@548e6d58]" started-at="2021-02-12T10:16:16Z" name="ingresar" finished-at="2021-02-12T10:16:24Z" duration-ms="8001" status="PASS">
          <reporter-output>
          </reporter-output>
        </test-method> <!-- ingresar -->
        <test-method signature="mdrEntrar()[pri:0, instance:com.timp.test.DFG.Leiautes.Execucao.LeiautesExecucacoFuncionalidades4Pt5@548e6d58]" started-at="2021-02-12T10:16:24Z" name="mdrEntrar" finished-at="2021-02-12T10:16:43Z" duration-ms="19443" status="PASS">
          <reporter-output>
          </reporter-output>
        </test-method> <!-- mdrEntrar -->
        <test-method signature="criar()[pri:0, instance:com.timp.test.DFG.Leiautes.Execucao.LeiautesExecucacoFuncionalidades4Pt5@548e6d58]" started-at="2021-02-12T10:16:43Z" name="criar" finished-at="2021-02-12T10:17:22Z" duration-ms="38484" status="PASS">
          <reporter-output>
          </reporter-output>
        </test-method> <!-- criar -->
        <test-method signature="separadores()[pri:0, instance:com.timp.test.DFG.Leiautes.Execucao.LeiautesExecucacoFuncionalidades4Pt5@548e6d58]" started-at="2021-02-12T10:17:22Z" name="separadores" finished-at="2021-02-12T10:18:34Z" duration-ms="71884" status="PASS">
          <reporter-output>
          </reporter-output>
        </test-method> <!-- separadores -->
        <test-method signature="dataInicialDeReferencia()[pri:0, instance:com.timp.test.DFG.Leiautes.Execucao.LeiautesExecucacoFuncionalidades4Pt5@548e6d58]" started-at="2021-02-12T10:18:34Z" name="dataInicialDeReferencia" finished-at="2021-02-12T10:20:15Z" duration-ms="101430" status="PASS">
          <reporter-output>
          </reporter-output>
        </test-method> <!-- dataInicialDeReferencia -->
        <test-method signature="saltodeLinha()[pri:0, instance:com.timp.test.DFG.Leiautes.Execucao.LeiautesExecucacoFuncionalidades4Pt5@548e6d58]" started-at="2021-02-12T10:20:15Z" name="saltodeLinha" finished-at="2021-02-12T10:20:35Z" duration-ms="19625" status="PASS">
          <reporter-output>
          </reporter-output>
        </test-method> <!-- saltodeLinha -->
        <test-method signature="dataFinalDeReferencia()[pri:0, instance:com.timp.test.DFG.Leiautes.Execucao.LeiautesExecucacoFuncionalidades4Pt5@548e6d58]" started-at="2021-02-12T10:20:35Z" name="dataFinalDeReferencia" finished-at="2021-02-12T10:21:14Z" duration-ms="39060" status="PASS">
          <reporter-output>
          </reporter-output>
        </test-method> <!-- dataFinalDeReferencia -->
        <test-method signature="versao()[pri:0, instance:com.timp.test.DFG.Leiautes.Execucao.LeiautesExecucacoFuncionalidades4Pt5@548e6d58]" started-at="2021-02-12T10:21:14Z" name="versao" finished-at="2021-02-12T10:21:38Z" duration-ms="24150" status="PASS">
          <reporter-output>
          </reporter-output>
        </test-method> <!-- versao -->
        <test-method signature="horaDaExecucao()[pri:0, instance:com.timp.test.DFG.Leiautes.Execucao.LeiautesExecucacoFuncionalidades4Pt5@548e6d58]" started-at="2021-02-12T10:21:38Z" name="horaDaExecucao" finished-at="2021-02-12T10:22:31Z" duration-ms="52423" status="PASS">
          <reporter-output>
          </reporter-output>
        </test-method> <!-- horaDaExecucao -->
        <test-method signature="dataDaExecucao()[pri:0, instance:com.timp.test.DFG.Leiautes.Execucao.LeiautesExecucacoFuncionalidades4Pt5@548e6d58]" started-at="2021-02-12T10:22:31Z" name="dataDaExecucao" finished-at="2021-02-12T10:23:09Z" duration-ms="38923" status="PASS">
          <reporter-output>
          </reporter-output>
        </test-method> <!-- dataDaExecucao -->
        <test-method signature="periodoDaReferencia()[pri:0, instance:com.timp.test.DFG.Leiautes.Execucao.LeiautesExecucacoFuncionalidades4Pt5@548e6d58]" started-at="2021-02-12T10:23:09Z" name="periodoDaReferencia" finished-at="2021-02-12T10:23:57Z" duration-ms="47199" status="PASS">
          <reporter-output>
          </reporter-output>
        </test-method> <!-- periodoDaReferencia -->
        <test-method signature="campoFixo()[pri:0, instance:com.timp.test.DFG.Leiautes.Execucao.LeiautesExecucacoFuncionalidades4Pt5@548e6d58]" started-at="2021-02-12T10:23:57Z" name="campoFixo" finished-at="2021-02-12T10:25:47Z" duration-ms="110287" status="PASS">
          <reporter-output>
          </reporter-output>
        </test-method> <!-- campoFixo -->
        <test-method signature="campoFixoManual()[pri:0, instance:com.timp.test.DFG.Leiautes.Execucao.LeiautesExecucacoFuncionalidades4Pt5@548e6d58]" started-at="2021-02-12T10:25:47Z" name="campoFixoManual" finished-at="2021-02-12T10:26:23Z" duration-ms="36356" status="PASS">
          <reporter-output>
          </reporter-output>
        </test-method> <!-- campoFixoManual -->
        <test-method signature="sequencia()[pri:0, instance:com.timp.test.DFG.Leiautes.Execucao.LeiautesExecucacoFuncionalidades4Pt5@548e6d58]" started-at="2021-02-12T10:26:23Z" name="sequencia" finished-at="2021-02-12T10:27:26Z" duration-ms="62478" status="PASS">
          <reporter-output>
          </reporter-output>
        </test-method> <!-- sequencia -->
        <test-method signature="sequenciaDeItemPorDocumento()[pri:0, instance:com.timp.test.DFG.Leiautes.Execucao.LeiautesExecucacoFuncionalidades4Pt5@548e6d58]" started-at="2021-02-12T10:27:26Z" name="sequenciaDeItemPorDocumento" finished-at="2021-02-12T10:28:25Z" duration-ms="58952" status="PASS">
          <reporter-output>
          </reporter-output>
        </test-method> <!-- sequenciaDeItemPorDocumento -->
        <test-method signature="distinto()[pri:0, instance:com.timp.test.DFG.Leiautes.Execucao.LeiautesExecucacoFuncionalidades4Pt5@548e6d58]" started-at="2021-02-12T10:28:25Z" name="distinto" finished-at="2021-02-12T10:29:17Z" duration-ms="52655" status="PASS">
          <reporter-output>
          </reporter-output>
        </test-method> <!-- distinto -->
        <test-method signature="comparar()[pri:0, instance:com.timp.test.DFG.Leiautes.Execucao.LeiautesExecucacoFuncionalidades4Pt5@548e6d58]" started-at="2021-02-12T10:29:17Z" name="comparar" finished-at="2021-02-12T10:29:34Z" duration-ms="16217" status="PASS">
          <reporter-output>
          </reporter-output>
        </test-method> <!-- comparar -->
        <test-method signature="criarConfiguracao()[pri:0, instance:com.timp.test.DFG.Leiautes.Execucao.LeiautesExecucacoFuncionalidades4Pt5@548e6d58]" started-at="2021-02-12T10:29:34Z" name="criarConfiguracao" finished-at="2021-02-12T10:30:36Z" duration-ms="62140" status="PASS">
          <reporter-output>
          </reporter-output>
        </test-method> <!-- criarConfiguracao -->
        <test-method signature="executar()[pri:0, instance:com.timp.test.DFG.Leiautes.Execucao.LeiautesExecucacoFuncionalidades4Pt5@548e6d58]" started-at="2021-02-12T10:30:36Z" name="executar" finished-at="2021-02-12T10:31:59Z" duration-ms="83229" status="PASS">
          <reporter-output>
          </reporter-output>
        </test-method> <!-- executar -->
        <test-method signature="verBloco1()[pri:0, instance:com.timp.test.DFG.Leiautes.Execucao.LeiautesExecucacoFuncionalidades4Pt5@548e6d58]" started-at="2021-02-12T10:31:59Z" name="verBloco1" finished-at="2021-02-12T10:32:11Z" duration-ms="11732" status="PASS">
          <reporter-output>
          </reporter-output>
        </test-method> <!-- verBloco1 -->
        <test-method signature="verBloco2()[pri:0, instance:com.timp.test.DFG.Leiautes.Execucao.LeiautesExecucacoFuncionalidades4Pt5@548e6d58]" started-at="2021-02-12T10:32:11Z" name="verBloco2" finished-at="2021-02-12T10:32:15Z" duration-ms="4291" status="PASS">
          <reporter-output>
          </reporter-output>
        </test-method> <!-- verBloco2 -->
        <test-method signature="verBloco3()[pri:0, instance:com.timp.test.DFG.Leiautes.Execucao.LeiautesExecucacoFuncionalidades4Pt5@548e6d58]" started-at="2021-02-12T10:32:15Z" name="verBloco3" finished-at="2021-02-12T10:32:22Z" duration-ms="6501" status="PASS">
          <reporter-output>
          </reporter-output>
        </test-method> <!-- verBloco3 -->
        <test-method signature="verBloco4()[pri:0, instance:com.timp.test.DFG.Leiautes.Execucao.LeiautesExecucacoFuncionalidades4Pt5@548e6d58]" started-at="2021-02-12T10:32:22Z" name="verBloco4" finished-at="2021-02-12T10:32:43Z" duration-ms="21436" status="PASS">
          <reporter-output>
          </reporter-output>
        </test-method> <!-- verBloco4 -->
        <test-method signature="verBloco5()[pri:0, instance:com.timp.test.DFG.Leiautes.Execucao.LeiautesExecucacoFuncionalidades4Pt5@548e6d58]" started-at="2021-02-12T10:32:43Z" name="verBloco5" finished-at="2021-02-12T10:32:55Z" duration-ms="11974" status="PASS">
          <reporter-output>
          </reporter-output>
        </test-method> <!-- verBloco5 -->
        <test-method signature="excluirConfiguracao()[pri:0, instance:com.timp.test.DFG.Leiautes.Execucao.LeiautesExecucacoFuncionalidades4Pt5@548e6d58]" started-at="2021-02-12T10:32:55Z" name="excluirConfiguracao" finished-at="2021-02-12T10:33:26Z" duration-ms="30974" status="FAIL">
          <exception class="java.lang.AssertionError">
            <message>
              <![CDATA[O registro não foi criado com sucesso expected [true] but found [false]]]>
            </message>
            <full-stacktrace>
              <![CDATA[java.lang.AssertionError: O registro não foi criado com sucesso expected [true] but found [false]
	at org.testng.Assert.fail(Assert.java:94)
	at org.testng.Assert.failNotEquals(Assert.java:494)
	at org.testng.Assert.assertTrue(Assert.java:42)
	at com.timp.test.DFG.Leiautes.Execucao.LeiautesExecucacoFuncionalidades4Pt5.excluirConfiguracao(LeiautesExecucacoFuncionalidades4Pt5.java:266)
	at java.base/jdk.internal.reflect.NativeMethodAccessorImpl.invoke0(Native Method)
	at java.base/jdk.internal.reflect.NativeMethodAccessorImpl.invoke(NativeMethodAccessorImpl.java:62)
	at java.base/jdk.internal.reflect.DelegatingMethodAccessorImpl.invoke(DelegatingMethodAccessorImpl.java:43)
	at java.base/java.lang.reflect.Method.invoke(Method.java:566)
	at org.testng.internal.MethodInvocationHelper.invokeMethod(MethodInvocationHelper.java:80)
	at org.testng.internal.Invoker.invokeMethod(Invoker.java:714)
	at org.testng.internal.Invoker.invokeTestMethod(Invoker.java:901)
	at org.testng.internal.Invoker.invokeTestMethods(Invoker.java:1231)
	at org.testng.internal.TestMethodWorker.invokeTestMethods(TestMethodWorker.java:127)
	at org.testng.internal.TestMethodWorker.run(TestMethodWorker.java:111)
	at org.testng.TestRunner.privateRun(TestRunner.java:767)
	at org.testng.TestRunner.run(TestRunner.java:617)
	at org.testng.SuiteRunner.runTest(SuiteRunner.java:334)
	at org.testng.SuiteRunner.runSequentially(SuiteRunner.java:329)
	at org.testng.SuiteRunner.privateRun(SuiteRunner.java:291)
	at org.testng.SuiteRunner.run(SuiteRunner.java:240)
	at org.testng.SuiteRunnerWorker.runSuite(SuiteRunnerWorker.java:52)
	at org.testng.SuiteRunnerWorker.run(SuiteRunnerWorker.java:86)
	at org.testng.TestNG.runSuitesSequentially(TestNG.java:1198)
	at org.testng.TestNG.runSuitesLocally(TestNG.java:1123)
	at org.testng.TestNG.run(TestNG.java:1031)
	at org.testng.remote.AbstractRemoteTestNG.run(AbstractRemoteTestNG.java:115)
	at org.testng.remote.RemoteTestNG.initAndRun(RemoteTestNG.java:251)
	at org.testng.remote.RemoteTestNG.main(RemoteTestNG.java:77)
]]>
            </full-stacktrace>
          </exception> <!-- java.lang.AssertionError -->
          <reporter-output>
          </reporter-output>
        </test-method> <!-- excluirConfiguracao -->
        <test-method signature="excluirLeiaute()[pri:0, instance:com.timp.test.DFG.Leiautes.Execucao.LeiautesExecucacoFuncionalidades4Pt5@548e6d58]" started-at="2021-02-12T10:33:26Z" name="excluirLeiaute" finished-at="2021-02-12T10:33:52Z" duration-ms="26230" status="PASS">
          <reporter-output>
          </reporter-output>
        </test-method> <!-- excluirLeiaute -->
        <test-method is-config="true" signature="afterClass()[pri:0, instance:com.timp.test.DFG.Leiautes.Execucao.LeiautesExecucacoFuncionalidades4Pt5@548e6d58]" started-at="2021-02-12T10:33:52Z" name="afterClass" finished-at="2021-02-12T10:33:52Z" duration-ms="1" status="PASS">
          <reporter-output>
          </reporter-output>
        </test-method> <!-- afterClass -->
      </class> <!-- com.timp.test.DFG.Leiautes.Execucao.LeiautesExecucacoFuncionalidades4Pt5 -->
    </test> <!-- Default test -->
  </suite> <!-- Default suite -->
</testng-results>
