<?xml version="1.0" encoding="UTF-8"?>
<testng-results total="3" passed="3" failed="0" skipped="0">
  <reporter-output>
  </reporter-output>
  <suite started-at="2020-10-21T21:39:47Z" name="Default suite" finished-at="2020-10-21T21:41:30Z" duration-ms="102947">
    <groups>
    </groups>
    <test started-at="2020-10-21T21:39:47Z" name="Default test" finished-at="2020-10-21T21:41:30Z" duration-ms="102947">
      <class name="com.timp.test.MDR.DeterminacaoRelevanciaTarefaMotivoReabertura.RegraDeReabertura.RegraDeReaberturaCriar">
        <test-method is-config="true" signature="beforeClass()[pri:0, instance:com.timp.test.MDR.DeterminacaoRelevanciaTarefaMotivoReabertura.RegraDeReabertura.RegraDeReaberturaCriar@2a7f1f10]" started-at="2020-10-21T15:39:47Z" name="beforeClass" finished-at="2020-10-21T15:40:17Z" duration-ms="29525" status="PASS">
          <reporter-output>
          </reporter-output>
        </test-method> <!-- beforeClass -->
        <test-method signature="ingresar()[pri:0, instance:com.timp.test.MDR.DeterminacaoRelevanciaTarefaMotivoReabertura.RegraDeReabertura.RegraDeReaberturaCriar@2a7f1f10]" started-at="2020-10-21T15:40:17Z" name="ingresar" finished-at="2020-10-21T15:40:26Z" duration-ms="9750" status="PASS">
          <reporter-output>
          </reporter-output>
        </test-method> <!-- ingresar -->
        <test-method signature="ingresarMDR()[pri:0, instance:com.timp.test.MDR.DeterminacaoRelevanciaTarefaMotivoReabertura.RegraDeReabertura.RegraDeReaberturaCriar@2a7f1f10]" started-at="2020-10-21T15:40:26Z" name="ingresarMDR" finished-at="2020-10-21T15:40:51Z" duration-ms="24965" status="PASS">
          <reporter-output>
          </reporter-output>
        </test-method> <!-- ingresarMDR -->
        <test-method signature="criar()[pri:0, instance:com.timp.test.MDR.DeterminacaoRelevanciaTarefaMotivoReabertura.RegraDeReabertura.RegraDeReaberturaCriar@2a7f1f10]" started-at="2020-10-21T15:40:51Z" name="criar" finished-at="2020-10-21T15:41:30Z" duration-ms="38694" status="PASS">
          <reporter-output>
          </reporter-output>
        </test-method> <!-- criar -->
        <test-method is-config="true" signature="afterClass()[pri:0, instance:com.timp.test.MDR.DeterminacaoRelevanciaTarefaMotivoReabertura.RegraDeReabertura.RegraDeReaberturaCriar@2a7f1f10]" started-at="2020-10-21T15:41:30Z" name="afterClass" finished-at="2020-10-21T15:41:30Z" duration-ms="0" status="PASS">
          <reporter-output>
          </reporter-output>
        </test-method> <!-- afterClass -->
      </class> <!-- com.timp.test.MDR.DeterminacaoRelevanciaTarefaMotivoReabertura.RegraDeReabertura.RegraDeReaberturaCriar -->
    </test> <!-- Default test -->
  </suite> <!-- Default suite -->
</testng-results>
