<?xml version="1.0" encoding="UTF-8"?>
<testng-results ignored="0" total="1" passed="1" failed="0" skipped="0">
  <reporter-output>
  </reporter-output>
  <suite started-at="2021-12-30T05:25:00Z" name="Default suite" finished-at="2021-12-30T05:30:16Z" duration-ms="315485">
    <groups>
    </groups>
    <test started-at="2021-12-30T05:25:00Z" name="Default test" finished-at="2021-12-30T05:30:16Z" duration-ms="315485">
      <class name="com.timp.test.MDR.TabelaApoioECD.DeXParaContraPartida.DeXParaContraPartidaExcluirEmMassa">
        <test-method is-config="true" signature="beforeClass()[pri:0, instance:com.timp.test.MDR.TabelaApoioECD.DeXParaContraPartida.DeXParaContraPartidaExcluirEmMassa@481ba2cf]" started-at="2021-12-30T05:25:00Z" name="beforeClass" finished-at="2021-12-30T05:26:25Z" duration-ms="84849" status="PASS">
          <reporter-output>
          </reporter-output>
        </test-method> <!-- beforeClass -->
        <test-method signature="criar()[pri:0, instance:com.timp.test.MDR.TabelaApoioECD.DeXParaContraPartida.DeXParaContraPartidaExcluirEmMassa@481ba2cf]" started-at="2021-12-30T05:26:25Z" name="criar" finished-at="2021-12-30T05:30:16Z" duration-ms="230622" status="PASS">
          <reporter-output>
          </reporter-output>
        </test-method> <!-- criar -->
        <test-method is-config="true" signature="afterClass()[pri:0, instance:com.timp.test.MDR.TabelaApoioECD.DeXParaContraPartida.DeXParaContraPartidaExcluirEmMassa@481ba2cf]" started-at="2021-12-30T05:30:16Z" name="afterClass" finished-at="2021-12-30T05:30:16Z" duration-ms="0" status="PASS">
          <reporter-output>
          </reporter-output>
        </test-method> <!-- afterClass -->
      </class> <!-- com.timp.test.MDR.TabelaApoioECD.DeXParaContraPartida.DeXParaContraPartidaExcluirEmMassa -->
    </test> <!-- Default test -->
  </suite> <!-- Default suite -->
</testng-results>
