<?xml version="1.0" encoding="UTF-8"?>
<testng-results ignored="0" total="1" passed="1" failed="0" skipped="0">
  <reporter-output>
  </reporter-output>
  <suite started-at="2021-02-18T00:38:44Z" name="Default suite" finished-at="2021-02-18T00:40:07Z" duration-ms="83330">
    <groups>
    </groups>
    <test started-at="2021-02-18T00:38:44Z" name="Default test" finished-at="2021-02-18T00:40:07Z" duration-ms="83330">
      <class name="com.timp.test.TFP.Configurações.Configurações.Subperíodo.SubperíodoFiltroID">
        <test-method is-config="true" signature="beforeClass()[pri:0, instance:com.timp.test.TFP.Configurações.Configurações.Subperíodo.SubperíodoFiltroID@6caf0677]" started-at="2021-02-18T00:38:44Z" name="beforeClass" finished-at="2021-02-18T00:39:06Z" duration-ms="22200" status="PASS">
          <reporter-output>
          </reporter-output>
        </test-method> <!-- beforeClass -->
        <test-method signature="Filtro()[pri:1, instance:com.timp.test.TFP.Configurações.Configurações.Subperíodo.SubperíodoFiltroID@6caf0677]" started-at="2021-02-18T00:39:06Z" name="Filtro" finished-at="2021-02-18T00:40:03Z" duration-ms="56785" status="PASS">
          <reporter-output>
          </reporter-output>
        </test-method> <!-- Filtro -->
        <test-method is-config="true" signature="afterClass()[pri:0, instance:com.timp.test.TFP.Configurações.Configurações.Subperíodo.SubperíodoFiltroID@6caf0677]" started-at="2021-02-18T00:40:03Z" name="afterClass" finished-at="2021-02-18T00:40:07Z" duration-ms="4327" status="PASS">
          <reporter-output>
          </reporter-output>
        </test-method> <!-- afterClass -->
      </class> <!-- com.timp.test.TFP.Configurações.Configurações.Subperíodo.SubperíodoFiltroID -->
    </test> <!-- Default test -->
  </suite> <!-- Default suite -->
</testng-results>
