<?xml version="1.0" encoding="UTF-8"?>
<testng-results skipped="0" failed="0" total="1" passed="1">
  <reporter-output>
  </reporter-output>
  <suite name="Default suite" duration-ms="40204" started-at="2020-08-25T15:48:07Z" finished-at="2020-08-25T15:48:47Z">
    <groups>
    </groups>
    <test name="Default test" duration-ms="40204" started-at="2020-08-25T15:48:07Z" finished-at="2020-08-25T15:48:47Z">
      <class name="com.timp.test.ADM.LoginTest">
        <test-method status="PASS" signature="beforeClass()[pri:0, instance:com.timp.test.ADM.LoginTest@6a41eaa2]" name="beforeClass" is-config="true" duration-ms="18769" started-at="2020-08-25T12:48:07Z" finished-at="2020-08-25T12:48:26Z">
          <reporter-output>
          </reporter-output>
        </test-method> <!-- beforeClass -->
        <test-method status="PASS" signature="Login()[pri:0, instance:com.timp.test.ADM.LoginTest@6a41eaa2]" name="Login" duration-ms="21164" started-at="2020-08-25T12:48:26Z" finished-at="2020-08-25T12:48:47Z">
          <reporter-output>
          </reporter-output>
        </test-method> <!-- Login -->
        <test-method status="PASS" signature="afterClass()[pri:0, instance:com.timp.test.ADM.LoginTest@6a41eaa2]" name="afterClass" is-config="true" duration-ms="247" started-at="2020-08-25T12:48:47Z" finished-at="2020-08-25T12:48:47Z">
          <reporter-output>
          </reporter-output>
        </test-method> <!-- afterClass -->
      </class> <!-- com.timp.test.ADM.LoginTest -->
    </test> <!-- Default test -->
  </suite> <!-- Default suite -->
</testng-results>
