<?xml version="1.0" encoding="UTF-8"?>
<testng-results skipped="0" failed="0" total="3" passed="3">
  <reporter-output>
  </reporter-output>
  <suite name="Default suite" duration-ms="108856" started-at="2020-09-08T21:23:28Z" finished-at="2020-09-08T21:25:17Z">
    <groups>
    </groups>
    <test name="Default test" duration-ms="108856" started-at="2020-09-08T21:23:28Z" finished-at="2020-09-08T21:25:17Z">
      <class name="com.timp.test.MDR.TabelasComplementaresParaObrigaçoesAcessorias.CodigoDeOutrasSaidas.CodigoDeOutrasSaidasExcluir">
        <test-method status="PASS" signature="beforeClass()[pri:0, instance:com.timp.test.MDR.TabelasComplementaresParaObrigaçoesAcessorias.CodigoDeOutrasSaidas.CodigoDeOutrasSaidasExcluir@2aa5fe93]" name="beforeClass" is-config="true" duration-ms="19241" started-at="2020-09-08T18:23:28Z" finished-at="2020-09-08T18:23:48Z">
          <reporter-output>
          </reporter-output>
        </test-method> <!-- beforeClass -->
        <test-method status="PASS" signature="login()[pri:0, instance:com.timp.test.MDR.TabelasComplementaresParaObrigaçoesAcessorias.CodigoDeOutrasSaidas.CodigoDeOutrasSaidasExcluir@2aa5fe93]" name="login" duration-ms="11992" started-at="2020-09-08T18:23:48Z" finished-at="2020-09-08T18:24:00Z">
          <reporter-output>
          </reporter-output>
        </test-method> <!-- login -->
        <test-method status="PASS" signature="acessarMDR()[pri:0, instance:com.timp.test.MDR.TabelasComplementaresParaObrigaçoesAcessorias.CodigoDeOutrasSaidas.CodigoDeOutrasSaidasExcluir@2aa5fe93]" name="acessarMDR" duration-ms="13124" started-at="2020-09-08T18:24:00Z" finished-at="2020-09-08T18:24:13Z">
          <reporter-output>
          </reporter-output>
        </test-method> <!-- acessarMDR -->
        <test-method status="PASS" signature="excluir()[pri:0, instance:com.timp.test.MDR.TabelasComplementaresParaObrigaçoesAcessorias.CodigoDeOutrasSaidas.CodigoDeOutrasSaidasExcluir@2aa5fe93]" name="excluir" duration-ms="64472" started-at="2020-09-08T18:24:13Z" finished-at="2020-09-08T18:25:17Z">
          <reporter-output>
          </reporter-output>
        </test-method> <!-- excluir -->
      </class> <!-- com.timp.test.MDR.TabelasComplementaresParaObrigaçoesAcessorias.CodigoDeOutrasSaidas.CodigoDeOutrasSaidasExcluir -->
    </test> <!-- Default test -->
  </suite> <!-- Default suite -->
</testng-results>
