<?xml version="1.0" encoding="UTF-8"?>
<testng-results ignored="0" total="1" passed="1" failed="0" skipped="0">
  <reporter-output>
  </reporter-output>
  <suite started-at="2021-12-17T03:53:11Z" name="Default suite" finished-at="2021-12-17T03:59:02Z" duration-ms="351036">
    <groups>
    </groups>
    <test started-at="2021-12-17T03:53:11Z" name="Default test" finished-at="2021-12-17T03:59:02Z" duration-ms="351036">
      <class name="com.timp.test.BRB.OutputAutomático">
        <test-method is-config="true" signature="beforeClass()[pri:0, instance:com.timp.test.BRB.OutputAutomático@5b367418]" started-at="2021-12-17T03:53:11Z" name="beforeClass" finished-at="2021-12-17T03:54:55Z" duration-ms="103155" status="PASS">
          <reporter-output>
          </reporter-output>
        </test-method> <!-- beforeClass -->
        <test-method signature="outputAutomatico()[pri:0, instance:com.timp.test.BRB.OutputAutomático@5b367418]" started-at="2021-12-17T03:54:55Z" name="outputAutomatico" finished-at="2021-12-17T03:59:02Z" duration-ms="247859" status="PASS">
          <reporter-output>
          </reporter-output>
        </test-method> <!-- outputAutomatico -->
        <test-method is-config="true" signature="afterClass()[pri:0, instance:com.timp.test.BRB.OutputAutomático@5b367418]" started-at="2021-12-17T03:59:02Z" name="afterClass" finished-at="2021-12-17T03:59:02Z" duration-ms="1" status="PASS">
          <reporter-output>
          </reporter-output>
        </test-method> <!-- afterClass -->
      </class> <!-- com.timp.test.BRB.OutputAutomático -->
    </test> <!-- Default test -->
  </suite> <!-- Default suite -->
</testng-results>
