<?xml version="1.0" encoding="UTF-8"?>
<testng-results skipped="0" failed="0" total="3" passed="3">
  <reporter-output>
  </reporter-output>
  <suite name="Default suite" duration-ms="68159" started-at="2020-07-24T15:57:48Z" finished-at="2020-07-24T15:58:56Z">
    <groups>
    </groups>
    <test name="Default test" duration-ms="68159" started-at="2020-07-24T15:57:48Z" finished-at="2020-07-24T15:58:56Z">
      <class name="com.timp.test.MDR.Centralizacao.EstornoCreditoFiltros">
        <test-method status="PASS" signature="beforeClass()[pri:0, instance:com.timp.test.MDR.Centralizacao.EstornoCreditoFiltros@8e0379d]" name="beforeClass" is-config="true" duration-ms="19507" started-at="2020-07-24T12:57:48Z" finished-at="2020-07-24T12:58:08Z">
          <reporter-output>
          </reporter-output>
        </test-method> <!-- beforeClass -->
        <test-method status="PASS" signature="login()[pri:0, instance:com.timp.test.MDR.Centralizacao.EstornoCreditoFiltros@8e0379d]" name="login" duration-ms="11515" started-at="2020-07-24T12:58:08Z" finished-at="2020-07-24T12:58:19Z">
          <reporter-output>
          </reporter-output>
        </test-method> <!-- login -->
        <test-method status="PASS" signature="acessarMDR()[pri:0, instance:com.timp.test.MDR.Centralizacao.EstornoCreditoFiltros@8e0379d]" name="acessarMDR" duration-ms="13104" started-at="2020-07-24T12:58:19Z" finished-at="2020-07-24T12:58:32Z">
          <reporter-output>
          </reporter-output>
        </test-method> <!-- acessarMDR -->
        <test-method status="PASS" signature="filtro()[pri:0, instance:com.timp.test.MDR.Centralizacao.EstornoCreditoFiltros@8e0379d]" name="filtro" duration-ms="23999" started-at="2020-07-24T12:58:32Z" finished-at="2020-07-24T12:58:56Z">
          <reporter-output>
          </reporter-output>
        </test-method> <!-- filtro -->
      </class> <!-- com.timp.test.MDR.Centralizacao.EstornoCreditoFiltros -->
    </test> <!-- Default test -->
  </suite> <!-- Default suite -->
</testng-results>
