<?xml version="1.0" encoding="UTF-8"?>
<testng-results ignored="0" total="1" passed="1" failed="0" skipped="0">
  <reporter-output>
  </reporter-output>
  <suite started-at="2022-09-07T17:29:37 BRT" name="Default suite" finished-at="2022-09-07T17:31:04 BRT" duration-ms="87463">
    <groups>
    </groups>
    <test started-at="2022-09-07T17:29:37 BRT" name="Default test" finished-at="2022-09-07T17:31:04 BRT" duration-ms="87463">
      <class name="com.timp.test.ATR.Estruturas.RelacionamentoEstruturas.RelacionamentoEstruturasExcluir">
        <test-method is-config="true" signature="beforeClass()[pri:0, instance:com.timp.test.ATR.Estruturas.RelacionamentoEstruturas.RelacionamentoEstruturasExcluir@54a7079e]" started-at="2022-09-07T17:29:37 BRT" name="beforeClass" finished-at="2022-09-07T17:29:58 BRT" duration-ms="21397" status="PASS">
          <reporter-output>
          </reporter-output>
        </test-method> <!-- beforeClass -->
        <test-method signature="excluir()[pri:0, instance:com.timp.test.ATR.Estruturas.RelacionamentoEstruturas.RelacionamentoEstruturasExcluir@54a7079e]" started-at="2022-09-07T17:29:58 BRT" name="excluir" finished-at="2022-09-07T17:31:00 BRT" duration-ms="61883" status="PASS">
          <reporter-output>
          </reporter-output>
        </test-method> <!-- excluir -->
        <test-method is-config="true" signature="afterClass()[pri:0, instance:com.timp.test.ATR.Estruturas.RelacionamentoEstruturas.RelacionamentoEstruturasExcluir@54a7079e]" started-at="2022-09-07T17:31:00 BRT" name="afterClass" finished-at="2022-09-07T17:31:04 BRT" duration-ms="4151" status="PASS">
          <reporter-output>
          </reporter-output>
        </test-method> <!-- afterClass -->
      </class> <!-- com.timp.test.ATR.Estruturas.RelacionamentoEstruturas.RelacionamentoEstruturasExcluir -->
    </test> <!-- Default test -->
  </suite> <!-- Default suite -->
</testng-results>
