<?xml version="1.0" encoding="UTF-8"?>
<testng-results ignored="0" total="7" passed="1" failed="5" skipped="1">
  <reporter-output>
  </reporter-output>
  <suite started-at="2021-03-29T17:27:07Z" name="Suite" finished-at="2021-03-29T17:47:39Z" duration-ms="1231814">
    <groups>
    </groups>
    <test started-at="2021-03-29T17:27:07Z" name="Banco De Credito Tributario &gt; Configuração de Layout de Painel" finished-at="2021-03-29T17:47:39Z" duration-ms="1231814">
      <class name="com.timp.test.TCC.BancoDeCréditoTributário.PainelPerDcomp.ConfiguraçãodeLayoutdePainel.ConfiguraçãodeLayoutdePainelCriarcomCópiaExcluir">
        <test-method is-config="true" signature="beforeClass()[pri:0, instance:com.timp.test.TCC.BancoDeCréditoTributário.PainelPerDcomp.ConfiguraçãodeLayoutdePainel.ConfiguraçãodeLayoutdePainelCriarcomCópiaExcluir@31add175]" started-at="2021-03-29T17:30:22Z" name="beforeClass" finished-at="2021-03-29T17:30:34Z" duration-ms="12597" status="PASS">
          <reporter-output>
          </reporter-output>
        </test-method> <!-- beforeClass -->
        <test-method signature="criarComCopiaExcluir()[pri:0, instance:com.timp.test.TCC.BancoDeCréditoTributário.PainelPerDcomp.ConfiguraçãodeLayoutdePainel.ConfiguraçãodeLayoutdePainelCriarcomCópiaExcluir@31add175]" started-at="2021-03-29T17:30:34Z" name="criarComCopiaExcluir" finished-at="2021-03-29T17:32:43Z" duration-ms="128372" status="FAIL">
          <exception class="org.openqa.selenium.ElementClickInterceptedException">
            <message>
              <![CDATA[element click intercepted: Element <div class="btn icon-btn trans icon icon-font-Sign-and-Symbols icon-right" tabindex="0" aria-label="Clique/Aperte Enter para ir á página 1"></div> is not clickable at point (875, 684). Other element would receive the click: <div class="overlay dark" style="display: block;">...</div>
  (Session info: chrome=83.0.4103.106)
Build info: version: '3.141.59', revision: 'e82be7d358', time: '2018-11-14T08:17:03'
System info: host: 'LAPTOP-IN7IV9K5', ip: '192.168.1.40', os.name: 'Windows 10', os.arch: 'amd64', os.version: '10.0', java.version: '15.0.2'
Driver info: org.openqa.selenium.chrome.ChromeDriver
Capabilities {acceptInsecureCerts: false, browserName: chrome, browserVersion: 83.0.4103.106, chrome: {chromedriverVersion: 83.0.4103.39 (ccbf011cb2d2b..., userDataDir: C:\Users\Agile\AppData\Loca...}, goog:chromeOptions: {debuggerAddress: localhost:54933}, javascriptEnabled: true, networkConnectionEnabled: false, pageLoadStrategy: normal, platform: WINDOWS, platformName: WINDOWS, proxy: Proxy(), setWindowRect: true, strictFileInteractability: false, timeouts: {implicit: 0, pageLoad: 300000, script: 30000}, unhandledPromptBehavior: dismiss and notify, webauthn:virtualAuthenticators: true}
Session ID: c8f5783844e9a0334845e824ecfc692b]]>
            </message>
            <full-stacktrace>
              <![CDATA[org.openqa.selenium.ElementClickInterceptedException: element click intercepted: Element <div class="btn icon-btn trans icon icon-font-Sign-and-Symbols icon-right" tabindex="0" aria-label="Clique/Aperte Enter para ir á página 1"></div> is not clickable at point (875, 684). Other element would receive the click: <div class="overlay dark" style="display: block;">...</div>
  (Session info: chrome=83.0.4103.106)
Build info: version: '3.141.59', revision: 'e82be7d358', time: '2018-11-14T08:17:03'
System info: host: 'LAPTOP-IN7IV9K5', ip: '192.168.1.40', os.name: 'Windows 10', os.arch: 'amd64', os.version: '10.0', java.version: '15.0.2'
Driver info: org.openqa.selenium.chrome.ChromeDriver
Capabilities {acceptInsecureCerts: false, browserName: chrome, browserVersion: 83.0.4103.106, chrome: {chromedriverVersion: 83.0.4103.39 (ccbf011cb2d2b..., userDataDir: C:\Users\Agile\AppData\Loca...}, goog:chromeOptions: {debuggerAddress: localhost:54933}, javascriptEnabled: true, networkConnectionEnabled: false, pageLoadStrategy: normal, platform: WINDOWS, platformName: WINDOWS, proxy: Proxy(), setWindowRect: true, strictFileInteractability: false, timeouts: {implicit: 0, pageLoad: 300000, script: 30000}, unhandledPromptBehavior: dismiss and notify, webauthn:virtualAuthenticators: true}
Session ID: c8f5783844e9a0334845e824ecfc692b
at java.base/jdk.internal.reflect.NativeConstructorAccessorImpl.newInstance0(Native Method)
at java.base/jdk.internal.reflect.NativeConstructorAccessorImpl.newInstance(NativeConstructorAccessorImpl.java:64)
at java.base/jdk.internal.reflect.DelegatingConstructorAccessorImpl.newInstance(DelegatingConstructorAccessorImpl.java:45)
at java.base/java.lang.reflect.Constructor.newInstanceWithCaller(Constructor.java:500)
at java.base/java.lang.reflect.Constructor.newInstance(Constructor.java:481)
at org.openqa.selenium.remote.http.W3CHttpResponseCodec.createException(W3CHttpResponseCodec.java:187)
at org.openqa.selenium.remote.http.W3CHttpResponseCodec.decode(W3CHttpResponseCodec.java:122)
at org.openqa.selenium.remote.http.W3CHttpResponseCodec.decode(W3CHttpResponseCodec.java:49)
at org.openqa.selenium.remote.HttpCommandExecutor.execute(HttpCommandExecutor.java:158)
at org.openqa.selenium.remote.service.DriverCommandExecutor.execute(DriverCommandExecutor.java:83)
at org.openqa.selenium.remote.RemoteWebDriver.execute(RemoteWebDriver.java:552)
at org.openqa.selenium.remote.RemoteWebElement.execute(RemoteWebElement.java:285)
at org.openqa.selenium.remote.RemoteWebElement.click(RemoteWebElement.java:84)
at jdk.internal.reflect.GeneratedMethodAccessor1.invoke(Unknown Source)
at java.base/jdk.internal.reflect.DelegatingMethodAccessorImpl.invoke(DelegatingMethodAccessorImpl.java:43)
at java.base/java.lang.reflect.Method.invoke(Method.java:564)
at org.openqa.selenium.support.pagefactory.internal.LocatingElementHandler.invoke(LocatingElementHandler.java:51)
at com.sun.proxy.$Proxy12.click(Unknown Source)
at com.sap.timp.pageObjectModel.TCC.BancodeCréditoTributário.PainelPerDcomp.ConfiguraçãodeLayoutdePainel.ConfiguraçãodeLayoutdePainelCriarcomCópiaExcluirPO.criar(ConfiguraçãodeLayoutdePainelCriarcomCópiaExcluirPO.java:134)
at com.timp.test.TCC.BancoDeCréditoTributário.PainelPerDcomp.ConfiguraçãodeLayoutdePainel.ConfiguraçãodeLayoutdePainelCriarcomCópiaExcluir.criarComCopiaExcluir(ConfiguraçãodeLayoutdePainelCriarcomCópiaExcluir.java:40)
at java.base/jdk.internal.reflect.NativeMethodAccessorImpl.invoke0(Native Method)
at java.base/jdk.internal.reflect.NativeMethodAccessorImpl.invoke(NativeMethodAccessorImpl.java:64)
at java.base/jdk.internal.reflect.DelegatingMethodAccessorImpl.invoke(DelegatingMethodAccessorImpl.java:43)
at java.base/java.lang.reflect.Method.invoke(Method.java:564)
at org.testng.internal.MethodInvocationHelper.invokeMethod(MethodInvocationHelper.java:124)
at org.testng.internal.Invoker.invokeMethod(Invoker.java:583)
at org.testng.internal.Invoker.invokeTestMethod(Invoker.java:719)
at org.testng.internal.Invoker.invokeTestMethods(Invoker.java:989)
at org.testng.internal.TestMethodWorker.invokeTestMethods(TestMethodWorker.java:125)
at org.testng.internal.TestMethodWorker.run(TestMethodWorker.java:109)
at org.testng.TestRunner.privateRun(TestRunner.java:648)
at org.testng.TestRunner.run(TestRunner.java:505)
at org.testng.SuiteRunner.runTest(SuiteRunner.java:455)
at org.testng.SuiteRunner.runSequentially(SuiteRunner.java:450)
at org.testng.SuiteRunner.privateRun(SuiteRunner.java:415)
at org.testng.SuiteRunner.run(SuiteRunner.java:364)
at org.testng.SuiteRunnerWorker.runSuite(SuiteRunnerWorker.java:52)
at org.testng.SuiteRunnerWorker.run(SuiteRunnerWorker.java:84)
at org.testng.TestNG.runSuitesSequentially(TestNG.java:1208)
at org.testng.TestNG.runSuitesLocally(TestNG.java:1137)
at org.testng.TestNG.runSuites(TestNG.java:1049)
at org.testng.TestNG.run(TestNG.java:1017)
at org.testng.remote.AbstractRemoteTestNG.run(AbstractRemoteTestNG.java:115)
at org.testng.remote.RemoteTestNG.initAndRun(RemoteTestNG.java:251)
at org.testng.remote.RemoteTestNG.main(RemoteTestNG.java:77)
]]>
            </full-stacktrace>
          </exception> <!-- org.openqa.selenium.ElementClickInterceptedException -->
          <reporter-output>
          </reporter-output>
        </test-method> <!-- criarComCopiaExcluir -->
        <test-method signature="excluir()[pri:0, instance:com.timp.test.TCC.BancoDeCréditoTributário.PainelPerDcomp.ConfiguraçãodeLayoutdePainel.ConfiguraçãodeLayoutdePainelCriarcomCópiaExcluir@31add175]" started-at="2021-03-29T17:32:43Z" name="excluir" finished-at="2021-03-29T17:32:43Z" depends-on-methods="com.timp.test.TCC.BancoDeCréditoTributário.PainelPerDcomp.ConfiguraçãodeLayoutdePainel.ConfiguraçãodeLayoutdePainelCriarcomCópiaExcluir.criarComCopiaExcluir" duration-ms="0" status="SKIP">
          <exception class="java.lang.Throwable">
            <message>
              <![CDATA[Method ConfiguraçãodeLayoutdePainelCriarcomCópiaExcluir.excluir()[pri:0, instance:com.timp.test.TCC.BancoDeCréditoTributário.PainelPerDcomp.ConfiguraçãodeLayoutdePainel.ConfiguraçãodeLayoutdePainelCriarcomCópiaExcluir@31add175] depends on not successfully finished methods]]>
            </message>
            <full-stacktrace>
              <![CDATA[java.lang.Throwable: Method ConfiguraçãodeLayoutdePainelCriarcomCópiaExcluir.excluir()[pri:0, instance:com.timp.test.TCC.BancoDeCréditoTributário.PainelPerDcomp.ConfiguraçãodeLayoutdePainel.ConfiguraçãodeLayoutdePainelCriarcomCópiaExcluir@31add175] depends on not successfully finished methods
at org.testng.internal.Invoker.invokeTestMethods(Invoker.java:888)
at org.testng.internal.TestMethodWorker.invokeTestMethods(TestMethodWorker.java:125)
at org.testng.internal.TestMethodWorker.run(TestMethodWorker.java:109)
at org.testng.TestRunner.privateRun(TestRunner.java:648)
at org.testng.TestRunner.run(TestRunner.java:505)
at org.testng.SuiteRunner.runTest(SuiteRunner.java:455)
at org.testng.SuiteRunner.runSequentially(SuiteRunner.java:450)
at org.testng.SuiteRunner.privateRun(SuiteRunner.java:415)
at org.testng.SuiteRunner.run(SuiteRunner.java:364)
at org.testng.SuiteRunnerWorker.runSuite(SuiteRunnerWorker.java:52)
at org.testng.SuiteRunnerWorker.run(SuiteRunnerWorker.java:84)
at org.testng.TestNG.runSuitesSequentially(TestNG.java:1208)
at org.testng.TestNG.runSuitesLocally(TestNG.java:1137)
at org.testng.TestNG.runSuites(TestNG.java:1049)
at org.testng.TestNG.run(TestNG.java:1017)
at org.testng.remote.AbstractRemoteTestNG.run(AbstractRemoteTestNG.java:115)
at org.testng.remote.RemoteTestNG.initAndRun(RemoteTestNG.java:251)
at org.testng.remote.RemoteTestNG.main(RemoteTestNG.java:77)
]]>
            </full-stacktrace>
          </exception> <!-- java.lang.Throwable -->
          <reporter-output>
          </reporter-output>
        </test-method> <!-- excluir -->
        <test-method is-config="true" signature="afterClass()[pri:0, instance:com.timp.test.TCC.BancoDeCréditoTributário.PainelPerDcomp.ConfiguraçãodeLayoutdePainel.ConfiguraçãodeLayoutdePainelCriarcomCópiaExcluir@31add175]" started-at="2021-03-29T17:32:43Z" name="afterClass" finished-at="2021-03-29T17:32:43Z" duration-ms="246" status="PASS">
          <reporter-output>
          </reporter-output>
        </test-method> <!-- afterClass -->
      </class> <!-- com.timp.test.TCC.BancoDeCréditoTributário.PainelPerDcomp.ConfiguraçãodeLayoutdePainel.ConfiguraçãodeLayoutdePainelCriarcomCópiaExcluir -->
      <class name="com.timp.test.TCC.BancoDeCréditoTributário.PainelPerDcomp.ConfiguraçãodeLayoutdePainel.ConfiguraçãodeLayoutdePainelExcluir">
        <test-method is-config="true" signature="beforeClass()[pri:0, instance:com.timp.test.TCC.BancoDeCréditoTributário.PainelPerDcomp.ConfiguraçãodeLayoutdePainel.ConfiguraçãodeLayoutdePainelExcluir@69f1a286]" started-at="2021-03-29T17:45:52Z" name="beforeClass" finished-at="2021-03-29T17:46:03Z" duration-ms="11727" status="PASS">
          <reporter-output>
          </reporter-output>
        </test-method> <!-- beforeClass -->
        <test-method signature="excluir()[pri:0, instance:com.timp.test.TCC.BancoDeCréditoTributário.PainelPerDcomp.ConfiguraçãodeLayoutdePainel.ConfiguraçãodeLayoutdePainelExcluir@69f1a286]" started-at="2021-03-29T17:46:03Z" name="excluir" finished-at="2021-03-29T17:47:35Z" duration-ms="91657" status="FAIL">
          <exception class="org.openqa.selenium.NoSuchElementException">
            <message>
              <![CDATA[no such element: Unable to locate element: {"method":"xpath","selector":"//div[@data-id="1"]/div[1]/div"}
  (Session info: chrome=83.0.4103.106)
For documentation on this error, please visit: https://www.seleniumhq.org/exceptions/no_such_element.html
Build info: version: '3.141.59', revision: 'e82be7d358', time: '2018-11-14T08:17:03'
System info: host: 'LAPTOP-IN7IV9K5', ip: '192.168.1.40', os.name: 'Windows 10', os.arch: 'amd64', os.version: '10.0', java.version: '15.0.2'
Driver info: org.openqa.selenium.chrome.ChromeDriver
Capabilities {acceptInsecureCerts: false, browserName: chrome, browserVersion: 83.0.4103.106, chrome: {chromedriverVersion: 83.0.4103.39 (ccbf011cb2d2b..., userDataDir: C:\Users\Agile\AppData\Loca...}, goog:chromeOptions: {debuggerAddress: localhost:55941}, javascriptEnabled: true, networkConnectionEnabled: false, pageLoadStrategy: normal, platform: WINDOWS, platformName: WINDOWS, proxy: Proxy(), setWindowRect: true, strictFileInteractability: false, timeouts: {implicit: 0, pageLoad: 300000, script: 30000}, unhandledPromptBehavior: dismiss and notify, webauthn:virtualAuthenticators: true}
Session ID: 202542234d6585e9458e83e0da18c25d
*** Element info: {Using=xpath, value=//div[@data-id="1"]/div[1]/div}]]>
            </message>
            <full-stacktrace>
              <![CDATA[org.openqa.selenium.NoSuchElementException: no such element: Unable to locate element: {"method":"xpath","selector":"//div[@data-id="1"]/div[1]/div"}
  (Session info: chrome=83.0.4103.106)
For documentation on this error, please visit: https://www.seleniumhq.org/exceptions/no_such_element.html
Build info: version: '3.141.59', revision: 'e82be7d358', time: '2018-11-14T08:17:03'
System info: host: 'LAPTOP-IN7IV9K5', ip: '192.168.1.40', os.name: 'Windows 10', os.arch: 'amd64', os.version: '10.0', java.version: '15.0.2'
Driver info: org.openqa.selenium.chrome.ChromeDriver
Capabilities {acceptInsecureCerts: false, browserName: chrome, browserVersion: 83.0.4103.106, chrome: {chromedriverVersion: 83.0.4103.39 (ccbf011cb2d2b..., userDataDir: C:\Users\Agile\AppData\Loca...}, goog:chromeOptions: {debuggerAddress: localhost:55941}, javascriptEnabled: true, networkConnectionEnabled: false, pageLoadStrategy: normal, platform: WINDOWS, platformName: WINDOWS, proxy: Proxy(), setWindowRect: true, strictFileInteractability: false, timeouts: {implicit: 0, pageLoad: 300000, script: 30000}, unhandledPromptBehavior: dismiss and notify, webauthn:virtualAuthenticators: true}
Session ID: 202542234d6585e9458e83e0da18c25d
*** Element info: {Using=xpath, value=//div[@data-id="1"]/div[1]/div}
at jdk.internal.reflect.GeneratedConstructorAccessor16.newInstance(Unknown Source)
at java.base/jdk.internal.reflect.DelegatingConstructorAccessorImpl.newInstance(DelegatingConstructorAccessorImpl.java:45)
at java.base/java.lang.reflect.Constructor.newInstanceWithCaller(Constructor.java:500)
at java.base/java.lang.reflect.Constructor.newInstance(Constructor.java:481)
at org.openqa.selenium.remote.http.W3CHttpResponseCodec.createException(W3CHttpResponseCodec.java:187)
at org.openqa.selenium.remote.http.W3CHttpResponseCodec.decode(W3CHttpResponseCodec.java:122)
at org.openqa.selenium.remote.http.W3CHttpResponseCodec.decode(W3CHttpResponseCodec.java:49)
at org.openqa.selenium.remote.HttpCommandExecutor.execute(HttpCommandExecutor.java:158)
at org.openqa.selenium.remote.service.DriverCommandExecutor.execute(DriverCommandExecutor.java:83)
at org.openqa.selenium.remote.RemoteWebDriver.execute(RemoteWebDriver.java:552)
at org.openqa.selenium.remote.RemoteWebDriver.findElement(RemoteWebDriver.java:323)
at org.openqa.selenium.remote.RemoteWebDriver.findElementByXPath(RemoteWebDriver.java:428)
at org.openqa.selenium.By$ByXPath.findElement(By.java:353)
at org.openqa.selenium.remote.RemoteWebDriver.findElement(RemoteWebDriver.java:315)
at com.sap.timp.pageObjectModel.TCC.BancodeCréditoTributário.PainelPerDcomp.ConfiguraçãodeLayoutdePainel.ConfiguraçãodeLayoutdePainelExcluirPO.excluir(ConfiguraçãodeLayoutdePainelExcluirPO.java:79)
at com.timp.test.TCC.BancoDeCréditoTributário.PainelPerDcomp.ConfiguraçãodeLayoutdePainel.ConfiguraçãodeLayoutdePainelExcluir.excluir(ConfiguraçãodeLayoutdePainelExcluir.java:40)
at java.base/jdk.internal.reflect.NativeMethodAccessorImpl.invoke0(Native Method)
at java.base/jdk.internal.reflect.NativeMethodAccessorImpl.invoke(NativeMethodAccessorImpl.java:64)
at java.base/jdk.internal.reflect.DelegatingMethodAccessorImpl.invoke(DelegatingMethodAccessorImpl.java:43)
at java.base/java.lang.reflect.Method.invoke(Method.java:564)
at org.testng.internal.MethodInvocationHelper.invokeMethod(MethodInvocationHelper.java:124)
at org.testng.internal.Invoker.invokeMethod(Invoker.java:583)
at org.testng.internal.Invoker.invokeTestMethod(Invoker.java:719)
at org.testng.internal.Invoker.invokeTestMethods(Invoker.java:989)
at org.testng.internal.TestMethodWorker.invokeTestMethods(TestMethodWorker.java:125)
at org.testng.internal.TestMethodWorker.run(TestMethodWorker.java:109)
at org.testng.TestRunner.privateRun(TestRunner.java:648)
at org.testng.TestRunner.run(TestRunner.java:505)
at org.testng.SuiteRunner.runTest(SuiteRunner.java:455)
at org.testng.SuiteRunner.runSequentially(SuiteRunner.java:450)
at org.testng.SuiteRunner.privateRun(SuiteRunner.java:415)
at org.testng.SuiteRunner.run(SuiteRunner.java:364)
at org.testng.SuiteRunnerWorker.runSuite(SuiteRunnerWorker.java:52)
at org.testng.SuiteRunnerWorker.run(SuiteRunnerWorker.java:84)
at org.testng.TestNG.runSuitesSequentially(TestNG.java:1208)
at org.testng.TestNG.runSuitesLocally(TestNG.java:1137)
at org.testng.TestNG.runSuites(TestNG.java:1049)
at org.testng.TestNG.run(TestNG.java:1017)
at org.testng.remote.AbstractRemoteTestNG.run(AbstractRemoteTestNG.java:115)
at org.testng.remote.RemoteTestNG.initAndRun(RemoteTestNG.java:251)
at org.testng.remote.RemoteTestNG.main(RemoteTestNG.java:77)
]]>
            </full-stacktrace>
          </exception> <!-- org.openqa.selenium.NoSuchElementException -->
          <reporter-output>
          </reporter-output>
        </test-method> <!-- excluir -->
        <test-method is-config="true" signature="afterClass()[pri:0, instance:com.timp.test.TCC.BancoDeCréditoTributário.PainelPerDcomp.ConfiguraçãodeLayoutdePainel.ConfiguraçãodeLayoutdePainelExcluir@69f1a286]" started-at="2021-03-29T17:47:35Z" name="afterClass" finished-at="2021-03-29T17:47:39Z" duration-ms="4200" status="PASS">
          <reporter-output>
          </reporter-output>
        </test-method> <!-- afterClass -->
      </class> <!-- com.timp.test.TCC.BancoDeCréditoTributário.PainelPerDcomp.ConfiguraçãodeLayoutdePainel.ConfiguraçãodeLayoutdePainelExcluir -->
      <class name="com.timp.test.TCC.BancoDeCréditoTributário.PainelPerDcomp.ConfiguraçãodeLayoutdePainel.ConfiguraçãodeLayoutdePainelEditar">
        <test-method is-config="true" signature="beforeClass()[pri:0, instance:com.timp.test.TCC.BancoDeCréditoTributário.PainelPerDcomp.ConfiguraçãodeLayoutdePainel.ConfiguraçãodeLayoutdePainelEditar@ae3540e]" started-at="2021-03-29T17:32:43Z" name="beforeClass" finished-at="2021-03-29T17:32:55Z" duration-ms="11849" status="PASS">
          <reporter-output>
          </reporter-output>
        </test-method> <!-- beforeClass -->
        <test-method signature="editar()[pri:0, instance:com.timp.test.TCC.BancoDeCréditoTributário.PainelPerDcomp.ConfiguraçãodeLayoutdePainel.ConfiguraçãodeLayoutdePainelEditar@ae3540e]" started-at="2021-03-29T17:32:55Z" name="editar" finished-at="2021-03-29T17:41:09Z" duration-ms="494013" status="PASS">
          <reporter-output>
          </reporter-output>
        </test-method> <!-- editar -->
        <test-method is-config="true" signature="afterClass()[pri:0, instance:com.timp.test.TCC.BancoDeCréditoTributário.PainelPerDcomp.ConfiguraçãodeLayoutdePainel.ConfiguraçãodeLayoutdePainelEditar@ae3540e]" started-at="2021-03-29T17:41:09Z" name="afterClass" finished-at="2021-03-29T17:41:13Z" duration-ms="4263" status="PASS">
          <reporter-output>
          </reporter-output>
        </test-method> <!-- afterClass -->
      </class> <!-- com.timp.test.TCC.BancoDeCréditoTributário.PainelPerDcomp.ConfiguraçãodeLayoutdePainel.ConfiguraçãodeLayoutdePainelEditar -->
      <class name="com.timp.test.TCC.BancoDeCréditoTributário.PainelPerDcomp.ConfiguraçãodeLayoutdePainel.ConfiguraçãodeLayoutdePainelExecutarGravar">
        <test-method is-config="true" signature="beforeClass()[pri:0, instance:com.timp.test.TCC.BancoDeCréditoTributário.PainelPerDcomp.ConfiguraçãodeLayoutdePainel.ConfiguraçãodeLayoutdePainelExecutarGravar@3688eb5b]" started-at="2021-03-29T17:43:26Z" name="beforeClass" finished-at="2021-03-29T17:43:41Z" duration-ms="14981" status="PASS">
          <reporter-output>
          </reporter-output>
        </test-method> <!-- beforeClass -->
        <test-method signature="executarGravar()[pri:0, instance:com.timp.test.TCC.BancoDeCréditoTributário.PainelPerDcomp.ConfiguraçãodeLayoutdePainel.ConfiguraçãodeLayoutdePainelExecutarGravar@3688eb5b]" started-at="2021-03-29T17:43:41Z" name="executarGravar" finished-at="2021-03-29T17:45:47Z" duration-ms="126833" status="FAIL">
          <exception class="org.openqa.selenium.NoSuchElementException">
            <message>
              <![CDATA[no such element: Unable to locate element: {"method":"xpath","selector":"//*[@id="1000_SP_0001"]/div[1]/label/span"}
  (Session info: chrome=83.0.4103.106)
For documentation on this error, please visit: https://www.seleniumhq.org/exceptions/no_such_element.html
Build info: version: '3.141.59', revision: 'e82be7d358', time: '2018-11-14T08:17:03'
System info: host: 'LAPTOP-IN7IV9K5', ip: '192.168.1.40', os.name: 'Windows 10', os.arch: 'amd64', os.version: '10.0', java.version: '15.0.2'
Driver info: org.openqa.selenium.chrome.ChromeDriver
Capabilities {acceptInsecureCerts: false, browserName: chrome, browserVersion: 83.0.4103.106, chrome: {chromedriverVersion: 83.0.4103.39 (ccbf011cb2d2b..., userDataDir: C:\Users\Agile\AppData\Loca...}, goog:chromeOptions: {debuggerAddress: localhost:55741}, javascriptEnabled: true, networkConnectionEnabled: false, pageLoadStrategy: normal, platform: WINDOWS, platformName: WINDOWS, proxy: Proxy(), setWindowRect: true, strictFileInteractability: false, timeouts: {implicit: 0, pageLoad: 300000, script: 30000}, unhandledPromptBehavior: dismiss and notify, webauthn:virtualAuthenticators: true}
Session ID: 0fcaf0338349a4dbbc7f0ae2e8f1560a
*** Element info: {Using=xpath, value=//*[@id="1000_SP_0001"]/div[1]/label/span}]]>
            </message>
            <full-stacktrace>
              <![CDATA[org.openqa.selenium.NoSuchElementException: no such element: Unable to locate element: {"method":"xpath","selector":"//*[@id="1000_SP_0001"]/div[1]/label/span"}
  (Session info: chrome=83.0.4103.106)
For documentation on this error, please visit: https://www.seleniumhq.org/exceptions/no_such_element.html
Build info: version: '3.141.59', revision: 'e82be7d358', time: '2018-11-14T08:17:03'
System info: host: 'LAPTOP-IN7IV9K5', ip: '192.168.1.40', os.name: 'Windows 10', os.arch: 'amd64', os.version: '10.0', java.version: '15.0.2'
Driver info: org.openqa.selenium.chrome.ChromeDriver
Capabilities {acceptInsecureCerts: false, browserName: chrome, browserVersion: 83.0.4103.106, chrome: {chromedriverVersion: 83.0.4103.39 (ccbf011cb2d2b..., userDataDir: C:\Users\Agile\AppData\Loca...}, goog:chromeOptions: {debuggerAddress: localhost:55741}, javascriptEnabled: true, networkConnectionEnabled: false, pageLoadStrategy: normal, platform: WINDOWS, platformName: WINDOWS, proxy: Proxy(), setWindowRect: true, strictFileInteractability: false, timeouts: {implicit: 0, pageLoad: 300000, script: 30000}, unhandledPromptBehavior: dismiss and notify, webauthn:virtualAuthenticators: true}
Session ID: 0fcaf0338349a4dbbc7f0ae2e8f1560a
*** Element info: {Using=xpath, value=//*[@id="1000_SP_0001"]/div[1]/label/span}
at jdk.internal.reflect.GeneratedConstructorAccessor16.newInstance(Unknown Source)
at java.base/jdk.internal.reflect.DelegatingConstructorAccessorImpl.newInstance(DelegatingConstructorAccessorImpl.java:45)
at java.base/java.lang.reflect.Constructor.newInstanceWithCaller(Constructor.java:500)
at java.base/java.lang.reflect.Constructor.newInstance(Constructor.java:481)
at org.openqa.selenium.remote.http.W3CHttpResponseCodec.createException(W3CHttpResponseCodec.java:187)
at org.openqa.selenium.remote.http.W3CHttpResponseCodec.decode(W3CHttpResponseCodec.java:122)
at org.openqa.selenium.remote.http.W3CHttpResponseCodec.decode(W3CHttpResponseCodec.java:49)
at org.openqa.selenium.remote.HttpCommandExecutor.execute(HttpCommandExecutor.java:158)
at org.openqa.selenium.remote.service.DriverCommandExecutor.execute(DriverCommandExecutor.java:83)
at org.openqa.selenium.remote.RemoteWebDriver.execute(RemoteWebDriver.java:552)
at org.openqa.selenium.remote.RemoteWebDriver.findElement(RemoteWebDriver.java:323)
at org.openqa.selenium.remote.RemoteWebDriver.findElementByXPath(RemoteWebDriver.java:428)
at org.openqa.selenium.By$ByXPath.findElement(By.java:353)
at org.openqa.selenium.remote.RemoteWebDriver.findElement(RemoteWebDriver.java:315)
at org.openqa.selenium.support.pagefactory.DefaultElementLocator.findElement(DefaultElementLocator.java:69)
at org.openqa.selenium.support.pagefactory.internal.LocatingElementHandler.invoke(LocatingElementHandler.java:38)
at com.sun.proxy.$Proxy12.click(Unknown Source)
at com.sap.timp.pageObjectModel.TCC.BancodeCréditoTributário.PainelPerDcomp.ConfiguraçãodeLayoutdePainel.ConfiguraçãodeLayoutdePainelExecutarGravarPO.executarGravar(ConfiguraçãodeLayoutdePainelExecutarGravarPO.java:151)
at com.timp.test.TCC.BancoDeCréditoTributário.PainelPerDcomp.ConfiguraçãodeLayoutdePainel.ConfiguraçãodeLayoutdePainelExecutarGravar.executarGravar(ConfiguraçãodeLayoutdePainelExecutarGravar.java:40)
at java.base/jdk.internal.reflect.NativeMethodAccessorImpl.invoke0(Native Method)
at java.base/jdk.internal.reflect.NativeMethodAccessorImpl.invoke(NativeMethodAccessorImpl.java:64)
at java.base/jdk.internal.reflect.DelegatingMethodAccessorImpl.invoke(DelegatingMethodAccessorImpl.java:43)
at java.base/java.lang.reflect.Method.invoke(Method.java:564)
at org.testng.internal.MethodInvocationHelper.invokeMethod(MethodInvocationHelper.java:124)
at org.testng.internal.Invoker.invokeMethod(Invoker.java:583)
at org.testng.internal.Invoker.invokeTestMethod(Invoker.java:719)
at org.testng.internal.Invoker.invokeTestMethods(Invoker.java:989)
at org.testng.internal.TestMethodWorker.invokeTestMethods(TestMethodWorker.java:125)
at org.testng.internal.TestMethodWorker.run(TestMethodWorker.java:109)
at org.testng.TestRunner.privateRun(TestRunner.java:648)
at org.testng.TestRunner.run(TestRunner.java:505)
at org.testng.SuiteRunner.runTest(SuiteRunner.java:455)
at org.testng.SuiteRunner.runSequentially(SuiteRunner.java:450)
at org.testng.SuiteRunner.privateRun(SuiteRunner.java:415)
at org.testng.SuiteRunner.run(SuiteRunner.java:364)
at org.testng.SuiteRunnerWorker.runSuite(SuiteRunnerWorker.java:52)
at org.testng.SuiteRunnerWorker.run(SuiteRunnerWorker.java:84)
at org.testng.TestNG.runSuitesSequentially(TestNG.java:1208)
at org.testng.TestNG.runSuitesLocally(TestNG.java:1137)
at org.testng.TestNG.runSuites(TestNG.java:1049)
at org.testng.TestNG.run(TestNG.java:1017)
at org.testng.remote.AbstractRemoteTestNG.run(AbstractRemoteTestNG.java:115)
at org.testng.remote.RemoteTestNG.initAndRun(RemoteTestNG.java:251)
at org.testng.remote.RemoteTestNG.main(RemoteTestNG.java:77)
]]>
            </full-stacktrace>
          </exception> <!-- org.openqa.selenium.NoSuchElementException -->
          <reporter-output>
          </reporter-output>
        </test-method> <!-- executarGravar -->
        <test-method is-config="true" signature="afterClass()[pri:0, instance:com.timp.test.TCC.BancoDeCréditoTributário.PainelPerDcomp.ConfiguraçãodeLayoutdePainel.ConfiguraçãodeLayoutdePainelExecutarGravar@3688eb5b]" started-at="2021-03-29T17:45:47Z" name="afterClass" finished-at="2021-03-29T17:45:52Z" duration-ms="4171" status="PASS">
          <reporter-output>
          </reporter-output>
        </test-method> <!-- afterClass -->
      </class> <!-- com.timp.test.TCC.BancoDeCréditoTributário.PainelPerDcomp.ConfiguraçãodeLayoutdePainel.ConfiguraçãodeLayoutdePainelExecutarGravar -->
      <class name="com.timp.test.TCC.BancoDeCréditoTributário.PainelPerDcomp.ConfiguraçãodeLayoutdePainel.ConfiguraçãodeLayoutdePainelVisualizar">
        <test-method is-config="true" signature="beforeClass()[pri:0, instance:com.timp.test.TCC.BancoDeCréditoTributário.PainelPerDcomp.ConfiguraçãodeLayoutdePainel.ConfiguraçãodeLayoutdePainelVisualizar@600b9d27]" started-at="2021-03-29T17:41:13Z" name="beforeClass" finished-at="2021-03-29T17:41:25Z" duration-ms="11732" status="PASS">
          <reporter-output>
          </reporter-output>
        </test-method> <!-- beforeClass -->
        <test-method signature="ver()[pri:0, instance:com.timp.test.TCC.BancoDeCréditoTributário.PainelPerDcomp.ConfiguraçãodeLayoutdePainel.ConfiguraçãodeLayoutdePainelVisualizar@600b9d27]" started-at="2021-03-29T17:41:25Z" name="ver" finished-at="2021-03-29T17:43:21Z" duration-ms="116454" status="FAIL">
          <exception class="org.openqa.selenium.NoSuchElementException">
            <message>
              <![CDATA[no such element: Unable to locate element: {"method":"xpath","selector":"//div[@id="uf"]/div/div/div/div/div/div[@class="componentName"]"}
  (Session info: chrome=83.0.4103.106)
For documentation on this error, please visit: https://www.seleniumhq.org/exceptions/no_such_element.html
Build info: version: '3.141.59', revision: 'e82be7d358', time: '2018-11-14T08:17:03'
System info: host: 'LAPTOP-IN7IV9K5', ip: '192.168.1.40', os.name: 'Windows 10', os.arch: 'amd64', os.version: '10.0', java.version: '15.0.2'
Driver info: org.openqa.selenium.chrome.ChromeDriver
Capabilities {acceptInsecureCerts: false, browserName: chrome, browserVersion: 83.0.4103.106, chrome: {chromedriverVersion: 83.0.4103.39 (ccbf011cb2d2b..., userDataDir: C:\Users\Agile\AppData\Loca...}, goog:chromeOptions: {debuggerAddress: localhost:55536}, javascriptEnabled: true, networkConnectionEnabled: false, pageLoadStrategy: normal, platform: WINDOWS, platformName: WINDOWS, proxy: Proxy(), setWindowRect: true, strictFileInteractability: false, timeouts: {implicit: 0, pageLoad: 300000, script: 30000}, unhandledPromptBehavior: dismiss and notify, webauthn:virtualAuthenticators: true}
Session ID: 6b52c4be30bb04288f4d4b4a5f76b8cc
*** Element info: {Using=xpath, value=//div[@id="uf"]/div/div/div/div/div/div[@class="componentName"]}]]>
            </message>
            <full-stacktrace>
              <![CDATA[org.openqa.selenium.NoSuchElementException: no such element: Unable to locate element: {"method":"xpath","selector":"//div[@id="uf"]/div/div/div/div/div/div[@class="componentName"]"}
  (Session info: chrome=83.0.4103.106)
For documentation on this error, please visit: https://www.seleniumhq.org/exceptions/no_such_element.html
Build info: version: '3.141.59', revision: 'e82be7d358', time: '2018-11-14T08:17:03'
System info: host: 'LAPTOP-IN7IV9K5', ip: '192.168.1.40', os.name: 'Windows 10', os.arch: 'amd64', os.version: '10.0', java.version: '15.0.2'
Driver info: org.openqa.selenium.chrome.ChromeDriver
Capabilities {acceptInsecureCerts: false, browserName: chrome, browserVersion: 83.0.4103.106, chrome: {chromedriverVersion: 83.0.4103.39 (ccbf011cb2d2b..., userDataDir: C:\Users\Agile\AppData\Loca...}, goog:chromeOptions: {debuggerAddress: localhost:55536}, javascriptEnabled: true, networkConnectionEnabled: false, pageLoadStrategy: normal, platform: WINDOWS, platformName: WINDOWS, proxy: Proxy(), setWindowRect: true, strictFileInteractability: false, timeouts: {implicit: 0, pageLoad: 300000, script: 30000}, unhandledPromptBehavior: dismiss and notify, webauthn:virtualAuthenticators: true}
Session ID: 6b52c4be30bb04288f4d4b4a5f76b8cc
*** Element info: {Using=xpath, value=//div[@id="uf"]/div/div/div/div/div/div[@class="componentName"]}
at jdk.internal.reflect.GeneratedConstructorAccessor16.newInstance(Unknown Source)
at java.base/jdk.internal.reflect.DelegatingConstructorAccessorImpl.newInstance(DelegatingConstructorAccessorImpl.java:45)
at java.base/java.lang.reflect.Constructor.newInstanceWithCaller(Constructor.java:500)
at java.base/java.lang.reflect.Constructor.newInstance(Constructor.java:481)
at org.openqa.selenium.remote.http.W3CHttpResponseCodec.createException(W3CHttpResponseCodec.java:187)
at org.openqa.selenium.remote.http.W3CHttpResponseCodec.decode(W3CHttpResponseCodec.java:122)
at org.openqa.selenium.remote.http.W3CHttpResponseCodec.decode(W3CHttpResponseCodec.java:49)
at org.openqa.selenium.remote.HttpCommandExecutor.execute(HttpCommandExecutor.java:158)
at org.openqa.selenium.remote.service.DriverCommandExecutor.execute(DriverCommandExecutor.java:83)
at org.openqa.selenium.remote.RemoteWebDriver.execute(RemoteWebDriver.java:552)
at org.openqa.selenium.remote.RemoteWebDriver.findElement(RemoteWebDriver.java:323)
at org.openqa.selenium.remote.RemoteWebDriver.findElementByXPath(RemoteWebDriver.java:428)
at org.openqa.selenium.By$ByXPath.findElement(By.java:353)
at org.openqa.selenium.remote.RemoteWebDriver.findElement(RemoteWebDriver.java:315)
at com.sap.timp.pageObjectModel.TCC.BancodeCréditoTributário.PainelPerDcomp.ConfiguraçãodeLayoutdePainel.ConfiguraçãodeLayoutdePainelVisualizarPO.ver(ConfiguraçãodeLayoutdePainelVisualizarPO.java:76)
at com.timp.test.TCC.BancoDeCréditoTributário.PainelPerDcomp.ConfiguraçãodeLayoutdePainel.ConfiguraçãodeLayoutdePainelVisualizar.ver(ConfiguraçãodeLayoutdePainelVisualizar.java:43)
at java.base/jdk.internal.reflect.NativeMethodAccessorImpl.invoke0(Native Method)
at java.base/jdk.internal.reflect.NativeMethodAccessorImpl.invoke(NativeMethodAccessorImpl.java:64)
at java.base/jdk.internal.reflect.DelegatingMethodAccessorImpl.invoke(DelegatingMethodAccessorImpl.java:43)
at java.base/java.lang.reflect.Method.invoke(Method.java:564)
at org.testng.internal.MethodInvocationHelper.invokeMethod(MethodInvocationHelper.java:124)
at org.testng.internal.Invoker.invokeMethod(Invoker.java:583)
at org.testng.internal.Invoker.invokeTestMethod(Invoker.java:719)
at org.testng.internal.Invoker.invokeTestMethods(Invoker.java:989)
at org.testng.internal.TestMethodWorker.invokeTestMethods(TestMethodWorker.java:125)
at org.testng.internal.TestMethodWorker.run(TestMethodWorker.java:109)
at org.testng.TestRunner.privateRun(TestRunner.java:648)
at org.testng.TestRunner.run(TestRunner.java:505)
at org.testng.SuiteRunner.runTest(SuiteRunner.java:455)
at org.testng.SuiteRunner.runSequentially(SuiteRunner.java:450)
at org.testng.SuiteRunner.privateRun(SuiteRunner.java:415)
at org.testng.SuiteRunner.run(SuiteRunner.java:364)
at org.testng.SuiteRunnerWorker.runSuite(SuiteRunnerWorker.java:52)
at org.testng.SuiteRunnerWorker.run(SuiteRunnerWorker.java:84)
at org.testng.TestNG.runSuitesSequentially(TestNG.java:1208)
at org.testng.TestNG.runSuitesLocally(TestNG.java:1137)
at org.testng.TestNG.runSuites(TestNG.java:1049)
at org.testng.TestNG.run(TestNG.java:1017)
at org.testng.remote.AbstractRemoteTestNG.run(AbstractRemoteTestNG.java:115)
at org.testng.remote.RemoteTestNG.initAndRun(RemoteTestNG.java:251)
at org.testng.remote.RemoteTestNG.main(RemoteTestNG.java:77)
]]>
            </full-stacktrace>
          </exception> <!-- org.openqa.selenium.NoSuchElementException -->
          <reporter-output>
          </reporter-output>
        </test-method> <!-- ver -->
        <test-method is-config="true" signature="afterClass()[pri:0, instance:com.timp.test.TCC.BancoDeCréditoTributário.PainelPerDcomp.ConfiguraçãodeLayoutdePainel.ConfiguraçãodeLayoutdePainelVisualizar@600b9d27]" started-at="2021-03-29T17:43:21Z" name="afterClass" finished-at="2021-03-29T17:43:26Z" duration-ms="4372" status="PASS">
          <reporter-output>
          </reporter-output>
        </test-method> <!-- afterClass -->
      </class> <!-- com.timp.test.TCC.BancoDeCréditoTributário.PainelPerDcomp.ConfiguraçãodeLayoutdePainel.ConfiguraçãodeLayoutdePainelVisualizar -->
      <class name="com.timp.test.TCC.BancoDeCréditoTributário.PainelPerDcomp.ConfiguraçãodeLayoutdePainel.ConfiguraçãodeLayoutdePainelCriar">
        <test-method is-config="true" signature="beforeClass()[pri:0, instance:com.timp.test.TCC.BancoDeCréditoTributário.PainelPerDcomp.ConfiguraçãodeLayoutdePainel.ConfiguraçãodeLayoutdePainelCriar@babafc2]" started-at="2021-03-29T17:27:07Z" name="beforeClass" finished-at="2021-03-29T17:27:26Z" duration-ms="18524" status="PASS">
          <reporter-output>
          </reporter-output>
        </test-method> <!-- beforeClass -->
        <test-method signature="criar()[pri:0, instance:com.timp.test.TCC.BancoDeCréditoTributário.PainelPerDcomp.ConfiguraçãodeLayoutdePainel.ConfiguraçãodeLayoutdePainelCriar@babafc2]" started-at="2021-03-29T17:27:26Z" name="criar" finished-at="2021-03-29T17:30:17Z" duration-ms="171549" status="FAIL">
          <exception class="java.lang.AssertionError">
            <message>
              <![CDATA[O registro não foi criado com sucesso expected [true] but found [false]]]>
            </message>
            <full-stacktrace>
              <![CDATA[java.lang.AssertionError: O registro não foi criado com sucesso expected [true] but found [false]
at org.testng.Assert.fail(Assert.java:96)
at org.testng.Assert.failNotEquals(Assert.java:776)
at org.testng.Assert.assertTrue(Assert.java:44)
at com.timp.test.TCC.BancoDeCréditoTributário.PainelPerDcomp.ConfiguraçãodeLayoutdePainel.ConfiguraçãodeLayoutdePainelCriar.criar(ConfiguraçãodeLayoutdePainelCriar.java:42)
at java.base/jdk.internal.reflect.NativeMethodAccessorImpl.invoke0(Native Method)
at java.base/jdk.internal.reflect.NativeMethodAccessorImpl.invoke(NativeMethodAccessorImpl.java:64)
at java.base/jdk.internal.reflect.DelegatingMethodAccessorImpl.invoke(DelegatingMethodAccessorImpl.java:43)
at java.base/java.lang.reflect.Method.invoke(Method.java:564)
at org.testng.internal.MethodInvocationHelper.invokeMethod(MethodInvocationHelper.java:124)
at org.testng.internal.Invoker.invokeMethod(Invoker.java:583)
at org.testng.internal.Invoker.invokeTestMethod(Invoker.java:719)
at org.testng.internal.Invoker.invokeTestMethods(Invoker.java:989)
at org.testng.internal.TestMethodWorker.invokeTestMethods(TestMethodWorker.java:125)
at org.testng.internal.TestMethodWorker.run(TestMethodWorker.java:109)
at org.testng.TestRunner.privateRun(TestRunner.java:648)
at org.testng.TestRunner.run(TestRunner.java:505)
at org.testng.SuiteRunner.runTest(SuiteRunner.java:455)
at org.testng.SuiteRunner.runSequentially(SuiteRunner.java:450)
at org.testng.SuiteRunner.privateRun(SuiteRunner.java:415)
at org.testng.SuiteRunner.run(SuiteRunner.java:364)
at org.testng.SuiteRunnerWorker.runSuite(SuiteRunnerWorker.java:52)
at org.testng.SuiteRunnerWorker.run(SuiteRunnerWorker.java:84)
at org.testng.TestNG.runSuitesSequentially(TestNG.java:1208)
at org.testng.TestNG.runSuitesLocally(TestNG.java:1137)
at org.testng.TestNG.runSuites(TestNG.java:1049)
at org.testng.TestNG.run(TestNG.java:1017)
at org.testng.remote.AbstractRemoteTestNG.run(AbstractRemoteTestNG.java:115)
at org.testng.remote.RemoteTestNG.initAndRun(RemoteTestNG.java:251)
at org.testng.remote.RemoteTestNG.main(RemoteTestNG.java:77)
]]>
            </full-stacktrace>
          </exception> <!-- java.lang.AssertionError -->
          <reporter-output>
          </reporter-output>
        </test-method> <!-- criar -->
        <test-method is-config="true" signature="afterClass()[pri:0, instance:com.timp.test.TCC.BancoDeCréditoTributário.PainelPerDcomp.ConfiguraçãodeLayoutdePainel.ConfiguraçãodeLayoutdePainelCriar@babafc2]" started-at="2021-03-29T17:30:17Z" name="afterClass" finished-at="2021-03-29T17:30:22Z" duration-ms="4175" status="PASS">
          <reporter-output>
          </reporter-output>
        </test-method> <!-- afterClass -->
      </class> <!-- com.timp.test.TCC.BancoDeCréditoTributário.PainelPerDcomp.ConfiguraçãodeLayoutdePainel.ConfiguraçãodeLayoutdePainelCriar -->
    </test> <!-- Banco De Credito Tributario > Configuração de Layout de Painel -->
  </suite> <!-- Suite -->
</testng-results>
