<?xml version="1.0" encoding="UTF-8"?>
<testng-results total="3" passed="3" failed="0" skipped="0">
  <reporter-output>
  </reporter-output>
  <suite started-at="2020-07-28T22:24:22Z" name="Default suite" finished-at="2020-07-28T22:27:01Z" duration-ms="159476">
    <groups>
    </groups>
    <test started-at="2020-07-28T22:24:22Z" name="Default test" finished-at="2020-07-28T22:27:01Z" duration-ms="159476">
      <class name="com.timp.test.MDR.CEP.Logradouro.LogradouroEditar">
        <test-method is-config="true" signature="beforeClass()[pri:0, instance:com.timp.test.MDR.CEP.Logradouro.LogradouroEditar@4c1909a3]" started-at="2020-07-28T16:24:22Z" name="beforeClass" finished-at="2020-07-28T16:24:38Z" duration-ms="16009" status="PASS">
          <reporter-output>
          </reporter-output>
        </test-method> <!-- beforeClass -->
        <test-method signature="login()[pri:0, instance:com.timp.test.MDR.CEP.Logradouro.LogradouroEditar@4c1909a3]" started-at="2020-07-28T16:24:38Z" name="login" finished-at="2020-07-28T16:24:47Z" duration-ms="8701" status="PASS">
          <reporter-output>
          </reporter-output>
        </test-method> <!-- login -->
        <test-method signature="acessarMDR()[pri:0, instance:com.timp.test.MDR.CEP.Logradouro.LogradouroEditar@4c1909a3]" started-at="2020-07-28T16:24:47Z" name="acessarMDR" finished-at="2020-07-28T16:25:23Z" duration-ms="36546" status="PASS">
          <reporter-output>
          </reporter-output>
        </test-method> <!-- acessarMDR -->
        <test-method signature="logradouroEditar()[pri:0, instance:com.timp.test.MDR.CEP.Logradouro.LogradouroEditar@4c1909a3]" started-at="2020-07-28T16:25:23Z" name="logradouroEditar" finished-at="2020-07-28T16:27:01Z" duration-ms="98181" status="PASS">
          <reporter-output>
          </reporter-output>
        </test-method> <!-- logradouroEditar -->
        <test-method is-config="true" signature="afterClass()[pri:0, instance:com.timp.test.MDR.CEP.Logradouro.LogradouroEditar@4c1909a3]" started-at="2020-07-28T16:27:01Z" name="afterClass" finished-at="2020-07-28T16:27:01Z" duration-ms="1" status="PASS">
          <reporter-output>
          </reporter-output>
        </test-method> <!-- afterClass -->
      </class> <!-- com.timp.test.MDR.CEP.Logradouro.LogradouroEditar -->
    </test> <!-- Default test -->
  </suite> <!-- Default suite -->
</testng-results>
