<?xml version="1.0" encoding="UTF-8"?>
<testng-results ignored="0" total="1" passed="1" failed="0" skipped="0">
  <reporter-output>
  </reporter-output>
  <suite started-at="2024-10-17T02:44:17 UTC" name="Default suite" finished-at="2024-10-17T02:45:25 UTC" duration-ms="67704">
    <groups>
    </groups>
    <test started-at="2024-10-17T02:44:17 UTC" name="Default test" finished-at="2024-10-17T02:45:25 UTC" duration-ms="67704">
      <class name="com.timp.test.TCC.GestaoDeCreditoTributarioICMS.Executados.Registro1200.Executados1200Excluir">
        <test-method is-config="true" signature="beforeClass()[pri:0, instance:com.timp.test.TCC.GestaoDeCreditoTributarioICMS.Executados.Registro1200.Executados1200Excluir@3ee37e5a]" started-at="2024-10-17T02:44:17 UTC" name="beforeClass" finished-at="2024-10-17T02:44:21 UTC" duration-ms="3173" status="PASS">
          <reporter-output>
          </reporter-output>
        </test-method> <!-- beforeClass -->
        <test-method signature="excluir()[pri:0, instance:com.timp.test.TCC.GestaoDeCreditoTributarioICMS.Executados.Registro1200.Executados1200Excluir@3ee37e5a]" started-at="2024-10-17T02:44:21 UTC" name="excluir" finished-at="2024-10-17T02:45:25 UTC" duration-ms="64365" status="PASS">
          <reporter-output>
          </reporter-output>
        </test-method> <!-- excluir -->
        <test-method is-config="true" signature="afterClass()[pri:0, instance:com.timp.test.TCC.GestaoDeCreditoTributarioICMS.Executados.Registro1200.Executados1200Excluir@3ee37e5a]" started-at="2024-10-17T02:45:25 UTC" name="afterClass" finished-at="2024-10-17T02:45:25 UTC" duration-ms="131" status="PASS">
          <reporter-output>
          </reporter-output>
        </test-method> <!-- afterClass -->
      </class> <!-- com.timp.test.TCC.GestaoDeCreditoTributarioICMS.Executados.Registro1200.Executados1200Excluir -->
    </test> <!-- Default test -->
  </suite> <!-- Default suite -->
</testng-results>
