<?xml version="1.0" encoding="UTF-8"?>
<testng-results total="4" passed="4" failed="0" skipped="0">
  <reporter-output>
  </reporter-output>
  <suite started-at="2020-10-29T20:48:07Z" name="Default suite" finished-at="2020-10-29T20:50:03Z" duration-ms="115651">
    <groups>
    </groups>
    <test started-at="2020-10-29T20:48:07Z" name="Default test" finished-at="2020-10-29T20:50:03Z" duration-ms="115651">
      <class name="com.timp.test.MDR.TabelasApoioESocial.Tabela03.NaturezaDasRubricasExluirMassa">
        <test-method is-config="true" signature="beforeClass()[pri:0, instance:com.timp.test.MDR.TabelasApoioESocial.Tabela03.NaturezaDasRubricasExluirMassa@1672fe87]" started-at="2020-10-29T14:48:07Z" name="beforeClass" finished-at="2020-10-29T14:48:20Z" duration-ms="12653" status="PASS">
          <reporter-output>
          </reporter-output>
        </test-method> <!-- beforeClass -->
        <test-method signature="login()[pri:0, instance:com.timp.test.MDR.TabelasApoioESocial.Tabela03.NaturezaDasRubricasExluirMassa@1672fe87]" started-at="2020-10-29T14:48:20Z" name="login" finished-at="2020-10-29T14:48:27Z" duration-ms="6844" status="PASS">
          <reporter-output>
          </reporter-output>
        </test-method> <!-- login -->
        <test-method signature="acessarMDR()[pri:0, instance:com.timp.test.MDR.TabelasApoioESocial.Tabela03.NaturezaDasRubricasExluirMassa@1672fe87]" started-at="2020-10-29T14:48:27Z" name="acessarMDR" finished-at="2020-10-29T14:48:41Z" duration-ms="13971" status="PASS">
          <reporter-output>
          </reporter-output>
        </test-method> <!-- acessarMDR -->
        <test-method signature="criar()[pri:0, instance:com.timp.test.MDR.TabelasApoioESocial.Tabela03.NaturezaDasRubricasExluirMassa@1672fe87]" started-at="2020-10-29T14:48:41Z" name="criar" finished-at="2020-10-29T14:49:31Z" duration-ms="50571" status="PASS">
          <reporter-output>
          </reporter-output>
        </test-method> <!-- criar -->
        <test-method signature="excluirMassa()[pri:0, instance:com.timp.test.MDR.TabelasApoioESocial.Tabela03.NaturezaDasRubricasExluirMassa@1672fe87]" started-at="2020-10-29T14:49:31Z" name="excluirMassa" finished-at="2020-10-29T14:49:58Z" duration-ms="27240" status="PASS">
          <reporter-output>
          </reporter-output>
        </test-method> <!-- excluirMassa -->
        <test-method is-config="true" signature="afterClass()[pri:0, instance:com.timp.test.MDR.TabelasApoioESocial.Tabela03.NaturezaDasRubricasExluirMassa@1672fe87]" started-at="2020-10-29T14:49:58Z" name="afterClass" finished-at="2020-10-29T14:50:03Z" duration-ms="4349" status="PASS">
          <reporter-output>
          </reporter-output>
        </test-method> <!-- afterClass -->
      </class> <!-- com.timp.test.MDR.TabelasApoioESocial.Tabela03.NaturezaDasRubricasExluirMassa -->
    </test> <!-- Default test -->
  </suite> <!-- Default suite -->
</testng-results>
