<?xml version="1.0" encoding="UTF-8"?>
<testng-results ignored="0" total="1" passed="1" failed="0" skipped="0">
  <reporter-output>
  </reporter-output>
  <suite started-at="2021-11-02T21:39:23Z" name="Default suite" finished-at="2021-11-02T21:44:13Z" duration-ms="290572">
    <groups>
    </groups>
    <test started-at="2021-11-02T21:39:23Z" name="Default test" finished-at="2021-11-02T21:44:13Z" duration-ms="290572">
      <class name="com.timp.test.MDR.TabelaApoioECD.DeXParaContraPartida.DeXParaContraPartidaCriar">
        <test-method is-config="true" signature="beforeClass()[pri:0, instance:com.timp.test.MDR.TabelaApoioECD.DeXParaContraPartida.DeXParaContraPartidaCriar@355ce81c]" started-at="2021-11-02T21:39:23Z" name="beforeClass" finished-at="2021-11-02T21:40:29Z" duration-ms="66276" status="PASS">
          <reporter-output>
          </reporter-output>
        </test-method> <!-- beforeClass -->
        <test-method signature="criar()[pri:0, instance:com.timp.test.MDR.TabelaApoioECD.DeXParaContraPartida.DeXParaContraPartidaCriar@355ce81c]" started-at="2021-11-02T21:40:29Z" name="criar" finished-at="2021-11-02T21:44:13Z" duration-ms="224266" status="PASS">
          <reporter-output>
          </reporter-output>
        </test-method> <!-- criar -->
        <test-method is-config="true" signature="afterClass()[pri:0, instance:com.timp.test.MDR.TabelaApoioECD.DeXParaContraPartida.DeXParaContraPartidaCriar@355ce81c]" started-at="2021-11-02T21:44:13Z" name="afterClass" finished-at="2021-11-02T21:44:13Z" duration-ms="1" status="PASS">
          <reporter-output>
          </reporter-output>
        </test-method> <!-- afterClass -->
      </class> <!-- com.timp.test.MDR.TabelaApoioECD.DeXParaContraPartida.DeXParaContraPartidaCriar -->
    </test> <!-- Default test -->
  </suite> <!-- Default suite -->
</testng-results>
