<?xml version="1.0" encoding="UTF-8"?>
<testng-results ignored="0" total="3" passed="3" failed="0" skipped="0">
  <reporter-output>
  </reporter-output>
  <suite started-at="2021-02-19T20:00:28Z" name="Default suite" finished-at="2021-02-19T20:04:19Z" duration-ms="231287">
    <groups>
    </groups>
    <test started-at="2021-02-19T20:00:28Z" name="Default test" finished-at="2021-02-19T20:04:19Z" duration-ms="231287">
      <class name="com.timp.test.BRE.RegrasDeMensagens.Edicao.RegrasDeMensagensValoresCalculados">
        <test-method is-config="true" signature="beforeClass()[pri:0, instance:com.timp.test.BRE.RegrasDeMensagens.Edicao.RegrasDeMensagensValoresCalculados@69fb6037]" started-at="2021-02-19T20:00:28Z" name="beforeClass" finished-at="2021-02-19T20:00:45Z" duration-ms="17072" status="PASS">
          <reporter-output>
          </reporter-output>
        </test-method> <!-- beforeClass -->
        <test-method signature="login()[pri:0, instance:com.timp.test.BRE.RegrasDeMensagens.Edicao.RegrasDeMensagensValoresCalculados@69fb6037]" started-at="2021-02-19T20:00:45Z" name="login" finished-at="2021-02-19T20:00:55Z" duration-ms="10013" status="PASS">
          <reporter-output>
          </reporter-output>
        </test-method> <!-- login -->
        <test-method signature="acessarBRE()[pri:1, instance:com.timp.test.BRE.RegrasDeMensagens.Edicao.RegrasDeMensagensValoresCalculados@69fb6037]" started-at="2021-02-19T20:00:55Z" name="acessarBRE" finished-at="2021-02-19T20:01:13Z" duration-ms="18379" status="PASS">
          <reporter-output>
          </reporter-output>
        </test-method> <!-- acessarBRE -->
        <test-method signature="editar()[pri:2, instance:com.timp.test.BRE.RegrasDeMensagens.Edicao.RegrasDeMensagensValoresCalculados@69fb6037]" started-at="2021-02-19T20:01:13Z" name="editar" finished-at="2021-02-19T20:04:15Z" duration-ms="181345" status="PASS">
          <reporter-output>
          </reporter-output>
        </test-method> <!-- editar -->
        <test-method is-config="true" signature="afterClass()[pri:0, instance:com.timp.test.BRE.RegrasDeMensagens.Edicao.RegrasDeMensagensValoresCalculados@69fb6037]" started-at="2021-02-19T20:04:15Z" name="afterClass" finished-at="2021-02-19T20:04:19Z" duration-ms="4425" status="PASS">
          <reporter-output>
          </reporter-output>
        </test-method> <!-- afterClass -->
      </class> <!-- com.timp.test.BRE.RegrasDeMensagens.Edicao.RegrasDeMensagensValoresCalculados -->
    </test> <!-- Default test -->
  </suite> <!-- Default suite -->
</testng-results>
