<?xml version="1.0" encoding="UTF-8"?>
<testng-results total="3" passed="3" failed="0" skipped="0">
  <reporter-output>
  </reporter-output>
  <suite started-at="2021-02-11T04:27:22Z" name="Default suite" finished-at="2021-02-11T04:29:59Z" duration-ms="157496">
    <groups>
    </groups>
    <test started-at="2021-02-11T04:27:22Z" name="Default test" finished-at="2021-02-11T04:29:59Z" duration-ms="157496">
      <class name="com.timp.test.TDK.Dashboard.DashboardLixeiraExcluirEmMassa">
        <test-method is-config="true" signature="beforeClass()[pri:0, instance:com.timp.test.TDK.Dashboard.DashboardLixeiraExcluirEmMassa@17f62e33]" started-at="2021-02-10T22:27:22Z" name="beforeClass" finished-at="2021-02-10T22:28:11Z" duration-ms="49714" status="PASS">
          <reporter-output>
          </reporter-output>
        </test-method> <!-- beforeClass -->
        <test-method signature="login()[pri:0, instance:com.timp.test.TDK.Dashboard.DashboardLixeiraExcluirEmMassa@17f62e33]" started-at="2021-02-10T22:28:11Z" name="login" finished-at="2021-02-10T22:28:28Z" duration-ms="16323" status="PASS">
          <reporter-output>
          </reporter-output>
        </test-method> <!-- login -->
        <test-method signature="acessarTDK()[pri:0, instance:com.timp.test.TDK.Dashboard.DashboardLixeiraExcluirEmMassa@17f62e33]" started-at="2021-02-10T22:28:28Z" name="acessarTDK" finished-at="2021-02-10T22:29:15Z" duration-ms="47460" status="PASS">
          <reporter-output>
          </reporter-output>
        </test-method> <!-- acessarTDK -->
        <test-method signature="excluir()[pri:0, instance:com.timp.test.TDK.Dashboard.DashboardLixeiraExcluirEmMassa@17f62e33]" started-at="2021-02-10T22:29:15Z" name="excluir" finished-at="2021-02-10T22:29:59Z" duration-ms="43980" status="PASS">
          <reporter-output>
          </reporter-output>
        </test-method> <!-- excluir -->
        <test-method is-config="true" signature="afterClass()[pri:0, instance:com.timp.test.TDK.Dashboard.DashboardLixeiraExcluirEmMassa@17f62e33]" started-at="2021-02-10T22:29:59Z" name="afterClass" finished-at="2021-02-10T22:29:59Z" duration-ms="0" status="PASS">
          <reporter-output>
          </reporter-output>
        </test-method> <!-- afterClass -->
      </class> <!-- com.timp.test.TDK.Dashboard.DashboardLixeiraExcluirEmMassa -->
    </test> <!-- Default test -->
  </suite> <!-- Default suite -->
</testng-results>
