<?xml version="1.0" encoding="UTF-8"?>
<testng-results total="3" passed="3" failed="0" skipped="0">
  <reporter-output>
  </reporter-output>
  <suite started-at="2020-07-28T21:09:43Z" name="Default suite" finished-at="2020-07-28T21:11:09Z" duration-ms="85501">
    <groups>
    </groups>
    <test started-at="2020-07-28T21:09:43Z" name="Default test" finished-at="2020-07-28T21:11:09Z" duration-ms="85501">
      <class name="com.timp.test.MDR.CEP.Logradouro.LogradouroCriar">
        <test-method is-config="true" signature="beforeClass()[pri:0, instance:com.timp.test.MDR.CEP.Logradouro.LogradouroCriar@4c1909a3]" started-at="2020-07-28T15:09:43Z" name="beforeClass" finished-at="2020-07-28T15:10:06Z" duration-ms="22918" status="PASS">
          <reporter-output>
          </reporter-output>
        </test-method> <!-- beforeClass -->
        <test-method signature="login()[pri:0, instance:com.timp.test.MDR.CEP.Logradouro.LogradouroCriar@4c1909a3]" started-at="2020-07-28T15:10:06Z" name="login" finished-at="2020-07-28T15:10:20Z" duration-ms="13192" status="PASS">
          <reporter-output>
          </reporter-output>
        </test-method> <!-- login -->
        <test-method signature="acessarMDR()[pri:0, instance:com.timp.test.MDR.CEP.Logradouro.LogradouroCriar@4c1909a3]" started-at="2020-07-28T15:10:20Z" name="acessarMDR" finished-at="2020-07-28T15:10:31Z" duration-ms="11010" status="PASS">
          <reporter-output>
          </reporter-output>
        </test-method> <!-- acessarMDR -->
        <test-method signature="logradouroCriar()[pri:0, instance:com.timp.test.MDR.CEP.Logradouro.LogradouroCriar@4c1909a3]" started-at="2020-07-28T15:10:31Z" name="logradouroCriar" finished-at="2020-07-28T15:11:09Z" duration-ms="38328" status="PASS">
          <reporter-output>
          </reporter-output>
        </test-method> <!-- logradouroCriar -->
        <test-method is-config="true" signature="afterClass()[pri:0, instance:com.timp.test.MDR.CEP.Logradouro.LogradouroCriar@4c1909a3]" started-at="2020-07-28T15:11:09Z" name="afterClass" finished-at="2020-07-28T15:11:09Z" duration-ms="1" status="PASS">
          <reporter-output>
          </reporter-output>
        </test-method> <!-- afterClass -->
      </class> <!-- com.timp.test.MDR.CEP.Logradouro.LogradouroCriar -->
    </test> <!-- Default test -->
  </suite> <!-- Default suite -->
</testng-results>
