<?xml version="1.0" encoding="UTF-8"?>
<testng-results skipped="0" failed="0" total="3" passed="3">
  <reporter-output>
  </reporter-output>
  <suite name="Default suite" duration-ms="136576" started-at="2020-08-26T23:38:44Z" finished-at="2020-08-26T23:41:00Z">
    <groups>
    </groups>
    <test name="Default test" duration-ms="136576" started-at="2020-08-26T23:38:44Z" finished-at="2020-08-26T23:41:00Z">
      <class name="com.timp.test.MDR.CodigoReceita.CodigoReceitaVisualizar">
        <test-method status="PASS" signature="beforeClass()[pri:0, instance:com.timp.test.MDR.CodigoReceita.CodigoReceitaVisualizar@3b2cf7ab]" name="beforeClass" is-config="true" duration-ms="11457" started-at="2020-08-26T17:38:44Z" finished-at="2020-08-26T17:38:55Z">
          <reporter-output>
          </reporter-output>
        </test-method> <!-- beforeClass -->
        <test-method status="PASS" signature="login()[pri:0, instance:com.timp.test.MDR.CodigoReceita.CodigoReceitaVisualizar@3b2cf7ab]" name="login" duration-ms="8759" started-at="2020-08-26T17:38:55Z" finished-at="2020-08-26T17:39:04Z">
          <reporter-output>
          </reporter-output>
        </test-method> <!-- login -->
        <test-method status="PASS" signature="acessarMDR()[pri:0, instance:com.timp.test.MDR.CodigoReceita.CodigoReceitaVisualizar@3b2cf7ab]" name="acessarMDR" duration-ms="33062" started-at="2020-08-26T17:39:04Z" finished-at="2020-08-26T17:39:37Z">
          <reporter-output>
          </reporter-output>
        </test-method> <!-- acessarMDR -->
        <test-method status="PASS" signature="criar()[pri:0, instance:com.timp.test.MDR.CodigoReceita.CodigoReceitaVisualizar@3b2cf7ab]" name="criar" duration-ms="83288" started-at="2020-08-26T17:39:37Z" finished-at="2020-08-26T17:41:00Z">
          <reporter-output>
          </reporter-output>
        </test-method> <!-- criar -->
      </class> <!-- com.timp.test.MDR.CodigoReceita.CodigoReceitaVisualizar -->
    </test> <!-- Default test -->
  </suite> <!-- Default suite -->
</testng-results>
