<?xml version="1.0" encoding="UTF-8"?>
<testng-results total="3" passed="3" failed="0" skipped="0">
  <reporter-output>
  </reporter-output>
  <suite started-at="2020-11-17T01:14:37Z" name="Default suite" finished-at="2020-11-17T01:15:54Z" duration-ms="77353">
    <groups>
    </groups>
    <test started-at="2020-11-17T01:14:37Z" name="Default test" finished-at="2020-11-17T01:15:54Z" duration-ms="77353">
      <class name="com.timp.test.MDR.TabelasApoioESocial.Tabela25.ParâmetrosParaEnvioDeMensagensDetalhes">
        <test-method is-config="true" signature="beforeClass()[pri:0, instance:com.timp.test.MDR.TabelasApoioESocial.Tabela25.ParâmetrosParaEnvioDeMensagensDetalhes@10f7f7de]" started-at="2020-11-16T19:14:37Z" name="beforeClass" finished-at="2020-11-16T19:14:54Z" duration-ms="17062" status="PASS">
          <reporter-output>
          </reporter-output>
        </test-method> <!-- beforeClass -->
        <test-method signature="ingresar()[pri:0, instance:com.timp.test.MDR.TabelasApoioESocial.Tabela25.ParâmetrosParaEnvioDeMensagensDetalhes@10f7f7de]" started-at="2020-11-16T19:14:54Z" name="ingresar" finished-at="2020-11-16T19:15:02Z" duration-ms="7823" status="PASS">
          <reporter-output>
          </reporter-output>
        </test-method> <!-- ingresar -->
        <test-method signature="ingresarMDR()[pri:0, instance:com.timp.test.MDR.TabelasApoioESocial.Tabela25.ParâmetrosParaEnvioDeMensagensDetalhes@10f7f7de]" started-at="2020-11-16T19:15:02Z" name="ingresarMDR" finished-at="2020-11-16T19:15:12Z" duration-ms="10913" status="PASS">
          <reporter-output>
          </reporter-output>
        </test-method> <!-- ingresarMDR -->
        <test-method signature="detalhes()[pri:0, instance:com.timp.test.MDR.TabelasApoioESocial.Tabela25.ParâmetrosParaEnvioDeMensagensDetalhes@10f7f7de]" started-at="2020-11-16T19:15:12Z" name="detalhes" finished-at="2020-11-16T19:15:54Z" duration-ms="41533" status="PASS">
          <reporter-output>
          </reporter-output>
        </test-method> <!-- detalhes -->
        <test-method is-config="true" signature="afterClass()[pri:0, instance:com.timp.test.MDR.TabelasApoioESocial.Tabela25.ParâmetrosParaEnvioDeMensagensDetalhes@10f7f7de]" started-at="2020-11-16T19:15:54Z" name="afterClass" finished-at="2020-11-16T19:15:54Z" duration-ms="0" status="PASS">
          <reporter-output>
          </reporter-output>
        </test-method> <!-- afterClass -->
      </class> <!-- com.timp.test.MDR.TabelasApoioESocial.Tabela25.ParâmetrosParaEnvioDeMensagensDetalhes -->
    </test> <!-- Default test -->
  </suite> <!-- Default suite -->
</testng-results>
