<?xml version="1.0" encoding="UTF-8"?>
<testng-results ignored="0" total="2" passed="2" failed="0" skipped="0">
  <reporter-output>
  </reporter-output>
  <suite started-at="2022-10-13T18:44:28 BRT" name="Default suite" finished-at="2022-10-13T18:54:26 BRT" duration-ms="597806">
    <groups>
    </groups>
    <test started-at="2022-10-13T18:44:28 BRT" name="Default test" finished-at="2022-10-13T18:54:26 BRT" duration-ms="597806">
      <class name="com.timp.test.BRB.GruposAvancados">
        <test-method is-config="true" signature="beforeClass()[pri:0, instance:com.timp.test.BRB.GruposAvancados@4b8ee4de]" started-at="2022-10-13T18:44:28 BRT" name="beforeClass" finished-at="2022-10-13T18:45:04 BRT" duration-ms="36005" status="PASS">
          <reporter-output>
          </reporter-output>
        </test-method> <!-- beforeClass -->
        <test-method signature="gruposAvanzados()[pri:0, instance:com.timp.test.BRB.GruposAvancados@4b8ee4de]" started-at="2022-10-13T18:45:04 BRT" name="gruposAvanzados" finished-at="2022-10-13T18:53:28 BRT" duration-ms="503887" status="PASS">
          <reporter-output>
          </reporter-output>
        </test-method> <!-- gruposAvanzados -->
        <test-method signature="eliminarGrupos()[pri:0, instance:com.timp.test.BRB.GruposAvancados@4b8ee4de]" started-at="2022-10-13T18:53:28 BRT" name="eliminarGrupos" finished-at="2022-10-13T18:54:26 BRT" depends-on-methods="com.timp.test.BRB.GruposAvancados.gruposAvanzados" duration-ms="57881" status="PASS">
          <reporter-output>
          </reporter-output>
        </test-method> <!-- eliminarGrupos -->
        <test-method is-config="true" signature="afterClass()[pri:0, instance:com.timp.test.BRB.GruposAvancados@4b8ee4de]" started-at="2022-10-13T18:54:26 BRT" name="afterClass" finished-at="2022-10-13T18:54:26 BRT" duration-ms="0" status="PASS">
          <reporter-output>
          </reporter-output>
        </test-method> <!-- afterClass -->
      </class> <!-- com.timp.test.BRB.GruposAvancados -->
    </test> <!-- Default test -->
  </suite> <!-- Default suite -->
</testng-results>
