<?xml version="1.0" encoding="UTF-8"?>
<testng-results total="3" passed="3" failed="0" skipped="0">
  <reporter-output>
  </reporter-output>
  <suite started-at="2020-10-27T03:46:12Z" name="Default suite" finished-at="2020-10-27T03:47:34Z" duration-ms="81714">
    <groups>
    </groups>
    <test started-at="2020-10-27T03:46:12Z" name="Default test" finished-at="2020-10-27T03:47:34Z" duration-ms="81714">
      <class name="com.timp.test.MDR.TaxasDeAtualização.ConfiguraçãoDeTipoTaxaDeAtualização.ConfiguraçãDeTipoTaxaDeAtualizaçãoExcluir">
        <test-method is-config="true" signature="beforeClass()[pri:0, instance:com.timp.test.MDR.TaxasDeAtualização.ConfiguraçãoDeTipoTaxaDeAtualização.ConfiguraçãDeTipoTaxaDeAtualizaçãoExcluir@7cbd9d24]" started-at="2020-10-26T21:46:12Z" name="beforeClass" finished-at="2020-10-26T21:46:25Z" duration-ms="12561" status="PASS">
          <reporter-output>
          </reporter-output>
        </test-method> <!-- beforeClass -->
        <test-method signature="ingresar()[pri:0, instance:com.timp.test.MDR.TaxasDeAtualização.ConfiguraçãoDeTipoTaxaDeAtualização.ConfiguraçãDeTipoTaxaDeAtualizaçãoExcluir@7cbd9d24]" started-at="2020-10-26T21:46:25Z" name="ingresar" finished-at="2020-10-26T21:46:33Z" duration-ms="8021" status="PASS">
          <reporter-output>
          </reporter-output>
        </test-method> <!-- ingresar -->
        <test-method signature="mdrEntrar()[pri:0, instance:com.timp.test.MDR.TaxasDeAtualização.ConfiguraçãoDeTipoTaxaDeAtualização.ConfiguraçãDeTipoTaxaDeAtualizaçãoExcluir@7cbd9d24]" started-at="2020-10-26T21:46:33Z" name="mdrEntrar" finished-at="2020-10-26T21:46:42Z" duration-ms="9506" status="PASS">
          <reporter-output>
          </reporter-output>
        </test-method> <!-- mdrEntrar -->
        <test-method signature="excluir()[pri:0, instance:com.timp.test.MDR.TaxasDeAtualização.ConfiguraçãoDeTipoTaxaDeAtualização.ConfiguraçãDeTipoTaxaDeAtualizaçãoExcluir@7cbd9d24]" started-at="2020-10-26T21:46:42Z" name="excluir" finished-at="2020-10-26T21:47:34Z" duration-ms="51606" status="PASS">
          <reporter-output>
          </reporter-output>
        </test-method> <!-- excluir -->
        <test-method is-config="true" signature="afterClass()[pri:0, instance:com.timp.test.MDR.TaxasDeAtualização.ConfiguraçãoDeTipoTaxaDeAtualização.ConfiguraçãDeTipoTaxaDeAtualizaçãoExcluir@7cbd9d24]" started-at="2020-10-26T21:47:34Z" name="afterClass" finished-at="2020-10-26T21:47:34Z" duration-ms="0" status="PASS">
          <reporter-output>
          </reporter-output>
        </test-method> <!-- afterClass -->
      </class> <!-- com.timp.test.MDR.TaxasDeAtualização.ConfiguraçãoDeTipoTaxaDeAtualização.ConfiguraçãDeTipoTaxaDeAtualizaçãoExcluir -->
    </test> <!-- Default test -->
  </suite> <!-- Default suite -->
</testng-results>
