<?xml version="1.0" encoding="UTF-8"?>
<testng-results total="3" passed="3" failed="0" skipped="0">
  <reporter-output>
  </reporter-output>
  <suite started-at="2020-11-25T21:09:46Z" name="Default suite" finished-at="2020-11-25T21:13:27Z" duration-ms="221515">
    <groups>
    </groups>
    <test started-at="2020-11-25T21:09:46Z" name="Default test" finished-at="2020-11-25T21:13:27Z" duration-ms="221515">
      <class name="com.timp.test.DFG.Configuracoes.ConfiguracoesCriar">
        <test-method is-config="true" signature="beforeClass()[pri:0, instance:com.timp.test.DFG.Configuracoes.ConfiguracoesCriar@6676f6a0]" started-at="2020-11-25T15:09:46Z" name="beforeClass" finished-at="2020-11-25T15:09:57Z" duration-ms="11380" status="PASS">
          <reporter-output>
          </reporter-output>
        </test-method> <!-- beforeClass -->
        <test-method signature="ingresar()[pri:0, instance:com.timp.test.DFG.Configuracoes.ConfiguracoesCriar@6676f6a0]" started-at="2020-11-25T15:09:57Z" name="ingresar" finished-at="2020-11-25T15:10:07Z" duration-ms="9871" status="PASS">
          <reporter-output>
          </reporter-output>
        </test-method> <!-- ingresar -->
        <test-method signature="mdrEntrar()[pri:0, instance:com.timp.test.DFG.Configuracoes.ConfiguracoesCriar@6676f6a0]" started-at="2020-11-25T15:10:07Z" name="mdrEntrar" finished-at="2020-11-25T15:10:22Z" duration-ms="14536" status="PASS">
          <reporter-output>
          </reporter-output>
        </test-method> <!-- mdrEntrar -->
        <test-method signature="criar()[pri:0, instance:com.timp.test.DFG.Configuracoes.ConfiguracoesCriar@6676f6a0]" started-at="2020-11-25T15:10:22Z" name="criar" finished-at="2020-11-25T15:13:23Z" duration-ms="181367" status="PASS">
          <reporter-output>
          </reporter-output>
        </test-method> <!-- criar -->
        <test-method is-config="true" signature="afterClass()[pri:0, instance:com.timp.test.DFG.Configuracoes.ConfiguracoesCriar@6676f6a0]" started-at="2020-11-25T15:13:23Z" name="afterClass" finished-at="2020-11-25T15:13:27Z" duration-ms="4340" status="PASS">
          <reporter-output>
          </reporter-output>
        </test-method> <!-- afterClass -->
      </class> <!-- com.timp.test.DFG.Configuracoes.ConfiguracoesCriar -->
    </test> <!-- Default test -->
  </suite> <!-- Default suite -->
</testng-results>
