<?xml version="1.0" encoding="UTF-8"?>
<testng-results skipped="0" failed="0" total="1" passed="1">
  <reporter-output>
  </reporter-output>
  <suite name="Default suite" duration-ms="28093" started-at="2020-09-23T16:48:05Z" finished-at="2020-09-23T16:48:34Z">
    <groups>
    </groups>
    <test name="Default test" duration-ms="28093" started-at="2020-09-23T16:48:05Z" finished-at="2020-09-23T16:48:34Z">
      <class name="com.timp.test.ADM.LoginBRB">
        <test-method status="PASS" signature="beforeClass()[pri:0, instance:com.timp.test.ADM.LoginBRB@f2f2cc1]" name="beforeClass" is-config="true" duration-ms="12805" started-at="2020-09-23T10:48:05Z" finished-at="2020-09-23T10:48:18Z">
          <reporter-output>
          </reporter-output>
        </test-method> <!-- beforeClass -->
        <test-method status="PASS" signature="Login()[pri:0, instance:com.timp.test.ADM.LoginBRB@f2f2cc1]" name="Login" duration-ms="15202" started-at="2020-09-23T10:48:18Z" finished-at="2020-09-23T10:48:33Z">
          <reporter-output>
          </reporter-output>
        </test-method> <!-- Login -->
        <test-method status="PASS" signature="afterClass()[pri:0, instance:com.timp.test.ADM.LoginBRB@f2f2cc1]" name="afterClass" is-config="true" duration-ms="73" started-at="2020-09-23T10:48:33Z" finished-at="2020-09-23T10:48:34Z">
          <reporter-output>
          </reporter-output>
        </test-method> <!-- afterClass -->
      </class> <!-- com.timp.test.ADM.LoginBRB -->
    </test> <!-- Default test -->
  </suite> <!-- Default suite -->
</testng-results>
