<?xml version="1.0" encoding="UTF-8"?>
<testng-results total="3" passed="3" failed="0" skipped="0">
  <reporter-output>
  </reporter-output>
  <suite started-at="2021-01-13T03:31:46Z" name="Default suite" finished-at="2021-01-13T03:34:15Z" duration-ms="148935">
    <groups>
    </groups>
    <test started-at="2021-01-13T03:31:46Z" name="Default test" finished-at="2021-01-13T03:34:15Z" duration-ms="148935">
      <class name="com.timp.test.TCC.BancoDeCreditoExtemporaneo.ConfiguracaoEExecucao.ConfiguracaoEExecucacoCriar">
        <test-method is-config="true" signature="beforeClass()[pri:0, instance:com.timp.test.TCC.BancoDeCreditoExtemporaneo.ConfiguracaoEExecucao.ConfiguracaoEExecucacoCriar@5a5338df]" started-at="2021-01-12T21:31:46Z" name="beforeClass" finished-at="2021-01-12T21:32:05Z" duration-ms="19347" status="PASS">
          <reporter-output>
          </reporter-output>
        </test-method> <!-- beforeClass -->
        <test-method signature="login()[pri:0, instance:com.timp.test.TCC.BancoDeCreditoExtemporaneo.ConfiguracaoEExecucao.ConfiguracaoEExecucacoCriar@5a5338df]" started-at="2021-01-12T21:32:05Z" name="login" finished-at="2021-01-12T21:32:15Z" duration-ms="9934" status="PASS">
          <reporter-output>
          </reporter-output>
        </test-method> <!-- login -->
        <test-method signature="acessarTCC()[pri:0, instance:com.timp.test.TCC.BancoDeCreditoExtemporaneo.ConfiguracaoEExecucao.ConfiguracaoEExecucacoCriar@5a5338df]" started-at="2021-01-12T21:32:15Z" name="acessarTCC" finished-at="2021-01-12T21:32:38Z" duration-ms="23168" status="PASS">
          <reporter-output>
          </reporter-output>
        </test-method> <!-- acessarTCC -->
        <test-method signature="criar()[pri:0, instance:com.timp.test.TCC.BancoDeCreditoExtemporaneo.ConfiguracaoEExecucao.ConfiguracaoEExecucacoCriar@5a5338df]" started-at="2021-01-12T21:32:38Z" name="criar" finished-at="2021-01-12T21:34:15Z" duration-ms="96466" status="PASS">
          <reporter-output>
          </reporter-output>
        </test-method> <!-- criar -->
        <test-method is-config="true" signature="afterClass()[pri:0, instance:com.timp.test.TCC.BancoDeCreditoExtemporaneo.ConfiguracaoEExecucao.ConfiguracaoEExecucacoCriar@5a5338df]" started-at="2021-01-12T21:34:15Z" name="afterClass" finished-at="2021-01-12T21:34:15Z" duration-ms="1" status="PASS">
          <reporter-output>
          </reporter-output>
        </test-method> <!-- afterClass -->
      </class> <!-- com.timp.test.TCC.BancoDeCreditoExtemporaneo.ConfiguracaoEExecucao.ConfiguracaoEExecucacoCriar -->
    </test> <!-- Default test -->
  </suite> <!-- Default suite -->
</testng-results>
