<?xml version="1.0" encoding="UTF-8"?>
<testng-results ignored="0" total="1" passed="1" failed="0" skipped="0">
  <reporter-output>
  </reporter-output>
  <suite started-at="2021-06-08T19:34:16Z" name="Default suite" finished-at="2021-06-08T19:38:08Z" duration-ms="231649">
    <groups>
    </groups>
    <test started-at="2021-06-08T19:34:16Z" name="Default test" finished-at="2021-06-08T19:38:08Z" duration-ms="231649">
      <class name="com.timp.test.MDR.RepresentanteLegais.RepresentanteLegaisCriar">
        <test-method is-config="true" signature="beforeClass()[pri:0, instance:com.timp.test.MDR.RepresentanteLegais.RepresentanteLegaisCriar@2d778add]" started-at="2021-06-08T19:34:16Z" name="beforeClass" finished-at="2021-06-08T19:35:01Z" duration-ms="44703" status="PASS">
          <reporter-output>
          </reporter-output>
        </test-method> <!-- beforeClass -->
        <test-method signature="criar()[pri:0, instance:com.timp.test.MDR.RepresentanteLegais.RepresentanteLegaisCriar@2d778add]" started-at="2021-06-08T19:35:01Z" name="criar" finished-at="2021-06-08T19:38:08Z" duration-ms="186934" status="PASS">
          <reporter-output>
          </reporter-output>
        </test-method> <!-- criar -->
        <test-method is-config="true" signature="afterClass()[pri:0, instance:com.timp.test.MDR.RepresentanteLegais.RepresentanteLegaisCriar@2d778add]" started-at="2021-06-08T19:38:08Z" name="afterClass" finished-at="2021-06-08T19:38:08Z" duration-ms="0" status="PASS">
          <reporter-output>
          </reporter-output>
        </test-method> <!-- afterClass -->
      </class> <!-- com.timp.test.MDR.RepresentanteLegais.RepresentanteLegaisCriar -->
    </test> <!-- Default test -->
  </suite> <!-- Default suite -->
</testng-results>
