<?xml version="1.0" encoding="UTF-8"?>
<testng-results skipped="0" failed="0" total="1" passed="1">
  <reporter-output>
  </reporter-output>
  <suite name="Default suite" duration-ms="107570" started-at="2021-02-15T18:08:41Z" finished-at="2021-02-15T18:10:28Z">
    <groups>
    </groups>
    <test name="Default test" duration-ms="107570" started-at="2021-02-15T18:08:41Z" finished-at="2021-02-15T18:10:28Z">
      <class name="com.timp.test.TCC.GestaoDeCreditoTributarioPISCONFINS.ApuracaoDeCreditoTributarioCOFINS.ConfiguracaoEExecucao.RegistroM630.RegistroM630Excluir">
        <test-method status="PASS" signature="beforeClass()[pri:0, instance:com.timp.test.TCC.GestaoDeCreditoTributarioPISCONFINS.ApuracaoDeCreditoTributarioCOFINS.ConfiguracaoEExecucao.RegistroM630.RegistroM630Excluir@f2f2cc1]" name="beforeClass" is-config="true" duration-ms="16325" started-at="2021-02-15T12:08:41Z" finished-at="2021-02-15T12:08:57Z">
          <reporter-output>
          </reporter-output>
        </test-method> <!-- beforeClass -->
        <test-method status="PASS" signature="excluir()[pri:0, instance:com.timp.test.TCC.GestaoDeCreditoTributarioPISCONFINS.ApuracaoDeCreditoTributarioCOFINS.ConfiguracaoEExecucao.RegistroM630.RegistroM630Excluir@f2f2cc1]" name="excluir" duration-ms="86821" started-at="2021-02-15T12:08:57Z" finished-at="2021-02-15T12:10:24Z">
          <reporter-output>
          </reporter-output>
        </test-method> <!-- excluir -->
        <test-method status="PASS" signature="afterClass()[pri:0, instance:com.timp.test.TCC.GestaoDeCreditoTributarioPISCONFINS.ApuracaoDeCreditoTributarioCOFINS.ConfiguracaoEExecucao.RegistroM630.RegistroM630Excluir@f2f2cc1]" name="afterClass" is-config="true" duration-ms="4414" started-at="2021-02-15T12:10:24Z" finished-at="2021-02-15T12:10:28Z">
          <reporter-output>
          </reporter-output>
        </test-method> <!-- afterClass -->
      </class> <!-- com.timp.test.TCC.GestaoDeCreditoTributarioPISCONFINS.ApuracaoDeCreditoTributarioCOFINS.ConfiguracaoEExecucao.RegistroM630.RegistroM630Excluir -->
    </test> <!-- Default test -->
  </suite> <!-- Default suite -->
</testng-results>
