<?xml version="1.0" encoding="UTF-8"?>
<testng-results total="3" passed="3" failed="0" skipped="0">
  <reporter-output>
  </reporter-output>
  <suite started-at="2021-01-25T21:34:57Z" name="Default suite" finished-at="2021-01-25T21:36:40Z" duration-ms="102468">
    <groups>
    </groups>
    <test started-at="2021-01-25T21:34:57Z" name="Default test" finished-at="2021-01-25T21:36:40Z" duration-ms="102468">
      <class name="com.timp.test.MDR.PrecoDeTransferencia.ValoresParaMetodo.ValoresParaMetodoCPL.ValoresParaMetodoCPLEditar">
        <test-method is-config="true" signature="beforeClass()[pri:0, instance:com.timp.test.MDR.PrecoDeTransferencia.ValoresParaMetodo.ValoresParaMetodoCPL.ValoresParaMetodoCPLEditar@5a5338df]" started-at="2021-01-25T15:34:57Z" name="beforeClass" finished-at="2021-01-25T15:35:10Z" duration-ms="12638" status="PASS">
          <reporter-output>
          </reporter-output>
        </test-method> <!-- beforeClass -->
        <test-method signature="login()[pri:0, instance:com.timp.test.MDR.PrecoDeTransferencia.ValoresParaMetodo.ValoresParaMetodoCPL.ValoresParaMetodoCPLEditar@5a5338df]" started-at="2021-01-25T15:35:10Z" name="login" finished-at="2021-01-25T15:35:17Z" duration-ms="7163" status="PASS">
          <reporter-output>
          </reporter-output>
        </test-method> <!-- login -->
        <test-method signature="acessarMDR()[pri:0, instance:com.timp.test.MDR.PrecoDeTransferencia.ValoresParaMetodo.ValoresParaMetodoCPL.ValoresParaMetodoCPLEditar@5a5338df]" started-at="2021-01-25T15:35:17Z" name="acessarMDR" finished-at="2021-01-25T15:35:39Z" duration-ms="22223" status="PASS">
          <reporter-output>
          </reporter-output>
        </test-method> <!-- acessarMDR -->
        <test-method signature="editar()[pri:0, instance:com.timp.test.MDR.PrecoDeTransferencia.ValoresParaMetodo.ValoresParaMetodoCPL.ValoresParaMetodoCPLEditar@5a5338df]" started-at="2021-01-25T15:35:39Z" name="editar" finished-at="2021-01-25T15:36:40Z" duration-ms="60418" status="PASS">
          <reporter-output>
          </reporter-output>
        </test-method> <!-- editar -->
        <test-method is-config="true" signature="afterClass()[pri:0, instance:com.timp.test.MDR.PrecoDeTransferencia.ValoresParaMetodo.ValoresParaMetodoCPL.ValoresParaMetodoCPLEditar@5a5338df]" started-at="2021-01-25T15:36:40Z" name="afterClass" finished-at="2021-01-25T15:36:40Z" duration-ms="0" status="PASS">
          <reporter-output>
          </reporter-output>
        </test-method> <!-- afterClass -->
      </class> <!-- com.timp.test.MDR.PrecoDeTransferencia.ValoresParaMetodo.ValoresParaMetodoCPL.ValoresParaMetodoCPLEditar -->
    </test> <!-- Default test -->
  </suite> <!-- Default suite -->
</testng-results>
