<?xml version="1.0" encoding="UTF-8"?>
<testng-results skipped="0" failed="0" total="3" passed="3">
  <reporter-output>
  </reporter-output>
  <suite name="Default suite" duration-ms="210166" started-at="2020-12-14T15:23:06Z" finished-at="2020-12-14T15:26:36Z">
    <groups>
    </groups>
    <test name="Default test" duration-ms="210166" started-at="2020-12-14T15:23:06Z" finished-at="2020-12-14T15:26:36Z">
      <class name="com.timp.test.DFG.Configuracoes.ConfiguracoesCriar">
        <test-method status="PASS" signature="beforeClass()[pri:0, instance:com.timp.test.DFG.Configuracoes.ConfiguracoesCriar@f2f2cc1]" name="beforeClass" is-config="true" duration-ms="10497" started-at="2020-12-14T09:23:06Z" finished-at="2020-12-14T09:23:16Z">
          <reporter-output>
          </reporter-output>
        </test-method> <!-- beforeClass -->
        <test-method status="PASS" signature="ingresar()[pri:0, instance:com.timp.test.DFG.Configuracoes.ConfiguracoesCriar@f2f2cc1]" name="ingresar" duration-ms="6023" started-at="2020-12-14T09:23:16Z" finished-at="2020-12-14T09:23:22Z">
          <reporter-output>
          </reporter-output>
        </test-method> <!-- ingresar -->
        <test-method status="PASS" signature="mdrEntrar()[pri:0, instance:com.timp.test.DFG.Configuracoes.ConfiguracoesCriar@f2f2cc1]" name="mdrEntrar" duration-ms="13999" started-at="2020-12-14T09:23:22Z" finished-at="2020-12-14T09:23:36Z">
          <reporter-output>
          </reporter-output>
        </test-method> <!-- mdrEntrar -->
        <test-method status="PASS" signature="criar()[pri:0, instance:com.timp.test.DFG.Configuracoes.ConfiguracoesCriar@f2f2cc1]" name="criar" duration-ms="179635" started-at="2020-12-14T09:23:36Z" finished-at="2020-12-14T09:26:36Z">
          <reporter-output>
          </reporter-output>
        </test-method> <!-- criar -->
        <test-method status="PASS" signature="afterClass()[pri:0, instance:com.timp.test.DFG.Configuracoes.ConfiguracoesCriar@f2f2cc1]" name="afterClass" is-config="true" duration-ms="0" started-at="2020-12-14T09:26:36Z" finished-at="2020-12-14T09:26:36Z">
          <reporter-output>
          </reporter-output>
        </test-method> <!-- afterClass -->
      </class> <!-- com.timp.test.DFG.Configuracoes.ConfiguracoesCriar -->
    </test> <!-- Default test -->
  </suite> <!-- Default suite -->
</testng-results>
