<?xml version="1.0" encoding="UTF-8"?>
<testng-results ignored="0" total="3" passed="3" failed="0" skipped="0">
  <reporter-output>
  </reporter-output>
  <suite started-at="2021-02-19T13:34:07Z" name="Default suite" finished-at="2021-02-19T13:40:39Z" duration-ms="392169">
    <groups>
    </groups>
    <test started-at="2021-02-19T13:34:07Z" name="Default test" finished-at="2021-02-19T13:40:39Z" duration-ms="392169">
      <class name="com.timp.test.BPMA.Processo.ParametrosGerais.ParametrosGeraisCriarProcesoRecorrente">
        <test-method is-config="true" signature="beforeClass()[pri:0, instance:com.timp.test.BPMA.Processo.ParametrosGerais.ParametrosGeraisCriarProcesoRecorrente@cc43f62]" started-at="2021-02-19T13:34:07Z" name="beforeClass" finished-at="2021-02-19T13:34:23Z" duration-ms="15962" status="PASS">
          <reporter-output>
          </reporter-output>
        </test-method> <!-- beforeClass -->
        <test-method signature="login()[pri:0, instance:com.timp.test.BPMA.Processo.ParametrosGerais.ParametrosGeraisCriarProcesoRecorrente@cc43f62]" started-at="2021-02-19T13:34:23Z" name="login" finished-at="2021-02-19T13:34:36Z" duration-ms="13651" status="PASS">
          <reporter-output>
          </reporter-output>
        </test-method> <!-- login -->
        <test-method signature="BPMAEntrar()[pri:1, instance:com.timp.test.BPMA.Processo.ParametrosGerais.ParametrosGeraisCriarProcesoRecorrente@cc43f62]" started-at="2021-02-19T13:34:36Z" name="BPMAEntrar" finished-at="2021-02-19T13:36:44Z" duration-ms="127537" status="PASS">
          <reporter-output>
          </reporter-output>
        </test-method> <!-- BPMAEntrar -->
        <test-method signature="criar()[pri:1, instance:com.timp.test.BPMA.Processo.ParametrosGerais.ParametrosGeraisCriarProcesoRecorrente@cc43f62]" started-at="2021-02-19T13:36:44Z" name="criar" finished-at="2021-02-19T13:40:39Z" duration-ms="234984" status="PASS">
          <reporter-output>
          </reporter-output>
        </test-method> <!-- criar -->
        <test-method is-config="true" signature="afterClass()[pri:0, instance:com.timp.test.BPMA.Processo.ParametrosGerais.ParametrosGeraisCriarProcesoRecorrente@cc43f62]" started-at="2021-02-19T13:40:39Z" name="afterClass" finished-at="2021-02-19T13:40:39Z" duration-ms="1" status="PASS">
          <reporter-output>
          </reporter-output>
        </test-method> <!-- afterClass -->
      </class> <!-- com.timp.test.BPMA.Processo.ParametrosGerais.ParametrosGeraisCriarProcesoRecorrente -->
    </test> <!-- Default test -->
  </suite> <!-- Default suite -->
</testng-results>
