<?xml version="1.0" encoding="UTF-8"?>
<testng-results skipped="0" failed="0" total="3" passed="3">
  <reporter-output>
  </reporter-output>
  <suite name="Default suite" duration-ms="113804" started-at="2020-10-19T22:13:43Z" finished-at="2020-10-19T22:15:36Z">
    <groups>
    </groups>
    <test name="Default test" duration-ms="113804" started-at="2020-10-19T22:13:43Z" finished-at="2020-10-19T22:15:36Z">
      <class name="com.timp.test.MDR.TabelasApoioESocial.Tabela14.AgenteCausadorDeAcidenteExcluir">
        <test-method status="PASS" signature="beforeClass()[pri:0, instance:com.timp.test.MDR.TabelasApoioESocial.Tabela14.AgenteCausadorDeAcidenteExcluir@f2f2cc1]" name="beforeClass" is-config="true" duration-ms="11044" started-at="2020-10-19T16:13:43Z" finished-at="2020-10-19T16:13:54Z">
          <reporter-output>
          </reporter-output>
        </test-method> <!-- beforeClass -->
        <test-method status="PASS" signature="login()[pri:0, instance:com.timp.test.MDR.TabelasApoioESocial.Tabela14.AgenteCausadorDeAcidenteExcluir@f2f2cc1]" name="login" duration-ms="6641" started-at="2020-10-19T16:13:54Z" finished-at="2020-10-19T16:14:00Z">
          <reporter-output>
          </reporter-output>
        </test-method> <!-- login -->
        <test-method status="PASS" signature="acessarMDR()[pri:0, instance:com.timp.test.MDR.TabelasApoioESocial.Tabela14.AgenteCausadorDeAcidenteExcluir@f2f2cc1]" name="acessarMDR" duration-ms="22141" started-at="2020-10-19T16:14:00Z" finished-at="2020-10-19T16:14:22Z">
          <reporter-output>
          </reporter-output>
        </test-method> <!-- acessarMDR -->
        <test-method status="PASS" signature="excluirr()[pri:0, instance:com.timp.test.MDR.TabelasApoioESocial.Tabela14.AgenteCausadorDeAcidenteExcluir@f2f2cc1]" name="excluirr" duration-ms="73917" started-at="2020-10-19T16:14:22Z" finished-at="2020-10-19T16:15:36Z">
          <reporter-output>
          </reporter-output>
        </test-method> <!-- excluirr -->
        <test-method status="PASS" signature="afterClass()[pri:0, instance:com.timp.test.MDR.TabelasApoioESocial.Tabela14.AgenteCausadorDeAcidenteExcluir@f2f2cc1]" name="afterClass" is-config="true" duration-ms="46" started-at="2020-10-19T16:15:36Z" finished-at="2020-10-19T16:15:36Z">
          <reporter-output>
          </reporter-output>
        </test-method> <!-- afterClass -->
      </class> <!-- com.timp.test.MDR.TabelasApoioESocial.Tabela14.AgenteCausadorDeAcidenteExcluir -->
    </test> <!-- Default test -->
  </suite> <!-- Default suite -->
</testng-results>
