<?xml version="1.0" encoding="UTF-8"?>
<testng-results ignored="0" total="8" passed="8" failed="0" skipped="0">
  <reporter-output>
  </reporter-output>
  <suite started-at="2021-04-23T03:36:31Z" name="Default suite" finished-at="2021-04-23T03:45:03Z" duration-ms="511846">
    <groups>
    </groups>
    <test started-at="2021-04-23T03:36:31Z" name="Default test" finished-at="2021-04-23T03:45:03Z" duration-ms="511846">
      <class name="com.timp.test.BCB.Demais.HierarquiaConfiguracao.DemaisHierarquiaConfiguracaoTodasAsFuncionalidadesParte2">
        <test-method is-config="true" signature="beforeClass()[pri:0, instance:com.timp.test.BCB.Demais.HierarquiaConfiguracao.DemaisHierarquiaConfiguracaoTodasAsFuncionalidadesParte2@3f67593e]" started-at="2021-04-23T03:36:31Z" name="beforeClass" finished-at="2021-04-23T03:37:03Z" duration-ms="32701" status="PASS">
          <reporter-output>
          </reporter-output>
        </test-method> <!-- beforeClass -->
        <test-method signature="login()[pri:0, instance:com.timp.test.BCB.Demais.HierarquiaConfiguracao.DemaisHierarquiaConfiguracaoTodasAsFuncionalidadesParte2@3f67593e]" started-at="2021-04-23T03:37:03Z" name="login" finished-at="2021-04-23T03:37:14Z" duration-ms="10943" status="PASS">
          <reporter-output>
          </reporter-output>
        </test-method> <!-- login -->
        <test-method signature="brbEntrar()[pri:1, instance:com.timp.test.BCB.Demais.HierarquiaConfiguracao.DemaisHierarquiaConfiguracaoTodasAsFuncionalidadesParte2@3f67593e]" started-at="2021-04-23T03:37:14Z" name="brbEntrar" finished-at="2021-04-23T03:37:39Z" duration-ms="24299" status="PASS">
          <reporter-output>
          </reporter-output>
        </test-method> <!-- brbEntrar -->
        <test-method signature="ejecutarFinal()[pri:1, instance:com.timp.test.BCB.Demais.HierarquiaConfiguracao.DemaisHierarquiaConfiguracaoTodasAsFuncionalidadesParte2@3f67593e]" started-at="2021-04-23T03:37:39Z" name="ejecutarFinal" finished-at="2021-04-23T03:40:40Z" duration-ms="180812" status="PASS">
          <reporter-output>
          </reporter-output>
        </test-method> <!-- ejecutarFinal -->
        <test-method signature="relacionamentoFinalyAbrirHierarquiaGrupo()[pri:2, instance:com.timp.test.BCB.Demais.HierarquiaConfiguracao.DemaisHierarquiaConfiguracaoTodasAsFuncionalidadesParte2@3f67593e]" started-at="2021-04-23T03:40:40Z" name="relacionamentoFinalyAbrirHierarquiaGrupo" finished-at="2021-04-23T03:40:55Z" duration-ms="15880" status="PASS">
          <reporter-output>
          </reporter-output>
        </test-method> <!-- relacionamentoFinalyAbrirHierarquiaGrupo -->
        <test-method signature="excluirConfiguracoes2()[pri:3, instance:com.timp.test.BCB.Demais.HierarquiaConfiguracao.DemaisHierarquiaConfiguracaoTodasAsFuncionalidadesParte2@3f67593e]" started-at="2021-04-23T03:40:55Z" name="excluirConfiguracoes2" finished-at="2021-04-23T03:41:57Z" duration-ms="61116" status="PASS">
          <reporter-output>
          </reporter-output>
        </test-method> <!-- excluirConfiguracoes2 -->
        <test-method signature="excluirConfiguracoes1()[pri:4, instance:com.timp.test.BCB.Demais.HierarquiaConfiguracao.DemaisHierarquiaConfiguracaoTodasAsFuncionalidadesParte2@3f67593e]" started-at="2021-04-23T03:41:57Z" name="excluirConfiguracoes1" finished-at="2021-04-23T03:43:08Z" duration-ms="71077" status="PASS">
          <reporter-output>
          </reporter-output>
        </test-method> <!-- excluirConfiguracoes1 -->
        <test-method signature="excluirHierarquia2()[pri:4, instance:com.timp.test.BCB.Demais.HierarquiaConfiguracao.DemaisHierarquiaConfiguracaoTodasAsFuncionalidadesParte2@3f67593e]" started-at="2021-04-23T03:43:08Z" name="excluirHierarquia2" finished-at="2021-04-23T03:44:08Z" duration-ms="60642" status="PASS">
          <reporter-output>
          </reporter-output>
        </test-method> <!-- excluirHierarquia2 -->
        <test-method signature="excluirHierarquia1()[pri:6, instance:com.timp.test.BCB.Demais.HierarquiaConfiguracao.DemaisHierarquiaConfiguracaoTodasAsFuncionalidadesParte2@3f67593e]" started-at="2021-04-23T03:44:08Z" name="excluirHierarquia1" finished-at="2021-04-23T03:45:03Z" duration-ms="54332" status="PASS">
          <reporter-output>
          </reporter-output>
        </test-method> <!-- excluirHierarquia1 -->
        <test-method is-config="true" signature="afterClass()[pri:0, instance:com.timp.test.BCB.Demais.HierarquiaConfiguracao.DemaisHierarquiaConfiguracaoTodasAsFuncionalidadesParte2@3f67593e]" started-at="2021-04-23T03:45:03Z" name="afterClass" finished-at="2021-04-23T03:45:03Z" duration-ms="1" status="PASS">
          <reporter-output>
          </reporter-output>
        </test-method> <!-- afterClass -->
      </class> <!-- com.timp.test.BCB.Demais.HierarquiaConfiguracao.DemaisHierarquiaConfiguracaoTodasAsFuncionalidadesParte2 -->
    </test> <!-- Default test -->
  </suite> <!-- Default suite -->
</testng-results>
