<?xml version="1.0" encoding="UTF-8"?>
<testng-results total="3" passed="3" failed="0" skipped="0">
  <reporter-output>
  </reporter-output>
  <suite started-at="2021-02-01T15:54:00Z" name="Default suite" finished-at="2021-02-01T16:01:34Z" duration-ms="453615">
    <groups>
    </groups>
    <test started-at="2021-02-01T15:54:00Z" name="Default test" finished-at="2021-02-01T16:01:34Z" duration-ms="453615">
      <class name="com.timp.test.TDK.Dashboard.Edicao.DashboardEdiçãoGráfico">
        <test-method is-config="true" signature="beforeClass()[pri:0, instance:com.timp.test.TDK.Dashboard.Edicao.DashboardEdiçãoGráfico@76b1e9b8]" started-at="2021-02-01T12:54:00Z" name="beforeClass" finished-at="2021-02-01T12:54:14Z" duration-ms="14101" status="PASS">
          <reporter-output>
          </reporter-output>
        </test-method> <!-- beforeClass -->
        <test-method signature="login()[pri:0, instance:com.timp.test.TDK.Dashboard.Edicao.DashboardEdiçãoGráfico@76b1e9b8]" started-at="2021-02-01T12:54:14Z" name="login" finished-at="2021-02-01T12:54:23Z" duration-ms="9149" status="PASS">
          <reporter-output>
          </reporter-output>
        </test-method> <!-- login -->
        <test-method signature="acessarTDK()[pri:0, instance:com.timp.test.TDK.Dashboard.Edicao.DashboardEdiçãoGráfico@76b1e9b8]" started-at="2021-02-01T12:54:23Z" name="acessarTDK" finished-at="2021-02-01T12:54:48Z" duration-ms="24800" status="PASS">
          <reporter-output>
          </reporter-output>
        </test-method> <!-- acessarTDK -->
        <test-method signature="editar()[pri:0, instance:com.timp.test.TDK.Dashboard.Edicao.DashboardEdiçãoGráfico@76b1e9b8]" started-at="2021-02-01T12:54:48Z" name="editar" finished-at="2021-02-01T13:01:34Z" duration-ms="405552" status="PASS">
          <reporter-output>
          </reporter-output>
        </test-method> <!-- editar -->
        <test-method is-config="true" signature="afterClass()[pri:0, instance:com.timp.test.TDK.Dashboard.Edicao.DashboardEdiçãoGráfico@76b1e9b8]" started-at="2021-02-01T13:01:34Z" name="afterClass" finished-at="2021-02-01T13:01:34Z" duration-ms="0" status="PASS">
          <reporter-output>
          </reporter-output>
        </test-method> <!-- afterClass -->
      </class> <!-- com.timp.test.TDK.Dashboard.Edicao.DashboardEdiçãoGráfico -->
    </test> <!-- Default test -->
  </suite> <!-- Default suite -->
</testng-results>
