<?xml version="1.0" encoding="UTF-8"?>
<testng-results total="47" passed="45" failed="2" skipped="0">
  <reporter-output>
  </reporter-output>
  <suite started-at="2021-02-19T12:14:16Z" name="Default suite" finished-at="2021-02-19T13:33:05Z" duration-ms="4728243">
    <groups>
    </groups>
    <test started-at="2021-02-19T12:14:16Z" name="Default test" finished-at="2021-02-19T13:33:05Z" duration-ms="4728243">
      <class name="com.timp.test.MDR.Automacoes.AutomacoesMDR12">
        <test-method signature="tabelaCodigoDaSituaçaoTributariaCriar()[pri:0, instance:com.timp.test.MDR.Automacoes.AutomacoesMDR12@57250572]" started-at="2021-02-19T09:14:16Z" name="tabelaCodigoDaSituaçaoTributariaCriar" finished-at="2021-02-19T09:15:53Z" duration-ms="96900" status="PASS">
          <reporter-output>
          </reporter-output>
        </test-method> <!-- tabelaCodigoDaSituaçaoTributariaCriar -->
        <test-method signature="tabelaCodigoDaSituaçaoTributariaEditar()[pri:0, instance:com.timp.test.MDR.Automacoes.AutomacoesMDR12@57250572]" started-at="2021-02-19T09:15:53Z" name="tabelaCodigoDaSituaçaoTributariaEditar" finished-at="2021-02-19T09:17:37Z" duration-ms="104118" status="PASS">
          <reporter-output>
          </reporter-output>
        </test-method> <!-- tabelaCodigoDaSituaçaoTributariaEditar -->
        <test-method signature="tabelaCodigoDaSituaçaoTributariaVisualizar()[pri:0, instance:com.timp.test.MDR.Automacoes.AutomacoesMDR12@57250572]" started-at="2021-02-19T09:17:37Z" name="tabelaCodigoDaSituaçaoTributariaVisualizar" finished-at="2021-02-19T09:19:02Z" duration-ms="84931" status="PASS">
          <reporter-output>
          </reporter-output>
        </test-method> <!-- tabelaCodigoDaSituaçaoTributariaVisualizar -->
        <test-method signature="tabelaCodigoDaSituaçaoTributariaDetalhes()[pri:0, instance:com.timp.test.MDR.Automacoes.AutomacoesMDR12@57250572]" started-at="2021-02-19T09:19:02Z" name="tabelaCodigoDaSituaçaoTributariaDetalhes" finished-at="2021-02-19T09:20:26Z" duration-ms="84226" status="PASS">
          <reporter-output>
          </reporter-output>
        </test-method> <!-- tabelaCodigoDaSituaçaoTributariaDetalhes -->
        <test-method signature="tabelaCodigoDaSituaçaoTributariaExcluir()[pri:0, instance:com.timp.test.MDR.Automacoes.AutomacoesMDR12@57250572]" started-at="2021-02-19T09:20:26Z" name="tabelaCodigoDaSituaçaoTributariaExcluir" finished-at="2021-02-19T09:21:29Z" duration-ms="62205" status="FAIL">
          <exception class="org.openqa.selenium.NoSuchElementException">
            <message>
              <![CDATA[no such element: Unable to locate element: {"method":"xpath","selector":"//button[text()="Aceitar"]"}
  (Session info: chrome=83.0.4103.106)
For documentation on this error, please visit: https://www.seleniumhq.org/exceptions/no_such_element.html
Build info: version: '3.141.59', revision: 'e82be7d358', time: '2018-11-14T08:17:03'
System info: host: 'CRISTHIAN-VASQU', ip: '192.168.254.1', os.name: 'Windows 10', os.arch: 'amd64', os.version: '10.0', java.version: '11.0.8'
Driver info: org.openqa.selenium.chrome.ChromeDriver
Capabilities {acceptInsecureCerts: false, browserName: chrome, browserVersion: 83.0.4103.106, chrome: {chromedriverVersion: 83.0.4103.39 (ccbf011cb2d2b..., userDataDir: C:\Users\CRISTH~1\AppData\L...}, goog:chromeOptions: {debuggerAddress: localhost:59799}, javascriptEnabled: true, networkConnectionEnabled: false, pageLoadStrategy: normal, platform: WINDOWS, platformName: WINDOWS, proxy: Proxy(), setWindowRect: true, strictFileInteractability: false, timeouts: {implicit: 0, pageLoad: 300000, script: 30000}, unhandledPromptBehavior: dismiss and notify, webauthn:virtualAuthenticators: true}
Session ID: 63ceecfa9ad4df0550e28669f3b7e394
*** Element info: {Using=xpath, value=//button[text()="Aceitar"]}]]>
            </message>
            <full-stacktrace>
              <![CDATA[org.openqa.selenium.NoSuchElementException: no such element: Unable to locate element: {"method":"xpath","selector":"//button[text()="Aceitar"]"}
  (Session info: chrome=83.0.4103.106)
For documentation on this error, please visit: https://www.seleniumhq.org/exceptions/no_such_element.html
Build info: version: '3.141.59', revision: 'e82be7d358', time: '2018-11-14T08:17:03'
System info: host: 'CRISTHIAN-VASQU', ip: '192.168.254.1', os.name: 'Windows 10', os.arch: 'amd64', os.version: '10.0', java.version: '11.0.8'
Driver info: org.openqa.selenium.chrome.ChromeDriver
Capabilities {acceptInsecureCerts: false, browserName: chrome, browserVersion: 83.0.4103.106, chrome: {chromedriverVersion: 83.0.4103.39 (ccbf011cb2d2b..., userDataDir: C:\Users\CRISTH~1\AppData\L...}, goog:chromeOptions: {debuggerAddress: localhost:59799}, javascriptEnabled: true, networkConnectionEnabled: false, pageLoadStrategy: normal, platform: WINDOWS, platformName: WINDOWS, proxy: Proxy(), setWindowRect: true, strictFileInteractability: false, timeouts: {implicit: 0, pageLoad: 300000, script: 30000}, unhandledPromptBehavior: dismiss and notify, webauthn:virtualAuthenticators: true}
Session ID: 63ceecfa9ad4df0550e28669f3b7e394
*** Element info: {Using=xpath, value=//button[text()="Aceitar"]}
	at jdk.internal.reflect.GeneratedConstructorAccessor13.newInstance(Unknown Source)
	at java.base/jdk.internal.reflect.DelegatingConstructorAccessorImpl.newInstance(DelegatingConstructorAccessorImpl.java:45)
	at java.base/java.lang.reflect.Constructor.newInstance(Constructor.java:490)
	at org.openqa.selenium.remote.http.W3CHttpResponseCodec.createException(W3CHttpResponseCodec.java:187)
	at org.openqa.selenium.remote.http.W3CHttpResponseCodec.decode(W3CHttpResponseCodec.java:122)
	at org.openqa.selenium.remote.http.W3CHttpResponseCodec.decode(W3CHttpResponseCodec.java:49)
	at org.openqa.selenium.remote.HttpCommandExecutor.execute(HttpCommandExecutor.java:158)
	at org.openqa.selenium.remote.service.DriverCommandExecutor.execute(DriverCommandExecutor.java:83)
	at org.openqa.selenium.remote.RemoteWebDriver.execute(RemoteWebDriver.java:552)
	at org.openqa.selenium.remote.RemoteWebDriver.findElement(RemoteWebDriver.java:323)
	at org.openqa.selenium.remote.RemoteWebDriver.findElementByXPath(RemoteWebDriver.java:428)
	at org.openqa.selenium.By$ByXPath.findElement(By.java:353)
	at org.openqa.selenium.remote.RemoteWebDriver.findElement(RemoteWebDriver.java:315)
	at org.openqa.selenium.support.pagefactory.DefaultElementLocator.findElement(DefaultElementLocator.java:69)
	at org.openqa.selenium.support.pagefactory.internal.LocatingElementHandler.invoke(LocatingElementHandler.java:38)
	at com.sun.proxy.$Proxy10.click(Unknown Source)
	at com.sap.timp.pageObjectModel.MDR.TabelasApoioSped.TabelaCodigoDaSituaçaoTributaria.TabelaCodigoDaSituaçaoTributariaExcluirPO.excluir(TabelaCodigoDaSituaçaoTributariaExcluirPO.java:96)
	at com.timp.test.MDR.TabelasApoioSped.TabelaCodigoDaSituaçaoTributaria.TabelaCodigoDaSituaçaoTributariaExcluir.excluir(TabelaCodigoDaSituaçaoTributariaExcluir.java:53)
	at com.timp.test.MDR.Automacoes.AutomacoesMDR12.tabelaCodigoDaSituaçaoTributariaExcluir(AutomacoesMDR12.java:211)
	at java.base/jdk.internal.reflect.NativeMethodAccessorImpl.invoke0(Native Method)
	at java.base/jdk.internal.reflect.NativeMethodAccessorImpl.invoke(NativeMethodAccessorImpl.java:62)
	at java.base/jdk.internal.reflect.DelegatingMethodAccessorImpl.invoke(DelegatingMethodAccessorImpl.java:43)
	at java.base/java.lang.reflect.Method.invoke(Method.java:566)
	at org.testng.internal.MethodInvocationHelper.invokeMethod(MethodInvocationHelper.java:80)
	at org.testng.internal.Invoker.invokeMethod(Invoker.java:714)
	at org.testng.internal.Invoker.invokeTestMethod(Invoker.java:901)
	at org.testng.internal.Invoker.invokeTestMethods(Invoker.java:1231)
	at org.testng.internal.TestMethodWorker.invokeTestMethods(TestMethodWorker.java:127)
	at org.testng.internal.TestMethodWorker.run(TestMethodWorker.java:111)
	at org.testng.TestRunner.privateRun(TestRunner.java:767)
	at org.testng.TestRunner.run(TestRunner.java:617)
	at org.testng.SuiteRunner.runTest(SuiteRunner.java:334)
	at org.testng.SuiteRunner.runSequentially(SuiteRunner.java:329)
	at org.testng.SuiteRunner.privateRun(SuiteRunner.java:291)
	at org.testng.SuiteRunner.run(SuiteRunner.java:240)
	at org.testng.SuiteRunnerWorker.runSuite(SuiteRunnerWorker.java:52)
	at org.testng.SuiteRunnerWorker.run(SuiteRunnerWorker.java:86)
	at org.testng.TestNG.runSuitesSequentially(TestNG.java:1198)
	at org.testng.TestNG.runSuitesLocally(TestNG.java:1123)
	at org.testng.TestNG.run(TestNG.java:1031)
	at org.testng.remote.AbstractRemoteTestNG.run(AbstractRemoteTestNG.java:115)
	at org.testng.remote.RemoteTestNG.initAndRun(RemoteTestNG.java:251)
	at org.testng.remote.RemoteTestNG.main(RemoteTestNG.java:77)
]]>
            </full-stacktrace>
          </exception> <!-- org.openqa.selenium.NoSuchElementException -->
          <reporter-output>
          </reporter-output>
        </test-method> <!-- tabelaCodigoDaSituaçaoTributariaExcluir -->
        <test-method signature="tiposDeUtilizacaoDosCreditosFiscaisCriar()[pri:0, instance:com.timp.test.MDR.Automacoes.AutomacoesMDR12@57250572]" started-at="2021-02-19T09:21:29Z" name="tiposDeUtilizacaoDosCreditosFiscaisCriar" finished-at="2021-02-19T09:23:02Z" duration-ms="93507" status="PASS">
          <reporter-output>
          </reporter-output>
        </test-method> <!-- tiposDeUtilizacaoDosCreditosFiscaisCriar -->
        <test-method signature="tiposDeUtilizacaoDosCreditosFiscaisEditar()[pri:0, instance:com.timp.test.MDR.Automacoes.AutomacoesMDR12@57250572]" started-at="2021-02-19T09:23:02Z" name="tiposDeUtilizacaoDosCreditosFiscaisEditar" finished-at="2021-02-19T09:25:01Z" duration-ms="119072" status="PASS">
          <reporter-output>
          </reporter-output>
        </test-method> <!-- tiposDeUtilizacaoDosCreditosFiscaisEditar -->
        <test-method signature="tiposDeUtilizacaoDosCreditosFiscaisVisualizar()[pri:0, instance:com.timp.test.MDR.Automacoes.AutomacoesMDR12@57250572]" started-at="2021-02-19T09:25:01Z" name="tiposDeUtilizacaoDosCreditosFiscaisVisualizar" finished-at="2021-02-19T09:26:30Z" duration-ms="88623" status="PASS">
          <reporter-output>
          </reporter-output>
        </test-method> <!-- tiposDeUtilizacaoDosCreditosFiscaisVisualizar -->
        <test-method signature="tiposDeUtilizacaoDosCreditosFiscaisDetalhes()[pri:0, instance:com.timp.test.MDR.Automacoes.AutomacoesMDR12@57250572]" started-at="2021-02-19T09:26:30Z" name="tiposDeUtilizacaoDosCreditosFiscaisDetalhes" finished-at="2021-02-19T09:27:49Z" duration-ms="79027" status="PASS">
          <reporter-output>
          </reporter-output>
        </test-method> <!-- tiposDeUtilizacaoDosCreditosFiscaisDetalhes -->
        <test-method signature="tiposDeUtilizacaoDosCreditosFiscaisExcluir()[pri:0, instance:com.timp.test.MDR.Automacoes.AutomacoesMDR12@57250572]" started-at="2021-02-19T09:27:49Z" name="tiposDeUtilizacaoDosCreditosFiscaisExcluir" finished-at="2021-02-19T09:29:20Z" duration-ms="90665" status="PASS">
          <reporter-output>
          </reporter-output>
        </test-method> <!-- tiposDeUtilizacaoDosCreditosFiscaisExcluir -->
        <test-method signature="agrupadorDeCFOPCriar()[pri:0, instance:com.timp.test.MDR.Automacoes.AutomacoesMDR12@57250572]" started-at="2021-02-19T09:29:20Z" name="agrupadorDeCFOPCriar" finished-at="2021-02-19T09:31:47Z" duration-ms="147790" status="PASS">
          <reporter-output>
          </reporter-output>
        </test-method> <!-- agrupadorDeCFOPCriar -->
        <test-method signature="agrupadorDeCFOPEditar()[pri:0, instance:com.timp.test.MDR.Automacoes.AutomacoesMDR12@57250572]" started-at="2021-02-19T09:31:47Z" name="agrupadorDeCFOPEditar" finished-at="2021-02-19T09:33:30Z" duration-ms="102804" status="PASS">
          <reporter-output>
          </reporter-output>
        </test-method> <!-- agrupadorDeCFOPEditar -->
        <test-method signature="agrupadorDeCFOPVisualizar()[pri:0, instance:com.timp.test.MDR.Automacoes.AutomacoesMDR12@57250572]" started-at="2021-02-19T09:33:30Z" name="agrupadorDeCFOPVisualizar" finished-at="2021-02-19T09:35:01Z" duration-ms="90627" status="PASS">
          <reporter-output>
          </reporter-output>
        </test-method> <!-- agrupadorDeCFOPVisualizar -->
        <test-method signature="agrupadorDeCFOPDetalhes()[pri:0, instance:com.timp.test.MDR.Automacoes.AutomacoesMDR12@57250572]" started-at="2021-02-19T09:35:01Z" name="agrupadorDeCFOPDetalhes" finished-at="2021-02-19T09:36:27Z" duration-ms="85775" status="PASS">
          <reporter-output>
          </reporter-output>
        </test-method> <!-- agrupadorDeCFOPDetalhes -->
        <test-method signature="agrupadorDeCFOPExcluir()[pri:0, instance:com.timp.test.MDR.Automacoes.AutomacoesMDR12@57250572]" started-at="2021-02-19T09:36:27Z" name="agrupadorDeCFOPExcluir" finished-at="2021-02-19T09:38:07Z" duration-ms="100840" status="PASS">
          <reporter-output>
          </reporter-output>
        </test-method> <!-- agrupadorDeCFOPExcluir -->
        <test-method signature="agrupadorDeCFOPExcluirEmMassa()[pri:0, instance:com.timp.test.MDR.Automacoes.AutomacoesMDR12@57250572]" started-at="2021-02-19T09:38:07Z" name="agrupadorDeCFOPExcluirEmMassa" finished-at="2021-02-19T09:40:29Z" duration-ms="141816" status="PASS">
          <reporter-output>
          </reporter-output>
        </test-method> <!-- agrupadorDeCFOPExcluirEmMassa -->
        <test-method signature="atribuicaoMunicipioEstadoCriar()[pri:0, instance:com.timp.test.MDR.Automacoes.AutomacoesMDR12@57250572]" started-at="2021-02-19T09:40:29Z" name="atribuicaoMunicipioEstadoCriar" finished-at="2021-02-19T09:41:59Z" duration-ms="90084" status="PASS">
          <reporter-output>
          </reporter-output>
        </test-method> <!-- atribuicaoMunicipioEstadoCriar -->
        <test-method signature="atribuicaoMunicipioEstadoEditar()[pri:0, instance:com.timp.test.MDR.Automacoes.AutomacoesMDR12@57250572]" started-at="2021-02-19T09:41:59Z" name="atribuicaoMunicipioEstadoEditar" finished-at="2021-02-19T09:43:34Z" duration-ms="94701" status="PASS">
          <reporter-output>
          </reporter-output>
        </test-method> <!-- atribuicaoMunicipioEstadoEditar -->
        <test-method signature="atribuicaoMunicipioEstadoVisualizar()[pri:0, instance:com.timp.test.MDR.Automacoes.AutomacoesMDR12@57250572]" started-at="2021-02-19T09:43:34Z" name="atribuicaoMunicipioEstadoVisualizar" finished-at="2021-02-19T09:45:01Z" duration-ms="87215" status="PASS">
          <reporter-output>
          </reporter-output>
        </test-method> <!-- atribuicaoMunicipioEstadoVisualizar -->
        <test-method signature="atribuicaoMunicipioEstadoDetalhes()[pri:0, instance:com.timp.test.MDR.Automacoes.AutomacoesMDR12@57250572]" started-at="2021-02-19T09:45:01Z" name="atribuicaoMunicipioEstadoDetalhes" finished-at="2021-02-19T09:46:21Z" duration-ms="79614" status="PASS">
          <reporter-output>
          </reporter-output>
        </test-method> <!-- atribuicaoMunicipioEstadoDetalhes -->
        <test-method signature="atribuicaoMunicipioEstadoExcluir()[pri:0, instance:com.timp.test.MDR.Automacoes.AutomacoesMDR12@57250572]" started-at="2021-02-19T09:46:21Z" name="atribuicaoMunicipioEstadoExcluir" finished-at="2021-02-19T09:47:45Z" duration-ms="83873" status="PASS">
          <reporter-output>
          </reporter-output>
        </test-method> <!-- atribuicaoMunicipioEstadoExcluir -->
        <test-method signature="atribuicaoMunicipioEstadoExcluirEmMassa()[pri:0, instance:com.timp.test.MDR.Automacoes.AutomacoesMDR12@57250572]" started-at="2021-02-19T09:47:45Z" name="atribuicaoMunicipioEstadoExcluirEmMassa" finished-at="2021-02-19T09:50:00Z" duration-ms="135239" status="PASS">
          <reporter-output>
          </reporter-output>
        </test-method> <!-- atribuicaoMunicipioEstadoExcluirEmMassa -->
        <test-method signature="codigoDeMotivosDeAjustesCriar()[pri:0, instance:com.timp.test.MDR.Automacoes.AutomacoesMDR12@57250572]" started-at="2021-02-19T09:50:00Z" name="codigoDeMotivosDeAjustesCriar" finished-at="2021-02-19T09:51:40Z" duration-ms="100140" status="PASS">
          <reporter-output>
          </reporter-output>
        </test-method> <!-- codigoDeMotivosDeAjustesCriar -->
        <test-method signature="codigoDeMotivosDeAjustesEditar()[pri:0, instance:com.timp.test.MDR.Automacoes.AutomacoesMDR12@57250572]" started-at="2021-02-19T09:51:40Z" name="codigoDeMotivosDeAjustesEditar" finished-at="2021-02-19T09:53:20Z" duration-ms="99624" status="PASS">
          <reporter-output>
          </reporter-output>
        </test-method> <!-- codigoDeMotivosDeAjustesEditar -->
        <test-method signature="codigoDeMotivosDeAjustesExcluir()[pri:0, instance:com.timp.test.MDR.Automacoes.AutomacoesMDR12@57250572]" started-at="2021-02-19T09:53:20Z" name="codigoDeMotivosDeAjustesExcluir" finished-at="2021-02-19T09:54:21Z" duration-ms="61683" status="FAIL">
          <exception class="org.openqa.selenium.NoSuchElementException">
            <message>
              <![CDATA[no such element: Unable to locate element: {"method":"xpath","selector":"//button[text()="Sim"]"}
  (Session info: chrome=83.0.4103.106)
For documentation on this error, please visit: https://www.seleniumhq.org/exceptions/no_such_element.html
Build info: version: '3.141.59', revision: 'e82be7d358', time: '2018-11-14T08:17:03'
System info: host: 'CRISTHIAN-VASQU', ip: '192.168.254.1', os.name: 'Windows 10', os.arch: 'amd64', os.version: '10.0', java.version: '11.0.8'
Driver info: org.openqa.selenium.chrome.ChromeDriver
Capabilities {acceptInsecureCerts: false, browserName: chrome, browserVersion: 83.0.4103.106, chrome: {chromedriverVersion: 83.0.4103.39 (ccbf011cb2d2b..., userDataDir: C:\Users\CRISTH~1\AppData\L...}, goog:chromeOptions: {debuggerAddress: localhost:49303}, javascriptEnabled: true, networkConnectionEnabled: false, pageLoadStrategy: normal, platform: WINDOWS, platformName: WINDOWS, proxy: Proxy(), setWindowRect: true, strictFileInteractability: false, timeouts: {implicit: 0, pageLoad: 300000, script: 30000}, unhandledPromptBehavior: dismiss and notify, webauthn:virtualAuthenticators: true}
Session ID: 95ee1e3c9aec891c24670417339b0e70
*** Element info: {Using=xpath, value=//button[text()="Sim"]}]]>
            </message>
            <full-stacktrace>
              <![CDATA[org.openqa.selenium.NoSuchElementException: no such element: Unable to locate element: {"method":"xpath","selector":"//button[text()="Sim"]"}
  (Session info: chrome=83.0.4103.106)
For documentation on this error, please visit: https://www.seleniumhq.org/exceptions/no_such_element.html
Build info: version: '3.141.59', revision: 'e82be7d358', time: '2018-11-14T08:17:03'
System info: host: 'CRISTHIAN-VASQU', ip: '192.168.254.1', os.name: 'Windows 10', os.arch: 'amd64', os.version: '10.0', java.version: '11.0.8'
Driver info: org.openqa.selenium.chrome.ChromeDriver
Capabilities {acceptInsecureCerts: false, browserName: chrome, browserVersion: 83.0.4103.106, chrome: {chromedriverVersion: 83.0.4103.39 (ccbf011cb2d2b..., userDataDir: C:\Users\CRISTH~1\AppData\L...}, goog:chromeOptions: {debuggerAddress: localhost:49303}, javascriptEnabled: true, networkConnectionEnabled: false, pageLoadStrategy: normal, platform: WINDOWS, platformName: WINDOWS, proxy: Proxy(), setWindowRect: true, strictFileInteractability: false, timeouts: {implicit: 0, pageLoad: 300000, script: 30000}, unhandledPromptBehavior: dismiss and notify, webauthn:virtualAuthenticators: true}
Session ID: 95ee1e3c9aec891c24670417339b0e70
*** Element info: {Using=xpath, value=//button[text()="Sim"]}
	at jdk.internal.reflect.GeneratedConstructorAccessor13.newInstance(Unknown Source)
	at java.base/jdk.internal.reflect.DelegatingConstructorAccessorImpl.newInstance(DelegatingConstructorAccessorImpl.java:45)
	at java.base/java.lang.reflect.Constructor.newInstance(Constructor.java:490)
	at org.openqa.selenium.remote.http.W3CHttpResponseCodec.createException(W3CHttpResponseCodec.java:187)
	at org.openqa.selenium.remote.http.W3CHttpResponseCodec.decode(W3CHttpResponseCodec.java:122)
	at org.openqa.selenium.remote.http.W3CHttpResponseCodec.decode(W3CHttpResponseCodec.java:49)
	at org.openqa.selenium.remote.HttpCommandExecutor.execute(HttpCommandExecutor.java:158)
	at org.openqa.selenium.remote.service.DriverCommandExecutor.execute(DriverCommandExecutor.java:83)
	at org.openqa.selenium.remote.RemoteWebDriver.execute(RemoteWebDriver.java:552)
	at org.openqa.selenium.remote.RemoteWebDriver.findElement(RemoteWebDriver.java:323)
	at org.openqa.selenium.remote.RemoteWebDriver.findElementByXPath(RemoteWebDriver.java:428)
	at org.openqa.selenium.By$ByXPath.findElement(By.java:353)
	at org.openqa.selenium.remote.RemoteWebDriver.findElement(RemoteWebDriver.java:315)
	at org.openqa.selenium.support.pagefactory.DefaultElementLocator.findElement(DefaultElementLocator.java:69)
	at org.openqa.selenium.support.pagefactory.internal.LocatingElementHandler.invoke(LocatingElementHandler.java:38)
	at com.sun.proxy.$Proxy10.click(Unknown Source)
	at com.sap.timp.pageObjectModel.MDR.TabelasComplementaresParaObrigaçoesAcessorias.CodigoDeMotivosDeAjustes.CodigoDeMotivosDeAjustesExcluirPO.excluir(CodigoDeMotivosDeAjustesExcluirPO.java:68)
	at com.timp.test.MDR.TabelasComplementaresParaObrigaçoesAcessorias.CodigoDeMotivosDeAjustes.CodigoDeMotivosDeAjustesExcluir.excluir(CodigoDeMotivosDeAjustesExcluir.java:50)
	at com.timp.test.MDR.Automacoes.AutomacoesMDR12.codigoDeMotivosDeAjustesExcluir(AutomacoesMDR12.java:490)
	at java.base/jdk.internal.reflect.NativeMethodAccessorImpl.invoke0(Native Method)
	at java.base/jdk.internal.reflect.NativeMethodAccessorImpl.invoke(NativeMethodAccessorImpl.java:62)
	at java.base/jdk.internal.reflect.DelegatingMethodAccessorImpl.invoke(DelegatingMethodAccessorImpl.java:43)
	at java.base/java.lang.reflect.Method.invoke(Method.java:566)
	at org.testng.internal.MethodInvocationHelper.invokeMethod(MethodInvocationHelper.java:80)
	at org.testng.internal.Invoker.invokeMethod(Invoker.java:714)
	at org.testng.internal.Invoker.invokeTestMethod(Invoker.java:901)
	at org.testng.internal.Invoker.invokeTestMethods(Invoker.java:1231)
	at org.testng.internal.TestMethodWorker.invokeTestMethods(TestMethodWorker.java:127)
	at org.testng.internal.TestMethodWorker.run(TestMethodWorker.java:111)
	at org.testng.TestRunner.privateRun(TestRunner.java:767)
	at org.testng.TestRunner.run(TestRunner.java:617)
	at org.testng.SuiteRunner.runTest(SuiteRunner.java:334)
	at org.testng.SuiteRunner.runSequentially(SuiteRunner.java:329)
	at org.testng.SuiteRunner.privateRun(SuiteRunner.java:291)
	at org.testng.SuiteRunner.run(SuiteRunner.java:240)
	at org.testng.SuiteRunnerWorker.runSuite(SuiteRunnerWorker.java:52)
	at org.testng.SuiteRunnerWorker.run(SuiteRunnerWorker.java:86)
	at org.testng.TestNG.runSuitesSequentially(TestNG.java:1198)
	at org.testng.TestNG.runSuitesLocally(TestNG.java:1123)
	at org.testng.TestNG.run(TestNG.java:1031)
	at org.testng.remote.AbstractRemoteTestNG.run(AbstractRemoteTestNG.java:115)
	at org.testng.remote.RemoteTestNG.initAndRun(RemoteTestNG.java:251)
	at org.testng.remote.RemoteTestNG.main(RemoteTestNG.java:77)
]]>
            </full-stacktrace>
          </exception> <!-- org.openqa.selenium.NoSuchElementException -->
          <reporter-output>
          </reporter-output>
        </test-method> <!-- codigoDeMotivosDeAjustesExcluir -->
        <test-method signature="codigoDeMotivosDeAjustesExcluirEmMassa()[pri:0, instance:com.timp.test.MDR.Automacoes.AutomacoesMDR12@57250572]" started-at="2021-02-19T09:54:21Z" name="codigoDeMotivosDeAjustesExcluirEmMassa" finished-at="2021-02-19T09:56:55Z" duration-ms="153366" status="PASS">
          <reporter-output>
          </reporter-output>
        </test-method> <!-- codigoDeMotivosDeAjustesExcluirEmMassa -->
        <test-method signature="codigoDeOutrasSaidasCriar()[pri:0, instance:com.timp.test.MDR.Automacoes.AutomacoesMDR12@57250572]" started-at="2021-02-19T09:56:55Z" name="codigoDeOutrasSaidasCriar" finished-at="2021-02-19T09:58:33Z" duration-ms="98386" status="PASS">
          <reporter-output>
          </reporter-output>
        </test-method> <!-- codigoDeOutrasSaidasCriar -->
        <test-method signature="codigoDeOutrasSaidasEditar()[pri:0, instance:com.timp.test.MDR.Automacoes.AutomacoesMDR12@57250572]" started-at="2021-02-19T09:58:33Z" name="codigoDeOutrasSaidasEditar" finished-at="2021-02-19T10:00:13Z" duration-ms="99764" status="PASS">
          <reporter-output>
          </reporter-output>
        </test-method> <!-- codigoDeOutrasSaidasEditar -->
        <test-method signature="codigoDeOutrasSaidasVisualizar()[pri:0, instance:com.timp.test.MDR.Automacoes.AutomacoesMDR12@57250572]" started-at="2021-02-19T10:00:13Z" name="codigoDeOutrasSaidasVisualizar" finished-at="2021-02-19T10:01:42Z" duration-ms="88807" status="PASS">
          <reporter-output>
          </reporter-output>
        </test-method> <!-- codigoDeOutrasSaidasVisualizar -->
        <test-method signature="codigoDeOutrasSaidasDetalhes()[pri:0, instance:com.timp.test.MDR.Automacoes.AutomacoesMDR12@57250572]" started-at="2021-02-19T10:01:42Z" name="codigoDeOutrasSaidasDetalhes" finished-at="2021-02-19T10:02:55Z" duration-ms="73087" status="PASS">
          <reporter-output>
          </reporter-output>
        </test-method> <!-- codigoDeOutrasSaidasDetalhes -->
        <test-method signature="codigoDeOutrasSaidasExcluir()[pri:0, instance:com.timp.test.MDR.Automacoes.AutomacoesMDR12@57250572]" started-at="2021-02-19T10:02:55Z" name="codigoDeOutrasSaidasExcluir" finished-at="2021-02-19T10:04:14Z" duration-ms="79206" status="PASS">
          <reporter-output>
          </reporter-output>
        </test-method> <!-- codigoDeOutrasSaidasExcluir -->
        <test-method signature="codigoDeOutrasSaidasExcluirEmMassa()[pri:0, instance:com.timp.test.MDR.Automacoes.AutomacoesMDR12@57250572]" started-at="2021-02-19T10:04:14Z" name="codigoDeOutrasSaidasExcluirEmMassa" finished-at="2021-02-19T10:06:37Z" duration-ms="143361" status="PASS">
          <reporter-output>
          </reporter-output>
        </test-method> <!-- codigoDeOutrasSaidasExcluirEmMassa -->
        <test-method signature="codigoDIPAMCriar()[pri:0, instance:com.timp.test.MDR.Automacoes.AutomacoesMDR12@57250572]" started-at="2021-02-19T10:06:37Z" name="codigoDIPAMCriar" finished-at="2021-02-19T10:08:22Z" duration-ms="104426" status="PASS">
          <reporter-output>
          </reporter-output>
        </test-method> <!-- codigoDIPAMCriar -->
        <test-method signature="codigoDIPAMEditar()[pri:0, instance:com.timp.test.MDR.Automacoes.AutomacoesMDR12@57250572]" started-at="2021-02-19T10:08:22Z" name="codigoDIPAMEditar" finished-at="2021-02-19T10:10:04Z" duration-ms="102335" status="PASS">
          <reporter-output>
          </reporter-output>
        </test-method> <!-- codigoDIPAMEditar -->
        <test-method signature="codigoDIPAMVisualizar()[pri:0, instance:com.timp.test.MDR.Automacoes.AutomacoesMDR12@57250572]" started-at="2021-02-19T10:10:04Z" name="codigoDIPAMVisualizar" finished-at="2021-02-19T10:11:35Z" duration-ms="91110" status="PASS">
          <reporter-output>
          </reporter-output>
        </test-method> <!-- codigoDIPAMVisualizar -->
        <test-method signature="codigoDIPAMDetalhes()[pri:0, instance:com.timp.test.MDR.Automacoes.AutomacoesMDR12@57250572]" started-at="2021-02-19T10:11:35Z" name="codigoDIPAMDetalhes" finished-at="2021-02-19T10:13:14Z" duration-ms="98431" status="PASS">
          <reporter-output>
          </reporter-output>
        </test-method> <!-- codigoDIPAMDetalhes -->
        <test-method signature="codigoDIPAMExcluir()[pri:0, instance:com.timp.test.MDR.Automacoes.AutomacoesMDR12@57250572]" started-at="2021-02-19T10:13:14Z" name="codigoDIPAMExcluir" finished-at="2021-02-19T10:14:44Z" duration-ms="90573" status="PASS">
          <reporter-output>
          </reporter-output>
        </test-method> <!-- codigoDIPAMExcluir -->
        <test-method signature="codigoDIPAMExcluirEmMassa()[pri:0, instance:com.timp.test.MDR.Automacoes.AutomacoesMDR12@57250572]" started-at="2021-02-19T10:14:44Z" name="codigoDIPAMExcluirEmMassa" finished-at="2021-02-19T10:17:21Z" duration-ms="156551" status="PASS">
          <reporter-output>
          </reporter-output>
        </test-method> <!-- codigoDIPAMExcluirEmMassa -->
        <test-method signature="subItensValidosCriar()[pri:0, instance:com.timp.test.MDR.Automacoes.AutomacoesMDR12@57250572]" started-at="2021-02-19T10:17:21Z" name="subItensValidosCriar" finished-at="2021-02-19T10:19:05Z" duration-ms="103871" status="PASS">
          <reporter-output>
          </reporter-output>
        </test-method> <!-- subItensValidosCriar -->
        <test-method signature="subItensValidosEditar()[pri:0, instance:com.timp.test.MDR.Automacoes.AutomacoesMDR12@57250572]" started-at="2021-02-19T10:19:05Z" name="subItensValidosEditar" finished-at="2021-02-19T10:20:46Z" duration-ms="101569" status="PASS">
          <reporter-output>
          </reporter-output>
        </test-method> <!-- subItensValidosEditar -->
        <test-method signature="subItensValidosExcluir()[pri:0, instance:com.timp.test.MDR.Automacoes.AutomacoesMDR12@57250572]" started-at="2021-02-19T10:20:46Z" name="subItensValidosExcluir" finished-at="2021-02-19T10:22:09Z" duration-ms="82323" status="PASS">
          <reporter-output>
          </reporter-output>
        </test-method> <!-- subItensValidosExcluir -->
        <test-method signature="tabelaCodigoReceitaCriar()[pri:0, instance:com.timp.test.MDR.Automacoes.AutomacoesMDR12@57250572]" started-at="2021-02-19T10:22:09Z" name="tabelaCodigoReceitaCriar" finished-at="2021-02-19T10:23:49Z" duration-ms="100779" status="PASS">
          <reporter-output>
          </reporter-output>
        </test-method> <!-- tabelaCodigoReceitaCriar -->
        <test-method signature="tabelaCodigoReceitaDetalhes()[pri:0, instance:com.timp.test.MDR.Automacoes.AutomacoesMDR12@57250572]" started-at="2021-02-19T10:23:50Z" name="tabelaCodigoReceitaDetalhes" finished-at="2021-02-19T10:25:11Z" duration-ms="81913" status="PASS">
          <reporter-output>
          </reporter-output>
        </test-method> <!-- tabelaCodigoReceitaDetalhes -->
        <test-method signature="tabelaCodigoReceitasEditar()[pri:0, instance:com.timp.test.MDR.Automacoes.AutomacoesMDR12@57250572]" started-at="2021-02-19T10:25:11Z" name="tabelaCodigoReceitasEditar" finished-at="2021-02-19T10:27:36Z" duration-ms="144114" status="PASS">
          <reporter-output>
          </reporter-output>
        </test-method> <!-- tabelaCodigoReceitasEditar -->
        <test-method signature="tabelaCodigoReceitasVisualizar()[pri:0, instance:com.timp.test.MDR.Automacoes.AutomacoesMDR12@57250572]" started-at="2021-02-19T10:27:36Z" name="tabelaCodigoReceitasVisualizar" finished-at="2021-02-19T10:29:13Z" duration-ms="97409" status="PASS">
          <reporter-output>
          </reporter-output>
        </test-method> <!-- tabelaCodigoReceitasVisualizar -->
        <test-method signature="tabelaCodigoReceitaExcluir()[pri:0, instance:com.timp.test.MDR.Automacoes.AutomacoesMDR12@57250572]" started-at="2021-02-19T10:29:13Z" name="tabelaCodigoReceitaExcluir" finished-at="2021-02-19T10:30:35Z" duration-ms="81781" status="PASS">
          <reporter-output>
          </reporter-output>
        </test-method> <!-- tabelaCodigoReceitaExcluir -->
        <test-method signature="tabelaDeCodigosDeReceitasExcluirEmMassa()[pri:0, instance:com.timp.test.MDR.Automacoes.AutomacoesMDR12@57250572]" started-at="2021-02-19T10:30:35Z" name="tabelaDeCodigosDeReceitasExcluirEmMassa" finished-at="2021-02-19T10:33:04Z" duration-ms="149656" status="PASS">
          <reporter-output>
          </reporter-output>
        </test-method> <!-- tabelaDeCodigosDeReceitasExcluirEmMassa -->
      </class> <!-- com.timp.test.MDR.Automacoes.AutomacoesMDR12 -->
    </test> <!-- Default test -->
  </suite> <!-- Default suite -->
</testng-results>
