<?xml version="1.0" encoding="UTF-8"?>
<testng-results total="3" passed="3" failed="0" skipped="0">
  <reporter-output>
  </reporter-output>
  <suite started-at="2021-02-08T20:16:55Z" name="Default suite" finished-at="2021-02-08T20:19:10Z" duration-ms="134990">
    <groups>
    </groups>
    <test started-at="2021-02-08T20:16:55Z" name="Default test" finished-at="2021-02-08T20:19:10Z" duration-ms="134990">
      <class name="com.timp.test.TCC.GestaoDeCreditoTributarioPISCONFINS.ApuracaoDeCreditoTributarioCOFINS.ConfiguracaoEExecucao.RegistroM505.RegistroM505Criar">
        <test-method is-config="true" signature="beforeClass()[pri:0, instance:com.timp.test.TCC.GestaoDeCreditoTributarioPISCONFINS.ApuracaoDeCreditoTributarioCOFINS.ConfiguracaoEExecucao.RegistroM505.RegistroM505Criar@7d0b7e3c]" started-at="2021-02-08T17:16:55Z" name="beforeClass" finished-at="2021-02-08T17:17:08Z" duration-ms="12866" status="PASS">
          <reporter-output>
          </reporter-output>
        </test-method> <!-- beforeClass -->
        <test-method signature="login()[pri:0, instance:com.timp.test.TCC.GestaoDeCreditoTributarioPISCONFINS.ApuracaoDeCreditoTributarioCOFINS.ConfiguracaoEExecucao.RegistroM505.RegistroM505Criar@7d0b7e3c]" started-at="2021-02-08T17:17:08Z" name="login" finished-at="2021-02-08T17:17:16Z" duration-ms="7966" status="PASS">
          <reporter-output>
          </reporter-output>
        </test-method> <!-- login -->
        <test-method signature="acessarTCC()[pri:0, instance:com.timp.test.TCC.GestaoDeCreditoTributarioPISCONFINS.ApuracaoDeCreditoTributarioCOFINS.ConfiguracaoEExecucao.RegistroM505.RegistroM505Criar@7d0b7e3c]" started-at="2021-02-08T17:17:16Z" name="acessarTCC" finished-at="2021-02-08T17:17:31Z" duration-ms="15394" status="PASS">
          <reporter-output>
          </reporter-output>
        </test-method> <!-- acessarTCC -->
        <test-method signature="criar()[pri:0, instance:com.timp.test.TCC.GestaoDeCreditoTributarioPISCONFINS.ApuracaoDeCreditoTributarioCOFINS.ConfiguracaoEExecucao.RegistroM505.RegistroM505Criar@7d0b7e3c]" started-at="2021-02-08T17:17:31Z" name="criar" finished-at="2021-02-08T17:19:10Z" duration-ms="98747" status="PASS">
          <reporter-output>
          </reporter-output>
        </test-method> <!-- criar -->
        <test-method is-config="true" signature="afterClass()[pri:0, instance:com.timp.test.TCC.GestaoDeCreditoTributarioPISCONFINS.ApuracaoDeCreditoTributarioCOFINS.ConfiguracaoEExecucao.RegistroM505.RegistroM505Criar@7d0b7e3c]" started-at="2021-02-08T17:19:10Z" name="afterClass" finished-at="2021-02-08T17:19:10Z" duration-ms="2" status="PASS">
          <reporter-output>
          </reporter-output>
        </test-method> <!-- afterClass -->
      </class> <!-- com.timp.test.TCC.GestaoDeCreditoTributarioPISCONFINS.ApuracaoDeCreditoTributarioCOFINS.ConfiguracaoEExecucao.RegistroM505.RegistroM505Criar -->
    </test> <!-- Default test -->
  </suite> <!-- Default suite -->
</testng-results>
