<?xml version="1.0" encoding="UTF-8"?>
<testng-results skipped="0" failed="0" total="3" passed="3">
  <reporter-output>
  </reporter-output>
  <suite name="Default suite" duration-ms="68928" started-at="2020-11-24T16:36:38Z" finished-at="2020-11-24T16:37:47Z">
    <groups>
    </groups>
    <test name="Default test" duration-ms="68928" started-at="2020-11-24T16:36:38Z" finished-at="2020-11-24T16:37:47Z">
      <class name="com.timp.test.MDR.ICMSSTTransporte.ICMSSTTransporteFiltroID">
        <test-method status="PASS" signature="beforeClass()[pri:0, instance:com.timp.test.MDR.ICMSSTTransporte.ICMSSTTransporteFiltroID@f2f2cc1]" name="beforeClass" is-config="true" duration-ms="15223" started-at="2020-11-24T10:36:38Z" finished-at="2020-11-24T10:36:53Z">
          <reporter-output>
          </reporter-output>
        </test-method> <!-- beforeClass -->
        <test-method status="PASS" signature="login()[pri:0, instance:com.timp.test.MDR.ICMSSTTransporte.ICMSSTTransporteFiltroID@f2f2cc1]" name="login" duration-ms="7874" started-at="2020-11-24T10:36:53Z" finished-at="2020-11-24T10:37:01Z">
          <reporter-output>
          </reporter-output>
        </test-method> <!-- login -->
        <test-method status="PASS" signature="acessarMDR()[pri:0, instance:com.timp.test.MDR.ICMSSTTransporte.ICMSSTTransporteFiltroID@f2f2cc1]" name="acessarMDR" duration-ms="13283" started-at="2020-11-24T10:37:01Z" finished-at="2020-11-24T10:37:14Z">
          <reporter-output>
          </reporter-output>
        </test-method> <!-- acessarMDR -->
        <test-method status="PASS" signature="filtro()[pri:0, instance:com.timp.test.MDR.ICMSSTTransporte.ICMSSTTransporteFiltroID@f2f2cc1]" name="filtro" duration-ms="28103" started-at="2020-11-24T10:37:14Z" finished-at="2020-11-24T10:37:42Z">
          <reporter-output>
          </reporter-output>
        </test-method> <!-- filtro -->
        <test-method status="PASS" signature="afterClass()[pri:0, instance:com.timp.test.MDR.ICMSSTTransporte.ICMSSTTransporteFiltroID@f2f2cc1]" name="afterClass" is-config="true" duration-ms="4423" started-at="2020-11-24T10:37:42Z" finished-at="2020-11-24T10:37:47Z">
          <reporter-output>
          </reporter-output>
        </test-method> <!-- afterClass -->
      </class> <!-- com.timp.test.MDR.ICMSSTTransporte.ICMSSTTransporteFiltroID -->
    </test> <!-- Default test -->
  </suite> <!-- Default suite -->
</testng-results>
