<?xml version="1.0" encoding="UTF-8"?>
<testng-results total="3" passed="3" failed="0" skipped="0">
  <reporter-output>
  </reporter-output>
  <suite started-at="2020-11-06T19:51:42Z" name="Default suite" finished-at="2020-11-06T19:54:56Z" duration-ms="193978">
    <groups>
    </groups>
    <test started-at="2020-11-06T19:51:42Z" name="Default test" finished-at="2020-11-06T19:54:56Z" duration-ms="193978">
      <class name="com.timp.test.MDR.TabelasApoioESocial.Tabela16.SGDPExcluirEmMassa">
        <test-method is-config="true" signature="beforeClass()[pri:0, instance:com.timp.test.MDR.TabelasApoioESocial.Tabela16.SGDPExcluirEmMassa@54c5a2ff]" started-at="2020-11-06T16:51:42Z" name="beforeClass" finished-at="2020-11-06T16:52:00Z" duration-ms="17776" status="PASS">
          <reporter-output>
          </reporter-output>
        </test-method> <!-- beforeClass -->
        <test-method signature="login()[pri:0, instance:com.timp.test.MDR.TabelasApoioESocial.Tabela16.SGDPExcluirEmMassa@54c5a2ff]" started-at="2020-11-06T16:52:00Z" name="login" finished-at="2020-11-06T16:52:08Z" duration-ms="8120" status="PASS">
          <reporter-output>
          </reporter-output>
        </test-method> <!-- login -->
        <test-method signature="acessarMDR()[pri:0, instance:com.timp.test.MDR.TabelasApoioESocial.Tabela16.SGDPExcluirEmMassa@54c5a2ff]" started-at="2020-11-06T16:52:08Z" name="acessarMDR" finished-at="2020-11-06T16:52:33Z" duration-ms="24328" status="PASS">
          <reporter-output>
          </reporter-output>
        </test-method> <!-- acessarMDR -->
        <test-method signature="criar()[pri:0, instance:com.timp.test.MDR.TabelasApoioESocial.Tabela16.SGDPExcluirEmMassa@54c5a2ff]" started-at="2020-11-06T16:52:33Z" name="criar" finished-at="2020-11-06T16:54:52Z" duration-ms="139428" status="PASS">
          <reporter-output>
          </reporter-output>
        </test-method> <!-- criar -->
        <test-method is-config="true" signature="afterClass()[pri:0, instance:com.timp.test.MDR.TabelasApoioESocial.Tabela16.SGDPExcluirEmMassa@54c5a2ff]" started-at="2020-11-06T16:54:52Z" name="afterClass" finished-at="2020-11-06T16:54:56Z" duration-ms="4312" status="PASS">
          <reporter-output>
          </reporter-output>
        </test-method> <!-- afterClass -->
      </class> <!-- com.timp.test.MDR.TabelasApoioESocial.Tabela16.SGDPExcluirEmMassa -->
    </test> <!-- Default test -->
  </suite> <!-- Default suite -->
</testng-results>
