<?xml version="1.0" encoding="UTF-8"?>
<testng-results total="3" passed="3" failed="0" skipped="0">
  <reporter-output>
  </reporter-output>
  <suite started-at="2020-10-26T20:18:13Z" name="Default suite" finished-at="2020-10-26T20:19:33Z" duration-ms="80267">
    <groups>
    </groups>
    <test started-at="2020-10-26T20:18:13Z" name="Default test" finished-at="2020-10-26T20:19:33Z" duration-ms="80267">
      <class name="com.timp.test.MDR.TabelasApoioESocial.Tabela01.CategoriasDeTrabalhadoresExcluir">
        <test-method is-config="true" signature="beforeClass()[pri:0, instance:com.timp.test.MDR.TabelasApoioESocial.Tabela01.CategoriasDeTrabalhadoresExcluir@f78a47e]" started-at="2020-10-26T17:18:13Z" name="beforeClass" finished-at="2020-10-26T17:18:25Z" duration-ms="12407" status="PASS">
          <reporter-output>
          </reporter-output>
        </test-method> <!-- beforeClass -->
        <test-method signature="login()[pri:0, instance:com.timp.test.MDR.TabelasApoioESocial.Tabela01.CategoriasDeTrabalhadoresExcluir@f78a47e]" started-at="2020-10-26T17:18:25Z" name="login" finished-at="2020-10-26T17:18:33Z" duration-ms="7547" status="PASS">
          <reporter-output>
          </reporter-output>
        </test-method> <!-- login -->
        <test-method signature="acessarMDR()[pri:0, instance:com.timp.test.MDR.TabelasApoioESocial.Tabela01.CategoriasDeTrabalhadoresExcluir@f78a47e]" started-at="2020-10-26T17:18:33Z" name="acessarMDR" finished-at="2020-10-26T17:18:54Z" duration-ms="21413" status="PASS">
          <reporter-output>
          </reporter-output>
        </test-method> <!-- acessarMDR -->
        <test-method signature="excluir()[pri:0, instance:com.timp.test.MDR.TabelasApoioESocial.Tabela01.CategoriasDeTrabalhadoresExcluir@f78a47e]" started-at="2020-10-26T17:18:54Z" name="excluir" finished-at="2020-10-26T17:19:33Z" duration-ms="38848" status="PASS">
          <reporter-output>
          </reporter-output>
        </test-method> <!-- excluir -->
        <test-method is-config="true" signature="afterClass()[pri:0, instance:com.timp.test.MDR.TabelasApoioESocial.Tabela01.CategoriasDeTrabalhadoresExcluir@f78a47e]" started-at="2020-10-26T17:19:33Z" name="afterClass" finished-at="2020-10-26T17:19:33Z" duration-ms="40" status="PASS">
          <reporter-output>
          </reporter-output>
        </test-method> <!-- afterClass -->
      </class> <!-- com.timp.test.MDR.TabelasApoioESocial.Tabela01.CategoriasDeTrabalhadoresExcluir -->
    </test> <!-- Default test -->
  </suite> <!-- Default suite -->
</testng-results>
