<?xml version="1.0" encoding="UTF-8"?>
<testng-results skipped="0" failed="0" total="3" passed="3">
  <reporter-output>
  </reporter-output>
  <suite name="Default suite" duration-ms="77753" started-at="2021-01-21T00:13:42Z" finished-at="2021-01-21T00:15:00Z">
    <groups>
    </groups>
    <test name="Default test" duration-ms="77753" started-at="2021-01-21T00:13:42Z" finished-at="2021-01-21T00:15:00Z">
      <class name="com.timp.test.BCB.ParametrosGeraisHierarquiaLixeira">
        <test-method status="PASS" signature="beforeClass()[pri:0, instance:com.timp.test.BCB.ParametrosGeraisHierarquiaLixeira@3a079870]" name="beforeClass" is-config="true" duration-ms="13389" started-at="2021-01-20T18:13:42Z" finished-at="2021-01-20T18:13:56Z">
          <reporter-output>
          </reporter-output>
        </test-method> <!-- beforeClass -->
        <test-method status="PASS" signature="login()[pri:0, instance:com.timp.test.BCB.ParametrosGeraisHierarquiaLixeira@3a079870]" name="login" duration-ms="6455" started-at="2021-01-20T18:13:56Z" finished-at="2021-01-20T18:14:02Z">
          <reporter-output>
          </reporter-output>
        </test-method> <!-- login -->
        <test-method status="PASS" signature="brbEntrar()[pri:0, instance:com.timp.test.BCB.ParametrosGeraisHierarquiaLixeira@3a079870]" name="brbEntrar" duration-ms="14620" started-at="2021-01-20T18:14:02Z" finished-at="2021-01-20T18:14:17Z">
          <reporter-output>
          </reporter-output>
        </test-method> <!-- brbEntrar -->
        <test-method status="PASS" signature="excluir()[pri:0, instance:com.timp.test.BCB.ParametrosGeraisHierarquiaLixeira@3a079870]" name="excluir" duration-ms="43275" started-at="2021-01-20T18:14:17Z" finished-at="2021-01-20T18:15:00Z">
          <reporter-output>
          </reporter-output>
        </test-method> <!-- excluir -->
        <test-method status="PASS" signature="afterClass()[pri:0, instance:com.timp.test.BCB.ParametrosGeraisHierarquiaLixeira@3a079870]" name="afterClass" is-config="true" duration-ms="0" started-at="2021-01-20T18:15:00Z" finished-at="2021-01-20T18:15:00Z">
          <reporter-output>
          </reporter-output>
        </test-method> <!-- afterClass -->
      </class> <!-- com.timp.test.BCB.ParametrosGeraisHierarquiaLixeira -->
    </test> <!-- Default test -->
  </suite> <!-- Default suite -->
</testng-results>
