<?xml version="1.0" encoding="UTF-8"?>
<testng-results skipped="0" failed="0" total="3" passed="3">
  <reporter-output>
  </reporter-output>
  <suite name="Default suite" duration-ms="90922" started-at="2020-08-27T13:00:18Z" finished-at="2020-08-27T13:01:49Z">
    <groups>
    </groups>
    <test name="Default test" duration-ms="90922" started-at="2020-08-27T13:00:18Z" finished-at="2020-08-27T13:01:49Z">
      <class name="com.timp.test.MDR.ControleDeCreditoTributario.UtilizacaoDosCreditosEmPeriodoAnterior.UtilizacaoDosCreditosEmPeriodoAnteriorDetalhes">
        <test-method status="PASS" signature="beforeClass()[pri:0, instance:com.timp.test.MDR.ControleDeCreditoTributario.UtilizacaoDosCreditosEmPeriodoAnterior.UtilizacaoDosCreditosEmPeriodoAnteriorDetalhes@2aa5fe93]" name="beforeClass" is-config="true" duration-ms="20219" started-at="2020-08-27T10:00:18Z" finished-at="2020-08-27T10:00:39Z">
          <reporter-output>
          </reporter-output>
        </test-method> <!-- beforeClass -->
        <test-method status="PASS" signature="login()[pri:0, instance:com.timp.test.MDR.ControleDeCreditoTributario.UtilizacaoDosCreditosEmPeriodoAnterior.UtilizacaoDosCreditosEmPeriodoAnteriorDetalhes@2aa5fe93]" name="login" duration-ms="12285" started-at="2020-08-27T10:00:39Z" finished-at="2020-08-27T10:00:51Z">
          <reporter-output>
          </reporter-output>
        </test-method> <!-- login -->
        <test-method status="PASS" signature="acessarMDR()[pri:0, instance:com.timp.test.MDR.ControleDeCreditoTributario.UtilizacaoDosCreditosEmPeriodoAnterior.UtilizacaoDosCreditosEmPeriodoAnteriorDetalhes@2aa5fe93]" name="acessarMDR" duration-ms="11760" started-at="2020-08-27T10:00:51Z" finished-at="2020-08-27T10:01:03Z">
          <reporter-output>
          </reporter-output>
        </test-method> <!-- acessarMDR -->
        <test-method status="PASS" signature="Visualizar()[pri:0, instance:com.timp.test.MDR.ControleDeCreditoTributario.UtilizacaoDosCreditosEmPeriodoAnterior.UtilizacaoDosCreditosEmPeriodoAnteriorDetalhes@2aa5fe93]" name="Visualizar" duration-ms="46624" started-at="2020-08-27T10:01:03Z" finished-at="2020-08-27T10:01:49Z">
          <reporter-output>
          </reporter-output>
        </test-method> <!-- Visualizar -->
      </class> <!-- com.timp.test.MDR.ControleDeCreditoTributario.UtilizacaoDosCreditosEmPeriodoAnterior.UtilizacaoDosCreditosEmPeriodoAnteriorDetalhes -->
    </test> <!-- Default test -->
  </suite> <!-- Default suite -->
</testng-results>
