<?xml version="1.0" encoding="UTF-8"?>
<testng-results total="3" passed="3" failed="0" skipped="0">
  <reporter-output>
  </reporter-output>
  <suite started-at="2020-10-21T16:43:24Z" name="Default suite" finished-at="2020-10-21T16:44:29Z" duration-ms="65200">
    <groups>
    </groups>
    <test started-at="2020-10-21T16:43:24Z" name="Default test" finished-at="2020-10-21T16:44:29Z" duration-ms="65200">
      <class name="com.timp.test.MDR.Centralizacao.Saldos.SaldosFiltrarId">
        <test-method is-config="true" signature="beforeClass()[pri:0, instance:com.timp.test.MDR.Centralizacao.Saldos.SaldosFiltrarId@147a5d08]" started-at="2020-10-21T10:43:24Z" name="beforeClass" finished-at="2020-10-21T10:43:40Z" duration-ms="15312" status="PASS">
          <reporter-output>
          </reporter-output>
        </test-method> <!-- beforeClass -->
        <test-method signature="login()[pri:0, instance:com.timp.test.MDR.Centralizacao.Saldos.SaldosFiltrarId@147a5d08]" started-at="2020-10-21T10:43:40Z" name="login" finished-at="2020-10-21T10:43:50Z" duration-ms="10004" status="PASS">
          <reporter-output>
          </reporter-output>
        </test-method> <!-- login -->
        <test-method signature="acessarMDR()[pri:0, instance:com.timp.test.MDR.Centralizacao.Saldos.SaldosFiltrarId@147a5d08]" started-at="2020-10-21T10:43:50Z" name="acessarMDR" finished-at="2020-10-21T10:44:00Z" duration-ms="10142" status="PASS">
          <reporter-output>
          </reporter-output>
        </test-method> <!-- acessarMDR -->
        <test-method signature="FiltrarSaldosId()[pri:0, instance:com.timp.test.MDR.Centralizacao.Saldos.SaldosFiltrarId@147a5d08]" started-at="2020-10-21T10:44:00Z" name="FiltrarSaldosId" finished-at="2020-10-21T10:44:29Z" duration-ms="29485" status="PASS">
          <reporter-output>
          </reporter-output>
        </test-method> <!-- FiltrarSaldosId -->
        <test-method is-config="true" signature="afterClass()[pri:0, instance:com.timp.test.MDR.Centralizacao.Saldos.SaldosFiltrarId@147a5d08]" started-at="2020-10-21T10:44:29Z" name="afterClass" finished-at="2020-10-21T10:44:29Z" duration-ms="238" status="PASS">
          <reporter-output>
          </reporter-output>
        </test-method> <!-- afterClass -->
      </class> <!-- com.timp.test.MDR.Centralizacao.Saldos.SaldosFiltrarId -->
    </test> <!-- Default test -->
  </suite> <!-- Default suite -->
</testng-results>
