<?xml version="1.0" encoding="UTF-8"?>
<testng-results total="3" passed="3" failed="0" skipped="0">
  <reporter-output>
  </reporter-output>
  <suite started-at="2020-11-18T20:26:44Z" name="Default suite" finished-at="2020-11-18T20:29:14Z" duration-ms="149460">
    <groups>
    </groups>
    <test started-at="2020-11-18T20:26:44Z" name="Default test" finished-at="2020-11-18T20:29:14Z" duration-ms="149460">
      <class name="com.timp.test.MDR.Siscoserv.RegistroRF.RegistroRFExcluirEmMassa">
        <test-method is-config="true" signature="beforeClass()[pri:0, instance:com.timp.test.MDR.Siscoserv.RegistroRF.RegistroRFExcluirEmMassa@54c5a2ff]" started-at="2020-11-18T17:26:44Z" name="beforeClass" finished-at="2020-11-18T17:26:58Z" duration-ms="14003" status="PASS">
          <reporter-output>
          </reporter-output>
        </test-method> <!-- beforeClass -->
        <test-method signature="login()[pri:0, instance:com.timp.test.MDR.Siscoserv.RegistroRF.RegistroRFExcluirEmMassa@54c5a2ff]" started-at="2020-11-18T17:26:58Z" name="login" finished-at="2020-11-18T17:27:07Z" duration-ms="8197" status="PASS">
          <reporter-output>
          </reporter-output>
        </test-method> <!-- login -->
        <test-method signature="acessarMDR()[pri:0, instance:com.timp.test.MDR.Siscoserv.RegistroRF.RegistroRFExcluirEmMassa@54c5a2ff]" started-at="2020-11-18T17:27:07Z" name="acessarMDR" finished-at="2020-11-18T17:27:31Z" duration-ms="24151" status="PASS">
          <reporter-output>
          </reporter-output>
        </test-method> <!-- acessarMDR -->
        <test-method signature="criar()[pri:0, instance:com.timp.test.MDR.Siscoserv.RegistroRF.RegistroRFExcluirEmMassa@54c5a2ff]" started-at="2020-11-18T17:27:31Z" name="criar" finished-at="2020-11-18T17:29:14Z" duration-ms="103036" status="PASS">
          <reporter-output>
          </reporter-output>
        </test-method> <!-- criar -->
        <test-method is-config="true" signature="afterClass()[pri:0, instance:com.timp.test.MDR.Siscoserv.RegistroRF.RegistroRFExcluirEmMassa@54c5a2ff]" started-at="2020-11-18T17:29:14Z" name="afterClass" finished-at="2020-11-18T17:29:14Z" duration-ms="61" status="PASS">
          <reporter-output>
          </reporter-output>
        </test-method> <!-- afterClass -->
      </class> <!-- com.timp.test.MDR.Siscoserv.RegistroRF.RegistroRFExcluirEmMassa -->
    </test> <!-- Default test -->
  </suite> <!-- Default suite -->
</testng-results>
