<?xml version="1.0" encoding="UTF-8"?>
<testng-results ignored="0" total="2" passed="2" failed="0" skipped="0">
  <reporter-output>
  </reporter-output>
  <suite started-at="2021-04-06T23:02:04Z" name="Default suite" finished-at="2021-04-06T23:05:02Z" duration-ms="178873">
    <groups>
    </groups>
    <test started-at="2021-04-06T23:02:04Z" name="Default test" finished-at="2021-04-06T23:05:02Z" duration-ms="178873">
      <class name="com.timp.test.MDR.ParametrosCriacaoNF.CadastroNotaFiscal.CadastroNotaFiscalExcluirEmMassa">
        <test-method is-config="true" signature="beforeClass()[pri:0, instance:com.timp.test.MDR.ParametrosCriacaoNF.CadastroNotaFiscal.CadastroNotaFiscalExcluirEmMassa@95e33cc]" started-at="2021-04-06T23:02:04Z" name="beforeClass" finished-at="2021-04-06T23:02:16Z" duration-ms="11990" status="PASS">
          <reporter-output>
          </reporter-output>
        </test-method> <!-- beforeClass -->
        <test-method signature="Criar()[pri:0, instance:com.timp.test.MDR.ParametrosCriacaoNF.CadastroNotaFiscal.CadastroNotaFiscalExcluirEmMassa@95e33cc]" started-at="2021-04-06T23:02:16Z" name="Criar" finished-at="2021-04-06T23:04:22Z" duration-ms="126582" status="PASS">
          <reporter-output>
          </reporter-output>
        </test-method> <!-- Criar -->
        <test-method signature="ExcluirEmMassa()[pri:0, instance:com.timp.test.MDR.ParametrosCriacaoNF.CadastroNotaFiscal.CadastroNotaFiscalExcluirEmMassa@95e33cc]" started-at="2021-04-06T23:04:22Z" name="ExcluirEmMassa" finished-at="2021-04-06T23:05:02Z" depends-on-methods="com.timp.test.MDR.ParametrosCriacaoNF.CadastroNotaFiscal.CadastroNotaFiscalExcluirEmMassa.Criar" duration-ms="40237" status="PASS">
          <reporter-output>
          </reporter-output>
        </test-method> <!-- ExcluirEmMassa -->
        <test-method is-config="true" signature="afterClass()[pri:0, instance:com.timp.test.MDR.ParametrosCriacaoNF.CadastroNotaFiscal.CadastroNotaFiscalExcluirEmMassa@95e33cc]" started-at="2021-04-06T23:05:02Z" name="afterClass" finished-at="2021-04-06T23:05:02Z" duration-ms="45" status="PASS">
          <reporter-output>
          </reporter-output>
        </test-method> <!-- afterClass -->
      </class> <!-- com.timp.test.MDR.ParametrosCriacaoNF.CadastroNotaFiscal.CadastroNotaFiscalExcluirEmMassa -->
    </test> <!-- Default test -->
  </suite> <!-- Default suite -->
</testng-results>
