<?xml version="1.0" encoding="UTF-8"?>
<testng-results ignored="0" total="3" passed="3" failed="0" skipped="0">
  <reporter-output>
  </reporter-output>
  <suite started-at="2023-04-25T18:45:40 UTC" name="Default suite" finished-at="2023-04-25T18:47:03 UTC" duration-ms="83154">
    <groups>
    </groups>
    <test started-at="2023-04-25T18:45:40 UTC" name="Default test" finished-at="2023-04-25T18:47:03 UTC" duration-ms="83154">
      <class name="com.timp.test.SCANC.RelatoriosRefineriaGerados.RRGConfiguracaoDeAjusteExcluir">
        <test-method is-config="true" signature="beforeClass()[pri:0, instance:com.timp.test.SCANC.RelatoriosRefineriaGerados.RRGConfiguracaoDeAjusteExcluir@47d9a273]" started-at="2023-04-25T18:45:40 UTC" name="beforeClass" finished-at="2023-04-25T18:45:43 UTC" duration-ms="3057" status="PASS">
          <reporter-output>
          </reporter-output>
        </test-method> <!-- beforeClass -->
        <test-method signature="ingresar()[pri:0, instance:com.timp.test.SCANC.RelatoriosRefineriaGerados.RRGConfiguracaoDeAjusteExcluir@47d9a273]" started-at="2023-04-25T18:45:43 UTC" name="ingresar" finished-at="2023-04-25T18:45:50 UTC" duration-ms="6695" status="PASS">
          <reporter-output>
          </reporter-output>
        </test-method> <!-- ingresar -->
        <test-method signature="scancEntrar()[pri:1, instance:com.timp.test.SCANC.RelatoriosRefineriaGerados.RRGConfiguracaoDeAjusteExcluir@47d9a273]" started-at="2023-04-25T18:45:50 UTC" name="scancEntrar" finished-at="2023-04-25T18:46:07 UTC" duration-ms="17491" status="PASS">
          <reporter-output>
          </reporter-output>
        </test-method> <!-- scancEntrar -->
        <test-method signature="excluir()[pri:2, instance:com.timp.test.SCANC.RelatoriosRefineriaGerados.RRGConfiguracaoDeAjusteExcluir@47d9a273]" started-at="2023-04-25T18:46:07 UTC" name="excluir" finished-at="2023-04-25T18:46:59 UTC" duration-ms="51795" status="PASS">
          <reporter-output>
          </reporter-output>
        </test-method> <!-- excluir -->
        <test-method is-config="true" signature="afterClass()[pri:0, instance:com.timp.test.SCANC.RelatoriosRefineriaGerados.RRGConfiguracaoDeAjusteExcluir@47d9a273]" started-at="2023-04-25T18:46:59 UTC" name="afterClass" finished-at="2023-04-25T18:47:03 UTC" duration-ms="4068" status="PASS">
          <reporter-output>
          </reporter-output>
        </test-method> <!-- afterClass -->
      </class> <!-- com.timp.test.SCANC.RelatoriosRefineriaGerados.RRGConfiguracaoDeAjusteExcluir -->
    </test> <!-- Default test -->
  </suite> <!-- Default suite -->
</testng-results>
