<?xml version="1.0" encoding="UTF-8"?>
<testng-results total="3" passed="3" failed="0" skipped="0">
  <reporter-output>
  </reporter-output>
  <suite started-at="2021-01-25T00:23:18Z" name="Default suite" finished-at="2021-01-25T00:27:12Z" duration-ms="233652">
    <groups>
    </groups>
    <test started-at="2021-01-25T00:23:18Z" name="Default test" finished-at="2021-01-25T00:27:12Z" duration-ms="233652">
      <class name="com.timp.test.TCC.BancoDeOcorrencias.Executados.BancodeOcorrênciasExecutadosEditar">
        <test-method is-config="true" signature="beforeClass()[pri:0, instance:com.timp.test.TCC.BancoDeOcorrencias.Executados.BancodeOcorrênciasExecutadosEditar@6f45df59]" started-at="2021-01-24T21:23:18Z" name="beforeClass" finished-at="2021-01-24T21:23:32Z" duration-ms="14042" status="PASS">
          <reporter-output>
          </reporter-output>
        </test-method> <!-- beforeClass -->
        <test-method signature="login()[pri:0, instance:com.timp.test.TCC.BancoDeOcorrencias.Executados.BancodeOcorrênciasExecutadosEditar@6f45df59]" started-at="2021-01-24T21:23:32Z" name="login" finished-at="2021-01-24T21:23:39Z" duration-ms="7107" status="PASS">
          <reporter-output>
          </reporter-output>
        </test-method> <!-- login -->
        <test-method signature="acessarTCC()[pri:0, instance:com.timp.test.TCC.BancoDeOcorrencias.Executados.BancodeOcorrênciasExecutadosEditar@6f45df59]" started-at="2021-01-24T21:23:39Z" name="acessarTCC" finished-at="2021-01-24T21:24:00Z" duration-ms="20184" status="PASS">
          <reporter-output>
          </reporter-output>
        </test-method> <!-- acessarTCC -->
        <test-method signature="executarEditar()[pri:0, instance:com.timp.test.TCC.BancoDeOcorrencias.Executados.BancodeOcorrênciasExecutadosEditar@6f45df59]" started-at="2021-01-24T21:24:00Z" name="executarEditar" finished-at="2021-01-24T21:27:12Z" duration-ms="192299" status="PASS">
          <reporter-output>
          </reporter-output>
        </test-method> <!-- executarEditar -->
        <test-method is-config="true" signature="afterClass()[pri:0, instance:com.timp.test.TCC.BancoDeOcorrencias.Executados.BancodeOcorrênciasExecutadosEditar@6f45df59]" started-at="2021-01-24T21:27:12Z" name="afterClass" finished-at="2021-01-24T21:27:12Z" duration-ms="0" status="PASS">
          <reporter-output>
          </reporter-output>
        </test-method> <!-- afterClass -->
      </class> <!-- com.timp.test.TCC.BancoDeOcorrencias.Executados.BancodeOcorrênciasExecutadosEditar -->
    </test> <!-- Default test -->
  </suite> <!-- Default suite -->
</testng-results>
