<?xml version="1.0" encoding="UTF-8"?>
<testng-results ignored="0" total="48" passed="40" failed="8" skipped="0">
  <reporter-output>
  </reporter-output>
  <suite started-at="2023-06-01T19:14:40 UTC" name="Suite" finished-at="2023-06-01T19:34:01 UTC" duration-ms="1160297">
    <groups>
    </groups>
    <test started-at="2023-06-01T19:14:40 UTC" name="SCANC &gt; Relatórios Refinaria Gerados - Filtros" finished-at="2023-06-01T19:17:32 UTC" duration-ms="171825">
      <class name="com.timp.test.SCANC.RelatoriosRefineriaGerados.RRGFiltrosAvacados">
        <test-method is-config="true" signature="beforeClass()[pri:0, instance:com.timp.test.SCANC.RelatoriosRefineriaGerados.RRGFiltrosAvacados@434a63ab]" started-at="2023-06-01T19:14:40 UTC" name="beforeClass" finished-at="2023-06-01T19:14:43 UTC" duration-ms="2944" status="PASS">
          <reporter-output>
          </reporter-output>
        </test-method> <!-- beforeClass -->
        <test-method signature="ingresar()[pri:0, instance:com.timp.test.SCANC.RelatoriosRefineriaGerados.RRGFiltrosAvacados@434a63ab]" started-at="2023-06-01T19:14:43 UTC" name="ingresar" finished-at="2023-06-01T19:14:50 UTC" duration-ms="6330" status="PASS">
          <reporter-output>
          </reporter-output>
        </test-method> <!-- ingresar -->
        <test-method signature="scancEntrar()[pri:1, instance:com.timp.test.SCANC.RelatoriosRefineriaGerados.RRGFiltrosAvacados@434a63ab]" started-at="2023-06-01T19:14:50 UTC" name="scancEntrar" finished-at="2023-06-01T19:15:06 UTC" duration-ms="16178" status="PASS">
          <reporter-output>
          </reporter-output>
        </test-method> <!-- scancEntrar -->
        <test-method signature="filtrosAvancados()[pri:2, instance:com.timp.test.SCANC.RelatoriosRefineriaGerados.RRGFiltrosAvacados@434a63ab]" started-at="2023-06-01T19:15:06 UTC" name="filtrosAvancados" finished-at="2023-06-01T19:16:00 UTC" duration-ms="54640" status="PASS">
          <reporter-output>
          </reporter-output>
        </test-method> <!-- filtrosAvancados -->
        <test-method is-config="true" signature="afterClass()[pri:0, instance:com.timp.test.SCANC.RelatoriosRefineriaGerados.RRGFiltrosAvacados@434a63ab]" started-at="2023-06-01T19:16:00 UTC" name="afterClass" finished-at="2023-06-01T19:16:00 UTC" duration-ms="92" status="PASS">
          <reporter-output>
          </reporter-output>
        </test-method> <!-- afterClass -->
      </class> <!-- com.timp.test.SCANC.RelatoriosRefineriaGerados.RRGFiltrosAvacados -->
      <class name="com.timp.test.SCANC.RelatoriosRefineriaGerados.RRGPesquisarPeloNome">
        <test-method is-config="true" signature="beforeClass()[pri:0, instance:com.timp.test.SCANC.RelatoriosRefineriaGerados.RRGPesquisarPeloNome@f0da945]" started-at="2023-06-01T19:16:01 UTC" name="beforeClass" finished-at="2023-06-01T19:16:03 UTC" duration-ms="2220" status="PASS">
          <reporter-output>
          </reporter-output>
        </test-method> <!-- beforeClass -->
        <test-method signature="ingresar()[pri:0, instance:com.timp.test.SCANC.RelatoriosRefineriaGerados.RRGPesquisarPeloNome@f0da945]" started-at="2023-06-01T19:16:03 UTC" name="ingresar" finished-at="2023-06-01T19:16:09 UTC" duration-ms="6066" status="PASS">
          <reporter-output>
          </reporter-output>
        </test-method> <!-- ingresar -->
        <test-method signature="scancEntrar()[pri:1, instance:com.timp.test.SCANC.RelatoriosRefineriaGerados.RRGPesquisarPeloNome@f0da945]" started-at="2023-06-01T19:16:09 UTC" name="scancEntrar" finished-at="2023-06-01T19:16:26 UTC" duration-ms="16712" status="PASS">
          <reporter-output>
          </reporter-output>
        </test-method> <!-- scancEntrar -->
        <test-method signature="pesquisar()[pri:2, instance:com.timp.test.SCANC.RelatoriosRefineriaGerados.RRGPesquisarPeloNome@f0da945]" started-at="2023-06-01T19:16:26 UTC" name="pesquisar" finished-at="2023-06-01T19:16:53 UTC" duration-ms="27587" status="PASS">
          <reporter-output>
          </reporter-output>
        </test-method> <!-- pesquisar -->
        <test-method is-config="true" signature="afterClass()[pri:0, instance:com.timp.test.SCANC.RelatoriosRefineriaGerados.RRGPesquisarPeloNome@f0da945]" started-at="2023-06-01T19:16:53 UTC" name="afterClass" finished-at="2023-06-01T19:16:53 UTC" duration-ms="93" status="PASS">
          <reporter-output>
          </reporter-output>
        </test-method> <!-- afterClass -->
      </class> <!-- com.timp.test.SCANC.RelatoriosRefineriaGerados.RRGPesquisarPeloNome -->
      <class name="com.timp.test.SCANC.RelatoriosRefineriaGerados.RRGFiltrosAvancadosNaVisualizacao">
        <test-method is-config="true" signature="beforeClass()[pri:0, instance:com.timp.test.SCANC.RelatoriosRefineriaGerados.RRGFiltrosAvancadosNaVisualizacao@53ce1329]" started-at="2023-06-01T19:16:53 UTC" name="beforeClass" finished-at="2023-06-01T19:16:55 UTC" duration-ms="2261" status="PASS">
          <reporter-output>
          </reporter-output>
        </test-method> <!-- beforeClass -->
        <test-method signature="ingresar()[pri:0, instance:com.timp.test.SCANC.RelatoriosRefineriaGerados.RRGFiltrosAvancadosNaVisualizacao@53ce1329]" started-at="2023-06-01T19:16:55 UTC" name="ingresar" finished-at="2023-06-01T19:17:02 UTC" duration-ms="6158" status="PASS">
          <reporter-output>
          </reporter-output>
        </test-method> <!-- ingresar -->
        <test-method signature="scancEntrar()[pri:1, instance:com.timp.test.SCANC.RelatoriosRefineriaGerados.RRGFiltrosAvancadosNaVisualizacao@53ce1329]" started-at="2023-06-01T19:17:02 UTC" name="scancEntrar" finished-at="2023-06-01T19:17:20 UTC" duration-ms="18322" status="PASS">
          <reporter-output>
          </reporter-output>
        </test-method> <!-- scancEntrar -->
        <test-method signature="filtrosAvancadosNavisualizacao()[pri:2, instance:com.timp.test.SCANC.RelatoriosRefineriaGerados.RRGFiltrosAvancadosNaVisualizacao@53ce1329]" started-at="2023-06-01T19:17:20 UTC" name="filtrosAvancadosNavisualizacao" finished-at="2023-06-01T19:17:32 UTC" duration-ms="12167" status="FAIL">
          <exception class="org.openqa.selenium.NoSuchElementException">
            <message>
              <![CDATA[no such element: Unable to locate element: {"method":"xpath","selector":"//div[@data-id="26"]/div[1]/div"}
  (Session info: chrome=113.0.5672.127)
For documentation on this error, please visit: https://www.seleniumhq.org/exceptions/no_such_element.html
Build info: version: '3.141.59', revision: 'e82be7d358', time: '2018-11-14T08:17:03'
System info: host: 'EC2AMAZ-8HCHO4G', ip: '10.0.0.249', os.name: 'Windows Server 2019', os.arch: 'amd64', os.version: '10.0', java.version: '17.0.4.1'
Driver info: org.openqa.selenium.chrome.ChromeDriver
Capabilities {acceptInsecureCerts: false, browserName: chrome, browserVersion: 113.0.5672.127, chrome: {chromedriverVersion: 113.0.5672.63 (0e1a4471d5ae..., userDataDir: C:\Users\user_ta\AppData\Lo...}, goog:chromeOptions: {debuggerAddress: localhost:57405}, javascriptEnabled: true, networkConnectionEnabled: false, pageLoadStrategy: normal, platform: WINDOWS, platformName: WINDOWS, proxy: Proxy(), setWindowRect: true, strictFileInteractability: false, timeouts: {implicit: 0, pageLoad: 300000, script: 30000}, unhandledPromptBehavior: dismiss and notify, webauthn:extension:credBlob: true, webauthn:extension:largeBlob: true, webauthn:extension:minPinLength: true, webauthn:extension:prf: true, webauthn:virtualAuthenticators: true}
Session ID: 323dd2322105177193d4c9abe032c243
*** Element info: {Using=xpath, value=//div[@data-id="26"]/div[1]/div}]]>
            </message>
            <full-stacktrace>
              <![CDATA[org.openqa.selenium.NoSuchElementException: no such element: Unable to locate element: {"method":"xpath","selector":"//div[@data-id="26"]/div[1]/div"}
  (Session info: chrome=113.0.5672.127)
For documentation on this error, please visit: https://www.seleniumhq.org/exceptions/no_such_element.html
Build info: version: '3.141.59', revision: 'e82be7d358', time: '2018-11-14T08:17:03'
System info: host: 'EC2AMAZ-8HCHO4G', ip: '10.0.0.249', os.name: 'Windows Server 2019', os.arch: 'amd64', os.version: '10.0', java.version: '17.0.4.1'
Driver info: org.openqa.selenium.chrome.ChromeDriver
Capabilities {acceptInsecureCerts: false, browserName: chrome, browserVersion: 113.0.5672.127, chrome: {chromedriverVersion: 113.0.5672.63 (0e1a4471d5ae..., userDataDir: C:\Users\user_ta\AppData\Lo...}, goog:chromeOptions: {debuggerAddress: localhost:57405}, javascriptEnabled: true, networkConnectionEnabled: false, pageLoadStrategy: normal, platform: WINDOWS, platformName: WINDOWS, proxy: Proxy(), setWindowRect: true, strictFileInteractability: false, timeouts: {implicit: 0, pageLoad: 300000, script: 30000}, unhandledPromptBehavior: dismiss and notify, webauthn:extension:credBlob: true, webauthn:extension:largeBlob: true, webauthn:extension:minPinLength: true, webauthn:extension:prf: true, webauthn:virtualAuthenticators: true}
Session ID: 323dd2322105177193d4c9abe032c243
*** Element info: {Using=xpath, value=//div[@data-id="26"]/div[1]/div}
at jdk.internal.reflect.GeneratedConstructorAccessor17.newInstance(Unknown Source)
at java.base/jdk.internal.reflect.DelegatingConstructorAccessorImpl.newInstance(DelegatingConstructorAccessorImpl.java:45)
at java.base/java.lang.reflect.Constructor.newInstanceWithCaller(Constructor.java:499)
at java.base/java.lang.reflect.Constructor.newInstance(Constructor.java:480)
at org.openqa.selenium.remote.http.W3CHttpResponseCodec.createException(W3CHttpResponseCodec.java:187)
at org.openqa.selenium.remote.http.W3CHttpResponseCodec.decode(W3CHttpResponseCodec.java:122)
at org.openqa.selenium.remote.http.W3CHttpResponseCodec.decode(W3CHttpResponseCodec.java:49)
at org.openqa.selenium.remote.HttpCommandExecutor.execute(HttpCommandExecutor.java:158)
at org.openqa.selenium.remote.service.DriverCommandExecutor.execute(DriverCommandExecutor.java:83)
at org.openqa.selenium.remote.RemoteWebDriver.execute(RemoteWebDriver.java:552)
at org.openqa.selenium.remote.RemoteWebDriver.findElement(RemoteWebDriver.java:323)
at org.openqa.selenium.remote.RemoteWebDriver.findElementByXPath(RemoteWebDriver.java:428)
at org.openqa.selenium.By$ByXPath.findElement(By.java:353)
at org.openqa.selenium.remote.RemoteWebDriver.findElement(RemoteWebDriver.java:315)
at com.sap.timp.pageObjectModel.SCANC.RelatoriosRefineriaGerados.RelatoriosReefineriaGeradosFiltrosAvancadosNaVisualizacaoPO.filtrosAvancadosNavisualizacao(RelatoriosReefineriaGeradosFiltrosAvancadosNaVisualizacaoPO.java:52)
at com.timp.test.SCANC.RelatoriosRefineriaGerados.RRGFiltrosAvancadosNaVisualizacao.filtrosAvancadosNavisualizacao(RRGFiltrosAvancadosNaVisualizacao.java:48)
at java.base/jdk.internal.reflect.NativeMethodAccessorImpl.invoke0(Native Method)
at java.base/jdk.internal.reflect.NativeMethodAccessorImpl.invoke(NativeMethodAccessorImpl.java:77)
at java.base/jdk.internal.reflect.DelegatingMethodAccessorImpl.invoke(DelegatingMethodAccessorImpl.java:43)
at java.base/java.lang.reflect.Method.invoke(Method.java:568)
at org.testng.internal.MethodInvocationHelper.invokeMethod(MethodInvocationHelper.java:133)
at org.testng.internal.TestInvoker.invokeMethod(TestInvoker.java:598)
at org.testng.internal.TestInvoker.invokeTestMethod(TestInvoker.java:173)
at org.testng.internal.MethodRunner.runInSequence(MethodRunner.java:46)
at org.testng.internal.TestInvoker$MethodInvocationAgent.invoke(TestInvoker.java:824)
at org.testng.internal.TestInvoker.invokeTestMethods(TestInvoker.java:146)
at org.testng.internal.TestMethodWorker.invokeTestMethods(TestMethodWorker.java:146)
at org.testng.internal.TestMethodWorker.run(TestMethodWorker.java:128)
at java.base/java.util.ArrayList.forEach(ArrayList.java:1511)
at org.testng.TestRunner.privateRun(TestRunner.java:794)
at org.testng.TestRunner.run(TestRunner.java:596)
at org.testng.SuiteRunner.runTest(SuiteRunner.java:377)
at org.testng.SuiteRunner.runSequentially(SuiteRunner.java:371)
at org.testng.SuiteRunner.privateRun(SuiteRunner.java:332)
at org.testng.SuiteRunner.run(SuiteRunner.java:276)
at org.testng.SuiteRunnerWorker.runSuite(SuiteRunnerWorker.java:53)
at org.testng.SuiteRunnerWorker.run(SuiteRunnerWorker.java:96)
at org.testng.TestNG.runSuitesSequentially(TestNG.java:1212)
at org.testng.TestNG.runSuitesLocally(TestNG.java:1134)
at org.testng.TestNG.runSuites(TestNG.java:1063)
at org.testng.TestNG.run(TestNG.java:1031)
at org.testng.remote.AbstractRemoteTestNG.run(AbstractRemoteTestNG.java:115)
at org.testng.remote.RemoteTestNG.initAndRun(RemoteTestNG.java:251)
at org.testng.remote.RemoteTestNG.main(RemoteTestNG.java:77)
]]>
            </full-stacktrace>
          </exception> <!-- org.openqa.selenium.NoSuchElementException -->
          <reporter-output>
          </reporter-output>
        </test-method> <!-- filtrosAvancadosNavisualizacao -->
        <test-method is-config="true" signature="afterClass()[pri:0, instance:com.timp.test.SCANC.RelatoriosRefineriaGerados.RRGFiltrosAvancadosNaVisualizacao@53ce1329]" started-at="2023-06-01T19:17:32 UTC" name="afterClass" finished-at="2023-06-01T19:17:32 UTC" duration-ms="0" status="PASS">
          <reporter-output>
          </reporter-output>
        </test-method> <!-- afterClass -->
      </class> <!-- com.timp.test.SCANC.RelatoriosRefineriaGerados.RRGFiltrosAvancadosNaVisualizacao -->
    </test> <!-- SCANC > Relatórios Refinaria Gerados - Filtros -->
    <test started-at="2023-06-01T19:17:32 UTC" name="SCANC &gt; Relatórios Refinaria Gerados - Campos de Saída" finished-at="2023-06-01T19:21:36 UTC" duration-ms="244254">
      <class name="com.timp.test.SCANC.RelatoriosRefineriaGerados.RRGExcluirCampoDeSaida">
        <test-method is-config="true" signature="beforeClass()[pri:0, instance:com.timp.test.SCANC.RelatoriosRefineriaGerados.RRGExcluirCampoDeSaida@4f80542f]" started-at="2023-06-01T19:20:23 UTC" name="beforeClass" finished-at="2023-06-01T19:20:25 UTC" duration-ms="2411" status="PASS">
          <reporter-output>
          </reporter-output>
        </test-method> <!-- beforeClass -->
        <test-method signature="ingresar()[pri:0, instance:com.timp.test.SCANC.RelatoriosRefineriaGerados.RRGExcluirCampoDeSaida@4f80542f]" started-at="2023-06-01T19:20:25 UTC" name="ingresar" finished-at="2023-06-01T19:20:32 UTC" duration-ms="6591" status="PASS">
          <reporter-output>
          </reporter-output>
        </test-method> <!-- ingresar -->
        <test-method signature="scancEntrar()[pri:1, instance:com.timp.test.SCANC.RelatoriosRefineriaGerados.RRGExcluirCampoDeSaida@4f80542f]" started-at="2023-06-01T19:20:32 UTC" name="scancEntrar" finished-at="2023-06-01T19:20:48 UTC" duration-ms="16652" status="PASS">
          <reporter-output>
          </reporter-output>
        </test-method> <!-- scancEntrar -->
        <test-method signature="excluir()[pri:2, instance:com.timp.test.SCANC.RelatoriosRefineriaGerados.RRGExcluirCampoDeSaida@4f80542f]" started-at="2023-06-01T19:20:48 UTC" name="excluir" finished-at="2023-06-01T19:21:36 UTC" duration-ms="48074" status="PASS">
          <reporter-output>
          </reporter-output>
        </test-method> <!-- excluir -->
        <test-method is-config="true" signature="afterClass()[pri:0, instance:com.timp.test.SCANC.RelatoriosRefineriaGerados.RRGExcluirCampoDeSaida@4f80542f]" started-at="2023-06-01T19:21:36 UTC" name="afterClass" finished-at="2023-06-01T19:21:36 UTC" duration-ms="56" status="PASS">
          <reporter-output>
          </reporter-output>
        </test-method> <!-- afterClass -->
      </class> <!-- com.timp.test.SCANC.RelatoriosRefineriaGerados.RRGExcluirCampoDeSaida -->
      <class name="com.timp.test.SCANC.RelatoriosRefineriaGerados.RRGEditarCampoDeSaida">
        <test-method is-config="true" signature="beforeClass()[pri:0, instance:com.timp.test.SCANC.RelatoriosRefineriaGerados.RRGEditarCampoDeSaida@534a5a98]" started-at="2023-06-01T19:18:51 UTC" name="beforeClass" finished-at="2023-06-01T19:18:53 UTC" duration-ms="2252" status="PASS">
          <reporter-output>
          </reporter-output>
        </test-method> <!-- beforeClass -->
        <test-method signature="ingresar()[pri:0, instance:com.timp.test.SCANC.RelatoriosRefineriaGerados.RRGEditarCampoDeSaida@534a5a98]" started-at="2023-06-01T19:18:53 UTC" name="ingresar" finished-at="2023-06-01T19:18:59 UTC" duration-ms="6129" status="PASS">
          <reporter-output>
          </reporter-output>
        </test-method> <!-- ingresar -->
        <test-method signature="scancEntrar()[pri:1, instance:com.timp.test.SCANC.RelatoriosRefineriaGerados.RRGEditarCampoDeSaida@534a5a98]" started-at="2023-06-01T19:18:59 UTC" name="scancEntrar" finished-at="2023-06-01T19:19:15 UTC" duration-ms="16129" status="PASS">
          <reporter-output>
          </reporter-output>
        </test-method> <!-- scancEntrar -->
        <test-method signature="editar()[pri:2, instance:com.timp.test.SCANC.RelatoriosRefineriaGerados.RRGEditarCampoDeSaida@534a5a98]" started-at="2023-06-01T19:19:15 UTC" name="editar" finished-at="2023-06-01T19:20:23 UTC" duration-ms="67248" status="FAIL">
          <exception class="java.lang.AssertionError">
            <message>
              <![CDATA[O valor do campo n�o foi editado expected [true] but found [false]]]>
            </message>
            <full-stacktrace>
              <![CDATA[java.lang.AssertionError: O valor do campo n�o foi editado expected [true] but found [false]
at org.testng.Assert.fail(Assert.java:99)
at org.testng.Assert.failNotEquals(Assert.java:1037)
at org.testng.Assert.assertTrue(Assert.java:45)
at com.timp.test.SCANC.RelatoriosRefineriaGerados.RRGEditarCampoDeSaida.editar(RRGEditarCampoDeSaida.java:46)
at java.base/jdk.internal.reflect.NativeMethodAccessorImpl.invoke0(Native Method)
at java.base/jdk.internal.reflect.NativeMethodAccessorImpl.invoke(NativeMethodAccessorImpl.java:77)
at java.base/jdk.internal.reflect.DelegatingMethodAccessorImpl.invoke(DelegatingMethodAccessorImpl.java:43)
at java.base/java.lang.reflect.Method.invoke(Method.java:568)
at org.testng.internal.MethodInvocationHelper.invokeMethod(MethodInvocationHelper.java:133)
at org.testng.internal.TestInvoker.invokeMethod(TestInvoker.java:598)
at org.testng.internal.TestInvoker.invokeTestMethod(TestInvoker.java:173)
at org.testng.internal.MethodRunner.runInSequence(MethodRunner.java:46)
at org.testng.internal.TestInvoker$MethodInvocationAgent.invoke(TestInvoker.java:824)
at org.testng.internal.TestInvoker.invokeTestMethods(TestInvoker.java:146)
at org.testng.internal.TestMethodWorker.invokeTestMethods(TestMethodWorker.java:146)
at org.testng.internal.TestMethodWorker.run(TestMethodWorker.java:128)
at java.base/java.util.ArrayList.forEach(ArrayList.java:1511)
at org.testng.TestRunner.privateRun(TestRunner.java:794)
at org.testng.TestRunner.run(TestRunner.java:596)
at org.testng.SuiteRunner.runTest(SuiteRunner.java:377)
at org.testng.SuiteRunner.runSequentially(SuiteRunner.java:371)
at org.testng.SuiteRunner.privateRun(SuiteRunner.java:332)
at org.testng.SuiteRunner.run(SuiteRunner.java:276)
at org.testng.SuiteRunnerWorker.runSuite(SuiteRunnerWorker.java:53)
at org.testng.SuiteRunnerWorker.run(SuiteRunnerWorker.java:96)
at org.testng.TestNG.runSuitesSequentially(TestNG.java:1212)
at org.testng.TestNG.runSuitesLocally(TestNG.java:1134)
at org.testng.TestNG.runSuites(TestNG.java:1063)
at org.testng.TestNG.run(TestNG.java:1031)
at org.testng.remote.AbstractRemoteTestNG.run(AbstractRemoteTestNG.java:115)
at org.testng.remote.RemoteTestNG.initAndRun(RemoteTestNG.java:251)
at org.testng.remote.RemoteTestNG.main(RemoteTestNG.java:77)
]]>
            </full-stacktrace>
          </exception> <!-- java.lang.AssertionError -->
          <reporter-output>
          </reporter-output>
        </test-method> <!-- editar -->
        <test-method is-config="true" signature="afterClass()[pri:0, instance:com.timp.test.SCANC.RelatoriosRefineriaGerados.RRGEditarCampoDeSaida@534a5a98]" started-at="2023-06-01T19:20:23 UTC" name="afterClass" finished-at="2023-06-01T19:20:23 UTC" duration-ms="79" status="PASS">
          <reporter-output>
          </reporter-output>
        </test-method> <!-- afterClass -->
      </class> <!-- com.timp.test.SCANC.RelatoriosRefineriaGerados.RRGEditarCampoDeSaida -->
      <class name="com.timp.test.SCANC.RelatoriosRefineriaGerados.RRGCriarCampoDeSaida">
        <test-method is-config="true" signature="beforeClass()[pri:0, instance:com.timp.test.SCANC.RelatoriosRefineriaGerados.RRGCriarCampoDeSaida@5a45133e]" started-at="2023-06-01T19:17:32 UTC" name="beforeClass" finished-at="2023-06-01T19:17:34 UTC" duration-ms="2283" status="PASS">
          <reporter-output>
          </reporter-output>
        </test-method> <!-- beforeClass -->
        <test-method signature="ingresar()[pri:0, instance:com.timp.test.SCANC.RelatoriosRefineriaGerados.RRGCriarCampoDeSaida@5a45133e]" started-at="2023-06-01T19:17:34 UTC" name="ingresar" finished-at="2023-06-01T19:17:40 UTC" duration-ms="6056" status="PASS">
          <reporter-output>
          </reporter-output>
        </test-method> <!-- ingresar -->
        <test-method signature="scancEntrar()[pri:1, instance:com.timp.test.SCANC.RelatoriosRefineriaGerados.RRGCriarCampoDeSaida@5a45133e]" started-at="2023-06-01T19:17:40 UTC" name="scancEntrar" finished-at="2023-06-01T19:17:57 UTC" duration-ms="16129" status="PASS">
          <reporter-output>
          </reporter-output>
        </test-method> <!-- scancEntrar -->
        <test-method signature="criarCampoDeSaida()[pri:2, instance:com.timp.test.SCANC.RelatoriosRefineriaGerados.RRGCriarCampoDeSaida@5a45133e]" started-at="2023-06-01T19:17:57 UTC" name="criarCampoDeSaida" finished-at="2023-06-01T19:18:51 UTC" duration-ms="54062" status="FAIL">
          <exception class="java.lang.AssertionError">
            <message>
              <![CDATA[O modo visualiza��o n�o est� ativado expected [true] but found [false]]]>
            </message>
            <full-stacktrace>
              <![CDATA[java.lang.AssertionError: O modo visualiza��o n�o est� ativado expected [true] but found [false]
at org.testng.Assert.fail(Assert.java:99)
at org.testng.Assert.failNotEquals(Assert.java:1037)
at org.testng.Assert.assertTrue(Assert.java:45)
at com.timp.test.SCANC.RelatoriosRefineriaGerados.RRGCriarCampoDeSaida.criarCampoDeSaida(RRGCriarCampoDeSaida.java:50)
at java.base/jdk.internal.reflect.NativeMethodAccessorImpl.invoke0(Native Method)
at java.base/jdk.internal.reflect.NativeMethodAccessorImpl.invoke(NativeMethodAccessorImpl.java:77)
at java.base/jdk.internal.reflect.DelegatingMethodAccessorImpl.invoke(DelegatingMethodAccessorImpl.java:43)
at java.base/java.lang.reflect.Method.invoke(Method.java:568)
at org.testng.internal.MethodInvocationHelper.invokeMethod(MethodInvocationHelper.java:133)
at org.testng.internal.TestInvoker.invokeMethod(TestInvoker.java:598)
at org.testng.internal.TestInvoker.invokeTestMethod(TestInvoker.java:173)
at org.testng.internal.MethodRunner.runInSequence(MethodRunner.java:46)
at org.testng.internal.TestInvoker$MethodInvocationAgent.invoke(TestInvoker.java:824)
at org.testng.internal.TestInvoker.invokeTestMethods(TestInvoker.java:146)
at org.testng.internal.TestMethodWorker.invokeTestMethods(TestMethodWorker.java:146)
at org.testng.internal.TestMethodWorker.run(TestMethodWorker.java:128)
at java.base/java.util.ArrayList.forEach(ArrayList.java:1511)
at org.testng.TestRunner.privateRun(TestRunner.java:794)
at org.testng.TestRunner.run(TestRunner.java:596)
at org.testng.SuiteRunner.runTest(SuiteRunner.java:377)
at org.testng.SuiteRunner.runSequentially(SuiteRunner.java:371)
at org.testng.SuiteRunner.privateRun(SuiteRunner.java:332)
at org.testng.SuiteRunner.run(SuiteRunner.java:276)
at org.testng.SuiteRunnerWorker.runSuite(SuiteRunnerWorker.java:53)
at org.testng.SuiteRunnerWorker.run(SuiteRunnerWorker.java:96)
at org.testng.TestNG.runSuitesSequentially(TestNG.java:1212)
at org.testng.TestNG.runSuitesLocally(TestNG.java:1134)
at org.testng.TestNG.runSuites(TestNG.java:1063)
at org.testng.TestNG.run(TestNG.java:1031)
at org.testng.remote.AbstractRemoteTestNG.run(AbstractRemoteTestNG.java:115)
at org.testng.remote.RemoteTestNG.initAndRun(RemoteTestNG.java:251)
at org.testng.remote.RemoteTestNG.main(RemoteTestNG.java:77)
]]>
            </full-stacktrace>
          </exception> <!-- java.lang.AssertionError -->
          <reporter-output>
          </reporter-output>
        </test-method> <!-- criarCampoDeSaida -->
        <test-method is-config="true" signature="afterClass()[pri:0, instance:com.timp.test.SCANC.RelatoriosRefineriaGerados.RRGCriarCampoDeSaida@5a45133e]" started-at="2023-06-01T19:18:51 UTC" name="afterClass" finished-at="2023-06-01T19:18:51 UTC" duration-ms="87" status="PASS">
          <reporter-output>
          </reporter-output>
        </test-method> <!-- afterClass -->
      </class> <!-- com.timp.test.SCANC.RelatoriosRefineriaGerados.RRGCriarCampoDeSaida -->
    </test> <!-- SCANC > Relatórios Refinaria Gerados - Campos de Saída -->
    <test started-at="2023-06-01T19:21:36 UTC" name="SCANC &gt; Relatórios Refinaria Gerados - Manutenção" finished-at="2023-06-01T19:22:53 UTC" duration-ms="76379">
      <class name="com.timp.test.SCANC.RelatoriosRefineriaGerados.RRGManutencaoEditarLancamento">
        <test-method is-config="true" signature="beforeClass()[pri:0, instance:com.timp.test.SCANC.RelatoriosRefineriaGerados.RRGManutencaoEditarLancamento@6221a451]" started-at="2023-06-01T19:22:14 UTC" name="beforeClass" finished-at="2023-06-01T19:22:16 UTC" duration-ms="2271" status="PASS">
          <reporter-output>
          </reporter-output>
        </test-method> <!-- beforeClass -->
        <test-method signature="ingresar()[pri:0, instance:com.timp.test.SCANC.RelatoriosRefineriaGerados.RRGManutencaoEditarLancamento@6221a451]" started-at="2023-06-01T19:22:16 UTC" name="ingresar" finished-at="2023-06-01T19:22:23 UTC" duration-ms="6820" status="PASS">
          <reporter-output>
          </reporter-output>
        </test-method> <!-- ingresar -->
        <test-method signature="scancEntrar()[pri:1, instance:com.timp.test.SCANC.RelatoriosRefineriaGerados.RRGManutencaoEditarLancamento@6221a451]" started-at="2023-06-01T19:22:23 UTC" name="scancEntrar" finished-at="2023-06-01T19:22:41 UTC" duration-ms="17742" status="PASS">
          <reporter-output>
          </reporter-output>
        </test-method> <!-- scancEntrar -->
        <test-method signature="manutencaoEditarLancamento()[pri:2, instance:com.timp.test.SCANC.RelatoriosRefineriaGerados.RRGManutencaoEditarLancamento@6221a451]" started-at="2023-06-01T19:22:41 UTC" name="manutencaoEditarLancamento" finished-at="2023-06-01T19:22:53 UTC" duration-ms="12168" status="FAIL">
          <exception class="org.openqa.selenium.NoSuchElementException">
            <message>
              <![CDATA[no such element: Unable to locate element: {"method":"xpath","selector":"//div[@data-id="9"]/div[1]/div"}
  (Session info: chrome=113.0.5672.127)
For documentation on this error, please visit: https://www.seleniumhq.org/exceptions/no_such_element.html
Build info: version: '3.141.59', revision: 'e82be7d358', time: '2018-11-14T08:17:03'
System info: host: 'EC2AMAZ-8HCHO4G', ip: '10.0.0.249', os.name: 'Windows Server 2019', os.arch: 'amd64', os.version: '10.0', java.version: '17.0.4.1'
Driver info: org.openqa.selenium.chrome.ChromeDriver
Capabilities {acceptInsecureCerts: false, browserName: chrome, browserVersion: 113.0.5672.127, chrome: {chromedriverVersion: 113.0.5672.63 (0e1a4471d5ae..., userDataDir: C:\Users\user_ta\AppData\Lo...}, goog:chromeOptions: {debuggerAddress: localhost:57524}, javascriptEnabled: true, networkConnectionEnabled: false, pageLoadStrategy: normal, platform: WINDOWS, platformName: WINDOWS, proxy: Proxy(), setWindowRect: true, strictFileInteractability: false, timeouts: {implicit: 0, pageLoad: 300000, script: 30000}, unhandledPromptBehavior: dismiss and notify, webauthn:extension:credBlob: true, webauthn:extension:largeBlob: true, webauthn:extension:minPinLength: true, webauthn:extension:prf: true, webauthn:virtualAuthenticators: true}
Session ID: 19b8d1afe0f66606949a4debbab384d3
*** Element info: {Using=xpath, value=//div[@data-id="9"]/div[1]/div}]]>
            </message>
            <full-stacktrace>
              <![CDATA[org.openqa.selenium.NoSuchElementException: no such element: Unable to locate element: {"method":"xpath","selector":"//div[@data-id="9"]/div[1]/div"}
  (Session info: chrome=113.0.5672.127)
For documentation on this error, please visit: https://www.seleniumhq.org/exceptions/no_such_element.html
Build info: version: '3.141.59', revision: 'e82be7d358', time: '2018-11-14T08:17:03'
System info: host: 'EC2AMAZ-8HCHO4G', ip: '10.0.0.249', os.name: 'Windows Server 2019', os.arch: 'amd64', os.version: '10.0', java.version: '17.0.4.1'
Driver info: org.openqa.selenium.chrome.ChromeDriver
Capabilities {acceptInsecureCerts: false, browserName: chrome, browserVersion: 113.0.5672.127, chrome: {chromedriverVersion: 113.0.5672.63 (0e1a4471d5ae..., userDataDir: C:\Users\user_ta\AppData\Lo...}, goog:chromeOptions: {debuggerAddress: localhost:57524}, javascriptEnabled: true, networkConnectionEnabled: false, pageLoadStrategy: normal, platform: WINDOWS, platformName: WINDOWS, proxy: Proxy(), setWindowRect: true, strictFileInteractability: false, timeouts: {implicit: 0, pageLoad: 300000, script: 30000}, unhandledPromptBehavior: dismiss and notify, webauthn:extension:credBlob: true, webauthn:extension:largeBlob: true, webauthn:extension:minPinLength: true, webauthn:extension:prf: true, webauthn:virtualAuthenticators: true}
Session ID: 19b8d1afe0f66606949a4debbab384d3
*** Element info: {Using=xpath, value=//div[@data-id="9"]/div[1]/div}
at jdk.internal.reflect.GeneratedConstructorAccessor17.newInstance(Unknown Source)
at java.base/jdk.internal.reflect.DelegatingConstructorAccessorImpl.newInstance(DelegatingConstructorAccessorImpl.java:45)
at java.base/java.lang.reflect.Constructor.newInstanceWithCaller(Constructor.java:499)
at java.base/java.lang.reflect.Constructor.newInstance(Constructor.java:480)
at org.openqa.selenium.remote.http.W3CHttpResponseCodec.createException(W3CHttpResponseCodec.java:187)
at org.openqa.selenium.remote.http.W3CHttpResponseCodec.decode(W3CHttpResponseCodec.java:122)
at org.openqa.selenium.remote.http.W3CHttpResponseCodec.decode(W3CHttpResponseCodec.java:49)
at org.openqa.selenium.remote.HttpCommandExecutor.execute(HttpCommandExecutor.java:158)
at org.openqa.selenium.remote.service.DriverCommandExecutor.execute(DriverCommandExecutor.java:83)
at org.openqa.selenium.remote.RemoteWebDriver.execute(RemoteWebDriver.java:552)
at org.openqa.selenium.remote.RemoteWebDriver.findElement(RemoteWebDriver.java:323)
at org.openqa.selenium.remote.RemoteWebDriver.findElementByXPath(RemoteWebDriver.java:428)
at org.openqa.selenium.By$ByXPath.findElement(By.java:353)
at org.openqa.selenium.remote.RemoteWebDriver.findElement(RemoteWebDriver.java:315)
at com.sap.timp.pageObjectModel.SCANC.RelatoriosRefineriaGerados.RelatorioRefineriaGeradosManutencaoEditarLancamentoPO.manutencaoEditarLancamento(RelatorioRefineriaGeradosManutencaoEditarLancamentoPO.java:57)
at com.timp.test.SCANC.RelatoriosRefineriaGerados.RRGManutencaoEditarLancamento.manutencaoEditarLancamento(RRGManutencaoEditarLancamento.java:45)
at java.base/jdk.internal.reflect.NativeMethodAccessorImpl.invoke0(Native Method)
at java.base/jdk.internal.reflect.NativeMethodAccessorImpl.invoke(NativeMethodAccessorImpl.java:77)
at java.base/jdk.internal.reflect.DelegatingMethodAccessorImpl.invoke(DelegatingMethodAccessorImpl.java:43)
at java.base/java.lang.reflect.Method.invoke(Method.java:568)
at org.testng.internal.MethodInvocationHelper.invokeMethod(MethodInvocationHelper.java:133)
at org.testng.internal.TestInvoker.invokeMethod(TestInvoker.java:598)
at org.testng.internal.TestInvoker.invokeTestMethod(TestInvoker.java:173)
at org.testng.internal.MethodRunner.runInSequence(MethodRunner.java:46)
at org.testng.internal.TestInvoker$MethodInvocationAgent.invoke(TestInvoker.java:824)
at org.testng.internal.TestInvoker.invokeTestMethods(TestInvoker.java:146)
at org.testng.internal.TestMethodWorker.invokeTestMethods(TestMethodWorker.java:146)
at org.testng.internal.TestMethodWorker.run(TestMethodWorker.java:128)
at java.base/java.util.ArrayList.forEach(ArrayList.java:1511)
at org.testng.TestRunner.privateRun(TestRunner.java:794)
at org.testng.TestRunner.run(TestRunner.java:596)
at org.testng.SuiteRunner.runTest(SuiteRunner.java:377)
at org.testng.SuiteRunner.runSequentially(SuiteRunner.java:371)
at org.testng.SuiteRunner.privateRun(SuiteRunner.java:332)
at org.testng.SuiteRunner.run(SuiteRunner.java:276)
at org.testng.SuiteRunnerWorker.runSuite(SuiteRunnerWorker.java:53)
at org.testng.SuiteRunnerWorker.run(SuiteRunnerWorker.java:96)
at org.testng.TestNG.runSuitesSequentially(TestNG.java:1212)
at org.testng.TestNG.runSuitesLocally(TestNG.java:1134)
at org.testng.TestNG.runSuites(TestNG.java:1063)
at org.testng.TestNG.run(TestNG.java:1031)
at org.testng.remote.AbstractRemoteTestNG.run(AbstractRemoteTestNG.java:115)
at org.testng.remote.RemoteTestNG.initAndRun(RemoteTestNG.java:251)
at org.testng.remote.RemoteTestNG.main(RemoteTestNG.java:77)
]]>
            </full-stacktrace>
          </exception> <!-- org.openqa.selenium.NoSuchElementException -->
          <reporter-output>
          </reporter-output>
        </test-method> <!-- manutencaoEditarLancamento -->
        <test-method is-config="true" signature="afterClass()[pri:0, instance:com.timp.test.SCANC.RelatoriosRefineriaGerados.RRGManutencaoEditarLancamento@6221a451]" started-at="2023-06-01T19:22:53 UTC" name="afterClass" finished-at="2023-06-01T19:22:53 UTC" duration-ms="1" status="PASS">
          <reporter-output>
          </reporter-output>
        </test-method> <!-- afterClass -->
      </class> <!-- com.timp.test.SCANC.RelatoriosRefineriaGerados.RRGManutencaoEditarLancamento -->
      <class name="com.timp.test.SCANC.RelatoriosRefineriaGerados.RRGManutencaoCriarLancamentoVisualizacaoAnexo">
        <test-method is-config="true" signature="beforeClass()[pri:0, instance:com.timp.test.SCANC.RelatoriosRefineriaGerados.RRGManutencaoCriarLancamentoVisualizacaoAnexo@2e6a8155]" started-at="2023-06-01T19:21:36 UTC" name="beforeClass" finished-at="2023-06-01T19:21:39 UTC" duration-ms="2249" status="PASS">
          <reporter-output>
          </reporter-output>
        </test-method> <!-- beforeClass -->
        <test-method signature="ingresar()[pri:0, instance:com.timp.test.SCANC.RelatoriosRefineriaGerados.RRGManutencaoCriarLancamentoVisualizacaoAnexo@2e6a8155]" started-at="2023-06-01T19:21:39 UTC" name="ingresar" finished-at="2023-06-01T19:21:45 UTC" duration-ms="6797" status="PASS">
          <reporter-output>
          </reporter-output>
        </test-method> <!-- ingresar -->
        <test-method signature="scancEntrar()[pri:1, instance:com.timp.test.SCANC.RelatoriosRefineriaGerados.RRGManutencaoCriarLancamentoVisualizacaoAnexo@2e6a8155]" started-at="2023-06-01T19:21:45 UTC" name="scancEntrar" finished-at="2023-06-01T19:22:02 UTC" duration-ms="16150" status="PASS">
          <reporter-output>
          </reporter-output>
        </test-method> <!-- scancEntrar -->
        <test-method signature="manutencaoCriarLancamentoVisualizacaoAnexo()[pri:2, instance:com.timp.test.SCANC.RelatoriosRefineriaGerados.RRGManutencaoCriarLancamentoVisualizacaoAnexo@2e6a8155]" started-at="2023-06-01T19:22:02 UTC" name="manutencaoCriarLancamentoVisualizacaoAnexo" finished-at="2023-06-01T19:22:14 UTC" duration-ms="12171" status="FAIL">
          <exception class="org.openqa.selenium.NoSuchElementException">
            <message>
              <![CDATA[no such element: Unable to locate element: {"method":"xpath","selector":"//div[@data-id="26"]/div[1]/div"}
  (Session info: chrome=113.0.5672.127)
For documentation on this error, please visit: https://www.seleniumhq.org/exceptions/no_such_element.html
Build info: version: '3.141.59', revision: 'e82be7d358', time: '2018-11-14T08:17:03'
System info: host: 'EC2AMAZ-8HCHO4G', ip: '10.0.0.249', os.name: 'Windows Server 2019', os.arch: 'amd64', os.version: '10.0', java.version: '17.0.4.1'
Driver info: org.openqa.selenium.chrome.ChromeDriver
Capabilities {acceptInsecureCerts: false, browserName: chrome, browserVersion: 113.0.5672.127, chrome: {chromedriverVersion: 113.0.5672.63 (0e1a4471d5ae..., userDataDir: C:\Users\user_ta\AppData\Lo...}, goog:chromeOptions: {debuggerAddress: localhost:57503}, javascriptEnabled: true, networkConnectionEnabled: false, pageLoadStrategy: normal, platform: WINDOWS, platformName: WINDOWS, proxy: Proxy(), setWindowRect: true, strictFileInteractability: false, timeouts: {implicit: 0, pageLoad: 300000, script: 30000}, unhandledPromptBehavior: dismiss and notify, webauthn:extension:credBlob: true, webauthn:extension:largeBlob: true, webauthn:extension:minPinLength: true, webauthn:extension:prf: true, webauthn:virtualAuthenticators: true}
Session ID: ef88cc52e21821bdfcb8acd03486647d
*** Element info: {Using=xpath, value=//div[@data-id="26"]/div[1]/div}]]>
            </message>
            <full-stacktrace>
              <![CDATA[org.openqa.selenium.NoSuchElementException: no such element: Unable to locate element: {"method":"xpath","selector":"//div[@data-id="26"]/div[1]/div"}
  (Session info: chrome=113.0.5672.127)
For documentation on this error, please visit: https://www.seleniumhq.org/exceptions/no_such_element.html
Build info: version: '3.141.59', revision: 'e82be7d358', time: '2018-11-14T08:17:03'
System info: host: 'EC2AMAZ-8HCHO4G', ip: '10.0.0.249', os.name: 'Windows Server 2019', os.arch: 'amd64', os.version: '10.0', java.version: '17.0.4.1'
Driver info: org.openqa.selenium.chrome.ChromeDriver
Capabilities {acceptInsecureCerts: false, browserName: chrome, browserVersion: 113.0.5672.127, chrome: {chromedriverVersion: 113.0.5672.63 (0e1a4471d5ae..., userDataDir: C:\Users\user_ta\AppData\Lo...}, goog:chromeOptions: {debuggerAddress: localhost:57503}, javascriptEnabled: true, networkConnectionEnabled: false, pageLoadStrategy: normal, platform: WINDOWS, platformName: WINDOWS, proxy: Proxy(), setWindowRect: true, strictFileInteractability: false, timeouts: {implicit: 0, pageLoad: 300000, script: 30000}, unhandledPromptBehavior: dismiss and notify, webauthn:extension:credBlob: true, webauthn:extension:largeBlob: true, webauthn:extension:minPinLength: true, webauthn:extension:prf: true, webauthn:virtualAuthenticators: true}
Session ID: ef88cc52e21821bdfcb8acd03486647d
*** Element info: {Using=xpath, value=//div[@data-id="26"]/div[1]/div}
at jdk.internal.reflect.GeneratedConstructorAccessor17.newInstance(Unknown Source)
at java.base/jdk.internal.reflect.DelegatingConstructorAccessorImpl.newInstance(DelegatingConstructorAccessorImpl.java:45)
at java.base/java.lang.reflect.Constructor.newInstanceWithCaller(Constructor.java:499)
at java.base/java.lang.reflect.Constructor.newInstance(Constructor.java:480)
at org.openqa.selenium.remote.http.W3CHttpResponseCodec.createException(W3CHttpResponseCodec.java:187)
at org.openqa.selenium.remote.http.W3CHttpResponseCodec.decode(W3CHttpResponseCodec.java:122)
at org.openqa.selenium.remote.http.W3CHttpResponseCodec.decode(W3CHttpResponseCodec.java:49)
at org.openqa.selenium.remote.HttpCommandExecutor.execute(HttpCommandExecutor.java:158)
at org.openqa.selenium.remote.service.DriverCommandExecutor.execute(DriverCommandExecutor.java:83)
at org.openqa.selenium.remote.RemoteWebDriver.execute(RemoteWebDriver.java:552)
at org.openqa.selenium.remote.RemoteWebDriver.findElement(RemoteWebDriver.java:323)
at org.openqa.selenium.remote.RemoteWebDriver.findElementByXPath(RemoteWebDriver.java:428)
at org.openqa.selenium.By$ByXPath.findElement(By.java:353)
at org.openqa.selenium.remote.RemoteWebDriver.findElement(RemoteWebDriver.java:315)
at com.sap.timp.pageObjectModel.SCANC.RelatoriosRefineriaGerados.RelatorioRefinariaGeradosManutencaoCriarLancamentoVisualizacaoAnexoPO.llenarDatosTC2(RelatorioRefinariaGeradosManutencaoCriarLancamentoVisualizacaoAnexoPO.java:490)
at com.sap.timp.pageObjectModel.SCANC.RelatoriosRefineriaGerados.RelatorioRefinariaGeradosManutencaoCriarLancamentoVisualizacaoAnexoPO.manutencaoCriarLancamentoVisualizacaoAnexo(RelatorioRefinariaGeradosManutencaoCriarLancamentoVisualizacaoAnexoPO.java:825)
at com.timp.test.SCANC.RelatoriosRefineriaGerados.RRGManutencaoCriarLancamentoVisualizacaoAnexo.manutencaoCriarLancamentoVisualizacaoAnexo(RRGManutencaoCriarLancamentoVisualizacaoAnexo.java:48)
at java.base/jdk.internal.reflect.NativeMethodAccessorImpl.invoke0(Native Method)
at java.base/jdk.internal.reflect.NativeMethodAccessorImpl.invoke(NativeMethodAccessorImpl.java:77)
at java.base/jdk.internal.reflect.DelegatingMethodAccessorImpl.invoke(DelegatingMethodAccessorImpl.java:43)
at java.base/java.lang.reflect.Method.invoke(Method.java:568)
at org.testng.internal.MethodInvocationHelper.invokeMethod(MethodInvocationHelper.java:133)
at org.testng.internal.TestInvoker.invokeMethod(TestInvoker.java:598)
at org.testng.internal.TestInvoker.invokeTestMethod(TestInvoker.java:173)
at org.testng.internal.MethodRunner.runInSequence(MethodRunner.java:46)
at org.testng.internal.TestInvoker$MethodInvocationAgent.invoke(TestInvoker.java:824)
at org.testng.internal.TestInvoker.invokeTestMethods(TestInvoker.java:146)
at org.testng.internal.TestMethodWorker.invokeTestMethods(TestMethodWorker.java:146)
at org.testng.internal.TestMethodWorker.run(TestMethodWorker.java:128)
at java.base/java.util.ArrayList.forEach(ArrayList.java:1511)
at org.testng.TestRunner.privateRun(TestRunner.java:794)
at org.testng.TestRunner.run(TestRunner.java:596)
at org.testng.SuiteRunner.runTest(SuiteRunner.java:377)
at org.testng.SuiteRunner.runSequentially(SuiteRunner.java:371)
at org.testng.SuiteRunner.privateRun(SuiteRunner.java:332)
at org.testng.SuiteRunner.run(SuiteRunner.java:276)
at org.testng.SuiteRunnerWorker.runSuite(SuiteRunnerWorker.java:53)
at org.testng.SuiteRunnerWorker.run(SuiteRunnerWorker.java:96)
at org.testng.TestNG.runSuitesSequentially(TestNG.java:1212)
at org.testng.TestNG.runSuitesLocally(TestNG.java:1134)
at org.testng.TestNG.runSuites(TestNG.java:1063)
at org.testng.TestNG.run(TestNG.java:1031)
at org.testng.remote.AbstractRemoteTestNG.run(AbstractRemoteTestNG.java:115)
at org.testng.remote.RemoteTestNG.initAndRun(RemoteTestNG.java:251)
at org.testng.remote.RemoteTestNG.main(RemoteTestNG.java:77)
]]>
            </full-stacktrace>
          </exception> <!-- org.openqa.selenium.NoSuchElementException -->
          <reporter-output>
          </reporter-output>
        </test-method> <!-- manutencaoCriarLancamentoVisualizacaoAnexo -->
        <test-method is-config="true" signature="afterClass()[pri:0, instance:com.timp.test.SCANC.RelatoriosRefineriaGerados.RRGManutencaoCriarLancamentoVisualizacaoAnexo@2e6a8155]" started-at="2023-06-01T19:22:14 UTC" name="afterClass" finished-at="2023-06-01T19:22:14 UTC" duration-ms="0" status="PASS">
          <reporter-output>
          </reporter-output>
        </test-method> <!-- afterClass -->
      </class> <!-- com.timp.test.SCANC.RelatoriosRefineriaGerados.RRGManutencaoCriarLancamentoVisualizacaoAnexo -->
    </test> <!-- SCANC > Relatórios Refinaria Gerados - Manutenção -->
    <test started-at="2023-06-01T19:22:53 UTC" name="SCANC &gt; Relatórios Refinaria Gerados - Generar " finished-at="2023-06-01T19:24:51 UTC" duration-ms="117722">
      <class name="com.timp.test.SCANC.RelatoriosRefineriaGerados.RRGInformacao">
        <test-method is-config="true" signature="beforeClass()[pri:0, instance:com.timp.test.SCANC.RelatoriosRefineriaGerados.RRGInformacao@4d154ccd]" started-at="2023-06-01T19:23:30 UTC" name="beforeClass" finished-at="2023-06-01T19:23:33 UTC" duration-ms="2226" status="PASS">
          <reporter-output>
          </reporter-output>
        </test-method> <!-- beforeClass -->
        <test-method signature="ingresar()[pri:0, instance:com.timp.test.SCANC.RelatoriosRefineriaGerados.RRGInformacao@4d154ccd]" started-at="2023-06-01T19:23:33 UTC" name="ingresar" finished-at="2023-06-01T19:23:39 UTC" duration-ms="5945" status="PASS">
          <reporter-output>
          </reporter-output>
        </test-method> <!-- ingresar -->
        <test-method signature="scancEntrar()[pri:1, instance:com.timp.test.SCANC.RelatoriosRefineriaGerados.RRGInformacao@4d154ccd]" started-at="2023-06-01T19:23:39 UTC" name="scancEntrar" finished-at="2023-06-01T19:23:56 UTC" duration-ms="17264" status="PASS">
          <reporter-output>
          </reporter-output>
        </test-method> <!-- scancEntrar -->
        <test-method signature="informacao()[pri:2, instance:com.timp.test.SCANC.RelatoriosRefineriaGerados.RRGInformacao@4d154ccd]" started-at="2023-06-01T19:23:56 UTC" name="informacao" finished-at="2023-06-01T19:24:08 UTC" duration-ms="12178" status="FAIL">
          <exception class="org.openqa.selenium.NoSuchElementException">
            <message>
              <![CDATA[no such element: Unable to locate element: {"method":"xpath","selector":"//div[contains(@class,"tbody")]/div[contains(@class,"tr") and @data-id="26"]/div[1]/div"}
  (Session info: chrome=113.0.5672.127)
For documentation on this error, please visit: https://www.seleniumhq.org/exceptions/no_such_element.html
Build info: version: '3.141.59', revision: 'e82be7d358', time: '2018-11-14T08:17:03'
System info: host: 'EC2AMAZ-8HCHO4G', ip: '10.0.0.249', os.name: 'Windows Server 2019', os.arch: 'amd64', os.version: '10.0', java.version: '17.0.4.1'
Driver info: org.openqa.selenium.chrome.ChromeDriver
Capabilities {acceptInsecureCerts: false, browserName: chrome, browserVersion: 113.0.5672.127, chrome: {chromedriverVersion: 113.0.5672.63 (0e1a4471d5ae..., userDataDir: C:\Users\user_ta\AppData\Lo...}, goog:chromeOptions: {debuggerAddress: localhost:57568}, javascriptEnabled: true, networkConnectionEnabled: false, pageLoadStrategy: normal, platform: WINDOWS, platformName: WINDOWS, proxy: Proxy(), setWindowRect: true, strictFileInteractability: false, timeouts: {implicit: 0, pageLoad: 300000, script: 30000}, unhandledPromptBehavior: dismiss and notify, webauthn:extension:credBlob: true, webauthn:extension:largeBlob: true, webauthn:extension:minPinLength: true, webauthn:extension:prf: true, webauthn:virtualAuthenticators: true}
Session ID: d9698f31f48f2f5d79be5417cee8cf1f
*** Element info: {Using=xpath, value=//div[contains(@class,"tbody")]/div[contains(@class,"tr") and @data-id="26"]/div[1]/div}]]>
            </message>
            <full-stacktrace>
              <![CDATA[org.openqa.selenium.NoSuchElementException: no such element: Unable to locate element: {"method":"xpath","selector":"//div[contains(@class,"tbody")]/div[contains(@class,"tr") and @data-id="26"]/div[1]/div"}
  (Session info: chrome=113.0.5672.127)
For documentation on this error, please visit: https://www.seleniumhq.org/exceptions/no_such_element.html
Build info: version: '3.141.59', revision: 'e82be7d358', time: '2018-11-14T08:17:03'
System info: host: 'EC2AMAZ-8HCHO4G', ip: '10.0.0.249', os.name: 'Windows Server 2019', os.arch: 'amd64', os.version: '10.0', java.version: '17.0.4.1'
Driver info: org.openqa.selenium.chrome.ChromeDriver
Capabilities {acceptInsecureCerts: false, browserName: chrome, browserVersion: 113.0.5672.127, chrome: {chromedriverVersion: 113.0.5672.63 (0e1a4471d5ae..., userDataDir: C:\Users\user_ta\AppData\Lo...}, goog:chromeOptions: {debuggerAddress: localhost:57568}, javascriptEnabled: true, networkConnectionEnabled: false, pageLoadStrategy: normal, platform: WINDOWS, platformName: WINDOWS, proxy: Proxy(), setWindowRect: true, strictFileInteractability: false, timeouts: {implicit: 0, pageLoad: 300000, script: 30000}, unhandledPromptBehavior: dismiss and notify, webauthn:extension:credBlob: true, webauthn:extension:largeBlob: true, webauthn:extension:minPinLength: true, webauthn:extension:prf: true, webauthn:virtualAuthenticators: true}
Session ID: d9698f31f48f2f5d79be5417cee8cf1f
*** Element info: {Using=xpath, value=//div[contains(@class,"tbody")]/div[contains(@class,"tr") and @data-id="26"]/div[1]/div}
at jdk.internal.reflect.GeneratedConstructorAccessor17.newInstance(Unknown Source)
at java.base/jdk.internal.reflect.DelegatingConstructorAccessorImpl.newInstance(DelegatingConstructorAccessorImpl.java:45)
at java.base/java.lang.reflect.Constructor.newInstanceWithCaller(Constructor.java:499)
at java.base/java.lang.reflect.Constructor.newInstance(Constructor.java:480)
at org.openqa.selenium.remote.http.W3CHttpResponseCodec.createException(W3CHttpResponseCodec.java:187)
at org.openqa.selenium.remote.http.W3CHttpResponseCodec.decode(W3CHttpResponseCodec.java:122)
at org.openqa.selenium.remote.http.W3CHttpResponseCodec.decode(W3CHttpResponseCodec.java:49)
at org.openqa.selenium.remote.HttpCommandExecutor.execute(HttpCommandExecutor.java:158)
at org.openqa.selenium.remote.service.DriverCommandExecutor.execute(DriverCommandExecutor.java:83)
at org.openqa.selenium.remote.RemoteWebDriver.execute(RemoteWebDriver.java:552)
at org.openqa.selenium.remote.RemoteWebDriver.findElement(RemoteWebDriver.java:323)
at org.openqa.selenium.remote.RemoteWebDriver.findElementByXPath(RemoteWebDriver.java:428)
at org.openqa.selenium.By$ByXPath.findElement(By.java:353)
at org.openqa.selenium.remote.RemoteWebDriver.findElement(RemoteWebDriver.java:315)
at com.sap.timp.pageObjectModel.SCANC.RelatoriosRefineriaGerados.RelatoriosRefinariaGeradosInformacaoPO.informacao(RelatoriosRefinariaGeradosInformacaoPO.java:54)
at com.timp.test.SCANC.RelatoriosRefineriaGerados.RRGInformacao.informacao(RRGInformacao.java:47)
at java.base/jdk.internal.reflect.NativeMethodAccessorImpl.invoke0(Native Method)
at java.base/jdk.internal.reflect.NativeMethodAccessorImpl.invoke(NativeMethodAccessorImpl.java:77)
at java.base/jdk.internal.reflect.DelegatingMethodAccessorImpl.invoke(DelegatingMethodAccessorImpl.java:43)
at java.base/java.lang.reflect.Method.invoke(Method.java:568)
at org.testng.internal.MethodInvocationHelper.invokeMethod(MethodInvocationHelper.java:133)
at org.testng.internal.TestInvoker.invokeMethod(TestInvoker.java:598)
at org.testng.internal.TestInvoker.invokeTestMethod(TestInvoker.java:173)
at org.testng.internal.MethodRunner.runInSequence(MethodRunner.java:46)
at org.testng.internal.TestInvoker$MethodInvocationAgent.invoke(TestInvoker.java:824)
at org.testng.internal.TestInvoker.invokeTestMethods(TestInvoker.java:146)
at org.testng.internal.TestMethodWorker.invokeTestMethods(TestMethodWorker.java:146)
at org.testng.internal.TestMethodWorker.run(TestMethodWorker.java:128)
at java.base/java.util.ArrayList.forEach(ArrayList.java:1511)
at org.testng.TestRunner.privateRun(TestRunner.java:794)
at org.testng.TestRunner.run(TestRunner.java:596)
at org.testng.SuiteRunner.runTest(SuiteRunner.java:377)
at org.testng.SuiteRunner.runSequentially(SuiteRunner.java:371)
at org.testng.SuiteRunner.privateRun(SuiteRunner.java:332)
at org.testng.SuiteRunner.run(SuiteRunner.java:276)
at org.testng.SuiteRunnerWorker.runSuite(SuiteRunnerWorker.java:53)
at org.testng.SuiteRunnerWorker.run(SuiteRunnerWorker.java:96)
at org.testng.TestNG.runSuitesSequentially(TestNG.java:1212)
at org.testng.TestNG.runSuitesLocally(TestNG.java:1134)
at org.testng.TestNG.runSuites(TestNG.java:1063)
at org.testng.TestNG.run(TestNG.java:1031)
at org.testng.remote.AbstractRemoteTestNG.run(AbstractRemoteTestNG.java:115)
at org.testng.remote.RemoteTestNG.initAndRun(RemoteTestNG.java:251)
at org.testng.remote.RemoteTestNG.main(RemoteTestNG.java:77)
]]>
            </full-stacktrace>
          </exception> <!-- org.openqa.selenium.NoSuchElementException -->
          <reporter-output>
          </reporter-output>
        </test-method> <!-- informacao -->
        <test-method is-config="true" signature="afterClass()[pri:0, instance:com.timp.test.SCANC.RelatoriosRefineriaGerados.RRGInformacao@4d154ccd]" started-at="2023-06-01T19:24:08 UTC" name="afterClass" finished-at="2023-06-01T19:24:08 UTC" duration-ms="79" status="PASS">
          <reporter-output>
          </reporter-output>
        </test-method> <!-- afterClass -->
      </class> <!-- com.timp.test.SCANC.RelatoriosRefineriaGerados.RRGInformacao -->
      <class name="com.timp.test.SCANC.RelatoriosRefineriaGerados.RRGGerarAnexos6712MasVisualizacao">
        <test-method is-config="true" signature="beforeClass()[pri:0, instance:com.timp.test.SCANC.RelatoriosRefineriaGerados.RRGGerarAnexos6712MasVisualizacao@65c7a252]" started-at="2023-06-01T19:22:53 UTC" name="beforeClass" finished-at="2023-06-01T19:22:55 UTC" duration-ms="2253" status="PASS">
          <reporter-output>
          </reporter-output>
        </test-method> <!-- beforeClass -->
        <test-method signature="ingresar()[pri:0, instance:com.timp.test.SCANC.RelatoriosRefineriaGerados.RRGGerarAnexos6712MasVisualizacao@65c7a252]" started-at="2023-06-01T19:22:55 UTC" name="ingresar" finished-at="2023-06-01T19:23:02 UTC" duration-ms="7010" status="PASS">
          <reporter-output>
          </reporter-output>
        </test-method> <!-- ingresar -->
        <test-method signature="scancEntrar()[pri:1, instance:com.timp.test.SCANC.RelatoriosRefineriaGerados.RRGGerarAnexos6712MasVisualizacao@65c7a252]" started-at="2023-06-01T19:23:02 UTC" name="scancEntrar" finished-at="2023-06-01T19:23:18 UTC" duration-ms="16116" status="PASS">
          <reporter-output>
          </reporter-output>
        </test-method> <!-- scancEntrar -->
        <test-method signature="gerarAnexosMasVisualizacao()[pri:2, instance:com.timp.test.SCANC.RelatoriosRefineriaGerados.RRGGerarAnexos6712MasVisualizacao@65c7a252]" started-at="2023-06-01T19:23:18 UTC" name="gerarAnexosMasVisualizacao" finished-at="2023-06-01T19:23:30 UTC" duration-ms="12159" status="FAIL">
          <exception class="org.openqa.selenium.NoSuchElementException">
            <message>
              <![CDATA[no such element: Unable to locate element: {"method":"xpath","selector":"//span[text()="Gerar Anexos 6, 7 e 12"]"}
  (Session info: chrome=113.0.5672.127)
For documentation on this error, please visit: https://www.seleniumhq.org/exceptions/no_such_element.html
Build info: version: '3.141.59', revision: 'e82be7d358', time: '2018-11-14T08:17:03'
System info: host: 'EC2AMAZ-8HCHO4G', ip: '10.0.0.249', os.name: 'Windows Server 2019', os.arch: 'amd64', os.version: '10.0', java.version: '17.0.4.1'
Driver info: org.openqa.selenium.chrome.ChromeDriver
Capabilities {acceptInsecureCerts: false, browserName: chrome, browserVersion: 113.0.5672.127, chrome: {chromedriverVersion: 113.0.5672.63 (0e1a4471d5ae..., userDataDir: C:\Users\user_ta\AppData\Lo...}, goog:chromeOptions: {debuggerAddress: localhost:57546}, javascriptEnabled: true, networkConnectionEnabled: false, pageLoadStrategy: normal, platform: WINDOWS, platformName: WINDOWS, proxy: Proxy(), setWindowRect: true, strictFileInteractability: false, timeouts: {implicit: 0, pageLoad: 300000, script: 30000}, unhandledPromptBehavior: dismiss and notify, webauthn:extension:credBlob: true, webauthn:extension:largeBlob: true, webauthn:extension:minPinLength: true, webauthn:extension:prf: true, webauthn:virtualAuthenticators: true}
Session ID: 908cac12d635052bd76f36475e9dd63c
*** Element info: {Using=xpath, value=//span[text()="Gerar Anexos 6, 7 e 12"]}]]>
            </message>
            <full-stacktrace>
              <![CDATA[org.openqa.selenium.NoSuchElementException: no such element: Unable to locate element: {"method":"xpath","selector":"//span[text()="Gerar Anexos 6, 7 e 12"]"}
  (Session info: chrome=113.0.5672.127)
For documentation on this error, please visit: https://www.seleniumhq.org/exceptions/no_such_element.html
Build info: version: '3.141.59', revision: 'e82be7d358', time: '2018-11-14T08:17:03'
System info: host: 'EC2AMAZ-8HCHO4G', ip: '10.0.0.249', os.name: 'Windows Server 2019', os.arch: 'amd64', os.version: '10.0', java.version: '17.0.4.1'
Driver info: org.openqa.selenium.chrome.ChromeDriver
Capabilities {acceptInsecureCerts: false, browserName: chrome, browserVersion: 113.0.5672.127, chrome: {chromedriverVersion: 113.0.5672.63 (0e1a4471d5ae..., userDataDir: C:\Users\user_ta\AppData\Lo...}, goog:chromeOptions: {debuggerAddress: localhost:57546}, javascriptEnabled: true, networkConnectionEnabled: false, pageLoadStrategy: normal, platform: WINDOWS, platformName: WINDOWS, proxy: Proxy(), setWindowRect: true, strictFileInteractability: false, timeouts: {implicit: 0, pageLoad: 300000, script: 30000}, unhandledPromptBehavior: dismiss and notify, webauthn:extension:credBlob: true, webauthn:extension:largeBlob: true, webauthn:extension:minPinLength: true, webauthn:extension:prf: true, webauthn:virtualAuthenticators: true}
Session ID: 908cac12d635052bd76f36475e9dd63c
*** Element info: {Using=xpath, value=//span[text()="Gerar Anexos 6, 7 e 12"]}
at jdk.internal.reflect.GeneratedConstructorAccessor17.newInstance(Unknown Source)
at java.base/jdk.internal.reflect.DelegatingConstructorAccessorImpl.newInstance(DelegatingConstructorAccessorImpl.java:45)
at java.base/java.lang.reflect.Constructor.newInstanceWithCaller(Constructor.java:499)
at java.base/java.lang.reflect.Constructor.newInstance(Constructor.java:480)
at org.openqa.selenium.remote.http.W3CHttpResponseCodec.createException(W3CHttpResponseCodec.java:187)
at org.openqa.selenium.remote.http.W3CHttpResponseCodec.decode(W3CHttpResponseCodec.java:122)
at org.openqa.selenium.remote.http.W3CHttpResponseCodec.decode(W3CHttpResponseCodec.java:49)
at org.openqa.selenium.remote.HttpCommandExecutor.execute(HttpCommandExecutor.java:158)
at org.openqa.selenium.remote.service.DriverCommandExecutor.execute(DriverCommandExecutor.java:83)
at org.openqa.selenium.remote.RemoteWebDriver.execute(RemoteWebDriver.java:552)
at org.openqa.selenium.remote.RemoteWebDriver.findElement(RemoteWebDriver.java:323)
at org.openqa.selenium.remote.RemoteWebDriver.findElementByXPath(RemoteWebDriver.java:428)
at org.openqa.selenium.By$ByXPath.findElement(By.java:353)
at org.openqa.selenium.remote.RemoteWebDriver.findElement(RemoteWebDriver.java:315)
at org.openqa.selenium.support.pagefactory.DefaultElementLocator.findElement(DefaultElementLocator.java:69)
at org.openqa.selenium.support.pagefactory.internal.LocatingElementHandler.invoke(LocatingElementHandler.java:38)
at jdk.proxy2/jdk.proxy2.$Proxy12.click(Unknown Source)
at com.sap.timp.pageObjectModel.SCANC.RelatoriosRefineriaGerados.RelatoriosRefineriaGeradosGerarAnexos6712MasVisualizacaoPO.gerarAnexosMasVisualizacao(RelatoriosRefineriaGeradosGerarAnexos6712MasVisualizacaoPO.java:55)
at com.timp.test.SCANC.RelatoriosRefineriaGerados.RRGGerarAnexos6712MasVisualizacao.gerarAnexosMasVisualizacao(RRGGerarAnexos6712MasVisualizacao.java:48)
at java.base/jdk.internal.reflect.NativeMethodAccessorImpl.invoke0(Native Method)
at java.base/jdk.internal.reflect.NativeMethodAccessorImpl.invoke(NativeMethodAccessorImpl.java:77)
at java.base/jdk.internal.reflect.DelegatingMethodAccessorImpl.invoke(DelegatingMethodAccessorImpl.java:43)
at java.base/java.lang.reflect.Method.invoke(Method.java:568)
at org.testng.internal.MethodInvocationHelper.invokeMethod(MethodInvocationHelper.java:133)
at org.testng.internal.TestInvoker.invokeMethod(TestInvoker.java:598)
at org.testng.internal.TestInvoker.invokeTestMethod(TestInvoker.java:173)
at org.testng.internal.MethodRunner.runInSequence(MethodRunner.java:46)
at org.testng.internal.TestInvoker$MethodInvocationAgent.invoke(TestInvoker.java:824)
at org.testng.internal.TestInvoker.invokeTestMethods(TestInvoker.java:146)
at org.testng.internal.TestMethodWorker.invokeTestMethods(TestMethodWorker.java:146)
at org.testng.internal.TestMethodWorker.run(TestMethodWorker.java:128)
at java.base/java.util.ArrayList.forEach(ArrayList.java:1511)
at org.testng.TestRunner.privateRun(TestRunner.java:794)
at org.testng.TestRunner.run(TestRunner.java:596)
at org.testng.SuiteRunner.runTest(SuiteRunner.java:377)
at org.testng.SuiteRunner.runSequentially(SuiteRunner.java:371)
at org.testng.SuiteRunner.privateRun(SuiteRunner.java:332)
at org.testng.SuiteRunner.run(SuiteRunner.java:276)
at org.testng.SuiteRunnerWorker.runSuite(SuiteRunnerWorker.java:53)
at org.testng.SuiteRunnerWorker.run(SuiteRunnerWorker.java:96)
at org.testng.TestNG.runSuitesSequentially(TestNG.java:1212)
at org.testng.TestNG.runSuitesLocally(TestNG.java:1134)
at org.testng.TestNG.runSuites(TestNG.java:1063)
at org.testng.TestNG.run(TestNG.java:1031)
at org.testng.remote.AbstractRemoteTestNG.run(AbstractRemoteTestNG.java:115)
at org.testng.remote.RemoteTestNG.initAndRun(RemoteTestNG.java:251)
at org.testng.remote.RemoteTestNG.main(RemoteTestNG.java:77)
]]>
            </full-stacktrace>
          </exception> <!-- org.openqa.selenium.NoSuchElementException -->
          <reporter-output>
          </reporter-output>
        </test-method> <!-- gerarAnexosMasVisualizacao -->
        <test-method is-config="true" signature="afterClass()[pri:0, instance:com.timp.test.SCANC.RelatoriosRefineriaGerados.RRGGerarAnexos6712MasVisualizacao@65c7a252]" started-at="2023-06-01T19:23:30 UTC" name="afterClass" finished-at="2023-06-01T19:23:30 UTC" duration-ms="0" status="PASS">
          <reporter-output>
          </reporter-output>
        </test-method> <!-- afterClass -->
      </class> <!-- com.timp.test.SCANC.RelatoriosRefineriaGerados.RRGGerarAnexos6712MasVisualizacao -->
      <class name="com.timp.test.SCANC.RelatoriosRefineriaGerados.RRGGerarAjustes">
        <test-method is-config="true" signature="beforeClass()[pri:0, instance:com.timp.test.SCANC.RelatoriosRefineriaGerados.RRGGerarAjustes@229c6181]" started-at="2023-06-01T19:24:08 UTC" name="beforeClass" finished-at="2023-06-01T19:24:10 UTC" duration-ms="2258" status="PASS">
          <reporter-output>
          </reporter-output>
        </test-method> <!-- beforeClass -->
        <test-method signature="ingresar()[pri:0, instance:com.timp.test.SCANC.RelatoriosRefineriaGerados.RRGGerarAjustes@229c6181]" started-at="2023-06-01T19:24:10 UTC" name="ingresar" finished-at="2023-06-01T19:24:17 UTC" duration-ms="7120" status="PASS">
          <reporter-output>
          </reporter-output>
        </test-method> <!-- ingresar -->
        <test-method signature="scancEntrar()[pri:1, instance:com.timp.test.SCANC.RelatoriosRefineriaGerados.RRGGerarAjustes@229c6181]" started-at="2023-06-01T19:24:17 UTC" name="scancEntrar" finished-at="2023-06-01T19:24:34 UTC" duration-ms="16859" status="PASS">
          <reporter-output>
          </reporter-output>
        </test-method> <!-- scancEntrar -->
        <test-method signature="criarCampoDeSaida()[pri:2, instance:com.timp.test.SCANC.RelatoriosRefineriaGerados.RRGGerarAjustes@229c6181]" started-at="2023-06-01T19:24:34 UTC" name="criarCampoDeSaida" finished-at="2023-06-01T19:24:51 UTC" duration-ms="16245" status="FAIL">
          <exception class="org.openqa.selenium.NoSuchElementException">
            <message>
              <![CDATA[no such element: Unable to locate element: {"method":"xpath","selector":"//div[@data-id="49"]/div[2]/label/span"}
  (Session info: chrome=113.0.5672.127)
For documentation on this error, please visit: https://www.seleniumhq.org/exceptions/no_such_element.html
Build info: version: '3.141.59', revision: 'e82be7d358', time: '2018-11-14T08:17:03'
System info: host: 'EC2AMAZ-8HCHO4G', ip: '10.0.0.249', os.name: 'Windows Server 2019', os.arch: 'amd64', os.version: '10.0', java.version: '17.0.4.1'
Driver info: org.openqa.selenium.chrome.ChromeDriver
Capabilities {acceptInsecureCerts: false, browserName: chrome, browserVersion: 113.0.5672.127, chrome: {chromedriverVersion: 113.0.5672.63 (0e1a4471d5ae..., userDataDir: C:\Users\user_ta\AppData\Lo...}, goog:chromeOptions: {debuggerAddress: localhost:57589}, javascriptEnabled: true, networkConnectionEnabled: false, pageLoadStrategy: normal, platform: WINDOWS, platformName: WINDOWS, proxy: Proxy(), setWindowRect: true, strictFileInteractability: false, timeouts: {implicit: 0, pageLoad: 300000, script: 30000}, unhandledPromptBehavior: dismiss and notify, webauthn:extension:credBlob: true, webauthn:extension:largeBlob: true, webauthn:extension:minPinLength: true, webauthn:extension:prf: true, webauthn:virtualAuthenticators: true}
Session ID: f3e0cf5137ea76263a44a99eb2b97808
*** Element info: {Using=xpath, value=//div[@data-id="49"]/div[2]/label/span}]]>
            </message>
            <full-stacktrace>
              <![CDATA[org.openqa.selenium.NoSuchElementException: no such element: Unable to locate element: {"method":"xpath","selector":"//div[@data-id="49"]/div[2]/label/span"}
  (Session info: chrome=113.0.5672.127)
For documentation on this error, please visit: https://www.seleniumhq.org/exceptions/no_such_element.html
Build info: version: '3.141.59', revision: 'e82be7d358', time: '2018-11-14T08:17:03'
System info: host: 'EC2AMAZ-8HCHO4G', ip: '10.0.0.249', os.name: 'Windows Server 2019', os.arch: 'amd64', os.version: '10.0', java.version: '17.0.4.1'
Driver info: org.openqa.selenium.chrome.ChromeDriver
Capabilities {acceptInsecureCerts: false, browserName: chrome, browserVersion: 113.0.5672.127, chrome: {chromedriverVersion: 113.0.5672.63 (0e1a4471d5ae..., userDataDir: C:\Users\user_ta\AppData\Lo...}, goog:chromeOptions: {debuggerAddress: localhost:57589}, javascriptEnabled: true, networkConnectionEnabled: false, pageLoadStrategy: normal, platform: WINDOWS, platformName: WINDOWS, proxy: Proxy(), setWindowRect: true, strictFileInteractability: false, timeouts: {implicit: 0, pageLoad: 300000, script: 30000}, unhandledPromptBehavior: dismiss and notify, webauthn:extension:credBlob: true, webauthn:extension:largeBlob: true, webauthn:extension:minPinLength: true, webauthn:extension:prf: true, webauthn:virtualAuthenticators: true}
Session ID: f3e0cf5137ea76263a44a99eb2b97808
*** Element info: {Using=xpath, value=//div[@data-id="49"]/div[2]/label/span}
at jdk.internal.reflect.GeneratedConstructorAccessor17.newInstance(Unknown Source)
at java.base/jdk.internal.reflect.DelegatingConstructorAccessorImpl.newInstance(DelegatingConstructorAccessorImpl.java:45)
at java.base/java.lang.reflect.Constructor.newInstanceWithCaller(Constructor.java:499)
at java.base/java.lang.reflect.Constructor.newInstance(Constructor.java:480)
at org.openqa.selenium.remote.http.W3CHttpResponseCodec.createException(W3CHttpResponseCodec.java:187)
at org.openqa.selenium.remote.http.W3CHttpResponseCodec.decode(W3CHttpResponseCodec.java:122)
at org.openqa.selenium.remote.http.W3CHttpResponseCodec.decode(W3CHttpResponseCodec.java:49)
at org.openqa.selenium.remote.HttpCommandExecutor.execute(HttpCommandExecutor.java:158)
at org.openqa.selenium.remote.service.DriverCommandExecutor.execute(DriverCommandExecutor.java:83)
at org.openqa.selenium.remote.RemoteWebDriver.execute(RemoteWebDriver.java:552)
at org.openqa.selenium.remote.RemoteWebDriver.findElement(RemoteWebDriver.java:323)
at org.openqa.selenium.remote.RemoteWebDriver.findElementByXPath(RemoteWebDriver.java:428)
at org.openqa.selenium.By$ByXPath.findElement(By.java:353)
at org.openqa.selenium.remote.RemoteWebDriver.findElement(RemoteWebDriver.java:315)
at com.sap.timp.pageObjectModel.SCANC.RelatoriosRefineriaGerados.RelatorioRefinariaGeradosGerarAjustesPO.gerarAjustes(RelatorioRefinariaGeradosGerarAjustesPO.java:120)
at com.timp.test.SCANC.RelatoriosRefineriaGerados.RRGGerarAjustes.criarCampoDeSaida(RRGGerarAjustes.java:47)
at java.base/jdk.internal.reflect.NativeMethodAccessorImpl.invoke0(Native Method)
at java.base/jdk.internal.reflect.NativeMethodAccessorImpl.invoke(NativeMethodAccessorImpl.java:77)
at java.base/jdk.internal.reflect.DelegatingMethodAccessorImpl.invoke(DelegatingMethodAccessorImpl.java:43)
at java.base/java.lang.reflect.Method.invoke(Method.java:568)
at org.testng.internal.MethodInvocationHelper.invokeMethod(MethodInvocationHelper.java:133)
at org.testng.internal.TestInvoker.invokeMethod(TestInvoker.java:598)
at org.testng.internal.TestInvoker.invokeTestMethod(TestInvoker.java:173)
at org.testng.internal.MethodRunner.runInSequence(MethodRunner.java:46)
at org.testng.internal.TestInvoker$MethodInvocationAgent.invoke(TestInvoker.java:824)
at org.testng.internal.TestInvoker.invokeTestMethods(TestInvoker.java:146)
at org.testng.internal.TestMethodWorker.invokeTestMethods(TestMethodWorker.java:146)
at org.testng.internal.TestMethodWorker.run(TestMethodWorker.java:128)
at java.base/java.util.ArrayList.forEach(ArrayList.java:1511)
at org.testng.TestRunner.privateRun(TestRunner.java:794)
at org.testng.TestRunner.run(TestRunner.java:596)
at org.testng.SuiteRunner.runTest(SuiteRunner.java:377)
at org.testng.SuiteRunner.runSequentially(SuiteRunner.java:371)
at org.testng.SuiteRunner.privateRun(SuiteRunner.java:332)
at org.testng.SuiteRunner.run(SuiteRunner.java:276)
at org.testng.SuiteRunnerWorker.runSuite(SuiteRunnerWorker.java:53)
at org.testng.SuiteRunnerWorker.run(SuiteRunnerWorker.java:96)
at org.testng.TestNG.runSuitesSequentially(TestNG.java:1212)
at org.testng.TestNG.runSuitesLocally(TestNG.java:1134)
at org.testng.TestNG.runSuites(TestNG.java:1063)
at org.testng.TestNG.run(TestNG.java:1031)
at org.testng.remote.AbstractRemoteTestNG.run(AbstractRemoteTestNG.java:115)
at org.testng.remote.RemoteTestNG.initAndRun(RemoteTestNG.java:251)
at org.testng.remote.RemoteTestNG.main(RemoteTestNG.java:77)
]]>
            </full-stacktrace>
          </exception> <!-- org.openqa.selenium.NoSuchElementException -->
          <reporter-output>
          </reporter-output>
        </test-method> <!-- criarCampoDeSaida -->
        <test-method is-config="true" signature="afterClass()[pri:0, instance:com.timp.test.SCANC.RelatoriosRefineriaGerados.RRGGerarAjustes@229c6181]" started-at="2023-06-01T19:24:51 UTC" name="afterClass" finished-at="2023-06-01T19:24:51 UTC" duration-ms="1" status="PASS">
          <reporter-output>
          </reporter-output>
        </test-method> <!-- afterClass -->
      </class> <!-- com.timp.test.SCANC.RelatoriosRefineriaGerados.RRGGerarAjustes -->
    </test> <!-- SCANC > Relatórios Refinaria Gerados - Generar  -->
    <test started-at="2023-06-01T19:24:51 UTC" name="SCANC &gt; Relatórios Refinaria Gerados - Configuração " finished-at="2023-06-01T19:34:01 UTC" duration-ms="550025">
      <class name="com.timp.test.SCANC.RelatoriosRefineriaGerados.RRGConfiguracaoDeAjusteExcluir">
        <test-method is-config="true" signature="beforeClass()[pri:0, instance:com.timp.test.SCANC.RelatoriosRefineriaGerados.RRGConfiguracaoDeAjusteExcluir@1c7696c6]" started-at="2023-06-01T19:32:41 UTC" name="beforeClass" finished-at="2023-06-01T19:32:43 UTC" duration-ms="2213" status="PASS">
          <reporter-output>
          </reporter-output>
        </test-method> <!-- beforeClass -->
        <test-method signature="ingresar()[pri:0, instance:com.timp.test.SCANC.RelatoriosRefineriaGerados.RRGConfiguracaoDeAjusteExcluir@1c7696c6]" started-at="2023-06-01T19:32:43 UTC" name="ingresar" finished-at="2023-06-01T19:32:49 UTC" duration-ms="6478" status="PASS">
          <reporter-output>
          </reporter-output>
        </test-method> <!-- ingresar -->
        <test-method signature="scancEntrar()[pri:1, instance:com.timp.test.SCANC.RelatoriosRefineriaGerados.RRGConfiguracaoDeAjusteExcluir@1c7696c6]" started-at="2023-06-01T19:32:49 UTC" name="scancEntrar" finished-at="2023-06-01T19:33:07 UTC" duration-ms="17203" status="PASS">
          <reporter-output>
          </reporter-output>
        </test-method> <!-- scancEntrar -->
        <test-method signature="excluir()[pri:2, instance:com.timp.test.SCANC.RelatoriosRefineriaGerados.RRGConfiguracaoDeAjusteExcluir@1c7696c6]" started-at="2023-06-01T19:33:07 UTC" name="excluir" finished-at="2023-06-01T19:34:00 UTC" duration-ms="53907" status="PASS">
          <reporter-output>
          </reporter-output>
        </test-method> <!-- excluir -->
        <test-method is-config="true" signature="afterClass()[pri:0, instance:com.timp.test.SCANC.RelatoriosRefineriaGerados.RRGConfiguracaoDeAjusteExcluir@1c7696c6]" started-at="2023-06-01T19:34:00 UTC" name="afterClass" finished-at="2023-06-01T19:34:01 UTC" duration-ms="78" status="PASS">
          <reporter-output>
          </reporter-output>
        </test-method> <!-- afterClass -->
      </class> <!-- com.timp.test.SCANC.RelatoriosRefineriaGerados.RRGConfiguracaoDeAjusteExcluir -->
      <class name="com.timp.test.SCANC.RelatoriosRefineriaGerados.RRGConfiguracaoDeAjustePresquisaPorIDOuCodigoDeAjuste">
        <test-method is-config="true" signature="beforeClass()[pri:0, instance:com.timp.test.SCANC.RelatoriosRefineriaGerados.RRGConfiguracaoDeAjustePresquisaPorIDOuCodigoDeAjuste@1ffaf86]" started-at="2023-06-01T19:27:17 UTC" name="beforeClass" finished-at="2023-06-01T19:27:19 UTC" duration-ms="2217" status="PASS">
          <reporter-output>
          </reporter-output>
        </test-method> <!-- beforeClass -->
        <test-method signature="ingresar()[pri:0, instance:com.timp.test.SCANC.RelatoriosRefineriaGerados.RRGConfiguracaoDeAjustePresquisaPorIDOuCodigoDeAjuste@1ffaf86]" started-at="2023-06-01T19:27:19 UTC" name="ingresar" finished-at="2023-06-01T19:27:27 UTC" duration-ms="7512" status="PASS">
          <reporter-output>
          </reporter-output>
        </test-method> <!-- ingresar -->
        <test-method signature="scancEntrar()[pri:1, instance:com.timp.test.SCANC.RelatoriosRefineriaGerados.RRGConfiguracaoDeAjustePresquisaPorIDOuCodigoDeAjuste@1ffaf86]" started-at="2023-06-01T19:27:27 UTC" name="scancEntrar" finished-at="2023-06-01T19:27:43 UTC" duration-ms="16843" status="PASS">
          <reporter-output>
          </reporter-output>
        </test-method> <!-- scancEntrar -->
        <test-method signature="pesquisar()[pri:2, instance:com.timp.test.SCANC.RelatoriosRefineriaGerados.RRGConfiguracaoDeAjustePresquisaPorIDOuCodigoDeAjuste@1ffaf86]" started-at="2023-06-01T19:27:43 UTC" name="pesquisar" finished-at="2023-06-01T19:28:45 UTC" duration-ms="61757" status="PASS">
          <reporter-output>
          </reporter-output>
        </test-method> <!-- pesquisar -->
        <test-method is-config="true" signature="afterClass()[pri:0, instance:com.timp.test.SCANC.RelatoriosRefineriaGerados.RRGConfiguracaoDeAjustePresquisaPorIDOuCodigoDeAjuste@1ffaf86]" started-at="2023-06-01T19:28:45 UTC" name="afterClass" finished-at="2023-06-01T19:28:45 UTC" duration-ms="90" status="PASS">
          <reporter-output>
          </reporter-output>
        </test-method> <!-- afterClass -->
      </class> <!-- com.timp.test.SCANC.RelatoriosRefineriaGerados.RRGConfiguracaoDeAjustePresquisaPorIDOuCodigoDeAjuste -->
      <class name="com.timp.test.SCANC.RelatoriosRefineriaGerados.RRGConfiguracaoDeAjusteCriarComDiaAleatorio">
        <test-method is-config="true" signature="beforeClass()[pri:0, instance:com.timp.test.SCANC.RelatoriosRefineriaGerados.RRGConfiguracaoDeAjusteCriarComDiaAleatorio@6574a52c]" started-at="2023-06-01T19:28:45 UTC" name="beforeClass" finished-at="2023-06-01T19:28:48 UTC" duration-ms="2335" status="PASS">
          <reporter-output>
          </reporter-output>
        </test-method> <!-- beforeClass -->
        <test-method signature="ingresar()[pri:0, instance:com.timp.test.SCANC.RelatoriosRefineriaGerados.RRGConfiguracaoDeAjusteCriarComDiaAleatorio@6574a52c]" started-at="2023-06-01T19:28:48 UTC" name="ingresar" finished-at="2023-06-01T19:28:54 UTC" duration-ms="6591" status="PASS">
          <reporter-output>
          </reporter-output>
        </test-method> <!-- ingresar -->
        <test-method signature="scancEntrar()[pri:1, instance:com.timp.test.SCANC.RelatoriosRefineriaGerados.RRGConfiguracaoDeAjusteCriarComDiaAleatorio@6574a52c]" started-at="2023-06-01T19:28:54 UTC" name="scancEntrar" finished-at="2023-06-01T19:29:10 UTC" duration-ms="16127" status="PASS">
          <reporter-output>
          </reporter-output>
        </test-method> <!-- scancEntrar -->
        <test-method signature="criarComDiaAleatorio()[pri:2, instance:com.timp.test.SCANC.RelatoriosRefineriaGerados.RRGConfiguracaoDeAjusteCriarComDiaAleatorio@6574a52c]" started-at="2023-06-01T19:29:10 UTC" name="criarComDiaAleatorio" finished-at="2023-06-01T19:31:03 UTC" duration-ms="112650" status="PASS">
          <reporter-output>
          </reporter-output>
        </test-method> <!-- criarComDiaAleatorio -->
        <test-method is-config="true" signature="afterClass()[pri:0, instance:com.timp.test.SCANC.RelatoriosRefineriaGerados.RRGConfiguracaoDeAjusteCriarComDiaAleatorio@6574a52c]" started-at="2023-06-01T19:31:03 UTC" name="afterClass" finished-at="2023-06-01T19:31:03 UTC" duration-ms="82" status="PASS">
          <reporter-output>
          </reporter-output>
        </test-method> <!-- afterClass -->
      </class> <!-- com.timp.test.SCANC.RelatoriosRefineriaGerados.RRGConfiguracaoDeAjusteCriarComDiaAleatorio -->
      <class name="com.timp.test.SCANC.RelatoriosRefineriaGerados.RRGConfiguracaoDeAjusteEditar">
        <test-method is-config="true" signature="beforeClass()[pri:0, instance:com.timp.test.SCANC.RelatoriosRefineriaGerados.RRGConfiguracaoDeAjusteEditar@6c1a5b54]" started-at="2023-06-01T19:31:03 UTC" name="beforeClass" finished-at="2023-06-01T19:31:05 UTC" duration-ms="2242" status="PASS">
          <reporter-output>
          </reporter-output>
        </test-method> <!-- beforeClass -->
        <test-method signature="ingresar()[pri:0, instance:com.timp.test.SCANC.RelatoriosRefineriaGerados.RRGConfiguracaoDeAjusteEditar@6c1a5b54]" started-at="2023-06-01T19:31:05 UTC" name="ingresar" finished-at="2023-06-01T19:31:11 UTC" duration-ms="6165" status="PASS">
          <reporter-output>
          </reporter-output>
        </test-method> <!-- ingresar -->
        <test-method signature="scancEntrar()[pri:1, instance:com.timp.test.SCANC.RelatoriosRefineriaGerados.RRGConfiguracaoDeAjusteEditar@6c1a5b54]" started-at="2023-06-01T19:31:11 UTC" name="scancEntrar" finished-at="2023-06-01T19:31:29 UTC" duration-ms="17204" status="PASS">
          <reporter-output>
          </reporter-output>
        </test-method> <!-- scancEntrar -->
        <test-method signature="editar()[pri:2, instance:com.timp.test.SCANC.RelatoriosRefineriaGerados.RRGConfiguracaoDeAjusteEditar@6c1a5b54]" started-at="2023-06-01T19:31:29 UTC" name="editar" finished-at="2023-06-01T19:32:41 UTC" duration-ms="71987" status="PASS">
          <reporter-output>
          </reporter-output>
        </test-method> <!-- editar -->
        <test-method is-config="true" signature="afterClass()[pri:0, instance:com.timp.test.SCANC.RelatoriosRefineriaGerados.RRGConfiguracaoDeAjusteEditar@6c1a5b54]" started-at="2023-06-01T19:32:41 UTC" name="afterClass" finished-at="2023-06-01T19:32:41 UTC" duration-ms="104" status="PASS">
          <reporter-output>
          </reporter-output>
        </test-method> <!-- afterClass -->
      </class> <!-- com.timp.test.SCANC.RelatoriosRefineriaGerados.RRGConfiguracaoDeAjusteEditar -->
      <class name="com.timp.test.SCANC.RelatoriosRefineriaGerados.RRGConfiguracaoDeAjusteCriarComDiaEspecifico">
        <test-method is-config="true" signature="beforeClass()[pri:0, instance:com.timp.test.SCANC.RelatoriosRefineriaGerados.RRGConfiguracaoDeAjusteCriarComDiaEspecifico@13e344d]" started-at="2023-06-01T19:24:51 UTC" name="beforeClass" finished-at="2023-06-01T19:24:53 UTC" duration-ms="2201" status="PASS">
          <reporter-output>
          </reporter-output>
        </test-method> <!-- beforeClass -->
        <test-method signature="ingresar()[pri:0, instance:com.timp.test.SCANC.RelatoriosRefineriaGerados.RRGConfiguracaoDeAjusteCriarComDiaEspecifico@13e344d]" started-at="2023-06-01T19:24:53 UTC" name="ingresar" finished-at="2023-06-01T19:24:59 UTC" duration-ms="5980" status="PASS">
          <reporter-output>
          </reporter-output>
        </test-method> <!-- ingresar -->
        <test-method signature="scancEntrar()[pri:1, instance:com.timp.test.SCANC.RelatoriosRefineriaGerados.RRGConfiguracaoDeAjusteCriarComDiaEspecifico@13e344d]" started-at="2023-06-01T19:24:59 UTC" name="scancEntrar" finished-at="2023-06-01T19:25:15 UTC" duration-ms="16248" status="PASS">
          <reporter-output>
          </reporter-output>
        </test-method> <!-- scancEntrar -->
        <test-method signature="criarComDiaEspecifico()[pri:2, instance:com.timp.test.SCANC.RelatoriosRefineriaGerados.RRGConfiguracaoDeAjusteCriarComDiaEspecifico@13e344d]" started-at="2023-06-01T19:25:15 UTC" name="criarComDiaEspecifico" finished-at="2023-06-01T19:27:17 UTC" duration-ms="121708" status="PASS">
          <reporter-output>
          </reporter-output>
        </test-method> <!-- criarComDiaEspecifico -->
        <test-method is-config="true" signature="afterClass()[pri:0, instance:com.timp.test.SCANC.RelatoriosRefineriaGerados.RRGConfiguracaoDeAjusteCriarComDiaEspecifico@13e344d]" started-at="2023-06-01T19:27:17 UTC" name="afterClass" finished-at="2023-06-01T19:27:17 UTC" duration-ms="90" status="PASS">
          <reporter-output>
          </reporter-output>
        </test-method> <!-- afterClass -->
      </class> <!-- com.timp.test.SCANC.RelatoriosRefineriaGerados.RRGConfiguracaoDeAjusteCriarComDiaEspecifico -->
    </test> <!-- SCANC > Relatórios Refinaria Gerados - Configuração  -->
  </suite> <!-- Suite -->
</testng-results>
