<?xml version="1.0" encoding="UTF-8"?>
<testng-results skipped="0" failed="0" total="3" passed="3">
  <reporter-output>
  </reporter-output>
  <suite name="Default suite" duration-ms="29019" started-at="2020-07-23T18:10:50Z" finished-at="2020-07-23T18:11:19Z">
    <groups>
    </groups>
    <test name="Default test" duration-ms="29019" started-at="2020-07-23T18:10:50Z" finished-at="2020-07-23T18:11:19Z">
      <class name="com.timp.test.MDR.CEP.Municipio.MunicipioFiltros">
        <test-method status="PASS" signature="beforeClass()[pri:0, instance:com.timp.test.MDR.CEP.Municipio.MunicipioFiltros@35083305]" name="beforeClass" is-config="true" duration-ms="11151" started-at="2020-07-23T12:10:50Z" finished-at="2020-07-23T12:11:01Z">
          <reporter-output>
          </reporter-output>
        </test-method> <!-- beforeClass -->
        <test-method status="PASS" signature="login()[pri:0, instance:com.timp.test.MDR.CEP.Municipio.MunicipioFiltros@35083305]" name="login" duration-ms="5519" started-at="2020-07-23T12:11:01Z" finished-at="2020-07-23T12:11:06Z">
          <reporter-output>
          </reporter-output>
        </test-method> <!-- login -->
        <test-method status="PASS" signature="acessarMDR()[pri:0, instance:com.timp.test.MDR.CEP.Municipio.MunicipioFiltros@35083305]" name="acessarMDR" duration-ms="6736" started-at="2020-07-23T12:11:06Z" finished-at="2020-07-23T12:11:13Z">
          <reporter-output>
          </reporter-output>
        </test-method> <!-- acessarMDR -->
        <test-method status="PASS" signature="filtro()[pri:0, instance:com.timp.test.MDR.CEP.Municipio.MunicipioFiltros@35083305]" name="filtro" duration-ms="5597" started-at="2020-07-23T12:11:13Z" finished-at="2020-07-23T12:11:19Z">
          <reporter-output>
          </reporter-output>
        </test-method> <!-- filtro -->
      </class> <!-- com.timp.test.MDR.CEP.Municipio.MunicipioFiltros -->
    </test> <!-- Default test -->
  </suite> <!-- Default suite -->
</testng-results>
