<?xml version="1.0" encoding="UTF-8"?>
<testng-results ignored="0" total="1" passed="1" failed="0" skipped="0">
  <reporter-output>
  </reporter-output>
  <suite started-at="2021-08-21T01:27:23Z" name="Default suite" finished-at="2021-08-21T01:31:44Z" duration-ms="261821">
    <groups>
    </groups>
    <test started-at="2021-08-21T01:27:23Z" name="Default test" finished-at="2021-08-21T01:31:44Z" duration-ms="261821">
      <class name="com.timp.test.BRB.AtribuiçãodeRegra">
        <test-method is-config="true" signature="beforeClass()[pri:0, instance:com.timp.test.BRB.AtribuiçãodeRegra@2d778add]" started-at="2021-08-21T01:27:23Z" name="beforeClass" finished-at="2021-08-21T01:28:06Z" duration-ms="43260" status="PASS">
          <reporter-output>
          </reporter-output>
        </test-method> <!-- beforeClass -->
        <test-method signature="editar()[pri:0, instance:com.timp.test.BRB.AtribuiçãodeRegra@2d778add]" started-at="2021-08-21T01:28:06Z" name="editar" finished-at="2021-08-21T01:31:44Z" duration-ms="218546" status="PASS">
          <reporter-output>
          </reporter-output>
        </test-method> <!-- editar -->
        <test-method is-config="true" signature="afterClass()[pri:0, instance:com.timp.test.BRB.AtribuiçãodeRegra@2d778add]" started-at="2021-08-21T01:31:44Z" name="afterClass" finished-at="2021-08-21T01:31:44Z" duration-ms="0" status="PASS">
          <reporter-output>
          </reporter-output>
        </test-method> <!-- afterClass -->
      </class> <!-- com.timp.test.BRB.AtribuiçãodeRegra -->
    </test> <!-- Default test -->
  </suite> <!-- Default suite -->
</testng-results>
