<?xml version="1.0" encoding="UTF-8"?>
<testng-results total="3" passed="3" failed="0" skipped="0">
  <reporter-output>
  </reporter-output>
  <suite started-at="2020-10-28T03:17:46Z" name="Default suite" finished-at="2020-10-28T03:19:32Z" duration-ms="105992">
    <groups>
    </groups>
    <test started-at="2020-10-28T03:17:46Z" name="Default test" finished-at="2020-10-28T03:19:32Z" duration-ms="105992">
      <class name="com.timp.test.MDR.TabelasApoioESocial.Tabela22.CompatibilidadeEntreFPASExcluirEnMasa">
        <test-method is-config="true" signature="beforeClass()[pri:0, instance:com.timp.test.MDR.TabelasApoioESocial.Tabela22.CompatibilidadeEntreFPASExcluirEnMasa@5026735c]" started-at="2020-10-27T21:17:46Z" name="beforeClass" finished-at="2020-10-27T21:17:59Z" duration-ms="12444" status="PASS">
          <reporter-output>
          </reporter-output>
        </test-method> <!-- beforeClass -->
        <test-method signature="ingresar()[pri:0, instance:com.timp.test.MDR.TabelasApoioESocial.Tabela22.CompatibilidadeEntreFPASExcluirEnMasa@5026735c]" started-at="2020-10-27T21:17:59Z" name="ingresar" finished-at="2020-10-27T21:18:06Z" duration-ms="6916" status="PASS">
          <reporter-output>
          </reporter-output>
        </test-method> <!-- ingresar -->
        <test-method signature="mdrEntrar()[pri:0, instance:com.timp.test.MDR.TabelasApoioESocial.Tabela22.CompatibilidadeEntreFPASExcluirEnMasa@5026735c]" started-at="2020-10-27T21:18:06Z" name="mdrEntrar" finished-at="2020-10-27T21:18:20Z" duration-ms="14365" status="PASS">
          <reporter-output>
          </reporter-output>
        </test-method> <!-- mdrEntrar -->
        <test-method signature="excluirEnMasaCompatibilidadeEntreFPAS()[pri:0, instance:com.timp.test.MDR.TabelasApoioESocial.Tabela22.CompatibilidadeEntreFPASExcluirEnMasa@5026735c]" started-at="2020-10-27T21:18:20Z" name="excluirEnMasaCompatibilidadeEntreFPAS" finished-at="2020-10-27T21:19:32Z" duration-ms="72164" status="PASS">
          <reporter-output>
          </reporter-output>
        </test-method> <!-- excluirEnMasaCompatibilidadeEntreFPAS -->
        <test-method is-config="true" signature="afterClass()[pri:0, instance:com.timp.test.MDR.TabelasApoioESocial.Tabela22.CompatibilidadeEntreFPASExcluirEnMasa@5026735c]" started-at="2020-10-27T21:19:32Z" name="afterClass" finished-at="2020-10-27T21:19:32Z" duration-ms="81" status="PASS">
          <reporter-output>
          </reporter-output>
        </test-method> <!-- afterClass -->
      </class> <!-- com.timp.test.MDR.TabelasApoioESocial.Tabela22.CompatibilidadeEntreFPASExcluirEnMasa -->
    </test> <!-- Default test -->
  </suite> <!-- Default suite -->
</testng-results>
