<?xml version="1.0" encoding="UTF-8"?>
<testng-results total="3" passed="3" failed="0" skipped="0">
  <reporter-output>
  </reporter-output>
  <suite started-at="2020-07-27T07:43:07Z" name="Default suite" finished-at="2020-07-27T07:45:53Z" duration-ms="165420">
    <groups>
    </groups>
    <test started-at="2020-07-27T07:43:07Z" name="Default test" finished-at="2020-07-27T07:45:53Z" duration-ms="165420">
      <class name="com.timp.test.MDR.Tributos.TributosCriar">
        <test-method is-config="true" signature="beforeClass()[pri:0, instance:com.timp.test.MDR.Tributos.TributosCriar@55634720]" started-at="2020-07-27T01:43:07Z" name="beforeClass" finished-at="2020-07-27T01:43:24Z" duration-ms="16812" status="PASS">
          <reporter-output>
          </reporter-output>
        </test-method> <!-- beforeClass -->
        <test-method signature="login()[pri:0, instance:com.timp.test.MDR.Tributos.TributosCriar@55634720]" started-at="2020-07-27T01:43:24Z" name="login" finished-at="2020-07-27T01:43:35Z" duration-ms="10854" status="PASS">
          <reporter-output>
          </reporter-output>
        </test-method> <!-- login -->
        <test-method signature="acessarMDR()[pri:0, instance:com.timp.test.MDR.Tributos.TributosCriar@55634720]" started-at="2020-07-27T01:43:35Z" name="acessarMDR" finished-at="2020-07-27T01:43:47Z" duration-ms="11956" status="PASS">
          <reporter-output>
          </reporter-output>
        </test-method> <!-- acessarMDR -->
        <test-method signature="tributoCriar()[pri:0, instance:com.timp.test.MDR.Tributos.TributosCriar@55634720]" started-at="2020-07-27T01:43:47Z" name="tributoCriar" finished-at="2020-07-27T01:45:53Z" duration-ms="125739" status="PASS">
          <reporter-output>
          </reporter-output>
        </test-method> <!-- tributoCriar -->
        <test-method is-config="true" signature="afterClass()[pri:0, instance:com.timp.test.MDR.Tributos.TributosCriar@55634720]" started-at="2020-07-27T01:45:53Z" name="afterClass" finished-at="2020-07-27T01:45:53Z" duration-ms="1" status="PASS">
          <reporter-output>
          </reporter-output>
        </test-method> <!-- afterClass -->
      </class> <!-- com.timp.test.MDR.Tributos.TributosCriar -->
    </test> <!-- Default test -->
  </suite> <!-- Default suite -->
</testng-results>
