<?xml version="1.0" encoding="UTF-8"?>
<testng-results ignored="0" total="8" passed="8" failed="0" skipped="0">
  <reporter-output>
  </reporter-output>
  <suite started-at="2022-06-06T15:58:10 CST" name="Suite" finished-at="2022-06-06T16:32:21 CST" duration-ms="2050378">
    <groups>
    </groups>
    <test started-at="2022-06-06T15:58:10 CST" name="Regra De Abas" finished-at="2022-06-06T16:16:58 CST" duration-ms="1127889">
      <class name="com.timp.test.TAA.AtribuiçõesdeRegras.RegrasdeAbas.RegradeAbasExcluir">
        <test-method is-config="true" signature="beforeClass()[pri:0, instance:com.timp.test.TAA.AtribuiçõesdeRegras.RegrasdeAbas.RegradeAbasExcluir@29215f06]" started-at="2022-06-06T16:14:46 CST" name="beforeClass" finished-at="2022-06-06T16:15:09 CST" duration-ms="22760" status="PASS">
          <reporter-output>
          </reporter-output>
        </test-method> <!-- beforeClass -->
        <test-method signature="criar()[pri:0, instance:com.timp.test.TAA.AtribuiçõesdeRegras.RegrasdeAbas.RegradeAbasExcluir@29215f06]" started-at="2022-06-06T16:15:09 CST" name="criar" finished-at="2022-06-06T16:16:54 CST" duration-ms="105068" status="PASS">
          <reporter-output>
          </reporter-output>
        </test-method> <!-- criar -->
        <test-method is-config="true" signature="afterClass()[pri:0, instance:com.timp.test.TAA.AtribuiçõesdeRegras.RegrasdeAbas.RegradeAbasExcluir@29215f06]" started-at="2022-06-06T16:16:54 CST" name="afterClass" finished-at="2022-06-06T16:16:58 CST" duration-ms="4368" status="PASS">
          <reporter-output>
          </reporter-output>
        </test-method> <!-- afterClass -->
      </class> <!-- com.timp.test.TAA.AtribuiçõesdeRegras.RegrasdeAbas.RegradeAbasExcluir -->
      <class name="com.timp.test.TAA.AtribuiçõesdeRegras.RegrasdeAbas.RegradeAbasEditar">
        <test-method is-config="true" signature="beforeClass()[pri:0, instance:com.timp.test.TAA.AtribuiçõesdeRegras.RegrasdeAbas.RegradeAbasEditar@d9345cd]" started-at="2022-06-06T16:03:54 CST" name="beforeClass" finished-at="2022-06-06T16:04:54 CST" duration-ms="60209" status="PASS">
          <reporter-output>
          </reporter-output>
        </test-method> <!-- beforeClass -->
        <test-method signature="editar()[pri:0, instance:com.timp.test.TAA.AtribuiçõesdeRegras.RegrasdeAbas.RegradeAbasEditar@d9345cd]" started-at="2022-06-06T16:04:54 CST" name="editar" finished-at="2022-06-06T16:10:56 CST" duration-ms="361902" status="PASS">
          <reporter-output>
          </reporter-output>
        </test-method> <!-- editar -->
        <test-method is-config="true" signature="afterClass()[pri:0, instance:com.timp.test.TAA.AtribuiçõesdeRegras.RegrasdeAbas.RegradeAbasEditar@d9345cd]" started-at="2022-06-06T16:10:56 CST" name="afterClass" finished-at="2022-06-06T16:11:01 CST" duration-ms="4473" status="PASS">
          <reporter-output>
          </reporter-output>
        </test-method> <!-- afterClass -->
      </class> <!-- com.timp.test.TAA.AtribuiçõesdeRegras.RegrasdeAbas.RegradeAbasEditar -->
      <class name="com.timp.test.TAA.AtribuiçõesdeRegras.RegrasdeAbas.RegradeAbasCriar">
        <test-method is-config="true" signature="beforeClass()[pri:0, instance:com.timp.test.TAA.AtribuiçõesdeRegras.RegrasdeAbas.RegradeAbasCriar@27f981c6]" started-at="2022-06-06T15:58:10 CST" name="beforeClass" finished-at="2022-06-06T15:58:53 CST" duration-ms="42827" status="PASS">
          <reporter-output>
          </reporter-output>
        </test-method> <!-- beforeClass -->
        <test-method signature="criar()[pri:0, instance:com.timp.test.TAA.AtribuiçõesdeRegras.RegrasdeAbas.RegradeAbasCriar@27f981c6]" started-at="2022-06-06T15:58:53 CST" name="criar" finished-at="2022-06-06T16:03:54 CST" duration-ms="300871" status="PASS">
          <reporter-output>
          </reporter-output>
        </test-method> <!-- criar -->
        <test-method is-config="true" signature="afterClass()[pri:0, instance:com.timp.test.TAA.AtribuiçõesdeRegras.RegrasdeAbas.RegradeAbasCriar@27f981c6]" started-at="2022-06-06T16:03:54 CST" name="afterClass" finished-at="2022-06-06T16:03:54 CST" duration-ms="1" status="PASS">
          <reporter-output>
          </reporter-output>
        </test-method> <!-- afterClass -->
      </class> <!-- com.timp.test.TAA.AtribuiçõesdeRegras.RegrasdeAbas.RegradeAbasCriar -->
      <class name="com.timp.test.TAA.AtribuiçõesdeRegras.RegrasdeAbas.RegradeAbasVer">
        <test-method is-config="true" signature="beforeClass()[pri:0, instance:com.timp.test.TAA.AtribuiçõesdeRegras.RegrasdeAbas.RegradeAbasVer@2d710f1a]" started-at="2022-06-06T16:11:01 CST" name="beforeClass" finished-at="2022-06-06T16:11:29 CST" duration-ms="28074" status="PASS">
          <reporter-output>
          </reporter-output>
        </test-method> <!-- beforeClass -->
        <test-method signature="ver()[pri:0, instance:com.timp.test.TAA.AtribuiçõesdeRegras.RegrasdeAbas.RegradeAbasVer@2d710f1a]" started-at="2022-06-06T16:11:29 CST" name="ver" finished-at="2022-06-06T16:14:42 CST" duration-ms="193115" status="PASS">
          <reporter-output>
          </reporter-output>
        </test-method> <!-- ver -->
        <test-method is-config="true" signature="afterClass()[pri:0, instance:com.timp.test.TAA.AtribuiçõesdeRegras.RegrasdeAbas.RegradeAbasVer@2d710f1a]" started-at="2022-06-06T16:14:42 CST" name="afterClass" finished-at="2022-06-06T16:14:46 CST" duration-ms="4172" status="PASS">
          <reporter-output>
          </reporter-output>
        </test-method> <!-- afterClass -->
      </class> <!-- com.timp.test.TAA.AtribuiçõesdeRegras.RegrasdeAbas.RegradeAbasVer -->
    </test> <!-- Regra De Abas -->
    <test started-at="2022-06-06T16:16:58 CST" name="Regra De Campos" finished-at="2022-06-06T16:32:21 CST" duration-ms="922430">
      <class name="com.timp.test.TAA.AtribuiçõesdeRegras.RegraDeCampos.RegraDeCamposVer">
        <test-method is-config="true" signature="beforeClass()[pri:0, instance:com.timp.test.TAA.AtribuiçõesdeRegras.RegraDeCampos.RegraDeCamposVer@2e385cce]" started-at="2022-06-06T16:25:25 CST" name="beforeClass" finished-at="2022-06-06T16:25:40 CST" duration-ms="15020" status="PASS">
          <reporter-output>
          </reporter-output>
        </test-method> <!-- beforeClass -->
        <test-method signature="ver()[pri:0, instance:com.timp.test.TAA.AtribuiçõesdeRegras.RegraDeCampos.RegraDeCamposVer@2e385cce]" started-at="2022-06-06T16:25:40 CST" name="ver" finished-at="2022-06-06T16:29:56 CST" duration-ms="255605" status="PASS">
          <reporter-output>
          </reporter-output>
        </test-method> <!-- ver -->
        <test-method is-config="true" signature="afterClass()[pri:0, instance:com.timp.test.TAA.AtribuiçõesdeRegras.RegraDeCampos.RegraDeCamposVer@2e385cce]" started-at="2022-06-06T16:29:56 CST" name="afterClass" finished-at="2022-06-06T16:29:56 CST" duration-ms="1" status="PASS">
          <reporter-output>
          </reporter-output>
        </test-method> <!-- afterClass -->
      </class> <!-- com.timp.test.TAA.AtribuiçõesdeRegras.RegraDeCampos.RegraDeCamposVer -->
      <class name="com.timp.test.TAA.AtribuiçõesdeRegras.RegraDeCampos.RegraDeCamposCriar">
        <test-method is-config="true" signature="beforeClass()[pri:0, instance:com.timp.test.TAA.AtribuiçõesdeRegras.RegraDeCampos.RegraDeCamposCriar@750e2b97]" started-at="2022-06-06T16:16:58 CST" name="beforeClass" finished-at="2022-06-06T16:17:15 CST" duration-ms="16793" status="PASS">
          <reporter-output>
          </reporter-output>
        </test-method> <!-- beforeClass -->
        <test-method signature="criar()[pri:0, instance:com.timp.test.TAA.AtribuiçõesdeRegras.RegraDeCampos.RegraDeCamposCriar@750e2b97]" started-at="2022-06-06T16:17:15 CST" name="criar" finished-at="2022-06-06T16:20:55 CST" duration-ms="219924" status="PASS">
          <reporter-output>
          </reporter-output>
        </test-method> <!-- criar -->
        <test-method is-config="true" signature="afterClass()[pri:0, instance:com.timp.test.TAA.AtribuiçõesdeRegras.RegraDeCampos.RegraDeCamposCriar@750e2b97]" started-at="2022-06-06T16:20:55 CST" name="afterClass" finished-at="2022-06-06T16:21:00 CST" duration-ms="4441" status="PASS">
          <reporter-output>
          </reporter-output>
        </test-method> <!-- afterClass -->
      </class> <!-- com.timp.test.TAA.AtribuiçõesdeRegras.RegraDeCampos.RegraDeCamposCriar -->
      <class name="com.timp.test.TAA.AtribuiçõesdeRegras.RegraDeCampos.RegraDeCamposEditar">
        <test-method is-config="true" signature="beforeClass()[pri:0, instance:com.timp.test.TAA.AtribuiçõesdeRegras.RegraDeCampos.RegraDeCamposEditar@3e27aa33]" started-at="2022-06-06T16:21:00 CST" name="beforeClass" finished-at="2022-06-06T16:21:13 CST" duration-ms="13448" status="PASS">
          <reporter-output>
          </reporter-output>
        </test-method> <!-- beforeClass -->
        <test-method signature="editar()[pri:0, instance:com.timp.test.TAA.AtribuiçõesdeRegras.RegraDeCampos.RegraDeCamposEditar@3e27aa33]" started-at="2022-06-06T16:21:13 CST" name="editar" finished-at="2022-06-06T16:25:21 CST" duration-ms="247642" status="PASS">
          <reporter-output>
          </reporter-output>
        </test-method> <!-- editar -->
        <test-method is-config="true" signature="afterClass()[pri:0, instance:com.timp.test.TAA.AtribuiçõesdeRegras.RegraDeCampos.RegraDeCamposEditar@3e27aa33]" started-at="2022-06-06T16:25:21 CST" name="afterClass" finished-at="2022-06-06T16:25:25 CST" duration-ms="4409" status="PASS">
          <reporter-output>
          </reporter-output>
        </test-method> <!-- afterClass -->
      </class> <!-- com.timp.test.TAA.AtribuiçõesdeRegras.RegraDeCampos.RegraDeCamposEditar -->
      <class name="com.timp.test.TAA.AtribuiçõesdeRegras.RegraDeCampos.RegraDeCamposExcluir">
        <test-method is-config="true" signature="beforeClass()[pri:0, instance:com.timp.test.TAA.AtribuiçõesdeRegras.RegraDeCampos.RegraDeCamposExcluir@2ddc9a9f]" started-at="2022-06-06T16:29:56 CST" name="beforeClass" finished-at="2022-06-06T16:30:14 CST" duration-ms="18629" status="PASS">
          <reporter-output>
          </reporter-output>
        </test-method> <!-- beforeClass -->
        <test-method signature="excluir()[pri:0, instance:com.timp.test.TAA.AtribuiçõesdeRegras.RegraDeCampos.RegraDeCamposExcluir@2ddc9a9f]" started-at="2022-06-06T16:30:14 CST" name="excluir" finished-at="2022-06-06T16:32:16 CST" duration-ms="122081" status="PASS">
          <reporter-output>
          </reporter-output>
        </test-method> <!-- excluir -->
        <test-method is-config="true" signature="afterClass()[pri:0, instance:com.timp.test.TAA.AtribuiçõesdeRegras.RegraDeCampos.RegraDeCamposExcluir@2ddc9a9f]" started-at="2022-06-06T16:32:16 CST" name="afterClass" finished-at="2022-06-06T16:32:21 CST" duration-ms="4433" status="PASS">
          <reporter-output>
          </reporter-output>
        </test-method> <!-- afterClass -->
      </class> <!-- com.timp.test.TAA.AtribuiçõesdeRegras.RegraDeCampos.RegraDeCamposExcluir -->
    </test> <!-- Regra De Campos -->
  </suite> <!-- Suite -->
</testng-results>
