<?xml version="1.0" encoding="UTF-8"?>
<testng-results total="3" passed="3" failed="0" skipped="0">
  <reporter-output>
  </reporter-output>
  <suite started-at="2021-01-08T17:49:54Z" name="Default suite" finished-at="2021-01-08T17:53:12Z" duration-ms="197889">
    <groups>
    </groups>
    <test started-at="2021-01-08T17:49:54Z" name="Default test" finished-at="2021-01-08T17:53:12Z" duration-ms="197889">
      <class name="com.timp.test.MDR.TabelasComplementaresParaObrigaçoesAcessorias.AtribuicaoMunicipioEstado.AtribuicaoMunicipioEstadoExcluirEmMassa">
        <test-method is-config="true" signature="beforeClass()[pri:0, instance:com.timp.test.MDR.TabelasComplementaresParaObrigaçoesAcessorias.AtribuicaoMunicipioEstado.AtribuicaoMunicipioEstadoExcluirEmMassa@76a4ebf2]" started-at="2021-01-08T14:49:54Z" name="beforeClass" finished-at="2021-01-08T14:50:08Z" duration-ms="13808" status="PASS">
          <reporter-output>
          </reporter-output>
        </test-method> <!-- beforeClass -->
        <test-method signature="login()[pri:0, instance:com.timp.test.MDR.TabelasComplementaresParaObrigaçoesAcessorias.AtribuicaoMunicipioEstado.AtribuicaoMunicipioEstadoExcluirEmMassa@76a4ebf2]" started-at="2021-01-08T14:50:08Z" name="login" finished-at="2021-01-08T14:50:17Z" duration-ms="9211" status="PASS">
          <reporter-output>
          </reporter-output>
        </test-method> <!-- login -->
        <test-method signature="acessarMDR()[pri:0, instance:com.timp.test.MDR.TabelasComplementaresParaObrigaçoesAcessorias.AtribuicaoMunicipioEstado.AtribuicaoMunicipioEstadoExcluirEmMassa@76a4ebf2]" started-at="2021-01-08T14:50:17Z" name="acessarMDR" finished-at="2021-01-08T14:50:29Z" duration-ms="11987" status="PASS">
          <reporter-output>
          </reporter-output>
        </test-method> <!-- acessarMDR -->
        <test-method signature="criar()[pri:0, instance:com.timp.test.MDR.TabelasComplementaresParaObrigaçoesAcessorias.AtribuicaoMunicipioEstado.AtribuicaoMunicipioEstadoExcluirEmMassa@76a4ebf2]" started-at="2021-01-08T14:50:29Z" name="criar" finished-at="2021-01-08T14:53:08Z" duration-ms="158553" status="PASS">
          <reporter-output>
          </reporter-output>
        </test-method> <!-- criar -->
        <test-method is-config="true" signature="afterClass()[pri:0, instance:com.timp.test.MDR.TabelasComplementaresParaObrigaçoesAcessorias.AtribuicaoMunicipioEstado.AtribuicaoMunicipioEstadoExcluirEmMassa@76a4ebf2]" started-at="2021-01-08T14:53:08Z" name="afterClass" finished-at="2021-01-08T14:53:12Z" duration-ms="4314" status="PASS">
          <reporter-output>
          </reporter-output>
        </test-method> <!-- afterClass -->
      </class> <!-- com.timp.test.MDR.TabelasComplementaresParaObrigaçoesAcessorias.AtribuicaoMunicipioEstado.AtribuicaoMunicipioEstadoExcluirEmMassa -->
    </test> <!-- Default test -->
  </suite> <!-- Default suite -->
</testng-results>
