<?xml version="1.0" encoding="UTF-8"?>
<testng-results ignored="0" total="2" passed="2" failed="0" skipped="0">
  <reporter-output>
  </reporter-output>
  <suite started-at="2021-12-28T21:46:19Z" name="Default suite" finished-at="2021-12-28T21:50:47Z" duration-ms="267685">
    <groups>
    </groups>
    <test started-at="2021-12-28T21:46:19Z" name="Default test" finished-at="2021-12-28T21:50:47Z" duration-ms="267685">
      <class name="com.timp.test.MDR.DeterminacaoRelevanciaTarefaMotivoReabertura.CadastroMotivosReabertura.CadastroMotivosReaberturaExcluirEmMassa">
        <test-method is-config="true" signature="beforeClass()[pri:0, instance:com.timp.test.MDR.DeterminacaoRelevanciaTarefaMotivoReabertura.CadastroMotivosReabertura.CadastroMotivosReaberturaExcluirEmMassa@36060e]" started-at="2021-12-28T21:46:20Z" name="beforeClass" finished-at="2021-12-28T21:46:44Z" duration-ms="23996" status="PASS">
          <reporter-output>
          </reporter-output>
        </test-method> <!-- beforeClass -->
        <test-method signature="criar()[pri:0, instance:com.timp.test.MDR.DeterminacaoRelevanciaTarefaMotivoReabertura.CadastroMotivosReabertura.CadastroMotivosReaberturaExcluirEmMassa@36060e]" started-at="2021-12-28T21:46:44Z" name="criar" finished-at="2021-12-28T21:50:10Z" duration-ms="206121" status="PASS">
          <reporter-output>
          </reporter-output>
        </test-method> <!-- criar -->
        <test-method signature="excluir()[pri:0, instance:com.timp.test.MDR.DeterminacaoRelevanciaTarefaMotivoReabertura.CadastroMotivosReabertura.CadastroMotivosReaberturaExcluirEmMassa@36060e]" started-at="2021-12-28T21:50:10Z" name="excluir" finished-at="2021-12-28T21:50:47Z" depends-on-methods="com.timp.test.MDR.DeterminacaoRelevanciaTarefaMotivoReabertura.CadastroMotivosReabertura.CadastroMotivosReaberturaExcluirEmMassa.criar" duration-ms="37497" status="PASS">
          <reporter-output>
          </reporter-output>
        </test-method> <!-- excluir -->
        <test-method is-config="true" signature="afterClass()[pri:0, instance:com.timp.test.MDR.DeterminacaoRelevanciaTarefaMotivoReabertura.CadastroMotivosReabertura.CadastroMotivosReaberturaExcluirEmMassa@36060e]" started-at="2021-12-28T21:50:47Z" name="afterClass" finished-at="2021-12-28T21:50:47Z" duration-ms="45" status="PASS">
          <reporter-output>
          </reporter-output>
        </test-method> <!-- afterClass -->
      </class> <!-- com.timp.test.MDR.DeterminacaoRelevanciaTarefaMotivoReabertura.CadastroMotivosReabertura.CadastroMotivosReaberturaExcluirEmMassa -->
    </test> <!-- Default test -->
  </suite> <!-- Default suite -->
</testng-results>
