<?xml version="1.0" encoding="UTF-8"?>
<testng-results ignored="0" total="1" passed="1" failed="0" skipped="0">
  <reporter-output>
  </reporter-output>
  <suite started-at="2022-09-20T20:45:39 BRT" name="Default suite" finished-at="2022-09-20T20:49:32 BRT" duration-ms="232864">
    <groups>
    </groups>
    <test started-at="2022-09-20T20:45:39 BRT" name="Default test" finished-at="2022-09-20T20:49:32 BRT" duration-ms="232864">
      <class name="com.timp.test.BRB.OutputdeReferência">
        <test-method is-config="true" signature="beforeClass()[pri:0, instance:com.timp.test.BRB.OutputdeReferência@54a7079e]" started-at="2022-09-20T20:45:39 BRT" name="beforeClass" finished-at="2022-09-20T20:45:57 BRT" duration-ms="17555" status="PASS">
          <reporter-output>
          </reporter-output>
        </test-method> <!-- beforeClass -->
        <test-method signature="outputReferencia()[pri:0, instance:com.timp.test.BRB.OutputdeReferência@54a7079e]" started-at="2022-09-20T20:45:57 BRT" name="outputReferencia" finished-at="2022-09-20T20:49:32 BRT" duration-ms="215266" status="PASS">
          <reporter-output>
          </reporter-output>
        </test-method> <!-- outputReferencia -->
        <test-method is-config="true" signature="afterClass()[pri:0, instance:com.timp.test.BRB.OutputdeReferência@54a7079e]" started-at="2022-09-20T20:49:32 BRT" name="afterClass" finished-at="2022-09-20T20:49:32 BRT" duration-ms="1" status="PASS">
          <reporter-output>
          </reporter-output>
        </test-method> <!-- afterClass -->
      </class> <!-- com.timp.test.BRB.OutputdeReferência -->
    </test> <!-- Default test -->
  </suite> <!-- Default suite -->
</testng-results>
