<?xml version="1.0" encoding="UTF-8"?>
<testng-results skipped="0" failed="0" total="3" passed="3">
  <reporter-output>
  </reporter-output>
  <suite name="Default suite" duration-ms="77040" started-at="2020-09-17T20:59:43Z" finished-at="2020-09-17T21:01:00Z">
    <groups>
    </groups>
    <test name="Default test" duration-ms="77040" started-at="2020-09-17T20:59:43Z" finished-at="2020-09-17T21:01:00Z">
      <class name="com.timp.test.MDR.TabelasComplementaresParaObrigaçoesAcessorias.TabelaReceitasPermitidas.TabelaReceitasPermitidasDetalhes">
        <test-method status="PASS" signature="beforeClass()[pri:0, instance:com.timp.test.MDR.TabelasComplementaresParaObrigaçoesAcessorias.TabelaReceitasPermitidas.TabelaReceitasPermitidasDetalhes@3b2cf7ab]" name="beforeClass" is-config="true" duration-ms="13908" started-at="2020-09-17T14:59:43Z" finished-at="2020-09-17T14:59:57Z">
          <reporter-output>
          </reporter-output>
        </test-method> <!-- beforeClass -->
        <test-method status="PASS" signature="login()[pri:0, instance:com.timp.test.MDR.TabelasComplementaresParaObrigaçoesAcessorias.TabelaReceitasPermitidas.TabelaReceitasPermitidasDetalhes@3b2cf7ab]" name="login" duration-ms="8871" started-at="2020-09-17T14:59:57Z" finished-at="2020-09-17T15:00:06Z">
          <reporter-output>
          </reporter-output>
        </test-method> <!-- login -->
        <test-method status="PASS" signature="acessarMDR()[pri:0, instance:com.timp.test.MDR.TabelasComplementaresParaObrigaçoesAcessorias.TabelaReceitasPermitidas.TabelaReceitasPermitidasDetalhes@3b2cf7ab]" name="acessarMDR" duration-ms="9438" started-at="2020-09-17T15:00:06Z" finished-at="2020-09-17T15:00:15Z">
          <reporter-output>
          </reporter-output>
        </test-method> <!-- acessarMDR -->
        <test-method status="PASS" signature="Detalhes()[pri:0, instance:com.timp.test.MDR.TabelasComplementaresParaObrigaçoesAcessorias.TabelaReceitasPermitidas.TabelaReceitasPermitidasDetalhes@3b2cf7ab]" name="Detalhes" duration-ms="44805" started-at="2020-09-17T15:00:15Z" finished-at="2020-09-17T15:01:00Z">
          <reporter-output>
          </reporter-output>
        </test-method> <!-- Detalhes -->
      </class> <!-- com.timp.test.MDR.TabelasComplementaresParaObrigaçoesAcessorias.TabelaReceitasPermitidas.TabelaReceitasPermitidasDetalhes -->
    </test> <!-- Default test -->
  </suite> <!-- Default suite -->
</testng-results>
