<?xml version="1.0" encoding="UTF-8"?>
<testng-results total="3" passed="3" failed="0" skipped="0">
  <reporter-output>
  </reporter-output>
  <suite started-at="2021-01-29T20:24:04Z" name="Default suite" finished-at="2021-01-29T20:25:28Z" duration-ms="83971">
    <groups>
    </groups>
    <test started-at="2021-01-29T20:24:04Z" name="Default test" finished-at="2021-01-29T20:25:28Z" duration-ms="83971">
      <class name="com.timp.test.TCC.GestaoDeCreditoTributarioPISCONFINS.GestaoDeCreditoTributarioCOFINS.ConfiguracaoEExecucao.Registro1620.Registro1620Excluir">
        <test-method is-config="true" signature="beforeClass()[pri:0, instance:com.timp.test.TCC.GestaoDeCreditoTributarioPISCONFINS.GestaoDeCreditoTributarioCOFINS.ConfiguracaoEExecucao.Registro1620.Registro1620Excluir@7d0b7e3c]" started-at="2021-01-29T17:24:04Z" name="beforeClass" finished-at="2021-01-29T17:24:16Z" duration-ms="11862" status="PASS">
          <reporter-output>
          </reporter-output>
        </test-method> <!-- beforeClass -->
        <test-method signature="login()[pri:0, instance:com.timp.test.TCC.GestaoDeCreditoTributarioPISCONFINS.GestaoDeCreditoTributarioCOFINS.ConfiguracaoEExecucao.Registro1620.Registro1620Excluir@7d0b7e3c]" started-at="2021-01-29T17:24:16Z" name="login" finished-at="2021-01-29T17:24:24Z" duration-ms="7703" status="PASS">
          <reporter-output>
          </reporter-output>
        </test-method> <!-- login -->
        <test-method signature="acessarTCC()[pri:0, instance:com.timp.test.TCC.GestaoDeCreditoTributarioPISCONFINS.GestaoDeCreditoTributarioCOFINS.ConfiguracaoEExecucao.Registro1620.Registro1620Excluir@7d0b7e3c]" started-at="2021-01-29T17:24:24Z" name="acessarTCC" finished-at="2021-01-29T17:24:46Z" duration-ms="22276" status="PASS">
          <reporter-output>
          </reporter-output>
        </test-method> <!-- acessarTCC -->
        <test-method signature="excluir()[pri:0, instance:com.timp.test.TCC.GestaoDeCreditoTributarioPISCONFINS.GestaoDeCreditoTributarioCOFINS.ConfiguracaoEExecucao.Registro1620.Registro1620Excluir@7d0b7e3c]" started-at="2021-01-29T17:24:46Z" name="excluir" finished-at="2021-01-29T17:25:28Z" duration-ms="42115" status="PASS">
          <reporter-output>
          </reporter-output>
        </test-method> <!-- excluir -->
        <test-method is-config="true" signature="afterClass()[pri:0, instance:com.timp.test.TCC.GestaoDeCreditoTributarioPISCONFINS.GestaoDeCreditoTributarioCOFINS.ConfiguracaoEExecucao.Registro1620.Registro1620Excluir@7d0b7e3c]" started-at="2021-01-29T17:25:28Z" name="afterClass" finished-at="2021-01-29T17:25:28Z" duration-ms="0" status="PASS">
          <reporter-output>
          </reporter-output>
        </test-method> <!-- afterClass -->
      </class> <!-- com.timp.test.TCC.GestaoDeCreditoTributarioPISCONFINS.GestaoDeCreditoTributarioCOFINS.ConfiguracaoEExecucao.Registro1620.Registro1620Excluir -->
    </test> <!-- Default test -->
  </suite> <!-- Default suite -->
</testng-results>
