<?xml version="1.0" encoding="UTF-8"?>
<testng-results total="3" passed="3" failed="0" skipped="0">
  <reporter-output>
  </reporter-output>
  <suite started-at="2021-01-09T06:09:13Z" name="Default suite" finished-at="2021-01-09T06:10:44Z" duration-ms="90914">
    <groups>
    </groups>
    <test started-at="2021-01-09T06:09:13Z" name="Default test" finished-at="2021-01-09T06:10:44Z" duration-ms="90914">
      <class name="com.timp.test.MDR.TabelasApoioSped.AjusteEInformaçoesDeValores.AjusteEInformaçoesDeValoresVisualizar">
        <test-method is-config="true" signature="beforeClass()[pri:0, instance:com.timp.test.MDR.TabelasApoioSped.AjusteEInformaçoesDeValores.AjusteEInformaçoesDeValoresVisualizar@76a4ebf2]" started-at="2021-01-09T00:09:13Z" name="beforeClass" finished-at="2021-01-09T00:09:32Z" duration-ms="18884" status="PASS">
          <reporter-output>
          </reporter-output>
        </test-method> <!-- beforeClass -->
        <test-method signature="login()[pri:0, instance:com.timp.test.MDR.TabelasApoioSped.AjusteEInformaçoesDeValores.AjusteEInformaçoesDeValoresVisualizar@76a4ebf2]" started-at="2021-01-09T00:09:32Z" name="login" finished-at="2021-01-09T00:09:38Z" duration-ms="6014" status="PASS">
          <reporter-output>
          </reporter-output>
        </test-method> <!-- login -->
        <test-method signature="acessarMDR()[pri:0, instance:com.timp.test.MDR.TabelasApoioSped.AjusteEInformaçoesDeValores.AjusteEInformaçoesDeValoresVisualizar@76a4ebf2]" started-at="2021-01-09T00:09:38Z" name="acessarMDR" finished-at="2021-01-09T00:10:04Z" duration-ms="26035" status="PASS">
          <reporter-output>
          </reporter-output>
        </test-method> <!-- acessarMDR -->
        <test-method signature="Visualizar()[pri:0, instance:com.timp.test.MDR.TabelasApoioSped.AjusteEInformaçoesDeValores.AjusteEInformaçoesDeValoresVisualizar@76a4ebf2]" started-at="2021-01-09T00:10:04Z" name="Visualizar" finished-at="2021-01-09T00:10:40Z" duration-ms="35649" status="PASS">
          <reporter-output>
          </reporter-output>
        </test-method> <!-- Visualizar -->
        <test-method is-config="true" signature="afterClass()[pri:0, instance:com.timp.test.MDR.TabelasApoioSped.AjusteEInformaçoesDeValores.AjusteEInformaçoesDeValoresVisualizar@76a4ebf2]" started-at="2021-01-09T00:10:40Z" name="afterClass" finished-at="2021-01-09T00:10:44Z" duration-ms="4318" status="PASS">
          <reporter-output>
          </reporter-output>
        </test-method> <!-- afterClass -->
      </class> <!-- com.timp.test.MDR.TabelasApoioSped.AjusteEInformaçoesDeValores.AjusteEInformaçoesDeValoresVisualizar -->
    </test> <!-- Default test -->
  </suite> <!-- Default suite -->
</testng-results>
