<?xml version="1.0" encoding="UTF-8"?>
<testng-results skipped="0" failed="0" total="3" passed="3">
  <reporter-output>
  </reporter-output>
  <suite name="Default suite" duration-ms="113849" started-at="2020-09-03T17:01:18Z" finished-at="2020-09-03T17:03:11Z">
    <groups>
    </groups>
    <test name="Default test" duration-ms="113849" started-at="2020-09-03T17:01:18Z" finished-at="2020-09-03T17:03:11Z">
      <class name="com.timp.test.MDR.SCANC.MovimentoSCANC.MovimentoSCANCCriar">
        <test-method status="PASS" signature="beforeClass()[pri:0, instance:com.timp.test.MDR.SCANC.MovimentoSCANC.MovimentoSCANCCriar@3b2cf7ab]" name="beforeClass" is-config="true" duration-ms="13589" started-at="2020-09-03T11:01:18Z" finished-at="2020-09-03T11:01:31Z">
          <reporter-output>
          </reporter-output>
        </test-method> <!-- beforeClass -->
        <test-method status="PASS" signature="login()[pri:0, instance:com.timp.test.MDR.SCANC.MovimentoSCANC.MovimentoSCANCCriar@3b2cf7ab]" name="login" duration-ms="6006" started-at="2020-09-03T11:01:31Z" finished-at="2020-09-03T11:01:37Z">
          <reporter-output>
          </reporter-output>
        </test-method> <!-- login -->
        <test-method status="PASS" signature="acessarMDR()[pri:0, instance:com.timp.test.MDR.SCANC.MovimentoSCANC.MovimentoSCANCCriar@3b2cf7ab]" name="acessarMDR" duration-ms="24628" started-at="2020-09-03T11:01:37Z" finished-at="2020-09-03T11:02:02Z">
          <reporter-output>
          </reporter-output>
        </test-method> <!-- acessarMDR -->
        <test-method status="PASS" signature="criar()[pri:0, instance:com.timp.test.MDR.SCANC.MovimentoSCANC.MovimentoSCANCCriar@3b2cf7ab]" name="criar" duration-ms="69613" started-at="2020-09-03T11:02:02Z" finished-at="2020-09-03T11:03:11Z">
          <reporter-output>
          </reporter-output>
        </test-method> <!-- criar -->
      </class> <!-- com.timp.test.MDR.SCANC.MovimentoSCANC.MovimentoSCANCCriar -->
    </test> <!-- Default test -->
  </suite> <!-- Default suite -->
</testng-results>
