<?xml version="1.0" encoding="UTF-8"?>
<testng-results total="3" passed="3" failed="0" skipped="0">
  <reporter-output>
  </reporter-output>
  <suite started-at="2021-01-26T02:11:32Z" name="Default suite" finished-at="2021-01-26T02:14:18Z" duration-ms="166051">
    <groups>
    </groups>
    <test started-at="2021-01-26T02:11:32Z" name="Default test" finished-at="2021-01-26T02:14:18Z" duration-ms="166051">
      <class name="com.timp.test.BRB.Duplicidade">
        <test-method is-config="true" signature="beforeClass()[pri:0, instance:com.timp.test.BRB.Duplicidade@38e79ae3]" started-at="2021-01-25T23:11:32Z" name="beforeClass" finished-at="2021-01-25T23:11:48Z" duration-ms="16433" status="PASS">
          <reporter-output>
          </reporter-output>
        </test-method> <!-- beforeClass -->
        <test-method signature="login()[pri:0, instance:com.timp.test.BRB.Duplicidade@38e79ae3]" started-at="2021-01-25T23:11:48Z" name="login" finished-at="2021-01-25T23:11:57Z" duration-ms="8948" status="PASS">
          <reporter-output>
          </reporter-output>
        </test-method> <!-- login -->
        <test-method signature="brbEntrar()[pri:0, instance:com.timp.test.BRB.Duplicidade@38e79ae3]" started-at="2021-01-25T23:11:57Z" name="brbEntrar" finished-at="2021-01-25T23:12:24Z" duration-ms="27458" status="PASS">
          <reporter-output>
          </reporter-output>
        </test-method> <!-- brbEntrar -->
        <test-method signature="editar()[pri:0, instance:com.timp.test.BRB.Duplicidade@38e79ae3]" started-at="2021-01-25T23:12:24Z" name="editar" finished-at="2021-01-25T23:14:18Z" duration-ms="113192" status="PASS">
          <reporter-output>
          </reporter-output>
        </test-method> <!-- editar -->
        <test-method is-config="true" signature="afterClass()[pri:0, instance:com.timp.test.BRB.Duplicidade@38e79ae3]" started-at="2021-01-25T23:14:18Z" name="afterClass" finished-at="2021-01-25T23:14:18Z" duration-ms="0" status="PASS">
          <reporter-output>
          </reporter-output>
        </test-method> <!-- afterClass -->
      </class> <!-- com.timp.test.BRB.Duplicidade -->
    </test> <!-- Default test -->
  </suite> <!-- Default suite -->
</testng-results>
