<?xml version="1.0" encoding="UTF-8"?>
<testng-results skipped="0" failed="0" total="3" passed="3">
  <reporter-output>
  </reporter-output>
  <suite name="Default suite" duration-ms="110902" started-at="2020-09-16T20:51:34Z" finished-at="2020-09-16T20:53:25Z">
    <groups>
    </groups>
    <test name="Default test" duration-ms="110902" started-at="2020-09-16T20:51:34Z" finished-at="2020-09-16T20:53:25Z">
      <class name="com.timp.test.MDR.ParametrosContabilizacao.MapeamentoSubstituiçãoContaEstoqueCenáriosCorreções.MapeamentoSubstituicaoContaEstoqueCenariosCorrecoesExcluir">
        <test-method status="PASS" signature="beforeClass()[pri:0, instance:com.timp.test.MDR.ParametrosContabilizacao.MapeamentoSubstituiçãoContaEstoqueCenáriosCorreções.MapeamentoSubstituicaoContaEstoqueCenariosCorrecoesExcluir@3b2cf7ab]" name="beforeClass" is-config="true" duration-ms="11289" started-at="2020-09-16T14:51:34Z" finished-at="2020-09-16T14:51:46Z">
          <reporter-output>
          </reporter-output>
        </test-method> <!-- beforeClass -->
        <test-method status="PASS" signature="login()[pri:0, instance:com.timp.test.MDR.ParametrosContabilizacao.MapeamentoSubstituiçãoContaEstoqueCenáriosCorreções.MapeamentoSubstituicaoContaEstoqueCenariosCorrecoesExcluir@3b2cf7ab]" name="login" duration-ms="6501" started-at="2020-09-16T14:51:46Z" finished-at="2020-09-16T14:51:52Z">
          <reporter-output>
          </reporter-output>
        </test-method> <!-- login -->
        <test-method status="PASS" signature="acessarMDR()[pri:0, instance:com.timp.test.MDR.ParametrosContabilizacao.MapeamentoSubstituiçãoContaEstoqueCenáriosCorreções.MapeamentoSubstituicaoContaEstoqueCenariosCorrecoesExcluir@3b2cf7ab]" name="acessarMDR" duration-ms="24201" started-at="2020-09-16T14:51:52Z" finished-at="2020-09-16T14:52:16Z">
          <reporter-output>
          </reporter-output>
        </test-method> <!-- acessarMDR -->
        <test-method status="PASS" signature="criar()[pri:0, instance:com.timp.test.MDR.ParametrosContabilizacao.MapeamentoSubstituiçãoContaEstoqueCenáriosCorreções.MapeamentoSubstituicaoContaEstoqueCenariosCorrecoesExcluir@3b2cf7ab]" name="criar" duration-ms="68895" started-at="2020-09-16T14:52:16Z" finished-at="2020-09-16T14:53:25Z">
          <reporter-output>
          </reporter-output>
        </test-method> <!-- criar -->
      </class> <!-- com.timp.test.MDR.ParametrosContabilizacao.MapeamentoSubstituiçãoContaEstoqueCenáriosCorreções.MapeamentoSubstituicaoContaEstoqueCenariosCorrecoesExcluir -->
    </test> <!-- Default test -->
  </suite> <!-- Default suite -->
</testng-results>
