<?xml version="1.0" encoding="UTF-8"?>
<testng-results ignored="0" total="1" passed="1" failed="0" skipped="0">
  <reporter-output>
  </reporter-output>
  <suite started-at="2021-09-13T23:44:15Z" name="Default suite" finished-at="2021-09-13T23:49:27Z" duration-ms="311663">
    <groups>
    </groups>
    <test started-at="2021-09-13T23:44:15Z" name="Default test" finished-at="2021-09-13T23:49:27Z" duration-ms="311663">
      <class name="com.timp.test.BRB.ComentarioListaSuspensa">
        <test-method is-config="true" signature="beforeClass()[pri:0, instance:com.timp.test.BRB.ComentarioListaSuspensa@2d778add]" started-at="2021-09-13T23:44:15Z" name="beforeClass" finished-at="2021-09-13T23:44:35Z" duration-ms="20357" status="PASS">
          <reporter-output>
          </reporter-output>
        </test-method> <!-- beforeClass -->
        <test-method signature="listaSuspensa()[pri:0, instance:com.timp.test.BRB.ComentarioListaSuspensa@2d778add]" started-at="2021-09-13T23:44:35Z" name="listaSuspensa" finished-at="2021-09-13T23:49:27Z" duration-ms="291291" status="PASS">
          <reporter-output>
          </reporter-output>
        </test-method> <!-- listaSuspensa -->
        <test-method is-config="true" signature="afterClass()[pri:0, instance:com.timp.test.BRB.ComentarioListaSuspensa@2d778add]" started-at="2021-09-13T23:49:27Z" name="afterClass" finished-at="2021-09-13T23:49:27Z" duration-ms="0" status="PASS">
          <reporter-output>
          </reporter-output>
        </test-method> <!-- afterClass -->
      </class> <!-- com.timp.test.BRB.ComentarioListaSuspensa -->
    </test> <!-- Default test -->
  </suite> <!-- Default suite -->
</testng-results>
