<?xml version="1.0" encoding="UTF-8"?>
<testng-results ignored="0" total="18" passed="12" failed="6" skipped="0">
  <reporter-output>
  </reporter-output>
  <suite started-at="2021-06-25T15:29:54Z" name="Suite" finished-at="2021-06-25T16:21:32Z" duration-ms="3097410">
    <groups>
    </groups>
    <test started-at="2021-06-25T15:29:54Z" name="Dashboard" finished-at="2021-06-25T16:21:32Z" duration-ms="3097410">
      <class name="com.timp.test.TDK.Dashboard.Edicao.DashboardTabelaEditar">
        <test-method is-config="true" signature="beforeClass()[pri:0, instance:com.timp.test.TDK.Dashboard.Edicao.DashboardTabelaEditar@7d446ed1]" started-at="2021-06-25T15:44:37Z" name="beforeClass" finished-at="2021-06-25T15:44:54Z" duration-ms="17054" status="PASS">
          <reporter-output>
          </reporter-output>
        </test-method> <!-- beforeClass -->
        <test-method signature="linksrapidos()[pri:0, instance:com.timp.test.TDK.Dashboard.Edicao.DashboardTabelaEditar@7d446ed1]" started-at="2021-06-25T15:44:54Z" name="linksrapidos" finished-at="2021-06-25T15:48:26Z" duration-ms="211297" status="PASS">
          <reporter-output>
          </reporter-output>
        </test-method> <!-- linksrapidos -->
        <test-method is-config="true" signature="afterClass()[pri:0, instance:com.timp.test.TDK.Dashboard.Edicao.DashboardTabelaEditar@7d446ed1]" started-at="2021-06-25T15:48:26Z" name="afterClass" finished-at="2021-06-25T15:48:30Z" duration-ms="4418" status="PASS">
          <reporter-output>
          </reporter-output>
        </test-method> <!-- afterClass -->
      </class> <!-- com.timp.test.TDK.Dashboard.Edicao.DashboardTabelaEditar -->
      <class name="com.timp.test.TDK.Dashboard.Edicao.DashboardCartaoIndicadorEditar">
        <test-method is-config="true" signature="beforeClass()[pri:0, instance:com.timp.test.TDK.Dashboard.Edicao.DashboardCartaoIndicadorEditar@1984b1f]" started-at="2021-06-25T16:05:25Z" name="beforeClass" finished-at="2021-06-25T16:05:43Z" duration-ms="17899" status="PASS">
          <reporter-output>
          </reporter-output>
        </test-method> <!-- beforeClass -->
        <test-method signature="CartaoIndicador()[pri:0, instance:com.timp.test.TDK.Dashboard.Edicao.DashboardCartaoIndicadorEditar@1984b1f]" started-at="2021-06-25T16:05:43Z" name="CartaoIndicador" finished-at="2021-06-25T16:07:36Z" duration-ms="113145" status="FAIL">
          <exception class="org.openqa.selenium.ElementNotInteractableException">
            <message>
              <![CDATA[element not interactable
  (Session info: chrome=83.0.4103.106)
Build info: version: '3.141.59', revision: 'e82be7d358', time: '2018-11-14T08:17:03'
System info: host: 'DESKTOP-JP1A9E6', ip: '192.168.0.108', os.name: 'Windows 10', os.arch: 'amd64', os.version: '10.0', java.version: '15.0.2'
Driver info: org.openqa.selenium.chrome.ChromeDriver
Capabilities {acceptInsecureCerts: false, browserName: chrome, browserVersion: 83.0.4103.106, chrome: {chromedriverVersion: 83.0.4103.39 (ccbf011cb2d2b..., userDataDir: C:\Users\Massiel\AppData\Lo...}, goog:chromeOptions: {debuggerAddress: localhost:64771}, javascriptEnabled: true, networkConnectionEnabled: false, pageLoadStrategy: normal, platform: WINDOWS, platformName: WINDOWS, proxy: Proxy(), setWindowRect: true, strictFileInteractability: false, timeouts: {implicit: 0, pageLoad: 300000, script: 30000}, unhandledPromptBehavior: dismiss and notify, webauthn:virtualAuthenticators: true}
Session ID: 935b167522a3fe3adb8b9a2cea242703]]>
            </message>
            <full-stacktrace>
              <![CDATA[org.openqa.selenium.ElementNotInteractableException: element not interactable
  (Session info: chrome=83.0.4103.106)
Build info: version: '3.141.59', revision: 'e82be7d358', time: '2018-11-14T08:17:03'
System info: host: 'DESKTOP-JP1A9E6', ip: '192.168.0.108', os.name: 'Windows 10', os.arch: 'amd64', os.version: '10.0', java.version: '15.0.2'
Driver info: org.openqa.selenium.chrome.ChromeDriver
Capabilities {acceptInsecureCerts: false, browserName: chrome, browserVersion: 83.0.4103.106, chrome: {chromedriverVersion: 83.0.4103.39 (ccbf011cb2d2b..., userDataDir: C:\Users\Massiel\AppData\Lo...}, goog:chromeOptions: {debuggerAddress: localhost:64771}, javascriptEnabled: true, networkConnectionEnabled: false, pageLoadStrategy: normal, platform: WINDOWS, platformName: WINDOWS, proxy: Proxy(), setWindowRect: true, strictFileInteractability: false, timeouts: {implicit: 0, pageLoad: 300000, script: 30000}, unhandledPromptBehavior: dismiss and notify, webauthn:virtualAuthenticators: true}
Session ID: 935b167522a3fe3adb8b9a2cea242703
at java.base/jdk.internal.reflect.NativeConstructorAccessorImpl.newInstance0(Native Method)
at java.base/jdk.internal.reflect.NativeConstructorAccessorImpl.newInstance(NativeConstructorAccessorImpl.java:64)
at java.base/jdk.internal.reflect.DelegatingConstructorAccessorImpl.newInstance(DelegatingConstructorAccessorImpl.java:45)
at java.base/java.lang.reflect.Constructor.newInstanceWithCaller(Constructor.java:500)
at java.base/java.lang.reflect.Constructor.newInstance(Constructor.java:481)
at org.openqa.selenium.remote.http.W3CHttpResponseCodec.createException(W3CHttpResponseCodec.java:187)
at org.openqa.selenium.remote.http.W3CHttpResponseCodec.decode(W3CHttpResponseCodec.java:122)
at org.openqa.selenium.remote.http.W3CHttpResponseCodec.decode(W3CHttpResponseCodec.java:49)
at org.openqa.selenium.remote.HttpCommandExecutor.execute(HttpCommandExecutor.java:158)
at org.openqa.selenium.remote.service.DriverCommandExecutor.execute(DriverCommandExecutor.java:83)
at org.openqa.selenium.remote.RemoteWebDriver.execute(RemoteWebDriver.java:552)
at org.openqa.selenium.remote.RemoteWebElement.execute(RemoteWebElement.java:285)
at org.openqa.selenium.remote.RemoteWebElement.click(RemoteWebElement.java:84)
at jdk.internal.reflect.GeneratedMethodAccessor1.invoke(Unknown Source)
at java.base/jdk.internal.reflect.DelegatingMethodAccessorImpl.invoke(DelegatingMethodAccessorImpl.java:43)
at java.base/java.lang.reflect.Method.invoke(Method.java:564)
at org.openqa.selenium.support.pagefactory.internal.LocatingElementHandler.invoke(LocatingElementHandler.java:51)
at com.sun.proxy.$Proxy12.click(Unknown Source)
at com.sap.timp.pageObjectModel.TDK.Dashboard.Edicao.DashboardCartaoIndicadorEditarPO.CartaoIndicador(DashboardCartaoIndicadorEditarPO.java:145)
at com.timp.test.TDK.Dashboard.Edicao.DashboardCartaoIndicadorEditar.CartaoIndicador(DashboardCartaoIndicadorEditar.java:39)
at java.base/jdk.internal.reflect.NativeMethodAccessorImpl.invoke0(Native Method)
at java.base/jdk.internal.reflect.NativeMethodAccessorImpl.invoke(NativeMethodAccessorImpl.java:64)
at java.base/jdk.internal.reflect.DelegatingMethodAccessorImpl.invoke(DelegatingMethodAccessorImpl.java:43)
at java.base/java.lang.reflect.Method.invoke(Method.java:564)
at org.testng.internal.MethodInvocationHelper.invokeMethod(MethodInvocationHelper.java:124)
at org.testng.internal.Invoker.invokeMethod(Invoker.java:583)
at org.testng.internal.Invoker.invokeTestMethod(Invoker.java:719)
at org.testng.internal.Invoker.invokeTestMethods(Invoker.java:989)
at org.testng.internal.TestMethodWorker.invokeTestMethods(TestMethodWorker.java:125)
at org.testng.internal.TestMethodWorker.run(TestMethodWorker.java:109)
at org.testng.TestRunner.privateRun(TestRunner.java:648)
at org.testng.TestRunner.run(TestRunner.java:505)
at org.testng.SuiteRunner.runTest(SuiteRunner.java:455)
at org.testng.SuiteRunner.runSequentially(SuiteRunner.java:450)
at org.testng.SuiteRunner.privateRun(SuiteRunner.java:415)
at org.testng.SuiteRunner.run(SuiteRunner.java:364)
at org.testng.SuiteRunnerWorker.runSuite(SuiteRunnerWorker.java:52)
at org.testng.SuiteRunnerWorker.run(SuiteRunnerWorker.java:84)
at org.testng.TestNG.runSuitesSequentially(TestNG.java:1208)
at org.testng.TestNG.runSuitesLocally(TestNG.java:1137)
at org.testng.TestNG.runSuites(TestNG.java:1049)
at org.testng.TestNG.run(TestNG.java:1017)
at org.testng.remote.AbstractRemoteTestNG.run(AbstractRemoteTestNG.java:115)
at org.testng.remote.RemoteTestNG.initAndRun(RemoteTestNG.java:251)
at org.testng.remote.RemoteTestNG.main(RemoteTestNG.java:77)
]]>
            </full-stacktrace>
          </exception> <!-- org.openqa.selenium.ElementNotInteractableException -->
          <reporter-output>
          </reporter-output>
        </test-method> <!-- CartaoIndicador -->
        <test-method is-config="true" signature="afterClass()[pri:0, instance:com.timp.test.TDK.Dashboard.Edicao.DashboardCartaoIndicadorEditar@1984b1f]" started-at="2021-06-25T16:07:36Z" name="afterClass" finished-at="2021-06-25T16:07:41Z" duration-ms="4430" status="PASS">
          <reporter-output>
          </reporter-output>
        </test-method> <!-- afterClass -->
      </class> <!-- com.timp.test.TDK.Dashboard.Edicao.DashboardCartaoIndicadorEditar -->
      <class name="com.timp.test.TDK.Dashboard.Edicao.DashboardEdiçãoGráficoEditar">
        <test-method is-config="true" signature="beforeClass()[pri:0, instance:com.timp.test.TDK.Dashboard.Edicao.DashboardEdiçãoGráficoEditar@1f53a5dc]" started-at="2021-06-25T16:00:46Z" name="beforeClass" finished-at="2021-06-25T16:01:02Z" duration-ms="16041" status="PASS">
          <reporter-output>
          </reporter-output>
        </test-method> <!-- beforeClass -->
        <test-method signature="editar()[pri:0, instance:com.timp.test.TDK.Dashboard.Edicao.DashboardEdiçãoGráficoEditar@1f53a5dc]" started-at="2021-06-25T16:01:02Z" name="editar" finished-at="2021-06-25T16:02:54Z" duration-ms="112315" status="FAIL">
          <exception class="org.openqa.selenium.ElementClickInterceptedException">
            <message>
              <![CDATA[element click intercepted: Element <span class="library-toolbar-item-text">...</span> is not clickable at point (410, 83). Other element would receive the click: <span>...</span>
  (Session info: chrome=83.0.4103.106)
Build info: version: '3.141.59', revision: 'e82be7d358', time: '2018-11-14T08:17:03'
System info: host: 'DESKTOP-JP1A9E6', ip: '192.168.0.108', os.name: 'Windows 10', os.arch: 'amd64', os.version: '10.0', java.version: '15.0.2'
Driver info: org.openqa.selenium.chrome.ChromeDriver
Capabilities {acceptInsecureCerts: false, browserName: chrome, browserVersion: 83.0.4103.106, chrome: {chromedriverVersion: 83.0.4103.39 (ccbf011cb2d2b..., userDataDir: C:\Users\Massiel\AppData\Lo...}, goog:chromeOptions: {debuggerAddress: localhost:64577}, javascriptEnabled: true, networkConnectionEnabled: false, pageLoadStrategy: normal, platform: WINDOWS, platformName: WINDOWS, proxy: Proxy(), setWindowRect: true, strictFileInteractability: false, timeouts: {implicit: 0, pageLoad: 300000, script: 30000}, unhandledPromptBehavior: dismiss and notify, webauthn:virtualAuthenticators: true}
Session ID: c74dc46612df533af9ddf2605946a0cb]]>
            </message>
            <full-stacktrace>
              <![CDATA[org.openqa.selenium.ElementClickInterceptedException: element click intercepted: Element <span class="library-toolbar-item-text">...</span> is not clickable at point (410, 83). Other element would receive the click: <span>...</span>
  (Session info: chrome=83.0.4103.106)
Build info: version: '3.141.59', revision: 'e82be7d358', time: '2018-11-14T08:17:03'
System info: host: 'DESKTOP-JP1A9E6', ip: '192.168.0.108', os.name: 'Windows 10', os.arch: 'amd64', os.version: '10.0', java.version: '15.0.2'
Driver info: org.openqa.selenium.chrome.ChromeDriver
Capabilities {acceptInsecureCerts: false, browserName: chrome, browserVersion: 83.0.4103.106, chrome: {chromedriverVersion: 83.0.4103.39 (ccbf011cb2d2b..., userDataDir: C:\Users\Massiel\AppData\Lo...}, goog:chromeOptions: {debuggerAddress: localhost:64577}, javascriptEnabled: true, networkConnectionEnabled: false, pageLoadStrategy: normal, platform: WINDOWS, platformName: WINDOWS, proxy: Proxy(), setWindowRect: true, strictFileInteractability: false, timeouts: {implicit: 0, pageLoad: 300000, script: 30000}, unhandledPromptBehavior: dismiss and notify, webauthn:virtualAuthenticators: true}
Session ID: c74dc46612df533af9ddf2605946a0cb
at java.base/jdk.internal.reflect.NativeConstructorAccessorImpl.newInstance0(Native Method)
at java.base/jdk.internal.reflect.NativeConstructorAccessorImpl.newInstance(NativeConstructorAccessorImpl.java:64)
at java.base/jdk.internal.reflect.DelegatingConstructorAccessorImpl.newInstance(DelegatingConstructorAccessorImpl.java:45)
at java.base/java.lang.reflect.Constructor.newInstanceWithCaller(Constructor.java:500)
at java.base/java.lang.reflect.Constructor.newInstance(Constructor.java:481)
at org.openqa.selenium.remote.http.W3CHttpResponseCodec.createException(W3CHttpResponseCodec.java:187)
at org.openqa.selenium.remote.http.W3CHttpResponseCodec.decode(W3CHttpResponseCodec.java:122)
at org.openqa.selenium.remote.http.W3CHttpResponseCodec.decode(W3CHttpResponseCodec.java:49)
at org.openqa.selenium.remote.HttpCommandExecutor.execute(HttpCommandExecutor.java:158)
at org.openqa.selenium.remote.service.DriverCommandExecutor.execute(DriverCommandExecutor.java:83)
at org.openqa.selenium.remote.RemoteWebDriver.execute(RemoteWebDriver.java:552)
at org.openqa.selenium.remote.RemoteWebElement.execute(RemoteWebElement.java:285)
at org.openqa.selenium.remote.RemoteWebElement.click(RemoteWebElement.java:84)
at jdk.internal.reflect.GeneratedMethodAccessor1.invoke(Unknown Source)
at java.base/jdk.internal.reflect.DelegatingMethodAccessorImpl.invoke(DelegatingMethodAccessorImpl.java:43)
at java.base/java.lang.reflect.Method.invoke(Method.java:564)
at org.openqa.selenium.support.pagefactory.internal.LocatingElementHandler.invoke(LocatingElementHandler.java:51)
at com.sun.proxy.$Proxy12.click(Unknown Source)
at com.sap.timp.pageObjectModel.TDK.Dashboard.Edicao.DashboardEdiçãoGráficoEditarPO.Editar(DashboardEdiçãoGráficoEditarPO.java:112)
at com.timp.test.TDK.Dashboard.Edicao.DashboardEdiçãoGráficoEditar.editar(DashboardEdiçãoGráficoEditar.java:39)
at java.base/jdk.internal.reflect.NativeMethodAccessorImpl.invoke0(Native Method)
at java.base/jdk.internal.reflect.NativeMethodAccessorImpl.invoke(NativeMethodAccessorImpl.java:64)
at java.base/jdk.internal.reflect.DelegatingMethodAccessorImpl.invoke(DelegatingMethodAccessorImpl.java:43)
at java.base/java.lang.reflect.Method.invoke(Method.java:564)
at org.testng.internal.MethodInvocationHelper.invokeMethod(MethodInvocationHelper.java:124)
at org.testng.internal.Invoker.invokeMethod(Invoker.java:583)
at org.testng.internal.Invoker.invokeTestMethod(Invoker.java:719)
at org.testng.internal.Invoker.invokeTestMethods(Invoker.java:989)
at org.testng.internal.TestMethodWorker.invokeTestMethods(TestMethodWorker.java:125)
at org.testng.internal.TestMethodWorker.run(TestMethodWorker.java:109)
at org.testng.TestRunner.privateRun(TestRunner.java:648)
at org.testng.TestRunner.run(TestRunner.java:505)
at org.testng.SuiteRunner.runTest(SuiteRunner.java:455)
at org.testng.SuiteRunner.runSequentially(SuiteRunner.java:450)
at org.testng.SuiteRunner.privateRun(SuiteRunner.java:415)
at org.testng.SuiteRunner.run(SuiteRunner.java:364)
at org.testng.SuiteRunnerWorker.runSuite(SuiteRunnerWorker.java:52)
at org.testng.SuiteRunnerWorker.run(SuiteRunnerWorker.java:84)
at org.testng.TestNG.runSuitesSequentially(TestNG.java:1208)
at org.testng.TestNG.runSuitesLocally(TestNG.java:1137)
at org.testng.TestNG.runSuites(TestNG.java:1049)
at org.testng.TestNG.run(TestNG.java:1017)
at org.testng.remote.AbstractRemoteTestNG.run(AbstractRemoteTestNG.java:115)
at org.testng.remote.RemoteTestNG.initAndRun(RemoteTestNG.java:251)
at org.testng.remote.RemoteTestNG.main(RemoteTestNG.java:77)
]]>
            </full-stacktrace>
          </exception> <!-- org.openqa.selenium.ElementClickInterceptedException -->
          <reporter-output>
          </reporter-output>
        </test-method> <!-- editar -->
        <test-method is-config="true" signature="afterClass()[pri:0, instance:com.timp.test.TDK.Dashboard.Edicao.DashboardEdiçãoGráficoEditar@1f53a5dc]" started-at="2021-06-25T16:02:54Z" name="afterClass" finished-at="2021-06-25T16:02:54Z" duration-ms="50" status="PASS">
          <reporter-output>
          </reporter-output>
        </test-method> <!-- afterClass -->
      </class> <!-- com.timp.test.TDK.Dashboard.Edicao.DashboardEdiçãoGráficoEditar -->
      <class name="com.timp.test.TDK.Dashboard.Edicao.DashboardTabelaExecutar">
        <test-method is-config="true" signature="beforeClass()[pri:0, instance:com.timp.test.TDK.Dashboard.Edicao.DashboardTabelaExecutar@12d2ce03]" started-at="2021-06-25T15:48:30Z" name="beforeClass" finished-at="2021-06-25T15:48:47Z" duration-ms="16657" status="PASS">
          <reporter-output>
          </reporter-output>
        </test-method> <!-- beforeClass -->
        <test-method signature="TabelaExecutar()[pri:0, instance:com.timp.test.TDK.Dashboard.Edicao.DashboardTabelaExecutar@12d2ce03]" started-at="2021-06-25T15:48:47Z" name="TabelaExecutar" finished-at="2021-06-25T15:51:06Z" duration-ms="139654" status="PASS">
          <reporter-output>
          </reporter-output>
        </test-method> <!-- TabelaExecutar -->
        <test-method is-config="true" signature="afterClass()[pri:0, instance:com.timp.test.TDK.Dashboard.Edicao.DashboardTabelaExecutar@12d2ce03]" started-at="2021-06-25T15:51:06Z" name="afterClass" finished-at="2021-06-25T15:51:11Z" duration-ms="4440" status="PASS">
          <reporter-output>
          </reporter-output>
        </test-method> <!-- afterClass -->
      </class> <!-- com.timp.test.TDK.Dashboard.Edicao.DashboardTabelaExecutar -->
      <class name="com.timp.test.TDK.Dashboard.ParametrosGerais.DashboardLixeira">
        <test-method is-config="true" signature="beforeClass()[pri:0, instance:com.timp.test.TDK.Dashboard.ParametrosGerais.DashboardLixeira@4ff8d125]" started-at="2021-06-25T16:16:48Z" name="beforeClass" finished-at="2021-06-25T16:17:00Z" duration-ms="12073" status="PASS">
          <reporter-output>
          </reporter-output>
        </test-method> <!-- beforeClass -->
        <test-method signature="lixeira()[pri:0, instance:com.timp.test.TDK.Dashboard.ParametrosGerais.DashboardLixeira@4ff8d125]" started-at="2021-06-25T16:17:00Z" name="lixeira" finished-at="2021-06-25T16:17:04Z" duration-ms="4045" status="FAIL">
          <exception class="org.openqa.selenium.NoSuchElementException">
            <message>
              <![CDATA[no such element: Unable to locate element: {"method":"xpath","selector":"//span[text()="Dashboards Públicos"]"}
  (Session info: chrome=83.0.4103.106)
For documentation on this error, please visit: https://www.seleniumhq.org/exceptions/no_such_element.html
Build info: version: '3.141.59', revision: 'e82be7d358', time: '2018-11-14T08:17:03'
System info: host: 'DESKTOP-JP1A9E6', ip: '192.168.0.108', os.name: 'Windows 10', os.arch: 'amd64', os.version: '10.0', java.version: '15.0.2'
Driver info: org.openqa.selenium.chrome.ChromeDriver
Capabilities {acceptInsecureCerts: false, browserName: chrome, browserVersion: 83.0.4103.106, chrome: {chromedriverVersion: 83.0.4103.39 (ccbf011cb2d2b..., userDataDir: C:\Users\Massiel\AppData\Lo...}, goog:chromeOptions: {debuggerAddress: localhost:49181}, javascriptEnabled: true, networkConnectionEnabled: false, pageLoadStrategy: normal, platform: WINDOWS, platformName: WINDOWS, proxy: Proxy(), setWindowRect: true, strictFileInteractability: false, timeouts: {implicit: 0, pageLoad: 300000, script: 30000}, unhandledPromptBehavior: dismiss and notify, webauthn:virtualAuthenticators: true}
Session ID: 5fe957b7abb72137884e7f7e2cd5188c
*** Element info: {Using=xpath, value=//span[text()="Dashboards Públicos"]}]]>
            </message>
            <full-stacktrace>
              <![CDATA[org.openqa.selenium.NoSuchElementException: no such element: Unable to locate element: {"method":"xpath","selector":"//span[text()="Dashboards Públicos"]"}
  (Session info: chrome=83.0.4103.106)
For documentation on this error, please visit: https://www.seleniumhq.org/exceptions/no_such_element.html
Build info: version: '3.141.59', revision: 'e82be7d358', time: '2018-11-14T08:17:03'
System info: host: 'DESKTOP-JP1A9E6', ip: '192.168.0.108', os.name: 'Windows 10', os.arch: 'amd64', os.version: '10.0', java.version: '15.0.2'
Driver info: org.openqa.selenium.chrome.ChromeDriver
Capabilities {acceptInsecureCerts: false, browserName: chrome, browserVersion: 83.0.4103.106, chrome: {chromedriverVersion: 83.0.4103.39 (ccbf011cb2d2b..., userDataDir: C:\Users\Massiel\AppData\Lo...}, goog:chromeOptions: {debuggerAddress: localhost:49181}, javascriptEnabled: true, networkConnectionEnabled: false, pageLoadStrategy: normal, platform: WINDOWS, platformName: WINDOWS, proxy: Proxy(), setWindowRect: true, strictFileInteractability: false, timeouts: {implicit: 0, pageLoad: 300000, script: 30000}, unhandledPromptBehavior: dismiss and notify, webauthn:virtualAuthenticators: true}
Session ID: 5fe957b7abb72137884e7f7e2cd5188c
*** Element info: {Using=xpath, value=//span[text()="Dashboards Públicos"]}
at jdk.internal.reflect.GeneratedConstructorAccessor16.newInstance(Unknown Source)
at java.base/jdk.internal.reflect.DelegatingConstructorAccessorImpl.newInstance(DelegatingConstructorAccessorImpl.java:45)
at java.base/java.lang.reflect.Constructor.newInstanceWithCaller(Constructor.java:500)
at java.base/java.lang.reflect.Constructor.newInstance(Constructor.java:481)
at org.openqa.selenium.remote.http.W3CHttpResponseCodec.createException(W3CHttpResponseCodec.java:187)
at org.openqa.selenium.remote.http.W3CHttpResponseCodec.decode(W3CHttpResponseCodec.java:122)
at org.openqa.selenium.remote.http.W3CHttpResponseCodec.decode(W3CHttpResponseCodec.java:49)
at org.openqa.selenium.remote.HttpCommandExecutor.execute(HttpCommandExecutor.java:158)
at org.openqa.selenium.remote.service.DriverCommandExecutor.execute(DriverCommandExecutor.java:83)
at org.openqa.selenium.remote.RemoteWebDriver.execute(RemoteWebDriver.java:552)
at org.openqa.selenium.remote.RemoteWebDriver.findElement(RemoteWebDriver.java:323)
at org.openqa.selenium.remote.RemoteWebDriver.findElementByXPath(RemoteWebDriver.java:428)
at org.openqa.selenium.By$ByXPath.findElement(By.java:353)
at org.openqa.selenium.remote.RemoteWebDriver.findElement(RemoteWebDriver.java:315)
at org.openqa.selenium.support.pagefactory.DefaultElementLocator.findElement(DefaultElementLocator.java:69)
at org.openqa.selenium.support.pagefactory.internal.LocatingElementHandler.invoke(LocatingElementHandler.java:38)
at com.sun.proxy.$Proxy12.click(Unknown Source)
at com.sap.timp.pageObjectModel.TDK.Dashboard.ParametrosGerais.DashboardLixeiraPO.lixeira(DashboardLixeiraPO.java:105)
at com.timp.test.TDK.Dashboard.ParametrosGerais.DashboardLixeira.lixeira(DashboardLixeira.java:37)
at java.base/jdk.internal.reflect.NativeMethodAccessorImpl.invoke0(Native Method)
at java.base/jdk.internal.reflect.NativeMethodAccessorImpl.invoke(NativeMethodAccessorImpl.java:64)
at java.base/jdk.internal.reflect.DelegatingMethodAccessorImpl.invoke(DelegatingMethodAccessorImpl.java:43)
at java.base/java.lang.reflect.Method.invoke(Method.java:564)
at org.testng.internal.MethodInvocationHelper.invokeMethod(MethodInvocationHelper.java:124)
at org.testng.internal.Invoker.invokeMethod(Invoker.java:583)
at org.testng.internal.Invoker.invokeTestMethod(Invoker.java:719)
at org.testng.internal.Invoker.invokeTestMethods(Invoker.java:989)
at org.testng.internal.TestMethodWorker.invokeTestMethods(TestMethodWorker.java:125)
at org.testng.internal.TestMethodWorker.run(TestMethodWorker.java:109)
at org.testng.TestRunner.privateRun(TestRunner.java:648)
at org.testng.TestRunner.run(TestRunner.java:505)
at org.testng.SuiteRunner.runTest(SuiteRunner.java:455)
at org.testng.SuiteRunner.runSequentially(SuiteRunner.java:450)
at org.testng.SuiteRunner.privateRun(SuiteRunner.java:415)
at org.testng.SuiteRunner.run(SuiteRunner.java:364)
at org.testng.SuiteRunnerWorker.runSuite(SuiteRunnerWorker.java:52)
at org.testng.SuiteRunnerWorker.run(SuiteRunnerWorker.java:84)
at org.testng.TestNG.runSuitesSequentially(TestNG.java:1208)
at org.testng.TestNG.runSuitesLocally(TestNG.java:1137)
at org.testng.TestNG.runSuites(TestNG.java:1049)
at org.testng.TestNG.run(TestNG.java:1017)
at org.testng.remote.AbstractRemoteTestNG.run(AbstractRemoteTestNG.java:115)
at org.testng.remote.RemoteTestNG.initAndRun(RemoteTestNG.java:251)
at org.testng.remote.RemoteTestNG.main(RemoteTestNG.java:77)
]]>
            </full-stacktrace>
          </exception> <!-- org.openqa.selenium.NoSuchElementException -->
          <reporter-output>
          </reporter-output>
        </test-method> <!-- lixeira -->
        <test-method is-config="true" signature="afterClass()[pri:0, instance:com.timp.test.TDK.Dashboard.ParametrosGerais.DashboardLixeira@4ff8d125]" started-at="2021-06-25T16:17:04Z" name="afterClass" finished-at="2021-06-25T16:17:09Z" duration-ms="4173" status="PASS">
          <reporter-output>
          </reporter-output>
        </test-method> <!-- afterClass -->
      </class> <!-- com.timp.test.TDK.Dashboard.ParametrosGerais.DashboardLixeira -->
      <class name="com.timp.test.TDK.Dashboard.Edicao.DashboardCartaoIndicadorExcluir">
        <test-method is-config="true" signature="beforeClass()[pri:0, instance:com.timp.test.TDK.Dashboard.Edicao.DashboardCartaoIndicadorExcluir@39ac0c0a]" started-at="2021-06-25T16:10:21Z" name="beforeClass" finished-at="2021-06-25T16:10:34Z" duration-ms="13647" status="PASS">
          <reporter-output>
          </reporter-output>
        </test-method> <!-- beforeClass -->
        <test-method signature="cartaoindicadroexcluir()[pri:0, instance:com.timp.test.TDK.Dashboard.Edicao.DashboardCartaoIndicadorExcluir@39ac0c0a]" started-at="2021-06-25T16:10:34Z" name="cartaoindicadroexcluir" finished-at="2021-06-25T16:13:36Z" duration-ms="182048" status="PASS">
          <reporter-output>
          </reporter-output>
        </test-method> <!-- cartaoindicadroexcluir -->
        <test-method is-config="true" signature="afterClass()[pri:0, instance:com.timp.test.TDK.Dashboard.Edicao.DashboardCartaoIndicadorExcluir@39ac0c0a]" started-at="2021-06-25T16:13:36Z" name="afterClass" finished-at="2021-06-25T16:13:36Z" duration-ms="54" status="PASS">
          <reporter-output>
          </reporter-output>
        </test-method> <!-- afterClass -->
      </class> <!-- com.timp.test.TDK.Dashboard.Edicao.DashboardCartaoIndicadorExcluir -->
      <class name="com.timp.test.TDK.Dashboard.Edicao.DashboardGraficoExcluir">
        <test-method is-config="true" signature="beforeClass()[pri:0, instance:com.timp.test.TDK.Dashboard.Edicao.DashboardGraficoExcluir@c7ba306]" started-at="2021-06-25T16:13:36Z" name="beforeClass" finished-at="2021-06-25T16:13:49Z" duration-ms="12738" status="PASS">
          <reporter-output>
          </reporter-output>
        </test-method> <!-- beforeClass -->
        <test-method signature="grafico()[pri:0, instance:com.timp.test.TDK.Dashboard.Edicao.DashboardGraficoExcluir@c7ba306]" started-at="2021-06-25T16:13:49Z" name="grafico" finished-at="2021-06-25T16:16:48Z" duration-ms="179046" status="PASS">
          <reporter-output>
          </reporter-output>
        </test-method> <!-- grafico -->
        <test-method is-config="true" signature="afterClass()[pri:0, instance:com.timp.test.TDK.Dashboard.Edicao.DashboardGraficoExcluir@c7ba306]" started-at="2021-06-25T16:16:48Z" name="afterClass" finished-at="2021-06-25T16:16:48Z" duration-ms="45" status="PASS">
          <reporter-output>
          </reporter-output>
        </test-method> <!-- afterClass -->
      </class> <!-- com.timp.test.TDK.Dashboard.Edicao.DashboardGraficoExcluir -->
      <class name="com.timp.test.TDK.Dashboard.ParametrosGerais.DashboardCriarCopia">
        <test-method is-config="true" signature="beforeClass()[pri:0, instance:com.timp.test.TDK.Dashboard.ParametrosGerais.DashboardCriarCopia@1efe439d]" started-at="2021-06-25T15:34:35Z" name="beforeClass" finished-at="2021-06-25T15:34:46Z" duration-ms="10537" status="PASS">
          <reporter-output>
          </reporter-output>
        </test-method> <!-- beforeClass -->
        <test-method signature="copia()[pri:0, instance:com.timp.test.TDK.Dashboard.ParametrosGerais.DashboardCriarCopia@1efe439d]" started-at="2021-06-25T15:34:46Z" name="copia" finished-at="2021-06-25T15:38:48Z" duration-ms="242307" status="FAIL">
          <exception class="org.openqa.selenium.ElementClickInterceptedException">
            <message>
              <![CDATA[element click intercepted: Element <span class="text">...</span> is not clickable at point (139, 305). Other element would receive the click: <div class="base-loader-wrapper">...</div>
  (Session info: chrome=83.0.4103.106)
Build info: version: '3.141.59', revision: 'e82be7d358', time: '2018-11-14T08:17:03'
System info: host: 'DESKTOP-JP1A9E6', ip: '192.168.0.108', os.name: 'Windows 10', os.arch: 'amd64', os.version: '10.0', java.version: '15.0.2'
Driver info: org.openqa.selenium.chrome.ChromeDriver
Capabilities {acceptInsecureCerts: false, browserName: chrome, browserVersion: 83.0.4103.106, chrome: {chromedriverVersion: 83.0.4103.39 (ccbf011cb2d2b..., userDataDir: C:\Users\Massiel\AppData\Lo...}, goog:chromeOptions: {debuggerAddress: localhost:62902}, javascriptEnabled: true, networkConnectionEnabled: false, pageLoadStrategy: normal, platform: WINDOWS, platformName: WINDOWS, proxy: Proxy(), setWindowRect: true, strictFileInteractability: false, timeouts: {implicit: 0, pageLoad: 300000, script: 30000}, unhandledPromptBehavior: dismiss and notify, webauthn:virtualAuthenticators: true}
Session ID: 21684eaf7a2ce9896b15cb65cc372a23]]>
            </message>
            <full-stacktrace>
              <![CDATA[org.openqa.selenium.ElementClickInterceptedException: element click intercepted: Element <span class="text">...</span> is not clickable at point (139, 305). Other element would receive the click: <div class="base-loader-wrapper">...</div>
  (Session info: chrome=83.0.4103.106)
Build info: version: '3.141.59', revision: 'e82be7d358', time: '2018-11-14T08:17:03'
System info: host: 'DESKTOP-JP1A9E6', ip: '192.168.0.108', os.name: 'Windows 10', os.arch: 'amd64', os.version: '10.0', java.version: '15.0.2'
Driver info: org.openqa.selenium.chrome.ChromeDriver
Capabilities {acceptInsecureCerts: false, browserName: chrome, browserVersion: 83.0.4103.106, chrome: {chromedriverVersion: 83.0.4103.39 (ccbf011cb2d2b..., userDataDir: C:\Users\Massiel\AppData\Lo...}, goog:chromeOptions: {debuggerAddress: localhost:62902}, javascriptEnabled: true, networkConnectionEnabled: false, pageLoadStrategy: normal, platform: WINDOWS, platformName: WINDOWS, proxy: Proxy(), setWindowRect: true, strictFileInteractability: false, timeouts: {implicit: 0, pageLoad: 300000, script: 30000}, unhandledPromptBehavior: dismiss and notify, webauthn:virtualAuthenticators: true}
Session ID: 21684eaf7a2ce9896b15cb65cc372a23
at java.base/jdk.internal.reflect.NativeConstructorAccessorImpl.newInstance0(Native Method)
at java.base/jdk.internal.reflect.NativeConstructorAccessorImpl.newInstance(NativeConstructorAccessorImpl.java:64)
at java.base/jdk.internal.reflect.DelegatingConstructorAccessorImpl.newInstance(DelegatingConstructorAccessorImpl.java:45)
at java.base/java.lang.reflect.Constructor.newInstanceWithCaller(Constructor.java:500)
at java.base/java.lang.reflect.Constructor.newInstance(Constructor.java:481)
at org.openqa.selenium.remote.http.W3CHttpResponseCodec.createException(W3CHttpResponseCodec.java:187)
at org.openqa.selenium.remote.http.W3CHttpResponseCodec.decode(W3CHttpResponseCodec.java:122)
at org.openqa.selenium.remote.http.W3CHttpResponseCodec.decode(W3CHttpResponseCodec.java:49)
at org.openqa.selenium.remote.HttpCommandExecutor.execute(HttpCommandExecutor.java:158)
at org.openqa.selenium.remote.service.DriverCommandExecutor.execute(DriverCommandExecutor.java:83)
at org.openqa.selenium.remote.RemoteWebDriver.execute(RemoteWebDriver.java:552)
at org.openqa.selenium.remote.RemoteWebElement.execute(RemoteWebElement.java:285)
at org.openqa.selenium.remote.RemoteWebElement.click(RemoteWebElement.java:84)
at jdk.internal.reflect.GeneratedMethodAccessor1.invoke(Unknown Source)
at java.base/jdk.internal.reflect.DelegatingMethodAccessorImpl.invoke(DelegatingMethodAccessorImpl.java:43)
at java.base/java.lang.reflect.Method.invoke(Method.java:564)
at org.openqa.selenium.support.pagefactory.internal.LocatingElementHandler.invoke(LocatingElementHandler.java:51)
at com.sun.proxy.$Proxy12.click(Unknown Source)
at com.sap.timp.pageObjectModel.TDK.Dashboard.ParametrosGerais.DashboardCriarCopiaPO.Copia(DashboardCriarCopiaPO.java:256)
at com.timp.test.TDK.Dashboard.ParametrosGerais.DashboardCriarCopia.copia(DashboardCriarCopia.java:40)
at java.base/jdk.internal.reflect.NativeMethodAccessorImpl.invoke0(Native Method)
at java.base/jdk.internal.reflect.NativeMethodAccessorImpl.invoke(NativeMethodAccessorImpl.java:64)
at java.base/jdk.internal.reflect.DelegatingMethodAccessorImpl.invoke(DelegatingMethodAccessorImpl.java:43)
at java.base/java.lang.reflect.Method.invoke(Method.java:564)
at org.testng.internal.MethodInvocationHelper.invokeMethod(MethodInvocationHelper.java:124)
at org.testng.internal.Invoker.invokeMethod(Invoker.java:583)
at org.testng.internal.Invoker.invokeTestMethod(Invoker.java:719)
at org.testng.internal.Invoker.invokeTestMethods(Invoker.java:989)
at org.testng.internal.TestMethodWorker.invokeTestMethods(TestMethodWorker.java:125)
at org.testng.internal.TestMethodWorker.run(TestMethodWorker.java:109)
at org.testng.TestRunner.privateRun(TestRunner.java:648)
at org.testng.TestRunner.run(TestRunner.java:505)
at org.testng.SuiteRunner.runTest(SuiteRunner.java:455)
at org.testng.SuiteRunner.runSequentially(SuiteRunner.java:450)
at org.testng.SuiteRunner.privateRun(SuiteRunner.java:415)
at org.testng.SuiteRunner.run(SuiteRunner.java:364)
at org.testng.SuiteRunnerWorker.runSuite(SuiteRunnerWorker.java:52)
at org.testng.SuiteRunnerWorker.run(SuiteRunnerWorker.java:84)
at org.testng.TestNG.runSuitesSequentially(TestNG.java:1208)
at org.testng.TestNG.runSuitesLocally(TestNG.java:1137)
at org.testng.TestNG.runSuites(TestNG.java:1049)
at org.testng.TestNG.run(TestNG.java:1017)
at org.testng.remote.AbstractRemoteTestNG.run(AbstractRemoteTestNG.java:115)
at org.testng.remote.RemoteTestNG.initAndRun(RemoteTestNG.java:251)
at org.testng.remote.RemoteTestNG.main(RemoteTestNG.java:77)
]]>
            </full-stacktrace>
          </exception> <!-- org.openqa.selenium.ElementClickInterceptedException -->
          <reporter-output>
          </reporter-output>
        </test-method> <!-- copia -->
        <test-method is-config="true" signature="afterClass()[pri:0, instance:com.timp.test.TDK.Dashboard.ParametrosGerais.DashboardCriarCopia@1efe439d]" started-at="2021-06-25T15:38:48Z" name="afterClass" finished-at="2021-06-25T15:38:53Z" duration-ms="4438" status="PASS">
          <reporter-output>
          </reporter-output>
        </test-method> <!-- afterClass -->
      </class> <!-- com.timp.test.TDK.Dashboard.ParametrosGerais.DashboardCriarCopia -->
      <class name="com.timp.test.TDK.Dashboard.Lixeira.LixeiraFiltroId">
        <test-method is-config="true" signature="beforeClass()[pri:0, instance:com.timp.test.TDK.Dashboard.Lixeira.LixeiraFiltroId@3403e2ac]" started-at="2021-06-25T16:18:36Z" name="beforeClass" finished-at="2021-06-25T16:18:49Z" duration-ms="13454" status="PASS">
          <reporter-output>
          </reporter-output>
        </test-method> <!-- beforeClass -->
        <test-method signature="filtro()[pri:0, instance:com.timp.test.TDK.Dashboard.Lixeira.LixeiraFiltroId@3403e2ac]" started-at="2021-06-25T16:18:49Z" name="filtro" finished-at="2021-06-25T16:20:01Z" duration-ms="72382" status="PASS">
          <reporter-output>
          </reporter-output>
        </test-method> <!-- filtro -->
        <test-method is-config="true" signature="afterClass()[pri:0, instance:com.timp.test.TDK.Dashboard.Lixeira.LixeiraFiltroId@3403e2ac]" started-at="2021-06-25T16:20:01Z" name="afterClass" finished-at="2021-06-25T16:20:06Z" duration-ms="4184" status="PASS">
          <reporter-output>
          </reporter-output>
        </test-method> <!-- afterClass -->
      </class> <!-- com.timp.test.TDK.Dashboard.Lixeira.LixeiraFiltroId -->
      <class name="com.timp.test.TDK.Dashboard.Edicao.DashboardTabelaExcluir">
        <test-method is-config="true" signature="beforeClass()[pri:0, instance:com.timp.test.TDK.Dashboard.Edicao.DashboardTabelaExcluir@7e5c856f]" started-at="2021-06-25T15:51:11Z" name="beforeClass" finished-at="2021-06-25T15:51:24Z" duration-ms="12955" status="PASS">
          <reporter-output>
          </reporter-output>
        </test-method> <!-- beforeClass -->
        <test-method signature="excluir()[pri:0, instance:com.timp.test.TDK.Dashboard.Edicao.DashboardTabelaExcluir@7e5c856f]" started-at="2021-06-25T15:51:24Z" name="excluir" finished-at="2021-06-25T15:54:16Z" duration-ms="171985" status="PASS">
          <reporter-output>
          </reporter-output>
        </test-method> <!-- excluir -->
        <test-method is-config="true" signature="afterClass()[pri:0, instance:com.timp.test.TDK.Dashboard.Edicao.DashboardTabelaExcluir@7e5c856f]" started-at="2021-06-25T15:54:16Z" name="afterClass" finished-at="2021-06-25T15:54:16Z" duration-ms="41" status="PASS">
          <reporter-output>
          </reporter-output>
        </test-method> <!-- afterClass -->
      </class> <!-- com.timp.test.TDK.Dashboard.Edicao.DashboardTabelaExcluir -->
      <class name="com.timp.test.TDK.Dashboard.Edicao.DashboardCartaoIndicador">
        <test-method is-config="true" signature="beforeClass()[pri:0, instance:com.timp.test.TDK.Dashboard.Edicao.DashboardCartaoIndicador@1b75c2e3]" started-at="2021-06-25T16:02:54Z" name="beforeClass" finished-at="2021-06-25T16:03:12Z" duration-ms="17432" status="PASS">
          <reporter-output>
          </reporter-output>
        </test-method> <!-- beforeClass -->
        <test-method signature="criar()[pri:0, instance:com.timp.test.TDK.Dashboard.Edicao.DashboardCartaoIndicador@1b75c2e3]" started-at="2021-06-25T16:03:12Z" name="criar" finished-at="2021-06-25T16:05:21Z" duration-ms="129156" status="PASS">
          <reporter-output>
          </reporter-output>
        </test-method> <!-- criar -->
        <test-method is-config="true" signature="afterClass()[pri:0, instance:com.timp.test.TDK.Dashboard.Edicao.DashboardCartaoIndicador@1b75c2e3]" started-at="2021-06-25T16:05:21Z" name="afterClass" finished-at="2021-06-25T16:05:25Z" duration-ms="4412" status="PASS">
          <reporter-output>
          </reporter-output>
        </test-method> <!-- afterClass -->
      </class> <!-- com.timp.test.TDK.Dashboard.Edicao.DashboardCartaoIndicador -->
      <class name="com.timp.test.TDK.Dashboard.Edicao.DashboardEdiçãoGráfico">
        <test-method is-config="true" signature="beforeClass()[pri:0, instance:com.timp.test.TDK.Dashboard.Edicao.DashboardEdiçãoGráfico@413f69cc]" started-at="2021-06-25T15:54:16Z" name="beforeClass" finished-at="2021-06-25T15:54:32Z" duration-ms="16465" status="PASS">
          <reporter-output>
          </reporter-output>
        </test-method> <!-- beforeClass -->
        <test-method signature="editar()[pri:0, instance:com.timp.test.TDK.Dashboard.Edicao.DashboardEdiçãoGráfico@413f69cc]" started-at="2021-06-25T15:54:32Z" name="editar" finished-at="2021-06-25T16:00:41Z" duration-ms="368874" status="PASS">
          <reporter-output>
          </reporter-output>
        </test-method> <!-- editar -->
        <test-method is-config="true" signature="afterClass()[pri:0, instance:com.timp.test.TDK.Dashboard.Edicao.DashboardEdiçãoGráfico@413f69cc]" started-at="2021-06-25T16:00:41Z" name="afterClass" finished-at="2021-06-25T16:00:46Z" duration-ms="4468" status="PASS">
          <reporter-output>
          </reporter-output>
        </test-method> <!-- afterClass -->
      </class> <!-- com.timp.test.TDK.Dashboard.Edicao.DashboardEdiçãoGráfico -->
      <class name="com.timp.test.TDK.Dashboard.Edicao.DashboardEdiçãoTabela">
        <test-method is-config="true" signature="beforeClass()[pri:0, instance:com.timp.test.TDK.Dashboard.Edicao.DashboardEdiçãoTabela@be68757]" started-at="2021-06-25T15:38:53Z" name="beforeClass" finished-at="2021-06-25T15:39:06Z" duration-ms="13209" status="PASS">
          <reporter-output>
          </reporter-output>
        </test-method> <!-- beforeClass -->
        <test-method signature="editar()[pri:0, instance:com.timp.test.TDK.Dashboard.Edicao.DashboardEdiçãoTabela@be68757]" started-at="2021-06-25T15:39:06Z" name="editar" finished-at="2021-06-25T15:44:33Z" duration-ms="327068" status="PASS">
          <reporter-output>
          </reporter-output>
        </test-method> <!-- editar -->
        <test-method is-config="true" signature="afterClass()[pri:0, instance:com.timp.test.TDK.Dashboard.Edicao.DashboardEdiçãoTabela@be68757]" started-at="2021-06-25T15:44:33Z" name="afterClass" finished-at="2021-06-25T15:44:37Z" duration-ms="4497" status="PASS">
          <reporter-output>
          </reporter-output>
        </test-method> <!-- afterClass -->
      </class> <!-- com.timp.test.TDK.Dashboard.Edicao.DashboardEdiçãoTabela -->
      <class name="com.timp.test.TDK.Dashboard.DashboardPublicos.DashboardFiltroPorID">
        <test-method is-config="true" signature="beforeClass()[pri:0, instance:com.timp.test.TDK.Dashboard.DashboardPublicos.DashboardFiltroPorID@46b61c56]" started-at="2021-06-25T15:29:54Z" name="beforeClass" finished-at="2021-06-25T15:30:05Z" duration-ms="10356" status="PASS">
          <reporter-output>
          </reporter-output>
        </test-method> <!-- beforeClass -->
        <test-method signature="filtro()[pri:0, instance:com.timp.test.TDK.Dashboard.DashboardPublicos.DashboardFiltroPorID@46b61c56]" started-at="2021-06-25T15:30:05Z" name="filtro" finished-at="2021-06-25T15:31:23Z" duration-ms="78065" status="PASS">
          <reporter-output>
          </reporter-output>
        </test-method> <!-- filtro -->
        <test-method is-config="true" signature="afterClass()[pri:0, instance:com.timp.test.TDK.Dashboard.DashboardPublicos.DashboardFiltroPorID@46b61c56]" started-at="2021-06-25T15:31:23Z" name="afterClass" finished-at="2021-06-25T15:31:27Z" duration-ms="4434" status="PASS">
          <reporter-output>
          </reporter-output>
        </test-method> <!-- afterClass -->
      </class> <!-- com.timp.test.TDK.Dashboard.DashboardPublicos.DashboardFiltroPorID -->
      <class name="com.timp.test.TDK.Dashboard.DashboardPublicos.DashboardDetalhes">
        <test-method is-config="true" signature="beforeClass()[pri:0, instance:com.timp.test.TDK.Dashboard.DashboardPublicos.DashboardDetalhes@65b104b9]" started-at="2021-06-25T16:20:06Z" name="beforeClass" finished-at="2021-06-25T16:20:17Z" duration-ms="11509" status="PASS">
          <reporter-output>
          </reporter-output>
        </test-method> <!-- beforeClass -->
        <test-method signature="filtro()[pri:0, instance:com.timp.test.TDK.Dashboard.DashboardPublicos.DashboardDetalhes@65b104b9]" started-at="2021-06-25T16:20:17Z" name="filtro" finished-at="2021-06-25T16:21:27Z" duration-ms="70339" status="FAIL">
          <exception class="org.openqa.selenium.NoSuchElementException">
            <message>
              <![CDATA[no such element: Unable to locate element: {"method":"xpath","selector":"//div[@data-id="206"]/div[1]/div"}
  (Session info: chrome=83.0.4103.106)
For documentation on this error, please visit: https://www.seleniumhq.org/exceptions/no_such_element.html
Build info: version: '3.141.59', revision: 'e82be7d358', time: '2018-11-14T08:17:03'
System info: host: 'DESKTOP-JP1A9E6', ip: '192.168.0.108', os.name: 'Windows 10', os.arch: 'amd64', os.version: '10.0', java.version: '15.0.2'
Driver info: org.openqa.selenium.chrome.ChromeDriver
Capabilities {acceptInsecureCerts: false, browserName: chrome, browserVersion: 83.0.4103.106, chrome: {chromedriverVersion: 83.0.4103.39 (ccbf011cb2d2b..., userDataDir: C:\Users\Massiel\AppData\Lo...}, goog:chromeOptions: {debuggerAddress: localhost:49341}, javascriptEnabled: true, networkConnectionEnabled: false, pageLoadStrategy: normal, platform: WINDOWS, platformName: WINDOWS, proxy: Proxy(), setWindowRect: true, strictFileInteractability: false, timeouts: {implicit: 0, pageLoad: 300000, script: 30000}, unhandledPromptBehavior: dismiss and notify, webauthn:virtualAuthenticators: true}
Session ID: 633f4be5f8f3e4f2758b344d10f34083
*** Element info: {Using=xpath, value=//div[@data-id="206"]/div[1]/div}]]>
            </message>
            <full-stacktrace>
              <![CDATA[org.openqa.selenium.NoSuchElementException: no such element: Unable to locate element: {"method":"xpath","selector":"//div[@data-id="206"]/div[1]/div"}
  (Session info: chrome=83.0.4103.106)
For documentation on this error, please visit: https://www.seleniumhq.org/exceptions/no_such_element.html
Build info: version: '3.141.59', revision: 'e82be7d358', time: '2018-11-14T08:17:03'
System info: host: 'DESKTOP-JP1A9E6', ip: '192.168.0.108', os.name: 'Windows 10', os.arch: 'amd64', os.version: '10.0', java.version: '15.0.2'
Driver info: org.openqa.selenium.chrome.ChromeDriver
Capabilities {acceptInsecureCerts: false, browserName: chrome, browserVersion: 83.0.4103.106, chrome: {chromedriverVersion: 83.0.4103.39 (ccbf011cb2d2b..., userDataDir: C:\Users\Massiel\AppData\Lo...}, goog:chromeOptions: {debuggerAddress: localhost:49341}, javascriptEnabled: true, networkConnectionEnabled: false, pageLoadStrategy: normal, platform: WINDOWS, platformName: WINDOWS, proxy: Proxy(), setWindowRect: true, strictFileInteractability: false, timeouts: {implicit: 0, pageLoad: 300000, script: 30000}, unhandledPromptBehavior: dismiss and notify, webauthn:virtualAuthenticators: true}
Session ID: 633f4be5f8f3e4f2758b344d10f34083
*** Element info: {Using=xpath, value=//div[@data-id="206"]/div[1]/div}
at jdk.internal.reflect.GeneratedConstructorAccessor16.newInstance(Unknown Source)
at java.base/jdk.internal.reflect.DelegatingConstructorAccessorImpl.newInstance(DelegatingConstructorAccessorImpl.java:45)
at java.base/java.lang.reflect.Constructor.newInstanceWithCaller(Constructor.java:500)
at java.base/java.lang.reflect.Constructor.newInstance(Constructor.java:481)
at org.openqa.selenium.remote.http.W3CHttpResponseCodec.createException(W3CHttpResponseCodec.java:187)
at org.openqa.selenium.remote.http.W3CHttpResponseCodec.decode(W3CHttpResponseCodec.java:122)
at org.openqa.selenium.remote.http.W3CHttpResponseCodec.decode(W3CHttpResponseCodec.java:49)
at org.openqa.selenium.remote.HttpCommandExecutor.execute(HttpCommandExecutor.java:158)
at org.openqa.selenium.remote.service.DriverCommandExecutor.execute(DriverCommandExecutor.java:83)
at org.openqa.selenium.remote.RemoteWebDriver.execute(RemoteWebDriver.java:552)
at org.openqa.selenium.remote.RemoteWebDriver.findElement(RemoteWebDriver.java:323)
at org.openqa.selenium.remote.RemoteWebDriver.findElementByXPath(RemoteWebDriver.java:428)
at org.openqa.selenium.By$ByXPath.findElement(By.java:353)
at org.openqa.selenium.remote.RemoteWebDriver.findElement(RemoteWebDriver.java:315)
at com.sap.timp.pageObjectModel.TDK.Dashboard.DashboardPublicos.DashboardDetalhesPO.detalhes(DashboardDetalhesPO.java:59)
at com.timp.test.TDK.Dashboard.DashboardPublicos.DashboardDetalhes.filtro(DashboardDetalhes.java:39)
at java.base/jdk.internal.reflect.NativeMethodAccessorImpl.invoke0(Native Method)
at java.base/jdk.internal.reflect.NativeMethodAccessorImpl.invoke(NativeMethodAccessorImpl.java:64)
at java.base/jdk.internal.reflect.DelegatingMethodAccessorImpl.invoke(DelegatingMethodAccessorImpl.java:43)
at java.base/java.lang.reflect.Method.invoke(Method.java:564)
at org.testng.internal.MethodInvocationHelper.invokeMethod(MethodInvocationHelper.java:124)
at org.testng.internal.Invoker.invokeMethod(Invoker.java:583)
at org.testng.internal.Invoker.invokeTestMethod(Invoker.java:719)
at org.testng.internal.Invoker.invokeTestMethods(Invoker.java:989)
at org.testng.internal.TestMethodWorker.invokeTestMethods(TestMethodWorker.java:125)
at org.testng.internal.TestMethodWorker.run(TestMethodWorker.java:109)
at org.testng.TestRunner.privateRun(TestRunner.java:648)
at org.testng.TestRunner.run(TestRunner.java:505)
at org.testng.SuiteRunner.runTest(SuiteRunner.java:455)
at org.testng.SuiteRunner.runSequentially(SuiteRunner.java:450)
at org.testng.SuiteRunner.privateRun(SuiteRunner.java:415)
at org.testng.SuiteRunner.run(SuiteRunner.java:364)
at org.testng.SuiteRunnerWorker.runSuite(SuiteRunnerWorker.java:52)
at org.testng.SuiteRunnerWorker.run(SuiteRunnerWorker.java:84)
at org.testng.TestNG.runSuitesSequentially(TestNG.java:1208)
at org.testng.TestNG.runSuitesLocally(TestNG.java:1137)
at org.testng.TestNG.runSuites(TestNG.java:1049)
at org.testng.TestNG.run(TestNG.java:1017)
at org.testng.remote.AbstractRemoteTestNG.run(AbstractRemoteTestNG.java:115)
at org.testng.remote.RemoteTestNG.initAndRun(RemoteTestNG.java:251)
at org.testng.remote.RemoteTestNG.main(RemoteTestNG.java:77)
]]>
            </full-stacktrace>
          </exception> <!-- org.openqa.selenium.NoSuchElementException -->
          <reporter-output>
          </reporter-output>
        </test-method> <!-- filtro -->
        <test-method is-config="true" signature="afterClass()[pri:0, instance:com.timp.test.TDK.Dashboard.DashboardPublicos.DashboardDetalhes@65b104b9]" started-at="2021-06-25T16:21:27Z" name="afterClass" finished-at="2021-06-25T16:21:32Z" duration-ms="4444" status="PASS">
          <reporter-output>
          </reporter-output>
        </test-method> <!-- afterClass -->
      </class> <!-- com.timp.test.TDK.Dashboard.DashboardPublicos.DashboardDetalhes -->
      <class name="com.timp.test.TDK.Dashboard.DashboardCriar">
        <test-method is-config="true" signature="beforeClass()[pri:0, instance:com.timp.test.TDK.Dashboard.DashboardCriar@2e48362c]" started-at="2021-06-25T15:31:27Z" name="beforeClass" finished-at="2021-06-25T15:31:37Z" duration-ms="9723" status="PASS">
          <reporter-output>
          </reporter-output>
        </test-method> <!-- beforeClass -->
        <test-method signature="criar()[pri:0, instance:com.timp.test.TDK.Dashboard.DashboardCriar@2e48362c]" started-at="2021-06-25T15:31:37Z" name="criar" finished-at="2021-06-25T15:34:31Z" duration-ms="173879" status="PASS">
          <reporter-output>
          </reporter-output>
        </test-method> <!-- criar -->
        <test-method is-config="true" signature="afterClass()[pri:0, instance:com.timp.test.TDK.Dashboard.DashboardCriar@2e48362c]" started-at="2021-06-25T15:34:31Z" name="afterClass" finished-at="2021-06-25T15:34:35Z" duration-ms="4424" status="PASS">
          <reporter-output>
          </reporter-output>
        </test-method> <!-- afterClass -->
      </class> <!-- com.timp.test.TDK.Dashboard.DashboardCriar -->
      <class name="com.timp.test.TDK.Dashboard.Raiz.RaizFiltroId">
        <test-method is-config="true" signature="beforeClass()[pri:0, instance:com.timp.test.TDK.Dashboard.Raiz.RaizFiltroId@6d167f58]" started-at="2021-06-25T16:17:09Z" name="beforeClass" finished-at="2021-06-25T16:17:20Z" duration-ms="11515" status="PASS">
          <reporter-output>
          </reporter-output>
        </test-method> <!-- beforeClass -->
        <test-method signature="filtro()[pri:0, instance:com.timp.test.TDK.Dashboard.Raiz.RaizFiltroId@6d167f58]" started-at="2021-06-25T16:17:20Z" name="filtro" finished-at="2021-06-25T16:18:31Z" duration-ms="71214" status="PASS">
          <reporter-output>
          </reporter-output>
        </test-method> <!-- filtro -->
        <test-method is-config="true" signature="afterClass()[pri:0, instance:com.timp.test.TDK.Dashboard.Raiz.RaizFiltroId@6d167f58]" started-at="2021-06-25T16:18:31Z" name="afterClass" finished-at="2021-06-25T16:18:36Z" duration-ms="4175" status="PASS">
          <reporter-output>
          </reporter-output>
        </test-method> <!-- afterClass -->
      </class> <!-- com.timp.test.TDK.Dashboard.Raiz.RaizFiltroId -->
      <class name="com.timp.test.TDK.Dashboard.ParametrosGerais.DashboardParametrosGeraisExcecutar">
        <test-method is-config="true" signature="beforeClass()[pri:0, instance:com.timp.test.TDK.Dashboard.ParametrosGerais.DashboardParametrosGeraisExcecutar@3bd323e9]" started-at="2021-06-25T16:07:41Z" name="beforeClass" finished-at="2021-06-25T16:07:53Z" duration-ms="12156" status="PASS">
          <reporter-output>
          </reporter-output>
        </test-method> <!-- beforeClass -->
        <test-method signature="Executar()[pri:0, instance:com.timp.test.TDK.Dashboard.ParametrosGerais.DashboardParametrosGeraisExcecutar@3bd323e9]" started-at="2021-06-25T16:07:53Z" name="Executar" finished-at="2021-06-25T16:10:17Z" duration-ms="143825" status="FAIL">
          <exception class="org.openqa.selenium.NoSuchElementException">
            <message>
              <![CDATA[no such element: Unable to locate element: {"method":"xpath","selector":"//div[@id="tdk-Wrapper"]/div/div[2]/div/div/div/div/div[2]/div[2]/div/div[2]/div/div/div[2]/div/div[2]/div/div[1]/div/div[2]/div/div/div[1]/div[1]/div[1]/*[1]/*[8]/*[1]/*[4]/*[1]/*[2]/*[1]/*[2]"}
  (Session info: chrome=83.0.4103.106)
For documentation on this error, please visit: https://www.seleniumhq.org/exceptions/no_such_element.html
Build info: version: '3.141.59', revision: 'e82be7d358', time: '2018-11-14T08:17:03'
System info: host: 'DESKTOP-JP1A9E6', ip: '192.168.0.108', os.name: 'Windows 10', os.arch: 'amd64', os.version: '10.0', java.version: '15.0.2'
Driver info: org.openqa.selenium.chrome.ChromeDriver
Capabilities {acceptInsecureCerts: false, browserName: chrome, browserVersion: 83.0.4103.106, chrome: {chromedriverVersion: 83.0.4103.39 (ccbf011cb2d2b..., userDataDir: C:\Users\Massiel\AppData\Lo...}, goog:chromeOptions: {debuggerAddress: localhost:64895}, javascriptEnabled: true, networkConnectionEnabled: false, pageLoadStrategy: normal, platform: WINDOWS, platformName: WINDOWS, proxy: Proxy(), setWindowRect: true, strictFileInteractability: false, timeouts: {implicit: 0, pageLoad: 300000, script: 30000}, unhandledPromptBehavior: dismiss and notify, webauthn:virtualAuthenticators: true}
Session ID: a26658df6c0331dc6cf19f92dafdc6f1
*** Element info: {Using=xpath, value=//div[@id="tdk-Wrapper"]/div/div[2]/div/div/div/div/div[2]/div[2]/div/div[2]/div/div/div[2]/div/div[2]/div/div[1]/div/div[2]/div/div/div[1]/div[1]/div[1]/*[1]/*[8]/*[1]/*[4]/*[1]/*[2]/*[1]/*[2]}]]>
            </message>
            <full-stacktrace>
              <![CDATA[org.openqa.selenium.NoSuchElementException: no such element: Unable to locate element: {"method":"xpath","selector":"//div[@id="tdk-Wrapper"]/div/div[2]/div/div/div/div/div[2]/div[2]/div/div[2]/div/div/div[2]/div/div[2]/div/div[1]/div/div[2]/div/div/div[1]/div[1]/div[1]/*[1]/*[8]/*[1]/*[4]/*[1]/*[2]/*[1]/*[2]"}
  (Session info: chrome=83.0.4103.106)
For documentation on this error, please visit: https://www.seleniumhq.org/exceptions/no_such_element.html
Build info: version: '3.141.59', revision: 'e82be7d358', time: '2018-11-14T08:17:03'
System info: host: 'DESKTOP-JP1A9E6', ip: '192.168.0.108', os.name: 'Windows 10', os.arch: 'amd64', os.version: '10.0', java.version: '15.0.2'
Driver info: org.openqa.selenium.chrome.ChromeDriver
Capabilities {acceptInsecureCerts: false, browserName: chrome, browserVersion: 83.0.4103.106, chrome: {chromedriverVersion: 83.0.4103.39 (ccbf011cb2d2b..., userDataDir: C:\Users\Massiel\AppData\Lo...}, goog:chromeOptions: {debuggerAddress: localhost:64895}, javascriptEnabled: true, networkConnectionEnabled: false, pageLoadStrategy: normal, platform: WINDOWS, platformName: WINDOWS, proxy: Proxy(), setWindowRect: true, strictFileInteractability: false, timeouts: {implicit: 0, pageLoad: 300000, script: 30000}, unhandledPromptBehavior: dismiss and notify, webauthn:virtualAuthenticators: true}
Session ID: a26658df6c0331dc6cf19f92dafdc6f1
*** Element info: {Using=xpath, value=//div[@id="tdk-Wrapper"]/div/div[2]/div/div/div/div/div[2]/div[2]/div/div[2]/div/div/div[2]/div/div[2]/div/div[1]/div/div[2]/div/div/div[1]/div[1]/div[1]/*[1]/*[8]/*[1]/*[4]/*[1]/*[2]/*[1]/*[2]}
at jdk.internal.reflect.GeneratedConstructorAccessor16.newInstance(Unknown Source)
at java.base/jdk.internal.reflect.DelegatingConstructorAccessorImpl.newInstance(DelegatingConstructorAccessorImpl.java:45)
at java.base/java.lang.reflect.Constructor.newInstanceWithCaller(Constructor.java:500)
at java.base/java.lang.reflect.Constructor.newInstance(Constructor.java:481)
at org.openqa.selenium.remote.http.W3CHttpResponseCodec.createException(W3CHttpResponseCodec.java:187)
at org.openqa.selenium.remote.http.W3CHttpResponseCodec.decode(W3CHttpResponseCodec.java:122)
at org.openqa.selenium.remote.http.W3CHttpResponseCodec.decode(W3CHttpResponseCodec.java:49)
at org.openqa.selenium.remote.HttpCommandExecutor.execute(HttpCommandExecutor.java:158)
at org.openqa.selenium.remote.service.DriverCommandExecutor.execute(DriverCommandExecutor.java:83)
at org.openqa.selenium.remote.RemoteWebDriver.execute(RemoteWebDriver.java:552)
at org.openqa.selenium.remote.RemoteWebDriver.findElement(RemoteWebDriver.java:323)
at org.openqa.selenium.remote.RemoteWebDriver.findElementByXPath(RemoteWebDriver.java:428)
at org.openqa.selenium.By$ByXPath.findElement(By.java:353)
at org.openqa.selenium.remote.RemoteWebDriver.findElement(RemoteWebDriver.java:315)
at org.openqa.selenium.support.pagefactory.DefaultElementLocator.findElement(DefaultElementLocator.java:69)
at org.openqa.selenium.support.pagefactory.internal.LocatingElementHandler.invoke(LocatingElementHandler.java:38)
at com.sun.proxy.$Proxy12.click(Unknown Source)
at com.sap.timp.pageObjectModel.TDK.Dashboard.ParametrosGerais.DashboardParametrosGeraisExcecutarPO.Executar(DashboardParametrosGeraisExcecutarPO.java:223)
at com.timp.test.TDK.Dashboard.ParametrosGerais.DashboardParametrosGeraisExcecutar.Executar(DashboardParametrosGeraisExcecutar.java:41)
at java.base/jdk.internal.reflect.NativeMethodAccessorImpl.invoke0(Native Method)
at java.base/jdk.internal.reflect.NativeMethodAccessorImpl.invoke(NativeMethodAccessorImpl.java:64)
at java.base/jdk.internal.reflect.DelegatingMethodAccessorImpl.invoke(DelegatingMethodAccessorImpl.java:43)
at java.base/java.lang.reflect.Method.invoke(Method.java:564)
at org.testng.internal.MethodInvocationHelper.invokeMethod(MethodInvocationHelper.java:124)
at org.testng.internal.Invoker.invokeMethod(Invoker.java:583)
at org.testng.internal.Invoker.invokeTestMethod(Invoker.java:719)
at org.testng.internal.Invoker.invokeTestMethods(Invoker.java:989)
at org.testng.internal.TestMethodWorker.invokeTestMethods(TestMethodWorker.java:125)
at org.testng.internal.TestMethodWorker.run(TestMethodWorker.java:109)
at org.testng.TestRunner.privateRun(TestRunner.java:648)
at org.testng.TestRunner.run(TestRunner.java:505)
at org.testng.SuiteRunner.runTest(SuiteRunner.java:455)
at org.testng.SuiteRunner.runSequentially(SuiteRunner.java:450)
at org.testng.SuiteRunner.privateRun(SuiteRunner.java:415)
at org.testng.SuiteRunner.run(SuiteRunner.java:364)
at org.testng.SuiteRunnerWorker.runSuite(SuiteRunnerWorker.java:52)
at org.testng.SuiteRunnerWorker.run(SuiteRunnerWorker.java:84)
at org.testng.TestNG.runSuitesSequentially(TestNG.java:1208)
at org.testng.TestNG.runSuitesLocally(TestNG.java:1137)
at org.testng.TestNG.runSuites(TestNG.java:1049)
at org.testng.TestNG.run(TestNG.java:1017)
at org.testng.remote.AbstractRemoteTestNG.run(AbstractRemoteTestNG.java:115)
at org.testng.remote.RemoteTestNG.initAndRun(RemoteTestNG.java:251)
at org.testng.remote.RemoteTestNG.main(RemoteTestNG.java:77)
]]>
            </full-stacktrace>
          </exception> <!-- org.openqa.selenium.NoSuchElementException -->
          <reporter-output>
          </reporter-output>
        </test-method> <!-- Executar -->
        <test-method is-config="true" signature="afterClass()[pri:0, instance:com.timp.test.TDK.Dashboard.ParametrosGerais.DashboardParametrosGeraisExcecutar@3bd323e9]" started-at="2021-06-25T16:10:17Z" name="afterClass" finished-at="2021-06-25T16:10:21Z" duration-ms="4169" status="PASS">
          <reporter-output>
          </reporter-output>
        </test-method> <!-- afterClass -->
      </class> <!-- com.timp.test.TDK.Dashboard.ParametrosGerais.DashboardParametrosGeraisExcecutar -->
    </test> <!-- Dashboard -->
  </suite> <!-- Suite -->
</testng-results>
