<?xml version="1.0" encoding="UTF-8"?>
<testng-results skipped="0" failed="0" total="3" passed="3">
  <reporter-output>
  </reporter-output>
  <suite name="Default suite" duration-ms="134336" started-at="2020-08-14T18:29:39Z" finished-at="2020-08-14T18:31:53Z">
    <groups>
    </groups>
    <test name="Default test" duration-ms="134336" started-at="2020-08-14T18:29:39Z" finished-at="2020-08-14T18:31:53Z">
      <class name="com.timp.test.MDR.TabelasApoioSped.TabelaCodigoDaSituaçaoTributaria.TabelaCodigoDaSituaçaoTributariaVisualizar">
        <test-method status="PASS" signature="beforeClass()[pri:0, instance:com.timp.test.MDR.TabelasApoioSped.TabelaCodigoDaSituaçaoTributaria.TabelaCodigoDaSituaçaoTributariaVisualizar@8e0379d]" name="beforeClass" is-config="true" duration-ms="17006" started-at="2020-08-14T15:29:39Z" finished-at="2020-08-14T15:29:56Z">
          <reporter-output>
          </reporter-output>
        </test-method> <!-- beforeClass -->
        <test-method status="PASS" signature="login()[pri:0, instance:com.timp.test.MDR.TabelasApoioSped.TabelaCodigoDaSituaçaoTributaria.TabelaCodigoDaSituaçaoTributariaVisualizar@8e0379d]" name="login" duration-ms="10412" started-at="2020-08-14T15:29:56Z" finished-at="2020-08-14T15:30:06Z">
          <reporter-output>
          </reporter-output>
        </test-method> <!-- login -->
        <test-method status="PASS" signature="acessarMDR()[pri:0, instance:com.timp.test.MDR.TabelasApoioSped.TabelaCodigoDaSituaçaoTributaria.TabelaCodigoDaSituaçaoTributariaVisualizar@8e0379d]" name="acessarMDR" duration-ms="37933" started-at="2020-08-14T15:30:06Z" finished-at="2020-08-14T15:30:44Z">
          <reporter-output>
          </reporter-output>
        </test-method> <!-- acessarMDR -->
        <test-method status="PASS" signature="Visualizar()[pri:0, instance:com.timp.test.MDR.TabelasApoioSped.TabelaCodigoDaSituaçaoTributaria.TabelaCodigoDaSituaçaoTributariaVisualizar@8e0379d]" name="Visualizar" duration-ms="68955" started-at="2020-08-14T15:30:44Z" finished-at="2020-08-14T15:31:53Z">
          <reporter-output>
          </reporter-output>
        </test-method> <!-- Visualizar -->
      </class> <!-- com.timp.test.MDR.TabelasApoioSped.TabelaCodigoDaSituaçaoTributaria.TabelaCodigoDaSituaçaoTributariaVisualizar -->
    </test> <!-- Default test -->
  </suite> <!-- Default suite -->
</testng-results>
