<?xml version="1.0" encoding="UTF-8"?>
<testng-results ignored="0" total="3" passed="3" failed="0" skipped="0">
  <reporter-output>
  </reporter-output>
  <suite started-at="2021-02-18T17:33:38Z" name="Default suite" finished-at="2021-02-18T17:35:34Z" duration-ms="116058">
    <groups>
    </groups>
    <test started-at="2021-02-18T17:33:38Z" name="Default test" finished-at="2021-02-18T17:35:34Z" duration-ms="116058">
      <class name="com.timp.test.TCC.GestaoDeCreditoTributarioPISCONFINS.PainelCredito.Executados.ExecutadosVisualizar">
        <test-method is-config="true" signature="beforeClass()[pri:0, instance:com.timp.test.TCC.GestaoDeCreditoTributarioPISCONFINS.PainelCredito.Executados.ExecutadosVisualizar@3c947bc5]" started-at="2021-02-18T17:33:38Z" name="beforeClass" finished-at="2021-02-18T17:33:53Z" duration-ms="14385" status="PASS">
          <reporter-output>
          </reporter-output>
        </test-method> <!-- beforeClass -->
        <test-method signature="login()[pri:0, instance:com.timp.test.TCC.GestaoDeCreditoTributarioPISCONFINS.PainelCredito.Executados.ExecutadosVisualizar@3c947bc5]" started-at="2021-02-18T17:33:53Z" name="login" finished-at="2021-02-18T17:34:01Z" duration-ms="8732" status="PASS">
          <reporter-output>
          </reporter-output>
        </test-method> <!-- login -->
        <test-method signature="acessarTCC()[pri:1, instance:com.timp.test.TCC.GestaoDeCreditoTributarioPISCONFINS.PainelCredito.Executados.ExecutadosVisualizar@3c947bc5]" started-at="2021-02-18T17:34:01Z" name="acessarTCC" finished-at="2021-02-18T17:34:22Z" duration-ms="20678" status="PASS">
          <reporter-output>
          </reporter-output>
        </test-method> <!-- acessarTCC -->
        <test-method signature="visualizar()[pri:2, instance:com.timp.test.TCC.GestaoDeCreditoTributarioPISCONFINS.PainelCredito.Executados.ExecutadosVisualizar@3c947bc5]" started-at="2021-02-18T17:34:22Z" name="visualizar" finished-at="2021-02-18T17:35:34Z" duration-ms="72229" status="PASS">
          <reporter-output>
          </reporter-output>
        </test-method> <!-- visualizar -->
        <test-method is-config="true" signature="afterClass()[pri:0, instance:com.timp.test.TCC.GestaoDeCreditoTributarioPISCONFINS.PainelCredito.Executados.ExecutadosVisualizar@3c947bc5]" started-at="2021-02-18T17:35:34Z" name="afterClass" finished-at="2021-02-18T17:35:34Z" duration-ms="0" status="PASS">
          <reporter-output>
          </reporter-output>
        </test-method> <!-- afterClass -->
      </class> <!-- com.timp.test.TCC.GestaoDeCreditoTributarioPISCONFINS.PainelCredito.Executados.ExecutadosVisualizar -->
    </test> <!-- Default test -->
  </suite> <!-- Default suite -->
</testng-results>
