<?xml version="1.0" encoding="UTF-8"?>
<testng-results skipped="0" failed="0" total="3" passed="3">
  <reporter-output>
  </reporter-output>
  <suite name="Default suite" duration-ms="102829" started-at="2020-08-06T14:31:03Z" finished-at="2020-08-06T14:32:46Z">
    <groups>
    </groups>
    <test name="Default test" duration-ms="102829" started-at="2020-08-06T14:31:03Z" finished-at="2020-08-06T14:32:46Z">
      <class name="com.timp.test.MDR.CadastroDerex.CadastroResponsavel.ResponsavelMovimentoEditar">
        <test-method status="PASS" signature="beforeClass()[pri:0, instance:com.timp.test.MDR.CadastroDerex.CadastroResponsavel.ResponsavelMovimentoEditar@35083305]" name="beforeClass" is-config="true" duration-ms="14319" started-at="2020-08-06T08:31:03Z" finished-at="2020-08-06T08:31:18Z">
          <reporter-output>
          </reporter-output>
        </test-method> <!-- beforeClass -->
        <test-method status="PASS" signature="login()[pri:0, instance:com.timp.test.MDR.CadastroDerex.CadastroResponsavel.ResponsavelMovimentoEditar@35083305]" name="login" duration-ms="7775" started-at="2020-08-06T08:31:18Z" finished-at="2020-08-06T08:31:25Z">
          <reporter-output>
          </reporter-output>
        </test-method> <!-- login -->
        <test-method status="PASS" signature="acessarMDR()[pri:0, instance:com.timp.test.MDR.CadastroDerex.CadastroResponsavel.ResponsavelMovimentoEditar@35083305]" name="acessarMDR" duration-ms="9547" started-at="2020-08-06T08:31:25Z" finished-at="2020-08-06T08:31:35Z">
          <reporter-output>
          </reporter-output>
        </test-method> <!-- acessarMDR -->
        <test-method status="PASS" signature="visualizar()[pri:0, instance:com.timp.test.MDR.CadastroDerex.CadastroResponsavel.ResponsavelMovimentoEditar@35083305]" name="visualizar" duration-ms="71164" started-at="2020-08-06T08:31:35Z" finished-at="2020-08-06T08:32:46Z">
          <reporter-output>
          </reporter-output>
        </test-method> <!-- visualizar -->
      </class> <!-- com.timp.test.MDR.CadastroDerex.CadastroResponsavel.ResponsavelMovimentoEditar -->
    </test> <!-- Default test -->
  </suite> <!-- Default suite -->
</testng-results>
