<?xml version="1.0" encoding="UTF-8"?>
<testng-results skipped="0" failed="0" total="3" passed="3">
  <reporter-output>
  </reporter-output>
  <suite name="Default suite" duration-ms="156893" started-at="2020-12-28T22:23:57Z" finished-at="2020-12-28T22:26:34Z">
    <groups>
    </groups>
    <test name="Default test" duration-ms="156893" started-at="2020-12-28T22:23:57Z" finished-at="2020-12-28T22:26:34Z">
      <class name="com.timp.test.DFG.AN3.AN3Funcionalidades">
        <test-method status="PASS" signature="beforeClass()[pri:0, instance:com.timp.test.DFG.AN3.AN3Funcionalidades@f2f2cc1]" name="beforeClass" is-config="true" duration-ms="19472" started-at="2020-12-28T16:23:57Z" finished-at="2020-12-28T16:24:16Z">
          <reporter-output>
          </reporter-output>
        </test-method> <!-- beforeClass -->
        <test-method status="PASS" signature="ingresar()[pri:0, instance:com.timp.test.DFG.AN3.AN3Funcionalidades@f2f2cc1]" name="ingresar" duration-ms="8153" started-at="2020-12-28T16:24:16Z" finished-at="2020-12-28T16:24:24Z">
          <reporter-output>
          </reporter-output>
        </test-method> <!-- ingresar -->
        <test-method status="PASS" signature="mdrEntrar()[pri:0, instance:com.timp.test.DFG.AN3.AN3Funcionalidades@f2f2cc1]" name="mdrEntrar" duration-ms="19523" started-at="2020-12-28T16:24:24Z" finished-at="2020-12-28T16:24:44Z">
          <reporter-output>
          </reporter-output>
        </test-method> <!-- mdrEntrar -->
        <test-method status="PASS" signature="ExecucaoDFG()[pri:0, instance:com.timp.test.DFG.AN3.AN3Funcionalidades@f2f2cc1]" name="ExecucaoDFG" duration-ms="109731" started-at="2020-12-28T16:24:44Z" finished-at="2020-12-28T16:26:34Z">
          <reporter-output>
          </reporter-output>
        </test-method> <!-- ExecucaoDFG -->
        <test-method status="PASS" signature="afterClass()[pri:0, instance:com.timp.test.DFG.AN3.AN3Funcionalidades@f2f2cc1]" name="afterClass" is-config="true" duration-ms="0" started-at="2020-12-28T16:26:34Z" finished-at="2020-12-28T16:26:34Z">
          <reporter-output>
          </reporter-output>
        </test-method> <!-- afterClass -->
      </class> <!-- com.timp.test.DFG.AN3.AN3Funcionalidades -->
    </test> <!-- Default test -->
  </suite> <!-- Default suite -->
</testng-results>
