<?xml version="1.0" encoding="UTF-8"?>
<testng-results skipped="0" failed="0" total="3" passed="3">
  <reporter-output>
  </reporter-output>
  <suite name="Default suite" duration-ms="89898" started-at="2020-07-31T20:56:41Z" finished-at="2020-07-31T20:58:11Z">
    <groups>
    </groups>
    <test name="Default test" duration-ms="89898" started-at="2020-07-31T20:56:41Z" finished-at="2020-07-31T20:58:11Z">
      <class name="com.timp.test.MDR.Centralizacao.EstornoCreditoEditar">
        <test-method status="PASS" signature="beforeClass()[pri:0, instance:com.timp.test.MDR.Centralizacao.EstornoCreditoEditar@8e0379d]" name="beforeClass" is-config="true" duration-ms="16235" started-at="2020-07-31T17:56:41Z" finished-at="2020-07-31T17:56:57Z">
          <reporter-output>
          </reporter-output>
        </test-method> <!-- beforeClass -->
        <test-method status="PASS" signature="login()[pri:0, instance:com.timp.test.MDR.Centralizacao.EstornoCreditoEditar@8e0379d]" name="login" duration-ms="9680" started-at="2020-07-31T17:56:57Z" finished-at="2020-07-31T17:57:07Z">
          <reporter-output>
          </reporter-output>
        </test-method> <!-- login -->
        <test-method status="PASS" signature="acessarMDR()[pri:0, instance:com.timp.test.MDR.Centralizacao.EstornoCreditoEditar@8e0379d]" name="acessarMDR" duration-ms="10913" started-at="2020-07-31T17:57:07Z" finished-at="2020-07-31T17:57:18Z">
          <reporter-output>
          </reporter-output>
        </test-method> <!-- acessarMDR -->
        <test-method status="PASS" signature="editar()[pri:0, instance:com.timp.test.MDR.Centralizacao.EstornoCreditoEditar@8e0379d]" name="editar" duration-ms="53039" started-at="2020-07-31T17:57:18Z" finished-at="2020-07-31T17:58:11Z">
          <reporter-output>
          </reporter-output>
        </test-method> <!-- editar -->
      </class> <!-- com.timp.test.MDR.Centralizacao.EstornoCreditoEditar -->
    </test> <!-- Default test -->
  </suite> <!-- Default suite -->
</testng-results>
