<?xml version="1.0" encoding="UTF-8"?>
<testng-results skipped="0" failed="0" total="3" passed="3">
  <reporter-output>
  </reporter-output>
  <suite name="Default suite" duration-ms="79768" started-at="2020-08-10T21:17:57Z" finished-at="2020-08-10T21:19:17Z">
    <groups>
    </groups>
    <test name="Default test" duration-ms="79768" started-at="2020-08-10T21:17:57Z" finished-at="2020-08-10T21:19:17Z">
      <class name="com.timp.test.MDR.RegistroDeExportaçao.RegistroDeExportaçaoExcluir">
        <test-method status="PASS" signature="beforeClass()[pri:0, instance:com.timp.test.MDR.RegistroDeExportaçao.RegistroDeExportaçaoExcluir@55a1c291]" name="beforeClass" is-config="true" duration-ms="18233" started-at="2020-08-10T18:17:57Z" finished-at="2020-08-10T18:18:15Z">
          <reporter-output>
          </reporter-output>
        </test-method> <!-- beforeClass -->
        <test-method status="PASS" signature="login()[pri:0, instance:com.timp.test.MDR.RegistroDeExportaçao.RegistroDeExportaçaoExcluir@55a1c291]" name="login" duration-ms="10184" started-at="2020-08-10T18:18:15Z" finished-at="2020-08-10T18:18:25Z">
          <reporter-output>
          </reporter-output>
        </test-method> <!-- login -->
        <test-method status="PASS" signature="acessarMDR()[pri:0, instance:com.timp.test.MDR.RegistroDeExportaçao.RegistroDeExportaçaoExcluir@55a1c291]" name="acessarMDR" duration-ms="11428" started-at="2020-08-10T18:18:25Z" finished-at="2020-08-10T18:18:37Z">
          <reporter-output>
          </reporter-output>
        </test-method> <!-- acessarMDR -->
        <test-method status="PASS" signature="Excluir()[pri:0, instance:com.timp.test.MDR.RegistroDeExportaçao.RegistroDeExportaçaoExcluir@55a1c291]" name="Excluir" duration-ms="39899" started-at="2020-08-10T18:18:37Z" finished-at="2020-08-10T18:19:17Z">
          <reporter-output>
          </reporter-output>
        </test-method> <!-- Excluir -->
        <test-method status="PASS" signature="afterClass()[pri:0, instance:com.timp.test.MDR.RegistroDeExportaçao.RegistroDeExportaçaoExcluir@55a1c291]" name="afterClass" is-config="true" duration-ms="0" started-at="2020-08-10T18:19:17Z" finished-at="2020-08-10T18:19:17Z">
          <reporter-output>
          </reporter-output>
        </test-method> <!-- afterClass -->
      </class> <!-- com.timp.test.MDR.RegistroDeExportaçao.RegistroDeExportaçaoExcluir -->
    </test> <!-- Default test -->
  </suite> <!-- Default suite -->
</testng-results>
