<?xml version="1.0" encoding="UTF-8"?>
<testng-results total="3" passed="3" failed="0" skipped="0">
  <reporter-output>
  </reporter-output>
  <suite started-at="2020-07-30T02:30:41Z" name="Default suite" finished-at="2020-07-30T02:32:09Z" duration-ms="88386">
    <groups>
    </groups>
    <test started-at="2020-07-30T02:30:41Z" name="Default test" finished-at="2020-07-30T02:32:09Z" duration-ms="88386">
      <class name="com.timp.test.MDR.Centralizacao.FatorCreditamento.FatorCreditamentoFiltros">
        <test-method is-config="true" signature="beforeClass()[pri:0, instance:com.timp.test.MDR.Centralizacao.FatorCreditamento.FatorCreditamentoFiltros@4c1909a3]" started-at="2020-07-29T20:30:41Z" name="beforeClass" finished-at="2020-07-29T20:30:56Z" duration-ms="14808" status="PASS">
          <reporter-output>
          </reporter-output>
        </test-method> <!-- beforeClass -->
        <test-method signature="login()[pri:0, instance:com.timp.test.MDR.Centralizacao.FatorCreditamento.FatorCreditamentoFiltros@4c1909a3]" started-at="2020-07-29T20:30:56Z" name="login" finished-at="2020-07-29T20:31:07Z" duration-ms="10785" status="PASS">
          <reporter-output>
          </reporter-output>
        </test-method> <!-- login -->
        <test-method signature="acessarMDR()[pri:0, instance:com.timp.test.MDR.Centralizacao.FatorCreditamento.FatorCreditamentoFiltros@4c1909a3]" started-at="2020-07-29T20:31:07Z" name="acessarMDR" finished-at="2020-07-29T20:31:40Z" duration-ms="33819" status="PASS">
          <reporter-output>
          </reporter-output>
        </test-method> <!-- acessarMDR -->
        <test-method signature="fatorCreditamentoFiltros()[pri:0, instance:com.timp.test.MDR.Centralizacao.FatorCreditamento.FatorCreditamentoFiltros@4c1909a3]" started-at="2020-07-29T20:31:40Z" name="fatorCreditamentoFiltros" finished-at="2020-07-29T20:32:09Z" duration-ms="28930" status="PASS">
          <reporter-output>
          </reporter-output>
        </test-method> <!-- fatorCreditamentoFiltros -->
        <test-method is-config="true" signature="afterClass()[pri:0, instance:com.timp.test.MDR.Centralizacao.FatorCreditamento.FatorCreditamentoFiltros@4c1909a3]" started-at="2020-07-29T20:32:09Z" name="afterClass" finished-at="2020-07-29T20:32:09Z" duration-ms="1" status="PASS">
          <reporter-output>
          </reporter-output>
        </test-method> <!-- afterClass -->
      </class> <!-- com.timp.test.MDR.Centralizacao.FatorCreditamento.FatorCreditamentoFiltros -->
    </test> <!-- Default test -->
  </suite> <!-- Default suite -->
</testng-results>
