<?xml version="1.0" encoding="UTF-8"?>
<testng-results skipped="0" failed="0" total="3" passed="3">
  <reporter-output>
  </reporter-output>
  <suite name="Default suite" duration-ms="91934" started-at="2020-09-11T20:50:09Z" finished-at="2020-09-11T20:51:41Z">
    <groups>
    </groups>
    <test name="Default test" duration-ms="91934" started-at="2020-09-11T20:50:09Z" finished-at="2020-09-11T20:51:41Z">
      <class name="com.timp.test.MDR.TabelasComplementaresParaObrigaçoesAcessorias.TabelaDeEstoqueParaRegistro12.TabelaDeEstoqueParaRegistro12Detalhes">
        <test-method status="PASS" signature="beforeClass()[pri:0, instance:com.timp.test.MDR.TabelasComplementaresParaObrigaçoesAcessorias.TabelaDeEstoqueParaRegistro12.TabelaDeEstoqueParaRegistro12Detalhes@2aa5fe93]" name="beforeClass" is-config="true" duration-ms="20161" started-at="2020-09-11T17:50:09Z" finished-at="2020-09-11T17:50:29Z">
          <reporter-output>
          </reporter-output>
        </test-method> <!-- beforeClass -->
        <test-method status="PASS" signature="login()[pri:0, instance:com.timp.test.MDR.TabelasComplementaresParaObrigaçoesAcessorias.TabelaDeEstoqueParaRegistro12.TabelaDeEstoqueParaRegistro12Detalhes@2aa5fe93]" name="login" duration-ms="11646" started-at="2020-09-11T17:50:29Z" finished-at="2020-09-11T17:50:41Z">
          <reporter-output>
          </reporter-output>
        </test-method> <!-- login -->
        <test-method status="PASS" signature="acessarMDR()[pri:0, instance:com.timp.test.MDR.TabelasComplementaresParaObrigaçoesAcessorias.TabelaDeEstoqueParaRegistro12.TabelaDeEstoqueParaRegistro12Detalhes@2aa5fe93]" name="acessarMDR" duration-ms="13264" started-at="2020-09-11T17:50:41Z" finished-at="2020-09-11T17:50:54Z">
          <reporter-output>
          </reporter-output>
        </test-method> <!-- acessarMDR -->
        <test-method status="PASS" signature="Detalhes()[pri:0, instance:com.timp.test.MDR.TabelasComplementaresParaObrigaçoesAcessorias.TabelaDeEstoqueParaRegistro12.TabelaDeEstoqueParaRegistro12Detalhes@2aa5fe93]" name="Detalhes" duration-ms="46837" started-at="2020-09-11T17:50:54Z" finished-at="2020-09-11T17:51:41Z">
          <reporter-output>
          </reporter-output>
        </test-method> <!-- Detalhes -->
      </class> <!-- com.timp.test.MDR.TabelasComplementaresParaObrigaçoesAcessorias.TabelaDeEstoqueParaRegistro12.TabelaDeEstoqueParaRegistro12Detalhes -->
    </test> <!-- Default test -->
  </suite> <!-- Default suite -->
</testng-results>
