<?xml version="1.0" encoding="UTF-8"?>
<testng-results skipped="0" failed="0" total="3" passed="3">
  <reporter-output>
  </reporter-output>
  <suite name="Default suite" duration-ms="128236" started-at="2020-09-09T21:01:17Z" finished-at="2020-09-09T21:03:25Z">
    <groups>
    </groups>
    <test name="Default test" duration-ms="128236" started-at="2020-09-09T21:01:17Z" finished-at="2020-09-09T21:03:25Z">
      <class name="com.timp.test.MDR.TabelasApoioSped.AjusteEInformaçoesDeValores.AjusteEInformaçoesDeValoresDetalhes">
        <test-method status="PASS" signature="beforeClass()[pri:0, instance:com.timp.test.MDR.TabelasApoioSped.AjusteEInformaçoesDeValores.AjusteEInformaçoesDeValoresDetalhes@2aa5fe93]" name="beforeClass" is-config="true" duration-ms="18332" started-at="2020-09-09T15:01:17Z" finished-at="2020-09-09T15:01:35Z">
          <reporter-output>
          </reporter-output>
        </test-method> <!-- beforeClass -->
        <test-method status="PASS" signature="login()[pri:0, instance:com.timp.test.MDR.TabelasApoioSped.AjusteEInformaçoesDeValores.AjusteEInformaçoesDeValoresDetalhes@2aa5fe93]" name="login" duration-ms="11542" started-at="2020-09-09T15:01:35Z" finished-at="2020-09-09T15:01:47Z">
          <reporter-output>
          </reporter-output>
        </test-method> <!-- login -->
        <test-method status="PASS" signature="acessarMDR()[pri:0, instance:com.timp.test.MDR.TabelasApoioSped.AjusteEInformaçoesDeValores.AjusteEInformaçoesDeValoresDetalhes@2aa5fe93]" name="acessarMDR" duration-ms="37613" started-at="2020-09-09T15:01:47Z" finished-at="2020-09-09T15:02:24Z">
          <reporter-output>
          </reporter-output>
        </test-method> <!-- acessarMDR -->
        <test-method status="PASS" signature="Visualizar()[pri:0, instance:com.timp.test.MDR.TabelasApoioSped.AjusteEInformaçoesDeValores.AjusteEInformaçoesDeValoresDetalhes@2aa5fe93]" name="Visualizar" duration-ms="60731" started-at="2020-09-09T15:02:24Z" finished-at="2020-09-09T15:03:25Z">
          <reporter-output>
          </reporter-output>
        </test-method> <!-- Visualizar -->
      </class> <!-- com.timp.test.MDR.TabelasApoioSped.AjusteEInformaçoesDeValores.AjusteEInformaçoesDeValoresDetalhes -->
    </test> <!-- Default test -->
  </suite> <!-- Default suite -->
</testng-results>
