<?xml version="1.0" encoding="UTF-8"?>
<testng-results ignored="0" total="3" passed="3" failed="0" skipped="0">
  <reporter-output>
  </reporter-output>
  <suite started-at="2021-02-19T17:28:57Z" name="Default suite" finished-at="2021-02-19T17:33:13Z" duration-ms="255913">
    <groups>
    </groups>
    <test started-at="2021-02-19T17:28:57Z" name="Default test" finished-at="2021-02-19T17:33:13Z" duration-ms="255913">
      <class name="com.timp.test.BRE.RegrasdeAuditoriaN2.RegrasDeAuditoriaN2LixeiraEmMassaMaisExcluirEmMassa">
        <test-method is-config="true" signature="beforeClass()[pri:0, instance:com.timp.test.BRE.RegrasdeAuditoriaN2.RegrasDeAuditoriaN2LixeiraEmMassaMaisExcluirEmMassa@671a5887]" started-at="2021-02-19T17:28:57Z" name="beforeClass" finished-at="2021-02-19T17:29:09Z" duration-ms="11751" status="PASS">
          <reporter-output>
          </reporter-output>
        </test-method> <!-- beforeClass -->
        <test-method signature="login()[pri:0, instance:com.timp.test.BRE.RegrasdeAuditoriaN2.RegrasDeAuditoriaN2LixeiraEmMassaMaisExcluirEmMassa@671a5887]" started-at="2021-02-19T17:29:09Z" name="login" finished-at="2021-02-19T17:29:16Z" duration-ms="7175" status="PASS">
          <reporter-output>
          </reporter-output>
        </test-method> <!-- login -->
        <test-method signature="acessarBRE()[pri:1, instance:com.timp.test.BRE.RegrasdeAuditoriaN2.RegrasDeAuditoriaN2LixeiraEmMassaMaisExcluirEmMassa@671a5887]" started-at="2021-02-19T17:29:16Z" name="acessarBRE" finished-at="2021-02-19T17:29:32Z" duration-ms="16305" status="PASS">
          <reporter-output>
          </reporter-output>
        </test-method> <!-- acessarBRE -->
        <test-method signature="criar()[pri:2, instance:com.timp.test.BRE.RegrasdeAuditoriaN2.RegrasDeAuditoriaN2LixeiraEmMassaMaisExcluirEmMassa@671a5887]" started-at="2021-02-19T17:29:32Z" name="criar" finished-at="2021-02-19T17:33:13Z" duration-ms="220648" status="PASS">
          <reporter-output>
          </reporter-output>
        </test-method> <!-- criar -->
        <test-method is-config="true" signature="afterClass()[pri:0, instance:com.timp.test.BRE.RegrasdeAuditoriaN2.RegrasDeAuditoriaN2LixeiraEmMassaMaisExcluirEmMassa@671a5887]" started-at="2021-02-19T17:33:13Z" name="afterClass" finished-at="2021-02-19T17:33:13Z" duration-ms="0" status="PASS">
          <reporter-output>
          </reporter-output>
        </test-method> <!-- afterClass -->
      </class> <!-- com.timp.test.BRE.RegrasdeAuditoriaN2.RegrasDeAuditoriaN2LixeiraEmMassaMaisExcluirEmMassa -->
    </test> <!-- Default test -->
  </suite> <!-- Default suite -->
</testng-results>
