<?xml version="1.0" encoding="UTF-8"?>
<testng-results total="3" passed="3" failed="0" skipped="0">
  <reporter-output>
  </reporter-output>
  <suite started-at="2021-01-15T15:17:07Z" name="Default suite" finished-at="2021-01-15T15:18:37Z" duration-ms="90603">
    <groups>
    </groups>
    <test started-at="2021-01-15T15:17:07Z" name="Default test" finished-at="2021-01-15T15:18:37Z" duration-ms="90603">
      <class name="com.timp.test.TCC.BancoDeCreditoExtemporaneo.Executados.ExecutadosExcluir">
        <test-method is-config="true" signature="beforeClass()[pri:0, instance:com.timp.test.TCC.BancoDeCreditoExtemporaneo.Executados.ExecutadosExcluir@1530c739]" started-at="2021-01-15T12:17:07Z" name="beforeClass" finished-at="2021-01-15T12:17:28Z" duration-ms="20972" status="PASS">
          <reporter-output>
          </reporter-output>
        </test-method> <!-- beforeClass -->
        <test-method signature="login()[pri:0, instance:com.timp.test.TCC.BancoDeCreditoExtemporaneo.Executados.ExecutadosExcluir@1530c739]" started-at="2021-01-15T12:17:28Z" name="login" finished-at="2021-01-15T12:17:40Z" duration-ms="12004" status="PASS">
          <reporter-output>
          </reporter-output>
        </test-method> <!-- login -->
        <test-method signature="acessarTCC()[pri:0, instance:com.timp.test.TCC.BancoDeCreditoExtemporaneo.Executados.ExecutadosExcluir@1530c739]" started-at="2021-01-15T12:17:40Z" name="acessarTCC" finished-at="2021-01-15T12:18:04Z" duration-ms="24182" status="PASS">
          <reporter-output>
          </reporter-output>
        </test-method> <!-- acessarTCC -->
        <test-method signature="excluir()[pri:0, instance:com.timp.test.TCC.BancoDeCreditoExtemporaneo.Executados.ExecutadosExcluir@1530c739]" started-at="2021-01-15T12:18:04Z" name="excluir" finished-at="2021-01-15T12:18:37Z" duration-ms="33417" status="PASS">
          <reporter-output>
          </reporter-output>
        </test-method> <!-- excluir -->
        <test-method is-config="true" signature="afterClass()[pri:0, instance:com.timp.test.TCC.BancoDeCreditoExtemporaneo.Executados.ExecutadosExcluir@1530c739]" started-at="2021-01-15T12:18:37Z" name="afterClass" finished-at="2021-01-15T12:18:37Z" duration-ms="1" status="PASS">
          <reporter-output>
          </reporter-output>
        </test-method> <!-- afterClass -->
      </class> <!-- com.timp.test.TCC.BancoDeCreditoExtemporaneo.Executados.ExecutadosExcluir -->
    </test> <!-- Default test -->
  </suite> <!-- Default suite -->
</testng-results>
