<?xml version="1.0" encoding="UTF-8"?>
<testng-results skipped="0" failed="0" total="2" passed="2">
  <reporter-output>
  </reporter-output>
  <suite name="Default suite" duration-ms="220000" started-at="2021-02-13T03:25:38Z" finished-at="2021-02-13T03:29:18Z">
    <groups>
    </groups>
    <test name="Default test" duration-ms="220000" started-at="2021-02-13T03:25:38Z" finished-at="2021-02-13T03:29:18Z">
      <class name="com.timp.test.MDR.TabelasApoioESocial.Tabela24.CodificaçãoDeAcDeTrabExcluiMassa">
        <test-method status="PASS" signature="beforeClass()[pri:0, instance:com.timp.test.MDR.TabelasApoioESocial.Tabela24.CodificaçãoDeAcDeTrabExcluiMassa@3a079870]" name="beforeClass" is-config="true" duration-ms="18852" started-at="2021-02-12T21:25:38Z" finished-at="2021-02-12T21:25:57Z">
          <reporter-output>
          </reporter-output>
        </test-method> <!-- beforeClass -->
        <test-method status="PASS" signature="criar()[pri:0, instance:com.timp.test.MDR.TabelasApoioESocial.Tabela24.CodificaçãoDeAcDeTrabExcluiMassa@3a079870]" name="criar" duration-ms="117954" started-at="2021-02-12T21:25:57Z" finished-at="2021-02-12T21:27:55Z">
          <reporter-output>
          </reporter-output>
        </test-method> <!-- criar -->
        <test-method status="PASS" signature="excluir()[pri:0, instance:com.timp.test.MDR.TabelasApoioESocial.Tabela24.CodificaçãoDeAcDeTrabExcluiMassa@3a079870]" name="excluir" duration-ms="78762" started-at="2021-02-12T21:27:55Z" finished-at="2021-02-12T21:29:14Z">
          <reporter-output>
          </reporter-output>
        </test-method> <!-- excluir -->
        <test-method status="PASS" signature="afterClass()[pri:0, instance:com.timp.test.MDR.TabelasApoioESocial.Tabela24.CodificaçãoDeAcDeTrabExcluiMassa@3a079870]" name="afterClass" is-config="true" duration-ms="4417" started-at="2021-02-12T21:29:14Z" finished-at="2021-02-12T21:29:18Z">
          <reporter-output>
          </reporter-output>
        </test-method> <!-- afterClass -->
      </class> <!-- com.timp.test.MDR.TabelasApoioESocial.Tabela24.CodificaçãoDeAcDeTrabExcluiMassa -->
    </test> <!-- Default test -->
  </suite> <!-- Default suite -->
</testng-results>
