<?xml version="1.0" encoding="UTF-8"?>
<testng-results skipped="0" failed="0" total="3" passed="3">
  <reporter-output>
  </reporter-output>
  <suite name="Default suite" duration-ms="67571" started-at="2020-07-30T14:24:57Z" finished-at="2020-07-30T14:26:04Z">
    <groups>
    </groups>
    <test name="Default test" duration-ms="67571" started-at="2020-07-30T14:24:57Z" finished-at="2020-07-30T14:26:04Z">
      <class name="com.timp.test.MDR.CadastroCondiçao.CadasatroCondicaoVisualizar">
        <test-method status="PASS" signature="beforeClass()[pri:0, instance:com.timp.test.MDR.CadastroCondiçao.CadasatroCondicaoVisualizar@8e0379d]" name="beforeClass" is-config="true" duration-ms="13825" started-at="2020-07-30T08:24:57Z" finished-at="2020-07-30T08:25:10Z">
          <reporter-output>
          </reporter-output>
        </test-method> <!-- beforeClass -->
        <test-method status="PASS" signature="login()[pri:0, instance:com.timp.test.MDR.CadastroCondiçao.CadasatroCondicaoVisualizar@8e0379d]" name="login" duration-ms="9309" started-at="2020-07-30T08:25:10Z" finished-at="2020-07-30T08:25:20Z">
          <reporter-output>
          </reporter-output>
        </test-method> <!-- login -->
        <test-method status="PASS" signature="acessarMDR()[pri:0, instance:com.timp.test.MDR.CadastroCondiçao.CadasatroCondicaoVisualizar@8e0379d]" name="acessarMDR" duration-ms="12886" started-at="2020-07-30T08:25:20Z" finished-at="2020-07-30T08:25:33Z">
          <reporter-output>
          </reporter-output>
        </test-method> <!-- acessarMDR -->
        <test-method status="PASS" signature="Visualizar()[pri:0, instance:com.timp.test.MDR.CadastroCondiçao.CadasatroCondicaoVisualizar@8e0379d]" name="Visualizar" duration-ms="31539" started-at="2020-07-30T08:25:33Z" finished-at="2020-07-30T08:26:04Z">
          <reporter-output>
          </reporter-output>
        </test-method> <!-- Visualizar -->
      </class> <!-- com.timp.test.MDR.CadastroCondiçao.CadasatroCondicaoVisualizar -->
    </test> <!-- Default test -->
  </suite> <!-- Default suite -->
</testng-results>
