<?xml version="1.0" encoding="UTF-8"?>
<testng-results ignored="0" total="1" passed="1" failed="0" skipped="0">
  <reporter-output>
  </reporter-output>
  <suite started-at="2021-10-01T13:04:21Z" name="Default suite" finished-at="2021-10-01T13:05:22Z" duration-ms="61465">
    <groups>
    </groups>
    <test started-at="2021-10-01T13:04:21Z" name="Default test" finished-at="2021-10-01T13:05:22Z" duration-ms="61465">
      <class name="com.timp.test.BRB.AcessarBRB">
        <test-method is-config="true" signature="beforeClass()[pri:0, instance:com.timp.test.BRB.AcessarBRB@13b13b5d]" started-at="2021-10-01T13:04:21Z" name="beforeClass" finished-at="2021-10-01T13:04:35Z" duration-ms="14543" status="PASS">
          <reporter-output>
          </reporter-output>
        </test-method> <!-- beforeClass -->
        <test-method signature="brbEntrar()[pri:0, instance:com.timp.test.BRB.AcessarBRB@13b13b5d]" started-at="2021-10-01T13:04:35Z" name="brbEntrar" finished-at="2021-10-01T13:05:22Z" duration-ms="46886" status="PASS">
          <reporter-output>
          </reporter-output>
        </test-method> <!-- brbEntrar -->
        <test-method is-config="true" signature="afterClass()[pri:0, instance:com.timp.test.BRB.AcessarBRB@13b13b5d]" started-at="2021-10-01T13:05:22Z" name="afterClass" finished-at="2021-10-01T13:05:22Z" duration-ms="0" status="PASS">
          <reporter-output>
          </reporter-output>
        </test-method> <!-- afterClass -->
      </class> <!-- com.timp.test.BRB.AcessarBRB -->
    </test> <!-- Default test -->
  </suite> <!-- Default suite -->
</testng-results>
