<?xml version="1.0" encoding="UTF-8"?>
<testng-results ignored="0" total="1" passed="1" failed="0" skipped="0">
  <reporter-output>
  </reporter-output>
  <suite started-at="2022-12-13T12:12:27 BRT" name="Default suite" finished-at="2022-12-13T12:15:10 BRT" duration-ms="163581">
    <groups>
    </groups>
    <test started-at="2022-12-13T12:12:27 BRT" name="Default test" finished-at="2022-12-13T12:15:10 BRT" duration-ms="163581">
      <class name="com.timp.test.MDR.OcorrenciaFiscal.StatusOcorrenciaFiscal.StatusOcorrenciaFiscalCriar">
        <test-method is-config="true" signature="beforeClass()[pri:0, instance:com.timp.test.MDR.OcorrenciaFiscal.StatusOcorrenciaFiscal.StatusOcorrenciaFiscalCriar@54a7079e]" started-at="2022-12-13T12:12:27 BRT" name="beforeClass" finished-at="2022-12-13T12:12:46 BRT" duration-ms="19570" status="PASS">
          <reporter-output>
          </reporter-output>
        </test-method> <!-- beforeClass -->
        <test-method signature="criar()[pri:0, instance:com.timp.test.MDR.OcorrenciaFiscal.StatusOcorrenciaFiscal.StatusOcorrenciaFiscalCriar@54a7079e]" started-at="2022-12-13T12:12:46 BRT" name="criar" finished-at="2022-12-13T12:15:10 BRT" duration-ms="143981" status="PASS">
          <reporter-output>
          </reporter-output>
        </test-method> <!-- criar -->
        <test-method is-config="true" signature="afterClass()[pri:0, instance:com.timp.test.MDR.OcorrenciaFiscal.StatusOcorrenciaFiscal.StatusOcorrenciaFiscalCriar@54a7079e]" started-at="2022-12-13T12:15:10 BRT" name="afterClass" finished-at="2022-12-13T12:15:10 BRT" duration-ms="0" status="PASS">
          <reporter-output>
          </reporter-output>
        </test-method> <!-- afterClass -->
      </class> <!-- com.timp.test.MDR.OcorrenciaFiscal.StatusOcorrenciaFiscal.StatusOcorrenciaFiscalCriar -->
    </test> <!-- Default test -->
  </suite> <!-- Default suite -->
</testng-results>
