<?xml version="1.0" encoding="UTF-8"?>
<testng-results total="3" passed="3" failed="0" skipped="0">
  <reporter-output>
  </reporter-output>
  <suite started-at="2020-10-30T20:34:50Z" name="Default suite" finished-at="2020-10-30T20:36:35Z" duration-ms="104963">
    <groups>
    </groups>
    <test started-at="2020-10-30T20:34:50Z" name="Default test" finished-at="2020-10-30T20:36:35Z" duration-ms="104963">
      <class name="com.timp.test.MDR.TabelasApoioESocial.Tabela08.ClassificacaoTributariaEditar">
        <test-method is-config="true" signature="beforeClass()[pri:0, instance:com.timp.test.MDR.TabelasApoioESocial.Tabela08.ClassificacaoTributariaEditar@f78a47e]" started-at="2020-10-30T17:34:50Z" name="beforeClass" finished-at="2020-10-30T17:35:03Z" duration-ms="12841" status="PASS">
          <reporter-output>
          </reporter-output>
        </test-method> <!-- beforeClass -->
        <test-method signature="login()[pri:0, instance:com.timp.test.MDR.TabelasApoioESocial.Tabela08.ClassificacaoTributariaEditar@f78a47e]" started-at="2020-10-30T17:35:03Z" name="login" finished-at="2020-10-30T17:35:11Z" duration-ms="8324" status="PASS">
          <reporter-output>
          </reporter-output>
        </test-method> <!-- login -->
        <test-method signature="acessarMDR()[pri:0, instance:com.timp.test.MDR.TabelasApoioESocial.Tabela08.ClassificacaoTributariaEditar@f78a47e]" started-at="2020-10-30T17:35:11Z" name="acessarMDR" finished-at="2020-10-30T17:35:36Z" duration-ms="24874" status="PASS">
          <reporter-output>
          </reporter-output>
        </test-method> <!-- acessarMDR -->
        <test-method signature="editar()[pri:0, instance:com.timp.test.MDR.TabelasApoioESocial.Tabela08.ClassificacaoTributariaEditar@f78a47e]" started-at="2020-10-30T17:35:36Z" name="editar" finished-at="2020-10-30T17:36:35Z" duration-ms="58841" status="PASS">
          <reporter-output>
          </reporter-output>
        </test-method> <!-- editar -->
        <test-method is-config="true" signature="afterClass()[pri:0, instance:com.timp.test.MDR.TabelasApoioESocial.Tabela08.ClassificacaoTributariaEditar@f78a47e]" started-at="2020-10-30T17:36:35Z" name="afterClass" finished-at="2020-10-30T17:36:35Z" duration-ms="69" status="PASS">
          <reporter-output>
          </reporter-output>
        </test-method> <!-- afterClass -->
      </class> <!-- com.timp.test.MDR.TabelasApoioESocial.Tabela08.ClassificacaoTributariaEditar -->
    </test> <!-- Default test -->
  </suite> <!-- Default suite -->
</testng-results>
