<?xml version="1.0" encoding="UTF-8"?>
<testng-results skipped="0" failed="0" total="3" passed="3">
  <reporter-output>
  </reporter-output>
  <suite name="Default suite" duration-ms="107012" started-at="2020-08-12T20:40:21Z" finished-at="2020-08-12T20:42:08Z">
    <groups>
    </groups>
    <test name="Default test" duration-ms="107012" started-at="2020-08-12T20:40:21Z" finished-at="2020-08-12T20:42:08Z">
      <class name="com.timp.test.MDR.ValorAdicionado.InclusaoDeCamposMar.InclusaoDeCamposMarExcluir">
        <test-method status="PASS" signature="beforeClass()[pri:0, instance:com.timp.test.MDR.ValorAdicionado.InclusaoDeCamposMar.InclusaoDeCamposMarExcluir@55a1c291]" name="beforeClass" is-config="true" duration-ms="15472" started-at="2020-08-12T17:40:21Z" finished-at="2020-08-12T17:40:37Z">
          <reporter-output>
          </reporter-output>
        </test-method> <!-- beforeClass -->
        <test-method status="PASS" signature="login()[pri:0, instance:com.timp.test.MDR.ValorAdicionado.InclusaoDeCamposMar.InclusaoDeCamposMarExcluir@55a1c291]" name="login" duration-ms="10086" started-at="2020-08-12T17:40:37Z" finished-at="2020-08-12T17:40:47Z">
          <reporter-output>
          </reporter-output>
        </test-method> <!-- login -->
        <test-method status="PASS" signature="acessarMDR()[pri:0, instance:com.timp.test.MDR.ValorAdicionado.InclusaoDeCamposMar.InclusaoDeCamposMarExcluir@55a1c291]" name="acessarMDR" duration-ms="37049" started-at="2020-08-12T17:40:47Z" finished-at="2020-08-12T17:41:24Z">
          <reporter-output>
          </reporter-output>
        </test-method> <!-- acessarMDR -->
        <test-method status="PASS" signature="Excluir()[pri:0, instance:com.timp.test.MDR.ValorAdicionado.InclusaoDeCamposMar.InclusaoDeCamposMarExcluir@55a1c291]" name="Excluir" duration-ms="44378" started-at="2020-08-12T17:41:24Z" finished-at="2020-08-12T17:42:08Z">
          <reporter-output>
          </reporter-output>
        </test-method> <!-- Excluir -->
        <test-method status="PASS" signature="afterClass()[pri:0, instance:com.timp.test.MDR.ValorAdicionado.InclusaoDeCamposMar.InclusaoDeCamposMarExcluir@55a1c291]" name="afterClass" is-config="true" duration-ms="0" started-at="2020-08-12T17:42:08Z" finished-at="2020-08-12T17:42:08Z">
          <reporter-output>
          </reporter-output>
        </test-method> <!-- afterClass -->
      </class> <!-- com.timp.test.MDR.ValorAdicionado.InclusaoDeCamposMar.InclusaoDeCamposMarExcluir -->
    </test> <!-- Default test -->
  </suite> <!-- Default suite -->
</testng-results>
