<?xml version="1.0" encoding="UTF-8"?>
<testng-results ignored="0" total="1" passed="1" failed="0" skipped="0">
  <reporter-output>
  </reporter-output>
  <suite started-at="2021-04-09T05:35:09Z" name="Default suite" finished-at="2021-04-09T05:36:53Z" duration-ms="103868">
    <groups>
    </groups>
    <test started-at="2021-04-09T05:35:09Z" name="Default test" finished-at="2021-04-09T05:36:53Z" duration-ms="103868">
      <class name="com.timp.test.MDR.ControleDeCreditoTributario.StatusParaBCE.StatusParaBCEExcluir">
        <test-method is-config="true" signature="beforeClass()[pri:0, instance:com.timp.test.MDR.ControleDeCreditoTributario.StatusParaBCE.StatusParaBCEExcluir@13b13b5d]" started-at="2021-04-09T05:35:09Z" name="beforeClass" finished-at="2021-04-09T05:35:23Z" duration-ms="14278" status="PASS">
          <reporter-output>
          </reporter-output>
        </test-method> <!-- beforeClass -->
        <test-method signature="excluir()[pri:0, instance:com.timp.test.MDR.ControleDeCreditoTributario.StatusParaBCE.StatusParaBCEExcluir@13b13b5d]" started-at="2021-04-09T05:35:23Z" name="excluir" finished-at="2021-04-09T05:36:53Z" duration-ms="89327" status="PASS">
          <reporter-output>
          </reporter-output>
        </test-method> <!-- excluir -->
        <test-method is-config="true" signature="afterClass()[pri:0, instance:com.timp.test.MDR.ControleDeCreditoTributario.StatusParaBCE.StatusParaBCEExcluir@13b13b5d]" started-at="2021-04-09T05:36:53Z" name="afterClass" finished-at="2021-04-09T05:36:53Z" duration-ms="235" status="PASS">
          <reporter-output>
          </reporter-output>
        </test-method> <!-- afterClass -->
      </class> <!-- com.timp.test.MDR.ControleDeCreditoTributario.StatusParaBCE.StatusParaBCEExcluir -->
    </test> <!-- Default test -->
  </suite> <!-- Default suite -->
</testng-results>
