<?xml version="1.0" encoding="UTF-8"?>
<testng-results skipped="0" failed="0" total="3" passed="3">
  <reporter-output>
  </reporter-output>
  <suite name="Default suite" duration-ms="130043" started-at="2020-09-09T14:31:41Z" finished-at="2020-09-09T14:33:52Z">
    <groups>
    </groups>
    <test name="Default test" duration-ms="130043" started-at="2020-09-09T14:31:41Z" finished-at="2020-09-09T14:33:52Z">
      <class name="com.timp.test.MDR.TabelasComplementaresParaObrigaçoesAcessorias.TabelaDeDetalhamentosParaRegistro10.TabelaDeDetalhamentosParaRegistro10Editar">
        <test-method status="PASS" signature="beforeClass()[pri:0, instance:com.timp.test.MDR.TabelasComplementaresParaObrigaçoesAcessorias.TabelaDeDetalhamentosParaRegistro10.TabelaDeDetalhamentosParaRegistro10Editar@2aa5fe93]" name="beforeClass" is-config="true" duration-ms="21402" started-at="2020-09-09T11:31:42Z" finished-at="2020-09-09T11:32:03Z">
          <reporter-output>
          </reporter-output>
        </test-method> <!-- beforeClass -->
        <test-method status="PASS" signature="login()[pri:0, instance:com.timp.test.MDR.TabelasComplementaresParaObrigaçoesAcessorias.TabelaDeDetalhamentosParaRegistro10.TabelaDeDetalhamentosParaRegistro10Editar@2aa5fe93]" name="login" duration-ms="10049" started-at="2020-09-09T11:32:03Z" finished-at="2020-09-09T11:32:13Z">
          <reporter-output>
          </reporter-output>
        </test-method> <!-- login -->
        <test-method status="PASS" signature="acessarMDR()[pri:0, instance:com.timp.test.MDR.TabelasComplementaresParaObrigaçoesAcessorias.TabelaDeDetalhamentosParaRegistro10.TabelaDeDetalhamentosParaRegistro10Editar@2aa5fe93]" name="acessarMDR" duration-ms="11539" started-at="2020-09-09T11:32:13Z" finished-at="2020-09-09T11:32:25Z">
          <reporter-output>
          </reporter-output>
        </test-method> <!-- acessarMDR -->
        <test-method status="PASS" signature="editar()[pri:0, instance:com.timp.test.MDR.TabelasComplementaresParaObrigaçoesAcessorias.TabelaDeDetalhamentosParaRegistro10.TabelaDeDetalhamentosParaRegistro10Editar@2aa5fe93]" name="editar" duration-ms="86967" started-at="2020-09-09T11:32:25Z" finished-at="2020-09-09T11:33:52Z">
          <reporter-output>
          </reporter-output>
        </test-method> <!-- editar -->
      </class> <!-- com.timp.test.MDR.TabelasComplementaresParaObrigaçoesAcessorias.TabelaDeDetalhamentosParaRegistro10.TabelaDeDetalhamentosParaRegistro10Editar -->
    </test> <!-- Default test -->
  </suite> <!-- Default suite -->
</testng-results>
