<?xml version="1.0" encoding="UTF-8"?>
<testng-results total="3" passed="3" failed="0" skipped="0">
  <reporter-output>
  </reporter-output>
  <suite started-at="2020-12-15T02:42:38Z" name="Default suite" finished-at="2020-12-15T02:45:44Z" duration-ms="185718">
    <groups>
    </groups>
    <test started-at="2020-12-15T02:42:38Z" name="Default test" finished-at="2020-12-15T02:45:44Z" duration-ms="185718">
      <class name="com.timp.test.SCANC.RelatoriosRefineriaGerados.RelatoriosRefinariaGeradosInformacao">
        <test-method is-config="true" signature="beforeClass()[pri:0, instance:com.timp.test.SCANC.RelatoriosRefineriaGerados.RelatoriosRefinariaGeradosInformacao@10f7f7de]" started-at="2020-12-14T20:42:38Z" name="beforeClass" finished-at="2020-12-14T20:43:03Z" duration-ms="24355" status="PASS">
          <reporter-output>
          </reporter-output>
        </test-method> <!-- beforeClass -->
        <test-method signature="ingresar()[pri:0, instance:com.timp.test.SCANC.RelatoriosRefineriaGerados.RelatoriosRefinariaGeradosInformacao@10f7f7de]" started-at="2020-12-14T20:43:03Z" name="ingresar" finished-at="2020-12-14T20:43:15Z" duration-ms="12462" status="PASS">
          <reporter-output>
          </reporter-output>
        </test-method> <!-- ingresar -->
        <test-method signature="scancEntrar()[pri:0, instance:com.timp.test.SCANC.RelatoriosRefineriaGerados.RelatoriosRefinariaGeradosInformacao@10f7f7de]" started-at="2020-12-14T20:43:15Z" name="scancEntrar" finished-at="2020-12-14T20:43:52Z" duration-ms="36815" status="PASS">
          <reporter-output>
          </reporter-output>
        </test-method> <!-- scancEntrar -->
        <test-method signature="informacao()[pri:0, instance:com.timp.test.SCANC.RelatoriosRefineriaGerados.RelatoriosRefinariaGeradosInformacao@10f7f7de]" started-at="2020-12-14T20:43:52Z" name="informacao" finished-at="2020-12-14T20:45:44Z" duration-ms="112068" status="PASS">
          <reporter-output>
          </reporter-output>
        </test-method> <!-- informacao -->
        <test-method is-config="true" signature="afterClass()[pri:0, instance:com.timp.test.SCANC.RelatoriosRefineriaGerados.RelatoriosRefinariaGeradosInformacao@10f7f7de]" started-at="2020-12-14T20:45:44Z" name="afterClass" finished-at="2020-12-14T20:45:44Z" duration-ms="0" status="PASS">
          <reporter-output>
          </reporter-output>
        </test-method> <!-- afterClass -->
      </class> <!-- com.timp.test.SCANC.RelatoriosRefineriaGerados.RelatoriosRefinariaGeradosInformacao -->
    </test> <!-- Default test -->
  </suite> <!-- Default suite -->
</testng-results>
