<?xml version="1.0" encoding="UTF-8"?>
<testng-results ignored="0" total="2" passed="2" failed="0" skipped="0">
  <reporter-output>
  </reporter-output>
  <suite started-at="2021-11-27T05:53:51Z" name="Default suite" finished-at="2021-11-27T05:58:51Z" duration-ms="300235">
    <groups>
    </groups>
    <test started-at="2021-11-27T05:53:51Z" name="Default test" finished-at="2021-11-27T05:58:51Z" duration-ms="300235">
      <class name="com.timp.test.MDR.CodigoContabilizacao.CódigoContabilizaçãoExcluirMassa">
        <test-method is-config="true" signature="beforeClass()[pri:0, instance:com.timp.test.MDR.CodigoContabilizacao.CódigoContabilizaçãoExcluirMassa@73302995]" started-at="2021-11-27T05:53:51Z" name="beforeClass" finished-at="2021-11-27T05:54:12Z" duration-ms="21340" status="PASS">
          <reporter-output>
          </reporter-output>
        </test-method> <!-- beforeClass -->
        <test-method signature="criar()[pri:0, instance:com.timp.test.MDR.CodigoContabilizacao.CódigoContabilizaçãoExcluirMassa@73302995]" started-at="2021-11-27T05:54:12Z" name="criar" finished-at="2021-11-27T05:57:37Z" duration-ms="205426" status="PASS">
          <reporter-output>
          </reporter-output>
        </test-method> <!-- criar -->
        <test-method signature="exlcuir()[pri:0, instance:com.timp.test.MDR.CodigoContabilizacao.CódigoContabilizaçãoExcluirMassa@73302995]" started-at="2021-11-27T05:57:37Z" name="exlcuir" finished-at="2021-11-27T05:58:51Z" depends-on-methods="com.timp.test.MDR.CodigoContabilizacao.CódigoContabilizaçãoExcluirMassa.criar" duration-ms="73452" status="PASS">
          <reporter-output>
          </reporter-output>
        </test-method> <!-- exlcuir -->
        <test-method is-config="true" signature="afterClass()[pri:0, instance:com.timp.test.MDR.CodigoContabilizacao.CódigoContabilizaçãoExcluirMassa@73302995]" started-at="2021-11-27T05:58:51Z" name="afterClass" finished-at="2021-11-27T05:58:51Z" duration-ms="0" status="PASS">
          <reporter-output>
          </reporter-output>
        </test-method> <!-- afterClass -->
      </class> <!-- com.timp.test.MDR.CodigoContabilizacao.CódigoContabilizaçãoExcluirMassa -->
    </test> <!-- Default test -->
  </suite> <!-- Default suite -->
</testng-results>
