<?xml version="1.0" encoding="UTF-8"?>
<testng-results total="3" passed="3" failed="0" skipped="0">
  <reporter-output>
  </reporter-output>
  <suite started-at="2021-01-15T14:46:11Z" name="Default suite" finished-at="2021-01-15T14:47:39Z" duration-ms="87586">
    <groups>
    </groups>
    <test started-at="2021-01-15T14:46:11Z" name="Default test" finished-at="2021-01-15T14:47:39Z" duration-ms="87586">
      <class name="com.timp.test.TCC.BancoDeCreditoExtemporaneo.Executados.ExecutadosExcluir">
        <test-method is-config="true" signature="beforeClass()[pri:0, instance:com.timp.test.TCC.BancoDeCreditoExtemporaneo.Executados.ExecutadosExcluir@1530c739]" started-at="2021-01-15T11:46:11Z" name="beforeClass" finished-at="2021-01-15T11:46:25Z" duration-ms="14117" status="PASS">
          <reporter-output>
          </reporter-output>
        </test-method> <!-- beforeClass -->
        <test-method signature="login()[pri:0, instance:com.timp.test.TCC.BancoDeCreditoExtemporaneo.Executados.ExecutadosExcluir@1530c739]" started-at="2021-01-15T11:46:25Z" name="login" finished-at="2021-01-15T11:46:35Z" duration-ms="10084" status="PASS">
          <reporter-output>
          </reporter-output>
        </test-method> <!-- login -->
        <test-method signature="acessarTCC()[pri:0, instance:com.timp.test.TCC.BancoDeCreditoExtemporaneo.Executados.ExecutadosExcluir@1530c739]" started-at="2021-01-15T11:46:35Z" name="acessarTCC" finished-at="2021-01-15T11:47:00Z" duration-ms="25013" status="PASS">
          <reporter-output>
          </reporter-output>
        </test-method> <!-- acessarTCC -->
        <test-method signature="excluir()[pri:0, instance:com.timp.test.TCC.BancoDeCreditoExtemporaneo.Executados.ExecutadosExcluir@1530c739]" started-at="2021-01-15T11:47:00Z" name="excluir" finished-at="2021-01-15T11:47:39Z" duration-ms="38356" status="PASS">
          <reporter-output>
          </reporter-output>
        </test-method> <!-- excluir -->
        <test-method is-config="true" signature="afterClass()[pri:0, instance:com.timp.test.TCC.BancoDeCreditoExtemporaneo.Executados.ExecutadosExcluir@1530c739]" started-at="2021-01-15T11:47:39Z" name="afterClass" finished-at="2021-01-15T11:47:39Z" duration-ms="1" status="PASS">
          <reporter-output>
          </reporter-output>
        </test-method> <!-- afterClass -->
      </class> <!-- com.timp.test.TCC.BancoDeCreditoExtemporaneo.Executados.ExecutadosExcluir -->
    </test> <!-- Default test -->
  </suite> <!-- Default suite -->
</testng-results>
