<?xml version="1.0" encoding="UTF-8"?>
<testng-results skipped="0" failed="0" total="1" passed="1">
  <reporter-output>
  </reporter-output>
  <suite name="Default suite" duration-ms="33560" started-at="2020-09-23T16:35:37Z" finished-at="2020-09-23T16:36:10Z">
    <groups>
    </groups>
    <test name="Default test" duration-ms="33560" started-at="2020-09-23T16:35:37Z" finished-at="2020-09-23T16:36:10Z">
      <class name="com.timp.test.ADM.LoginBRB">
        <test-method status="PASS" signature="beforeClass()[pri:0, instance:com.timp.test.ADM.LoginBRB@f2f2cc1]" name="beforeClass" is-config="true" duration-ms="17556" started-at="2020-09-23T10:35:37Z" finished-at="2020-09-23T10:35:54Z">
          <reporter-output>
          </reporter-output>
        </test-method> <!-- beforeClass -->
        <test-method status="PASS" signature="Login()[pri:0, instance:com.timp.test.ADM.LoginBRB@f2f2cc1]" name="Login" duration-ms="15918" started-at="2020-09-23T10:35:54Z" finished-at="2020-09-23T10:36:10Z">
          <reporter-output>
          </reporter-output>
        </test-method> <!-- Login -->
        <test-method status="PASS" signature="afterClass()[pri:0, instance:com.timp.test.ADM.LoginBRB@f2f2cc1]" name="afterClass" is-config="true" duration-ms="72" started-at="2020-09-23T10:36:10Z" finished-at="2020-09-23T10:36:10Z">
          <reporter-output>
          </reporter-output>
        </test-method> <!-- afterClass -->
      </class> <!-- com.timp.test.ADM.LoginBRB -->
    </test> <!-- Default test -->
  </suite> <!-- Default suite -->
</testng-results>
