<?xml version="1.0" encoding="UTF-8"?>
<testng-results skipped="0" failed="1" total="29" passed="28">
  <reporter-output>
  </reporter-output>
  <suite name="Default suite" duration-ms="3977310" started-at="2020-08-12T13:47:17Z" finished-at="2020-08-12T14:53:34Z">
    <groups>
    </groups>
    <test name="Default test" duration-ms="3977310" started-at="2020-08-12T13:47:17Z" finished-at="2020-08-12T14:53:34Z">
      <class name="com.timp.test.BRB.PruebaAutomatizacion">
        <test-method status="PASS" signature="login()[pri:0, instance:com.timp.test.BRB.PruebaAutomatizacion@4ae3c1cd]" name="login" duration-ms="36478" started-at="2020-08-12T07:47:17Z" finished-at="2020-08-12T07:47:54Z">
          <reporter-output>
          </reporter-output>
        </test-method> <!-- login -->
        <test-method status="PASS" signature="acessarBRB()[pri:0, instance:com.timp.test.BRB.PruebaAutomatizacion@4ae3c1cd]" name="acessarBRB" duration-ms="51797" started-at="2020-08-12T07:47:54Z" finished-at="2020-08-12T07:48:45Z">
          <reporter-output>
          </reporter-output>
        </test-method> <!-- acessarBRB -->
        <test-method status="PASS" signature="paginacion()[pri:0, instance:com.timp.test.BRB.PruebaAutomatizacion@4ae3c1cd]" name="paginacion" duration-ms="75981" started-at="2020-08-12T07:48:45Z" finished-at="2020-08-12T07:50:01Z">
          <reporter-output>
          </reporter-output>
        </test-method> <!-- paginacion -->
        <test-method status="PASS" signature="filtrosAvanzados()[pri:0, instance:com.timp.test.BRB.PruebaAutomatizacion@4ae3c1cd]" name="filtrosAvanzados" duration-ms="58054" started-at="2020-08-12T07:50:01Z" finished-at="2020-08-12T07:50:59Z">
          <reporter-output>
          </reporter-output>
        </test-method> <!-- filtrosAvanzados -->
        <test-method status="PASS" signature="novoRelatorio()[pri:0, instance:com.timp.test.BRB.PruebaAutomatizacion@4ae3c1cd]" name="novoRelatorio" duration-ms="133766" started-at="2020-08-12T07:50:59Z" finished-at="2020-08-12T07:53:13Z">
          <reporter-output>
          </reporter-output>
        </test-method> <!-- novoRelatorio -->
        <test-method status="PASS" signature="publicoYPrivado()[pri:0, instance:com.timp.test.BRB.PruebaAutomatizacion@4ae3c1cd]" name="publicoYPrivado" duration-ms="160837" started-at="2020-08-12T07:53:13Z" finished-at="2020-08-12T07:55:54Z">
          <reporter-output>
          </reporter-output>
        </test-method> <!-- publicoYPrivado -->
        <test-method status="PASS" signature="excluirColuna()[pri:0, instance:com.timp.test.BRB.PruebaAutomatizacion@4ae3c1cd]" name="excluirColuna" duration-ms="168628" started-at="2020-08-12T07:55:54Z" finished-at="2020-08-12T07:58:43Z">
          <reporter-output>
          </reporter-output>
        </test-method> <!-- excluirColuna -->
        <test-method status="PASS" signature="editarRelatorio()[pri:0, instance:com.timp.test.BRB.PruebaAutomatizacion@4ae3c1cd]" name="editarRelatorio" duration-ms="98042" started-at="2020-08-12T07:58:43Z" finished-at="2020-08-12T08:00:21Z">
          <reporter-output>
          </reporter-output>
        </test-method> <!-- editarRelatorio -->
        <test-method status="PASS" signature="reordenarColuna()[pri:0, instance:com.timp.test.BRB.PruebaAutomatizacion@4ae3c1cd]" name="reordenarColuna" duration-ms="91543" started-at="2020-08-12T08:00:21Z" finished-at="2020-08-12T08:01:52Z">
          <reporter-output>
          </reporter-output>
        </test-method> <!-- reordenarColuna -->
        <test-method status="PASS" signature="filtrosRelatorio()[pri:0, instance:com.timp.test.BRB.PruebaAutomatizacion@4ae3c1cd]" name="filtrosRelatorio" duration-ms="194762" started-at="2020-08-12T08:01:52Z" finished-at="2020-08-12T08:05:07Z">
          <reporter-output>
          </reporter-output>
        </test-method> <!-- filtrosRelatorio -->
        <test-method status="PASS" signature="criarCopia()[pri:0, instance:com.timp.test.BRB.PruebaAutomatizacion@4ae3c1cd]" name="criarCopia" duration-ms="183910" started-at="2020-08-12T08:05:07Z" finished-at="2020-08-12T08:08:11Z">
          <reporter-output>
          </reporter-output>
        </test-method> <!-- criarCopia -->
        <test-method status="PASS" signature="ativarCorrecao()[pri:0, instance:com.timp.test.BRB.PruebaAutomatizacion@4ae3c1cd]" name="ativarCorrecao" duration-ms="112070" started-at="2020-08-12T08:08:11Z" finished-at="2020-08-12T08:10:03Z">
          <reporter-output>
          </reporter-output>
        </test-method> <!-- ativarCorrecao -->
        <test-method status="PASS" signature="ativarComentario()[pri:0, instance:com.timp.test.BRB.PruebaAutomatizacion@4ae3c1cd]" name="ativarComentario" duration-ms="81883" started-at="2020-08-12T08:10:03Z" finished-at="2020-08-12T08:11:25Z">
          <reporter-output>
          </reporter-output>
        </test-method> <!-- ativarComentario -->
        <test-method status="PASS" signature="renomearColuna()[pri:0, instance:com.timp.test.BRB.PruebaAutomatizacion@4ae3c1cd]" name="renomearColuna" duration-ms="117425" started-at="2020-08-12T08:11:25Z" finished-at="2020-08-12T08:13:22Z">
          <reporter-output>
          </reporter-output>
        </test-method> <!-- renomearColuna -->
        <test-method status="PASS" signature="formula()[pri:0, instance:com.timp.test.BRB.PruebaAutomatizacion@4ae3c1cd]" name="formula" duration-ms="173418" started-at="2020-08-12T08:13:22Z" finished-at="2020-08-12T08:16:16Z">
          <reporter-output>
          </reporter-output>
        </test-method> <!-- formula -->
        <test-method status="PASS" signature="agrupadoPeloCampo()[pri:0, instance:com.timp.test.BRB.PruebaAutomatizacion@4ae3c1cd]" name="agrupadoPeloCampo" duration-ms="145645" started-at="2020-08-12T08:16:16Z" finished-at="2020-08-12T08:18:41Z">
          <reporter-output>
          </reporter-output>
        </test-method> <!-- agrupadoPeloCampo -->
        <test-method status="PASS" signature="campoOutput()[pri:0, instance:com.timp.test.BRB.PruebaAutomatizacion@4ae3c1cd]" name="campoOutput" duration-ms="103321" started-at="2020-08-12T08:18:41Z" finished-at="2020-08-12T08:20:25Z">
          <reporter-output>
          </reporter-output>
        </test-method> <!-- campoOutput -->
        <test-method status="PASS" signature="formatacaoEVariante()[pri:0, instance:com.timp.test.BRB.PruebaAutomatizacion@4ae3c1cd]" name="formatacaoEVariante" duration-ms="161919" started-at="2020-08-12T08:20:25Z" finished-at="2020-08-12T08:23:07Z">
          <reporter-output>
          </reporter-output>
        </test-method> <!-- formatacaoEVariante -->
        <test-method status="FAIL" signature="filtroColunas()[pri:0, instance:com.timp.test.BRB.PruebaAutomatizacion@4ae3c1cd]" name="filtroColunas" duration-ms="161343" started-at="2020-08-12T08:23:07Z" finished-at="2020-08-12T08:25:48Z">
          <exception class="org.openqa.selenium.NoSuchElementException">
            <message>
              <![CDATA[no such element: Unable to locate element: {"method":"xpath","selector":"//div[@class="column-filter visible"]/input"}
  (Session info: chrome=83.0.4103.61)
For documentation on this error, please visit: https://www.seleniumhq.org/exceptions/no_such_element.html
Build info: version: '3.141.59', revision: 'e82be7d358', time: '2018-11-14T08:17:03'
System info: host: 'LITOSOLER', ip: '192.168.0.3', os.name: 'Windows 10', os.arch: 'amd64', os.version: '10.0', java.version: '1.8.0_251'
Driver info: org.openqa.selenium.chrome.ChromeDriver
Capabilities {acceptInsecureCerts: false, browserName: chrome, browserVersion: 83.0.4103.61, chrome: {chromedriverVersion: 83.0.4103.39 (ccbf011cb2d2b..., userDataDir: C:\Users\AGILES~1\AppData\L...}, goog:chromeOptions: {debuggerAddress: localhost:51259}, javascriptEnabled: true, networkConnectionEnabled: false, pageLoadStrategy: normal, platform: WINDOWS, platformName: WINDOWS, proxy: Proxy(), setWindowRect: true, strictFileInteractability: false, timeouts: {implicit: 0, pageLoad: 300000, script: 30000}, unhandledPromptBehavior: dismiss and notify, webauthn:virtualAuthenticators: true}
Session ID: 3c963969c3d37faff7de0811a8a50434
*** Element info: {Using=xpath, value=//div[@class="column-filter visible"]/input}]]>
            </message>
            <full-stacktrace>
              <![CDATA[org.openqa.selenium.NoSuchElementException: no such element: Unable to locate element: {"method":"xpath","selector":"//div[@class="column-filter visible"]/input"}
  (Session info: chrome=83.0.4103.61)
For documentation on this error, please visit: https://www.seleniumhq.org/exceptions/no_such_element.html
Build info: version: '3.141.59', revision: 'e82be7d358', time: '2018-11-14T08:17:03'
System info: host: 'LITOSOLER', ip: '192.168.0.3', os.name: 'Windows 10', os.arch: 'amd64', os.version: '10.0', java.version: '1.8.0_251'
Driver info: org.openqa.selenium.chrome.ChromeDriver
Capabilities {acceptInsecureCerts: false, browserName: chrome, browserVersion: 83.0.4103.61, chrome: {chromedriverVersion: 83.0.4103.39 (ccbf011cb2d2b..., userDataDir: C:\Users\AGILES~1\AppData\L...}, goog:chromeOptions: {debuggerAddress: localhost:51259}, javascriptEnabled: true, networkConnectionEnabled: false, pageLoadStrategy: normal, platform: WINDOWS, platformName: WINDOWS, proxy: Proxy(), setWindowRect: true, strictFileInteractability: false, timeouts: {implicit: 0, pageLoad: 300000, script: 30000}, unhandledPromptBehavior: dismiss and notify, webauthn:virtualAuthenticators: true}
Session ID: 3c963969c3d37faff7de0811a8a50434
*** Element info: {Using=xpath, value=//div[@class="column-filter visible"]/input}
	at sun.reflect.GeneratedConstructorAccessor14.newInstance(Unknown Source)
	at sun.reflect.DelegatingConstructorAccessorImpl.newInstance(Unknown Source)
	at java.lang.reflect.Constructor.newInstance(Unknown Source)
	at org.openqa.selenium.remote.http.W3CHttpResponseCodec.createException(W3CHttpResponseCodec.java:187)
	at org.openqa.selenium.remote.http.W3CHttpResponseCodec.decode(W3CHttpResponseCodec.java:122)
	at org.openqa.selenium.remote.http.W3CHttpResponseCodec.decode(W3CHttpResponseCodec.java:49)
	at org.openqa.selenium.remote.HttpCommandExecutor.execute(HttpCommandExecutor.java:158)
	at org.openqa.selenium.remote.service.DriverCommandExecutor.execute(DriverCommandExecutor.java:83)
	at org.openqa.selenium.remote.RemoteWebDriver.execute(RemoteWebDriver.java:552)
	at org.openqa.selenium.remote.RemoteWebDriver.findElement(RemoteWebDriver.java:323)
	at org.openqa.selenium.remote.RemoteWebDriver.findElementByXPath(RemoteWebDriver.java:428)
	at org.openqa.selenium.By$ByXPath.findElement(By.java:353)
	at org.openqa.selenium.remote.RemoteWebDriver.findElement(RemoteWebDriver.java:315)
	at org.openqa.selenium.support.pagefactory.DefaultElementLocator.findElement(DefaultElementLocator.java:69)
	at org.openqa.selenium.support.pagefactory.internal.LocatingElementHandler.invoke(LocatingElementHandler.java:38)
	at com.sun.proxy.$Proxy7.getAttribute(Unknown Source)
	at com.sap.timp.pageObjectModel.BRB.FiltroColunasPO.filtroFerramenta(FiltroColunasPO.java:98)
	at com.timp.test.BRB.FiltroColunas.filtroConFerramenta1(FiltroColunas.java:58)
	at com.timp.test.BRB.PruebaAutomatizacion.filtroColunas(PruebaAutomatizacion.java:263)
	at sun.reflect.NativeMethodAccessorImpl.invoke0(Native Method)
	at sun.reflect.NativeMethodAccessorImpl.invoke(Unknown Source)
	at sun.reflect.DelegatingMethodAccessorImpl.invoke(Unknown Source)
	at java.lang.reflect.Method.invoke(Unknown Source)
	at org.testng.internal.MethodInvocationHelper.invokeMethod(MethodInvocationHelper.java:80)
	at org.testng.internal.Invoker.invokeMethod(Invoker.java:714)
	at org.testng.internal.Invoker.invokeTestMethod(Invoker.java:901)
	at org.testng.internal.Invoker.invokeTestMethods(Invoker.java:1231)
	at org.testng.internal.TestMethodWorker.invokeTestMethods(TestMethodWorker.java:127)
	at org.testng.internal.TestMethodWorker.run(TestMethodWorker.java:111)
	at org.testng.TestRunner.privateRun(TestRunner.java:767)
	at org.testng.TestRunner.run(TestRunner.java:617)
	at org.testng.SuiteRunner.runTest(SuiteRunner.java:334)
	at org.testng.SuiteRunner.runSequentially(SuiteRunner.java:329)
	at org.testng.SuiteRunner.privateRun(SuiteRunner.java:291)
	at org.testng.SuiteRunner.run(SuiteRunner.java:240)
	at org.testng.SuiteRunnerWorker.runSuite(SuiteRunnerWorker.java:52)
	at org.testng.SuiteRunnerWorker.run(SuiteRunnerWorker.java:86)
	at org.testng.TestNG.runSuitesSequentially(TestNG.java:1198)
	at org.testng.TestNG.runSuitesLocally(TestNG.java:1123)
	at org.testng.TestNG.run(TestNG.java:1031)
	at org.testng.remote.AbstractRemoteTestNG.run(AbstractRemoteTestNG.java:115)
	at org.testng.remote.RemoteTestNG.initAndRun(RemoteTestNG.java:251)
	at org.testng.remote.RemoteTestNG.main(RemoteTestNG.java:77)
]]>
            </full-stacktrace>
          </exception> <!-- org.openqa.selenium.NoSuchElementException -->
          <reporter-output>
          </reporter-output>
        </test-method> <!-- filtroColunas -->
        <test-method status="PASS" signature="gruposAvanzados()[pri:0, instance:com.timp.test.BRB.PruebaAutomatizacion@4ae3c1cd]" name="gruposAvanzados" duration-ms="460655" started-at="2020-08-12T08:25:48Z" finished-at="2020-08-12T08:33:29Z">
          <reporter-output>
          </reporter-output>
        </test-method> <!-- gruposAvanzados -->
        <test-method status="PASS" signature="crescenteEDecrescente()[pri:0, instance:com.timp.test.BRB.PruebaAutomatizacion@4ae3c1cd]" name="crescenteEDecrescente" duration-ms="127628" started-at="2020-08-12T08:33:29Z" finished-at="2020-08-12T08:35:36Z">
          <reporter-output>
          </reporter-output>
        </test-method> <!-- crescenteEDecrescente -->
        <test-method status="PASS" signature="comentarioListaSuspensa()[pri:0, instance:com.timp.test.BRB.PruebaAutomatizacion@4ae3c1cd]" name="comentarioListaSuspensa" duration-ms="195862" started-at="2020-08-12T08:35:36Z" finished-at="2020-08-12T08:38:52Z">
          <reporter-output>
          </reporter-output>
        </test-method> <!-- comentarioListaSuspensa -->
        <test-method status="PASS" signature="comentarioLibre()[pri:0, instance:com.timp.test.BRB.PruebaAutomatizacion@4ae3c1cd]" name="comentarioLibre" duration-ms="150161" started-at="2020-08-12T08:38:52Z" finished-at="2020-08-12T08:41:22Z">
          <reporter-output>
          </reporter-output>
        </test-method> <!-- comentarioLibre -->
        <test-method status="PASS" signature="imprimir()[pri:0, instance:com.timp.test.BRB.PruebaAutomatizacion@4ae3c1cd]" name="imprimir" duration-ms="94328" started-at="2020-08-12T08:41:22Z" finished-at="2020-08-12T08:42:57Z">
          <reporter-output>
          </reporter-output>
        </test-method> <!-- imprimir -->
        <test-method status="PASS" signature="regras()[pri:0, instance:com.timp.test.BRB.PruebaAutomatizacion@4ae3c1cd]" name="regras" duration-ms="128336" started-at="2020-08-12T08:42:57Z" finished-at="2020-08-12T08:45:05Z">
          <reporter-output>
          </reporter-output>
        </test-method> <!-- regras -->
        <test-method status="PASS" signature="cabeçalho()[pri:0, instance:com.timp.test.BRB.PruebaAutomatizacion@4ae3c1cd]" name="cabeçalho" duration-ms="115998" started-at="2020-08-12T08:45:05Z" finished-at="2020-08-12T08:47:01Z">
          <reporter-output>
          </reporter-output>
        </test-method> <!-- cabeçalho -->
        <test-method status="PASS" signature="exportar()[pri:0, instance:com.timp.test.BRB.PruebaAutomatizacion@4ae3c1cd]" name="exportar" duration-ms="119658" started-at="2020-08-12T08:47:01Z" finished-at="2020-08-12T08:49:01Z">
          <reporter-output>
          </reporter-output>
        </test-method> <!-- exportar -->
        <test-method status="PASS" signature="visualizar()[pri:0, instance:com.timp.test.BRB.PruebaAutomatizacion@4ae3c1cd]" name="visualizar" duration-ms="85225" started-at="2020-08-12T08:49:01Z" finished-at="2020-08-12T08:50:26Z">
          <reporter-output>
          </reporter-output>
        </test-method> <!-- visualizar -->
        <test-method status="PASS" signature="ExcluirRelatorio()[pri:0, instance:com.timp.test.BRB.PruebaAutomatizacion@4ae3c1cd]" name="ExcluirRelatorio" duration-ms="188582" started-at="2020-08-12T08:50:26Z" finished-at="2020-08-12T08:53:34Z">
          <reporter-output>
          </reporter-output>
        </test-method> <!-- ExcluirRelatorio -->
      </class> <!-- com.timp.test.BRB.PruebaAutomatizacion -->
    </test> <!-- Default test -->
  </suite> <!-- Default suite -->
</testng-results>
