<?xml version="1.0" encoding="UTF-8"?>
<testng-results ignored="0" total="1" passed="1" failed="0" skipped="0">
  <reporter-output>
  </reporter-output>
  <suite started-at="2021-09-13T15:44:07Z" name="Default suite" finished-at="2021-09-13T15:46:07Z" duration-ms="119538">
    <groups>
    </groups>
    <test started-at="2021-09-13T15:44:07Z" name="Default test" finished-at="2021-09-13T15:46:07Z" duration-ms="119538">
      <class name="com.timp.test.ATR.Estruturas.Estruturas.EstruturasVisualizar">
        <test-method is-config="true" signature="beforeClass()[pri:0, instance:com.timp.test.ATR.Estruturas.Estruturas.EstruturasVisualizar@2d778add]" started-at="2021-09-13T15:44:07Z" name="beforeClass" finished-at="2021-09-13T15:44:44Z" duration-ms="37359" status="PASS">
          <reporter-output>
          </reporter-output>
        </test-method> <!-- beforeClass -->
        <test-method signature="visualizar()[pri:0, instance:com.timp.test.ATR.Estruturas.Estruturas.EstruturasVisualizar@2d778add]" started-at="2021-09-13T15:44:44Z" name="visualizar" finished-at="2021-09-13T15:46:06Z" duration-ms="82073" status="PASS">
          <reporter-output>
          </reporter-output>
        </test-method> <!-- visualizar -->
        <test-method is-config="true" signature="afterClass()[pri:0, instance:com.timp.test.ATR.Estruturas.Estruturas.EstruturasVisualizar@2d778add]" started-at="2021-09-13T15:46:07Z" name="afterClass" finished-at="2021-09-13T15:46:07Z" duration-ms="89" status="PASS">
          <reporter-output>
          </reporter-output>
        </test-method> <!-- afterClass -->
      </class> <!-- com.timp.test.ATR.Estruturas.Estruturas.EstruturasVisualizar -->
    </test> <!-- Default test -->
  </suite> <!-- Default suite -->
</testng-results>
