<?xml version="1.0" encoding="UTF-8"?>
<testng-results total="3" passed="3" failed="0" skipped="0">
  <reporter-output>
  </reporter-output>
  <suite started-at="2021-01-09T20:01:42Z" name="Default suite" finished-at="2021-01-09T20:03:39Z" duration-ms="117343">
    <groups>
    </groups>
    <test started-at="2021-01-09T20:01:42Z" name="Default test" finished-at="2021-01-09T20:03:39Z" duration-ms="117343">
      <class name="com.timp.test.BRE.RegrasDeAuditoriaN3.ParametrosGerais.RegrasDeAuditoriaN3Excluir">
        <test-method is-config="true" signature="beforeClass()[pri:0, instance:com.timp.test.BRE.RegrasDeAuditoriaN3.ParametrosGerais.RegrasDeAuditoriaN3Excluir@1530c739]" started-at="2021-01-09T17:01:42Z" name="beforeClass" finished-at="2021-01-09T17:01:58Z" duration-ms="16063" status="PASS">
          <reporter-output>
          </reporter-output>
        </test-method> <!-- beforeClass -->
        <test-method signature="login()[pri:0, instance:com.timp.test.BRE.RegrasDeAuditoriaN3.ParametrosGerais.RegrasDeAuditoriaN3Excluir@1530c739]" started-at="2021-01-09T17:01:58Z" name="login" finished-at="2021-01-09T17:02:08Z" duration-ms="9807" status="PASS">
          <reporter-output>
          </reporter-output>
        </test-method> <!-- login -->
        <test-method signature="acessarBRE()[pri:0, instance:com.timp.test.BRE.RegrasDeAuditoriaN3.ParametrosGerais.RegrasDeAuditoriaN3Excluir@1530c739]" started-at="2021-01-09T17:02:08Z" name="acessarBRE" finished-at="2021-01-09T17:02:27Z" duration-ms="19313" status="PASS">
          <reporter-output>
          </reporter-output>
        </test-method> <!-- acessarBRE -->
        <test-method signature="criar()[pri:0, instance:com.timp.test.BRE.RegrasDeAuditoriaN3.ParametrosGerais.RegrasDeAuditoriaN3Excluir@1530c739]" started-at="2021-01-09T17:02:27Z" name="criar" finished-at="2021-01-09T17:03:39Z" duration-ms="72139" status="PASS">
          <reporter-output>
          </reporter-output>
        </test-method> <!-- criar -->
        <test-method is-config="true" signature="afterClass()[pri:0, instance:com.timp.test.BRE.RegrasDeAuditoriaN3.ParametrosGerais.RegrasDeAuditoriaN3Excluir@1530c739]" started-at="2021-01-09T17:03:39Z" name="afterClass" finished-at="2021-01-09T17:03:39Z" duration-ms="0" status="PASS">
          <reporter-output>
          </reporter-output>
        </test-method> <!-- afterClass -->
      </class> <!-- com.timp.test.BRE.RegrasDeAuditoriaN3.ParametrosGerais.RegrasDeAuditoriaN3Excluir -->
    </test> <!-- Default test -->
  </suite> <!-- Default suite -->
</testng-results>
