<?xml version="1.0" encoding="UTF-8"?>
<testng-results skipped="0" failed="0" total="3" passed="3">
  <reporter-output>
  </reporter-output>
  <suite name="Default suite" duration-ms="153732" started-at="2020-09-18T21:12:31Z" finished-at="2020-09-18T21:15:05Z">
    <groups>
    </groups>
    <test name="Default test" duration-ms="153732" started-at="2020-09-18T21:12:31Z" finished-at="2020-09-18T21:15:05Z">
      <class name="com.timp.test.MDR.TabelasComplementaresParaObrigaçoesAcessorias.TabelaComplementarParaDIRF.TabelaComplementarParaDIRFExcluir">
        <test-method status="PASS" signature="beforeClass()[pri:0, instance:com.timp.test.MDR.TabelasComplementaresParaObrigaçoesAcessorias.TabelaComplementarParaDIRF.TabelaComplementarParaDIRFExcluir@2aa5fe93]" name="beforeClass" is-config="true" duration-ms="15895" started-at="2020-09-18T18:12:31Z" finished-at="2020-09-18T18:12:47Z">
          <reporter-output>
          </reporter-output>
        </test-method> <!-- beforeClass -->
        <test-method status="PASS" signature="login()[pri:0, instance:com.timp.test.MDR.TabelasComplementaresParaObrigaçoesAcessorias.TabelaComplementarParaDIRF.TabelaComplementarParaDIRFExcluir@2aa5fe93]" name="login" duration-ms="10467" started-at="2020-09-18T18:12:47Z" finished-at="2020-09-18T18:12:58Z">
          <reporter-output>
          </reporter-output>
        </test-method> <!-- login -->
        <test-method status="PASS" signature="acessarMDR()[pri:0, instance:com.timp.test.MDR.TabelasComplementaresParaObrigaçoesAcessorias.TabelaComplementarParaDIRF.TabelaComplementarParaDIRFExcluir@2aa5fe93]" name="acessarMDR" duration-ms="41294" started-at="2020-09-18T18:12:58Z" finished-at="2020-09-18T18:13:39Z">
          <reporter-output>
          </reporter-output>
        </test-method> <!-- acessarMDR -->
        <test-method status="PASS" signature="excluir()[pri:0, instance:com.timp.test.MDR.TabelasComplementaresParaObrigaçoesAcessorias.TabelaComplementarParaDIRF.TabelaComplementarParaDIRFExcluir@2aa5fe93]" name="excluir" duration-ms="86037" started-at="2020-09-18T18:13:39Z" finished-at="2020-09-18T18:15:05Z">
          <reporter-output>
          </reporter-output>
        </test-method> <!-- excluir -->
      </class> <!-- com.timp.test.MDR.TabelasComplementaresParaObrigaçoesAcessorias.TabelaComplementarParaDIRF.TabelaComplementarParaDIRFExcluir -->
    </test> <!-- Default test -->
  </suite> <!-- Default suite -->
</testng-results>
