<?xml version="1.0" encoding="UTF-8"?>
<testng-results ignored="0" total="1" passed="1" failed="0" skipped="0">
  <reporter-output>
  </reporter-output>
  <suite started-at="2021-03-26T00:16:27Z" name="Default suite" finished-at="2021-03-26T00:20:25Z" duration-ms="237486">
    <groups>
    </groups>
    <test started-at="2021-03-26T00:16:27Z" name="Default test" finished-at="2021-03-26T00:20:25Z" duration-ms="237486">
      <class name="com.timp.test.MDR.Centralizacao.Saldos.SaldosCriar">
        <test-method is-config="true" signature="beforeClass()[pri:0, instance:com.timp.test.MDR.Centralizacao.Saldos.SaldosCriar@44d52de2]" started-at="2021-03-26T00:16:27Z" name="beforeClass" finished-at="2021-03-26T00:16:38Z" duration-ms="10995" status="PASS">
          <reporter-output>
          </reporter-output>
        </test-method> <!-- beforeClass -->
        <test-method signature="CriarSaldo()[pri:0, instance:com.timp.test.MDR.Centralizacao.Saldos.SaldosCriar@44d52de2]" started-at="2021-03-26T00:16:38Z" name="CriarSaldo" finished-at="2021-03-26T00:20:25Z" duration-ms="226461" status="PASS">
          <reporter-output>
          </reporter-output>
        </test-method> <!-- CriarSaldo -->
        <test-method is-config="true" signature="afterClass()[pri:0, instance:com.timp.test.MDR.Centralizacao.Saldos.SaldosCriar@44d52de2]" started-at="2021-03-26T00:20:25Z" name="afterClass" finished-at="2021-03-26T00:20:25Z" duration-ms="0" status="PASS">
          <reporter-output>
          </reporter-output>
        </test-method> <!-- afterClass -->
      </class> <!-- com.timp.test.MDR.Centralizacao.Saldos.SaldosCriar -->
    </test> <!-- Default test -->
  </suite> <!-- Default suite -->
</testng-results>
