<?xml version="1.0" encoding="UTF-8"?>
<testng-results skipped="0" failed="0" total="3" passed="3">
  <reporter-output>
  </reporter-output>
  <suite name="Default suite" duration-ms="115357" started-at="2020-11-02T20:35:53Z" finished-at="2020-11-02T20:37:48Z">
    <groups>
    </groups>
    <test name="Default test" duration-ms="115357" started-at="2020-11-02T20:35:53Z" finished-at="2020-11-02T20:37:48Z">
      <class name="com.timp.test.MDR.TabelasApoioESocial.Tabela18.MotivoDeAfastamentoExcluirEmMassa">
        <test-method status="PASS" signature="beforeClass()[pri:0, instance:com.timp.test.MDR.TabelasApoioESocial.Tabela18.MotivoDeAfastamentoExcluirEmMassa@b62fe6d]" name="beforeClass" is-config="true" duration-ms="10804" started-at="2020-11-02T14:35:53Z" finished-at="2020-11-02T14:36:03Z">
          <reporter-output>
          </reporter-output>
        </test-method> <!-- beforeClass -->
        <test-method status="PASS" signature="login()[pri:0, instance:com.timp.test.MDR.TabelasApoioESocial.Tabela18.MotivoDeAfastamentoExcluirEmMassa@b62fe6d]" name="login" duration-ms="6063" started-at="2020-11-02T14:36:03Z" finished-at="2020-11-02T14:36:10Z">
          <reporter-output>
          </reporter-output>
        </test-method> <!-- login -->
        <test-method status="PASS" signature="acessarMDR()[pri:0, instance:com.timp.test.MDR.TabelasApoioESocial.Tabela18.MotivoDeAfastamentoExcluirEmMassa@b62fe6d]" name="acessarMDR" duration-ms="14243" started-at="2020-11-02T14:36:10Z" finished-at="2020-11-02T14:36:24Z">
          <reporter-output>
          </reporter-output>
        </test-method> <!-- acessarMDR -->
        <test-method status="PASS" signature="criar()[pri:0, instance:com.timp.test.MDR.TabelasApoioESocial.Tabela18.MotivoDeAfastamentoExcluirEmMassa@b62fe6d]" name="criar" duration-ms="84232" started-at="2020-11-02T14:36:24Z" finished-at="2020-11-02T14:37:48Z">
          <reporter-output>
          </reporter-output>
        </test-method> <!-- criar -->
      </class> <!-- com.timp.test.MDR.TabelasApoioESocial.Tabela18.MotivoDeAfastamentoExcluirEmMassa -->
    </test> <!-- Default test -->
  </suite> <!-- Default suite -->
</testng-results>
