<?xml version="1.0" encoding="UTF-8"?>
<testng-results skipped="0" failed="0" total="3" passed="3">
  <reporter-output>
  </reporter-output>
  <suite name="Default suite" duration-ms="165308" started-at="2020-09-30T21:26:56Z" finished-at="2020-09-30T21:29:41Z">
    <groups>
    </groups>
    <test name="Default test" duration-ms="165308" started-at="2020-09-30T21:26:56Z" finished-at="2020-09-30T21:29:41Z">
      <class name="com.timp.test.BRB.ComentarioLibre">
        <test-method status="PASS" signature="beforeClass()[pri:0, instance:com.timp.test.BRB.ComentarioLibre@f2f2cc1]" name="beforeClass" is-config="true" duration-ms="12573" started-at="2020-09-30T15:26:56Z" finished-at="2020-09-30T15:27:08Z">
          <reporter-output>
          </reporter-output>
        </test-method> <!-- beforeClass -->
        <test-method status="PASS" signature="login()[pri:0, instance:com.timp.test.BRB.ComentarioLibre@f2f2cc1]" name="login" duration-ms="9897" started-at="2020-09-30T15:27:08Z" finished-at="2020-09-30T15:27:18Z">
          <reporter-output>
          </reporter-output>
        </test-method> <!-- login -->
        <test-method status="PASS" signature="brbEntrar()[pri:0, instance:com.timp.test.BRB.ComentarioLibre@f2f2cc1]" name="brbEntrar" duration-ms="22714" started-at="2020-09-30T15:27:18Z" finished-at="2020-09-30T15:27:41Z">
          <reporter-output>
          </reporter-output>
        </test-method> <!-- brbEntrar -->
        <test-method status="PASS" signature="comentarioLibre()[pri:0, instance:com.timp.test.BRB.ComentarioLibre@f2f2cc1]" name="comentarioLibre" duration-ms="115954" started-at="2020-09-30T15:27:41Z" finished-at="2020-09-30T15:29:37Z">
          <reporter-output>
          </reporter-output>
        </test-method> <!-- comentarioLibre -->
        <test-method status="PASS" signature="afterClass()[pri:0, instance:com.timp.test.BRB.ComentarioLibre@f2f2cc1]" name="afterClass" is-config="true" duration-ms="4149" started-at="2020-09-30T15:29:37Z" finished-at="2020-09-30T15:29:41Z">
          <reporter-output>
          </reporter-output>
        </test-method> <!-- afterClass -->
      </class> <!-- com.timp.test.BRB.ComentarioLibre -->
    </test> <!-- Default test -->
  </suite> <!-- Default suite -->
</testng-results>
