<?xml version="1.0" encoding="UTF-8"?>
<testng-results ignored="0" total="3" passed="3" failed="0" skipped="0">
  <reporter-output>
  </reporter-output>
  <suite started-at="2021-03-15T22:31:35Z" name="Default suite" finished-at="2021-03-15T22:33:11Z" duration-ms="95894">
    <groups>
    </groups>
    <test started-at="2021-03-15T22:31:35Z" name="Default test" finished-at="2021-03-15T22:33:11Z" duration-ms="95894">
      <class name="com.timp.test.TDK.Dashboard.MeusDashboards.MeusFavoritos.DashboardMeusFavoritosFiltroPorID">
        <test-method is-config="true" signature="beforeClass()[pri:0, instance:com.timp.test.TDK.Dashboard.MeusDashboards.MeusFavoritos.DashboardMeusFavoritosFiltroPorID@20f5281c]" started-at="2021-03-15T22:31:35Z" name="beforeClass" finished-at="2021-03-15T22:31:50Z" duration-ms="15320" status="PASS">
          <reporter-output>
          </reporter-output>
        </test-method> <!-- beforeClass -->
        <test-method signature="login()[pri:0, instance:com.timp.test.TDK.Dashboard.MeusDashboards.MeusFavoritos.DashboardMeusFavoritosFiltroPorID@20f5281c]" started-at="2021-03-15T22:31:50Z" name="login" finished-at="2021-03-15T22:32:00Z" duration-ms="9530" status="PASS">
          <reporter-output>
          </reporter-output>
        </test-method> <!-- login -->
        <test-method signature="acessarTDK()[pri:1, instance:com.timp.test.TDK.Dashboard.MeusDashboards.MeusFavoritos.DashboardMeusFavoritosFiltroPorID@20f5281c]" started-at="2021-03-15T22:32:00Z" name="acessarTDK" finished-at="2021-03-15T22:32:21Z" duration-ms="21792" status="PASS">
          <reporter-output>
          </reporter-output>
        </test-method> <!-- acessarTDK -->
        <test-method signature="filtro()[pri:2, instance:com.timp.test.TDK.Dashboard.MeusDashboards.MeusFavoritos.DashboardMeusFavoritosFiltroPorID@20f5281c]" started-at="2021-03-15T22:32:21Z" name="filtro" finished-at="2021-03-15T22:33:11Z" duration-ms="49218" status="PASS">
          <reporter-output>
          </reporter-output>
        </test-method> <!-- filtro -->
        <test-method is-config="true" signature="afterClass()[pri:0, instance:com.timp.test.TDK.Dashboard.MeusDashboards.MeusFavoritos.DashboardMeusFavoritosFiltroPorID@20f5281c]" started-at="2021-03-15T22:33:11Z" name="afterClass" finished-at="2021-03-15T22:33:11Z" duration-ms="1" status="PASS">
          <reporter-output>
          </reporter-output>
        </test-method> <!-- afterClass -->
      </class> <!-- com.timp.test.TDK.Dashboard.MeusDashboards.MeusFavoritos.DashboardMeusFavoritosFiltroPorID -->
    </test> <!-- Default test -->
  </suite> <!-- Default suite -->
</testng-results>
