<?xml version="1.0" encoding="UTF-8"?>
<testng-results skipped="0" failed="0" ignored="0" total="1" passed="1">
  <reporter-output>
  </reporter-output>
  <suite name="Default suite" duration-ms="92736" started-at="2021-03-16T03:31:12Z" finished-at="2021-03-16T03:32:45Z">
    <groups>
    </groups>
    <test name="Default test" duration-ms="92736" started-at="2021-03-16T03:31:12Z" finished-at="2021-03-16T03:32:45Z">
      <class name="com.timp.test.MDR.ControleDeCreditoTributario.CodigosDeCredito.CodigosDeCreditoExcluir">
        <test-method status="PASS" signature="beforeClass()[pri:0, instance:com.timp.test.MDR.ControleDeCreditoTributario.CodigosDeCredito.CodigosDeCreditoExcluir@78b729e6]" name="beforeClass" is-config="true" duration-ms="13107" started-at="2021-03-16T03:31:12Z" finished-at="2021-03-16T03:31:25Z">
          <reporter-output>
          </reporter-output>
        </test-method> <!-- beforeClass -->
        <test-method status="PASS" signature="excluir()[pri:0, instance:com.timp.test.MDR.ControleDeCreditoTributario.CodigosDeCredito.CodigosDeCreditoExcluir@78b729e6]" name="excluir" duration-ms="79545" started-at="2021-03-16T03:31:25Z" finished-at="2021-03-16T03:32:45Z">
          <reporter-output>
          </reporter-output>
        </test-method> <!-- excluir -->
        <test-method status="PASS" signature="afterClass()[pri:0, instance:com.timp.test.MDR.ControleDeCreditoTributario.CodigosDeCredito.CodigosDeCreditoExcluir@78b729e6]" name="afterClass" is-config="true" duration-ms="64" started-at="2021-03-16T03:32:45Z" finished-at="2021-03-16T03:32:45Z">
          <reporter-output>
          </reporter-output>
        </test-method> <!-- afterClass -->
      </class> <!-- com.timp.test.MDR.ControleDeCreditoTributario.CodigosDeCredito.CodigosDeCreditoExcluir -->
    </test> <!-- Default test -->
  </suite> <!-- Default suite -->
</testng-results>
