<?xml version="1.0" encoding="UTF-8"?>
<testng-results ignored="0" total="1" passed="1" failed="0" skipped="0">
  <reporter-output>
  </reporter-output>
  <suite started-at="2021-07-05T16:47:32Z" name="Default suite" finished-at="2021-07-05T16:49:02Z" duration-ms="90401">
    <groups>
    </groups>
    <test started-at="2021-07-05T16:47:32Z" name="Default test" finished-at="2021-07-05T16:49:02Z" duration-ms="90401">
      <class name="com.timp.test.BRB.FiltrosAvancados">
        <test-method is-config="true" signature="beforeClass()[pri:0, instance:com.timp.test.BRB.FiltrosAvancados@13b13b5d]" started-at="2021-07-05T16:47:32Z" name="beforeClass" finished-at="2021-07-05T16:48:00Z" duration-ms="28586" status="PASS">
          <reporter-output>
          </reporter-output>
        </test-method> <!-- beforeClass -->
        <test-method signature="filtrosAvanzados()[pri:0, instance:com.timp.test.BRB.FiltrosAvancados@13b13b5d]" started-at="2021-07-05T16:48:00Z" name="filtrosAvanzados" finished-at="2021-07-05T16:49:02Z" duration-ms="61788" status="PASS">
          <reporter-output>
          </reporter-output>
        </test-method> <!-- filtrosAvanzados -->
        <test-method is-config="true" signature="afterClass()[pri:0, instance:com.timp.test.BRB.FiltrosAvancados@13b13b5d]" started-at="2021-07-05T16:49:02Z" name="afterClass" finished-at="2021-07-05T16:49:02Z" duration-ms="0" status="PASS">
          <reporter-output>
          </reporter-output>
        </test-method> <!-- afterClass -->
      </class> <!-- com.timp.test.BRB.FiltrosAvancados -->
    </test> <!-- Default test -->
  </suite> <!-- Default suite -->
</testng-results>
