<?xml version="1.0" encoding="UTF-8"?>
<testng-results skipped="0" failed="0" total="3" passed="3">
  <reporter-output>
  </reporter-output>
  <suite name="Default suite" duration-ms="102046" started-at="2020-09-08T21:32:14Z" finished-at="2020-09-08T21:33:56Z">
    <groups>
    </groups>
    <test name="Default test" duration-ms="102046" started-at="2020-09-08T21:32:14Z" finished-at="2020-09-08T21:33:56Z">
      <class name="com.timp.test.MDR.TabelasComplementaresParaObrigaçoesAcessorias.TabelaServicos.TabelaServicosCriar">
        <test-method status="PASS" signature="beforeClass()[pri:0, instance:com.timp.test.MDR.TabelasComplementaresParaObrigaçoesAcessorias.TabelaServicos.TabelaServicosCriar@3b2cf7ab]" name="beforeClass" is-config="true" duration-ms="17082" started-at="2020-09-08T15:32:14Z" finished-at="2020-09-08T15:32:31Z">
          <reporter-output>
          </reporter-output>
        </test-method> <!-- beforeClass -->
        <test-method status="PASS" signature="login()[pri:0, instance:com.timp.test.MDR.TabelasComplementaresParaObrigaçoesAcessorias.TabelaServicos.TabelaServicosCriar@3b2cf7ab]" name="login" duration-ms="6658" started-at="2020-09-08T15:32:31Z" finished-at="2020-09-08T15:32:37Z">
          <reporter-output>
          </reporter-output>
        </test-method> <!-- login -->
        <test-method status="PASS" signature="acessarMDR()[pri:0, instance:com.timp.test.MDR.TabelasComplementaresParaObrigaçoesAcessorias.TabelaServicos.TabelaServicosCriar@3b2cf7ab]" name="acessarMDR" duration-ms="8712" started-at="2020-09-08T15:32:37Z" finished-at="2020-09-08T15:32:46Z">
          <reporter-output>
          </reporter-output>
        </test-method> <!-- acessarMDR -->
        <test-method status="PASS" signature="criar()[pri:0, instance:com.timp.test.MDR.TabelasComplementaresParaObrigaçoesAcessorias.TabelaServicos.TabelaServicosCriar@3b2cf7ab]" name="criar" duration-ms="69577" started-at="2020-09-08T15:32:46Z" finished-at="2020-09-08T15:33:56Z">
          <reporter-output>
          </reporter-output>
        </test-method> <!-- criar -->
      </class> <!-- com.timp.test.MDR.TabelasComplementaresParaObrigaçoesAcessorias.TabelaServicos.TabelaServicosCriar -->
    </test> <!-- Default test -->
  </suite> <!-- Default suite -->
</testng-results>
