<?xml version="1.0" encoding="UTF-8"?>
<testng-results skipped="0" failed="0" total="3" passed="3">
  <reporter-output>
  </reporter-output>
  <suite name="Default suite" duration-ms="95614" started-at="2021-01-25T21:56:10Z" finished-at="2021-01-25T21:57:45Z">
    <groups>
    </groups>
    <test name="Default test" duration-ms="95614" started-at="2021-01-25T21:56:10Z" finished-at="2021-01-25T21:57:45Z">
      <class name="com.timp.test.MDR.Antecipacao.AntecipacaoEliminar">
        <test-method status="PASS" signature="beforeClass()[pri:0, instance:com.timp.test.MDR.Antecipacao.AntecipacaoEliminar@f2f2cc1]" name="beforeClass" is-config="true" duration-ms="12458" started-at="2021-01-25T15:56:10Z" finished-at="2021-01-25T15:56:22Z">
          <reporter-output>
          </reporter-output>
        </test-method> <!-- beforeClass -->
        <test-method status="PASS" signature="login()[pri:0, instance:com.timp.test.MDR.Antecipacao.AntecipacaoEliminar@f2f2cc1]" name="login" duration-ms="6865" started-at="2021-01-25T15:56:22Z" finished-at="2021-01-25T15:56:29Z">
          <reporter-output>
          </reporter-output>
        </test-method> <!-- login -->
        <test-method status="PASS" signature="acessarMDR()[pri:0, instance:com.timp.test.MDR.Antecipacao.AntecipacaoEliminar@f2f2cc1]" name="acessarMDR" duration-ms="23409" started-at="2021-01-25T15:56:29Z" finished-at="2021-01-25T15:56:53Z">
          <reporter-output>
          </reporter-output>
        </test-method> <!-- acessarMDR -->
        <test-method status="PASS" signature="excluir()[pri:0, instance:com.timp.test.MDR.Antecipacao.AntecipacaoEliminar@f2f2cc1]" name="excluir" duration-ms="48453" started-at="2021-01-25T15:56:53Z" finished-at="2021-01-25T15:57:41Z">
          <reporter-output>
          </reporter-output>
        </test-method> <!-- excluir -->
        <test-method status="PASS" signature="afterClass()[pri:0, instance:com.timp.test.MDR.Antecipacao.AntecipacaoEliminar@f2f2cc1]" name="afterClass" is-config="true" duration-ms="4413" started-at="2021-01-25T15:57:41Z" finished-at="2021-01-25T15:57:45Z">
          <reporter-output>
          </reporter-output>
        </test-method> <!-- afterClass -->
      </class> <!-- com.timp.test.MDR.Antecipacao.AntecipacaoEliminar -->
    </test> <!-- Default test -->
  </suite> <!-- Default suite -->
</testng-results>
