<?xml version="1.0" encoding="UTF-8"?>
<testng-results total="3" passed="3" failed="0" skipped="0">
  <reporter-output>
  </reporter-output>
  <suite started-at="2021-02-01T15:06:09Z" name="Default suite" finished-at="2021-02-01T15:07:24Z" duration-ms="74956">
    <groups>
    </groups>
    <test started-at="2021-02-01T15:06:09Z" name="Default test" finished-at="2021-02-01T15:07:24Z" duration-ms="74956">
      <class name="com.timp.test.TCC.GestaoDeCreditoTributarioPISCONFINS.GestaoDeCreditoTributarioCOFINS.ConfiguracaoEExecucao.Registro1700.Registro1700Criar">
        <test-method is-config="true" signature="beforeClass()[pri:0, instance:com.timp.test.TCC.GestaoDeCreditoTributarioPISCONFINS.GestaoDeCreditoTributarioCOFINS.ConfiguracaoEExecucao.Registro1700.Registro1700Criar@76b1e9b8]" started-at="2021-02-01T09:06:09Z" name="beforeClass" finished-at="2021-02-01T09:06:30Z" duration-ms="21550" status="PASS">
          <reporter-output>
          </reporter-output>
        </test-method> <!-- beforeClass -->
        <test-method signature="login()[pri:0, instance:com.timp.test.TCC.GestaoDeCreditoTributarioPISCONFINS.GestaoDeCreditoTributarioCOFINS.ConfiguracaoEExecucao.Registro1700.Registro1700Criar@76b1e9b8]" started-at="2021-02-01T09:06:30Z" name="login" finished-at="2021-02-01T09:06:40Z" duration-ms="9535" status="PASS">
          <reporter-output>
          </reporter-output>
        </test-method> <!-- login -->
        <test-method signature="acessarTCC()[pri:0, instance:com.timp.test.TCC.GestaoDeCreditoTributarioPISCONFINS.GestaoDeCreditoTributarioCOFINS.ConfiguracaoEExecucao.Registro1700.Registro1700Criar@76b1e9b8]" started-at="2021-02-01T09:06:40Z" name="acessarTCC" finished-at="2021-02-01T09:07:04Z" duration-ms="24075" status="PASS">
          <reporter-output>
          </reporter-output>
        </test-method> <!-- acessarTCC -->
        <test-method signature="criar()[pri:0, instance:com.timp.test.TCC.GestaoDeCreditoTributarioPISCONFINS.GestaoDeCreditoTributarioCOFINS.ConfiguracaoEExecucao.Registro1700.Registro1700Criar@76b1e9b8]" started-at="2021-02-01T09:07:04Z" name="criar" finished-at="2021-02-01T09:07:24Z" duration-ms="19776" status="PASS">
          <reporter-output>
          </reporter-output>
        </test-method> <!-- criar -->
        <test-method is-config="true" signature="afterClass()[pri:0, instance:com.timp.test.TCC.GestaoDeCreditoTributarioPISCONFINS.GestaoDeCreditoTributarioCOFINS.ConfiguracaoEExecucao.Registro1700.Registro1700Criar@76b1e9b8]" started-at="2021-02-01T09:07:24Z" name="afterClass" finished-at="2021-02-01T09:07:24Z" duration-ms="1" status="PASS">
          <reporter-output>
          </reporter-output>
        </test-method> <!-- afterClass -->
      </class> <!-- com.timp.test.TCC.GestaoDeCreditoTributarioPISCONFINS.GestaoDeCreditoTributarioCOFINS.ConfiguracaoEExecucao.Registro1700.Registro1700Criar -->
    </test> <!-- Default test -->
  </suite> <!-- Default suite -->
</testng-results>
