<?xml version="1.0" encoding="UTF-8"?>
<testng-results skipped="0" failed="0" total="3" passed="3">
  <reporter-output>
  </reporter-output>
  <suite name="Default suite" duration-ms="129734" started-at="2021-02-02T22:49:10Z" finished-at="2021-02-02T22:51:20Z">
    <groups>
    </groups>
    <test name="Default test" duration-ms="129734" started-at="2021-02-02T22:49:10Z" finished-at="2021-02-02T22:51:20Z">
      <class name="com.timp.test.MDR.TabelasApoioESocial.Tabela26.MotivosCesBeneficiosExcluir">
        <test-method status="PASS" signature="beforeClass()[pri:0, instance:com.timp.test.MDR.TabelasApoioESocial.Tabela26.MotivosCesBeneficiosExcluir@3a079870]" name="beforeClass" is-config="true" duration-ms="11362" started-at="2021-02-02T16:49:10Z" finished-at="2021-02-02T16:49:22Z">
          <reporter-output>
          </reporter-output>
        </test-method> <!-- beforeClass -->
        <test-method status="PASS" signature="login()[pri:0, instance:com.timp.test.MDR.TabelasApoioESocial.Tabela26.MotivosCesBeneficiosExcluir@3a079870]" name="login" duration-ms="7100" started-at="2021-02-02T16:49:22Z" finished-at="2021-02-02T16:49:29Z">
          <reporter-output>
          </reporter-output>
        </test-method> <!-- login -->
        <test-method status="PASS" signature="acessarMDR()[pri:0, instance:com.timp.test.MDR.TabelasApoioESocial.Tabela26.MotivosCesBeneficiosExcluir@3a079870]" name="acessarMDR" duration-ms="72034" started-at="2021-02-02T16:49:29Z" finished-at="2021-02-02T16:50:41Z">
          <reporter-output>
          </reporter-output>
        </test-method> <!-- acessarMDR -->
        <test-method status="PASS" signature="excluir()[pri:0, instance:com.timp.test.MDR.TabelasApoioESocial.Tabela26.MotivosCesBeneficiosExcluir@3a079870]" name="excluir" duration-ms="39090" started-at="2021-02-02T16:50:41Z" finished-at="2021-02-02T16:51:20Z">
          <reporter-output>
          </reporter-output>
        </test-method> <!-- excluir -->
        <test-method status="PASS" signature="afterClass()[pri:0, instance:com.timp.test.MDR.TabelasApoioESocial.Tabela26.MotivosCesBeneficiosExcluir@3a079870]" name="afterClass" is-config="true" duration-ms="110" started-at="2021-02-02T16:51:20Z" finished-at="2021-02-02T16:51:20Z">
          <reporter-output>
          </reporter-output>
        </test-method> <!-- afterClass -->
      </class> <!-- com.timp.test.MDR.TabelasApoioESocial.Tabela26.MotivosCesBeneficiosExcluir -->
    </test> <!-- Default test -->
  </suite> <!-- Default suite -->
</testng-results>
