<?xml version="1.0" encoding="UTF-8"?>
<testng-results total="3" passed="3" failed="0" skipped="0">
  <reporter-output>
  </reporter-output>
  <suite started-at="2020-10-09T21:18:46Z" name="Default suite" finished-at="2020-10-09T21:20:52Z" duration-ms="126147">
    <groups>
    </groups>
    <test started-at="2020-10-09T21:18:46Z" name="Default test" finished-at="2020-10-09T21:20:52Z" duration-ms="126147">
      <class name="com.timp.test.MDR.DeterminacaoDeRelevanciaDeTarefa.DeterminacaoDeRelevanciaPorRegra.DeterminacaoDeRelevanciaPorRegraExcluir">
        <test-method is-config="true" signature="beforeClass()[pri:0, instance:com.timp.test.MDR.DeterminacaoDeRelevanciaDeTarefa.DeterminacaoDeRelevanciaPorRegra.DeterminacaoDeRelevanciaPorRegraExcluir@26d9b808]" started-at="2020-10-09T18:18:46Z" name="beforeClass" finished-at="2020-10-09T18:18:58Z" duration-ms="12543" status="PASS">
          <reporter-output>
          </reporter-output>
        </test-method> <!-- beforeClass -->
        <test-method signature="login()[pri:0, instance:com.timp.test.MDR.DeterminacaoDeRelevanciaDeTarefa.DeterminacaoDeRelevanciaPorRegra.DeterminacaoDeRelevanciaPorRegraExcluir@26d9b808]" started-at="2020-10-09T18:18:58Z" name="login" finished-at="2020-10-09T18:19:06Z" duration-ms="7890" status="PASS">
          <reporter-output>
          </reporter-output>
        </test-method> <!-- login -->
        <test-method signature="acessarMDR()[pri:0, instance:com.timp.test.MDR.DeterminacaoDeRelevanciaDeTarefa.DeterminacaoDeRelevanciaPorRegra.DeterminacaoDeRelevanciaPorRegraExcluir@26d9b808]" started-at="2020-10-09T18:19:06Z" name="acessarMDR" finished-at="2020-10-09T18:19:39Z" duration-ms="32773" status="PASS">
          <reporter-output>
          </reporter-output>
        </test-method> <!-- acessarMDR -->
        <test-method signature="excluir()[pri:0, instance:com.timp.test.MDR.DeterminacaoDeRelevanciaDeTarefa.DeterminacaoDeRelevanciaPorRegra.DeterminacaoDeRelevanciaPorRegraExcluir@26d9b808]" started-at="2020-10-09T18:19:39Z" name="excluir" finished-at="2020-10-09T18:20:48Z" duration-ms="68610" status="PASS">
          <reporter-output>
          </reporter-output>
        </test-method> <!-- excluir -->
        <test-method is-config="true" signature="afterClass()[pri:0, instance:com.timp.test.MDR.DeterminacaoDeRelevanciaDeTarefa.DeterminacaoDeRelevanciaPorRegra.DeterminacaoDeRelevanciaPorRegraExcluir@26d9b808]" started-at="2020-10-09T18:20:48Z" name="afterClass" finished-at="2020-10-09T18:20:52Z" duration-ms="4320" status="PASS">
          <reporter-output>
          </reporter-output>
        </test-method> <!-- afterClass -->
      </class> <!-- com.timp.test.MDR.DeterminacaoDeRelevanciaDeTarefa.DeterminacaoDeRelevanciaPorRegra.DeterminacaoDeRelevanciaPorRegraExcluir -->
    </test> <!-- Default test -->
  </suite> <!-- Default suite -->
</testng-results>
