<?xml version="1.0" encoding="UTF-8"?>
<testng-results ignored="0" total="3" passed="3" failed="0" skipped="0">
  <reporter-output>
  </reporter-output>
  <suite started-at="2021-02-23T04:11:14Z" name="Default suite" finished-at="2021-02-23T04:13:52Z" duration-ms="158440">
    <groups>
    </groups>
    <test started-at="2021-02-23T04:11:14Z" name="Default test" finished-at="2021-02-23T04:13:52Z" duration-ms="158440">
      <class name="com.timp.test.TDK.Execucoes.Lixeira.LixeiraExcluirEmMassa">
        <test-method is-config="true" signature="beforeClass()[pri:0, instance:com.timp.test.TDK.Execucoes.Lixeira.LixeiraExcluirEmMassa@38604b81]" started-at="2021-02-23T04:11:14Z" name="beforeClass" finished-at="2021-02-23T04:12:04Z" duration-ms="49937" status="PASS">
          <reporter-output>
          </reporter-output>
        </test-method> <!-- beforeClass -->
        <test-method signature="login()[pri:0, instance:com.timp.test.TDK.Execucoes.Lixeira.LixeiraExcluirEmMassa@38604b81]" started-at="2021-02-23T04:12:04Z" name="login" finished-at="2021-02-23T04:12:18Z" duration-ms="13998" status="PASS">
          <reporter-output>
          </reporter-output>
        </test-method> <!-- login -->
        <test-method signature="acessarTDK()[pri:1, instance:com.timp.test.TDK.Execucoes.Lixeira.LixeiraExcluirEmMassa@38604b81]" started-at="2021-02-23T04:12:18Z" name="acessarTDK" finished-at="2021-02-23T04:13:20Z" duration-ms="62118" status="PASS">
          <reporter-output>
          </reporter-output>
        </test-method> <!-- acessarTDK -->
        <test-method signature="excluirEmMassa()[pri:2, instance:com.timp.test.TDK.Execucoes.Lixeira.LixeiraExcluirEmMassa@38604b81]" started-at="2021-02-23T04:13:20Z" name="excluirEmMassa" finished-at="2021-02-23T04:13:52Z" duration-ms="32366" status="PASS">
          <reporter-output>
          </reporter-output>
        </test-method> <!-- excluirEmMassa -->
        <test-method is-config="true" signature="afterClass()[pri:0, instance:com.timp.test.TDK.Execucoes.Lixeira.LixeiraExcluirEmMassa@38604b81]" started-at="2021-02-23T04:13:52Z" name="afterClass" finished-at="2021-02-23T04:13:52Z" duration-ms="0" status="PASS">
          <reporter-output>
          </reporter-output>
        </test-method> <!-- afterClass -->
      </class> <!-- com.timp.test.TDK.Execucoes.Lixeira.LixeiraExcluirEmMassa -->
    </test> <!-- Default test -->
  </suite> <!-- Default suite -->
</testng-results>
