<?xml version="1.0" encoding="UTF-8"?>
<testng-results ignored="0" total="2" passed="2" failed="0" skipped="0">
  <reporter-output>
  </reporter-output>
  <suite started-at="2024-09-23T15:34:47 UTC" name="Default suite" finished-at="2024-09-23T15:37:58 UTC" duration-ms="191006">
    <groups>
    </groups>
    <test started-at="2024-09-23T15:34:47 UTC" name="Default test" finished-at="2024-09-23T15:37:58 UTC" duration-ms="191006">
      <class name="com.timp.test.MDR.ParametrosContabilizacao.MapeamentoContabil.MapeamentoContabilExcluirEmMassa">
        <test-method is-config="true" signature="beforeClass()[pri:0, instance:com.timp.test.MDR.ParametrosContabilizacao.MapeamentoContabil.MapeamentoContabilExcluirEmMassa@3c7f66c4]" started-at="2024-09-23T15:34:47 UTC" name="beforeClass" finished-at="2024-09-23T15:34:50 UTC" duration-ms="2907" status="PASS">
          <reporter-output>
          </reporter-output>
        </test-method> <!-- beforeClass -->
        <test-method signature="criar()[pri:0, instance:com.timp.test.MDR.ParametrosContabilizacao.MapeamentoContabil.MapeamentoContabilExcluirEmMassa@3c7f66c4]" started-at="2024-09-23T15:34:50 UTC" name="criar" finished-at="2024-09-23T15:37:22 UTC" duration-ms="152180" status="PASS">
          <reporter-output>
          </reporter-output>
        </test-method> <!-- criar -->
        <test-method signature="Excluir()[pri:0, instance:com.timp.test.MDR.ParametrosContabilizacao.MapeamentoContabil.MapeamentoContabilExcluirEmMassa@3c7f66c4]" started-at="2024-09-23T15:37:22 UTC" name="Excluir" finished-at="2024-09-23T15:37:58 UTC" depends-on-methods="com.timp.test.MDR.ParametrosContabilizacao.MapeamentoContabil.MapeamentoContabilExcluirEmMassa.criar" duration-ms="35880" status="PASS">
          <reporter-output>
          </reporter-output>
        </test-method> <!-- Excluir -->
        <test-method is-config="true" signature="afterClass()[pri:0, instance:com.timp.test.MDR.ParametrosContabilizacao.MapeamentoContabil.MapeamentoContabilExcluirEmMassa@3c7f66c4]" started-at="2024-09-23T15:37:58 UTC" name="afterClass" finished-at="2024-09-23T15:37:58 UTC" duration-ms="1" status="PASS">
          <reporter-output>
          </reporter-output>
        </test-method> <!-- afterClass -->
      </class> <!-- com.timp.test.MDR.ParametrosContabilizacao.MapeamentoContabil.MapeamentoContabilExcluirEmMassa -->
    </test> <!-- Default test -->
  </suite> <!-- Default suite -->
</testng-results>
