<?xml version="1.0" encoding="UTF-8"?>
<testng-results total="3" passed="3" failed="0" skipped="0">
  <reporter-output>
  </reporter-output>
  <suite started-at="2021-01-18T21:25:50Z" name="Default suite" finished-at="2021-01-18T21:29:17Z" duration-ms="207420">
    <groups>
    </groups>
    <test started-at="2021-01-18T21:25:50Z" name="Default test" finished-at="2021-01-18T21:29:17Z" duration-ms="207420">
      <class name="com.timp.test.BRE.RegrasDeEscrituração.RegrasDeEscrituraçãoEdiçãoRelacionamento">
        <test-method is-config="true" signature="beforeClass()[pri:0, instance:com.timp.test.BRE.RegrasDeEscrituração.RegrasDeEscrituraçãoEdiçãoRelacionamento@5a5338df]" started-at="2021-01-18T15:25:50Z" name="beforeClass" finished-at="2021-01-18T15:26:03Z" duration-ms="13357" status="PASS">
          <reporter-output>
          </reporter-output>
        </test-method> <!-- beforeClass -->
        <test-method signature="login()[pri:0, instance:com.timp.test.BRE.RegrasDeEscrituração.RegrasDeEscrituraçãoEdiçãoRelacionamento@5a5338df]" started-at="2021-01-18T15:26:03Z" name="login" finished-at="2021-01-18T15:26:10Z" duration-ms="7140" status="PASS">
          <reporter-output>
          </reporter-output>
        </test-method> <!-- login -->
        <test-method signature="acessarBRE()[pri:0, instance:com.timp.test.BRE.RegrasDeEscrituração.RegrasDeEscrituraçãoEdiçãoRelacionamento@5a5338df]" started-at="2021-01-18T15:26:10Z" name="acessarBRE" finished-at="2021-01-18T15:26:25Z" duration-ms="15360" status="PASS">
          <reporter-output>
          </reporter-output>
        </test-method> <!-- acessarBRE -->
        <test-method signature="relacionamento()[pri:0, instance:com.timp.test.BRE.RegrasDeEscrituração.RegrasDeEscrituraçãoEdiçãoRelacionamento@5a5338df]" started-at="2021-01-18T15:26:25Z" name="relacionamento" finished-at="2021-01-18T15:29:17Z" duration-ms="171544" status="PASS">
          <reporter-output>
          </reporter-output>
        </test-method> <!-- relacionamento -->
        <test-method is-config="true" signature="afterClass()[pri:0, instance:com.timp.test.BRE.RegrasDeEscrituração.RegrasDeEscrituraçãoEdiçãoRelacionamento@5a5338df]" started-at="2021-01-18T15:29:17Z" name="afterClass" finished-at="2021-01-18T15:29:17Z" duration-ms="1" status="PASS">
          <reporter-output>
          </reporter-output>
        </test-method> <!-- afterClass -->
      </class> <!-- com.timp.test.BRE.RegrasDeEscrituração.RegrasDeEscrituraçãoEdiçãoRelacionamento -->
    </test> <!-- Default test -->
  </suite> <!-- Default suite -->
</testng-results>
