<?xml version="1.0" encoding="UTF-8"?>
<testng-results skipped="0" failed="0" total="3" passed="3">
  <reporter-output>
  </reporter-output>
  <suite name="Default suite" duration-ms="155317" started-at="2020-09-15T21:45:29Z" finished-at="2020-09-15T21:48:04Z">
    <groups>
    </groups>
    <test name="Default test" duration-ms="155317" started-at="2020-09-15T21:45:29Z" finished-at="2020-09-15T21:48:04Z">
      <class name="com.timp.test.MDR.TabelasComplementaresParaObrigaçoesAcessorias.TabelaDeCodigoEClasseParaQuadro.TabelaDeCodigoEClasseParaQuadroCriar">
        <test-method status="PASS" signature="beforeClass()[pri:0, instance:com.timp.test.MDR.TabelasComplementaresParaObrigaçoesAcessorias.TabelaDeCodigoEClasseParaQuadro.TabelaDeCodigoEClasseParaQuadroCriar@2aa5fe93]" name="beforeClass" is-config="true" duration-ms="15406" started-at="2020-09-15T18:45:29Z" finished-at="2020-09-15T18:45:44Z">
          <reporter-output>
          </reporter-output>
        </test-method> <!-- beforeClass -->
        <test-method status="PASS" signature="login()[pri:0, instance:com.timp.test.MDR.TabelasComplementaresParaObrigaçoesAcessorias.TabelaDeCodigoEClasseParaQuadro.TabelaDeCodigoEClasseParaQuadroCriar@2aa5fe93]" name="login" duration-ms="10761" started-at="2020-09-15T18:45:44Z" finished-at="2020-09-15T18:45:55Z">
          <reporter-output>
          </reporter-output>
        </test-method> <!-- login -->
        <test-method status="PASS" signature="acessarMDR()[pri:0, instance:com.timp.test.MDR.TabelasComplementaresParaObrigaçoesAcessorias.TabelaDeCodigoEClasseParaQuadro.TabelaDeCodigoEClasseParaQuadroCriar@2aa5fe93]" name="acessarMDR" duration-ms="34503" started-at="2020-09-15T18:45:55Z" finished-at="2020-09-15T18:46:29Z">
          <reporter-output>
          </reporter-output>
        </test-method> <!-- acessarMDR -->
        <test-method status="PASS" signature="criar()[pri:0, instance:com.timp.test.MDR.TabelasComplementaresParaObrigaçoesAcessorias.TabelaDeCodigoEClasseParaQuadro.TabelaDeCodigoEClasseParaQuadroCriar@2aa5fe93]" name="criar" duration-ms="94602" started-at="2020-09-15T18:46:29Z" finished-at="2020-09-15T18:48:04Z">
          <reporter-output>
          </reporter-output>
        </test-method> <!-- criar -->
      </class> <!-- com.timp.test.MDR.TabelasComplementaresParaObrigaçoesAcessorias.TabelaDeCodigoEClasseParaQuadro.TabelaDeCodigoEClasseParaQuadroCriar -->
    </test> <!-- Default test -->
  </suite> <!-- Default suite -->
</testng-results>
