<?xml version="1.0" encoding="UTF-8"?>
<testng-results skipped="0" failed="0" total="2" passed="2">
  <reporter-output>
  </reporter-output>
  <suite name="Default suite" duration-ms="44496" started-at="2020-12-21T12:17:06Z" finished-at="2020-12-21T12:17:50Z">
    <groups>
    </groups>
    <test name="Default test" duration-ms="44496" started-at="2020-12-21T12:17:06Z" finished-at="2020-12-21T12:17:50Z">
      <class name="com.timp.test.CALENDAR.AcessarCalendar">
        <test-method status="PASS" signature="beforeClass()[pri:0, instance:com.timp.test.CALENDAR.AcessarCalendar@f2f2cc1]" name="beforeClass" is-config="true" duration-ms="11144" started-at="2020-12-21T06:17:06Z" finished-at="2020-12-21T06:17:17Z">
          <reporter-output>
          </reporter-output>
        </test-method> <!-- beforeClass -->
        <test-method status="PASS" signature="login()[pri:0, instance:com.timp.test.CALENDAR.AcessarCalendar@f2f2cc1]" name="login" duration-ms="6391" started-at="2020-12-21T06:17:17Z" finished-at="2020-12-21T06:17:23Z">
          <reporter-output>
          </reporter-output>
        </test-method> <!-- login -->
        <test-method status="PASS" signature="CalendarEntrar()[pri:0, instance:com.timp.test.CALENDAR.AcessarCalendar@f2f2cc1]" name="CalendarEntrar" duration-ms="26861" started-at="2020-12-21T06:17:23Z" finished-at="2020-12-21T06:17:50Z">
          <reporter-output>
          </reporter-output>
        </test-method> <!-- CalendarEntrar -->
        <test-method status="PASS" signature="afterClass()[pri:0, instance:com.timp.test.CALENDAR.AcessarCalendar@f2f2cc1]" name="afterClass" is-config="true" duration-ms="85" started-at="2020-12-21T06:17:50Z" finished-at="2020-12-21T06:17:50Z">
          <reporter-output>
          </reporter-output>
        </test-method> <!-- afterClass -->
      </class> <!-- com.timp.test.CALENDAR.AcessarCalendar -->
    </test> <!-- Default test -->
  </suite> <!-- Default suite -->
</testng-results>
