<?xml version="1.0" encoding="UTF-8"?>
<testng-results ignored="0" total="1" passed="1" failed="0" skipped="0">
  <reporter-output>
  </reporter-output>
  <suite started-at="2021-03-30T02:20:18Z" name="Default suite" finished-at="2021-03-30T02:21:58Z" duration-ms="99863">
    <groups>
    </groups>
    <test started-at="2021-03-30T02:20:18Z" name="Default test" finished-at="2021-03-30T02:21:58Z" duration-ms="99863">
      <class name="com.timp.test.MDR.CEP.Municipio.MunicipioEditar">
        <test-method is-config="true" signature="beforeClass()[pri:0, instance:com.timp.test.MDR.CEP.Municipio.MunicipioEditar@20f5281c]" started-at="2021-03-30T02:20:18Z" name="beforeClass" finished-at="2021-03-30T02:20:33Z" duration-ms="15185" status="PASS">
          <reporter-output>
          </reporter-output>
        </test-method> <!-- beforeClass -->
        <test-method signature="editar()[pri:0, instance:com.timp.test.MDR.CEP.Municipio.MunicipioEditar@20f5281c]" started-at="2021-03-30T02:20:33Z" name="editar" finished-at="2021-03-30T02:21:58Z" duration-ms="84608" status="PASS">
          <reporter-output>
          </reporter-output>
        </test-method> <!-- editar -->
        <test-method is-config="true" signature="afterClass()[pri:0, instance:com.timp.test.MDR.CEP.Municipio.MunicipioEditar@20f5281c]" started-at="2021-03-30T02:21:58Z" name="afterClass" finished-at="2021-03-30T02:21:58Z" duration-ms="0" status="PASS">
          <reporter-output>
          </reporter-output>
        </test-method> <!-- afterClass -->
      </class> <!-- com.timp.test.MDR.CEP.Municipio.MunicipioEditar -->
    </test> <!-- Default test -->
  </suite> <!-- Default suite -->
</testng-results>
