<?xml version="1.0" encoding="UTF-8"?>
<testng-results skipped="0" failed="0" total="3" passed="3">
  <reporter-output>
  </reporter-output>
  <suite name="Default suite" duration-ms="109962" started-at="2020-08-25T13:03:59Z" finished-at="2020-08-25T13:05:49Z">
    <groups>
    </groups>
    <test name="Default test" duration-ms="109962" started-at="2020-08-25T13:03:59Z" finished-at="2020-08-25T13:05:49Z">
      <class name="com.timp.test.MDR.MapeamentoDeRelevanciaParaPisCofins.MapeamentoDeRelevanciaParaPisCofinsVisualizar">
        <test-method status="PASS" signature="beforeClass()[pri:0, instance:com.timp.test.MDR.MapeamentoDeRelevanciaParaPisCofins.MapeamentoDeRelevanciaParaPisCofinsVisualizar@8e0379d]" name="beforeClass" is-config="true" duration-ms="20009" started-at="2020-08-25T10:03:59Z" finished-at="2020-08-25T10:04:19Z">
          <reporter-output>
          </reporter-output>
        </test-method> <!-- beforeClass -->
        <test-method status="PASS" signature="login()[pri:0, instance:com.timp.test.MDR.MapeamentoDeRelevanciaParaPisCofins.MapeamentoDeRelevanciaParaPisCofinsVisualizar@8e0379d]" name="login" duration-ms="10423" started-at="2020-08-25T10:04:19Z" finished-at="2020-08-25T10:04:29Z">
          <reporter-output>
          </reporter-output>
        </test-method> <!-- login -->
        <test-method status="PASS" signature="acessarMDR()[pri:0, instance:com.timp.test.MDR.MapeamentoDeRelevanciaParaPisCofins.MapeamentoDeRelevanciaParaPisCofinsVisualizar@8e0379d]" name="acessarMDR" duration-ms="11871" started-at="2020-08-25T10:04:29Z" finished-at="2020-08-25T10:04:41Z">
          <reporter-output>
          </reporter-output>
        </test-method> <!-- acessarMDR -->
        <test-method status="PASS" signature="Visualizar()[pri:0, instance:com.timp.test.MDR.MapeamentoDeRelevanciaParaPisCofins.MapeamentoDeRelevanciaParaPisCofinsVisualizar@8e0379d]" name="Visualizar" duration-ms="67630" started-at="2020-08-25T10:04:41Z" finished-at="2020-08-25T10:05:49Z">
          <reporter-output>
          </reporter-output>
        </test-method> <!-- Visualizar -->
      </class> <!-- com.timp.test.MDR.MapeamentoDeRelevanciaParaPisCofins.MapeamentoDeRelevanciaParaPisCofinsVisualizar -->
    </test> <!-- Default test -->
  </suite> <!-- Default suite -->
</testng-results>
