<?xml version="1.0" encoding="UTF-8"?>
<testng-results ignored="0" total="1" passed="1" failed="0" skipped="0">
  <reporter-output>
  </reporter-output>
  <suite started-at="2022-01-17T20:28:42Z" name="Default suite" finished-at="2022-01-17T20:31:14Z" duration-ms="152193">
    <groups>
    </groups>
    <test started-at="2022-01-17T20:28:42Z" name="Default test" finished-at="2022-01-17T20:31:14Z" duration-ms="152193">
      <class name="com.timp.test.ATR.Estruturas.MapeamentoDeEstruturas.MapeamentoDeEstruturasExcluir">
        <test-method is-config="true" signature="beforeClass()[pri:0, instance:com.timp.test.ATR.Estruturas.MapeamentoDeEstruturas.MapeamentoDeEstruturasExcluir@5b367418]" started-at="2022-01-17T20:28:42Z" name="beforeClass" finished-at="2022-01-17T20:29:42Z" duration-ms="59829" status="PASS">
          <reporter-output>
          </reporter-output>
        </test-method> <!-- beforeClass -->
        <test-method signature="excluir()[pri:0, instance:com.timp.test.ATR.Estruturas.MapeamentoDeEstruturas.MapeamentoDeEstruturasExcluir@5b367418]" started-at="2022-01-17T20:29:42Z" name="excluir" finished-at="2022-01-17T20:31:10Z" duration-ms="88099" status="PASS">
          <reporter-output>
          </reporter-output>
        </test-method> <!-- excluir -->
        <test-method is-config="true" signature="afterClass()[pri:0, instance:com.timp.test.ATR.Estruturas.MapeamentoDeEstruturas.MapeamentoDeEstruturasExcluir@5b367418]" started-at="2022-01-17T20:31:10Z" name="afterClass" finished-at="2022-01-17T20:31:14Z" duration-ms="4238" status="PASS">
          <reporter-output>
          </reporter-output>
        </test-method> <!-- afterClass -->
      </class> <!-- com.timp.test.ATR.Estruturas.MapeamentoDeEstruturas.MapeamentoDeEstruturasExcluir -->
    </test> <!-- Default test -->
  </suite> <!-- Default suite -->
</testng-results>
