<?xml version="1.0" encoding="UTF-8"?>
<testng-results total="11" passed="11" failed="0" skipped="0">
  <reporter-output>
  </reporter-output>
  <suite started-at="2021-02-10T23:49:01Z" name="Default suite" finished-at="2021-02-11T00:03:12Z" duration-ms="851488">
    <groups>
    </groups>
    <test started-at="2021-02-10T23:49:01Z" name="Default test" finished-at="2021-02-11T00:03:12Z" duration-ms="851488">
      <class name="com.timp.test.BCB.ExecucoesSalvasHierarquiaConfiguracaoTodasAsFuncionalidades">
        <test-method is-config="true" signature="beforeClass()[pri:0, instance:com.timp.test.BCB.ExecucoesSalvasHierarquiaConfiguracaoTodasAsFuncionalidades@5a9f4771]" started-at="2021-02-10T17:49:01Z" name="beforeClass" finished-at="2021-02-10T17:49:14Z" duration-ms="13025" status="PASS">
          <reporter-output>
          </reporter-output>
        </test-method> <!-- beforeClass -->
        <test-method signature="login()[pri:0, instance:com.timp.test.BCB.ExecucoesSalvasHierarquiaConfiguracaoTodasAsFuncionalidades@5a9f4771]" started-at="2021-02-10T17:49:14Z" name="login" finished-at="2021-02-10T17:49:21Z" duration-ms="7524" status="PASS">
          <reporter-output>
          </reporter-output>
        </test-method> <!-- login -->
        <test-method signature="brbEntrar()[pri:0, instance:com.timp.test.BCB.ExecucoesSalvasHierarquiaConfiguracaoTodasAsFuncionalidades@5a9f4771]" started-at="2021-02-10T17:49:21Z" name="brbEntrar" finished-at="2021-02-10T17:49:35Z" duration-ms="14126" status="PASS">
          <reporter-output>
          </reporter-output>
        </test-method> <!-- brbEntrar -->
        <test-method signature="criarConfiguracaoExecucoes()[pri:0, instance:com.timp.test.BCB.ExecucoesSalvasHierarquiaConfiguracaoTodasAsFuncionalidades@5a9f4771]" started-at="2021-02-10T17:49:35Z" name="criarConfiguracaoExecucoes" finished-at="2021-02-10T17:50:48Z" duration-ms="72863" status="PASS">
          <reporter-output>
          </reporter-output>
        </test-method> <!-- criarConfiguracaoExecucoes -->
        <test-method signature="criarConfiguracao()[pri:0, instance:com.timp.test.BCB.ExecucoesSalvasHierarquiaConfiguracaoTodasAsFuncionalidades@5a9f4771]" started-at="2021-02-10T17:50:48Z" name="criarConfiguracao" finished-at="2021-02-10T17:53:25Z" duration-ms="157066" status="PASS">
          <reporter-output>
          </reporter-output>
        </test-method> <!-- criarConfiguracao -->
        <test-method signature="configurarConfiguracao()[pri:0, instance:com.timp.test.BCB.ExecucoesSalvasHierarquiaConfiguracaoTodasAsFuncionalidades@5a9f4771]" started-at="2021-02-10T17:53:25Z" name="configurarConfiguracao" finished-at="2021-02-10T17:55:44Z" duration-ms="139031" status="PASS">
          <reporter-output>
          </reporter-output>
        </test-method> <!-- configurarConfiguracao -->
        <test-method signature="executar()[pri:0, instance:com.timp.test.BCB.ExecucoesSalvasHierarquiaConfiguracaoTodasAsFuncionalidades@5a9f4771]" started-at="2021-02-10T17:55:44Z" name="executar" finished-at="2021-02-10T17:57:16Z" duration-ms="91436" status="PASS">
          <reporter-output>
          </reporter-output>
        </test-method> <!-- executar -->
        <test-method signature="resto()[pri:0, instance:com.timp.test.BCB.ExecucoesSalvasHierarquiaConfiguracaoTodasAsFuncionalidades@5a9f4771]" started-at="2021-02-10T17:57:16Z" name="resto" finished-at="2021-02-10T17:58:40Z" duration-ms="84237" status="PASS">
          <reporter-output>
          </reporter-output>
        </test-method> <!-- resto -->
        <test-method signature="editar()[pri:0, instance:com.timp.test.BCB.ExecucoesSalvasHierarquiaConfiguracaoTodasAsFuncionalidades@5a9f4771]" started-at="2021-02-10T17:58:40Z" name="editar" finished-at="2021-02-10T17:59:51Z" duration-ms="70859" status="PASS">
          <reporter-output>
          </reporter-output>
        </test-method> <!-- editar -->
        <test-method signature="excluirExecucoes()[pri:0, instance:com.timp.test.BCB.ExecucoesSalvasHierarquiaConfiguracaoTodasAsFuncionalidades@5a9f4771]" started-at="2021-02-10T17:59:51Z" name="excluirExecucoes" finished-at="2021-02-10T18:00:51Z" duration-ms="60043" status="PASS">
          <reporter-output>
          </reporter-output>
        </test-method> <!-- excluirExecucoes -->
        <test-method signature="excluirConfiguracoes()[pri:0, instance:com.timp.test.BCB.ExecucoesSalvasHierarquiaConfiguracaoTodasAsFuncionalidades@5a9f4771]" started-at="2021-02-10T18:00:51Z" name="excluirConfiguracoes" finished-at="2021-02-10T18:02:13Z" duration-ms="81976" status="PASS">
          <reporter-output>
          </reporter-output>
        </test-method> <!-- excluirConfiguracoes -->
        <test-method signature="excluirHierarquia()[pri:0, instance:com.timp.test.BCB.ExecucoesSalvasHierarquiaConfiguracaoTodasAsFuncionalidades@5a9f4771]" started-at="2021-02-10T18:02:13Z" name="excluirHierarquia" finished-at="2021-02-10T18:03:12Z" duration-ms="59269" status="PASS">
          <reporter-output>
          </reporter-output>
        </test-method> <!-- excluirHierarquia -->
        <test-method is-config="true" signature="afterClass()[pri:0, instance:com.timp.test.BCB.ExecucoesSalvasHierarquiaConfiguracaoTodasAsFuncionalidades@5a9f4771]" started-at="2021-02-10T18:03:12Z" name="afterClass" finished-at="2021-02-10T18:03:12Z" duration-ms="1" status="PASS">
          <reporter-output>
          </reporter-output>
        </test-method> <!-- afterClass -->
      </class> <!-- com.timp.test.BCB.ExecucoesSalvasHierarquiaConfiguracaoTodasAsFuncionalidades -->
    </test> <!-- Default test -->
  </suite> <!-- Default suite -->
</testng-results>
