<?xml version="1.0" encoding="UTF-8"?>
<testng-results total="3" passed="3" failed="0" skipped="0">
  <reporter-output>
  </reporter-output>
  <suite started-at="2020-10-13T20:13:23Z" name="Default suite" finished-at="2020-10-13T20:15:32Z" duration-ms="129313">
    <groups>
    </groups>
    <test started-at="2020-10-13T20:13:23Z" name="Default test" finished-at="2020-10-13T20:15:32Z" duration-ms="129313">
      <class name="com.timp.test.MDR.PrecoDeTransferencia.ValoresParaMetodo.ValoresParaMetodoCAP.ValoresParaMetodoCAPExcluir">
        <test-method is-config="true" signature="beforeClass()[pri:0, instance:com.timp.test.MDR.PrecoDeTransferencia.ValoresParaMetodo.ValoresParaMetodoCAP.ValoresParaMetodoCAPExcluir@26d9b808]" started-at="2020-10-13T17:13:23Z" name="beforeClass" finished-at="2020-10-13T17:13:36Z" duration-ms="13575" status="PASS">
          <reporter-output>
          </reporter-output>
        </test-method> <!-- beforeClass -->
        <test-method signature="login()[pri:0, instance:com.timp.test.MDR.PrecoDeTransferencia.ValoresParaMetodo.ValoresParaMetodoCAP.ValoresParaMetodoCAPExcluir@26d9b808]" started-at="2020-10-13T17:13:36Z" name="login" finished-at="2020-10-13T17:13:45Z" duration-ms="8043" status="PASS">
          <reporter-output>
          </reporter-output>
        </test-method> <!-- login -->
        <test-method signature="acessarMDR()[pri:0, instance:com.timp.test.MDR.PrecoDeTransferencia.ValoresParaMetodo.ValoresParaMetodoCAP.ValoresParaMetodoCAPExcluir@26d9b808]" started-at="2020-10-13T17:13:45Z" name="acessarMDR" finished-at="2020-10-13T17:14:18Z" duration-ms="33109" status="PASS">
          <reporter-output>
          </reporter-output>
        </test-method> <!-- acessarMDR -->
        <test-method signature="excluir()[pri:0, instance:com.timp.test.MDR.PrecoDeTransferencia.ValoresParaMetodo.ValoresParaMetodoCAP.ValoresParaMetodoCAPExcluir@26d9b808]" started-at="2020-10-13T17:14:18Z" name="excluir" finished-at="2020-10-13T17:15:28Z" duration-ms="70238" status="PASS">
          <reporter-output>
          </reporter-output>
        </test-method> <!-- excluir -->
        <test-method is-config="true" signature="afterClass()[pri:0, instance:com.timp.test.MDR.PrecoDeTransferencia.ValoresParaMetodo.ValoresParaMetodoCAP.ValoresParaMetodoCAPExcluir@26d9b808]" started-at="2020-10-13T17:15:28Z" name="afterClass" finished-at="2020-10-13T17:15:32Z" duration-ms="4324" status="PASS">
          <reporter-output>
          </reporter-output>
        </test-method> <!-- afterClass -->
      </class> <!-- com.timp.test.MDR.PrecoDeTransferencia.ValoresParaMetodo.ValoresParaMetodoCAP.ValoresParaMetodoCAPExcluir -->
    </test> <!-- Default test -->
  </suite> <!-- Default suite -->
</testng-results>
