<?xml version="1.0" encoding="UTF-8"?>
<testng-results total="3" passed="3" failed="0" skipped="0">
  <reporter-output>
  </reporter-output>
  <suite started-at="2020-07-24T08:35:33Z" name="Default suite" finished-at="2020-07-24T08:36:32Z" duration-ms="59066">
    <groups>
    </groups>
    <test started-at="2020-07-24T08:35:33Z" name="Default test" finished-at="2020-07-24T08:36:32Z" duration-ms="59066">
      <class name="com.timp.test.MDR.TributosCriar.TributosCriar">
        <test-method is-config="true" signature="beforeClass()[pri:0, instance:com.timp.test.MDR.TributosCriar.TributosCriar@55634720]" started-at="2020-07-24T02:35:33Z" name="beforeClass" finished-at="2020-07-24T02:35:49Z" duration-ms="15538" status="PASS">
          <reporter-output>
          </reporter-output>
        </test-method> <!-- beforeClass -->
        <test-method signature="login()[pri:0, instance:com.timp.test.MDR.TributosCriar.TributosCriar@55634720]" started-at="2020-07-24T02:35:49Z" name="login" finished-at="2020-07-24T02:35:58Z" duration-ms="9278" status="PASS">
          <reporter-output>
          </reporter-output>
        </test-method> <!-- login -->
        <test-method signature="acessarMDR()[pri:0, instance:com.timp.test.MDR.TributosCriar.TributosCriar@55634720]" started-at="2020-07-24T02:35:58Z" name="acessarMDR" finished-at="2020-07-24T02:36:10Z" duration-ms="11843" status="PASS">
          <reporter-output>
          </reporter-output>
        </test-method> <!-- acessarMDR -->
        <test-method signature="tributoCriar()[pri:0, instance:com.timp.test.MDR.TributosCriar.TributosCriar@55634720]" started-at="2020-07-24T02:36:10Z" name="tributoCriar" finished-at="2020-07-24T02:36:32Z" duration-ms="22352" status="PASS">
          <reporter-output>
          </reporter-output>
        </test-method> <!-- tributoCriar -->
        <test-method is-config="true" signature="afterClass()[pri:0, instance:com.timp.test.MDR.TributosCriar.TributosCriar@55634720]" started-at="2020-07-24T02:36:32Z" name="afterClass" finished-at="2020-07-24T02:36:32Z" duration-ms="0" status="PASS">
          <reporter-output>
          </reporter-output>
        </test-method> <!-- afterClass -->
      </class> <!-- com.timp.test.MDR.TributosCriar.TributosCriar -->
    </test> <!-- Default test -->
  </suite> <!-- Default suite -->
</testng-results>
