<?xml version="1.0" encoding="UTF-8"?>
<testng-results ignored="0" total="1" passed="1" failed="0" skipped="0">
  <reporter-output>
  </reporter-output>
  <suite started-at="2021-09-20T21:32:05Z" name="Default suite" finished-at="2021-09-20T21:37:12Z" duration-ms="306225">
    <groups>
    </groups>
    <test started-at="2021-09-20T21:32:05Z" name="Default test" finished-at="2021-09-20T21:37:12Z" duration-ms="306225">
      <class name="com.timp.test.TCC.BancoDeCréditoTributário.ConfiguraçãodeBancodeCréditoTributário.ConfiguraçãodeBancodeCréditoTributárioCriar">
        <test-method is-config="true" signature="beforeClass()[pri:0, instance:com.timp.test.TCC.BancoDeCréditoTributário.ConfiguraçãodeBancodeCréditoTributário.ConfiguraçãodeBancodeCréditoTributárioCriar@ae3540e]" started-at="2021-09-20T21:32:05Z" name="beforeClass" finished-at="2021-09-20T21:32:20Z" duration-ms="14829" status="PASS">
          <reporter-output>
          </reporter-output>
        </test-method> <!-- beforeClass -->
        <test-method signature="criar()[pri:0, instance:com.timp.test.TCC.BancoDeCréditoTributário.ConfiguraçãodeBancodeCréditoTributário.ConfiguraçãodeBancodeCréditoTributárioCriar@ae3540e]" started-at="2021-09-20T21:32:20Z" name="criar" finished-at="2021-09-20T21:37:12Z" duration-ms="291378" status="PASS">
          <reporter-output>
          </reporter-output>
        </test-method> <!-- criar -->
        <test-method is-config="true" signature="afterClass()[pri:0, instance:com.timp.test.TCC.BancoDeCréditoTributário.ConfiguraçãodeBancodeCréditoTributário.ConfiguraçãodeBancodeCréditoTributárioCriar@ae3540e]" started-at="2021-09-20T21:37:12Z" name="afterClass" finished-at="2021-09-20T21:37:12Z" duration-ms="0" status="PASS">
          <reporter-output>
          </reporter-output>
        </test-method> <!-- afterClass -->
      </class> <!-- com.timp.test.TCC.BancoDeCréditoTributário.ConfiguraçãodeBancodeCréditoTributário.ConfiguraçãodeBancodeCréditoTributárioCriar -->
    </test> <!-- Default test -->
  </suite> <!-- Default suite -->
</testng-results>
