<?xml version="1.0" encoding="UTF-8"?>
<testng-results ignored="0" total="1" passed="1" failed="0" skipped="0">
  <reporter-output>
  </reporter-output>
  <suite started-at="2021-08-04T06:51:16Z" name="Default suite" finished-at="2021-08-04T06:53:10Z" duration-ms="113934">
    <groups>
    </groups>
    <test started-at="2021-08-04T06:51:16Z" name="Default test" finished-at="2021-08-04T06:53:10Z" duration-ms="113934">
      <class name="com.timp.test.MDR.CodigoContabilizacao.CodigoContabilizacaoExcluir">
        <test-method is-config="true" signature="beforeClass()[pri:0, instance:com.timp.test.MDR.CodigoContabilizacao.CodigoContabilizacaoExcluir@13b13b5d]" started-at="2021-08-04T06:51:16Z" name="beforeClass" finished-at="2021-08-04T06:51:30Z" duration-ms="14236" status="PASS">
          <reporter-output>
          </reporter-output>
        </test-method> <!-- beforeClass -->
        <test-method signature="excluir()[pri:0, instance:com.timp.test.MDR.CodigoContabilizacao.CodigoContabilizacaoExcluir@13b13b5d]" started-at="2021-08-04T06:51:31Z" name="excluir" finished-at="2021-08-04T06:53:10Z" duration-ms="99371" status="PASS">
          <reporter-output>
          </reporter-output>
        </test-method> <!-- excluir -->
        <test-method is-config="true" signature="afterClass()[pri:0, instance:com.timp.test.MDR.CodigoContabilizacao.CodigoContabilizacaoExcluir@13b13b5d]" started-at="2021-08-04T06:53:10Z" name="afterClass" finished-at="2021-08-04T06:53:10Z" duration-ms="303" status="PASS">
          <reporter-output>
          </reporter-output>
        </test-method> <!-- afterClass -->
      </class> <!-- com.timp.test.MDR.CodigoContabilizacao.CodigoContabilizacaoExcluir -->
    </test> <!-- Default test -->
  </suite> <!-- Default suite -->
</testng-results>
