<?xml version="1.0" encoding="UTF-8"?>
<testng-results total="3" passed="3" failed="0" skipped="0">
  <reporter-output>
  </reporter-output>
  <suite started-at="2021-01-11T17:08:40Z" name="Default suite" finished-at="2021-01-11T17:10:05Z" duration-ms="84442">
    <groups>
    </groups>
    <test started-at="2021-01-11T17:08:40Z" name="Default test" finished-at="2021-01-11T17:10:05Z" duration-ms="84442">
      <class name="com.timp.test.BRE.Lixeira.ParametrosGerais.LixeiraExcluir">
        <test-method is-config="true" signature="beforeClass()[pri:0, instance:com.timp.test.BRE.Lixeira.ParametrosGerais.LixeiraExcluir@1fb19a0]" started-at="2021-01-11T11:08:40Z" name="beforeClass" finished-at="2021-01-11T11:08:52Z" duration-ms="12068" status="PASS">
          <reporter-output>
          </reporter-output>
        </test-method> <!-- beforeClass -->
        <test-method signature="login()[pri:0, instance:com.timp.test.BRE.Lixeira.ParametrosGerais.LixeiraExcluir@1fb19a0]" started-at="2021-01-11T11:08:52Z" name="login" finished-at="2021-01-11T11:09:00Z" duration-ms="7671" status="PASS">
          <reporter-output>
          </reporter-output>
        </test-method> <!-- login -->
        <test-method signature="acessarBRE()[pri:0, instance:com.timp.test.BRE.Lixeira.ParametrosGerais.LixeiraExcluir@1fb19a0]" started-at="2021-01-11T11:09:00Z" name="acessarBRE" finished-at="2021-01-11T11:09:12Z" duration-ms="12232" status="PASS">
          <reporter-output>
          </reporter-output>
        </test-method> <!-- acessarBRE -->
        <test-method signature="criar()[pri:0, instance:com.timp.test.BRE.Lixeira.ParametrosGerais.LixeiraExcluir@1fb19a0]" started-at="2021-01-11T11:09:12Z" name="criar" finished-at="2021-01-11T11:10:05Z" duration-ms="52453" status="PASS">
          <reporter-output>
          </reporter-output>
        </test-method> <!-- criar -->
        <test-method is-config="true" signature="afterClass()[pri:0, instance:com.timp.test.BRE.Lixeira.ParametrosGerais.LixeiraExcluir@1fb19a0]" started-at="2021-01-11T11:10:05Z" name="afterClass" finished-at="2021-01-11T11:10:05Z" duration-ms="0" status="PASS">
          <reporter-output>
          </reporter-output>
        </test-method> <!-- afterClass -->
      </class> <!-- com.timp.test.BRE.Lixeira.ParametrosGerais.LixeiraExcluir -->
    </test> <!-- Default test -->
  </suite> <!-- Default suite -->
</testng-results>
