<?xml version="1.0" encoding="UTF-8"?>
<testng-results total="3" passed="3" failed="0" skipped="0">
  <reporter-output>
  </reporter-output>
  <suite started-at="2020-11-17T06:28:59Z" name="Default suite" finished-at="2020-11-17T06:30:39Z" duration-ms="100580">
    <groups>
    </groups>
    <test started-at="2020-11-17T06:28:59Z" name="Default test" finished-at="2020-11-17T06:30:39Z" duration-ms="100580">
      <class name="com.timp.test.MDR.CadastroCondiçao.cadastrocondicaoDetalle">
        <test-method is-config="true" signature="beforeClass()[pri:0, instance:com.timp.test.MDR.CadastroCondiçao.cadastrocondicaoDetalle@644baf4a]" started-at="2020-11-17T00:28:59Z" name="beforeClass" finished-at="2020-11-17T00:29:12Z" duration-ms="12873" status="PASS">
          <reporter-output>
          </reporter-output>
        </test-method> <!-- beforeClass -->
        <test-method signature="ingresar()[pri:0, instance:com.timp.test.MDR.CadastroCondiçao.cadastrocondicaoDetalle@644baf4a]" started-at="2020-11-17T00:29:12Z" name="ingresar" finished-at="2020-11-17T00:29:20Z" duration-ms="8305" status="PASS">
          <reporter-output>
          </reporter-output>
        </test-method> <!-- ingresar -->
        <test-method signature="ingresarMDR()[pri:0, instance:com.timp.test.MDR.CadastroCondiçao.cadastrocondicaoDetalle@644baf4a]" started-at="2020-11-17T00:29:20Z" name="ingresarMDR" finished-at="2020-11-17T00:29:57Z" duration-ms="36923" status="PASS">
          <reporter-output>
          </reporter-output>
        </test-method> <!-- ingresarMDR -->
        <test-method signature="detalle()[pri:0, instance:com.timp.test.MDR.CadastroCondiçao.cadastrocondicaoDetalle@644baf4a]" started-at="2020-11-17T00:29:57Z" name="detalle" finished-at="2020-11-17T00:30:39Z" duration-ms="42440" status="PASS">
          <reporter-output>
          </reporter-output>
        </test-method> <!-- detalle -->
        <test-method is-config="true" signature="afterClass()[pri:0, instance:com.timp.test.MDR.CadastroCondiçao.cadastrocondicaoDetalle@644baf4a]" started-at="2020-11-17T00:30:39Z" name="afterClass" finished-at="2020-11-17T00:30:39Z" duration-ms="0" status="PASS">
          <reporter-output>
          </reporter-output>
        </test-method> <!-- afterClass -->
      </class> <!-- com.timp.test.MDR.CadastroCondiçao.cadastrocondicaoDetalle -->
    </test> <!-- Default test -->
  </suite> <!-- Default suite -->
</testng-results>
