<?xml version="1.0" encoding="UTF-8"?>
<testng-results total="3" passed="3" failed="0" skipped="0">
  <reporter-output>
  </reporter-output>
  <suite started-at="2020-10-14T20:32:30Z" name="Default suite" finished-at="2020-10-14T20:34:47Z" duration-ms="136946">
    <groups>
    </groups>
    <test started-at="2020-10-14T20:32:30Z" name="Default test" finished-at="2020-10-14T20:34:47Z" duration-ms="136946">
      <class name="com.timp.test.MDR.PrecoDeTransferencia.ValoresParaMetodo.ValoresParaMetodoCPL.ValoresParaMetodoCPLExcluir">
        <test-method is-config="true" signature="beforeClass()[pri:0, instance:com.timp.test.MDR.PrecoDeTransferencia.ValoresParaMetodo.ValoresParaMetodoCPL.ValoresParaMetodoCPLExcluir@26d9b808]" started-at="2020-10-14T17:32:30Z" name="beforeClass" finished-at="2020-10-14T17:32:46Z" duration-ms="15840" status="PASS">
          <reporter-output>
          </reporter-output>
        </test-method> <!-- beforeClass -->
        <test-method signature="login()[pri:0, instance:com.timp.test.MDR.PrecoDeTransferencia.ValoresParaMetodo.ValoresParaMetodoCPL.ValoresParaMetodoCPLExcluir@26d9b808]" started-at="2020-10-14T17:32:46Z" name="login" finished-at="2020-10-14T17:32:57Z" duration-ms="11014" status="PASS">
          <reporter-output>
          </reporter-output>
        </test-method> <!-- login -->
        <test-method signature="acessarMDR()[pri:0, instance:com.timp.test.MDR.PrecoDeTransferencia.ValoresParaMetodo.ValoresParaMetodoCPL.ValoresParaMetodoCPLExcluir@26d9b808]" started-at="2020-10-14T17:32:57Z" name="acessarMDR" finished-at="2020-10-14T17:33:33Z" duration-ms="36279" status="PASS">
          <reporter-output>
          </reporter-output>
        </test-method> <!-- acessarMDR -->
        <test-method signature="excluir()[pri:0, instance:com.timp.test.MDR.PrecoDeTransferencia.ValoresParaMetodo.ValoresParaMetodoCPL.ValoresParaMetodoCPLExcluir@26d9b808]" started-at="2020-10-14T17:33:33Z" name="excluir" finished-at="2020-10-14T17:34:47Z" duration-ms="73646" status="PASS">
          <reporter-output>
          </reporter-output>
        </test-method> <!-- excluir -->
        <test-method is-config="true" signature="afterClass()[pri:0, instance:com.timp.test.MDR.PrecoDeTransferencia.ValoresParaMetodo.ValoresParaMetodoCPL.ValoresParaMetodoCPLExcluir@26d9b808]" started-at="2020-10-14T17:34:47Z" name="afterClass" finished-at="2020-10-14T17:34:47Z" duration-ms="144" status="PASS">
          <reporter-output>
          </reporter-output>
        </test-method> <!-- afterClass -->
      </class> <!-- com.timp.test.MDR.PrecoDeTransferencia.ValoresParaMetodo.ValoresParaMetodoCPL.ValoresParaMetodoCPLExcluir -->
    </test> <!-- Default test -->
  </suite> <!-- Default suite -->
</testng-results>
