<?xml version="1.0" encoding="UTF-8"?>
<testng-results skipped="0" failed="0" total="3" passed="3">
  <reporter-output>
  </reporter-output>
  <suite name="Default suite" duration-ms="102272" started-at="2020-10-19T16:36:09Z" finished-at="2020-10-19T16:37:51Z">
    <groups>
    </groups>
    <test name="Default test" duration-ms="102272" started-at="2020-10-19T16:36:09Z" finished-at="2020-10-19T16:37:51Z">
      <class name="com.timp.test.MDR.SCANC.RelacionamentoEntreQuadros.RelacionamentoEntreQuadrosExcluir">
        <test-method status="PASS" signature="beforeClass()[pri:0, instance:com.timp.test.MDR.SCANC.RelacionamentoEntreQuadros.RelacionamentoEntreQuadrosExcluir@f2f2cc1]" name="beforeClass" is-config="true" duration-ms="17750" started-at="2020-10-19T10:36:09Z" finished-at="2020-10-19T10:36:26Z">
          <reporter-output>
          </reporter-output>
        </test-method> <!-- beforeClass -->
        <test-method status="PASS" signature="login()[pri:0, instance:com.timp.test.MDR.SCANC.RelacionamentoEntreQuadros.RelacionamentoEntreQuadrosExcluir@f2f2cc1]" name="login" duration-ms="8091" started-at="2020-10-19T10:36:26Z" finished-at="2020-10-19T10:36:34Z">
          <reporter-output>
          </reporter-output>
        </test-method> <!-- login -->
        <test-method status="PASS" signature="acessarMDR()[pri:0, instance:com.timp.test.MDR.SCANC.RelacionamentoEntreQuadros.RelacionamentoEntreQuadrosExcluir@f2f2cc1]" name="acessarMDR" duration-ms="10511" started-at="2020-10-19T10:36:34Z" finished-at="2020-10-19T10:36:45Z">
          <reporter-output>
          </reporter-output>
        </test-method> <!-- acessarMDR -->
        <test-method status="PASS" signature="excluir()[pri:0, instance:com.timp.test.MDR.SCANC.RelacionamentoEntreQuadros.RelacionamentoEntreQuadrosExcluir@f2f2cc1]" name="excluir" duration-ms="65801" started-at="2020-10-19T10:36:45Z" finished-at="2020-10-19T10:37:51Z">
          <reporter-output>
          </reporter-output>
        </test-method> <!-- excluir -->
        <test-method status="PASS" signature="afterClass()[pri:0, instance:com.timp.test.MDR.SCANC.RelacionamentoEntreQuadros.RelacionamentoEntreQuadrosExcluir@f2f2cc1]" name="afterClass" is-config="true" duration-ms="98" started-at="2020-10-19T10:37:51Z" finished-at="2020-10-19T10:37:51Z">
          <reporter-output>
          </reporter-output>
        </test-method> <!-- afterClass -->
      </class> <!-- com.timp.test.MDR.SCANC.RelacionamentoEntreQuadros.RelacionamentoEntreQuadrosExcluir -->
    </test> <!-- Default test -->
  </suite> <!-- Default suite -->
</testng-results>
