<?xml version="1.0" encoding="UTF-8"?>
<testng-results ignored="0" total="3" passed="3" failed="0" skipped="0">
  <reporter-output>
  </reporter-output>
  <suite started-at="2021-03-01T20:43:57Z" name="Default suite" finished-at="2021-03-01T20:46:29Z" duration-ms="152633">
    <groups>
    </groups>
    <test started-at="2021-03-01T20:43:57Z" name="Default test" finished-at="2021-03-01T20:46:29Z" duration-ms="152633">
      <class name="com.timp.test.CALENDAR.Tarefas.TarefasGatewayAutomatico">
        <test-method is-config="true" signature="beforeClass()[pri:0, instance:com.timp.test.CALENDAR.Tarefas.TarefasGatewayAutomatico@6caf0677]" started-at="2021-03-01T20:43:57Z" name="beforeClass" finished-at="2021-03-01T20:44:44Z" duration-ms="47460" status="PASS">
          <reporter-output>
          </reporter-output>
        </test-method> <!-- beforeClass -->
        <test-method signature="login()[pri:0, instance:com.timp.test.CALENDAR.Tarefas.TarefasGatewayAutomatico@6caf0677]" started-at="2021-03-01T20:44:44Z" name="login" finished-at="2021-03-01T20:45:06Z" duration-ms="21573" status="PASS">
          <reporter-output>
          </reporter-output>
        </test-method> <!-- login -->
        <test-method signature="BPMAEntrar()[pri:1, instance:com.timp.test.CALENDAR.Tarefas.TarefasGatewayAutomatico@6caf0677]" started-at="2021-03-01T20:45:06Z" name="BPMAEntrar" finished-at="2021-03-01T20:45:33Z" duration-ms="26992" status="PASS">
          <reporter-output>
          </reporter-output>
        </test-method> <!-- BPMAEntrar -->
        <test-method signature="criar()[pri:2, instance:com.timp.test.CALENDAR.Tarefas.TarefasGatewayAutomatico@6caf0677]" started-at="2021-03-01T20:45:33Z" name="criar" finished-at="2021-03-01T20:46:29Z" duration-ms="56572" status="PASS">
          <reporter-output>
          </reporter-output>
        </test-method> <!-- criar -->
        <test-method is-config="true" signature="afterClass()[pri:0, instance:com.timp.test.CALENDAR.Tarefas.TarefasGatewayAutomatico@6caf0677]" started-at="2021-03-01T20:46:29Z" name="afterClass" finished-at="2021-03-01T20:46:29Z" duration-ms="0" status="PASS">
          <reporter-output>
          </reporter-output>
        </test-method> <!-- afterClass -->
      </class> <!-- com.timp.test.CALENDAR.Tarefas.TarefasGatewayAutomatico -->
    </test> <!-- Default test -->
  </suite> <!-- Default suite -->
</testng-results>
