<?xml version="1.0" encoding="UTF-8"?>
<testng-results total="3" passed="3" failed="0" skipped="0">
  <reporter-output>
  </reporter-output>
  <suite started-at="2021-01-18T14:50:47Z" name="Default suite" finished-at="2021-01-18T14:53:31Z" duration-ms="164615">
    <groups>
    </groups>
    <test started-at="2021-01-18T14:50:47Z" name="Default test" finished-at="2021-01-18T14:53:31Z" duration-ms="164615">
      <class name="com.timp.test.TDK.Kpis.Edicao.KpisCartaoIndicador">
        <test-method is-config="true" signature="beforeClass()[pri:0, instance:com.timp.test.TDK.Kpis.Edicao.KpisCartaoIndicador@1530c739]" started-at="2021-01-18T11:50:47Z" name="beforeClass" finished-at="2021-01-18T11:51:03Z" duration-ms="16513" status="PASS">
          <reporter-output>
          </reporter-output>
        </test-method> <!-- beforeClass -->
        <test-method signature="login()[pri:0, instance:com.timp.test.TDK.Kpis.Edicao.KpisCartaoIndicador@1530c739]" started-at="2021-01-18T11:51:03Z" name="login" finished-at="2021-01-18T11:51:13Z" duration-ms="9869" status="PASS">
          <reporter-output>
          </reporter-output>
        </test-method> <!-- login -->
        <test-method signature="acessarTDK()[pri:0, instance:com.timp.test.TDK.Kpis.Edicao.KpisCartaoIndicador@1530c739]" started-at="2021-01-18T11:51:13Z" name="acessarTDK" finished-at="2021-01-18T11:51:39Z" duration-ms="25538" status="PASS">
          <reporter-output>
          </reporter-output>
        </test-method> <!-- acessarTDK -->
        <test-method signature="criar()[pri:0, instance:com.timp.test.TDK.Kpis.Edicao.KpisCartaoIndicador@1530c739]" started-at="2021-01-18T11:51:39Z" name="criar" finished-at="2021-01-18T11:53:31Z" duration-ms="112677" status="PASS">
          <reporter-output>
          </reporter-output>
        </test-method> <!-- criar -->
        <test-method is-config="true" signature="afterClass()[pri:0, instance:com.timp.test.TDK.Kpis.Edicao.KpisCartaoIndicador@1530c739]" started-at="2021-01-18T11:53:31Z" name="afterClass" finished-at="2021-01-18T11:53:31Z" duration-ms="1" status="PASS">
          <reporter-output>
          </reporter-output>
        </test-method> <!-- afterClass -->
      </class> <!-- com.timp.test.TDK.Kpis.Edicao.KpisCartaoIndicador -->
    </test> <!-- Default test -->
  </suite> <!-- Default suite -->
</testng-results>
