<?xml version="1.0" encoding="UTF-8"?>
<testng-results skipped="0" failed="0" total="3" passed="3">
  <reporter-output>
  </reporter-output>
  <suite name="Default suite" duration-ms="133282" started-at="2020-09-10T21:47:02Z" finished-at="2020-09-10T21:49:15Z">
    <groups>
    </groups>
    <test name="Default test" duration-ms="133282" started-at="2020-09-10T21:47:02Z" finished-at="2020-09-10T21:49:15Z">
      <class name="com.timp.test.MDR.TabelasComplementaresParaObrigaçoesAcessorias.TabelaReceitasCreditoFiscalAntecipado.TabelaReceitasCreditoFiscalAntecipadoEditar">
        <test-method status="PASS" signature="beforeClass()[pri:0, instance:com.timp.test.MDR.TabelasComplementaresParaObrigaçoesAcessorias.TabelaReceitasCreditoFiscalAntecipado.TabelaReceitasCreditoFiscalAntecipadoEditar@3b2cf7ab]" name="beforeClass" is-config="true" duration-ms="10532" started-at="2020-09-10T15:47:02Z" finished-at="2020-09-10T15:47:12Z">
          <reporter-output>
          </reporter-output>
        </test-method> <!-- beforeClass -->
        <test-method status="PASS" signature="login()[pri:0, instance:com.timp.test.MDR.TabelasComplementaresParaObrigaçoesAcessorias.TabelaReceitasCreditoFiscalAntecipado.TabelaReceitasCreditoFiscalAntecipadoEditar@3b2cf7ab]" name="login" duration-ms="6340" started-at="2020-09-10T15:47:12Z" finished-at="2020-09-10T15:47:18Z">
          <reporter-output>
          </reporter-output>
        </test-method> <!-- login -->
        <test-method status="PASS" signature="acessarMDR()[pri:0, instance:com.timp.test.MDR.TabelasComplementaresParaObrigaçoesAcessorias.TabelaReceitasCreditoFiscalAntecipado.TabelaReceitasCreditoFiscalAntecipadoEditar@3b2cf7ab]" name="acessarMDR" duration-ms="22679" started-at="2020-09-10T15:47:18Z" finished-at="2020-09-10T15:47:41Z">
          <reporter-output>
          </reporter-output>
        </test-method> <!-- acessarMDR -->
        <test-method status="PASS" signature="criar()[pri:0, instance:com.timp.test.MDR.TabelasComplementaresParaObrigaçoesAcessorias.TabelaReceitasCreditoFiscalAntecipado.TabelaReceitasCreditoFiscalAntecipadoEditar@3b2cf7ab]" name="criar" duration-ms="93717" started-at="2020-09-10T15:47:41Z" finished-at="2020-09-10T15:49:15Z">
          <reporter-output>
          </reporter-output>
        </test-method> <!-- criar -->
      </class> <!-- com.timp.test.MDR.TabelasComplementaresParaObrigaçoesAcessorias.TabelaReceitasCreditoFiscalAntecipado.TabelaReceitasCreditoFiscalAntecipadoEditar -->
    </test> <!-- Default test -->
  </suite> <!-- Default suite -->
</testng-results>
