<?xml version="1.0" encoding="UTF-8"?>
<testng-results ignored="0" total="1" passed="1" failed="0" skipped="0">
  <reporter-output>
  </reporter-output>
  <suite started-at="2023-06-28T21:56:42 UTC" name="Default suite" finished-at="2023-06-28T21:57:37 UTC" duration-ms="55224">
    <groups>
    </groups>
    <test started-at="2023-06-28T21:56:42 UTC" name="Default test" finished-at="2023-06-28T21:57:37 UTC" duration-ms="55224">
      <class name="com.timp.test.ATR.Estruturas.GrupoDeEstruturas.GrupoDeEstruturasExcluir">
        <test-method is-config="true" signature="beforeClass()[pri:0, instance:com.timp.test.ATR.Estruturas.GrupoDeEstruturas.GrupoDeEstruturasExcluir@1de76cc7]" started-at="2023-06-28T21:56:42 UTC" name="beforeClass" finished-at="2023-06-28T21:56:45 UTC" duration-ms="2855" status="PASS">
          <reporter-output>
          </reporter-output>
        </test-method> <!-- beforeClass -->
        <test-method signature="criar()[pri:0, instance:com.timp.test.ATR.Estruturas.GrupoDeEstruturas.GrupoDeEstruturasExcluir@1de76cc7]" started-at="2023-06-28T21:56:45 UTC" name="criar" finished-at="2023-06-28T21:57:37 UTC" duration-ms="52253" status="PASS">
          <reporter-output>
          </reporter-output>
        </test-method> <!-- criar -->
        <test-method is-config="true" signature="afterClass()[pri:0, instance:com.timp.test.ATR.Estruturas.GrupoDeEstruturas.GrupoDeEstruturasExcluir@1de76cc7]" started-at="2023-06-28T21:57:37 UTC" name="afterClass" finished-at="2023-06-28T21:57:37 UTC" duration-ms="79" status="PASS">
          <reporter-output>
          </reporter-output>
        </test-method> <!-- afterClass -->
      </class> <!-- com.timp.test.ATR.Estruturas.GrupoDeEstruturas.GrupoDeEstruturasExcluir -->
    </test> <!-- Default test -->
  </suite> <!-- Default suite -->
</testng-results>
