<?xml version="1.0" encoding="UTF-8"?>
<testng-results ignored="0" total="1" passed="1" failed="0" skipped="0">
  <reporter-output>
  </reporter-output>
  <suite started-at="2021-03-27T07:16:33Z" name="Default suite" finished-at="2021-03-27T07:18:52Z" duration-ms="139050">
    <groups>
    </groups>
    <test started-at="2021-03-27T07:16:33Z" name="Default test" finished-at="2021-03-27T07:18:52Z" duration-ms="139050">
      <class name="com.timp.test.BRE.RegrasdeAuditoriaN2.ParametrosGerais.RegrasdeAuditoriaN2LixeiraExcluirdefinitivamente">
        <test-method is-config="true" signature="beforeClass()[pri:0, instance:com.timp.test.BRE.RegrasdeAuditoriaN2.ParametrosGerais.RegrasdeAuditoriaN2LixeiraExcluirdefinitivamente@909217e]" started-at="2021-03-27T07:16:33Z" name="beforeClass" finished-at="2021-03-27T07:16:47Z" duration-ms="14209" status="PASS">
          <reporter-output>
          </reporter-output>
        </test-method> <!-- beforeClass -->
        <test-method signature="lexeira()[pri:0, instance:com.timp.test.BRE.RegrasdeAuditoriaN2.ParametrosGerais.RegrasdeAuditoriaN2LixeiraExcluirdefinitivamente@909217e]" started-at="2021-03-27T07:16:47Z" name="lexeira" finished-at="2021-03-27T07:18:52Z" duration-ms="124727" status="PASS">
          <reporter-output>
          </reporter-output>
        </test-method> <!-- lexeira -->
        <test-method is-config="true" signature="afterClass()[pri:0, instance:com.timp.test.BRE.RegrasdeAuditoriaN2.ParametrosGerais.RegrasdeAuditoriaN2LixeiraExcluirdefinitivamente@909217e]" started-at="2021-03-27T07:18:52Z" name="afterClass" finished-at="2021-03-27T07:18:52Z" duration-ms="95" status="PASS">
          <reporter-output>
          </reporter-output>
        </test-method> <!-- afterClass -->
      </class> <!-- com.timp.test.BRE.RegrasdeAuditoriaN2.ParametrosGerais.RegrasdeAuditoriaN2LixeiraExcluirdefinitivamente -->
    </test> <!-- Default test -->
  </suite> <!-- Default suite -->
</testng-results>
