<?xml version="1.0" encoding="UTF-8"?>
<testng-results total="3" passed="3" failed="0" skipped="0">
  <reporter-output>
  </reporter-output>
  <suite started-at="2020-10-30T21:50:22Z" name="Default suite" finished-at="2020-10-30T21:52:35Z" duration-ms="132625">
    <groups>
    </groups>
    <test started-at="2020-10-30T21:50:22Z" name="Default test" finished-at="2020-10-30T21:52:35Z" duration-ms="132625">
      <class name="com.timp.test.MDR.TabelaApoioECD.BalançoConsolidado.BalançoConsolidadoEditar">
        <test-method is-config="true" signature="beforeClass()[pri:0, instance:com.timp.test.MDR.TabelaApoioECD.BalançoConsolidado.BalançoConsolidadoEditar@7cbd9d24]" started-at="2020-10-30T15:50:22Z" name="beforeClass" finished-at="2020-10-30T15:50:35Z" duration-ms="13125" status="PASS">
          <reporter-output>
          </reporter-output>
        </test-method> <!-- beforeClass -->
        <test-method signature="ingresar()[pri:0, instance:com.timp.test.MDR.TabelaApoioECD.BalançoConsolidado.BalançoConsolidadoEditar@7cbd9d24]" started-at="2020-10-30T15:50:35Z" name="ingresar" finished-at="2020-10-30T15:50:43Z" duration-ms="7990" status="PASS">
          <reporter-output>
          </reporter-output>
        </test-method> <!-- ingresar -->
        <test-method signature="ingresarMDR()[pri:0, instance:com.timp.test.MDR.TabelaApoioECD.BalançoConsolidado.BalançoConsolidadoEditar@7cbd9d24]" started-at="2020-10-30T15:50:43Z" name="ingresarMDR" finished-at="2020-10-30T15:50:53Z" duration-ms="9924" status="PASS">
          <reporter-output>
          </reporter-output>
        </test-method> <!-- ingresarMDR -->
        <test-method signature="editar()[pri:0, instance:com.timp.test.MDR.TabelaApoioECD.BalançoConsolidado.BalançoConsolidadoEditar@7cbd9d24]" started-at="2020-10-30T15:50:53Z" name="editar" finished-at="2020-10-30T15:52:35Z" duration-ms="101563" status="PASS">
          <reporter-output>
          </reporter-output>
        </test-method> <!-- editar -->
        <test-method is-config="true" signature="afterClass()[pri:0, instance:com.timp.test.MDR.TabelaApoioECD.BalançoConsolidado.BalançoConsolidadoEditar@7cbd9d24]" started-at="2020-10-30T15:52:35Z" name="afterClass" finished-at="2020-10-30T15:52:35Z" duration-ms="0" status="PASS">
          <reporter-output>
          </reporter-output>
        </test-method> <!-- afterClass -->
      </class> <!-- com.timp.test.MDR.TabelaApoioECD.BalançoConsolidado.BalançoConsolidadoEditar -->
    </test> <!-- Default test -->
  </suite> <!-- Default suite -->
</testng-results>
