<?xml version="1.0" encoding="UTF-8"?>
<testng-results skipped="0" failed="0" total="3" passed="3">
  <reporter-output>
  </reporter-output>
  <suite name="Default suite" duration-ms="75375" started-at="2020-07-30T16:36:38Z" finished-at="2020-07-30T16:37:54Z">
    <groups>
    </groups>
    <test name="Default test" duration-ms="75375" started-at="2020-07-30T16:36:38Z" finished-at="2020-07-30T16:37:54Z">
      <class name="com.timp.test.MDR.Centralizacao.EstornoCreditoExcluir">
        <test-method status="PASS" signature="beforeClass()[pri:0, instance:com.timp.test.MDR.Centralizacao.EstornoCreditoExcluir@8e0379d]" name="beforeClass" is-config="true" duration-ms="16889" started-at="2020-07-30T13:36:38Z" finished-at="2020-07-30T13:36:55Z">
          <reporter-output>
          </reporter-output>
        </test-method> <!-- beforeClass -->
        <test-method status="PASS" signature="login()[pri:0, instance:com.timp.test.MDR.Centralizacao.EstornoCreditoExcluir@8e0379d]" name="login" duration-ms="10515" started-at="2020-07-30T13:36:55Z" finished-at="2020-07-30T13:37:06Z">
          <reporter-output>
          </reporter-output>
        </test-method> <!-- login -->
        <test-method status="PASS" signature="acessarMDR()[pri:0, instance:com.timp.test.MDR.Centralizacao.EstornoCreditoExcluir@8e0379d]" name="acessarMDR" duration-ms="13303" started-at="2020-07-30T13:37:06Z" finished-at="2020-07-30T13:37:19Z">
          <reporter-output>
          </reporter-output>
        </test-method> <!-- acessarMDR -->
        <test-method status="PASS" signature="Excluir()[pri:0, instance:com.timp.test.MDR.Centralizacao.EstornoCreditoExcluir@8e0379d]" name="Excluir" duration-ms="34637" started-at="2020-07-30T13:37:19Z" finished-at="2020-07-30T13:37:54Z">
          <reporter-output>
          </reporter-output>
        </test-method> <!-- Excluir -->
      </class> <!-- com.timp.test.MDR.Centralizacao.EstornoCreditoExcluir -->
    </test> <!-- Default test -->
  </suite> <!-- Default suite -->
</testng-results>
