<?xml version="1.0" encoding="UTF-8"?>
<testng-results ignored="0" total="3" passed="3" failed="0" skipped="0">
  <reporter-output>
  </reporter-output>
  <suite started-at="2021-02-28T01:05:49Z" name="Default suite" finished-at="2021-02-28T01:11:26Z" duration-ms="337112">
    <groups>
    </groups>
    <test started-at="2021-02-28T01:05:49Z" name="Default test" finished-at="2021-02-28T01:11:26Z" duration-ms="337112">
      <class name="com.timp.test.BRE.RegrasdeAuditoriaN1.ParametrosGerais.RegrasdeAuditoriaN1EdiçãoEstruturas">
        <test-method is-config="true" signature="beforeClass()[pri:0, instance:com.timp.test.BRE.RegrasdeAuditoriaN1.ParametrosGerais.RegrasdeAuditoriaN1EdiçãoEstruturas@3c947bc5]" started-at="2021-02-28T01:05:49Z" name="beforeClass" finished-at="2021-02-28T01:06:02Z" duration-ms="12954" status="PASS">
          <reporter-output>
          </reporter-output>
        </test-method> <!-- beforeClass -->
        <test-method signature="login()[pri:0, instance:com.timp.test.BRE.RegrasdeAuditoriaN1.ParametrosGerais.RegrasdeAuditoriaN1EdiçãoEstruturas@3c947bc5]" started-at="2021-02-28T01:06:02Z" name="login" finished-at="2021-02-28T01:06:16Z" duration-ms="14513" status="PASS">
          <reporter-output>
          </reporter-output>
        </test-method> <!-- login -->
        <test-method signature="acessarBRE()[pri:1, instance:com.timp.test.BRE.RegrasdeAuditoriaN1.ParametrosGerais.RegrasdeAuditoriaN1EdiçãoEstruturas@3c947bc5]" started-at="2021-02-28T01:06:16Z" name="acessarBRE" finished-at="2021-02-28T01:06:37Z" duration-ms="20491" status="PASS">
          <reporter-output>
          </reporter-output>
        </test-method> <!-- acessarBRE -->
        <test-method signature="editar()[pri:2, instance:com.timp.test.BRE.RegrasdeAuditoriaN1.ParametrosGerais.RegrasdeAuditoriaN1EdiçãoEstruturas@3c947bc5]" started-at="2021-02-28T01:06:37Z" name="editar" finished-at="2021-02-28T01:11:26Z" duration-ms="289117" status="PASS">
          <reporter-output>
          </reporter-output>
        </test-method> <!-- editar -->
        <test-method is-config="true" signature="afterClass()[pri:0, instance:com.timp.test.BRE.RegrasdeAuditoriaN1.ParametrosGerais.RegrasdeAuditoriaN1EdiçãoEstruturas@3c947bc5]" started-at="2021-02-28T01:11:26Z" name="afterClass" finished-at="2021-02-28T01:11:26Z" duration-ms="1" status="PASS">
          <reporter-output>
          </reporter-output>
        </test-method> <!-- afterClass -->
      </class> <!-- com.timp.test.BRE.RegrasdeAuditoriaN1.ParametrosGerais.RegrasdeAuditoriaN1EdiçãoEstruturas -->
    </test> <!-- Default test -->
  </suite> <!-- Default suite -->
</testng-results>
