<?xml version="1.0" encoding="UTF-8"?>
<testng-results total="3" passed="3" failed="0" skipped="0">
  <reporter-output>
  </reporter-output>
  <suite started-at="2020-11-19T15:20:26Z" name="Default suite" finished-at="2020-11-19T15:22:09Z" duration-ms="103253">
    <groups>
    </groups>
    <test started-at="2020-11-19T15:20:26Z" name="Default test" finished-at="2020-11-19T15:22:09Z" duration-ms="103253">
      <class name="com.timp.test.MDR.CadastrosIRPJCSLL.DEPARAContasContábeis.DEPARAContasContábeisEditar">
        <test-method is-config="true" signature="beforeClass()[pri:0, instance:com.timp.test.MDR.CadastrosIRPJCSLL.DEPARAContasContábeis.DEPARAContasContábeisEditar@644baf4a]" started-at="2020-11-19T09:20:26Z" name="beforeClass" finished-at="2020-11-19T09:20:40Z" duration-ms="14448" status="PASS">
          <reporter-output>
          </reporter-output>
        </test-method> <!-- beforeClass -->
        <test-method signature="ingresar()[pri:0, instance:com.timp.test.MDR.CadastrosIRPJCSLL.DEPARAContasContábeis.DEPARAContasContábeisEditar@644baf4a]" started-at="2020-11-19T09:20:40Z" name="ingresar" finished-at="2020-11-19T09:20:46Z" duration-ms="5933" status="PASS">
          <reporter-output>
          </reporter-output>
        </test-method> <!-- ingresar -->
        <test-method signature="ingresarMDR()[pri:0, instance:com.timp.test.MDR.CadastrosIRPJCSLL.DEPARAContasContábeis.DEPARAContasContábeisEditar@644baf4a]" started-at="2020-11-19T09:20:46Z" name="ingresarMDR" finished-at="2020-11-19T09:21:10Z" duration-ms="24401" status="PASS">
          <reporter-output>
          </reporter-output>
        </test-method> <!-- ingresarMDR -->
        <test-method signature="editar()[pri:0, instance:com.timp.test.MDR.CadastrosIRPJCSLL.DEPARAContasContábeis.DEPARAContasContábeisEditar@644baf4a]" started-at="2020-11-19T09:21:10Z" name="editar" finished-at="2020-11-19T09:22:09Z" duration-ms="58458" status="PASS">
          <reporter-output>
          </reporter-output>
        </test-method> <!-- editar -->
        <test-method is-config="true" signature="afterClass()[pri:0, instance:com.timp.test.MDR.CadastrosIRPJCSLL.DEPARAContasContábeis.DEPARAContasContábeisEditar@644baf4a]" started-at="2020-11-19T09:22:09Z" name="afterClass" finished-at="2020-11-19T09:22:09Z" duration-ms="0" status="PASS">
          <reporter-output>
          </reporter-output>
        </test-method> <!-- afterClass -->
      </class> <!-- com.timp.test.MDR.CadastrosIRPJCSLL.DEPARAContasContábeis.DEPARAContasContábeisEditar -->
    </test> <!-- Default test -->
  </suite> <!-- Default suite -->
</testng-results>
