<?xml version="1.0" encoding="UTF-8"?>
<testng-results total="3" passed="3" failed="0" skipped="0">
  <reporter-output>
  </reporter-output>
  <suite started-at="2020-12-08T08:01:47Z" name="Default suite" finished-at="2020-12-08T08:03:58Z" duration-ms="130671">
    <groups>
    </groups>
    <test started-at="2020-12-08T08:01:47Z" name="Default test" finished-at="2020-12-08T08:03:58Z" duration-ms="130671">
      <class name="com.timp.test.TFP.Configurações.ConfiguraçõesPeríodoCriar">
        <test-method is-config="true" signature="beforeClass()[pri:0, instance:com.timp.test.TFP.Configurações.ConfiguraçõesPeríodoCriar@7526515b]" started-at="2020-12-08T02:01:47Z" name="beforeClass" finished-at="2020-12-08T02:02:04Z" duration-ms="16726" status="PASS">
          <reporter-output>
          </reporter-output>
        </test-method> <!-- beforeClass -->
        <test-method signature="login()[pri:0, instance:com.timp.test.TFP.Configurações.ConfiguraçõesPeríodoCriar@7526515b]" started-at="2020-12-08T02:02:04Z" name="login" finished-at="2020-12-08T02:02:11Z" duration-ms="6610" status="PASS">
          <reporter-output>
          </reporter-output>
        </test-method> <!-- login -->
        <test-method signature="TFPEntrar()[pri:0, instance:com.timp.test.TFP.Configurações.ConfiguraçõesPeríodoCriar@7526515b]" started-at="2020-12-08T02:02:11Z" name="TFPEntrar" finished-at="2020-12-08T02:02:30Z" duration-ms="19779" status="PASS">
          <reporter-output>
          </reporter-output>
        </test-method> <!-- TFPEntrar -->
        <test-method signature="criar()[pri:0, instance:com.timp.test.TFP.Configurações.ConfiguraçõesPeríodoCriar@7526515b]" started-at="2020-12-08T02:02:30Z" name="criar" finished-at="2020-12-08T02:03:58Z" duration-ms="87539" status="PASS">
          <reporter-output>
          </reporter-output>
        </test-method> <!-- criar -->
        <test-method is-config="true" signature="afterClass()[pri:0, instance:com.timp.test.TFP.Configurações.ConfiguraçõesPeríodoCriar@7526515b]" started-at="2020-12-08T02:03:58Z" name="afterClass" finished-at="2020-12-08T02:03:58Z" duration-ms="0" status="PASS">
          <reporter-output>
          </reporter-output>
        </test-method> <!-- afterClass -->
      </class> <!-- com.timp.test.TFP.Configurações.ConfiguraçõesPeríodoCriar -->
    </test> <!-- Default test -->
  </suite> <!-- Default suite -->
</testng-results>
