<?xml version="1.0" encoding="UTF-8"?>
<testng-results total="3" passed="3" failed="0" skipped="0">
  <reporter-output>
  </reporter-output>
  <suite started-at="2020-11-23T17:31:32Z" name="Default suite" finished-at="2020-11-23T17:33:54Z" duration-ms="142136">
    <groups>
    </groups>
    <test started-at="2020-11-23T17:31:32Z" name="Default test" finished-at="2020-11-23T17:33:54Z" duration-ms="142136">
      <class name="com.timp.test.BRE.RegrasDeAuditoriaN2CriarCaminhos">
        <test-method is-config="true" signature="beforeClass()[pri:0, instance:com.timp.test.BRE.RegrasDeAuditoriaN2CriarCaminhos@4c309d4d]" started-at="2020-11-23T14:31:32Z" name="beforeClass" finished-at="2020-11-23T14:31:44Z" duration-ms="12030" status="PASS">
          <reporter-output>
          </reporter-output>
        </test-method> <!-- beforeClass -->
        <test-method signature="login()[pri:0, instance:com.timp.test.BRE.RegrasDeAuditoriaN2CriarCaminhos@4c309d4d]" started-at="2020-11-23T14:31:44Z" name="login" finished-at="2020-11-23T14:31:51Z" duration-ms="6368" status="PASS">
          <reporter-output>
          </reporter-output>
        </test-method> <!-- login -->
        <test-method signature="acessarBRE()[pri:0, instance:com.timp.test.BRE.RegrasDeAuditoriaN2CriarCaminhos@4c309d4d]" started-at="2020-11-23T14:31:51Z" name="acessarBRE" finished-at="2020-11-23T14:32:03Z" duration-ms="12185" status="PASS">
          <reporter-output>
          </reporter-output>
        </test-method> <!-- acessarBRE -->
        <test-method signature="criar()[pri:0, instance:com.timp.test.BRE.RegrasDeAuditoriaN2CriarCaminhos@4c309d4d]" started-at="2020-11-23T14:32:03Z" name="criar" finished-at="2020-11-23T14:33:54Z" duration-ms="111522" status="PASS">
          <reporter-output>
          </reporter-output>
        </test-method> <!-- criar -->
        <test-method is-config="true" signature="afterClass()[pri:0, instance:com.timp.test.BRE.RegrasDeAuditoriaN2CriarCaminhos@4c309d4d]" started-at="2020-11-23T14:33:54Z" name="afterClass" finished-at="2020-11-23T14:33:54Z" duration-ms="1" status="PASS">
          <reporter-output>
          </reporter-output>
        </test-method> <!-- afterClass -->
      </class> <!-- com.timp.test.BRE.RegrasDeAuditoriaN2CriarCaminhos -->
    </test> <!-- Default test -->
  </suite> <!-- Default suite -->
</testng-results>
