<?xml version="1.0" encoding="UTF-8"?>
<testng-results total="3" passed="3" failed="0" skipped="0">
  <reporter-output>
  </reporter-output>
  <suite started-at="2020-12-20T23:18:57Z" name="Default suite" finished-at="2020-12-20T23:22:42Z" duration-ms="224963">
    <groups>
    </groups>
    <test started-at="2020-12-20T23:18:57Z" name="Default test" finished-at="2020-12-20T23:22:42Z" duration-ms="224963">
      <class name="com.timp.test.BRE.RegrasDeNegocio.ParametrosGerais.RegrasDeNegocioCriar">
        <test-method is-config="true" signature="beforeClass()[pri:0, instance:com.timp.test.BRE.RegrasDeNegocio.ParametrosGerais.RegrasDeNegocioCriar@2a265ea9]" started-at="2020-12-20T20:18:57Z" name="beforeClass" finished-at="2020-12-20T20:19:15Z" duration-ms="18473" status="PASS">
          <reporter-output>
          </reporter-output>
        </test-method> <!-- beforeClass -->
        <test-method signature="login()[pri:0, instance:com.timp.test.BRE.RegrasDeNegocio.ParametrosGerais.RegrasDeNegocioCriar@2a265ea9]" started-at="2020-12-20T20:19:15Z" name="login" finished-at="2020-12-20T20:19:26Z" duration-ms="10748" status="PASS">
          <reporter-output>
          </reporter-output>
        </test-method> <!-- login -->
        <test-method signature="acessarBRE()[pri:0, instance:com.timp.test.BRE.RegrasDeNegocio.ParametrosGerais.RegrasDeNegocioCriar@2a265ea9]" started-at="2020-12-20T20:19:26Z" name="acessarBRE" finished-at="2020-12-20T20:19:44Z" duration-ms="17638" status="PASS">
          <reporter-output>
          </reporter-output>
        </test-method> <!-- acessarBRE -->
        <test-method signature="criar()[pri:0, instance:com.timp.test.BRE.RegrasDeNegocio.ParametrosGerais.RegrasDeNegocioCriar@2a265ea9]" started-at="2020-12-20T20:19:44Z" name="criar" finished-at="2020-12-20T20:22:42Z" duration-ms="178082" status="PASS">
          <reporter-output>
          </reporter-output>
        </test-method> <!-- criar -->
        <test-method is-config="true" signature="afterClass()[pri:0, instance:com.timp.test.BRE.RegrasDeNegocio.ParametrosGerais.RegrasDeNegocioCriar@2a265ea9]" started-at="2020-12-20T20:22:42Z" name="afterClass" finished-at="2020-12-20T20:22:42Z" duration-ms="0" status="PASS">
          <reporter-output>
          </reporter-output>
        </test-method> <!-- afterClass -->
      </class> <!-- com.timp.test.BRE.RegrasDeNegocio.ParametrosGerais.RegrasDeNegocioCriar -->
    </test> <!-- Default test -->
  </suite> <!-- Default suite -->
</testng-results>
