<?xml version="1.0" encoding="UTF-8"?>
<testng-results skipped="0" failed="0" total="3" passed="3">
  <reporter-output>
  </reporter-output>
  <suite name="Default suite" duration-ms="201919" started-at="2020-12-01T01:27:19Z" finished-at="2020-12-01T01:30:41Z">
    <groups>
    </groups>
    <test name="Default test" duration-ms="201919" started-at="2020-12-01T01:27:19Z" finished-at="2020-12-01T01:30:41Z">
      <class name="com.timp.test.BRE.RegrasDeMensagens.Edicao.RegrasDeMensagensValoresCalculados">
        <test-method status="PASS" signature="beforeClass()[pri:0, instance:com.timp.test.BRE.RegrasDeMensagens.Edicao.RegrasDeMensagensValoresCalculados@f2f2cc1]" name="beforeClass" is-config="true" duration-ms="13738" started-at="2020-11-30T19:27:19Z" finished-at="2020-11-30T19:27:33Z">
          <reporter-output>
          </reporter-output>
        </test-method> <!-- beforeClass -->
        <test-method status="PASS" signature="login()[pri:0, instance:com.timp.test.BRE.RegrasDeMensagens.Edicao.RegrasDeMensagensValoresCalculados@f2f2cc1]" name="login" duration-ms="7250" started-at="2020-11-30T19:27:33Z" finished-at="2020-11-30T19:27:40Z">
          <reporter-output>
          </reporter-output>
        </test-method> <!-- login -->
        <test-method status="PASS" signature="acessarBRE()[pri:0, instance:com.timp.test.BRE.RegrasDeMensagens.Edicao.RegrasDeMensagensValoresCalculados@f2f2cc1]" name="acessarBRE" duration-ms="12520" started-at="2020-11-30T19:27:40Z" finished-at="2020-11-30T19:27:52Z">
          <reporter-output>
          </reporter-output>
        </test-method> <!-- acessarBRE -->
        <test-method status="PASS" signature="editar()[pri:0, instance:com.timp.test.BRE.RegrasDeMensagens.Edicao.RegrasDeMensagensValoresCalculados@f2f2cc1]" name="editar" duration-ms="163958" started-at="2020-11-30T19:27:52Z" finished-at="2020-11-30T19:30:36Z">
          <reporter-output>
          </reporter-output>
        </test-method> <!-- editar -->
        <test-method status="PASS" signature="afterClass()[pri:0, instance:com.timp.test.BRE.RegrasDeMensagens.Edicao.RegrasDeMensagensValoresCalculados@f2f2cc1]" name="afterClass" is-config="true" duration-ms="4435" started-at="2020-11-30T19:30:36Z" finished-at="2020-11-30T19:30:41Z">
          <reporter-output>
          </reporter-output>
        </test-method> <!-- afterClass -->
      </class> <!-- com.timp.test.BRE.RegrasDeMensagens.Edicao.RegrasDeMensagensValoresCalculados -->
    </test> <!-- Default test -->
  </suite> <!-- Default suite -->
</testng-results>
