<?xml version="1.0" encoding="UTF-8"?>
<testng-results total="3" passed="3" failed="0" skipped="0">
  <reporter-output>
  </reporter-output>
  <suite started-at="2021-01-14T20:39:23Z" name="Default suite" finished-at="2021-01-14T20:44:14Z" duration-ms="291543">
    <groups>
    </groups>
    <test started-at="2021-01-14T20:39:23Z" name="Default test" finished-at="2021-01-14T20:44:14Z" duration-ms="291543">
      <class name="com.timp.test.TCC.BancoDeCreditoExtemporaneo.ConfiguracaoEExecucao.ConfiguracaoEExecucaoExecutar">
        <test-method is-config="true" signature="beforeClass()[pri:0, instance:com.timp.test.TCC.BancoDeCreditoExtemporaneo.ConfiguracaoEExecucao.ConfiguracaoEExecucaoExecutar@5a5338df]" started-at="2021-01-14T14:39:23Z" name="beforeClass" finished-at="2021-01-14T14:39:34Z" duration-ms="11659" status="PASS">
          <reporter-output>
          </reporter-output>
        </test-method> <!-- beforeClass -->
        <test-method signature="login()[pri:0, instance:com.timp.test.TCC.BancoDeCreditoExtemporaneo.ConfiguracaoEExecucao.ConfiguracaoEExecucaoExecutar@5a5338df]" started-at="2021-01-14T14:39:34Z" name="login" finished-at="2021-01-14T14:39:42Z" duration-ms="7301" status="PASS">
          <reporter-output>
          </reporter-output>
        </test-method> <!-- login -->
        <test-method signature="acessarTCC()[pri:0, instance:com.timp.test.TCC.BancoDeCreditoExtemporaneo.ConfiguracaoEExecucao.ConfiguracaoEExecucaoExecutar@5a5338df]" started-at="2021-01-14T14:39:42Z" name="acessarTCC" finished-at="2021-01-14T14:40:03Z" duration-ms="21351" status="PASS">
          <reporter-output>
          </reporter-output>
        </test-method> <!-- acessarTCC -->
        <test-method signature="executar()[pri:0, instance:com.timp.test.TCC.BancoDeCreditoExtemporaneo.ConfiguracaoEExecucao.ConfiguracaoEExecucaoExecutar@5a5338df]" started-at="2021-01-14T14:40:03Z" name="executar" finished-at="2021-01-14T14:44:14Z" duration-ms="251210" status="PASS">
          <reporter-output>
          </reporter-output>
        </test-method> <!-- executar -->
        <test-method is-config="true" signature="afterClass()[pri:0, instance:com.timp.test.TCC.BancoDeCreditoExtemporaneo.ConfiguracaoEExecucao.ConfiguracaoEExecucaoExecutar@5a5338df]" started-at="2021-01-14T14:44:14Z" name="afterClass" finished-at="2021-01-14T14:44:14Z" duration-ms="0" status="PASS">
          <reporter-output>
          </reporter-output>
        </test-method> <!-- afterClass -->
      </class> <!-- com.timp.test.TCC.BancoDeCreditoExtemporaneo.ConfiguracaoEExecucao.ConfiguracaoEExecucaoExecutar -->
    </test> <!-- Default test -->
  </suite> <!-- Default suite -->
</testng-results>
