<?xml version="1.0" encoding="UTF-8"?>
<testng-results total="3" passed="3" failed="0" skipped="0">
  <reporter-output>
  </reporter-output>
  <suite started-at="2020-11-17T13:08:28Z" name="Default suite" finished-at="2020-11-17T13:11:50Z" duration-ms="202007">
    <groups>
    </groups>
    <test started-at="2020-11-17T13:08:28Z" name="Default test" finished-at="2020-11-17T13:11:50Z" duration-ms="202007">
      <class name="com.timp.test.MDR.SPCBFederaisRetidos.SPCBFederaisRetidosCriar">
        <test-method is-config="true" signature="beforeClass()[pri:0, instance:com.timp.test.MDR.SPCBFederaisRetidos.SPCBFederaisRetidosCriar@ed7f8b4]" started-at="2020-11-17T10:08:28Z" name="beforeClass" finished-at="2020-11-17T10:09:13Z" duration-ms="44692" status="PASS">
          <reporter-output>
          </reporter-output>
        </test-method> <!-- beforeClass -->
        <test-method signature="login()[pri:0, instance:com.timp.test.MDR.SPCBFederaisRetidos.SPCBFederaisRetidosCriar@ed7f8b4]" started-at="2020-11-17T10:09:13Z" name="login" finished-at="2020-11-17T10:09:29Z" duration-ms="15841" status="PASS">
          <reporter-output>
          </reporter-output>
        </test-method> <!-- login -->
        <test-method signature="acessarMDR()[pri:0, instance:com.timp.test.MDR.SPCBFederaisRetidos.SPCBFederaisRetidosCriar@ed7f8b4]" started-at="2020-11-17T10:09:29Z" name="acessarMDR" finished-at="2020-11-17T10:11:10Z" duration-ms="101481" status="PASS">
          <reporter-output>
          </reporter-output>
        </test-method> <!-- acessarMDR -->
        <test-method signature="criar()[pri:0, instance:com.timp.test.MDR.SPCBFederaisRetidos.SPCBFederaisRetidosCriar@ed7f8b4]" started-at="2020-11-17T10:11:10Z" name="criar" finished-at="2020-11-17T10:11:50Z" duration-ms="39970" status="PASS">
          <reporter-output>
          </reporter-output>
        </test-method> <!-- criar -->
        <test-method is-config="true" signature="afterClass()[pri:0, instance:com.timp.test.MDR.SPCBFederaisRetidos.SPCBFederaisRetidosCriar@ed7f8b4]" started-at="2020-11-17T10:11:50Z" name="afterClass" finished-at="2020-11-17T10:11:50Z" duration-ms="0" status="PASS">
          <reporter-output>
          </reporter-output>
        </test-method> <!-- afterClass -->
      </class> <!-- com.timp.test.MDR.SPCBFederaisRetidos.SPCBFederaisRetidosCriar -->
    </test> <!-- Default test -->
  </suite> <!-- Default suite -->
</testng-results>
