<?xml version="1.0" encoding="UTF-8"?>
<testng-results skipped="0" failed="0" total="3" passed="3">
  <reporter-output>
  </reporter-output>
  <suite name="Default suite" duration-ms="131571" started-at="2020-08-05T00:18:26Z" finished-at="2020-08-05T00:20:37Z">
    <groups>
    </groups>
    <test name="Default test" duration-ms="131571" started-at="2020-08-05T00:18:26Z" finished-at="2020-08-05T00:20:37Z">
      <class name="com.timp.test.MDR.TEST.AntecipacaoEditar">
        <test-method status="PASS" signature="beforeClass()[pri:0, instance:com.timp.test.MDR.TEST.AntecipacaoEditar@35083305]" name="beforeClass" is-config="true" duration-ms="10466" started-at="2020-08-04T18:18:26Z" finished-at="2020-08-04T18:18:36Z">
          <reporter-output>
          </reporter-output>
        </test-method> <!-- beforeClass -->
        <test-method status="PASS" signature="login()[pri:0, instance:com.timp.test.MDR.TEST.AntecipacaoEditar@35083305]" name="login" duration-ms="7100" started-at="2020-08-04T18:18:36Z" finished-at="2020-08-04T18:18:43Z">
          <reporter-output>
          </reporter-output>
        </test-method> <!-- login -->
        <test-method status="PASS" signature="acessarMDR()[pri:0, instance:com.timp.test.MDR.TEST.AntecipacaoEditar@35083305]" name="acessarMDR" duration-ms="26124" started-at="2020-08-04T18:18:43Z" finished-at="2020-08-04T18:19:09Z">
          <reporter-output>
          </reporter-output>
        </test-method> <!-- acessarMDR -->
        <test-method status="PASS" signature="visualizar()[pri:0, instance:com.timp.test.MDR.TEST.AntecipacaoEditar@35083305]" name="visualizar" duration-ms="87868" started-at="2020-08-04T18:19:09Z" finished-at="2020-08-04T18:20:37Z">
          <reporter-output>
          </reporter-output>
        </test-method> <!-- visualizar -->
      </class> <!-- com.timp.test.MDR.TEST.AntecipacaoEditar -->
    </test> <!-- Default test -->
  </suite> <!-- Default suite -->
</testng-results>
