<?xml version="1.0" encoding="UTF-8"?>
<testng-results total="3" passed="3" failed="0" skipped="0">
  <reporter-output>
  </reporter-output>
  <suite started-at="2021-01-19T14:28:11Z" name="Default suite" finished-at="2021-01-19T14:29:35Z" duration-ms="84192">
    <groups>
    </groups>
    <test started-at="2021-01-19T14:28:11Z" name="Default test" finished-at="2021-01-19T14:29:35Z" duration-ms="84192">
      <class name="com.timp.test.MDR.TabelasComplementaresParaObrigaçoesAcessorias.SubItensValidos.SubItensValidosExcluir">
        <test-method is-config="true" signature="beforeClass()[pri:0, instance:com.timp.test.MDR.TabelasComplementaresParaObrigaçoesAcessorias.SubItensValidos.SubItensValidosExcluir@5c90e579]" started-at="2021-01-19T11:28:11Z" name="beforeClass" finished-at="2021-01-19T11:28:23Z" duration-ms="12452" status="PASS">
          <reporter-output>
          </reporter-output>
        </test-method> <!-- beforeClass -->
        <test-method signature="login()[pri:0, instance:com.timp.test.MDR.TabelasComplementaresParaObrigaçoesAcessorias.SubItensValidos.SubItensValidosExcluir@5c90e579]" started-at="2021-01-19T11:28:23Z" name="login" finished-at="2021-01-19T11:28:31Z" duration-ms="7308" status="PASS">
          <reporter-output>
          </reporter-output>
        </test-method> <!-- login -->
        <test-method signature="acessarMDR()[pri:0, instance:com.timp.test.MDR.TabelasComplementaresParaObrigaçoesAcessorias.SubItensValidos.SubItensValidosExcluir@5c90e579]" started-at="2021-01-19T11:28:31Z" name="acessarMDR" finished-at="2021-01-19T11:28:57Z" duration-ms="26286" status="PASS">
          <reporter-output>
          </reporter-output>
        </test-method> <!-- acessarMDR -->
        <test-method signature="excluir()[pri:0, instance:com.timp.test.MDR.TabelasComplementaresParaObrigaçoesAcessorias.SubItensValidos.SubItensValidosExcluir@5c90e579]" started-at="2021-01-19T11:28:57Z" name="excluir" finished-at="2021-01-19T11:29:35Z" duration-ms="37976" status="PASS">
          <reporter-output>
          </reporter-output>
        </test-method> <!-- excluir -->
        <test-method is-config="true" signature="afterClass()[pri:0, instance:com.timp.test.MDR.TabelasComplementaresParaObrigaçoesAcessorias.SubItensValidos.SubItensValidosExcluir@5c90e579]" started-at="2021-01-19T11:29:35Z" name="afterClass" finished-at="2021-01-19T11:29:35Z" duration-ms="149" status="PASS">
          <reporter-output>
          </reporter-output>
        </test-method> <!-- afterClass -->
      </class> <!-- com.timp.test.MDR.TabelasComplementaresParaObrigaçoesAcessorias.SubItensValidos.SubItensValidosExcluir -->
    </test> <!-- Default test -->
  </suite> <!-- Default suite -->
</testng-results>
