<?xml version="1.0" encoding="UTF-8"?>
<testng-results skipped="0" failed="0" total="3" passed="3">
  <reporter-output>
  </reporter-output>
  <suite name="Default suite" duration-ms="160981" started-at="2020-08-21T14:32:12Z" finished-at="2020-08-21T14:34:53Z">
    <groups>
    </groups>
    <test name="Default test" duration-ms="160981" started-at="2020-08-21T14:32:12Z" finished-at="2020-08-21T14:34:53Z">
      <class name="com.timp.test.MDR.TabelasApoioSped.CodigoDeAjusteDaApuraçaoDoIPI.CodigoDeAjusteDaApuraçaoDoIPICriar">
        <test-method status="PASS" signature="beforeClass()[pri:0, instance:com.timp.test.MDR.TabelasApoioSped.CodigoDeAjusteDaApuraçaoDoIPI.CodigoDeAjusteDaApuraçaoDoIPICriar@8e0379d]" name="beforeClass" is-config="true" duration-ms="20421" started-at="2020-08-21T11:32:12Z" finished-at="2020-08-21T11:32:33Z">
          <reporter-output>
          </reporter-output>
        </test-method> <!-- beforeClass -->
        <test-method status="PASS" signature="login()[pri:0, instance:com.timp.test.MDR.TabelasApoioSped.CodigoDeAjusteDaApuraçaoDoIPI.CodigoDeAjusteDaApuraçaoDoIPICriar@8e0379d]" name="login" duration-ms="10611" started-at="2020-08-21T11:32:33Z" finished-at="2020-08-21T11:32:43Z">
          <reporter-output>
          </reporter-output>
        </test-method> <!-- login -->
        <test-method status="PASS" signature="acessarMDR()[pri:0, instance:com.timp.test.MDR.TabelasApoioSped.CodigoDeAjusteDaApuraçaoDoIPI.CodigoDeAjusteDaApuraçaoDoIPICriar@8e0379d]" name="acessarMDR" duration-ms="34061" started-at="2020-08-21T11:32:43Z" finished-at="2020-08-21T11:33:17Z">
          <reporter-output>
          </reporter-output>
        </test-method> <!-- acessarMDR -->
        <test-method status="PASS" signature="criar()[pri:0, instance:com.timp.test.MDR.TabelasApoioSped.CodigoDeAjusteDaApuraçaoDoIPI.CodigoDeAjusteDaApuraçaoDoIPICriar@8e0379d]" name="criar" duration-ms="95840" started-at="2020-08-21T11:33:17Z" finished-at="2020-08-21T11:34:53Z">
          <reporter-output>
          </reporter-output>
        </test-method> <!-- criar -->
      </class> <!-- com.timp.test.MDR.TabelasApoioSped.CodigoDeAjusteDaApuraçaoDoIPI.CodigoDeAjusteDaApuraçaoDoIPICriar -->
    </test> <!-- Default test -->
  </suite> <!-- Default suite -->
</testng-results>
