<?xml version="1.0" encoding="UTF-8"?>
<testng-results skipped="0" failed="0" total="3" passed="3">
  <reporter-output>
  </reporter-output>
  <suite name="Default suite" duration-ms="88086" started-at="2020-07-31T20:37:30Z" finished-at="2020-07-31T20:38:58Z">
    <groups>
    </groups>
    <test name="Default test" duration-ms="88086" started-at="2020-07-31T20:37:30Z" finished-at="2020-07-31T20:38:58Z">
      <class name="com.timp.test.MDR.CodigoContabilizacao.CodigoContabalizacaoVisualizar">
        <test-method status="PASS" signature="beforeClass()[pri:0, instance:com.timp.test.MDR.CodigoContabilizacao.CodigoContabalizacaoVisualizar@8e0379d]" name="beforeClass" is-config="true" duration-ms="12309" started-at="2020-07-31T14:37:30Z" finished-at="2020-07-31T14:37:43Z">
          <reporter-output>
          </reporter-output>
        </test-method> <!-- beforeClass -->
        <test-method status="PASS" signature="login()[pri:0, instance:com.timp.test.MDR.CodigoContabilizacao.CodigoContabalizacaoVisualizar@8e0379d]" name="login" duration-ms="7681" started-at="2020-07-31T14:37:43Z" finished-at="2020-07-31T14:37:50Z">
          <reporter-output>
          </reporter-output>
        </test-method> <!-- login -->
        <test-method status="PASS" signature="acessarMDR()[pri:0, instance:com.timp.test.MDR.CodigoContabilizacao.CodigoContabalizacaoVisualizar@8e0379d]" name="acessarMDR" duration-ms="28314" started-at="2020-07-31T14:37:50Z" finished-at="2020-07-31T14:38:19Z">
          <reporter-output>
          </reporter-output>
        </test-method> <!-- acessarMDR -->
        <test-method status="PASS" signature="Visualizar()[pri:0, instance:com.timp.test.MDR.CodigoContabilizacao.CodigoContabalizacaoVisualizar@8e0379d]" name="Visualizar" duration-ms="39770" started-at="2020-07-31T14:38:19Z" finished-at="2020-07-31T14:38:58Z">
          <reporter-output>
          </reporter-output>
        </test-method> <!-- Visualizar -->
      </class> <!-- com.timp.test.MDR.CodigoContabilizacao.CodigoContabalizacaoVisualizar -->
    </test> <!-- Default test -->
  </suite> <!-- Default suite -->
</testng-results>
