<?xml version="1.0" encoding="UTF-8"?>
<testng-results skipped="0" failed="0" total="3" passed="3">
  <reporter-output>
  </reporter-output>
  <suite name="Default suite" duration-ms="153258" started-at="2020-10-30T22:47:36Z" finished-at="2020-10-30T22:50:10Z">
    <groups>
    </groups>
    <test name="Default test" duration-ms="153258" started-at="2020-10-30T22:47:36Z" finished-at="2020-10-30T22:50:10Z">
      <class name="com.timp.test.BCB.HierarquiaConfiguracaoTodasAsFuncionalidades">
        <test-method status="PASS" signature="beforeClass()[pri:0, instance:com.timp.test.BCB.HierarquiaConfiguracaoTodasAsFuncionalidades@f2f2cc1]" name="beforeClass" is-config="true" duration-ms="13148" started-at="2020-10-30T16:47:36Z" finished-at="2020-10-30T16:47:49Z">
          <reporter-output>
          </reporter-output>
        </test-method> <!-- beforeClass -->
        <test-method status="PASS" signature="login()[pri:0, instance:com.timp.test.BCB.HierarquiaConfiguracaoTodasAsFuncionalidades@f2f2cc1]" name="login" duration-ms="7765" started-at="2020-10-30T16:47:49Z" finished-at="2020-10-30T16:47:57Z">
          <reporter-output>
          </reporter-output>
        </test-method> <!-- login -->
        <test-method status="PASS" signature="brbEntrar()[pri:0, instance:com.timp.test.BCB.HierarquiaConfiguracaoTodasAsFuncionalidades@f2f2cc1]" name="brbEntrar" duration-ms="15488" started-at="2020-10-30T16:47:57Z" finished-at="2020-10-30T16:48:13Z">
          <reporter-output>
          </reporter-output>
        </test-method> <!-- brbEntrar -->
        <test-method status="PASS" signature="executar()[pri:0, instance:com.timp.test.BCB.HierarquiaConfiguracaoTodasAsFuncionalidades@f2f2cc1]" name="executar" duration-ms="116833" started-at="2020-10-30T16:48:13Z" finished-at="2020-10-30T16:50:10Z">
          <reporter-output>
          </reporter-output>
        </test-method> <!-- executar -->
        <test-method status="PASS" signature="afterClass()[pri:0, instance:com.timp.test.BCB.HierarquiaConfiguracaoTodasAsFuncionalidades@f2f2cc1]" name="afterClass" is-config="true" duration-ms="1" started-at="2020-10-30T16:50:10Z" finished-at="2020-10-30T16:50:10Z">
          <reporter-output>
          </reporter-output>
        </test-method> <!-- afterClass -->
      </class> <!-- com.timp.test.BCB.HierarquiaConfiguracaoTodasAsFuncionalidades -->
    </test> <!-- Default test -->
  </suite> <!-- Default suite -->
</testng-results>
