<?xml version="1.0" encoding="UTF-8"?>
<testng-results skipped="0" failed="0" total="3" passed="3">
  <reporter-output>
  </reporter-output>
  <suite name="Default suite" duration-ms="50228" started-at="2020-07-23T16:26:29Z" finished-at="2020-07-23T16:27:19Z">
    <groups>
    </groups>
    <test name="Default test" duration-ms="50228" started-at="2020-07-23T16:26:29Z" finished-at="2020-07-23T16:27:19Z">
      <class name="com.timp.test.BRB.EditarPrueba">
        <test-method status="PASS" signature="beforeClass()[pri:0, instance:com.timp.test.BRB.EditarPrueba@341b80b2]" name="beforeClass" is-config="true" duration-ms="10927" started-at="2020-07-23T10:26:29Z" finished-at="2020-07-23T10:26:40Z">
          <reporter-output>
          </reporter-output>
        </test-method> <!-- beforeClass -->
        <test-method status="PASS" signature="login()[pri:0, instance:com.timp.test.BRB.EditarPrueba@341b80b2]" name="login" duration-ms="5555" started-at="2020-07-23T10:26:40Z" finished-at="2020-07-23T10:26:45Z">
          <reporter-output>
          </reporter-output>
        </test-method> <!-- login -->
        <test-method status="PASS" signature="brbEntrar()[pri:0, instance:com.timp.test.BRB.EditarPrueba@341b80b2]" name="brbEntrar" duration-ms="13246" started-at="2020-07-23T10:26:45Z" finished-at="2020-07-23T10:26:58Z">
          <reporter-output>
          </reporter-output>
        </test-method> <!-- brbEntrar -->
        <test-method status="PASS" signature="editar()[pri:0, instance:com.timp.test.BRB.EditarPrueba@341b80b2]" name="editar" duration-ms="20486" started-at="2020-07-23T10:26:58Z" finished-at="2020-07-23T10:27:19Z">
          <reporter-output>
          </reporter-output>
        </test-method> <!-- editar -->
        <test-method status="PASS" signature="afterClass()[pri:0, instance:com.timp.test.BRB.EditarPrueba@341b80b2]" name="afterClass" is-config="true" duration-ms="0" started-at="2020-07-23T10:27:19Z" finished-at="2020-07-23T10:27:19Z">
          <reporter-output>
          </reporter-output>
        </test-method> <!-- afterClass -->
      </class> <!-- com.timp.test.BRB.EditarPrueba -->
    </test> <!-- Default test -->
  </suite> <!-- Default suite -->
</testng-results>
