<?xml version="1.0" encoding="UTF-8"?>
<testng-results total="3" passed="3" failed="0" skipped="0">
  <reporter-output>
  </reporter-output>
  <suite started-at="2020-10-18T06:29:35Z" name="Default suite" finished-at="2020-10-18T06:31:35Z" duration-ms="119632">
    <groups>
    </groups>
    <test started-at="2020-10-18T06:29:35Z" name="Default test" finished-at="2020-10-18T06:31:35Z" duration-ms="119632">
      <class name="com.timp.test.MDR.PrecoDeTransferencia.DefinicaoVinculacao.DefinicaoVinculacaoCriar">
        <test-method is-config="true" signature="beforeClass()[pri:0, instance:com.timp.test.MDR.PrecoDeTransferencia.DefinicaoVinculacao.DefinicaoVinculacaoCriar@2e385cce]" started-at="2020-10-18T00:29:35Z" name="beforeClass" finished-at="2020-10-18T00:29:54Z" duration-ms="19129" status="PASS">
          <reporter-output>
          </reporter-output>
        </test-method> <!-- beforeClass -->
        <test-method signature="login()[pri:0, instance:com.timp.test.MDR.PrecoDeTransferencia.DefinicaoVinculacao.DefinicaoVinculacaoCriar@2e385cce]" started-at="2020-10-18T00:29:54Z" name="login" finished-at="2020-10-18T00:30:07Z" duration-ms="12580" status="PASS">
          <reporter-output>
          </reporter-output>
        </test-method> <!-- login -->
        <test-method signature="acessarMDR()[pri:0, instance:com.timp.test.MDR.PrecoDeTransferencia.DefinicaoVinculacao.DefinicaoVinculacaoCriar@2e385cce]" started-at="2020-10-18T00:30:07Z" name="acessarMDR" finished-at="2020-10-18T00:30:22Z" duration-ms="14811" status="PASS">
          <reporter-output>
          </reporter-output>
        </test-method> <!-- acessarMDR -->
        <test-method signature="criar()[pri:0, instance:com.timp.test.MDR.PrecoDeTransferencia.DefinicaoVinculacao.DefinicaoVinculacaoCriar@2e385cce]" started-at="2020-10-18T00:30:22Z" name="criar" finished-at="2020-10-18T00:31:35Z" duration-ms="73057" status="PASS">
          <reporter-output>
          </reporter-output>
        </test-method> <!-- criar -->
        <test-method is-config="true" signature="afterClass()[pri:0, instance:com.timp.test.MDR.PrecoDeTransferencia.DefinicaoVinculacao.DefinicaoVinculacaoCriar@2e385cce]" started-at="2020-10-18T00:31:35Z" name="afterClass" finished-at="2020-10-18T00:31:35Z" duration-ms="1" status="PASS">
          <reporter-output>
          </reporter-output>
        </test-method> <!-- afterClass -->
      </class> <!-- com.timp.test.MDR.PrecoDeTransferencia.DefinicaoVinculacao.DefinicaoVinculacaoCriar -->
    </test> <!-- Default test -->
  </suite> <!-- Default suite -->
</testng-results>
