<?xml version="1.0" encoding="UTF-8"?>
<testng-results total="4" passed="4" failed="0" skipped="0">
  <reporter-output>
  </reporter-output>
  <suite started-at="2020-10-29T22:08:03Z" name="Default suite" finished-at="2020-10-29T22:09:59Z" duration-ms="115926">
    <groups>
    </groups>
    <test started-at="2020-10-29T22:08:03Z" name="Default test" finished-at="2020-10-29T22:09:59Z" duration-ms="115926">
      <class name="com.timp.test.MDR.TabelasApoioESocial.Tabela06.PaisesExcluirMassa">
        <test-method is-config="true" signature="beforeClass()[pri:0, instance:com.timp.test.MDR.TabelasApoioESocial.Tabela06.PaisesExcluirMassa@1672fe87]" started-at="2020-10-29T16:08:03Z" name="beforeClass" finished-at="2020-10-29T16:08:14Z" duration-ms="11523" status="PASS">
          <reporter-output>
          </reporter-output>
        </test-method> <!-- beforeClass -->
        <test-method signature="login()[pri:0, instance:com.timp.test.MDR.TabelasApoioESocial.Tabela06.PaisesExcluirMassa@1672fe87]" started-at="2020-10-29T16:08:14Z" name="login" finished-at="2020-10-29T16:08:24Z" duration-ms="9264" status="PASS">
          <reporter-output>
          </reporter-output>
        </test-method> <!-- login -->
        <test-method signature="acessarMDR()[pri:0, instance:com.timp.test.MDR.TabelasApoioESocial.Tabela06.PaisesExcluirMassa@1672fe87]" started-at="2020-10-29T16:08:24Z" name="acessarMDR" finished-at="2020-10-29T16:08:38Z" duration-ms="14307" status="PASS">
          <reporter-output>
          </reporter-output>
        </test-method> <!-- acessarMDR -->
        <test-method signature="criar()[pri:0, instance:com.timp.test.MDR.TabelasApoioESocial.Tabela06.PaisesExcluirMassa@1672fe87]" started-at="2020-10-29T16:08:38Z" name="criar" finished-at="2020-10-29T16:09:27Z" duration-ms="49107" status="PASS">
          <reporter-output>
          </reporter-output>
        </test-method> <!-- criar -->
        <test-method signature="excluirMassa()[pri:0, instance:com.timp.test.MDR.TabelasApoioESocial.Tabela06.PaisesExcluirMassa@1672fe87]" started-at="2020-10-29T16:09:27Z" name="excluirMassa" finished-at="2020-10-29T16:09:55Z" duration-ms="27365" status="PASS">
          <reporter-output>
          </reporter-output>
        </test-method> <!-- excluirMassa -->
        <test-method is-config="true" signature="afterClass()[pri:0, instance:com.timp.test.MDR.TabelasApoioESocial.Tabela06.PaisesExcluirMassa@1672fe87]" started-at="2020-10-29T16:09:55Z" name="afterClass" finished-at="2020-10-29T16:09:59Z" duration-ms="4340" status="PASS">
          <reporter-output>
          </reporter-output>
        </test-method> <!-- afterClass -->
      </class> <!-- com.timp.test.MDR.TabelasApoioESocial.Tabela06.PaisesExcluirMassa -->
    </test> <!-- Default test -->
  </suite> <!-- Default suite -->
</testng-results>
