<?xml version="1.0" encoding="UTF-8"?>
<testng-results total="3" passed="3" failed="0" skipped="0">
  <reporter-output>
  </reporter-output>
  <suite started-at="2020-12-08T23:55:32Z" name="Default suite" finished-at="2020-12-08T23:56:51Z" duration-ms="79078">
    <groups>
    </groups>
    <test started-at="2020-12-08T23:55:32Z" name="Default test" finished-at="2020-12-08T23:56:51Z" duration-ms="79078">
      <class name="com.timp.test.BRE.BREGerenciarRegulamentosCriarEditarExcluir">
        <test-method is-config="true" signature="beforeClass()[pri:0, instance:com.timp.test.BRE.BREGerenciarRegulamentosCriarEditarExcluir@4c309d4d]" started-at="2020-12-08T20:55:32Z" name="beforeClass" finished-at="2020-12-08T20:55:47Z" duration-ms="14742" status="PASS">
          <reporter-output>
          </reporter-output>
        </test-method> <!-- beforeClass -->
        <test-method signature="login()[pri:0, instance:com.timp.test.BRE.BREGerenciarRegulamentosCriarEditarExcluir@4c309d4d]" started-at="2020-12-08T20:55:47Z" name="login" finished-at="2020-12-08T20:55:54Z" duration-ms="6657" status="PASS">
          <reporter-output>
          </reporter-output>
        </test-method> <!-- login -->
        <test-method signature="acessarBRE()[pri:0, instance:com.timp.test.BRE.BREGerenciarRegulamentosCriarEditarExcluir@4c309d4d]" started-at="2020-12-08T20:55:54Z" name="acessarBRE" finished-at="2020-12-08T20:56:10Z" duration-ms="16344" status="PASS">
          <reporter-output>
          </reporter-output>
        </test-method> <!-- acessarBRE -->
        <test-method signature="criar()[pri:0, instance:com.timp.test.BRE.BREGerenciarRegulamentosCriarEditarExcluir@4c309d4d]" started-at="2020-12-08T20:56:10Z" name="criar" finished-at="2020-12-08T20:56:51Z" duration-ms="41309" status="PASS">
          <reporter-output>
          </reporter-output>
        </test-method> <!-- criar -->
        <test-method is-config="true" signature="afterClass()[pri:0, instance:com.timp.test.BRE.BREGerenciarRegulamentosCriarEditarExcluir@4c309d4d]" started-at="2020-12-08T20:56:51Z" name="afterClass" finished-at="2020-12-08T20:56:51Z" duration-ms="0" status="PASS">
          <reporter-output>
          </reporter-output>
        </test-method> <!-- afterClass -->
      </class> <!-- com.timp.test.BRE.BREGerenciarRegulamentosCriarEditarExcluir -->
    </test> <!-- Default test -->
  </suite> <!-- Default suite -->
</testng-results>
