<?xml version="1.0" encoding="UTF-8"?>
<testng-results total="3" passed="3" failed="0" skipped="0">
  <reporter-output>
  </reporter-output>
  <suite started-at="2020-12-07T16:30:36Z" name="Default suite" finished-at="2020-12-07T16:32:54Z" duration-ms="138066">
    <groups>
    </groups>
    <test started-at="2020-12-07T16:30:36Z" name="Default test" finished-at="2020-12-07T16:32:54Z" duration-ms="138066">
      <class name="com.timp.test.BRE.RegrasDeAuditoriaN3.ParametrosGerais.RegrasDeAuditoriaN3Editar">
        <test-method is-config="true" signature="beforeClass()[pri:0, instance:com.timp.test.BRE.RegrasDeAuditoriaN3.ParametrosGerais.RegrasDeAuditoriaN3Editar@6d4d66d2]" started-at="2020-12-07T13:30:36Z" name="beforeClass" finished-at="2020-12-07T13:30:51Z" duration-ms="14474" status="PASS">
          <reporter-output>
          </reporter-output>
        </test-method> <!-- beforeClass -->
        <test-method signature="login()[pri:0, instance:com.timp.test.BRE.RegrasDeAuditoriaN3.ParametrosGerais.RegrasDeAuditoriaN3Editar@6d4d66d2]" started-at="2020-12-07T13:30:51Z" name="login" finished-at="2020-12-07T13:30:59Z" duration-ms="7922" status="PASS">
          <reporter-output>
          </reporter-output>
        </test-method> <!-- login -->
        <test-method signature="acessarBRE()[pri:0, instance:com.timp.test.BRE.RegrasDeAuditoriaN3.ParametrosGerais.RegrasDeAuditoriaN3Editar@6d4d66d2]" started-at="2020-12-07T13:30:59Z" name="acessarBRE" finished-at="2020-12-07T13:31:16Z" duration-ms="17191" status="PASS">
          <reporter-output>
          </reporter-output>
        </test-method> <!-- acessarBRE -->
        <test-method signature="editar()[pri:0, instance:com.timp.test.BRE.RegrasDeAuditoriaN3.ParametrosGerais.RegrasDeAuditoriaN3Editar@6d4d66d2]" started-at="2020-12-07T13:31:16Z" name="editar" finished-at="2020-12-07T13:32:54Z" duration-ms="98462" status="PASS">
          <reporter-output>
          </reporter-output>
        </test-method> <!-- editar -->
        <test-method is-config="true" signature="afterClass()[pri:0, instance:com.timp.test.BRE.RegrasDeAuditoriaN3.ParametrosGerais.RegrasDeAuditoriaN3Editar@6d4d66d2]" started-at="2020-12-07T13:32:54Z" name="afterClass" finished-at="2020-12-07T13:32:54Z" duration-ms="1" status="PASS">
          <reporter-output>
          </reporter-output>
        </test-method> <!-- afterClass -->
      </class> <!-- com.timp.test.BRE.RegrasDeAuditoriaN3.ParametrosGerais.RegrasDeAuditoriaN3Editar -->
    </test> <!-- Default test -->
  </suite> <!-- Default suite -->
</testng-results>
