<?xml version="1.0" encoding="UTF-8"?>
<testng-results total="3" passed="3" failed="0" skipped="0">
  <reporter-output>
  </reporter-output>
  <suite started-at="2021-01-15T13:43:55Z" name="Default suite" finished-at="2021-01-15T13:46:46Z" duration-ms="170413">
    <groups>
    </groups>
    <test started-at="2021-01-15T13:43:55Z" name="Default test" finished-at="2021-01-15T13:46:46Z" duration-ms="170413">
      <class name="com.timp.test.BRE.RegrasdeAuditoriaN2.RegrasdeAuditoriaN2Correção">
        <test-method is-config="true" signature="beforeClass()[pri:0, instance:com.timp.test.BRE.RegrasdeAuditoriaN2.RegrasdeAuditoriaN2Correção@6f45df59]" started-at="2021-01-15T10:43:55Z" name="beforeClass" finished-at="2021-01-15T10:44:15Z" duration-ms="20035" status="PASS">
          <reporter-output>
          </reporter-output>
        </test-method> <!-- beforeClass -->
        <test-method signature="login()[pri:0, instance:com.timp.test.BRE.RegrasdeAuditoriaN2.RegrasdeAuditoriaN2Correção@6f45df59]" started-at="2021-01-15T10:44:15Z" name="login" finished-at="2021-01-15T10:44:25Z" duration-ms="9738" status="PASS">
          <reporter-output>
          </reporter-output>
        </test-method> <!-- login -->
        <test-method signature="acessarBRE()[pri:0, instance:com.timp.test.BRE.RegrasdeAuditoriaN2.RegrasdeAuditoriaN2Correção@6f45df59]" started-at="2021-01-15T10:44:25Z" name="acessarBRE" finished-at="2021-01-15T10:44:42Z" duration-ms="17314" status="PASS">
          <reporter-output>
          </reporter-output>
        </test-method> <!-- acessarBRE -->
        <test-method signature="editar()[pri:0, instance:com.timp.test.BRE.RegrasdeAuditoriaN2.RegrasdeAuditoriaN2Correção@6f45df59]" started-at="2021-01-15T10:44:42Z" name="editar" finished-at="2021-01-15T10:46:46Z" duration-ms="123295" status="PASS">
          <reporter-output>
          </reporter-output>
        </test-method> <!-- editar -->
        <test-method is-config="true" signature="afterClass()[pri:0, instance:com.timp.test.BRE.RegrasdeAuditoriaN2.RegrasdeAuditoriaN2Correção@6f45df59]" started-at="2021-01-15T10:46:46Z" name="afterClass" finished-at="2021-01-15T10:46:46Z" duration-ms="0" status="PASS">
          <reporter-output>
          </reporter-output>
        </test-method> <!-- afterClass -->
      </class> <!-- com.timp.test.BRE.RegrasdeAuditoriaN2.RegrasdeAuditoriaN2Correção -->
    </test> <!-- Default test -->
  </suite> <!-- Default suite -->
</testng-results>
