<?xml version="1.0" encoding="UTF-8"?>
<!-- Generated by org.testng.reporters.JUnitReportReporter -->
<testsuite hostname="DESKTOP-M23FVFN" failures="2" tests="19" name="com.timp.test.BCB.OrigemBCB.HierarquicaConfiguracao.OrigenBCBHierarquiaConfiguracaoTodasAsFuncionalidades" time="833.002" errors="0" timestamp="11 may. 2022 00:10:15 GMT" skipped="0">
  <testcase classname="com.timp.test.BCB.OrigemBCB.HierarquicaConfiguracao.OrigenBCBHierarquiaConfiguracaoTodasAsFuncionalidades" name="login" time="13.349"/>
  <testcase classname="com.timp.test.BCB.OrigemBCB.HierarquicaConfiguracao.OrigenBCBHierarquiaConfiguracaoTodasAsFuncionalidades" name="brbEntrar" time="27.604"/>
  <testcase classname="com.timp.test.BCB.OrigemBCB.HierarquicaConfiguracao.OrigenBCBHierarquiaConfiguracaoTodasAsFuncionalidades" name="criarConfiguracaoHierarquia" time="85.696"/>
  <testcase classname="com.timp.test.BCB.OrigemBCB.HierarquicaConfiguracao.OrigenBCBHierarquiaConfiguracaoTodasAsFuncionalidades" name="criarConfiguracionConfiguracao" time="118.777"/>
  <testcase classname="com.timp.test.BCB.OrigemBCB.HierarquicaConfiguracao.OrigenBCBHierarquiaConfiguracaoTodasAsFuncionalidades" name="criarConfiguracao" time="44.921"/>
  <testcase classname="com.timp.test.BCB.OrigemBCB.HierarquicaConfiguracao.OrigenBCBHierarquiaConfiguracaoTodasAsFuncionalidades" name="outputBCB" time="59.741"/>
  <testcase classname="com.timp.test.BCB.OrigemBCB.HierarquicaConfiguracao.OrigenBCBHierarquiaConfiguracaoTodasAsFuncionalidades" name="subNivel2" time="41.829"/>
  <testcase classname="com.timp.test.BCB.OrigemBCB.HierarquicaConfiguracao.OrigenBCBHierarquiaConfiguracaoTodasAsFuncionalidades" name="subNivel3" time="42.615"/>
  <testcase classname="com.timp.test.BCB.OrigemBCB.HierarquicaConfiguracao.OrigenBCBHierarquiaConfiguracaoTodasAsFuncionalidades" name="subNivel4" time="43.844"/>
  <testcase classname="com.timp.test.BCB.OrigemBCB.HierarquicaConfiguracao.OrigenBCBHierarquiaConfiguracaoTodasAsFuncionalidades" name="subNivel5" time="51.521"/>
  <testcase classname="com.timp.test.BCB.OrigemBCB.HierarquicaConfiguracao.OrigenBCBHierarquiaConfiguracaoTodasAsFuncionalidades" name="subNivel6Negativo" time="51.583"/>
  <testcase classname="com.timp.test.BCB.OrigemBCB.HierarquicaConfiguracao.OrigenBCBHierarquiaConfiguracaoTodasAsFuncionalidades" name="abrirSubnivel1" time="68.854"/>
  <testcase classname="com.timp.test.BCB.OrigemBCB.HierarquicaConfiguracao.OrigenBCBHierarquiaConfiguracaoTodasAsFuncionalidades" name="abrirSubnivel2" time="5.168"/>
  <testcase classname="com.timp.test.BCB.OrigemBCB.HierarquicaConfiguracao.OrigenBCBHierarquiaConfiguracaoTodasAsFuncionalidades" name="abrirSubnivel3" time="5.173">
    <failure message="Os Subniveis não foram adicinados com sucesso expected [true] but found [false]" type="java.lang.AssertionError">
      <![CDATA[java.lang.AssertionError: Os Subniveis não foram adicinados com sucesso expected [true] but found [false]
at org.testng.Assert.fail(Assert.java:96)
at org.testng.Assert.failNotEquals(Assert.java:776)
at org.testng.Assert.assertTrue(Assert.java:44)
at com.timp.test.BCB.OrigemBCB.HierarquicaConfiguracao.OrigenBCBHierarquiaConfiguracaoTodasAsFuncionalidades.abrirSubnivel3(OrigenBCBHierarquiaConfiguracaoTodasAsFuncionalidades.java:169)
at java.base/jdk.internal.reflect.NativeMethodAccessorImpl.invoke0(Native Method)
at java.base/jdk.internal.reflect.NativeMethodAccessorImpl.invoke(NativeMethodAccessorImpl.java:77)
at java.base/jdk.internal.reflect.DelegatingMethodAccessorImpl.invoke(DelegatingMethodAccessorImpl.java:43)
at java.base/java.lang.reflect.Method.invoke(Method.java:568)
at org.testng.internal.MethodInvocationHelper.invokeMethod(MethodInvocationHelper.java:124)
at org.testng.internal.Invoker.invokeMethod(Invoker.java:583)
at org.testng.internal.Invoker.invokeTestMethod(Invoker.java:719)
at org.testng.internal.Invoker.invokeTestMethods(Invoker.java:989)
at org.testng.internal.TestMethodWorker.invokeTestMethods(TestMethodWorker.java:125)
at org.testng.internal.TestMethodWorker.run(TestMethodWorker.java:109)
at org.testng.TestRunner.privateRun(TestRunner.java:648)
at org.testng.TestRunner.run(TestRunner.java:505)
at org.testng.SuiteRunner.runTest(SuiteRunner.java:455)
at org.testng.SuiteRunner.runSequentially(SuiteRunner.java:450)
at org.testng.SuiteRunner.privateRun(SuiteRunner.java:415)
at org.testng.SuiteRunner.run(SuiteRunner.java:364)
at org.testng.SuiteRunnerWorker.runSuite(SuiteRunnerWorker.java:52)
at org.testng.SuiteRunnerWorker.run(SuiteRunnerWorker.java:84)
at org.testng.TestNG.runSuitesSequentially(TestNG.java:1208)
at org.testng.TestNG.runSuitesLocally(TestNG.java:1137)
at org.testng.TestNG.runSuites(TestNG.java:1049)
at org.testng.TestNG.run(TestNG.java:1017)
at org.testng.remote.AbstractRemoteTestNG.run(AbstractRemoteTestNG.java:115)
at org.testng.remote.RemoteTestNG.initAndRun(RemoteTestNG.java:251)
at org.testng.remote.RemoteTestNG.main(RemoteTestNG.java:77)
]]>
    </failure>
  </testcase> <!-- abrirSubnivel3 -->
  <testcase classname="com.timp.test.BCB.OrigemBCB.HierarquicaConfiguracao.OrigenBCBHierarquiaConfiguracaoTodasAsFuncionalidades" name="abrirSubnivel4" time="5.164"/>
  <testcase classname="com.timp.test.BCB.OrigemBCB.HierarquicaConfiguracao.OrigenBCBHierarquiaConfiguracaoTodasAsFuncionalidades" name="abrirSubnivel5" time="5.202">
    <failure message="Os Subniveis não foram adicinados com sucesso expected [true] but found [false]" type="java.lang.AssertionError">
      <![CDATA[java.lang.AssertionError: Os Subniveis não foram adicinados com sucesso expected [true] but found [false]
at org.testng.Assert.fail(Assert.java:96)
at org.testng.Assert.failNotEquals(Assert.java:776)
at org.testng.Assert.assertTrue(Assert.java:44)
at com.timp.test.BCB.OrigemBCB.HierarquicaConfiguracao.OrigenBCBHierarquiaConfiguracaoTodasAsFuncionalidades.abrirSubnivel5(OrigenBCBHierarquiaConfiguracaoTodasAsFuncionalidades.java:189)
at java.base/jdk.internal.reflect.NativeMethodAccessorImpl.invoke0(Native Method)
at java.base/jdk.internal.reflect.NativeMethodAccessorImpl.invoke(NativeMethodAccessorImpl.java:77)
at java.base/jdk.internal.reflect.DelegatingMethodAccessorImpl.invoke(DelegatingMethodAccessorImpl.java:43)
at java.base/java.lang.reflect.Method.invoke(Method.java:568)
at org.testng.internal.MethodInvocationHelper.invokeMethod(MethodInvocationHelper.java:124)
at org.testng.internal.Invoker.invokeMethod(Invoker.java:583)
at org.testng.internal.Invoker.invokeTestMethod(Invoker.java:719)
at org.testng.internal.Invoker.invokeTestMethods(Invoker.java:989)
at org.testng.internal.TestMethodWorker.invokeTestMethods(TestMethodWorker.java:125)
at org.testng.internal.TestMethodWorker.run(TestMethodWorker.java:109)
at org.testng.TestRunner.privateRun(TestRunner.java:648)
at org.testng.TestRunner.run(TestRunner.java:505)
at org.testng.SuiteRunner.runTest(SuiteRunner.java:455)
at org.testng.SuiteRunner.runSequentially(SuiteRunner.java:450)
at org.testng.SuiteRunner.privateRun(SuiteRunner.java:415)
at org.testng.SuiteRunner.run(SuiteRunner.java:364)
at org.testng.SuiteRunnerWorker.runSuite(SuiteRunnerWorker.java:52)
at org.testng.SuiteRunnerWorker.run(SuiteRunnerWorker.java:84)
at org.testng.TestNG.runSuitesSequentially(TestNG.java:1208)
at org.testng.TestNG.runSuitesLocally(TestNG.java:1137)
at org.testng.TestNG.runSuites(TestNG.java:1049)
at org.testng.TestNG.run(TestNG.java:1017)
at org.testng.remote.AbstractRemoteTestNG.run(AbstractRemoteTestNG.java:115)
at org.testng.remote.RemoteTestNG.initAndRun(RemoteTestNG.java:251)
at org.testng.remote.RemoteTestNG.main(RemoteTestNG.java:77)
]]>
    </failure>
  </testcase> <!-- abrirSubnivel5 -->
  <testcase classname="com.timp.test.BCB.OrigemBCB.HierarquicaConfiguracao.OrigenBCBHierarquiaConfiguracaoTodasAsFuncionalidades" name="abrirSubnivel6" time="13.182"/>
  <testcase classname="com.timp.test.BCB.OrigemBCB.HierarquicaConfiguracao.OrigenBCBHierarquiaConfiguracaoTodasAsFuncionalidades" name="excluirConfiguracoes" time="71.869"/>
  <testcase classname="com.timp.test.BCB.OrigemBCB.HierarquicaConfiguracao.OrigenBCBHierarquiaConfiguracaoTodasAsFuncionalidades" name="excluirHierarquia" time="76.910"/>
</testsuite> <!-- com.timp.test.BCB.OrigemBCB.HierarquicaConfiguracao.OrigenBCBHierarquiaConfiguracaoTodasAsFuncionalidades -->
