<?xml version="1.0" encoding="UTF-8"?>
<!-- Generated by org.testng.reporters.JUnitReportReporter -->
<testsuite hostname="DESKTOP-M23FVFN" failures="2" tests="19" name="com.timp.test.BCB.OrigemBCB.HierarquicaConfiguracao.OrigenBCBHierarquiaConfiguracaoTodasAsFuncionalidades" time="842.011" errors="0" timestamp="2022-08-12T11:36:20 CST" skipped="0">
  <testcase classname="com.timp.test.BCB.OrigemBCB.HierarquicaConfiguracao.OrigenBCBHierarquiaConfiguracaoTodasAsFuncionalidades" name="login" time="10.377"/>
  <system-out/>
  <testcase classname="com.timp.test.BCB.OrigemBCB.HierarquicaConfiguracao.OrigenBCBHierarquiaConfiguracaoTodasAsFuncionalidades" name="brbEntrar" time="25.743"/>
  <system-out/>
  <testcase classname="com.timp.test.BCB.OrigemBCB.HierarquicaConfiguracao.OrigenBCBHierarquiaConfiguracaoTodasAsFuncionalidades" name="criarConfiguracaoHierarquia" time="89.827"/>
  <system-out/>
  <testcase classname="com.timp.test.BCB.OrigemBCB.HierarquicaConfiguracao.OrigenBCBHierarquiaConfiguracaoTodasAsFuncionalidades" name="criarConfiguracionConfiguracao" time="125.241"/>
  <system-out/>
  <testcase classname="com.timp.test.BCB.OrigemBCB.HierarquicaConfiguracao.OrigenBCBHierarquiaConfiguracaoTodasAsFuncionalidades" name="criarConfiguracao" time="44.500"/>
  <system-out/>
  <testcase classname="com.timp.test.BCB.OrigemBCB.HierarquicaConfiguracao.OrigenBCBHierarquiaConfiguracaoTodasAsFuncionalidades" name="outputBCB" time="57.600"/>
  <system-out/>
  <testcase classname="com.timp.test.BCB.OrigemBCB.HierarquicaConfiguracao.OrigenBCBHierarquiaConfiguracaoTodasAsFuncionalidades" name="subNivel2" time="39.771"/>
  <system-out/>
  <testcase classname="com.timp.test.BCB.OrigemBCB.HierarquicaConfiguracao.OrigenBCBHierarquiaConfiguracaoTodasAsFuncionalidades" name="subNivel3" time="41.288"/>
  <system-out/>
  <testcase classname="com.timp.test.BCB.OrigemBCB.HierarquicaConfiguracao.OrigenBCBHierarquiaConfiguracaoTodasAsFuncionalidades" name="subNivel4" time="42.829"/>
  <system-out/>
  <testcase classname="com.timp.test.BCB.OrigemBCB.HierarquicaConfiguracao.OrigenBCBHierarquiaConfiguracaoTodasAsFuncionalidades" name="subNivel5" time="48.840"/>
  <system-out/>
  <testcase classname="com.timp.test.BCB.OrigemBCB.HierarquicaConfiguracao.OrigenBCBHierarquiaConfiguracaoTodasAsFuncionalidades" name="subNivel6Negativo" time="49.099"/>
  <system-out/>
  <testcase classname="com.timp.test.BCB.OrigemBCB.HierarquicaConfiguracao.OrigenBCBHierarquiaConfiguracaoTodasAsFuncionalidades" name="abrirSubnivel1" time="78.823"/>
  <system-out/>
  <testcase classname="com.timp.test.BCB.OrigemBCB.HierarquicaConfiguracao.OrigenBCBHierarquiaConfiguracaoTodasAsFuncionalidades" name="abrirSubnivel2" time="5.224"/>
  <system-out/>
  <testcase classname="com.timp.test.BCB.OrigemBCB.HierarquicaConfiguracao.OrigenBCBHierarquiaConfiguracaoTodasAsFuncionalidades" name="abrirSubnivel3" time="5.190">
    <failure message="Os Subniveis não foram adicinados com sucesso expected [true] but found [false]" type="java.lang.AssertionError">
      <![CDATA[java.lang.AssertionError: Os Subniveis não foram adicinados com sucesso expected [true] but found [false]
at org.testng.Assert.fail(Assert.java:110)
at org.testng.Assert.failNotEquals(Assert.java:1413)
at org.testng.Assert.assertTrue(Assert.java:56)
at com.timp.test.BCB.OrigemBCB.HierarquicaConfiguracao.OrigenBCBHierarquiaConfiguracaoTodasAsFuncionalidades.abrirSubnivel3(OrigenBCBHierarquiaConfiguracaoTodasAsFuncionalidades.java:169)
at java.base/jdk.internal.reflect.NativeMethodAccessorImpl.invoke0(Native Method)
at java.base/jdk.internal.reflect.NativeMethodAccessorImpl.invoke(NativeMethodAccessorImpl.java:77)
at java.base/jdk.internal.reflect.DelegatingMethodAccessorImpl.invoke(DelegatingMethodAccessorImpl.java:43)
at java.base/java.lang.reflect.Method.invoke(Method.java:568)
at org.testng.internal.invokers.MethodInvocationHelper.invokeMethod(MethodInvocationHelper.java:135)
at org.testng.internal.invokers.TestInvoker.invokeMethod(TestInvoker.java:673)
at org.testng.internal.invokers.TestInvoker.invokeTestMethod(TestInvoker.java:220)
at org.testng.internal.invokers.MethodRunner.runInSequence(MethodRunner.java:50)
at org.testng.internal.invokers.TestInvoker$MethodInvocationAgent.invoke(TestInvoker.java:945)
at org.testng.internal.invokers.TestInvoker.invokeTestMethods(TestInvoker.java:193)
at org.testng.internal.invokers.TestMethodWorker.invokeTestMethods(TestMethodWorker.java:146)
at org.testng.internal.invokers.TestMethodWorker.run(TestMethodWorker.java:128)
at java.base/java.util.ArrayList.forEach(ArrayList.java:1511)
at org.testng.TestRunner.privateRun(TestRunner.java:808)
at org.testng.TestRunner.run(TestRunner.java:603)
at org.testng.SuiteRunner.runTest(SuiteRunner.java:429)
at org.testng.SuiteRunner.runSequentially(SuiteRunner.java:423)
at org.testng.SuiteRunner.privateRun(SuiteRunner.java:383)
at org.testng.SuiteRunner.run(SuiteRunner.java:326)
at org.testng.SuiteRunnerWorker.runSuite(SuiteRunnerWorker.java:52)
at org.testng.SuiteRunnerWorker.run(SuiteRunnerWorker.java:95)
at org.testng.TestNG.runSuitesSequentially(TestNG.java:1249)
at org.testng.TestNG.runSuitesLocally(TestNG.java:1169)
at org.testng.TestNG.runSuites(TestNG.java:1092)
at org.testng.TestNG.run(TestNG.java:1060)
at org.testng.remote.AbstractRemoteTestNG.run(AbstractRemoteTestNG.java:115)
at org.testng.remote.RemoteTestNG.initAndRun(RemoteTestNG.java:251)
at org.testng.remote.RemoteTestNG.main(RemoteTestNG.java:77)
]]>
    </failure>
  </testcase> <!-- abrirSubnivel3 -->
  <system-out/>
  <testcase classname="com.timp.test.BCB.OrigemBCB.HierarquicaConfiguracao.OrigenBCBHierarquiaConfiguracaoTodasAsFuncionalidades" name="abrirSubnivel4" time="5.145"/>
  <system-out/>
  <testcase classname="com.timp.test.BCB.OrigemBCB.HierarquicaConfiguracao.OrigenBCBHierarquiaConfiguracaoTodasAsFuncionalidades" name="abrirSubnivel5" time="5.188">
    <failure message="Os Subniveis não foram adicinados com sucesso expected [true] but found [false]" type="java.lang.AssertionError">
      <![CDATA[java.lang.AssertionError: Os Subniveis não foram adicinados com sucesso expected [true] but found [false]
at org.testng.Assert.fail(Assert.java:110)
at org.testng.Assert.failNotEquals(Assert.java:1413)
at org.testng.Assert.assertTrue(Assert.java:56)
at com.timp.test.BCB.OrigemBCB.HierarquicaConfiguracao.OrigenBCBHierarquiaConfiguracaoTodasAsFuncionalidades.abrirSubnivel5(OrigenBCBHierarquiaConfiguracaoTodasAsFuncionalidades.java:189)
at java.base/jdk.internal.reflect.NativeMethodAccessorImpl.invoke0(Native Method)
at java.base/jdk.internal.reflect.NativeMethodAccessorImpl.invoke(NativeMethodAccessorImpl.java:77)
at java.base/jdk.internal.reflect.DelegatingMethodAccessorImpl.invoke(DelegatingMethodAccessorImpl.java:43)
at java.base/java.lang.reflect.Method.invoke(Method.java:568)
at org.testng.internal.invokers.MethodInvocationHelper.invokeMethod(MethodInvocationHelper.java:135)
at org.testng.internal.invokers.TestInvoker.invokeMethod(TestInvoker.java:673)
at org.testng.internal.invokers.TestInvoker.invokeTestMethod(TestInvoker.java:220)
at org.testng.internal.invokers.MethodRunner.runInSequence(MethodRunner.java:50)
at org.testng.internal.invokers.TestInvoker$MethodInvocationAgent.invoke(TestInvoker.java:945)
at org.testng.internal.invokers.TestInvoker.invokeTestMethods(TestInvoker.java:193)
at org.testng.internal.invokers.TestMethodWorker.invokeTestMethods(TestMethodWorker.java:146)
at org.testng.internal.invokers.TestMethodWorker.run(TestMethodWorker.java:128)
at java.base/java.util.ArrayList.forEach(ArrayList.java:1511)
at org.testng.TestRunner.privateRun(TestRunner.java:808)
at org.testng.TestRunner.run(TestRunner.java:603)
at org.testng.SuiteRunner.runTest(SuiteRunner.java:429)
at org.testng.SuiteRunner.runSequentially(SuiteRunner.java:423)
at org.testng.SuiteRunner.privateRun(SuiteRunner.java:383)
at org.testng.SuiteRunner.run(SuiteRunner.java:326)
at org.testng.SuiteRunnerWorker.runSuite(SuiteRunnerWorker.java:52)
at org.testng.SuiteRunnerWorker.run(SuiteRunnerWorker.java:95)
at org.testng.TestNG.runSuitesSequentially(TestNG.java:1249)
at org.testng.TestNG.runSuitesLocally(TestNG.java:1169)
at org.testng.TestNG.runSuites(TestNG.java:1092)
at org.testng.TestNG.run(TestNG.java:1060)
at org.testng.remote.AbstractRemoteTestNG.run(AbstractRemoteTestNG.java:115)
at org.testng.remote.RemoteTestNG.initAndRun(RemoteTestNG.java:251)
at org.testng.remote.RemoteTestNG.main(RemoteTestNG.java:77)
]]>
    </failure>
  </testcase> <!-- abrirSubnivel5 -->
  <system-out/>
  <testcase classname="com.timp.test.BCB.OrigemBCB.HierarquicaConfiguracao.OrigenBCBHierarquiaConfiguracaoTodasAsFuncionalidades" name="abrirSubnivel6" time="13.211"/>
  <system-out/>
  <testcase classname="com.timp.test.BCB.OrigemBCB.HierarquicaConfiguracao.OrigenBCBHierarquiaConfiguracaoTodasAsFuncionalidades" name="excluirConfiguracoes" time="75.764"/>
  <system-out/>
  <testcase classname="com.timp.test.BCB.OrigemBCB.HierarquicaConfiguracao.OrigenBCBHierarquiaConfiguracaoTodasAsFuncionalidades" name="excluirHierarquia" time="78.351"/>
  <system-out/>
</testsuite> <!-- com.timp.test.BCB.OrigemBCB.HierarquicaConfiguracao.OrigenBCBHierarquiaConfiguracaoTodasAsFuncionalidades -->
